38.0 APEX_CODE,FINEST;APEX_PROFILING,INFO;CALLOUT,INFO;DB,INFO;SYSTEM,DEBUG;VALIDATION,INFO;VISUALFORCE,INFO;WAVE,INFO;WORKFLOW,INFO
16:21:34.0 (57302)|USER_INFO|[EXTERNAL]|0056F000006PtYl|gwadmin@gw.jp.kddi|日本標準時|GMT+09:00
16:21:34.0 (92578)|EXECUTION_STARTED
16:21:34.0 (96156)|CODE_UNIT_STARTED|[EXTERNAL]|0666F000006TarA|VF: /apex/auSwitchScreenPage
16:21:34.0 (15409284)|SYSTEM_MODE_ENTER|true
16:21:34.0 (15703056)|VARIABLE_SCOPE_BEGIN|[7]|auMainTopCompCtrl.TYPE_SCREEN_CX_SCREEN|Integer|false|true
16:21:34.0 (15714801)|VARIABLE_SCOPE_BEGIN|[8]|auMainTopCompCtrl.TYPE_SCREEN_CX_TIMELINE|Integer|false|true
16:21:34.0 (15721781)|VARIABLE_SCOPE_BEGIN|[9]|auMainTopCompCtrl.TYPE_SCREEN_EVENT_SCHEDULE|Integer|false|true
16:21:34.0 (15728585)|VARIABLE_SCOPE_BEGIN|[10]|auMainTopCompCtrl.TYPE_SCREEN_EVENT_SCHEDULE_LIST|Integer|false|true
16:21:34.0 (15735072)|VARIABLE_SCOPE_BEGIN|[11]|auMainTopCompCtrl.TYPE_SCREEN_KNOWLEDGE_DASHBOARD|Integer|false|true
16:21:34.0 (15741400)|VARIABLE_SCOPE_BEGIN|[12]|auMainTopCompCtrl.TYPE_SCREEN_KNOWLEDGE_LIST|Integer|false|true
16:21:34.0 (15747483)|VARIABLE_SCOPE_BEGIN|[15]|auMainTopCompCtrl.TYPE_SCREEN_SA_CHATTER|Integer|false|true
16:21:34.0 (15753353)|VARIABLE_SCOPE_BEGIN|[16]|auMainTopCompCtrl.TYPE_SCREEN_SA_DAILYREPORT|Integer|false|true
16:21:34.0 (15759423)|VARIABLE_SCOPE_BEGIN|[22]|auMainTopCompCtrl.TYPE_SCREEN_SA_DAILYREPORTLIST|Integer|false|true
16:21:34.0 (15765850)|VARIABLE_SCOPE_BEGIN|[18]|auMainTopCompCtrl.TYPE_SCREEN_SA_DOCUMENTS|Integer|false|true
16:21:34.0 (15771888)|VARIABLE_SCOPE_BEGIN|[17]|auMainTopCompCtrl.TYPE_SCREEN_SA_ENQUETE|Integer|false|true
16:21:34.0 (15777844)|VARIABLE_SCOPE_BEGIN|[20]|auMainTopCompCtrl.TYPE_SCREEN_SA_LINKS|Integer|false|true
16:21:34.0 (15784146)|VARIABLE_SCOPE_BEGIN|[13]|auMainTopCompCtrl.TYPE_SCREEN_SA_MESSAGES|Integer|false|true
16:21:34.0 (15790239)|VARIABLE_SCOPE_BEGIN|[19]|auMainTopCompCtrl.TYPE_SCREEN_SA_RANKING|Integer|false|true
16:21:34.0 (15796171)|VARIABLE_SCOPE_BEGIN|[14]|auMainTopCompCtrl.TYPE_SCREEN_SA_REPORTS|Integer|false|true
16:21:34.0 (15802381)|VARIABLE_SCOPE_BEGIN|[21]|auMainTopCompCtrl.TYPE_SCREEN_SA_USRSETTINGS|Integer|false|true
16:21:34.0 (15808666)|VARIABLE_SCOPE_BEGIN|[4]|auMainTopCompCtrl.TYPE_SCREEN_STPD_EVENT|Integer|false|true
16:21:34.0 (15814965)|VARIABLE_SCOPE_BEGIN|[6]|auMainTopCompCtrl.TYPE_SCREEN_STPD_SCREEN|Integer|false|true
16:21:34.0 (15821241)|VARIABLE_SCOPE_BEGIN|[5]|auMainTopCompCtrl.TYPE_SCREEN_STPD_TIMELINE|Integer|false|true
16:21:34.0 (15827715)|VARIABLE_SCOPE_BEGIN|[3]|auMainTopCompCtrl.TYPE_SCREEN_SWITCH|Integer|false|true
16:21:34.0 (15933147)|HEAP_ALLOCATE|[72]|Bytes:3
16:21:34.0 (15981622)|HEAP_ALLOCATE|[77]|Bytes:152
16:21:34.0 (15992906)|HEAP_ALLOCATE|[342]|Bytes:408
16:21:34.0 (16003882)|HEAP_ALLOCATE|[355]|Bytes:408
16:21:34.0 (16015838)|HEAP_ALLOCATE|[467]|Bytes:48
16:21:34.0 (16039263)|HEAP_ALLOCATE|[139]|Bytes:6
16:21:34.0 (16052189)|HEAP_ALLOCATE|[EXTERNAL]|Bytes:288
16:21:34.0 (16082131)|HEAP_ALLOCATE|[EXTERNAL]|Bytes:114
16:21:34.0 (16102639)|METHOD_ENTRY|[1]|01p6F0000084OtI|auMainTopCompCtrl.auMainTopCompCtrl()
16:21:34.0 (16108739)|STATEMENT_EXECUTE|[1]
16:21:34.0 (16112934)|STATEMENT_EXECUTE|[1]
16:21:34.0 (16114306)|STATEMENT_EXECUTE|[3]
16:21:34.0 (16120303)|HEAP_ALLOCATE|[3]|Bytes:4
16:21:34.0 (16143970)|VARIABLE_ASSIGNMENT|[3]|auMainTopCompCtrl.TYPE_SCREEN_SWITCH|0
16:21:34.0 (16148960)|STATEMENT_EXECUTE|[4]
16:21:34.0 (16151622)|HEAP_ALLOCATE|[4]|Bytes:4
16:21:34.0 (16158257)|VARIABLE_ASSIGNMENT|[4]|auMainTopCompCtrl.TYPE_SCREEN_STPD_EVENT|11
16:21:34.0 (16161889)|STATEMENT_EXECUTE|[5]
16:21:34.0 (16163898)|HEAP_ALLOCATE|[5]|Bytes:4
16:21:34.0 (16169356)|VARIABLE_ASSIGNMENT|[5]|auMainTopCompCtrl.TYPE_SCREEN_STPD_TIMELINE|12
16:21:34.0 (16173014)|STATEMENT_EXECUTE|[6]
16:21:34.0 (16174910)|HEAP_ALLOCATE|[6]|Bytes:4
16:21:34.0 (16180348)|VARIABLE_ASSIGNMENT|[6]|auMainTopCompCtrl.TYPE_SCREEN_STPD_SCREEN|13
16:21:34.0 (16183567)|STATEMENT_EXECUTE|[7]
16:21:34.0 (16185783)|HEAP_ALLOCATE|[7]|Bytes:4
16:21:34.0 (16190585)|VARIABLE_ASSIGNMENT|[7]|auMainTopCompCtrl.TYPE_SCREEN_CX_SCREEN|21
16:21:34.0 (16194055)|STATEMENT_EXECUTE|[8]
16:21:34.0 (16195920)|HEAP_ALLOCATE|[8]|Bytes:4
16:21:34.0 (16200634)|VARIABLE_ASSIGNMENT|[8]|auMainTopCompCtrl.TYPE_SCREEN_CX_TIMELINE|22
16:21:34.0 (16204317)|STATEMENT_EXECUTE|[9]
16:21:34.0 (16206202)|HEAP_ALLOCATE|[9]|Bytes:4
16:21:34.0 (16210906)|VARIABLE_ASSIGNMENT|[9]|auMainTopCompCtrl.TYPE_SCREEN_EVENT_SCHEDULE|31
16:21:34.0 (16214526)|STATEMENT_EXECUTE|[10]
16:21:34.0 (16216503)|HEAP_ALLOCATE|[10]|Bytes:4
16:21:34.0 (16221358)|VARIABLE_ASSIGNMENT|[10]|auMainTopCompCtrl.TYPE_SCREEN_EVENT_SCHEDULE_LIST|32
16:21:34.0 (16224664)|STATEMENT_EXECUTE|[11]
16:21:34.0 (16226640)|HEAP_ALLOCATE|[11]|Bytes:4
16:21:34.0 (16231083)|VARIABLE_ASSIGNMENT|[11]|auMainTopCompCtrl.TYPE_SCREEN_KNOWLEDGE_DASHBOARD|41
16:21:34.0 (16234542)|STATEMENT_EXECUTE|[12]
16:21:34.0 (16236205)|HEAP_ALLOCATE|[12]|Bytes:4
16:21:34.0 (16241107)|VARIABLE_ASSIGNMENT|[12]|auMainTopCompCtrl.TYPE_SCREEN_KNOWLEDGE_LIST|42
16:21:34.0 (16244343)|STATEMENT_EXECUTE|[13]
16:21:34.0 (16246457)|HEAP_ALLOCATE|[13]|Bytes:4
16:21:34.0 (16251456)|VARIABLE_ASSIGNMENT|[13]|auMainTopCompCtrl.TYPE_SCREEN_SA_MESSAGES|51
16:21:34.0 (16254616)|STATEMENT_EXECUTE|[14]
16:21:34.0 (16256438)|HEAP_ALLOCATE|[14]|Bytes:4
16:21:34.0 (16261241)|VARIABLE_ASSIGNMENT|[14]|auMainTopCompCtrl.TYPE_SCREEN_SA_REPORTS|52
16:21:34.0 (16264149)|STATEMENT_EXECUTE|[15]
16:21:34.0 (16266019)|HEAP_ALLOCATE|[15]|Bytes:4
16:21:34.0 (16270729)|VARIABLE_ASSIGNMENT|[15]|auMainTopCompCtrl.TYPE_SCREEN_SA_CHATTER|53
16:21:34.0 (16274416)|STATEMENT_EXECUTE|[16]
16:21:34.0 (16276310)|HEAP_ALLOCATE|[16]|Bytes:4
16:21:34.0 (16280885)|VARIABLE_ASSIGNMENT|[16]|auMainTopCompCtrl.TYPE_SCREEN_SA_DAILYREPORT|54
16:21:34.0 (16283883)|STATEMENT_EXECUTE|[17]
16:21:34.0 (16285712)|HEAP_ALLOCATE|[17]|Bytes:4
16:21:34.0 (16290273)|VARIABLE_ASSIGNMENT|[17]|auMainTopCompCtrl.TYPE_SCREEN_SA_ENQUETE|55
16:21:34.0 (16293249)|STATEMENT_EXECUTE|[18]
16:21:34.0 (16294989)|HEAP_ALLOCATE|[18]|Bytes:4
16:21:34.0 (16299636)|VARIABLE_ASSIGNMENT|[18]|auMainTopCompCtrl.TYPE_SCREEN_SA_DOCUMENTS|56
16:21:34.0 (16302919)|STATEMENT_EXECUTE|[19]
16:21:34.0 (16304681)|HEAP_ALLOCATE|[19]|Bytes:4
16:21:34.0 (16309528)|VARIABLE_ASSIGNMENT|[19]|auMainTopCompCtrl.TYPE_SCREEN_SA_RANKING|57
16:21:34.0 (16313081)|STATEMENT_EXECUTE|[20]
16:21:34.0 (16314906)|HEAP_ALLOCATE|[20]|Bytes:4
16:21:34.0 (16319723)|VARIABLE_ASSIGNMENT|[20]|auMainTopCompCtrl.TYPE_SCREEN_SA_LINKS|58
16:21:34.0 (16322685)|STATEMENT_EXECUTE|[21]
16:21:34.0 (16324449)|HEAP_ALLOCATE|[21]|Bytes:4
16:21:34.0 (16329426)|VARIABLE_ASSIGNMENT|[21]|auMainTopCompCtrl.TYPE_SCREEN_SA_USRSETTINGS|59
16:21:34.0 (16332335)|STATEMENT_EXECUTE|[22]
16:21:34.0 (16334165)|HEAP_ALLOCATE|[22]|Bytes:4
16:21:34.0 (16343170)|VARIABLE_ASSIGNMENT|[22]|auMainTopCompCtrl.TYPE_SCREEN_SA_DAILYREPORTLIST|60
16:21:34.0 (16360645)|METHOD_EXIT|[1]|auMainTopCompCtrl
16:21:34.0 (16414774)|HEAP_ALLOCATE|[EXTERNAL]|Bytes:40
16:21:34.0 (16423163)|VARIABLE_SCOPE_BEGIN|[41]|this|auMainTopCompCtrl|true|false
16:21:34.0 (16476917)|VARIABLE_ASSIGNMENT|[41]|this|{}|0x9cb70fa
16:21:34.0 (16485928)|STATEMENT_EXECUTE|[1]
16:21:34.0 (16490108)|STATEMENT_EXECUTE|[24]
16:21:34.0 (16491653)|STATEMENT_EXECUTE|[25]
16:21:34.0 (16492791)|STATEMENT_EXECUTE|[26]
16:21:34.0 (16493947)|STATEMENT_EXECUTE|[29]
16:21:34.0 (16495107)|STATEMENT_EXECUTE|[30]
16:21:34.0 (16496251)|STATEMENT_EXECUTE|[31]
16:21:34.0 (16497380)|STATEMENT_EXECUTE|[33]
16:21:34.0 (16498543)|STATEMENT_EXECUTE|[34]
16:21:34.0 (16501796)|STATEMENT_EXECUTE|[36]
16:21:34.0 (16508407)|HEAP_ALLOCATE|[42]|Bytes:6
16:21:34.0 (16559701)|STATEMENT_EXECUTE|[41]
16:21:34.0 (16561377)|STATEMENT_EXECUTE|[42]
16:21:34.0 (16663809)|VARIABLE_ASSIGNMENT|[EXTERNAL]|this|{}|0x9cb70fa
16:21:34.0 (16674837)|VARIABLE_ASSIGNMENT|[EXTERNAL]|value|0
16:21:34.0 (16680718)|HEAP_ALLOCATE|[29]|Bytes:4
16:21:34.0 (16689443)|VARIABLE_ASSIGNMENT|[29]|this.iTypeOfScreen|0|0x9cb70fa
16:21:34.0 (16698838)|STATEMENT_EXECUTE|[44]
16:21:34.0 (17881053)|HEAP_ALLOCATE|[44]|Bytes:128
16:21:34.0 (17977381)|VARIABLE_ASSIGNMENT|[EXTERNAL]|this|{"iTypeOfScreen":0}|0x9cb70fa
16:21:34.0 (17991039)|VARIABLE_ASSIGNMENT|[EXTERNAL]|value|"https://au-portal.li (90 more) ..."
16:21:34.0 (18003484)|VARIABLE_ASSIGNMENT|[34]|this.urlReportsSFA|"https://au-portal.li (90 more) ..."|0x9cb70fa
16:21:34.0 (18013052)|STATEMENT_EXECUTE|[46]
16:21:34.0 (18016614)|HEAP_ALLOCATE|[46]|Bytes:173
16:21:34.0 (18032766)|HEAP_ALLOCATE|[46]|Bytes:4
16:21:34.0 (18042418)|HEAP_ALLOCATE|[46]|Bytes:7
16:21:34.0 (18074960)|HEAP_ALLOCATE|[50]|Bytes:85
16:21:34.0 (18083513)|SYSTEM_METHOD_ENTRY|[1]|UserInfo.UserInfo()
16:21:34.0 (18087852)|STATEMENT_EXECUTE|[1]
16:21:34.0 (18093782)|SYSTEM_METHOD_EXIT|[1]|UserInfo
16:21:34.0 (18104348)|METHOD_ENTRY|[50]||System.UserInfo.getUserId()
16:21:34.0 (18169907)|METHOD_EXIT|[50]||System.UserInfo.getUserId()
16:21:34.0 (20236863)|SOQL_EXECUTE_BEGIN|[46]|Aggregations:0|SELECT SmallPhotoUrl, Account.Name, Account.RegionalOfficeId__r.RegionalOfficeName__c, Account.BranchId__r.BranchName__c, Name, Department FROM User WHERE User.ID = :tmpVar1
16:21:34.0 (24546822)|SOQL_EXECUTE_END|[46]|Rows:1
16:21:34.0 (24568291)|HEAP_ALLOCATE|[46]|Bytes:8
16:21:34.0 (24587695)|HEAP_ALLOCATE|[46]|Bytes:81
16:21:34.0 (24658716)|HEAP_ALLOCATE|[46]|Bytes:8
16:21:34.0 (24671357)|HEAP_ALLOCATE|[46]|Bytes:30
16:21:34.0 (24711015)|HEAP_ALLOCATE|[46]|Bytes:16
16:21:34.0 (24764408)|VARIABLE_ASSIGNMENT|[EXTERNAL]|this|{"iTypeOfScreen":0,"urlReportsSFA":"https://au-portal.li (90 more) ..."}|0x9cb70fa
16:21:34.0 (24781678)|VARIABLE_ASSIGNMENT|[EXTERNAL]|value|{"SmallPhotoUrl":"/profilephoto/005/T","Name":"GW Admin","Id":"0056F000006PtYlQAK"}|0x5870fb54
16:21:34.0 (24795389)|VARIABLE_ASSIGNMENT|[33]|this.currentUser|{"SmallPhotoUrl":"/profilephoto/005/T","Name":"GW Admin","Id":"0056F000006PtYlQAK"}|0x9cb70fa
16:21:34.0 (35277077)|SYSTEM_MODE_ENTER|true
16:21:34.0 (35352830)|HEAP_ALLOCATE|[EXTERNAL]|Bytes:136
16:21:34.0 (35361948)|HEAP_ALLOCATE|[EXTERNAL]|Bytes:10
16:21:34.0 (35371688)|METHOD_ENTRY|[1]|01p6F0000084OtZ|auSwitchScreenCtrl.auSwitchScreenCtrl()
16:21:34.0 (35378274)|STATEMENT_EXECUTE|[1]
16:21:34.0 (35382809)|STATEMENT_EXECUTE|[1]
16:21:34.0 (35393766)|SYSTEM_MODE_ENTER|false
16:21:34.0 (35402945)|HEAP_ALLOCATE|[EXTERNAL]|Bytes:5
16:21:34.0 (35409573)|SYSTEM_MODE_EXIT|false
16:21:34.0 (35417950)|METHOD_EXIT|[1]|auSwitchScreenCtrl
16:21:34.0 (35430260)|HEAP_ALLOCATE|[EXTERNAL]|Bytes:12
16:21:34.0 (35437849)|VARIABLE_SCOPE_BEGIN|[9]|this|auSwitchScreenCtrl|true|false
16:21:34.0 (35471454)|VARIABLE_ASSIGNMENT|[9]|this|{}|0xb46b2a1
16:21:34.0 (35485338)|SYSTEM_MODE_ENTER|false
16:21:34.0 (35490439)|HEAP_ALLOCATE|[11]|Bytes:5
16:21:34.0 (35494573)|STATEMENT_EXECUTE|[1]
16:21:34.0 (35498499)|HEAP_ALLOCATE|[11]|Bytes:5
16:21:34.0 (35501229)|STATEMENT_EXECUTE|[3]
16:21:34.0 (35503023)|STATEMENT_EXECUTE|[4]
16:21:34.0 (35523714)|STATEMENT_EXECUTE|[9]
16:21:34.0 (35525432)|STATEMENT_EXECUTE|[11]
16:21:34.0 (35528318)|HEAP_ALLOCATE|[11]|Bytes:54
16:21:34.0 (35541754)|HEAP_ALLOCATE|[11]|Bytes:4
16:21:34.0 (35555438)|METHOD_ENTRY|[13]||System.UserInfo.getUserId()
16:21:34.0 (35595265)|METHOD_EXIT|[13]||System.UserInfo.getUserId()
16:21:34.0 (36318721)|SOQL_EXECUTE_BEGIN|[11]|Aggregations:0|SELECT Profile.Name FROM User WHERE User.ID = :tmpVar1
16:21:34.0 (40536729)|SOQL_EXECUTE_END|[11]|Rows:1
16:21:34.0 (40555192)|HEAP_ALLOCATE|[11]|Bytes:8
16:21:34.0 (40569185)|HEAP_ALLOCATE|[11]|Bytes:127
16:21:34.0 (40595589)|HEAP_ALLOCATE|[11]|Bytes:8
16:21:34.0 (40613816)|HEAP_ALLOCATE|[11]|Bytes:16
16:21:34.0 (40620531)|VARIABLE_SCOPE_BEGIN|[11]|currentUser|User|true|false
16:21:34.0 (40643236)|VARIABLE_ASSIGNMENT|[11]|currentUser|{"ProfileId":"00e6F000002RS1oQAG","Id":"0056F000006PtYlQAK","Profile":{"Name":"System Administrator","Id":"00e6F000002RS1oQAG"}}|0x1b459e28
16:21:34.0 (40650603)|STATEMENT_EXECUTE|[15]
16:21:34.0 (40873010)|VARIABLE_SCOPE_BEGIN|[52]|auConstantCmn.ACCOUNT_CHANNEL_DAIRITEN|String|false|true
16:21:34.0 (40883218)|VARIABLE_SCOPE_BEGIN|[50]|auConstantCmn.ACCOUNT_CHANNEL_SHOP|String|false|true
16:21:34.0 (40889765)|VARIABLE_SCOPE_BEGIN|[51]|auConstantCmn.ACCOUNT_CHANNEL_UNEIHOJIN|String|false|true
16:21:34.0 (40895920)|VARIABLE_SCOPE_BEGIN|[103]|auConstantCmn.CX_KNOWLEDGE_SHARING_NATIONAL|String|false|true
16:21:34.0 (40902365)|VARIABLE_SCOPE_BEGIN|[102]|auConstantCmn.CX_KNOWLEDGE_SHARING_REGIONAL_OFFICE|String|false|true
16:21:34.0 (40908793)|VARIABLE_SCOPE_BEGIN|[108]|auConstantCmn.CX_KNOWLEDGE_STATUS_APPROVED|String|false|true
16:21:34.0 (40914981)|VARIABLE_SCOPE_BEGIN|[109]|auConstantCmn.CX_KNOWLEDGE_STATUS_NATIONAL_APPROVED|String|false|true
16:21:34.0 (40921388)|VARIABLE_SCOPE_BEGIN|[110]|auConstantCmn.CX_KNOWLEDGE_STATUS_REJECTED|String|false|true
16:21:34.0 (40927237)|VARIABLE_SCOPE_BEGIN|[107]|auConstantCmn.CX_KNOWLEDGE_STATUS_SAVED|String|false|true
16:21:34.0 (40933235)|VARIABLE_SCOPE_BEGIN|[106]|auConstantCmn.CX_KNOWLEDGE_STATUS_TEMPORARY_SAVED|String|false|true
16:21:34.0 (40939447)|VARIABLE_SCOPE_BEGIN|[18]|auConstantCmn.FORGOT_PASSWORD_ERR_MESSAGE001|String|false|true
16:21:34.0 (40945706)|VARIABLE_SCOPE_BEGIN|[114]|auConstantCmn.KDDI_KNOWLEDGE_STATUS_SAVED|String|false|true
16:21:34.0 (40952190)|VARIABLE_SCOPE_BEGIN|[113]|auConstantCmn.KDDI_KNOWLEDGE_STATUS_TEMPORARY_SAVED|String|false|true
16:21:34.0 (40958429)|VARIABLE_SCOPE_BEGIN|[12]|auConstantCmn.LOGIN_ERR_MESSAGE001|String|false|true
16:21:34.0 (40964556)|VARIABLE_SCOPE_BEGIN|[13]|auConstantCmn.LOGIN_ERR_MESSAGE002|String|false|true
16:21:34.0 (40970583)|VARIABLE_SCOPE_BEGIN|[14]|auConstantCmn.LOGIN_ERR_MESSAGE003|String|false|true
16:21:34.0 (40976985)|VARIABLE_SCOPE_BEGIN|[15]|auConstantCmn.LOGIN_ERR_MESSAGE004|String|false|true
16:21:34.0 (40983179)|VARIABLE_SCOPE_BEGIN|[89]|auConstantCmn.PAGE_ALIAS_SHOP_CX|String|false|true
16:21:34.0 (40989502)|VARIABLE_SCOPE_BEGIN|[80]|auConstantCmn.PAGE_ALIAS_SHOP_EVENTS|String|false|true
16:21:34.0 (40996101)|VARIABLE_SCOPE_BEGIN|[66]|auConstantCmn.PAGE_ALIAS_SHOP_FORGOTPW|String|false|true
16:21:34.0 (41002652)|VARIABLE_SCOPE_BEGIN|[70]|auConstantCmn.PAGE_ALIAS_SHOP_FORGOTPWCOMP|String|false|true
16:21:34.0 (41009824)|VARIABLE_SCOPE_BEGIN|[77]|auConstantCmn.PAGE_ALIAS_SHOP_HOME|String|false|true
16:21:34.0 (41016279)|VARIABLE_SCOPE_BEGIN|[58]|auConstantCmn.PAGE_ALIAS_SHOP_LOGIN|String|false|true
16:21:34.0 (41023563)|VARIABLE_SCOPE_BEGIN|[62]|auConstantCmn.PAGE_ALIAS_SHOP_LOGOUT|String|false|true
16:21:34.0 (41030621)|VARIABLE_SCOPE_BEGIN|[74]|auConstantCmn.PAGE_ALIAS_SHOP_PASSWORDSIGNUP|String|false|true
16:21:34.0 (41037257)|VARIABLE_SCOPE_BEGIN|[95]|auConstantCmn.PAGE_ALIAS_SHOP_SCHEDULE|String|false|true
16:21:34.0 (41044015)|VARIABLE_SCOPE_BEGIN|[98]|auConstantCmn.PAGE_ALIAS_SHOP_SCHEDULE_LIST|String|false|true
16:21:34.0 (41050761)|VARIABLE_SCOPE_BEGIN|[83]|auConstantCmn.PAGE_ALIAS_SHOP_STPD|String|false|true
16:21:34.0 (41057370)|VARIABLE_SCOPE_BEGIN|[92]|auConstantCmn.PAGE_ALIAS_SHOP_TIMELINE_CX|String|false|true
16:21:34.0 (41064273)|VARIABLE_SCOPE_BEGIN|[86]|auConstantCmn.PAGE_ALIAS_SHOP_TIMELINE_STPD|String|false|true
16:21:34.0 (41071079)|VARIABLE_SCOPE_BEGIN|[88]|auConstantCmn.PAGE_VF_SHOP_CX|String|false|true
16:21:34.0 (41078100)|VARIABLE_SCOPE_BEGIN|[79]|auConstantCmn.PAGE_VF_SHOP_EVENTS|String|false|true
16:21:34.0 (41089814)|VARIABLE_SCOPE_BEGIN|[65]|auConstantCmn.PAGE_VF_SHOP_FORGOTPW|String|false|true
16:21:34.0 (41097438)|VARIABLE_SCOPE_BEGIN|[69]|auConstantCmn.PAGE_VF_SHOP_FORGOTPWCOMP|String|false|true
16:21:34.0 (41104952)|VARIABLE_SCOPE_BEGIN|[76]|auConstantCmn.PAGE_VF_SHOP_HOME|String|false|true
16:21:34.0 (41112531)|VARIABLE_SCOPE_BEGIN|[57]|auConstantCmn.PAGE_VF_SHOP_LOGIN|String|false|true
16:21:34.0 (41120263)|VARIABLE_SCOPE_BEGIN|[61]|auConstantCmn.PAGE_VF_SHOP_LOGOUT|String|false|true
16:21:34.0 (41131226)|VARIABLE_SCOPE_BEGIN|[73]|auConstantCmn.PAGE_VF_SHOP_PASSWORDSIGNUP|String|false|true
16:21:34.0 (41138850)|VARIABLE_SCOPE_BEGIN|[94]|auConstantCmn.PAGE_VF_SHOP_SCHEDULE|String|false|true
16:21:34.0 (41146464)|VARIABLE_SCOPE_BEGIN|[97]|auConstantCmn.PAGE_VF_SHOP_SCHEDULE_LIST|String|false|true
16:21:34.0 (41153939)|VARIABLE_SCOPE_BEGIN|[82]|auConstantCmn.PAGE_VF_SHOP_STPD|String|false|true
16:21:34.0 (41161567)|VARIABLE_SCOPE_BEGIN|[91]|auConstantCmn.PAGE_VF_SHOP_TIMELINE_CX|String|false|true
16:21:34.0 (41168858)|VARIABLE_SCOPE_BEGIN|[85]|auConstantCmn.PAGE_VF_SHOP_TIMELINE_STPD|String|false|true
16:21:34.0 (41176242)|VARIABLE_SCOPE_BEGIN|[26]|auConstantCmn.PASSWORD_SIGNUP_ERR_EXPIREDURL|String|false|true
16:21:34.0 (41183698)|VARIABLE_SCOPE_BEGIN|[29]|auConstantCmn.PASSWORD_SIGNUP_ERR_INTERNAL|String|false|true
16:21:34.0 (41191254)|VARIABLE_SCOPE_BEGIN|[27]|auConstantCmn.PASSWORD_SIGNUP_ERR_INVALIDURL|String|false|true
16:21:34.0 (41198883)|VARIABLE_SCOPE_BEGIN|[21]|auConstantCmn.PASSWORD_SIGNUP_ERR_MESSAGE001|String|false|true
16:21:34.0 (41206471)|VARIABLE_SCOPE_BEGIN|[22]|auConstantCmn.PASSWORD_SIGNUP_ERR_MESSAGE002|String|false|true
16:21:34.0 (41213976)|VARIABLE_SCOPE_BEGIN|[23]|auConstantCmn.PASSWORD_SIGNUP_ERR_MESSAGE003|String|false|true
16:21:34.0 (41221660)|VARIABLE_SCOPE_BEGIN|[24]|auConstantCmn.PASSWORD_SIGNUP_ERR_MESSAGE004|String|false|true
16:21:34.0 (41229175)|VARIABLE_SCOPE_BEGIN|[25]|auConstantCmn.PASSWORD_SIGNUP_ERR_MESSAGE005|String|false|true
16:21:34.0 (41236878)|VARIABLE_SCOPE_BEGIN|[28]|auConstantCmn.PASSWORD_SIGNUP_ERR_OLDURL|String|false|true
16:21:34.0 (41245077)|VARIABLE_SCOPE_BEGIN|[33]|auConstantCmn.PROFILE_COMMUNITY_MANAGEMENT|String|false|true
16:21:34.0 (41253501)|VARIABLE_SCOPE_BEGIN|[34]|auConstantCmn.PROFILE_COMMUNITY_PRIMARY_AGENT|String|false|true
16:21:34.0 (41262095)|VARIABLE_SCOPE_BEGIN|[32]|auConstantCmn.PROFILE_COMMUNITY_SHOP|String|false|true
16:21:34.0 (41275644)|VARIABLE_SCOPE_BEGIN|[44]|auConstantCmn.PROFILE_EVOLVA_ADMIN_USER|String|false|true
16:21:34.0 (41284487)|VARIABLE_SCOPE_BEGIN|[43]|auConstantCmn.PROFILE_EVOLVA_USER|String|false|true
16:21:34.0 (41292590)|VARIABLE_SCOPE_BEGIN|[35]|auConstantCmn.PROFILE_KDDI_BRANCH|String|false|true
16:21:34.0 (41300632)|VARIABLE_SCOPE_BEGIN|[36]|auConstantCmn.PROFILE_KDDI_BRANCH_V2|String|false|true
16:21:34.0 (41308844)|VARIABLE_SCOPE_BEGIN|[39]|auConstantCmn.PROFILE_KDDI_HEADQUARTERS|String|false|true
16:21:34.0 (41316973)|VARIABLE_SCOPE_BEGIN|[40]|auConstantCmn.PROFILE_KDDI_HEADQUARTERS_V2|String|false|true
16:21:34.0 (41324990)|VARIABLE_SCOPE_BEGIN|[37]|auConstantCmn.PROFILE_KDDI_REGIONAL_OFFICE|String|false|true
16:21:34.0 (41333148)|VARIABLE_SCOPE_BEGIN|[38]|auConstantCmn.PROFILE_KDDI_REGIONAL_OFFICE_V2|String|false|true
16:21:34.0 (41345491)|VARIABLE_SCOPE_BEGIN|[42]|auConstantCmn.PROFILE_SA_USER_CSA|String|false|true
16:21:34.0 (41354751)|VARIABLE_SCOPE_BEGIN|[41]|auConstantCmn.PROFILE_SA_USER_SA|String|false|true
16:21:34.0 (41364170)|VARIABLE_SCOPE_BEGIN|[45]|auConstantCmn.PROFILE_SYSADMIN_CUSTOM|String|false|true
16:21:34.0 (41373479)|VARIABLE_SCOPE_BEGIN|[46]|auConstantCmn.PROFILE_SYSADMIN_DEFAULT_EN|String|false|true
16:21:34.0 (41382248)|VARIABLE_SCOPE_BEGIN|[47]|auConstantCmn.PROFILE_SYSADMIN_DEFAULT_JP|String|false|true
16:21:34.0 (41391453)|VARIABLE_SCOPE_BEGIN|[9]|auConstantCmn.ROLE_CODE_EVOLVA_HONBU|String|false|true
16:21:34.0 (41400774)|VARIABLE_SCOPE_BEGIN|[7]|auConstantCmn.ROLE_CODE_HONBU|String|false|true
16:21:34.0 (41409922)|VARIABLE_SCOPE_BEGIN|[8]|auConstantCmn.ROLE_CODE_SA_HONBU|String|false|true
16:21:34.0 (41418809)|VARIABLE_SCOPE_BEGIN|[119]|auConstantCmn.USER_CLASSIFICATION_CONTRACTOR|String|false|true
16:21:34.0 (41427292)|VARIABLE_SCOPE_BEGIN|[118]|auConstantCmn.USER_CLASSIFICATION_CSA|String|false|true
16:21:34.0 (41436406)|VARIABLE_SCOPE_BEGIN|[117]|auConstantCmn.USER_CLASSIFICATION_SA|String|false|true
16:21:34.0 (41448027)|HEAP_ALLOCATE|[15]|Bytes:5
16:21:34.0 (41485015)|VARIABLE_ASSIGNMENT|[15]|auConstantCmn.ACCOUNT_CHANNEL_DAIRITEN|"一次代理店"
16:21:34.0 (41490727)|HEAP_ALLOCATE|[15]|Bytes:6
16:21:34.0 (41496428)|VARIABLE_ASSIGNMENT|[15]|auConstantCmn.ACCOUNT_CHANNEL_SHOP|"auショップ"
16:21:34.0 (41500426)|HEAP_ALLOCATE|[15]|Bytes:4
16:21:34.0 (41505066)|VARIABLE_ASSIGNMENT|[15]|auConstantCmn.ACCOUNT_CHANNEL_UNEIHOJIN|"運営法人"
16:21:34.0 (41508564)|HEAP_ALLOCATE|[15]|Bytes:8
16:21:34.0 (41513350)|VARIABLE_ASSIGNMENT|[15]|auConstantCmn.CX_KNOWLEDGE_SHARING_NATIONAL|"National"
16:21:34.0 (41517247)|HEAP_ALLOCATE|[15]|Bytes:14
16:21:34.0 (41522315)|VARIABLE_ASSIGNMENT|[15]|auConstantCmn.CX_KNOWLEDGE_SHARING_REGIONAL_OFFICE|"RegionalOffice"
16:21:34.0 (41525925)|HEAP_ALLOCATE|[15]|Bytes:8
16:21:34.0 (41531163)|VARIABLE_ASSIGNMENT|[15]|auConstantCmn.CX_KNOWLEDGE_STATUS_APPROVED|"Approved"
16:21:34.0 (41534902)|HEAP_ALLOCATE|[15]|Bytes:16
16:21:34.0 (41540146)|VARIABLE_ASSIGNMENT|[15]|auConstantCmn.CX_KNOWLEDGE_STATUS_NATIONAL_APPROVED|"NationalApproved"
16:21:34.0 (41544673)|HEAP_ALLOCATE|[15]|Bytes:8
16:21:34.0 (41550003)|VARIABLE_ASSIGNMENT|[15]|auConstantCmn.CX_KNOWLEDGE_STATUS_REJECTED|"Rejected"
16:21:34.0 (41553252)|HEAP_ALLOCATE|[15]|Bytes:5
16:21:34.0 (41558086)|VARIABLE_ASSIGNMENT|[15]|auConstantCmn.CX_KNOWLEDGE_STATUS_SAVED|"Saved"
16:21:34.0 (41561848)|HEAP_ALLOCATE|[15]|Bytes:14
16:21:34.0 (41566695)|VARIABLE_ASSIGNMENT|[15]|auConstantCmn.CX_KNOWLEDGE_STATUS_TEMPORARY_SAVED|"TemporarySaved"
16:21:34.0 (41570495)|HEAP_ALLOCATE|[15]|Bytes:12
16:21:34.0 (41575594)|VARIABLE_ASSIGNMENT|[15]|auConstantCmn.FORGOT_PASSWORD_ERR_MESSAGE001|"IDを入力してください。"
16:21:34.0 (41579436)|HEAP_ALLOCATE|[15]|Bytes:5
16:21:34.0 (41584823)|VARIABLE_ASSIGNMENT|[15]|auConstantCmn.KDDI_KNOWLEDGE_STATUS_SAVED|"Saved"
16:21:34.0 (41588283)|HEAP_ALLOCATE|[15]|Bytes:14
16:21:34.0 (41593458)|VARIABLE_ASSIGNMENT|[15]|auConstantCmn.KDDI_KNOWLEDGE_STATUS_TEMPORARY_SAVED|"TemporarySaved"
16:21:34.0 (41597020)|HEAP_ALLOCATE|[15]|Bytes:15
16:21:34.0 (41602541)|VARIABLE_ASSIGNMENT|[15]|auConstantCmn.LOGIN_ERR_MESSAGE001|"パスワードを入力してください。"
16:21:34.0 (41606518)|HEAP_ALLOCATE|[15]|Bytes:27
16:21:34.0 (41613689)|VARIABLE_ASSIGNMENT|[15]|auConstantCmn.LOGIN_ERR_MESSAGE002|"8文字以上の英数字混在のパスワードを指定 (7 more) ..."
16:21:34.0 (41618266)|HEAP_ALLOCATE|[15]|Bytes:19
16:21:34.0 (41623838)|VARIABLE_ASSIGNMENT|[15]|auConstantCmn.LOGIN_ERR_MESSAGE003|"ID或いはパスワードが間違っています。"
16:21:34.0 (41628080)|HEAP_ALLOCATE|[15]|Bytes:46
16:21:34.0 (41633953)|VARIABLE_ASSIGNMENT|[15]|auConstantCmn.LOGIN_ERR_MESSAGE004|"ログイン失敗回数を超えた為、ロックされま (26 more) ..."
16:21:34.0 (41638059)|HEAP_ALLOCATE|[15]|Bytes:3
16:21:34.0 (41643124)|VARIABLE_ASSIGNMENT|[15]|auConstantCmn.PAGE_ALIAS_SHOP_CX|"/CX"
16:21:34.0 (41646968)|HEAP_ALLOCATE|[15]|Bytes:7
16:21:34.0 (41652467)|VARIABLE_ASSIGNMENT|[15]|auConstantCmn.PAGE_ALIAS_SHOP_EVENTS|"/events"
16:21:34.0 (41656132)|HEAP_ALLOCATE|[15]|Bytes:16
16:21:34.0 (41661671)|VARIABLE_ASSIGNMENT|[15]|auConstantCmn.PAGE_ALIAS_SHOP_FORGOTPW|"/forgot-password"
16:21:34.0 (41665556)|HEAP_ALLOCATE|[15]|Bytes:25
16:21:34.0 (41671645)|VARIABLE_ASSIGNMENT|[15]|auConstantCmn.PAGE_ALIAS_SHOP_FORGOTPWCOMP|"/forgot-password-com (5 more) ..."
16:21:34.0 (41675059)|HEAP_ALLOCATE|[15]|Bytes:5
16:21:34.0 (41680362)|VARIABLE_ASSIGNMENT|[15]|auConstantCmn.PAGE_ALIAS_SHOP_HOME|"/home"
16:21:34.0 (41683753)|HEAP_ALLOCATE|[15]|Bytes:6
16:21:34.0 (41689075)|VARIABLE_ASSIGNMENT|[15]|auConstantCmn.PAGE_ALIAS_SHOP_LOGIN|"/login"
16:21:34.0 (41692855)|HEAP_ALLOCATE|[15]|Bytes:7
16:21:34.0 (41698062)|VARIABLE_ASSIGNMENT|[15]|auConstantCmn.PAGE_ALIAS_SHOP_LOGOUT|"/logout"
16:21:34.0 (41701766)|HEAP_ALLOCATE|[15]|Bytes:16
16:21:34.0 (41707604)|VARIABLE_ASSIGNMENT|[15]|auConstantCmn.PAGE_ALIAS_SHOP_PASSWORDSIGNUP|"/password-signup"
16:21:34.0 (41711253)|HEAP_ALLOCATE|[15]|Bytes:9
16:21:34.0 (41716797)|VARIABLE_ASSIGNMENT|[15]|auConstantCmn.PAGE_ALIAS_SHOP_SCHEDULE|"/calendar"
16:21:34.0 (41720602)|HEAP_ALLOCATE|[15]|Bytes:11
16:21:34.0 (41726128)|VARIABLE_ASSIGNMENT|[15]|auConstantCmn.PAGE_ALIAS_SHOP_SCHEDULE_LIST|"/activities"
16:21:34.0 (41729689)|HEAP_ALLOCATE|[15]|Bytes:5
16:21:34.0 (41735669)|VARIABLE_ASSIGNMENT|[15]|auConstantCmn.PAGE_ALIAS_SHOP_STPD|"/STPD"
16:21:34.0 (41739275)|HEAP_ALLOCATE|[15]|Bytes:11
16:21:34.0 (41745031)|VARIABLE_ASSIGNMENT|[15]|auConstantCmn.PAGE_ALIAS_SHOP_TIMELINE_CX|"/timelineCX"
16:21:34.0 (41748499)|HEAP_ALLOCATE|[15]|Bytes:13
16:21:34.0 (41753900)|VARIABLE_ASSIGNMENT|[15]|auConstantCmn.PAGE_ALIAS_SHOP_TIMELINE_STPD|"/timelineSTPD"
16:21:34.0 (41757679)|HEAP_ALLOCATE|[15]|Bytes:27
16:21:34.0 (41764279)|VARIABLE_ASSIGNMENT|[15]|auConstantCmn.PAGE_VF_SHOP_CX|"/apex/auCXKnowledgeL (7 more) ..."
16:21:34.0 (41767988)|HEAP_ALLOCATE|[15]|Bytes:22
16:21:34.0 (41774322)|VARIABLE_ASSIGNMENT|[15]|auConstantCmn.PAGE_VF_SHOP_EVENTS|"/apex/auEventsListPa (2 more) ..."
16:21:34.0 (41777956)|HEAP_ALLOCATE|[15]|Bytes:21
16:21:34.0 (41784655)|VARIABLE_ASSIGNMENT|[15]|auConstantCmn.PAGE_VF_SHOP_FORGOTPW|"/auForgotPasswordPag (1 more) ..."
16:21:34.0 (41788389)|HEAP_ALLOCATE|[15]|Bytes:29
16:21:34.0 (41794815)|VARIABLE_ASSIGNMENT|[15]|auConstantCmn.PAGE_VF_SHOP_FORGOTPWCOMP|"/auForgotPasswordCom (9 more) ..."
16:21:34.0 (41798655)|HEAP_ALLOCATE|[15]|Bytes:24
16:21:34.0 (41804844)|VARIABLE_ASSIGNMENT|[15]|auConstantCmn.PAGE_VF_SHOP_HOME|"/apex/auSwitchScreen (4 more) ..."
16:21:34.0 (41808330)|HEAP_ALLOCATE|[15]|Bytes:12
16:21:34.0 (41814492)|VARIABLE_ASSIGNMENT|[15]|auConstantCmn.PAGE_VF_SHOP_LOGIN|"/auLoginPage"
16:21:34.0 (41818629)|HEAP_ALLOCATE|[15]|Bytes:13
16:21:34.0 (41824453)|VARIABLE_ASSIGNMENT|[15]|auConstantCmn.PAGE_VF_SHOP_LOGOUT|"/auLogoutPage"
16:21:34.0 (41828211)|HEAP_ALLOCATE|[15]|Bytes:21
16:21:34.0 (41838075)|VARIABLE_ASSIGNMENT|[15]|auConstantCmn.PAGE_VF_SHOP_PASSWORDSIGNUP|"/auPasswordSignupPag (1 more) ..."
16:21:34.0 (41842100)|HEAP_ALLOCATE|[15]|Bytes:16
16:21:34.0 (41848620)|VARIABLE_ASSIGNMENT|[15]|auConstantCmn.PAGE_VF_SHOP_SCHEDULE|"/apex/auSchedule"
16:21:34.0 (41852522)|HEAP_ALLOCATE|[15]|Bytes:20
16:21:34.0 (41859132)|VARIABLE_ASSIGNMENT|[15]|auConstantCmn.PAGE_VF_SHOP_SCHEDULE_LIST|"/apex/auScheduleList"
16:21:34.0 (41863009)|HEAP_ALLOCATE|[15]|Bytes:20
16:21:34.0 (41869381)|VARIABLE_ASSIGNMENT|[15]|auConstantCmn.PAGE_VF_SHOP_STPD|"/apex/auSTPDListPage"
16:21:34.0 (41873428)|HEAP_ALLOCATE|[15]|Bytes:31
16:21:34.0 (41880446)|VARIABLE_ASSIGNMENT|[15]|auConstantCmn.PAGE_VF_SHOP_TIMELINE_CX|"/apex/auCxKnowledgeT (11 more) ..."
16:21:34.0 (41884549)|HEAP_ALLOCATE|[15]|Bytes:24
16:21:34.0 (41891811)|VARIABLE_ASSIGNMENT|[15]|auConstantCmn.PAGE_VF_SHOP_TIMELINE_STPD|"/apex/auSTPDTimeline (4 more) ..."
16:21:34.0 (41896088)|HEAP_ALLOCATE|[15]|Bytes:55
16:21:34.0 (41903440)|VARIABLE_ASSIGNMENT|[15]|auConstantCmn.PASSWORD_SIGNUP_ERR_EXPIREDURL|"パスワードリセットの有効期限が切れていま (35 more) ..."
16:21:34.0 (41907674)|HEAP_ALLOCATE|[15]|Bytes:27
16:21:34.0 (41918539)|VARIABLE_ASSIGNMENT|[15]|auConstantCmn.PASSWORD_SIGNUP_ERR_INTERNAL|"内部エラーが発生しました。サイト管理者に (7 more) ..."
16:21:34.0 (41923043)|HEAP_ALLOCATE|[15]|Bytes:51
16:21:34.0 (41932388)|VARIABLE_ASSIGNMENT|[15]|auConstantCmn.PASSWORD_SIGNUP_ERR_INVALIDURL|"不正なパスワードリセットURLです。\u003Cb (31 more) ..."
16:21:34.0 (41936468)|HEAP_ALLOCATE|[15]|Bytes:15
16:21:34.0 (41942989)|VARIABLE_ASSIGNMENT|[15]|auConstantCmn.PASSWORD_SIGNUP_ERR_MESSAGE001|"パスワードを入力してください。"
16:21:34.0 (41946946)|HEAP_ALLOCATE|[15]|Bytes:19
16:21:34.0 (41953305)|VARIABLE_ASSIGNMENT|[15]|auConstantCmn.PASSWORD_SIGNUP_ERR_MESSAGE002|"確認用のパスワードを入力してください。"
16:21:34.0 (41957238)|HEAP_ALLOCATE|[15]|Bytes:27
16:21:34.0 (41964278)|VARIABLE_ASSIGNMENT|[15]|auConstantCmn.PASSWORD_SIGNUP_ERR_MESSAGE003|"8文字以上の英数字混在のパスワードを指定 (7 more) ..."
16:21:34.0 (41968691)|HEAP_ALLOCATE|[15]|Bytes:22
16:21:34.0 (41975811)|VARIABLE_ASSIGNMENT|[15]|auConstantCmn.PASSWORD_SIGNUP_ERR_MESSAGE004|"パスワードと確認用のパスワードが不一致で (2 more) ..."
16:21:34.0 (41982046)|HEAP_ALLOCATE|[15]|Bytes:21
16:21:34.0 (41989376)|VARIABLE_ASSIGNMENT|[15]|auConstantCmn.PASSWORD_SIGNUP_ERR_MESSAGE005|"以前利用したパスワードはご利用できません (1 more) ..."
16:21:34.0 (41993404)|HEAP_ALLOCATE|[15]|Bytes:46
16:21:34.0 (42001408)|VARIABLE_ASSIGNMENT|[15]|auConstantCmn.PASSWORD_SIGNUP_ERR_OLDURL|"以前のパスワードリセットURLは利用でき (26 more) ..."
16:21:34.0 (42006022)|HEAP_ALLOCATE|[15]|Bytes:14
16:21:34.0 (42013089)|VARIABLE_ASSIGNMENT|[15]|auConstantCmn.PROFILE_COMMUNITY_MANAGEMENT|"au ショップ - 運営法人"
16:21:34.0 (42016941)|HEAP_ALLOCATE|[15]|Bytes:15
16:21:34.0 (42023584)|VARIABLE_ASSIGNMENT|[15]|auConstantCmn.PROFILE_COMMUNITY_PRIMARY_AGENT|"au ショップ - 一次代理店"
16:21:34.0 (42027846)|HEAP_ALLOCATE|[15]|Bytes:12
16:21:34.0 (42034826)|VARIABLE_ASSIGNMENT|[15]|auConstantCmn.PROFILE_COMMUNITY_SHOP|"au ショップ - 店舗"
16:21:34.0 (42039169)|HEAP_ALLOCATE|[15]|Bytes:17
16:21:34.0 (42046464)|VARIABLE_ASSIGNMENT|[15]|auConstantCmn.PROFILE_EVOLVA_ADMIN_USER|"Evolva Admin User"
16:21:34.0 (42050271)|HEAP_ALLOCATE|[15]|Bytes:11
16:21:34.0 (42057072)|VARIABLE_ASSIGNMENT|[15]|auConstantCmn.PROFILE_EVOLVA_USER|"Evolva User"
16:21:34.0 (42060733)|HEAP_ALLOCATE|[15]|Bytes:9
16:21:34.0 (42067867)|VARIABLE_ASSIGNMENT|[15]|auConstantCmn.PROFILE_KDDI_BRANCH|"KDDI - 支店"
16:21:34.0 (42071608)|HEAP_ALLOCATE|[15]|Bytes:12
16:21:34.0 (42078850)|VARIABLE_ASSIGNMENT|[15]|auConstantCmn.PROFILE_KDDI_BRANCH_V2|"KDDI - 支店 v2"
16:21:34.0 (42082777)|HEAP_ALLOCATE|[15]|Bytes:9
16:21:34.0 (42089758)|VARIABLE_ASSIGNMENT|[15]|auConstantCmn.PROFILE_KDDI_HEADQUARTERS|"KDDI - 本部"
16:21:34.0 (42093567)|HEAP_ALLOCATE|[15]|Bytes:12
16:21:34.0 (42100399)|VARIABLE_ASSIGNMENT|[15]|auConstantCmn.PROFILE_KDDI_HEADQUARTERS_V2|"KDDI - 本部 v2"
16:21:34.0 (42104270)|HEAP_ALLOCATE|[15]|Bytes:9
16:21:34.0 (42111842)|VARIABLE_ASSIGNMENT|[15]|auConstantCmn.PROFILE_KDDI_REGIONAL_OFFICE|"KDDI - 支社"
16:21:34.0 (42115555)|HEAP_ALLOCATE|[15]|Bytes:12
16:21:34.0 (42122632)|VARIABLE_ASSIGNMENT|[15]|auConstantCmn.PROFILE_KDDI_REGIONAL_OFFICE_V2|"KDDI - 支社 v2"
16:21:34.0 (42126330)|HEAP_ALLOCATE|[15]|Bytes:13
16:21:34.0 (42133726)|VARIABLE_ASSIGNMENT|[15]|auConstantCmn.PROFILE_SA_USER_CSA|"SA User - CSA"
16:21:34.0 (42137492)|HEAP_ALLOCATE|[15]|Bytes:12
16:21:34.0 (42144676)|VARIABLE_ASSIGNMENT|[15]|auConstantCmn.PROFILE_SA_USER_SA|"SA User - SA"
16:21:34.0 (42148483)|HEAP_ALLOCATE|[15]|Bytes:12
16:21:34.0 (42155679)|VARIABLE_ASSIGNMENT|[15]|auConstantCmn.PROFILE_SYSADMIN_CUSTOM|"System Admin"
16:21:34.0 (42159410)|HEAP_ALLOCATE|[15]|Bytes:20
16:21:34.0 (42166806)|VARIABLE_ASSIGNMENT|[15]|auConstantCmn.PROFILE_SYSADMIN_DEFAULT_EN|"System Administrator"
16:21:34.0 (42170548)|HEAP_ALLOCATE|[15]|Bytes:7
16:21:34.0 (42178257)|VARIABLE_ASSIGNMENT|[15]|auConstantCmn.PROFILE_SYSADMIN_DEFAULT_JP|"システム管理者"
16:21:34.0 (42182496)|HEAP_ALLOCATE|[15]|Bytes:7
16:21:34.0 (42189903)|VARIABLE_ASSIGNMENT|[15]|auConstantCmn.ROLE_CODE_EVOLVA_HONBU|"E000000"
16:21:34.0 (42193868)|HEAP_ALLOCATE|[15]|Bytes:7
16:21:34.0 (42201493)|VARIABLE_ASSIGNMENT|[15]|auConstantCmn.ROLE_CODE_HONBU|"C000000"
16:21:34.0 (42205298)|HEAP_ALLOCATE|[15]|Bytes:7
16:21:34.0 (42212545)|VARIABLE_ASSIGNMENT|[15]|auConstantCmn.ROLE_CODE_SA_HONBU|"S000000"
16:21:34.0 (42216821)|HEAP_ALLOCATE|[15]|Bytes:10
16:21:34.0 (42224692)|VARIABLE_ASSIGNMENT|[15]|auConstantCmn.USER_CLASSIFICATION_CONTRACTOR|"CONTRACTOR"
16:21:34.0 (42228193)|HEAP_ALLOCATE|[15]|Bytes:3
16:21:34.0 (42235515)|VARIABLE_ASSIGNMENT|[15]|auConstantCmn.USER_CLASSIFICATION_CSA|"CSA"
16:21:34.0 (42239355)|HEAP_ALLOCATE|[15]|Bytes:2
16:21:34.0 (42247114)|VARIABLE_ASSIGNMENT|[15]|auConstantCmn.USER_CLASSIFICATION_SA|"SA"
16:21:34.0 (42258459)|METHOD_ENTRY|[4]|01p6F0000084Osz|auConstantCmn.auConstantCmn()
16:21:34.0 (42263583)|STATEMENT_EXECUTE|[4]
16:21:34.0 (42266659)|STATEMENT_EXECUTE|[4]
16:21:34.0 (42282002)|HEAP_ALLOCATE|[15]|Bytes:5
16:21:34.0 (42291530)|METHOD_EXIT|[4]|auConstantCmn
16:21:34.0 (42396022)|VARIABLE_ASSIGNMENT|[EXTERNAL]|this|{}|0xb46b2a1
16:21:34.0 (42410028)|VARIABLE_ASSIGNMENT|[EXTERNAL]|value|false
16:21:34.0 (42416600)|HEAP_ALLOCATE|[3]|Bytes:5
16:21:34.0 (42424724)|VARIABLE_ASSIGNMENT|[3]|this.isCommunityUser|false|0xb46b2a1
16:21:34.0 (42434189)|STATEMENT_EXECUTE|[19]
16:21:34.0 (42500941)|VARIABLE_ASSIGNMENT|[EXTERNAL]|this|{"isCommunityUser":false}|0xb46b2a1
16:21:34.0 (42510736)|VARIABLE_ASSIGNMENT|[EXTERNAL]|value|true
16:21:34.0 (42516590)|HEAP_ALLOCATE|[4]|Bytes:5
16:21:34.0 (42523433)|VARIABLE_ASSIGNMENT|[4]|this.isSystemAdministrator|true|0xb46b2a1
16:21:34.0 (42533646)|SYSTEM_MODE_EXIT|false
16:21:34.0 (42619542)|HEAP_ALLOCATE|[EXTERNAL]|Bytes:12
16:21:34.0 (42627507)|VARIABLE_SCOPE_BEGIN|[25]|this|auSwitchScreenCtrl|true|false
16:21:34.0 (42646139)|VARIABLE_ASSIGNMENT|[25]|this|{"isCommunityUser":false,"isSystemAdministrato (1 more) ...":true}|0xb46b2a1
16:21:34.0 (42660522)|SYSTEM_MODE_ENTER|false
16:21:34.0 (42665830)|HEAP_ALLOCATE|[27]|Bytes:5
16:21:34.0 (42669795)|STATEMENT_EXECUTE|[25]
16:21:34.0 (42671609)|STATEMENT_EXECUTE|[27]
16:21:34.0 (42674336)|HEAP_ALLOCATE|[27]|Bytes:63
16:21:34.0 (42687009)|HEAP_ALLOCATE|[27]|Bytes:4
16:21:34.0 (42698639)|METHOD_ENTRY|[29]||System.UserInfo.getUserId()
16:21:34.0 (42723001)|METHOD_EXIT|[29]||System.UserInfo.getUserId()
16:21:34.0 (42864225)|SOQL_EXECUTE_BEGIN|[27]|Aggregations:0|SELECT ForcePasswordReset__c FROM User WHERE User.ID = :tmpVar1
16:21:34.0 (44751747)|SOQL_EXECUTE_END|[27]|Rows:1
16:21:34.0 (44770032)|HEAP_ALLOCATE|[27]|Bytes:8
16:21:34.0 (44781599)|HEAP_ALLOCATE|[27]|Bytes:58
16:21:34.0 (44811962)|HEAP_ALLOCATE|[27]|Bytes:8
16:21:34.0 (44829871)|HEAP_ALLOCATE|[27]|Bytes:12
16:21:34.0 (44836266)|VARIABLE_SCOPE_BEGIN|[27]|currentUser|User|true|false
16:21:34.0 (44854147)|VARIABLE_ASSIGNMENT|[27]|currentUser|{"ForcePasswordReset__ (1 more) ...":false,"Id":"0056F000006PtYlQAK"}|0x15527409
16:21:34.0 (44879701)|STATEMENT_EXECUTE|[31]
16:21:34.0 (44881712)|STATEMENT_EXECUTE|[36]
16:21:34.0 (44885593)|SYSTEM_MODE_EXIT|false
16:21:34.0 (45229525)|SYSTEM_MODE_ENTER|true
16:21:34.0 (45248686)|HEAP_ALLOCATE|[EXTERNAL]|Bytes:40
16:21:34.0 (45254805)|VARIABLE_SCOPE_BEGIN|[41]|this|auMainTopCompCtrl|true|false
16:21:34.0 (45285908)|VARIABLE_ASSIGNMENT|[41]|this|{}|0x10c6f550
16:21:34.0 (45294538)|STATEMENT_EXECUTE|[1]
16:21:34.0 (45296158)|STATEMENT_EXECUTE|[24]
16:21:34.0 (45297898)|STATEMENT_EXECUTE|[25]
16:21:34.0 (45299147)|STATEMENT_EXECUTE|[26]
16:21:34.0 (45300319)|STATEMENT_EXECUTE|[29]
16:21:34.0 (45301486)|STATEMENT_EXECUTE|[30]
16:21:34.0 (45302645)|STATEMENT_EXECUTE|[31]
16:21:34.0 (45303788)|STATEMENT_EXECUTE|[33]
16:21:34.0 (45304918)|STATEMENT_EXECUTE|[34]
16:21:34.0 (45306053)|STATEMENT_EXECUTE|[36]
16:21:34.0 (45319941)|STATEMENT_EXECUTE|[41]
16:21:34.0 (45321360)|STATEMENT_EXECUTE|[42]
16:21:34.0 (45347172)|VARIABLE_ASSIGNMENT|[EXTERNAL]|this|{}|0x10c6f550
16:21:34.0 (45357493)|VARIABLE_ASSIGNMENT|[EXTERNAL]|value|0
16:21:34.0 (45363211)|HEAP_ALLOCATE|[29]|Bytes:4
16:21:34.0 (45370679)|VARIABLE_ASSIGNMENT|[29]|this.iTypeOfScreen|0|0x10c6f550
16:21:34.0 (45378789)|STATEMENT_EXECUTE|[44]
16:21:34.0 (45513551)|HEAP_ALLOCATE|[44]|Bytes:128
16:21:34.0 (45553208)|VARIABLE_ASSIGNMENT|[EXTERNAL]|this|{"iTypeOfScreen":0}|0x10c6f550
16:21:34.0 (45563293)|VARIABLE_ASSIGNMENT|[EXTERNAL]|value|"https://au-portal.li (90 more) ..."
16:21:34.0 (45575336)|VARIABLE_ASSIGNMENT|[34]|this.urlReportsSFA|"https://au-portal.li (90 more) ..."|0x10c6f550
16:21:34.0 (45582643)|STATEMENT_EXECUTE|[46]
16:21:34.0 (45593798)|HEAP_ALLOCATE|[46]|Bytes:4
16:21:34.0 (45603257)|METHOD_ENTRY|[50]||System.UserInfo.getUserId()
16:21:34.0 (45615976)|METHOD_EXIT|[50]||System.UserInfo.getUserId()
16:21:34.0 (45904643)|SOQL_EXECUTE_BEGIN|[46]|Aggregations:0|SELECT SmallPhotoUrl, Account.Name, Account.RegionalOfficeId__r.RegionalOfficeName__c, Account.BranchId__r.BranchName__c, Name, Department FROM User WHERE User.ID = :tmpVar1
16:21:34.0 (50070952)|SOQL_EXECUTE_END|[46]|Rows:1
16:21:34.0 (50089293)|HEAP_ALLOCATE|[46]|Bytes:8
16:21:34.0 (50105566)|HEAP_ALLOCATE|[46]|Bytes:81
16:21:34.0 (50131857)|HEAP_ALLOCATE|[46]|Bytes:8
16:21:34.0 (50147202)|HEAP_ALLOCATE|[46]|Bytes:16
16:21:34.0 (50186940)|VARIABLE_ASSIGNMENT|[EXTERNAL]|this|{"iTypeOfScreen":0,"urlReportsSFA":"https://au-portal.li (90 more) ..."}|0x10c6f550
16:21:34.0 (50201307)|VARIABLE_ASSIGNMENT|[EXTERNAL]|value|{"SmallPhotoUrl":"/profilephoto/005/T","Name":"GW Admin","Id":"0056F000006PtYlQAK"}|0x6c5107f2
16:21:34.0 (50213618)|VARIABLE_ASSIGNMENT|[33]|this.currentUser|{"SmallPhotoUrl":"/profilephoto/005/T","Name":"GW Admin","Id":"0056F000006PtYlQAK"}|0x10c6f550
16:21:34.0 (50698587)|SYSTEM_MODE_ENTER|true
16:21:34.0 (50725583)|HEAP_ALLOCATE|[EXTERNAL]|Bytes:40
16:21:34.0 (50749719)|VARIABLE_ASSIGNMENT|[EXTERNAL]|this.iCountComments|null|0x10c6f550
16:21:34.0 (50802471)|SYSTEM_MODE_ENTER|true
16:21:34.0 (50818184)|HEAP_ALLOCATE|[EXTERNAL]|Bytes:40
16:21:34.0 (50825846)|VARIABLE_ASSIGNMENT|[EXTERNAL]|this.iCountLikes|null|0x10c6f550
16:21:34.0 (51007349)|SYSTEM_MODE_ENTER|true
16:21:34.0 (51041008)|HEAP_ALLOCATE|[EXTERNAL]|Bytes:12
16:21:34.0 (51049107)|VARIABLE_SCOPE_BEGIN|[7]|this|auSwitchScreenCtrl|true|false
16:21:34.0 (51075213)|VARIABLE_ASSIGNMENT|[7]|this|{"isCommunityUser":false,"isSystemAdministrato (1 more) ...":true}|0xb46b2a1
16:21:34.0 (51091966)|SYSTEM_MODE_ENTER|false
16:21:34.0 (51098819)|HEAP_ALLOCATE|[7]|Bytes:5
16:21:34.0 (51103184)|STATEMENT_EXECUTE|[7]
16:21:34.0 (51104843)|STATEMENT_EXECUTE|[7]
16:21:34.0 (51110669)|SYSTEM_MODE_EXIT|false
16:21:34.0 (51171645)|SYSTEM_MODE_ENTER|true
16:21:34.0 (51189300)|HEAP_ALLOCATE|[EXTERNAL]|Bytes:8
16:21:34.0 (51193645)|HEAP_ALLOCATE|[EXTERNAL]|Bytes:40
16:21:34.0 (51201323)|VARIABLE_ASSIGNMENT|[EXTERNAL]|this.iTypeOfScreen|0|0x10c6f550
16:21:34.0 (51346652)|SYSTEM_MODE_ENTER|true
16:21:34.0 (51373972)|HEAP_ALLOCATE|[EXTERNAL]|Bytes:40
16:21:34.0 (51380973)|VARIABLE_SCOPE_BEGIN|[140]|this|auMainTopCompCtrl|true|false
16:21:34.0 (51410289)|VARIABLE_ASSIGNMENT|[140]|this|{"currentUser":"0x6c5107f2","iTypeOfScreen":0,"urlReportsSFA":"https://au-portal.li (90 more) ..."}|0x10c6f550
16:21:34.0 (51419767)|STATEMENT_EXECUTE|[140]
16:21:34.0 (51459190)|VARIABLE_ASSIGNMENT|[EXTERNAL]|this|{"currentUser":"0x6c5107f2","iTypeOfScreen":0,"urlReportsSFA":"https://au-portal.li (90 more) ..."}|0x10c6f550
16:21:34.0 (51499675)|VARIABLE_ASSIGNMENT|[EXTERNAL]|this|{"currentUser":"0x6c5107f2","iTypeOfScreen":0,"urlReportsSFA":"https://au-portal.li (90 more) ..."}|0x10c6f550
16:21:34.0 (51527028)|VARIABLE_ASSIGNMENT|[EXTERNAL]|this|{"currentUser":"0x6c5107f2","iTypeOfScreen":0,"urlReportsSFA":"https://au-portal.li (90 more) ..."}|0x10c6f550
16:21:34.0 (51557827)|VARIABLE_ASSIGNMENT|[EXTERNAL]|this|{"currentUser":"0x6c5107f2","iTypeOfScreen":0,"urlReportsSFA":"https://au-portal.li (90 more) ..."}|0x10c6f550
16:21:34.0 (51583604)|VARIABLE_ASSIGNMENT|[EXTERNAL]|this|{"currentUser":"0x6c5107f2","iTypeOfScreen":0,"urlReportsSFA":"https://au-portal.li (90 more) ..."}|0x10c6f550
16:21:34.0 (51593837)|STATEMENT_EXECUTE|[149]
16:21:34.0 (51595358)|STATEMENT_EXECUTE|[150]
16:21:34.0 (51683634)|SYSTEM_MODE_ENTER|true
16:21:34.0 (51707836)|HEAP_ALLOCATE|[EXTERNAL]|Bytes:40
16:21:34.0 (51715030)|VARIABLE_SCOPE_BEGIN|[154]|this|auMainTopCompCtrl|true|false
16:21:34.0 (51739419)|VARIABLE_ASSIGNMENT|[154]|this|{"currentUser":"0x6c5107f2","iTypeOfScreen":0,"urlReportsSFA":"https://au-portal.li (90 more) ..."}|0x10c6f550
16:21:34.0 (51747532)|STATEMENT_EXECUTE|[154]
16:21:34.0 (51772902)|VARIABLE_ASSIGNMENT|[EXTERNAL]|this|{"currentUser":"0x6c5107f2","iTypeOfScreen":0,"urlReportsSFA":"https://au-portal.li (90 more) ..."}|0x10c6f550
16:21:34.0 (51803589)|VARIABLE_ASSIGNMENT|[EXTERNAL]|this|{"currentUser":"0x6c5107f2","iTypeOfScreen":0,"urlReportsSFA":"https://au-portal.li (90 more) ..."}|0x10c6f550
16:21:34.0 (51827981)|VARIABLE_ASSIGNMENT|[EXTERNAL]|this|{"currentUser":"0x6c5107f2","iTypeOfScreen":0,"urlReportsSFA":"https://au-portal.li (90 more) ..."}|0x10c6f550
16:21:34.0 (51856018)|VARIABLE_ASSIGNMENT|[EXTERNAL]|this|{"currentUser":"0x6c5107f2","iTypeOfScreen":0,"urlReportsSFA":"https://au-portal.li (90 more) ..."}|0x10c6f550
16:21:34.0 (51879993)|VARIABLE_ASSIGNMENT|[EXTERNAL]|this|{"currentUser":"0x6c5107f2","iTypeOfScreen":0,"urlReportsSFA":"https://au-portal.li (90 more) ..."}|0x10c6f550
16:21:34.0 (51889438)|STATEMENT_EXECUTE|[163]
16:21:34.0 (51890794)|STATEMENT_EXECUTE|[164]
16:21:34.0 (52701906)|SYSTEM_MODE_ENTER|true
16:21:34.0 (54572700)|SYSTEM_MODE_ENTER|true
16:21:34.0 (54605482)|HEAP_ALLOCATE|[EXTERNAL]|Bytes:40
16:21:34.0 (54614563)|VARIABLE_SCOPE_BEGIN|[53]|this|auMainTopCompCtrl|true|false
16:21:34.0 (54645873)|VARIABLE_ASSIGNMENT|[53]|this|{"currentUser":"0x6c5107f2","iTypeOfScreen":0,"urlReportsSFA":"https://au-portal.li (90 more) ..."}|0x10c6f550
16:21:34.0 (54655725)|STATEMENT_EXECUTE|[53]
16:21:34.0 (54657471)|STATEMENT_EXECUTE|[54]
16:21:34.0 (54690265)|VARIABLE_ASSIGNMENT|[EXTERNAL]|this|{"currentUser":"0x6c5107f2","iTypeOfScreen":0,"urlReportsSFA":"https://au-portal.li (90 more) ..."}|0x10c6f550
16:21:34.0 (54731760)|VARIABLE_ASSIGNMENT|[EXTERNAL]|this|{"currentUser":"0x6c5107f2","iTypeOfScreen":0,"urlReportsSFA":"https://au-portal.li (90 more) ..."}|0x10c6f550
16:21:34.0 (54762645)|VARIABLE_ASSIGNMENT|[EXTERNAL]|this|{"currentUser":"0x6c5107f2","iTypeOfScreen":0,"urlReportsSFA":"https://au-portal.li (90 more) ..."}|0x10c6f550
16:21:34.0 (54776228)|HEAP_ALLOCATE|[54]|Bytes:5
16:21:34.0 (54853416)|SYSTEM_MODE_ENTER|true
16:21:34.0 (54877754)|HEAP_ALLOCATE|[EXTERNAL]|Bytes:40
16:21:34.0 (54885186)|VARIABLE_SCOPE_BEGIN|[59]|this|auMainTopCompCtrl|true|false
16:21:34.0 (54909482)|VARIABLE_ASSIGNMENT|[59]|this|{"currentUser":"0x6c5107f2","iTypeOfScreen":0,"urlReportsSFA":"https://au-portal.li (90 more) ..."}|0x10c6f550
16:21:34.0 (54917870)|STATEMENT_EXECUTE|[59]
16:21:34.0 (54919611)|STATEMENT_EXECUTE|[60]
16:21:34.0 (54945616)|VARIABLE_ASSIGNMENT|[EXTERNAL]|this|{"currentUser":"0x6c5107f2","iTypeOfScreen":0,"urlReportsSFA":"https://au-portal.li (90 more) ..."}|0x10c6f550
16:21:34.0 (54981995)|VARIABLE_ASSIGNMENT|[EXTERNAL]|this|{"currentUser":"0x6c5107f2","iTypeOfScreen":0,"urlReportsSFA":"https://au-portal.li (90 more) ..."}|0x10c6f550
16:21:34.0 (54994732)|HEAP_ALLOCATE|[60]|Bytes:5
16:21:34.0 (55063938)|SYSTEM_MODE_ENTER|true
16:21:34.0 (55087782)|HEAP_ALLOCATE|[EXTERNAL]|Bytes:40
16:21:34.0 (55094594)|VARIABLE_SCOPE_BEGIN|[69]|this|auMainTopCompCtrl|true|false
16:21:34.0 (55118660)|VARIABLE_ASSIGNMENT|[69]|this|{"currentUser":"0x6c5107f2","iTypeOfScreen":0,"urlReportsSFA":"https://au-portal.li (90 more) ..."}|0x10c6f550
16:21:34.0 (55125963)|STATEMENT_EXECUTE|[69]
16:21:34.0 (55127530)|STATEMENT_EXECUTE|[70]
16:21:34.0 (55152401)|VARIABLE_ASSIGNMENT|[EXTERNAL]|this|{"currentUser":"0x6c5107f2","iTypeOfScreen":0,"urlReportsSFA":"https://au-portal.li (90 more) ..."}|0x10c6f550
16:21:34.0 (55184081)|VARIABLE_ASSIGNMENT|[EXTERNAL]|this|{"currentUser":"0x6c5107f2","iTypeOfScreen":0,"urlReportsSFA":"https://au-portal.li (90 more) ..."}|0x10c6f550
16:21:34.0 (55196806)|HEAP_ALLOCATE|[70]|Bytes:5
16:21:34.0 (55284603)|SYSTEM_MODE_ENTER|true
16:21:34.0 (57082052)|SYSTEM_MODE_ENTER|true
16:21:34.0 (57130688)|HEAP_ALLOCATE|[EXTERNAL]|Bytes:240
16:21:34.0 (57138235)|HEAP_ALLOCATE|[EXTERNAL]|Bytes:14
16:21:34.0 (57147253)|METHOD_ENTRY|[1]|01p6F000006ymET|auSwitchScreenBtmCompCtrl.auSwitchScreenBtmCompCtrl()
16:21:34.0 (57152091)|STATEMENT_EXECUTE|[1]
16:21:34.0 (57155396)|STATEMENT_EXECUTE|[1]
16:21:34.0 (57159788)|METHOD_EXIT|[1]|auSwitchScreenBtmCompCtrl
16:21:34.0 (57173709)|HEAP_ALLOCATE|[EXTERNAL]|Bytes:28
16:21:34.0 (57178940)|VARIABLE_SCOPE_BEGIN|[10]|this|auSwitchScreenBtmCompCtrl|true|false
16:21:34.0 (57211966)|VARIABLE_ASSIGNMENT|[10]|this|{}|0x99d5847
16:21:34.0 (57220607)|STATEMENT_EXECUTE|[1]
16:21:34.0 (57222125)|STATEMENT_EXECUTE|[3]
16:21:34.0 (57223941)|STATEMENT_EXECUTE|[4]
16:21:34.0 (57225078)|STATEMENT_EXECUTE|[5]
16:21:34.0 (57226236)|STATEMENT_EXECUTE|[6]
16:21:34.0 (57227366)|STATEMENT_EXECUTE|[7]
16:21:34.0 (57228506)|STATEMENT_EXECUTE|[8]
16:21:34.0 (57243752)|STATEMENT_EXECUTE|[10]
16:21:34.0 (57245688)|STATEMENT_EXECUTE|[12]
16:21:34.0 (57406981)|HEAP_ALLOCATE|[12]|Bytes:128
16:21:34.0 (57461200)|VARIABLE_ASSIGNMENT|[EXTERNAL]|this|{}|0x99d5847
16:21:34.0 (57473973)|VARIABLE_ASSIGNMENT|[EXTERNAL]|value|"https://c.ap4.conten (102 more) ..."
16:21:34.0 (57483925)|VARIABLE_ASSIGNMENT|[4]|this.urlDailyReportManual|"https://c.ap4.conten (102 more) ..."|0x99d5847
16:21:34.0 (57491974)|STATEMENT_EXECUTE|[13]
16:21:34.0 (57580059)|HEAP_ALLOCATE|[13]|Bytes:128
16:21:34.0 (57651112)|VARIABLE_ASSIGNMENT|[EXTERNAL]|this|{"urlDailyReportManual":"https://c.ap4.conten (102 more) ..."}|0x99d5847
16:21:34.0 (57663822)|VARIABLE_ASSIGNMENT|[EXTERNAL]|value|"https://ap4.salesfor (84 more) ..."
16:21:34.0 (57673329)|VARIABLE_ASSIGNMENT|[5]|this.urlExternalCxSTPDManual|"https://ap4.salesfor (84 more) ..."|0x99d5847
16:21:34.0 (57681531)|STATEMENT_EXECUTE|[14]
16:21:34.0 (57765735)|HEAP_ALLOCATE|[14]|Bytes:128
16:21:34.0 (57812292)|VARIABLE_ASSIGNMENT|[EXTERNAL]|this|{"urlDailyReportManual":"https://c.ap4.conten (102 more) ...","urlExternalCxSTPDMan (3 more) ...":"https://ap4.salesfor (84 more) ..."}|0x99d5847
16:21:34.0 (57823067)|VARIABLE_ASSIGNMENT|[EXTERNAL]|value|"https://c.ap4.conten (102 more) ..."
16:21:34.0 (57831616)|VARIABLE_ASSIGNMENT|[6]|this.urlInternalCxSTPDManual|"https://c.ap4.conten (102 more) ..."|0x99d5847
16:21:34.0 (57839351)|STATEMENT_EXECUTE|[16]
16:21:34.0 (57851572)|HEAP_ALLOCATE|[16]|Bytes:4
16:21:34.0 (57864537)|METHOD_ENTRY|[18]||System.UserInfo.getUserId()
16:21:34.0 (57885302)|METHOD_EXIT|[18]||System.UserInfo.getUserId()
16:21:34.0 (58060905)|SOQL_EXECUTE_BEGIN|[16]|Aggregations:0|SELECT Profile.Name FROM User WHERE User.ID = :tmpVar1
16:21:34.0 (61722566)|SOQL_EXECUTE_END|[16]|Rows:1
16:21:34.0 (61745937)|HEAP_ALLOCATE|[16]|Bytes:8
16:21:34.0 (61760817)|HEAP_ALLOCATE|[16]|Bytes:127
16:21:34.0 (61788626)|HEAP_ALLOCATE|[16]|Bytes:8
16:21:34.0 (61809070)|HEAP_ALLOCATE|[16]|Bytes:16
16:21:34.0 (61816494)|VARIABLE_SCOPE_BEGIN|[16]|currentUser|User|true|false
16:21:34.0 (61836744)|VARIABLE_ASSIGNMENT|[16]|currentUser|{"ProfileId":"00e6F000002RS1oQAG","Id":"0056F000006PtYlQAK","Profile":{"Name":"System Administrator","Id":"00e6F000002RS1oQAG"}}|0x6838b39b
16:21:34.0 (61844266)|STATEMENT_EXECUTE|[20]
16:21:34.0 (61982086)|VARIABLE_ASSIGNMENT|[EXTERNAL]|this|{"urlDailyReportManual":"https://c.ap4.conten (102 more) ...","urlExternalCxSTPDMan (3 more) ...":"https://ap4.salesfor (84 more) ...","urlInternalCxSTPDMan (3 more) ...":"https://c.ap4.conten (102 more) ..."}|0x99d5847
16:21:34.0 (61997369)|VARIABLE_ASSIGNMENT|[EXTERNAL]|value|false
16:21:34.0 (62004534)|HEAP_ALLOCATE|[7]|Bytes:5
16:21:34.0 (62012692)|VARIABLE_ASSIGNMENT|[7]|this.isCommunityUser|false|0x99d5847
16:21:34.0 (62021624)|STATEMENT_EXECUTE|[24]
16:21:34.0 (62060656)|VARIABLE_ASSIGNMENT|[EXTERNAL]|this|{"isCommunityUser":false,"urlDailyReportManual":"https://c.ap4.conten (102 more) ...","urlExternalCxSTPDMan (3 more) ...":"https://ap4.salesfor (84 more) ...","urlInternalCxSTPDMan (3 more) ...":"https://c.ap4.conten (102 more) ..."}|0x99d5847
16:21:34.0 (62071659)|VARIABLE_ASSIGNMENT|[EXTERNAL]|value|""
16:21:34.0 (62079475)|VARIABLE_ASSIGNMENT|[3]|this.urlSFDCHome|""|0x99d5847
16:21:34.0 (62111422)|VARIABLE_ASSIGNMENT|[EXTERNAL]|this|{"isCommunityUser":false,"urlDailyReportManual":"https://c.ap4.conten (102 more) ...","urlExternalCxSTPDMan (3 more) ...":"https://ap4.salesfor (84 more) ...","urlInternalCxSTPDMan (3 more) ...":"https://c.ap4.conten (102 more) ...","urlSFDCHome":""}|0x99d5847
16:21:34.0 (62125117)|STATEMENT_EXECUTE|[25]
16:21:34.0 (62126690)|STATEMENT_EXECUTE|[26]
16:21:34.0 (62252083)|HEAP_ALLOCATE|[26]|Bytes:128
16:21:34.0 (62309146)|VARIABLE_ASSIGNMENT|[EXTERNAL]|this|{"isCommunityUser":false,"urlDailyReportManual":"https://c.ap4.conten (102 more) ...","urlExternalCxSTPDMan (3 more) ...":"https://ap4.salesfor (84 more) ...","urlInternalCxSTPDMan (3 more) ...":"https://c.ap4.conten (102 more) ...","urlSFDCHome":""}|0x99d5847
16:21:34.0 (62320406)|VARIABLE_ASSIGNMENT|[EXTERNAL]|value|"https://au-portal.li (49 more) ..."
16:21:34.0 (62328717)|VARIABLE_ASSIGNMENT|[3]|this.urlSFDCHome|"https://au-portal.li (49 more) ..."|0x99d5847
16:21:34.0 (62336373)|STATEMENT_EXECUTE|[27]
16:21:34.0 (62429035)|HEAP_ALLOCATE|[27]|Bytes:128
16:21:34.0 (62479804)|VARIABLE_ASSIGNMENT|[EXTERNAL]|this|{"isCommunityUser":false,"urlDailyReportManual":"https://c.ap4.conten (102 more) ...","urlExternalCxSTPDMan (3 more) ...":"https://ap4.salesfor (84 more) ...","urlInternalCxSTPDMan (3 more) ...":"https://c.ap4.conten (102 more) ...","urlSFDCHome":"https://au-portal.li (49 more) ..."}|0x99d5847
16:21:34.0 (62492165)|VARIABLE_ASSIGNMENT|[EXTERNAL]|value|"http://lucas-idp.kdd (77 more) ..."
16:21:34.0 (62501557)|VARIABLE_ASSIGNMENT|[8]|this.urlSingleSignOn|"http://lucas-idp.kdd (77 more) ..."|0x99d5847
16:21:34.0 (63047856)|SYSTEM_MODE_ENTER|true
16:21:34.0 (63161627)|SYSTEM_MODE_ENTER|true
16:21:34.0 (64167239)|SYSTEM_MODE_ENTER|true
16:21:34.0 (64193742)|HEAP_ALLOCATE|[EXTERNAL]|Bytes:40
16:21:34.0 (64205295)|VARIABLE_ASSIGNMENT|[EXTERNAL]|this.iCountComments|null|0x10c6f550
16:21:34.0 (64247959)|SYSTEM_MODE_ENTER|true
16:21:34.0 (64261975)|HEAP_ALLOCATE|[EXTERNAL]|Bytes:40
16:21:34.0 (64269075)|VARIABLE_ASSIGNMENT|[EXTERNAL]|this.iCountLikes|null|0x10c6f550
16:21:34.0 (64331207)|SYSTEM_MODE_ENTER|true
16:21:34.0 (64353200)|HEAP_ALLOCATE|[EXTERNAL]|Bytes:8
16:21:34.0 (64357937)|HEAP_ALLOCATE|[EXTERNAL]|Bytes:40
16:21:34.0 (64365743)|VARIABLE_ASSIGNMENT|[EXTERNAL]|this.iTypeOfScreen|0|0x10c6f550
16:21:34.0 (64588038)|SYSTEM_MODE_ENTER|true
16:21:34.0 (64617668)|HEAP_ALLOCATE|[EXTERNAL]|Bytes:40
16:21:34.0 (64624669)|VARIABLE_SCOPE_BEGIN|[140]|this|auMainTopCompCtrl|true|false
16:21:34.0 (64658899)|VARIABLE_ASSIGNMENT|[140]|this|{"currentUser":"0x6c5107f2","iTypeOfScreen":0,"urlReportsSFA":"https://au-portal.li (90 more) ..."}|0x10c6f550
16:21:34.0 (64668468)|STATEMENT_EXECUTE|[140]
16:21:34.0 (64693839)|VARIABLE_ASSIGNMENT|[EXTERNAL]|this|{"currentUser":"0x6c5107f2","iTypeOfScreen":0,"urlReportsSFA":"https://au-portal.li (90 more) ..."}|0x10c6f550
16:21:34.0 (64723914)|VARIABLE_ASSIGNMENT|[EXTERNAL]|this|{"currentUser":"0x6c5107f2","iTypeOfScreen":0,"urlReportsSFA":"https://au-portal.li (90 more) ..."}|0x10c6f550
16:21:34.0 (64748294)|VARIABLE_ASSIGNMENT|[EXTERNAL]|this|{"currentUser":"0x6c5107f2","iTypeOfScreen":0,"urlReportsSFA":"https://au-portal.li (90 more) ..."}|0x10c6f550
16:21:34.0 (64772934)|VARIABLE_ASSIGNMENT|[EXTERNAL]|this|{"currentUser":"0x6c5107f2","iTypeOfScreen":0,"urlReportsSFA":"https://au-portal.li (90 more) ..."}|0x10c6f550
16:21:34.0 (64796323)|VARIABLE_ASSIGNMENT|[EXTERNAL]|this|{"currentUser":"0x6c5107f2","iTypeOfScreen":0,"urlReportsSFA":"https://au-portal.li (90 more) ..."}|0x10c6f550
16:21:34.0 (64805752)|STATEMENT_EXECUTE|[149]
16:21:34.0 (64807270)|STATEMENT_EXECUTE|[150]
16:21:34.0 (64869042)|SYSTEM_MODE_ENTER|true
16:21:34.0 (64891363)|HEAP_ALLOCATE|[EXTERNAL]|Bytes:40
16:21:34.0 (64897195)|VARIABLE_SCOPE_BEGIN|[154]|this|auMainTopCompCtrl|true|false
16:21:34.0 (64920586)|VARIABLE_ASSIGNMENT|[154]|this|{"currentUser":"0x6c5107f2","iTypeOfScreen":0,"urlReportsSFA":"https://au-portal.li (90 more) ..."}|0x10c6f550
16:21:34.0 (64928245)|STATEMENT_EXECUTE|[154]
16:21:34.0 (64947645)|VARIABLE_ASSIGNMENT|[EXTERNAL]|this|{"currentUser":"0x6c5107f2","iTypeOfScreen":0,"urlReportsSFA":"https://au-portal.li (90 more) ..."}|0x10c6f550
16:21:34.0 (64972618)|VARIABLE_ASSIGNMENT|[EXTERNAL]|this|{"currentUser":"0x6c5107f2","iTypeOfScreen":0,"urlReportsSFA":"https://au-portal.li (90 more) ..."}|0x10c6f550
16:21:34.0 (64994805)|VARIABLE_ASSIGNMENT|[EXTERNAL]|this|{"currentUser":"0x6c5107f2","iTypeOfScreen":0,"urlReportsSFA":"https://au-portal.li (90 more) ..."}|0x10c6f550
16:21:34.0 (65017788)|VARIABLE_ASSIGNMENT|[EXTERNAL]|this|{"currentUser":"0x6c5107f2","iTypeOfScreen":0,"urlReportsSFA":"https://au-portal.li (90 more) ..."}|0x10c6f550
16:21:34.0 (65040335)|VARIABLE_ASSIGNMENT|[EXTERNAL]|this|{"currentUser":"0x6c5107f2","iTypeOfScreen":0,"urlReportsSFA":"https://au-portal.li (90 more) ..."}|0x10c6f550
16:21:34.0 (65052556)|STATEMENT_EXECUTE|[163]
16:21:34.0 (65054840)|STATEMENT_EXECUTE|[164]
16:21:34.0 (65272851)|SYSTEM_MODE_ENTER|true
16:21:34.0 (70476074)|SYSTEM_MODE_ENTER|true
16:21:34.0 (70507698)|HEAP_ALLOCATE|[EXTERNAL]|Bytes:40
16:21:34.0 (70514881)|VARIABLE_SCOPE_BEGIN|[53]|this|auMainTopCompCtrl|true|false
16:21:34.0 (70546639)|VARIABLE_ASSIGNMENT|[53]|this|{"currentUser":"0x6c5107f2","iTypeOfScreen":0,"urlReportsSFA":"https://au-portal.li (90 more) ..."}|0x10c6f550
16:21:34.0 (70556086)|STATEMENT_EXECUTE|[53]
16:21:34.0 (70557813)|STATEMENT_EXECUTE|[54]
16:21:34.0 (70582661)|VARIABLE_ASSIGNMENT|[EXTERNAL]|this|{"currentUser":"0x6c5107f2","iTypeOfScreen":0,"urlReportsSFA":"https://au-portal.li (90 more) ..."}|0x10c6f550
16:21:34.0 (70613264)|VARIABLE_ASSIGNMENT|[EXTERNAL]|this|{"currentUser":"0x6c5107f2","iTypeOfScreen":0,"urlReportsSFA":"https://au-portal.li (90 more) ..."}|0x10c6f550
16:21:34.0 (70637641)|VARIABLE_ASSIGNMENT|[EXTERNAL]|this|{"currentUser":"0x6c5107f2","iTypeOfScreen":0,"urlReportsSFA":"https://au-portal.li (90 more) ..."}|0x10c6f550
16:21:34.0 (70649514)|HEAP_ALLOCATE|[54]|Bytes:5
16:21:34.0 (70706426)|SYSTEM_MODE_ENTER|true
16:21:34.0 (70729255)|HEAP_ALLOCATE|[EXTERNAL]|Bytes:40
16:21:34.0 (70734806)|VARIABLE_SCOPE_BEGIN|[59]|this|auMainTopCompCtrl|true|false
16:21:34.0 (70757946)|VARIABLE_ASSIGNMENT|[59]|this|{"currentUser":"0x6c5107f2","iTypeOfScreen":0,"urlReportsSFA":"https://au-portal.li (90 more) ..."}|0x10c6f550
16:21:34.0 (70766059)|STATEMENT_EXECUTE|[59]
16:21:34.0 (70767613)|STATEMENT_EXECUTE|[60]
16:21:34.0 (70787115)|VARIABLE_ASSIGNMENT|[EXTERNAL]|this|{"currentUser":"0x6c5107f2","iTypeOfScreen":0,"urlReportsSFA":"https://au-portal.li (90 more) ..."}|0x10c6f550
16:21:34.0 (70812728)|VARIABLE_ASSIGNMENT|[EXTERNAL]|this|{"currentUser":"0x6c5107f2","iTypeOfScreen":0,"urlReportsSFA":"https://au-portal.li (90 more) ..."}|0x10c6f550
16:21:34.0 (70823242)|HEAP_ALLOCATE|[60]|Bytes:5
16:21:34.0 (70871503)|SYSTEM_MODE_ENTER|true
16:21:34.0 (70892336)|HEAP_ALLOCATE|[EXTERNAL]|Bytes:40
16:21:34.0 (70897731)|VARIABLE_SCOPE_BEGIN|[69]|this|auMainTopCompCtrl|true|false
16:21:34.0 (70919798)|VARIABLE_ASSIGNMENT|[69]|this|{"currentUser":"0x6c5107f2","iTypeOfScreen":0,"urlReportsSFA":"https://au-portal.li (90 more) ..."}|0x10c6f550
16:21:34.0 (70926976)|STATEMENT_EXECUTE|[69]
16:21:34.0 (70928705)|STATEMENT_EXECUTE|[70]
16:21:34.0 (70947827)|VARIABLE_ASSIGNMENT|[EXTERNAL]|this|{"currentUser":"0x6c5107f2","iTypeOfScreen":0,"urlReportsSFA":"https://au-portal.li (90 more) ..."}|0x10c6f550
16:21:34.0 (70973070)|VARIABLE_ASSIGNMENT|[EXTERNAL]|this|{"currentUser":"0x6c5107f2","iTypeOfScreen":0,"urlReportsSFA":"https://au-portal.li (90 more) ..."}|0x10c6f550
16:21:34.0 (70988199)|HEAP_ALLOCATE|[70]|Bytes:5
16:21:34.0 (72241305)|SYSTEM_MODE_ENTER|true
16:21:34.0 (72751378)|SYSTEM_MODE_ENTER|true
16:21:34.0 (73953028)|VF_SERIALIZE_VIEWSTATE_BEGIN|0666F000006TarA
16:21:34.0 (76748428)|VF_SERIALIZE_VIEWSTATE_END
16:21:34.83 (83925477)|CUMULATIVE_LIMIT_USAGE
16:21:34.83 (83925477)|LIMIT_USAGE_FOR_NS|(default)|
  Number of SOQL queries: 5 out of 100
  Number of query rows: 5 out of 50000
  Number of SOSL queries: 0 out of 20
  Number of DML statements: 0 out of 150
  Number of DML rows: 0 out of 10000
  Maximum CPU time: 0 out of 10000
  Maximum heap size: 0 out of 6000000
  Number of callouts: 0 out of 100
  Number of Email Invocations: 0 out of 10
  Number of future calls: 0 out of 50
  Number of queueable jobs added to the queue: 0 out of 50
  Number of Mobile Apex push calls: 0 out of 10

16:21:34.83 (83925477)|CUMULATIVE_LIMIT_USAGE_END

16:21:34.0 (83957804)|CODE_UNIT_FINISHED|VF: /apex/auSwitchScreenPage
16:21:34.0 (85110396)|EXECUTION_FINISHED
