42.0 APEX_CODE,FINEST;APEX_PROFILING,INFO;CALLOUT,INFO;DB,INFO;SYSTEM,DEBUG;VALIDATION,INFO;VISUALFORCE,INFO;WAVE,INFO;WORKFLOW,INFO
Execute Anonymous: User usr = [SELECT Id, CreatedDate from User where Id='0056F000007edZKQAY' LIMIT 1];
Execute Anonymous: 
Execute Anonymous: System.setPassword(usr.Id, 'aU000000');
Execute Anonymous: 
Execute Anonymous: Update usr;
18:27:45.0 (842445)|USER_INFO|[EXTERNAL]|0056F000006PtYl|gwadmin@gw.jp.kddi|日本標準時|GMT+09:00
18:27:45.0 (863579)|EXECUTION_STARTED
18:27:45.0 (867820)|CODE_UNIT_STARTED|[EXTERNAL]|execute_anonymous_apex
18:27:45.0 (971054)|VARIABLE_SCOPE_BEGIN|[1]|usr|User|true|false
18:27:45.0 (1074701)|HEAP_ALLOCATE|[72]|Bytes:3
18:27:45.0 (1106986)|HEAP_ALLOCATE|[77]|Bytes:152
18:27:45.0 (1121518)|HEAP_ALLOCATE|[342]|Bytes:408
18:27:45.0 (1133541)|HEAP_ALLOCATE|[355]|Bytes:408
18:27:45.0 (1144349)|HEAP_ALLOCATE|[467]|Bytes:48
18:27:45.0 (1174049)|HEAP_ALLOCATE|[139]|Bytes:6
18:27:45.0 (1196193)|HEAP_ALLOCATE|[EXTERNAL]|Bytes:5
18:27:45.0 (1264449)|STATEMENT_EXECUTE|[1]
18:27:45.0 (1267244)|STATEMENT_EXECUTE|[1]
18:27:45.0 (1270126)|HEAP_ALLOCATE|[1]|Bytes:72
18:27:45.0 (1284543)|HEAP_ALLOCATE|[1]|Bytes:4
18:27:45.0 (1318592)|HEAP_ALLOCATE|[50]|Bytes:5
18:27:45.0 (1335493)|HEAP_ALLOCATE|[56]|Bytes:5
18:27:45.0 (1342206)|HEAP_ALLOCATE|[64]|Bytes:7
18:27:45.0 (1496057)|SOQL_EXECUTE_BEGIN|[1]|Aggregations:0|SELECT Id, CreatedDate FROM User WHERE Id = '0056F000007edZKQAY' LIMIT 1
18:27:45.0 (17855590)|SOQL_EXECUTE_END|[1]|Rows:1
18:27:45.0 (17885356)|HEAP_ALLOCATE|[1]|Bytes:8
18:27:45.0 (17899133)|HEAP_ALLOCATE|[1]|Bytes:48
18:27:45.0 (17958677)|HEAP_ALLOCATE|[1]|Bytes:8
18:27:45.0 (17973460)|HEAP_ALLOCATE|[1]|Bytes:30
18:27:45.0 (17999689)|HEAP_ALLOCATE|[1]|Bytes:12
18:27:45.0 (18053440)|VARIABLE_ASSIGNMENT|[1]|usr|{"Id":"0056F000007edZKQAY","CreatedDate":"2018-05-22T09:16:27.000Z"}|0x3eacae83
18:27:45.0 (18061505)|STATEMENT_EXECUTE|[3]
18:27:45.0 (18084829)|HEAP_ALLOCATE|[3]|Bytes:8
18:27:45.0 (18148085)|DML_BEGIN|[3]|Op:setPassword|Type:User|Rows:1
18:27:45.0 (72862247)|DML_END|[3]
18:27:45.0 (72894469)|STATEMENT_EXECUTE|[5]
18:27:45.0 (72952408)|HEAP_ALLOCATE|[5]|Bytes:8
18:27:45.0 (72965650)|DML_BEGIN|[5]|Op:Update|Type:User|Rows:1
18:27:45.0 (72986402)|HEAP_ALLOCATE|[EXTERNAL]|Bytes:8
18:27:45.0 (138851240)|DML_END|[5]
18:27:45.147 (147602822)|CUMULATIVE_LIMIT_USAGE
18:27:45.147 (147602822)|LIMIT_USAGE_FOR_NS|(default)|
  Number of SOQL queries: 1 out of 100
  Number of query rows: 1 out of 50000
  Number of SOSL queries: 0 out of 20
  Number of DML statements: 2 out of 150
  Number of DML rows: 2 out of 10000
  Maximum CPU time: 0 out of 10000
  Maximum heap size: 0 out of 6000000
  Number of callouts: 0 out of 100
  Number of Email Invocations: 0 out of 10
  Number of future calls: 0 out of 50
  Number of queueable jobs added to the queue: 0 out of 50
  Number of Mobile Apex push calls: 0 out of 10

18:27:45.147 (147602822)|CUMULATIVE_LIMIT_USAGE_END

18:27:45.0 (147650062)|CODE_UNIT_FINISHED|execute_anonymous_apex
18:27:45.0 (148507060)|EXECUTION_FINISHED
