41.0 APEX_CODE,FINEST;APEX_PROFILING,INFO;CALLOUT,INFO;DB,INFO;NBA,INFO;SYSTEM,DEBUG;VALIDATION,INFO;VISUALFORCE,INFO;WAVE,INFO;WORKFLOW,INFO
17:16:44.0 (100847)|USER_INFO|[EXTERNAL]|0056F000006PtYl|gwadmin@gw.jp.kddi|日本標準時|GMT+09:00
17:16:44.0 (134827)|EXECUTION_STARTED
17:16:44.0 (140148)|CODE_UNIT_STARTED|[EXTERNAL]|0666F000006A0wl|VF: /apex/auPortal
17:16:44.0 (4658751)|SYSTEM_MODE_ENTER|true
17:16:44.0 (5139236)|HEAP_ALLOCATE|[72]|Bytes:3
17:16:44.0 (5183197)|HEAP_ALLOCATE|[77]|Bytes:152
17:16:44.0 (5197853)|HEAP_ALLOCATE|[342]|Bytes:408
17:16:44.0 (5210713)|HEAP_ALLOCATE|[355]|Bytes:408
17:16:44.0 (5226927)|HEAP_ALLOCATE|[467]|Bytes:48
17:16:44.0 (5254437)|HEAP_ALLOCATE|[139]|Bytes:6
17:16:44.0 (5271402)|HEAP_ALLOCATE|[EXTERNAL]|Bytes:3
17:16:44.0 (5283775)|METHOD_ENTRY|[1]|01p6F000006ymEN|auPortalCtrl.auPortalCtrl()
17:16:44.0 (5292186)|STATEMENT_EXECUTE|[1]
17:16:44.0 (5297054)|STATEMENT_EXECUTE|[1]
17:16:44.0 (5337981)|HEAP_ALLOCATE|[50]|Bytes:5
17:16:44.0 (5365371)|HEAP_ALLOCATE|[56]|Bytes:5
17:16:44.0 (5379496)|HEAP_ALLOCATE|[64]|Bytes:7
17:16:44.0 (5404894)|SYSTEM_MODE_ENTER|false
17:16:44.0 (5428715)|HEAP_ALLOCATE|[EXTERNAL]|Bytes:5
17:16:44.0 (5440234)|SYSTEM_MODE_EXIT|false
17:16:44.0 (5449768)|METHOD_EXIT|[1]|auPortalCtrl
17:16:44.0 (5463908)|HEAP_ALLOCATE|[EXTERNAL]|Bytes:4
17:16:44.0 (5475750)|VARIABLE_SCOPE_BEGIN|[3]|this|auPortalCtrl|true|false
17:16:44.0 (5519145)|VARIABLE_ASSIGNMENT|[3]|this|{}|0x5c3eedb5
17:16:44.0 (5533513)|SYSTEM_MODE_ENTER|false
17:16:44.0 (5540230)|HEAP_ALLOCATE|[EXTERNAL]|Bytes:5
17:16:44.0 (5545501)|STATEMENT_EXECUTE|[1]
17:16:44.0 (5548756)|HEAP_ALLOCATE|[EXTERNAL]|Bytes:5
17:16:44.0 (5558109)|HEAP_ALLOCATE|[EXTERNAL]|Bytes:6
17:16:44.0 (5596191)|STATEMENT_EXECUTE|[3]
17:16:44.0 (5600532)|SYSTEM_MODE_EXIT|false
17:16:44.0 (5716597)|HEAP_ALLOCATE|[EXTERNAL]|Bytes:4
17:16:44.0 (5727671)|VARIABLE_SCOPE_BEGIN|[7]|this|auPortalCtrl|true|false
17:16:44.0 (5745184)|VARIABLE_ASSIGNMENT|[7]|this|{}|0x5c3eedb5
17:16:44.0 (5759684)|SYSTEM_MODE_ENTER|false
17:16:44.0 (5766476)|HEAP_ALLOCATE|[9]|Bytes:5
17:16:44.0 (5771433)|STATEMENT_EXECUTE|[7]
17:16:44.0 (5773297)|STATEMENT_EXECUTE|[9]
17:16:44.0 (6708721)|HEAP_ALLOCATE|[9]|Bytes:156
17:16:44.0 (6809104)|HEAP_ALLOCATE|[9]|Bytes:5
17:16:44.0 (6843973)|HEAP_ALLOCATE|[9]|Bytes:32
17:16:44.0 (6886151)|SYSTEM_MODE_EXIT|false
17:16:44.9 (9029899)|CUMULATIVE_LIMIT_USAGE
17:16:44.9 (9029899)|LIMIT_USAGE_FOR_NS|(default)|
  Number of SOQL queries: 0 out of 100
  Number of query rows: 0 out of 50000
  Number of SOSL queries: 0 out of 20
  Number of DML statements: 0 out of 150
  Number of DML rows: 0 out of 10000
  Maximum CPU time: 0 out of 10000
  Maximum heap size: 0 out of 6000000
  Number of callouts: 0 out of 100
  Number of Email Invocations: 0 out of 10
  Number of future calls: 0 out of 50
  Number of queueable jobs added to the queue: 0 out of 50
  Number of Mobile Apex push calls: 0 out of 10

17:16:44.9 (9029899)|CUMULATIVE_LIMIT_USAGE_END

17:16:44.0 (9068183)|CODE_UNIT_FINISHED|VF: /apex/auPortal
17:16:44.0 (9855580)|EXECUTION_FINISHED
