41.0 APEX_CODE,FINEST;APEX_PROFILING,INFO;CALLOUT,INFO;DB,INFO;SYSTEM,DEBUG;VALIDATION,INFO;VISUALFORCE,INFO;WAVE,INFO;WORKFLOW,INFO
18:50:41.0 (67568)|USER_INFO|[EXTERNAL]|0056F000006PtYl|gwadmin@gw.jp.kddi|日本標準時|GMT+09:00
18:50:41.0 (101015)|EXECUTION_STARTED
18:50:41.0 (105472)|CODE_UNIT_STARTED|[EXTERNAL]|0666F000006A0wl|VF: /apex/auPortal
18:50:41.0 (4205552)|SYSTEM_MODE_ENTER|true
18:50:41.0 (4612243)|HEAP_ALLOCATE|[72]|Bytes:3
18:50:41.0 (4645648)|HEAP_ALLOCATE|[77]|Bytes:152
18:50:41.0 (4661696)|HEAP_ALLOCATE|[342]|Bytes:408
18:50:41.0 (4679618)|HEAP_ALLOCATE|[355]|Bytes:408
18:50:41.0 (4691238)|HEAP_ALLOCATE|[467]|Bytes:48
18:50:41.0 (4718309)|HEAP_ALLOCATE|[139]|Bytes:6
18:50:41.0 (4735265)|HEAP_ALLOCATE|[EXTERNAL]|Bytes:3
18:50:41.0 (4746825)|METHOD_ENTRY|[1]|01p6F000006ymEN|auPortalCtrl.auPortalCtrl()
18:50:41.0 (4753588)|STATEMENT_EXECUTE|[1]
18:50:41.0 (4757839)|STATEMENT_EXECUTE|[1]
18:50:41.0 (4789222)|HEAP_ALLOCATE|[50]|Bytes:5
18:50:41.0 (4810250)|HEAP_ALLOCATE|[56]|Bytes:5
18:50:41.0 (4819942)|HEAP_ALLOCATE|[64]|Bytes:7
18:50:41.0 (4846080)|SYSTEM_MODE_ENTER|false
18:50:41.0 (4858951)|HEAP_ALLOCATE|[EXTERNAL]|Bytes:5
18:50:41.0 (4865971)|SYSTEM_MODE_EXIT|false
18:50:41.0 (4874601)|METHOD_EXIT|[1]|auPortalCtrl
18:50:41.0 (4886316)|HEAP_ALLOCATE|[EXTERNAL]|Bytes:4
18:50:41.0 (4895828)|VARIABLE_SCOPE_BEGIN|[3]|this|auPortalCtrl|true|false
18:50:41.0 (4937849)|VARIABLE_ASSIGNMENT|[3]|this|{}|0x28b4c95b
18:50:41.0 (4956544)|SYSTEM_MODE_ENTER|false
18:50:41.0 (4967435)|HEAP_ALLOCATE|[EXTERNAL]|Bytes:5
18:50:41.0 (4972523)|STATEMENT_EXECUTE|[1]
18:50:41.0 (4978105)|HEAP_ALLOCATE|[EXTERNAL]|Bytes:5
18:50:41.0 (4987600)|HEAP_ALLOCATE|[EXTERNAL]|Bytes:6
18:50:41.0 (5026147)|STATEMENT_EXECUTE|[3]
18:50:41.0 (5030890)|SYSTEM_MODE_EXIT|false
18:50:41.0 (5160161)|HEAP_ALLOCATE|[EXTERNAL]|Bytes:4
18:50:41.0 (5172186)|VARIABLE_SCOPE_BEGIN|[7]|this|auPortalCtrl|true|false
18:50:41.0 (5188551)|VARIABLE_ASSIGNMENT|[7]|this|{}|0x28b4c95b
18:50:41.0 (5210292)|SYSTEM_MODE_ENTER|false
18:50:41.0 (5216708)|HEAP_ALLOCATE|[9]|Bytes:5
18:50:41.0 (5221278)|STATEMENT_EXECUTE|[7]
18:50:41.0 (5223146)|STATEMENT_EXECUTE|[9]
18:50:41.0 (6161902)|HEAP_ALLOCATE|[9]|Bytes:136
18:50:41.0 (6226168)|HEAP_ALLOCATE|[9]|Bytes:5
18:50:41.0 (6250035)|HEAP_ALLOCATE|[9]|Bytes:32
18:50:41.0 (6289170)|SYSTEM_MODE_EXIT|false
18:50:41.8 (8064714)|CUMULATIVE_LIMIT_USAGE
18:50:41.8 (8064714)|LIMIT_USAGE_FOR_NS|(default)|
  Number of SOQL queries: 0 out of 100
  Number of query rows: 0 out of 50000
  Number of SOSL queries: 0 out of 20
  Number of DML statements: 0 out of 150
  Number of DML rows: 0 out of 10000
  Maximum CPU time: 0 out of 10000
  Maximum heap size: 0 out of 6000000
  Number of callouts: 0 out of 100
  Number of Email Invocations: 0 out of 10
  Number of future calls: 0 out of 50
  Number of queueable jobs added to the queue: 0 out of 50
  Number of Mobile Apex push calls: 0 out of 10

18:50:41.8 (8064714)|CUMULATIVE_LIMIT_USAGE_END

18:50:41.0 (8100343)|CODE_UNIT_FINISHED|VF: /apex/auPortal
18:50:41.0 (8912507)|EXECUTION_FINISHED
