38.0 APEX_CODE,FINEST;APEX_PROFILING,INFO;CALLOUT,INFO;DB,INFO;SYSTEM,DEBUG;VALIDATION,INFO;VISUALFORCE,INFO;WAVE,INFO;WORKFLOW,INFO
18:50:41.0 (59108)|USER_INFO|[EXTERNAL]|0056F000006PtYl|gwadmin@gw.jp.kddi|日本標準時|GMT+09:00
18:50:41.0 (96015)|EXECUTION_STARTED
18:50:41.0 (100532)|CODE_UNIT_STARTED|[EXTERNAL]|0666F000006TarA|VF: /apex/auSwitchScreenPage
18:50:41.0 (17258135)|SYSTEM_MODE_ENTER|true
18:50:41.0 (17557278)|VARIABLE_SCOPE_BEGIN|[7]|auMainTopCompCtrl.TYPE_SCREEN_CX_SCREEN|Integer|false|true
18:50:41.0 (17571178)|VARIABLE_SCOPE_BEGIN|[8]|auMainTopCompCtrl.TYPE_SCREEN_CX_TIMELINE|Integer|false|true
18:50:41.0 (17580718)|VARIABLE_SCOPE_BEGIN|[9]|auMainTopCompCtrl.TYPE_SCREEN_EVENT_SCHEDULE|Integer|false|true
18:50:41.0 (17589336)|VARIABLE_SCOPE_BEGIN|[10]|auMainTopCompCtrl.TYPE_SCREEN_EVENT_SCHEDULE_LIST|Integer|false|true
18:50:41.0 (17596455)|VARIABLE_SCOPE_BEGIN|[23]|auMainTopCompCtrl.TYPE_SCREEN_HONBU_DIRECT|Integer|false|true
18:50:41.0 (17603438)|VARIABLE_SCOPE_BEGIN|[11]|auMainTopCompCtrl.TYPE_SCREEN_KNOWLEDGE_DASHBOARD|Integer|false|true
18:50:41.0 (17610368)|VARIABLE_SCOPE_BEGIN|[12]|auMainTopCompCtrl.TYPE_SCREEN_KNOWLEDGE_LIST|Integer|false|true
18:50:41.0 (17617277)|VARIABLE_SCOPE_BEGIN|[15]|auMainTopCompCtrl.TYPE_SCREEN_SA_CHATTER|Integer|false|true
18:50:41.0 (17623982)|VARIABLE_SCOPE_BEGIN|[16]|auMainTopCompCtrl.TYPE_SCREEN_SA_DAILYREPORT|Integer|false|true
18:50:41.0 (17631186)|VARIABLE_SCOPE_BEGIN|[22]|auMainTopCompCtrl.TYPE_SCREEN_SA_DAILYREPORTLIST|Integer|false|true
18:50:41.0 (17643555)|VARIABLE_SCOPE_BEGIN|[18]|auMainTopCompCtrl.TYPE_SCREEN_SA_DOCUMENTS|Integer|false|true
18:50:41.0 (17651116)|VARIABLE_SCOPE_BEGIN|[17]|auMainTopCompCtrl.TYPE_SCREEN_SA_ENQUETE|Integer|false|true
18:50:41.0 (17658462)|VARIABLE_SCOPE_BEGIN|[20]|auMainTopCompCtrl.TYPE_SCREEN_SA_LINKS|Integer|false|true
18:50:41.0 (17665565)|VARIABLE_SCOPE_BEGIN|[13]|auMainTopCompCtrl.TYPE_SCREEN_SA_MESSAGES|Integer|false|true
18:50:41.0 (17673206)|VARIABLE_SCOPE_BEGIN|[19]|auMainTopCompCtrl.TYPE_SCREEN_SA_RANKING|Integer|false|true
18:50:41.0 (17680266)|VARIABLE_SCOPE_BEGIN|[14]|auMainTopCompCtrl.TYPE_SCREEN_SA_REPORTS|Integer|false|true
18:50:41.0 (17687406)|VARIABLE_SCOPE_BEGIN|[21]|auMainTopCompCtrl.TYPE_SCREEN_SA_USRSETTINGS|Integer|false|true
18:50:41.0 (17694497)|VARIABLE_SCOPE_BEGIN|[4]|auMainTopCompCtrl.TYPE_SCREEN_STPD_EVENT|Integer|false|true
18:50:41.0 (17701704)|VARIABLE_SCOPE_BEGIN|[6]|auMainTopCompCtrl.TYPE_SCREEN_STPD_SCREEN|Integer|false|true
18:50:41.0 (17709413)|VARIABLE_SCOPE_BEGIN|[5]|auMainTopCompCtrl.TYPE_SCREEN_STPD_TIMELINE|Integer|false|true
18:50:41.0 (17716969)|VARIABLE_SCOPE_BEGIN|[3]|auMainTopCompCtrl.TYPE_SCREEN_SWITCH|Integer|false|true
18:50:41.0 (17840585)|HEAP_ALLOCATE|[72]|Bytes:3
18:50:41.0 (17878149)|HEAP_ALLOCATE|[77]|Bytes:152
18:50:41.0 (17894788)|HEAP_ALLOCATE|[342]|Bytes:408
18:50:41.0 (17907712)|HEAP_ALLOCATE|[355]|Bytes:408
18:50:41.0 (17919463)|HEAP_ALLOCATE|[467]|Bytes:48
18:50:41.0 (17947365)|HEAP_ALLOCATE|[139]|Bytes:6
18:50:41.0 (17962972)|HEAP_ALLOCATE|[EXTERNAL]|Bytes:284
18:50:41.0 (17972965)|HEAP_ALLOCATE|[EXTERNAL]|Bytes:129
18:50:41.0 (17985786)|METHOD_ENTRY|[1]|01p6F0000084OtI|auMainTopCompCtrl.auMainTopCompCtrl()
18:50:41.0 (17993752)|STATEMENT_EXECUTE|[1]
18:50:41.0 (17998422)|STATEMENT_EXECUTE|[1]
18:50:41.0 (18000285)|STATEMENT_EXECUTE|[3]
18:50:41.0 (18007479)|HEAP_ALLOCATE|[3]|Bytes:4
18:50:41.0 (18032471)|VARIABLE_ASSIGNMENT|[3]|auMainTopCompCtrl.TYPE_SCREEN_SWITCH|0
18:50:41.0 (18037622)|STATEMENT_EXECUTE|[4]
18:50:41.0 (18041384)|HEAP_ALLOCATE|[4]|Bytes:4
18:50:41.0 (18049389)|VARIABLE_ASSIGNMENT|[4]|auMainTopCompCtrl.TYPE_SCREEN_STPD_EVENT|11
18:50:41.0 (18053622)|STATEMENT_EXECUTE|[5]
18:50:41.0 (18055895)|HEAP_ALLOCATE|[5]|Bytes:4
18:50:41.0 (18062676)|VARIABLE_ASSIGNMENT|[5]|auMainTopCompCtrl.TYPE_SCREEN_STPD_TIMELINE|12
18:50:41.0 (18066951)|STATEMENT_EXECUTE|[6]
18:50:41.0 (18069032)|HEAP_ALLOCATE|[6]|Bytes:4
18:50:41.0 (18075748)|VARIABLE_ASSIGNMENT|[6]|auMainTopCompCtrl.TYPE_SCREEN_STPD_SCREEN|13
18:50:41.0 (18079506)|STATEMENT_EXECUTE|[7]
18:50:41.0 (18082198)|HEAP_ALLOCATE|[7]|Bytes:4
18:50:41.0 (18087579)|VARIABLE_ASSIGNMENT|[7]|auMainTopCompCtrl.TYPE_SCREEN_CX_SCREEN|21
18:50:41.0 (18091932)|STATEMENT_EXECUTE|[8]
18:50:41.0 (18094180)|HEAP_ALLOCATE|[8]|Bytes:4
18:50:41.0 (18099698)|VARIABLE_ASSIGNMENT|[8]|auMainTopCompCtrl.TYPE_SCREEN_CX_TIMELINE|22
18:50:41.0 (18103286)|STATEMENT_EXECUTE|[9]
18:50:41.0 (18105520)|HEAP_ALLOCATE|[9]|Bytes:4
18:50:41.0 (18111193)|VARIABLE_ASSIGNMENT|[9]|auMainTopCompCtrl.TYPE_SCREEN_EVENT_SCHEDULE|31
18:50:41.0 (18114989)|STATEMENT_EXECUTE|[10]
18:50:41.0 (18117295)|HEAP_ALLOCATE|[10]|Bytes:4
18:50:41.0 (18123248)|VARIABLE_ASSIGNMENT|[10]|auMainTopCompCtrl.TYPE_SCREEN_EVENT_SCHEDULE_LIST|32
18:50:41.0 (18127407)|STATEMENT_EXECUTE|[11]
18:50:41.0 (18129508)|HEAP_ALLOCATE|[11]|Bytes:4
18:50:41.0 (18135209)|VARIABLE_ASSIGNMENT|[11]|auMainTopCompCtrl.TYPE_SCREEN_KNOWLEDGE_DASHBOARD|41
18:50:41.0 (18139098)|STATEMENT_EXECUTE|[12]
18:50:41.0 (18141168)|HEAP_ALLOCATE|[12]|Bytes:4
18:50:41.0 (18146908)|VARIABLE_ASSIGNMENT|[12]|auMainTopCompCtrl.TYPE_SCREEN_KNOWLEDGE_LIST|42
18:50:41.0 (18150632)|STATEMENT_EXECUTE|[13]
18:50:41.0 (18152811)|HEAP_ALLOCATE|[13]|Bytes:4
18:50:41.0 (18158771)|VARIABLE_ASSIGNMENT|[13]|auMainTopCompCtrl.TYPE_SCREEN_SA_MESSAGES|51
18:50:41.0 (18162674)|STATEMENT_EXECUTE|[14]
18:50:41.0 (18164749)|HEAP_ALLOCATE|[14]|Bytes:4
18:50:41.0 (18171443)|VARIABLE_ASSIGNMENT|[14]|auMainTopCompCtrl.TYPE_SCREEN_SA_REPORTS|52
18:50:41.0 (18174974)|STATEMENT_EXECUTE|[15]
18:50:41.0 (18177197)|HEAP_ALLOCATE|[15]|Bytes:4
18:50:41.0 (18183049)|VARIABLE_ASSIGNMENT|[15]|auMainTopCompCtrl.TYPE_SCREEN_SA_CHATTER|53
18:50:41.0 (18186662)|STATEMENT_EXECUTE|[16]
18:50:41.0 (18188792)|HEAP_ALLOCATE|[16]|Bytes:4
18:50:41.0 (18194730)|VARIABLE_ASSIGNMENT|[16]|auMainTopCompCtrl.TYPE_SCREEN_SA_DAILYREPORT|54
18:50:41.0 (18198329)|STATEMENT_EXECUTE|[17]
18:50:41.0 (18200435)|HEAP_ALLOCATE|[17]|Bytes:4
18:50:41.0 (18206296)|VARIABLE_ASSIGNMENT|[17]|auMainTopCompCtrl.TYPE_SCREEN_SA_ENQUETE|55
18:50:41.0 (18209797)|STATEMENT_EXECUTE|[18]
18:50:41.0 (18211862)|HEAP_ALLOCATE|[18]|Bytes:4
18:50:41.0 (18217833)|VARIABLE_ASSIGNMENT|[18]|auMainTopCompCtrl.TYPE_SCREEN_SA_DOCUMENTS|56
18:50:41.0 (18221559)|STATEMENT_EXECUTE|[19]
18:50:41.0 (18223754)|HEAP_ALLOCATE|[19]|Bytes:4
18:50:41.0 (18230254)|VARIABLE_ASSIGNMENT|[19]|auMainTopCompCtrl.TYPE_SCREEN_SA_RANKING|57
18:50:41.0 (18233983)|STATEMENT_EXECUTE|[20]
18:50:41.0 (18235993)|HEAP_ALLOCATE|[20]|Bytes:4
18:50:41.0 (18242035)|VARIABLE_ASSIGNMENT|[20]|auMainTopCompCtrl.TYPE_SCREEN_SA_LINKS|58
18:50:41.0 (18245751)|STATEMENT_EXECUTE|[21]
18:50:41.0 (18247813)|HEAP_ALLOCATE|[21]|Bytes:4
18:50:41.0 (18254069)|VARIABLE_ASSIGNMENT|[21]|auMainTopCompCtrl.TYPE_SCREEN_SA_USRSETTINGS|59
18:50:41.0 (18257777)|STATEMENT_EXECUTE|[22]
18:50:41.0 (18259759)|HEAP_ALLOCATE|[22]|Bytes:4
18:50:41.0 (18265591)|VARIABLE_ASSIGNMENT|[22]|auMainTopCompCtrl.TYPE_SCREEN_SA_DAILYREPORTLIST|60
18:50:41.0 (18269436)|STATEMENT_EXECUTE|[23]
18:50:41.0 (18271438)|HEAP_ALLOCATE|[23]|Bytes:4
18:50:41.0 (18276921)|VARIABLE_ASSIGNMENT|[23]|auMainTopCompCtrl.TYPE_SCREEN_HONBU_DIRECT|71
18:50:41.0 (18284247)|METHOD_EXIT|[1]|auMainTopCompCtrl
18:50:41.0 (18292503)|HEAP_ALLOCATE|[EXTERNAL]|Bytes:40
18:50:41.0 (18300923)|VARIABLE_SCOPE_BEGIN|[42]|this|auMainTopCompCtrl|true|false
18:50:41.0 (18377516)|VARIABLE_ASSIGNMENT|[42]|this|{}|0x5a6480b7
18:50:41.0 (18388278)|STATEMENT_EXECUTE|[1]
18:50:41.0 (18390234)|STATEMENT_EXECUTE|[25]
18:50:41.0 (18391912)|STATEMENT_EXECUTE|[26]
18:50:41.0 (18393805)|STATEMENT_EXECUTE|[27]
18:50:41.0 (18395599)|STATEMENT_EXECUTE|[30]
18:50:41.0 (18397493)|STATEMENT_EXECUTE|[31]
18:50:41.0 (18399211)|STATEMENT_EXECUTE|[32]
18:50:41.0 (18400770)|STATEMENT_EXECUTE|[34]
18:50:41.0 (18402473)|STATEMENT_EXECUTE|[35]
18:50:41.0 (18404135)|STATEMENT_EXECUTE|[37]
18:50:41.0 (18413272)|HEAP_ALLOCATE|[43]|Bytes:6
18:50:41.0 (18465293)|STATEMENT_EXECUTE|[42]
18:50:41.0 (18467378)|STATEMENT_EXECUTE|[43]
18:50:41.0 (18529146)|VARIABLE_ASSIGNMENT|[EXTERNAL]|this|{}|0x5a6480b7
18:50:41.0 (18542257)|VARIABLE_ASSIGNMENT|[EXTERNAL]|value|0
18:50:41.0 (18549619)|HEAP_ALLOCATE|[30]|Bytes:4
18:50:41.0 (18558395)|VARIABLE_ASSIGNMENT|[30]|this.iTypeOfScreen|0|0x5a6480b7
18:50:41.0 (18570028)|STATEMENT_EXECUTE|[45]
18:50:41.0 (19541174)|HEAP_ALLOCATE|[45]|Bytes:136
18:50:41.0 (19677119)|VARIABLE_ASSIGNMENT|[EXTERNAL]|this|{"iTypeOfScreen":0}|0x5a6480b7
18:50:41.0 (19693385)|VARIABLE_ASSIGNMENT|[EXTERNAL]|value|"https://au-portal.li (77 more) ..."
18:50:41.0 (19708471)|VARIABLE_ASSIGNMENT|[35]|this.urlReportsSFA|"https://au-portal.li (77 more) ..."|0x5a6480b7
18:50:41.0 (19719381)|STATEMENT_EXECUTE|[47]
18:50:41.0 (19724039)|HEAP_ALLOCATE|[47]|Bytes:188
18:50:41.0 (19749042)|HEAP_ALLOCATE|[47]|Bytes:4
18:50:41.0 (19764330)|HEAP_ALLOCATE|[47]|Bytes:7
18:50:41.0 (19802203)|HEAP_ALLOCATE|[52]|Bytes:85
18:50:41.0 (19814395)|SYSTEM_METHOD_ENTRY|[1]|UserInfo.UserInfo()
18:50:41.0 (19818995)|STATEMENT_EXECUTE|[1]
18:50:41.0 (19825239)|SYSTEM_METHOD_EXIT|[1]|UserInfo
18:50:41.0 (19835834)|METHOD_ENTRY|[52]||System.UserInfo.getUserId()
18:50:41.0 (19913744)|METHOD_EXIT|[52]||System.UserInfo.getUserId()
18:50:41.0 (21655815)|SOQL_EXECUTE_BEGIN|[47]|Aggregations:0|SELECT SmallPhotoUrl, Account.Name, Account.RegionalOfficeId__r.RegionalOfficeName__c, Account.BranchId__r.BranchName__c, Name, Department, UserRole.Name FROM User WHERE User.ID = :tmpVar1
18:50:41.0 (29925608)|SOQL_EXECUTE_END|[47]|Rows:1
18:50:41.0 (29955341)|HEAP_ALLOCATE|[47]|Bytes:8
18:50:41.0 (29984290)|HEAP_ALLOCATE|[47]|Bytes:178
18:50:41.0 (30096635)|HEAP_ALLOCATE|[47]|Bytes:8
18:50:41.0 (30115797)|HEAP_ALLOCATE|[47]|Bytes:30
18:50:41.0 (30171160)|HEAP_ALLOCATE|[47]|Bytes:24
18:50:41.0 (30254648)|VARIABLE_ASSIGNMENT|[EXTERNAL]|this|{"iTypeOfScreen":0,"urlReportsSFA":"https://au-portal.li (77 more) ..."}|0x5a6480b7
18:50:41.0 (30281878)|VARIABLE_ASSIGNMENT|[EXTERNAL]|value|{"SmallPhotoUrl":"/profilephoto/005/T","Name":"auPortal システム開発","UserRoleId":"00E6F000001SEaUUAW","Id":"0056F000006PtYlQAK","UserRole":{"Name":"コンシューマ事業本部","Id":"00E6F000001SEaUUAW"}}|0x7e730d75
18:50:41.0 (30303947)|VARIABLE_ASSIGNMENT|[34]|this.currentUser|{"SmallPhotoUrl":"/profilephoto/005/T","Name":"auPortal システム開発","UserRoleId":"00E6F000001SEaUUAW","Id":"0056F000006PtYlQAK","UserRole":{"Name":"コンシューマ事業本部","Id":"00E6F000001SEaUUAW"}}|0x5a6480b7
18:50:41.0 (41416875)|SYSTEM_MODE_ENTER|true
18:50:41.0 (41504514)|HEAP_ALLOCATE|[EXTERNAL]|Bytes:232
18:50:41.0 (41517786)|HEAP_ALLOCATE|[EXTERNAL]|Bytes:20
18:50:41.0 (41531283)|METHOD_ENTRY|[1]|01p6F0000084OtZ|auSwitchScreenCtrl.auSwitchScreenCtrl()
18:50:41.0 (41538896)|STATEMENT_EXECUTE|[1]
18:50:41.0 (41543723)|STATEMENT_EXECUTE|[1]
18:50:41.0 (41556024)|SYSTEM_MODE_ENTER|false
18:50:41.0 (41566870)|HEAP_ALLOCATE|[EXTERNAL]|Bytes:5
18:50:41.0 (41581130)|SYSTEM_MODE_EXIT|false
18:50:41.0 (41591193)|METHOD_EXIT|[1]|auSwitchScreenCtrl
18:50:41.0 (41608017)|HEAP_ALLOCATE|[EXTERNAL]|Bytes:28
18:50:41.0 (41616403)|VARIABLE_SCOPE_BEGIN|[12]|this|auSwitchScreenCtrl|true|false
18:50:41.0 (41672111)|VARIABLE_ASSIGNMENT|[12]|this|{}|0x449b32c6
18:50:41.0 (41690244)|SYSTEM_MODE_ENTER|false
18:50:41.0 (41696394)|HEAP_ALLOCATE|[14]|Bytes:5
18:50:41.0 (41702122)|STATEMENT_EXECUTE|[1]
18:50:41.0 (41707050)|HEAP_ALLOCATE|[14]|Bytes:5
18:50:41.0 (41710337)|STATEMENT_EXECUTE|[3]
18:50:41.0 (41712930)|STATEMENT_EXECUTE|[4]
18:50:41.0 (41714515)|STATEMENT_EXECUTE|[5]
18:50:41.0 (41716113)|STATEMENT_EXECUTE|[6]
18:50:41.0 (41717665)|STATEMENT_EXECUTE|[7]
18:50:41.0 (41719260)|STATEMENT_EXECUTE|[8]
18:50:41.0 (41744268)|STATEMENT_EXECUTE|[12]
18:50:41.0 (41746563)|STATEMENT_EXECUTE|[14]
18:50:41.0 (41833820)|HEAP_ALLOCATE|[14]|Bytes:28
18:50:41.0 (41882768)|HEAP_ALLOCATE|[14]|Bytes:603
18:50:41.0 (41917376)|HEAP_ALLOCATE|[14]|Bytes:10
18:50:41.0 (41940945)|VARIABLE_SCOPE_BEGIN|[14]|userAgent|String|false|false
18:50:41.0 (41959336)|VARIABLE_ASSIGNMENT|[14]|userAgent|"Mozilla/5.0 (Macinto (101 more) ..."
18:50:41.0 (41964691)|STATEMENT_EXECUTE|[15]
18:50:41.0 (41968097)|HEAP_ALLOCATE|[15]|Bytes:6
18:50:41.0 (42048721)|VARIABLE_ASSIGNMENT|[EXTERNAL]|this|{}|0x449b32c6
18:50:41.0 (42063481)|VARIABLE_ASSIGNMENT|[EXTERNAL]|value|false
18:50:41.0 (42070941)|HEAP_ALLOCATE|[8]|Bytes:5
18:50:41.0 (42081580)|VARIABLE_ASSIGNMENT|[8]|this.isIPhone|false|0x449b32c6
18:50:41.0 (42090938)|STATEMENT_EXECUTE|[17]
18:50:41.0 (42094457)|HEAP_ALLOCATE|[17]|Bytes:54
18:50:41.0 (42108412)|HEAP_ALLOCATE|[17]|Bytes:4
18:50:41.0 (42123016)|METHOD_ENTRY|[19]||System.UserInfo.getUserId()
18:50:41.0 (42149268)|METHOD_EXIT|[19]||System.UserInfo.getUserId()
18:50:41.0 (42990543)|SOQL_EXECUTE_BEGIN|[17]|Aggregations:0|SELECT Profile.Name FROM User WHERE User.ID = :tmpVar1
18:50:41.0 (48211255)|SOQL_EXECUTE_END|[17]|Rows:1
18:50:41.0 (48238095)|HEAP_ALLOCATE|[17]|Bytes:8
18:50:41.0 (48258269)|HEAP_ALLOCATE|[17]|Bytes:127
18:50:41.0 (48289735)|HEAP_ALLOCATE|[17]|Bytes:8
18:50:41.0 (48315727)|HEAP_ALLOCATE|[17]|Bytes:16
18:50:41.0 (48325871)|VARIABLE_SCOPE_BEGIN|[17]|currentUser|User|true|false
18:50:41.0 (48353100)|VARIABLE_ASSIGNMENT|[17]|currentUser|{"ProfileId":"00e6F000002RS1oQAG","Id":"0056F000006PtYlQAK","Profile":{"Name":"System Administrator","Id":"00e6F000002RS1oQAG"}}|0x42ab2e63
18:50:41.0 (48360775)|STATEMENT_EXECUTE|[21]
18:50:41.0 (48729725)|VARIABLE_SCOPE_BEGIN|[54]|auConstantCmn.ACCOUNT_CHANNEL_DAIRITEN|String|false|true
18:50:41.0 (48742144)|VARIABLE_SCOPE_BEGIN|[52]|auConstantCmn.ACCOUNT_CHANNEL_SHOP|String|false|true
18:50:41.0 (48749189)|VARIABLE_SCOPE_BEGIN|[53]|auConstantCmn.ACCOUNT_CHANNEL_UNEIHOJIN|String|false|true
18:50:41.0 (48756397)|VARIABLE_SCOPE_BEGIN|[105]|auConstantCmn.CX_KNOWLEDGE_SHARING_NATIONAL|String|false|true
18:50:41.0 (48763492)|VARIABLE_SCOPE_BEGIN|[104]|auConstantCmn.CX_KNOWLEDGE_SHARING_REGIONAL_OFFICE|String|false|true
18:50:41.0 (48770646)|VARIABLE_SCOPE_BEGIN|[110]|auConstantCmn.CX_KNOWLEDGE_STATUS_APPROVED|String|false|true
18:50:41.0 (48777555)|VARIABLE_SCOPE_BEGIN|[111]|auConstantCmn.CX_KNOWLEDGE_STATUS_NATIONAL_APPROVED|String|false|true
18:50:41.0 (48784531)|VARIABLE_SCOPE_BEGIN|[112]|auConstantCmn.CX_KNOWLEDGE_STATUS_REJECTED|String|false|true
18:50:41.0 (48791416)|VARIABLE_SCOPE_BEGIN|[109]|auConstantCmn.CX_KNOWLEDGE_STATUS_SAVED|String|false|true
18:50:41.0 (48798642)|VARIABLE_SCOPE_BEGIN|[108]|auConstantCmn.CX_KNOWLEDGE_STATUS_TEMPORARY_SAVED|String|false|true
18:50:41.0 (48805801)|VARIABLE_SCOPE_BEGIN|[19]|auConstantCmn.FORGOT_PASSWORD_ERR_MESSAGE001|String|false|true
18:50:41.0 (48812889)|VARIABLE_SCOPE_BEGIN|[125]|auConstantCmn.HONBU_DIRECT_DETAIL_TYPE_FAVORITE|String|false|true
18:50:41.0 (48820533)|VARIABLE_SCOPE_BEGIN|[124]|auConstantCmn.HONBU_DIRECT_DETAIL_TYPE_READ|String|false|true
18:50:41.0 (48828022)|VARIABLE_SCOPE_BEGIN|[116]|auConstantCmn.KDDI_KNOWLEDGE_STATUS_SAVED|String|false|true
18:50:41.0 (48835493)|VARIABLE_SCOPE_BEGIN|[115]|auConstantCmn.KDDI_KNOWLEDGE_STATUS_TEMPORARY_SAVED|String|false|true
18:50:41.0 (48843135)|VARIABLE_SCOPE_BEGIN|[13]|auConstantCmn.LOGIN_ERR_MESSAGE001|String|false|true
18:50:41.0 (48850426)|VARIABLE_SCOPE_BEGIN|[14]|auConstantCmn.LOGIN_ERR_MESSAGE002|String|false|true
18:50:41.0 (48857617)|VARIABLE_SCOPE_BEGIN|[15]|auConstantCmn.LOGIN_ERR_MESSAGE003|String|false|true
18:50:41.0 (48864780)|VARIABLE_SCOPE_BEGIN|[16]|auConstantCmn.LOGIN_ERR_MESSAGE004|String|false|true
18:50:41.0 (48872163)|VARIABLE_SCOPE_BEGIN|[91]|auConstantCmn.PAGE_ALIAS_SHOP_CX|String|false|true
18:50:41.0 (48879751)|VARIABLE_SCOPE_BEGIN|[82]|auConstantCmn.PAGE_ALIAS_SHOP_EVENTS|String|false|true
18:50:41.0 (48887650)|VARIABLE_SCOPE_BEGIN|[68]|auConstantCmn.PAGE_ALIAS_SHOP_FORGOTPW|String|false|true
18:50:41.0 (48895574)|VARIABLE_SCOPE_BEGIN|[72]|auConstantCmn.PAGE_ALIAS_SHOP_FORGOTPWCOMP|String|false|true
18:50:41.0 (48903432)|VARIABLE_SCOPE_BEGIN|[79]|auConstantCmn.PAGE_ALIAS_SHOP_HOME|String|false|true
18:50:41.0 (48910895)|VARIABLE_SCOPE_BEGIN|[60]|auConstantCmn.PAGE_ALIAS_SHOP_LOGIN|String|false|true
18:50:41.0 (48918738)|VARIABLE_SCOPE_BEGIN|[64]|auConstantCmn.PAGE_ALIAS_SHOP_LOGOUT|String|false|true
18:50:41.0 (48931294)|VARIABLE_SCOPE_BEGIN|[76]|auConstantCmn.PAGE_ALIAS_SHOP_PASSWORDSIGNUP|String|false|true
18:50:41.0 (48939449)|VARIABLE_SCOPE_BEGIN|[97]|auConstantCmn.PAGE_ALIAS_SHOP_SCHEDULE|String|false|true
18:50:41.0 (48947596)|VARIABLE_SCOPE_BEGIN|[100]|auConstantCmn.PAGE_ALIAS_SHOP_SCHEDULE_LIST|String|false|true
18:50:41.0 (48955985)|VARIABLE_SCOPE_BEGIN|[85]|auConstantCmn.PAGE_ALIAS_SHOP_STPD|String|false|true
18:50:41.0 (48964593)|VARIABLE_SCOPE_BEGIN|[94]|auConstantCmn.PAGE_ALIAS_SHOP_TIMELINE_CX|String|false|true
18:50:41.0 (48973136)|VARIABLE_SCOPE_BEGIN|[88]|auConstantCmn.PAGE_ALIAS_SHOP_TIMELINE_STPD|String|false|true
18:50:41.0 (48981355)|VARIABLE_SCOPE_BEGIN|[90]|auConstantCmn.PAGE_VF_SHOP_CX|String|false|true
18:50:41.0 (48989670)|VARIABLE_SCOPE_BEGIN|[81]|auConstantCmn.PAGE_VF_SHOP_EVENTS|String|false|true
18:50:41.0 (48998033)|VARIABLE_SCOPE_BEGIN|[67]|auConstantCmn.PAGE_VF_SHOP_FORGOTPW|String|false|true
18:50:41.0 (49006381)|VARIABLE_SCOPE_BEGIN|[71]|auConstantCmn.PAGE_VF_SHOP_FORGOTPWCOMP|String|false|true
18:50:41.0 (49015434)|VARIABLE_SCOPE_BEGIN|[78]|auConstantCmn.PAGE_VF_SHOP_HOME|String|false|true
18:50:41.0 (49023851)|VARIABLE_SCOPE_BEGIN|[59]|auConstantCmn.PAGE_VF_SHOP_LOGIN|String|false|true
18:50:41.0 (49032394)|VARIABLE_SCOPE_BEGIN|[63]|auConstantCmn.PAGE_VF_SHOP_LOGOUT|String|false|true
18:50:41.0 (49040714)|VARIABLE_SCOPE_BEGIN|[75]|auConstantCmn.PAGE_VF_SHOP_PASSWORDSIGNUP|String|false|true
18:50:41.0 (49049541)|VARIABLE_SCOPE_BEGIN|[96]|auConstantCmn.PAGE_VF_SHOP_SCHEDULE|String|false|true
18:50:41.0 (49058451)|VARIABLE_SCOPE_BEGIN|[99]|auConstantCmn.PAGE_VF_SHOP_SCHEDULE_LIST|String|false|true
18:50:41.0 (49067029)|VARIABLE_SCOPE_BEGIN|[84]|auConstantCmn.PAGE_VF_SHOP_STPD|String|false|true
18:50:41.0 (49075907)|VARIABLE_SCOPE_BEGIN|[93]|auConstantCmn.PAGE_VF_SHOP_TIMELINE_CX|String|false|true
18:50:41.0 (49084452)|VARIABLE_SCOPE_BEGIN|[87]|auConstantCmn.PAGE_VF_SHOP_TIMELINE_STPD|String|false|true
18:50:41.0 (49093245)|VARIABLE_SCOPE_BEGIN|[27]|auConstantCmn.PASSWORD_SIGNUP_ERR_EXPIREDURL|String|false|true
18:50:41.0 (49102232)|VARIABLE_SCOPE_BEGIN|[30]|auConstantCmn.PASSWORD_SIGNUP_ERR_INTERNAL|String|false|true
18:50:41.0 (49111168)|VARIABLE_SCOPE_BEGIN|[28]|auConstantCmn.PASSWORD_SIGNUP_ERR_INVALIDURL|String|false|true
18:50:41.0 (49120044)|VARIABLE_SCOPE_BEGIN|[22]|auConstantCmn.PASSWORD_SIGNUP_ERR_MESSAGE001|String|false|true
18:50:41.0 (49128908)|VARIABLE_SCOPE_BEGIN|[23]|auConstantCmn.PASSWORD_SIGNUP_ERR_MESSAGE002|String|false|true
18:50:41.0 (49137934)|VARIABLE_SCOPE_BEGIN|[24]|auConstantCmn.PASSWORD_SIGNUP_ERR_MESSAGE003|String|false|true
18:50:41.0 (49147114)|VARIABLE_SCOPE_BEGIN|[25]|auConstantCmn.PASSWORD_SIGNUP_ERR_MESSAGE004|String|false|true
18:50:41.0 (49156078)|VARIABLE_SCOPE_BEGIN|[26]|auConstantCmn.PASSWORD_SIGNUP_ERR_MESSAGE005|String|false|true
18:50:41.0 (49165552)|VARIABLE_SCOPE_BEGIN|[29]|auConstantCmn.PASSWORD_SIGNUP_ERR_OLDURL|String|false|true
18:50:41.0 (49175143)|VARIABLE_SCOPE_BEGIN|[34]|auConstantCmn.PROFILE_COMMUNITY_MANAGEMENT|String|false|true
18:50:41.0 (49185120)|VARIABLE_SCOPE_BEGIN|[35]|auConstantCmn.PROFILE_COMMUNITY_PRIMARY_AGENT|String|false|true
18:50:41.0 (49194640)|VARIABLE_SCOPE_BEGIN|[33]|auConstantCmn.PROFILE_COMMUNITY_SHOP|String|false|true
18:50:41.0 (49204430)|VARIABLE_SCOPE_BEGIN|[46]|auConstantCmn.PROFILE_EVOLVA_ADMIN_USER|String|false|true
18:50:41.0 (49214163)|VARIABLE_SCOPE_BEGIN|[45]|auConstantCmn.PROFILE_EVOLVA_USER|String|false|true
18:50:41.0 (49223712)|VARIABLE_SCOPE_BEGIN|[36]|auConstantCmn.PROFILE_KDDI_BRANCH|String|false|true
18:50:41.0 (49233635)|VARIABLE_SCOPE_BEGIN|[37]|auConstantCmn.PROFILE_KDDI_BRANCH_V2|String|false|true
18:50:41.0 (49243390)|VARIABLE_SCOPE_BEGIN|[40]|auConstantCmn.PROFILE_KDDI_HEADQUARTERS|String|false|true
18:50:41.0 (49253299)|VARIABLE_SCOPE_BEGIN|[41]|auConstantCmn.PROFILE_KDDI_HEADQUARTERS_V2|String|false|true
18:50:41.0 (49263133)|VARIABLE_SCOPE_BEGIN|[42]|auConstantCmn.PROFILE_KDDI_KNOWLEDGE_ONLY|String|false|true
18:50:41.0 (49273065)|VARIABLE_SCOPE_BEGIN|[38]|auConstantCmn.PROFILE_KDDI_REGIONAL_OFFICE|String|false|true
18:50:41.0 (49282768)|VARIABLE_SCOPE_BEGIN|[39]|auConstantCmn.PROFILE_KDDI_REGIONAL_OFFICE_V2|String|false|true
18:50:41.0 (49293202)|VARIABLE_SCOPE_BEGIN|[44]|auConstantCmn.PROFILE_SA_USER_CSA|String|false|true
18:50:41.0 (49303698)|VARIABLE_SCOPE_BEGIN|[43]|auConstantCmn.PROFILE_SA_USER_SA|String|false|true
18:50:41.0 (49313725)|VARIABLE_SCOPE_BEGIN|[47]|auConstantCmn.PROFILE_SYSADMIN_CUSTOM|String|false|true
18:50:41.0 (49323968)|VARIABLE_SCOPE_BEGIN|[48]|auConstantCmn.PROFILE_SYSADMIN_DEFAULT_EN|String|false|true
18:50:41.0 (49334040)|VARIABLE_SCOPE_BEGIN|[49]|auConstantCmn.PROFILE_SYSADMIN_DEFAULT_JP|String|false|true
18:50:41.0 (49344356)|VARIABLE_SCOPE_BEGIN|[9]|auConstantCmn.ROLE_CODE_EVOLVA_HONBU|String|false|true
18:50:41.0 (49354753)|VARIABLE_SCOPE_BEGIN|[10]|auConstantCmn.ROLE_CODE_EVOLVA_SHITEN|String|false|true
18:50:41.0 (49365108)|VARIABLE_SCOPE_BEGIN|[7]|auConstantCmn.ROLE_CODE_HONBU|String|false|true
18:50:41.0 (49375550)|VARIABLE_SCOPE_BEGIN|[8]|auConstantCmn.ROLE_CODE_SA_HONBU|String|false|true
18:50:41.0 (49385892)|VARIABLE_SCOPE_BEGIN|[121]|auConstantCmn.USER_CLASSIFICATION_CONTRACTOR|String|false|true
18:50:41.0 (49396359)|VARIABLE_SCOPE_BEGIN|[120]|auConstantCmn.USER_CLASSIFICATION_CSA|String|false|true
18:50:41.0 (49406838)|VARIABLE_SCOPE_BEGIN|[119]|auConstantCmn.USER_CLASSIFICATION_SA|String|false|true
18:50:41.0 (49421476)|HEAP_ALLOCATE|[21]|Bytes:5
18:50:41.0 (49459993)|VARIABLE_ASSIGNMENT|[21]|auConstantCmn.ACCOUNT_CHANNEL_DAIRITEN|"一次代理店"
18:50:41.0 (49466202)|HEAP_ALLOCATE|[21]|Bytes:6
18:50:41.0 (49473531)|VARIABLE_ASSIGNMENT|[21]|auConstantCmn.ACCOUNT_CHANNEL_SHOP|"auショップ"
18:50:41.0 (49477815)|HEAP_ALLOCATE|[21]|Bytes:4
18:50:41.0 (49483954)|VARIABLE_ASSIGNMENT|[21]|auConstantCmn.ACCOUNT_CHANNEL_UNEIHOJIN|"運営法人"
18:50:41.0 (49487948)|HEAP_ALLOCATE|[21]|Bytes:8
18:50:41.0 (49494493)|VARIABLE_ASSIGNMENT|[21]|auConstantCmn.CX_KNOWLEDGE_SHARING_NATIONAL|"National"
18:50:41.0 (49499120)|HEAP_ALLOCATE|[21]|Bytes:14
18:50:41.0 (49506080)|VARIABLE_ASSIGNMENT|[21]|auConstantCmn.CX_KNOWLEDGE_SHARING_REGIONAL_OFFICE|"RegionalOffice"
18:50:41.0 (49510438)|HEAP_ALLOCATE|[21]|Bytes:8
18:50:41.0 (49517038)|VARIABLE_ASSIGNMENT|[21]|auConstantCmn.CX_KNOWLEDGE_STATUS_APPROVED|"Approved"
18:50:41.0 (49521443)|HEAP_ALLOCATE|[21]|Bytes:16
18:50:41.0 (49528306)|VARIABLE_ASSIGNMENT|[21]|auConstantCmn.CX_KNOWLEDGE_STATUS_NATIONAL_APPROVED|"NationalApproved"
18:50:41.0 (49532557)|HEAP_ALLOCATE|[21]|Bytes:8
18:50:41.0 (49539026)|VARIABLE_ASSIGNMENT|[21]|auConstantCmn.CX_KNOWLEDGE_STATUS_REJECTED|"Rejected"
18:50:41.0 (49543028)|HEAP_ALLOCATE|[21]|Bytes:5
18:50:41.0 (49549236)|VARIABLE_ASSIGNMENT|[21]|auConstantCmn.CX_KNOWLEDGE_STATUS_SAVED|"Saved"
18:50:41.0 (49553329)|HEAP_ALLOCATE|[21]|Bytes:14
18:50:41.0 (49559694)|VARIABLE_ASSIGNMENT|[21]|auConstantCmn.CX_KNOWLEDGE_STATUS_TEMPORARY_SAVED|"TemporarySaved"
18:50:41.0 (49564230)|HEAP_ALLOCATE|[21]|Bytes:12
18:50:41.0 (49570706)|VARIABLE_ASSIGNMENT|[21]|auConstantCmn.FORGOT_PASSWORD_ERR_MESSAGE001|"IDを入力してください。"
18:50:41.0 (49579372)|HEAP_ALLOCATE|[21]|Bytes:8
18:50:41.0 (49586310)|VARIABLE_ASSIGNMENT|[21]|auConstantCmn.HONBU_DIRECT_DETAIL_TYPE_FAVORITE|"FAVORITE"
18:50:41.0 (49590360)|HEAP_ALLOCATE|[21]|Bytes:4
18:50:41.0 (49596693)|VARIABLE_ASSIGNMENT|[21]|auConstantCmn.HONBU_DIRECT_DETAIL_TYPE_READ|"READ"
18:50:41.0 (49600697)|HEAP_ALLOCATE|[21]|Bytes:5
18:50:41.0 (49607163)|VARIABLE_ASSIGNMENT|[21]|auConstantCmn.KDDI_KNOWLEDGE_STATUS_SAVED|"Saved"
18:50:41.0 (49611395)|HEAP_ALLOCATE|[21]|Bytes:14
18:50:41.0 (49618184)|VARIABLE_ASSIGNMENT|[21]|auConstantCmn.KDDI_KNOWLEDGE_STATUS_TEMPORARY_SAVED|"TemporarySaved"
18:50:41.0 (49622643)|HEAP_ALLOCATE|[21]|Bytes:15
18:50:41.0 (49629710)|VARIABLE_ASSIGNMENT|[21]|auConstantCmn.LOGIN_ERR_MESSAGE001|"パスワードを入力してください。"
18:50:41.0 (49634210)|HEAP_ALLOCATE|[21]|Bytes:27
18:50:41.0 (49676420)|VARIABLE_ASSIGNMENT|[21]|auConstantCmn.LOGIN_ERR_MESSAGE002|"8文字以上の英数字混在のパスワードを指定 (7 more) ..."
18:50:41.0 (49681914)|HEAP_ALLOCATE|[21]|Bytes:19
18:50:41.0 (49689359)|VARIABLE_ASSIGNMENT|[21]|auConstantCmn.LOGIN_ERR_MESSAGE003|"ID或いはパスワードが間違っています。"
18:50:41.0 (49694264)|HEAP_ALLOCATE|[21]|Bytes:46
18:50:41.0 (49701863)|VARIABLE_ASSIGNMENT|[21]|auConstantCmn.LOGIN_ERR_MESSAGE004|"ログイン失敗回数を超えた為、ロックされま (26 more) ..."
18:50:41.0 (49706277)|HEAP_ALLOCATE|[21]|Bytes:3
18:50:41.0 (49716796)|VARIABLE_ASSIGNMENT|[21]|auConstantCmn.PAGE_ALIAS_SHOP_CX|"/CX"
18:50:41.0 (49721583)|HEAP_ALLOCATE|[21]|Bytes:7
18:50:41.0 (49728503)|VARIABLE_ASSIGNMENT|[21]|auConstantCmn.PAGE_ALIAS_SHOP_EVENTS|"/events"
18:50:41.0 (49732800)|HEAP_ALLOCATE|[21]|Bytes:16
18:50:41.0 (49740086)|VARIABLE_ASSIGNMENT|[21]|auConstantCmn.PAGE_ALIAS_SHOP_FORGOTPW|"/forgot-password"
18:50:41.0 (49744412)|HEAP_ALLOCATE|[21]|Bytes:25
18:50:41.0 (49752174)|VARIABLE_ASSIGNMENT|[21]|auConstantCmn.PAGE_ALIAS_SHOP_FORGOTPWCOMP|"/forgot-password-com (5 more) ..."
18:50:41.0 (49757060)|HEAP_ALLOCATE|[21]|Bytes:5
18:50:41.0 (49764041)|VARIABLE_ASSIGNMENT|[21]|auConstantCmn.PAGE_ALIAS_SHOP_HOME|"/home"
18:50:41.0 (49768028)|HEAP_ALLOCATE|[21]|Bytes:6
18:50:41.0 (49774959)|VARIABLE_ASSIGNMENT|[21]|auConstantCmn.PAGE_ALIAS_SHOP_LOGIN|"/login"
18:50:41.0 (49779026)|HEAP_ALLOCATE|[21]|Bytes:7
18:50:41.0 (49786050)|VARIABLE_ASSIGNMENT|[21]|auConstantCmn.PAGE_ALIAS_SHOP_LOGOUT|"/logout"
18:50:41.0 (49790084)|HEAP_ALLOCATE|[21]|Bytes:16
18:50:41.0 (49797362)|VARIABLE_ASSIGNMENT|[21]|auConstantCmn.PAGE_ALIAS_SHOP_PASSWORDSIGNUP|"/password-signup"
18:50:41.0 (49801914)|HEAP_ALLOCATE|[21]|Bytes:9
18:50:41.0 (49809296)|VARIABLE_ASSIGNMENT|[21]|auConstantCmn.PAGE_ALIAS_SHOP_SCHEDULE|"/calendar"
18:50:41.0 (49813520)|HEAP_ALLOCATE|[21]|Bytes:11
18:50:41.0 (49820896)|VARIABLE_ASSIGNMENT|[21]|auConstantCmn.PAGE_ALIAS_SHOP_SCHEDULE_LIST|"/activities"
18:50:41.0 (49825235)|HEAP_ALLOCATE|[21]|Bytes:5
18:50:41.0 (49832864)|VARIABLE_ASSIGNMENT|[21]|auConstantCmn.PAGE_ALIAS_SHOP_STPD|"/STPD"
18:50:41.0 (49836879)|HEAP_ALLOCATE|[21]|Bytes:11
18:50:41.0 (49844454)|VARIABLE_ASSIGNMENT|[21]|auConstantCmn.PAGE_ALIAS_SHOP_TIMELINE_CX|"/timelineCX"
18:50:41.0 (49848807)|HEAP_ALLOCATE|[21]|Bytes:13
18:50:41.0 (49856481)|VARIABLE_ASSIGNMENT|[21]|auConstantCmn.PAGE_ALIAS_SHOP_TIMELINE_STPD|"/timelineSTPD"
18:50:41.0 (49860860)|HEAP_ALLOCATE|[21]|Bytes:27
18:50:41.0 (49869108)|VARIABLE_ASSIGNMENT|[21]|auConstantCmn.PAGE_VF_SHOP_CX|"/apex/auCXKnowledgeL (7 more) ..."
18:50:41.0 (49873815)|HEAP_ALLOCATE|[21]|Bytes:22
18:50:41.0 (49882018)|VARIABLE_ASSIGNMENT|[21]|auConstantCmn.PAGE_VF_SHOP_EVENTS|"/apex/auEventsListPa (2 more) ..."
18:50:41.0 (49886257)|HEAP_ALLOCATE|[21]|Bytes:21
18:50:41.0 (49894376)|VARIABLE_ASSIGNMENT|[21]|auConstantCmn.PAGE_VF_SHOP_FORGOTPW|"/auForgotPasswordPag (1 more) ..."
18:50:41.0 (49899198)|HEAP_ALLOCATE|[21]|Bytes:29
18:50:41.0 (49907483)|VARIABLE_ASSIGNMENT|[21]|auConstantCmn.PAGE_VF_SHOP_FORGOTPWCOMP|"/auForgotPasswordCom (9 more) ..."
18:50:41.0 (49911845)|HEAP_ALLOCATE|[21]|Bytes:24
18:50:41.0 (49919933)|VARIABLE_ASSIGNMENT|[21]|auConstantCmn.PAGE_VF_SHOP_HOME|"/apex/auSwitchScreen (4 more) ..."
18:50:41.0 (49924350)|HEAP_ALLOCATE|[21]|Bytes:12
18:50:41.0 (49932270)|VARIABLE_ASSIGNMENT|[21]|auConstantCmn.PAGE_VF_SHOP_LOGIN|"/auLoginPage"
18:50:41.0 (49936624)|HEAP_ALLOCATE|[21]|Bytes:13
18:50:41.0 (49944718)|VARIABLE_ASSIGNMENT|[21]|auConstantCmn.PAGE_VF_SHOP_LOGOUT|"/auLogoutPage"
18:50:41.0 (49948981)|HEAP_ALLOCATE|[21]|Bytes:21
18:50:41.0 (49957379)|VARIABLE_ASSIGNMENT|[21]|auConstantCmn.PAGE_VF_SHOP_PASSWORDSIGNUP|"/auPasswordSignupPag (1 more) ..."
18:50:41.0 (49962031)|HEAP_ALLOCATE|[21]|Bytes:16
18:50:41.0 (49970031)|VARIABLE_ASSIGNMENT|[21]|auConstantCmn.PAGE_VF_SHOP_SCHEDULE|"/apex/auSchedule"
18:50:41.0 (49974280)|HEAP_ALLOCATE|[21]|Bytes:20
18:50:41.0 (49982559)|VARIABLE_ASSIGNMENT|[21]|auConstantCmn.PAGE_VF_SHOP_SCHEDULE_LIST|"/apex/auScheduleList"
18:50:41.0 (49986865)|HEAP_ALLOCATE|[21]|Bytes:20
18:50:41.0 (49995259)|VARIABLE_ASSIGNMENT|[21]|auConstantCmn.PAGE_VF_SHOP_STPD|"/apex/auSTPDListPage"
18:50:41.0 (49999529)|HEAP_ALLOCATE|[21]|Bytes:31
18:50:41.0 (50013622)|VARIABLE_ASSIGNMENT|[21]|auConstantCmn.PAGE_VF_SHOP_TIMELINE_CX|"/apex/auCxKnowledgeT (11 more) ..."
18:50:41.0 (50018624)|HEAP_ALLOCATE|[21]|Bytes:24
18:50:41.0 (50027378)|VARIABLE_ASSIGNMENT|[21]|auConstantCmn.PAGE_VF_SHOP_TIMELINE_STPD|"/apex/auSTPDTimeline (4 more) ..."
18:50:41.0 (50032044)|HEAP_ALLOCATE|[21]|Bytes:55
18:50:41.0 (50040951)|VARIABLE_ASSIGNMENT|[21]|auConstantCmn.PASSWORD_SIGNUP_ERR_EXPIREDURL|"パスワードリセットの有効期限が切れていま (35 more) ..."
18:50:41.0 (50046061)|HEAP_ALLOCATE|[21]|Bytes:27
18:50:41.0 (50055015)|VARIABLE_ASSIGNMENT|[21]|auConstantCmn.PASSWORD_SIGNUP_ERR_INTERNAL|"内部エラーが発生しました。サイト管理者に (7 more) ..."
18:50:41.0 (50059737)|HEAP_ALLOCATE|[21]|Bytes:51
18:50:41.0 (50070748)|VARIABLE_ASSIGNMENT|[21]|auConstantCmn.PASSWORD_SIGNUP_ERR_INVALIDURL|"不正なパスワードリセットURLです。\u003Cb (31 more) ..."
18:50:41.0 (50075758)|HEAP_ALLOCATE|[21]|Bytes:15
18:50:41.0 (50084277)|VARIABLE_ASSIGNMENT|[21]|auConstantCmn.PASSWORD_SIGNUP_ERR_MESSAGE001|"パスワードを入力してください。"
18:50:41.0 (50088612)|HEAP_ALLOCATE|[21]|Bytes:19
18:50:41.0 (50097156)|VARIABLE_ASSIGNMENT|[21]|auConstantCmn.PASSWORD_SIGNUP_ERR_MESSAGE002|"確認用のパスワードを入力してください。"
18:50:41.0 (50101696)|HEAP_ALLOCATE|[21]|Bytes:27
18:50:41.0 (50110547)|VARIABLE_ASSIGNMENT|[21]|auConstantCmn.PASSWORD_SIGNUP_ERR_MESSAGE003|"8文字以上の英数字混在のパスワードを指定 (7 more) ..."
18:50:41.0 (50115331)|HEAP_ALLOCATE|[21]|Bytes:22
18:50:41.0 (50124568)|VARIABLE_ASSIGNMENT|[21]|auConstantCmn.PASSWORD_SIGNUP_ERR_MESSAGE004|"パスワードと確認用のパスワードが不一致で (2 more) ..."
18:50:41.0 (50129286)|HEAP_ALLOCATE|[21]|Bytes:21
18:50:41.0 (50138451)|VARIABLE_ASSIGNMENT|[21]|auConstantCmn.PASSWORD_SIGNUP_ERR_MESSAGE005|"以前利用したパスワードはご利用できません (1 more) ..."
18:50:41.0 (50142984)|HEAP_ALLOCATE|[21]|Bytes:46
18:50:41.0 (50152609)|VARIABLE_ASSIGNMENT|[21]|auConstantCmn.PASSWORD_SIGNUP_ERR_OLDURL|"以前のパスワードリセットURLは利用でき (26 more) ..."
18:50:41.0 (50157153)|HEAP_ALLOCATE|[21]|Bytes:14
18:50:41.0 (50165764)|VARIABLE_ASSIGNMENT|[21]|auConstantCmn.PROFILE_COMMUNITY_MANAGEMENT|"au ショップ - 運営法人"
18:50:41.0 (50170558)|HEAP_ALLOCATE|[21]|Bytes:15
18:50:41.0 (50179675)|VARIABLE_ASSIGNMENT|[21]|auConstantCmn.PROFILE_COMMUNITY_PRIMARY_AGENT|"au ショップ - 一次代理店"
18:50:41.0 (50184205)|HEAP_ALLOCATE|[21]|Bytes:12
18:50:41.0 (50193132)|VARIABLE_ASSIGNMENT|[21]|auConstantCmn.PROFILE_COMMUNITY_SHOP|"au ショップ - 店舗"
18:50:41.0 (50197628)|HEAP_ALLOCATE|[21]|Bytes:17
18:50:41.0 (50206850)|VARIABLE_ASSIGNMENT|[21]|auConstantCmn.PROFILE_EVOLVA_ADMIN_USER|"Evolva Admin User"
18:50:41.0 (50211277)|HEAP_ALLOCATE|[21]|Bytes:11
18:50:41.0 (50220262)|VARIABLE_ASSIGNMENT|[21]|auConstantCmn.PROFILE_EVOLVA_USER|"Evolva User"
18:50:41.0 (50224950)|HEAP_ALLOCATE|[21]|Bytes:9
18:50:41.0 (50234029)|VARIABLE_ASSIGNMENT|[21]|auConstantCmn.PROFILE_KDDI_BRANCH|"KDDI - 支店"
18:50:41.0 (50238226)|HEAP_ALLOCATE|[21]|Bytes:12
18:50:41.0 (50247469)|VARIABLE_ASSIGNMENT|[21]|auConstantCmn.PROFILE_KDDI_BRANCH_V2|"KDDI - 支店 v2"
18:50:41.0 (50251850)|HEAP_ALLOCATE|[21]|Bytes:9
18:50:41.0 (50260963)|VARIABLE_ASSIGNMENT|[21]|auConstantCmn.PROFILE_KDDI_HEADQUARTERS|"KDDI - 本部"
18:50:41.0 (50265769)|HEAP_ALLOCATE|[21]|Bytes:12
18:50:41.0 (50275027)|VARIABLE_ASSIGNMENT|[21]|auConstantCmn.PROFILE_KDDI_HEADQUARTERS_V2|"KDDI - 本部 v2"
18:50:41.0 (50279611)|HEAP_ALLOCATE|[21]|Bytes:21
18:50:41.0 (50289888)|VARIABLE_ASSIGNMENT|[21]|auConstantCmn.PROFILE_KDDI_KNOWLEDGE_ONLY|"KDDI - Knowledge onl (1 more) ..."
18:50:41.0 (50294290)|HEAP_ALLOCATE|[21]|Bytes:9
18:50:41.0 (50303232)|VARIABLE_ASSIGNMENT|[21]|auConstantCmn.PROFILE_KDDI_REGIONAL_OFFICE|"KDDI - 支社"
18:50:41.0 (50307506)|HEAP_ALLOCATE|[21]|Bytes:12
18:50:41.0 (50329684)|VARIABLE_ASSIGNMENT|[21]|auConstantCmn.PROFILE_KDDI_REGIONAL_OFFICE_V2|"KDDI - 支社 v2"
18:50:41.0 (50335147)|HEAP_ALLOCATE|[21]|Bytes:13
18:50:41.0 (50368810)|VARIABLE_ASSIGNMENT|[21]|auConstantCmn.PROFILE_SA_USER_CSA|"SA User - CSA"
18:50:41.0 (50374914)|HEAP_ALLOCATE|[21]|Bytes:12
18:50:41.0 (50385936)|VARIABLE_ASSIGNMENT|[21]|auConstantCmn.PROFILE_SA_USER_SA|"SA User - SA"
18:50:41.0 (50390445)|HEAP_ALLOCATE|[21]|Bytes:12
18:50:41.0 (50400249)|VARIABLE_ASSIGNMENT|[21]|auConstantCmn.PROFILE_SYSADMIN_CUSTOM|"System Admin"
18:50:41.0 (50405019)|HEAP_ALLOCATE|[21]|Bytes:20
18:50:41.0 (50415226)|VARIABLE_ASSIGNMENT|[21]|auConstantCmn.PROFILE_SYSADMIN_DEFAULT_EN|"System Administrator"
18:50:41.0 (50419597)|HEAP_ALLOCATE|[21]|Bytes:7
18:50:41.0 (50429239)|VARIABLE_ASSIGNMENT|[21]|auConstantCmn.PROFILE_SYSADMIN_DEFAULT_JP|"システム管理者"
18:50:41.0 (50433674)|HEAP_ALLOCATE|[21]|Bytes:7
18:50:41.0 (50443162)|VARIABLE_ASSIGNMENT|[21]|auConstantCmn.ROLE_CODE_EVOLVA_HONBU|"E000000"
18:50:41.0 (50447407)|HEAP_ALLOCATE|[21]|Bytes:8
18:50:41.0 (50456731)|VARIABLE_ASSIGNMENT|[21]|auConstantCmn.ROLE_CODE_EVOLVA_SHITEN|"EKEV0101"
18:50:41.0 (50460800)|HEAP_ALLOCATE|[21]|Bytes:7
18:50:41.0 (50470210)|VARIABLE_ASSIGNMENT|[21]|auConstantCmn.ROLE_CODE_HONBU|"C000000"
18:50:41.0 (50474422)|HEAP_ALLOCATE|[21]|Bytes:7
18:50:41.0 (50484164)|VARIABLE_ASSIGNMENT|[21]|auConstantCmn.ROLE_CODE_SA_HONBU|"S000000"
18:50:41.0 (50488277)|HEAP_ALLOCATE|[21]|Bytes:10
18:50:41.0 (50498606)|VARIABLE_ASSIGNMENT|[21]|auConstantCmn.USER_CLASSIFICATION_CONTRACTOR|"CONTRACTOR"
18:50:41.0 (50503581)|HEAP_ALLOCATE|[21]|Bytes:3
18:50:41.0 (50513244)|VARIABLE_ASSIGNMENT|[21]|auConstantCmn.USER_CLASSIFICATION_CSA|"CSA"
18:50:41.0 (50517367)|HEAP_ALLOCATE|[21]|Bytes:2
18:50:41.0 (50526963)|VARIABLE_ASSIGNMENT|[21]|auConstantCmn.USER_CLASSIFICATION_SA|"SA"
18:50:41.0 (50543617)|METHOD_ENTRY|[4]|01p6F0000084Osz|auConstantCmn.auConstantCmn()
18:50:41.0 (50550103)|STATEMENT_EXECUTE|[4]
18:50:41.0 (50554382)|STATEMENT_EXECUTE|[4]
18:50:41.0 (50568843)|HEAP_ALLOCATE|[21]|Bytes:5
18:50:41.0 (50586381)|METHOD_EXIT|[4]|auConstantCmn
18:50:41.0 (50722825)|VARIABLE_ASSIGNMENT|[EXTERNAL]|this|{"isIPhone":false}|0x449b32c6
18:50:41.0 (50737279)|VARIABLE_ASSIGNMENT|[EXTERNAL]|value|false
18:50:41.0 (50745689)|HEAP_ALLOCATE|[3]|Bytes:5
18:50:41.0 (50756185)|VARIABLE_ASSIGNMENT|[3]|this.isCommunityUser|false|0x449b32c6
18:50:41.0 (50767845)|STATEMENT_EXECUTE|[25]
18:50:41.0 (50848985)|VARIABLE_ASSIGNMENT|[EXTERNAL]|this|{"isCommunityUser":false,"isIPhone":false}|0x449b32c6
18:50:41.0 (50861069)|VARIABLE_ASSIGNMENT|[EXTERNAL]|value|true
18:50:41.0 (50867488)|HEAP_ALLOCATE|[4]|Bytes:5
18:50:41.0 (50876130)|VARIABLE_ASSIGNMENT|[4]|this.isSystemAdministrator|true|0x449b32c6
18:50:41.0 (50885314)|STATEMENT_EXECUTE|[29]
18:50:41.0 (50946791)|VARIABLE_ASSIGNMENT|[EXTERNAL]|this|{"isCommunityUser":false,"isIPhone":false,"isSystemAdministrato (1 more) ...":true}|0x449b32c6
18:50:41.0 (50987509)|VARIABLE_ASSIGNMENT|[EXTERNAL]|this|{"isCommunityUser":false,"isIPhone":false,"isSystemAdministrato (1 more) ...":true}|0x449b32c6
18:50:41.0 (50997587)|VARIABLE_ASSIGNMENT|[EXTERNAL]|value|true
18:50:41.0 (51003613)|HEAP_ALLOCATE|[5]|Bytes:5
18:50:41.0 (51015547)|VARIABLE_ASSIGNMENT|[5]|this.isKDDIUser|true|0x449b32c6
18:50:41.0 (51024776)|STATEMENT_EXECUTE|[37]
18:50:41.0 (51110169)|VARIABLE_ASSIGNMENT|[EXTERNAL]|this|{"isCommunityUser":false,"isIPhone":false,"isKDDIUser":true,"isSystemAdministrato (1 more) ...":true}|0x449b32c6
18:50:41.0 (51122904)|VARIABLE_ASSIGNMENT|[EXTERNAL]|value|false
18:50:41.0 (51129479)|HEAP_ALLOCATE|[6]|Bytes:5
18:50:41.0 (51137247)|VARIABLE_ASSIGNMENT|[6]|this.isSAorEvolvaUser|false|0x449b32c6
18:50:41.0 (51146181)|STATEMENT_EXECUTE|[42]
18:50:41.0 (51200603)|VARIABLE_ASSIGNMENT|[EXTERNAL]|this|{"isCommunityUser":false,"isIPhone":false,"isKDDIUser":true,"isSAorEvolvaUser":false,"isSystemAdministrato (1 more) ...":true}|0x449b32c6
18:50:41.0 (51213015)|VARIABLE_ASSIGNMENT|[EXTERNAL]|value|false
18:50:41.0 (51219087)|HEAP_ALLOCATE|[7]|Bytes:5
18:50:41.0 (51226036)|VARIABLE_ASSIGNMENT|[7]|this.isKDDIKnowledgeOnly|false|0x449b32c6
18:50:41.0 (51238091)|SYSTEM_MODE_EXIT|false
18:50:41.0 (51350207)|HEAP_ALLOCATE|[EXTERNAL]|Bytes:28
18:50:41.0 (51360543)|VARIABLE_SCOPE_BEGIN|[46]|this|auSwitchScreenCtrl|true|false
18:50:41.0 (51384902)|VARIABLE_ASSIGNMENT|[46]|this|{"isCommunityUser":false,"isIPhone":false,"isKDDIKnowledgeOnly":false,"isKDDIUser":true,"isSAorEvolvaUser":false,"isSystemAdministrato (1 more) ...":true}|0x449b32c6
18:50:41.0 (51403621)|SYSTEM_MODE_ENTER|false
18:50:41.0 (51410508)|HEAP_ALLOCATE|[48]|Bytes:5
18:50:41.0 (51415130)|STATEMENT_EXECUTE|[46]
18:50:41.0 (51417201)|STATEMENT_EXECUTE|[48]
18:50:41.0 (51421136)|HEAP_ALLOCATE|[48]|Bytes:63
18:50:41.0 (51437036)|HEAP_ALLOCATE|[48]|Bytes:4
18:50:41.0 (51451741)|METHOD_ENTRY|[50]||System.UserInfo.getUserId()
18:50:41.0 (51478372)|METHOD_EXIT|[50]||System.UserInfo.getUserId()
18:50:41.0 (51684647)|SOQL_EXECUTE_BEGIN|[48]|Aggregations:0|SELECT ForcePasswordReset__c FROM User WHERE User.ID = :tmpVar1
18:50:41.0 (54282371)|SOQL_EXECUTE_END|[48]|Rows:1
18:50:41.0 (54306322)|HEAP_ALLOCATE|[48]|Bytes:8
18:50:41.0 (54321953)|HEAP_ALLOCATE|[48]|Bytes:58
18:50:41.0 (54351334)|HEAP_ALLOCATE|[48]|Bytes:8
18:50:41.0 (54373028)|HEAP_ALLOCATE|[48]|Bytes:12
18:50:41.0 (54381644)|VARIABLE_SCOPE_BEGIN|[48]|currentUser|User|true|false
18:50:41.0 (54402786)|VARIABLE_ASSIGNMENT|[48]|currentUser|{"ForcePasswordReset__ (1 more) ...":false,"Id":"0056F000006PtYlQAK"}|0x60a19081
18:50:41.0 (54430546)|STATEMENT_EXECUTE|[52]
18:50:41.0 (54482448)|VARIABLE_ASSIGNMENT|[EXTERNAL]|this|{"isCommunityUser":false,"isIPhone":false,"isKDDIKnowledgeOnly":false,"isKDDIUser":true,"isSAorEvolvaUser":false,"isSystemAdministrato (1 more) ...":true}|0x449b32c6
18:50:41.0 (54500507)|STATEMENT_EXECUTE|[57]
18:50:41.0 (54503012)|STATEMENT_EXECUTE|[62]
18:50:41.0 (54508475)|SYSTEM_MODE_EXIT|false
18:50:41.0 (54932301)|SYSTEM_MODE_ENTER|true
18:50:41.0 (54954207)|HEAP_ALLOCATE|[EXTERNAL]|Bytes:40
18:50:41.0 (54962276)|VARIABLE_SCOPE_BEGIN|[42]|this|auMainTopCompCtrl|true|false
18:50:41.0 (54995901)|VARIABLE_ASSIGNMENT|[42]|this|{}|0xc7b5f40
18:50:41.0 (55005250)|STATEMENT_EXECUTE|[1]
18:50:41.0 (55007887)|STATEMENT_EXECUTE|[25]
18:50:41.0 (55009839)|STATEMENT_EXECUTE|[26]
18:50:41.0 (55011580)|STATEMENT_EXECUTE|[27]
18:50:41.0 (55013402)|STATEMENT_EXECUTE|[30]
18:50:41.0 (55015060)|STATEMENT_EXECUTE|[31]
18:50:41.0 (55016745)|STATEMENT_EXECUTE|[32]
18:50:41.0 (55018300)|STATEMENT_EXECUTE|[34]
18:50:41.0 (55020161)|STATEMENT_EXECUTE|[35]
18:50:41.0 (55021731)|STATEMENT_EXECUTE|[37]
18:50:41.0 (55040558)|STATEMENT_EXECUTE|[42]
18:50:41.0 (55042351)|STATEMENT_EXECUTE|[43]
18:50:41.0 (55066747)|VARIABLE_ASSIGNMENT|[EXTERNAL]|this|{}|0xc7b5f40
18:50:41.0 (55078972)|VARIABLE_ASSIGNMENT|[EXTERNAL]|value|0
18:50:41.0 (55085172)|HEAP_ALLOCATE|[30]|Bytes:4
18:50:41.0 (55094400)|VARIABLE_ASSIGNMENT|[30]|this.iTypeOfScreen|0|0xc7b5f40
18:50:41.0 (55121774)|STATEMENT_EXECUTE|[45]
18:50:41.0 (55283091)|HEAP_ALLOCATE|[45]|Bytes:136
18:50:41.0 (55331196)|VARIABLE_ASSIGNMENT|[EXTERNAL]|this|{"iTypeOfScreen":0}|0xc7b5f40
18:50:41.0 (55343733)|VARIABLE_ASSIGNMENT|[EXTERNAL]|value|"https://au-portal.li (77 more) ..."
18:50:41.0 (55361514)|VARIABLE_ASSIGNMENT|[35]|this.urlReportsSFA|"https://au-portal.li (77 more) ..."|0xc7b5f40
18:50:41.0 (55370304)|STATEMENT_EXECUTE|[47]
18:50:41.0 (55382236)|HEAP_ALLOCATE|[47]|Bytes:4
18:50:41.0 (55392737)|METHOD_ENTRY|[52]||System.UserInfo.getUserId()
18:50:41.0 (55408864)|METHOD_EXIT|[52]||System.UserInfo.getUserId()
18:50:41.0 (55804723)|SOQL_EXECUTE_BEGIN|[47]|Aggregations:0|SELECT SmallPhotoUrl, Account.Name, Account.RegionalOfficeId__r.RegionalOfficeName__c, Account.BranchId__r.BranchName__c, Name, Department, UserRole.Name FROM User WHERE User.ID = :tmpVar1
18:50:41.0 (60472378)|SOQL_EXECUTE_END|[47]|Rows:1
18:50:41.0 (60496201)|HEAP_ALLOCATE|[47]|Bytes:8
18:50:41.0 (60519689)|HEAP_ALLOCATE|[47]|Bytes:178
18:50:41.0 (60550685)|HEAP_ALLOCATE|[47]|Bytes:8
18:50:41.0 (60570849)|HEAP_ALLOCATE|[47]|Bytes:24
18:50:41.0 (60622492)|VARIABLE_ASSIGNMENT|[EXTERNAL]|this|{"iTypeOfScreen":0,"urlReportsSFA":"https://au-portal.li (77 more) ..."}|0xc7b5f40
18:50:41.0 (60644917)|VARIABLE_ASSIGNMENT|[EXTERNAL]|value|{"SmallPhotoUrl":"/profilephoto/005/T","Name":"auPortal システム開発","UserRoleId":"00E6F000001SEaUUAW","Id":"0056F000006PtYlQAK","UserRole":{"Name":"コンシューマ事業本部","Id":"00E6F000001SEaUUAW"}}|0x663cc7aa
18:50:41.0 (60696856)|VARIABLE_ASSIGNMENT|[34]|this.currentUser|{"SmallPhotoUrl":"/profilephoto/005/T","Name":"auPortal システム開発","UserRoleId":"00E6F000001SEaUUAW","Id":"0056F000006PtYlQAK","UserRole":{"Name":"コンシューマ事業本部","Id":"00E6F000001SEaUUAW"}}|0xc7b5f40
18:50:41.0 (61154037)|SYSTEM_MODE_ENTER|true
18:50:41.0 (61186203)|HEAP_ALLOCATE|[EXTERNAL]|Bytes:40
18:50:41.0 (61222192)|VARIABLE_ASSIGNMENT|[EXTERNAL]|this.iCountComments|null|0xc7b5f40
18:50:41.0 (61282568)|SYSTEM_MODE_ENTER|true
18:50:41.0 (61299047)|HEAP_ALLOCATE|[EXTERNAL]|Bytes:40
18:50:41.0 (61308637)|VARIABLE_ASSIGNMENT|[EXTERNAL]|this.iCountLikes|null|0xc7b5f40
18:50:41.0 (61467782)|SYSTEM_MODE_ENTER|true
18:50:41.0 (61513183)|HEAP_ALLOCATE|[EXTERNAL]|Bytes:28
18:50:41.0 (61523037)|VARIABLE_SCOPE_BEGIN|[10]|this|auSwitchScreenCtrl|true|false
18:50:41.0 (61556909)|VARIABLE_ASSIGNMENT|[10]|this|{"isCommunityUser":false,"isIPhone":false,"isKDDIKnowledgeOnly":false,"isKDDIUser":true,"isSAorEvolvaUser":false,"isSystemAdministrato (1 more) ...":true}|0x449b32c6
18:50:41.0 (61582738)|SYSTEM_MODE_ENTER|false
18:50:41.0 (61590924)|HEAP_ALLOCATE|[10]|Bytes:5
18:50:41.0 (61596622)|STATEMENT_EXECUTE|[10]
18:50:41.0 (61598895)|STATEMENT_EXECUTE|[10]
18:50:41.0 (61608147)|SYSTEM_MODE_EXIT|false
18:50:41.0 (61675205)|SYSTEM_MODE_ENTER|true
18:50:41.0 (61695003)|HEAP_ALLOCATE|[EXTERNAL]|Bytes:8
18:50:41.0 (61700801)|HEAP_ALLOCATE|[EXTERNAL]|Bytes:40
18:50:41.0 (61710417)|VARIABLE_ASSIGNMENT|[EXTERNAL]|this.iTypeOfScreen|0|0xc7b5f40
18:50:41.0 (61855901)|SYSTEM_MODE_ENTER|true
18:50:41.0 (61894033)|HEAP_ALLOCATE|[EXTERNAL]|Bytes:40
18:50:41.0 (61902637)|VARIABLE_SCOPE_BEGIN|[163]|this|auMainTopCompCtrl|true|false
18:50:41.0 (61938659)|VARIABLE_ASSIGNMENT|[163]|this|{"currentUser":"0x663cc7aa","iTypeOfScreen":0,"urlReportsSFA":"https://au-portal.li (77 more) ..."}|0xc7b5f40
18:50:41.0 (61949143)|STATEMENT_EXECUTE|[163]
18:50:41.0 (61995266)|VARIABLE_ASSIGNMENT|[EXTERNAL]|this|{"currentUser":"0x663cc7aa","iTypeOfScreen":0,"urlReportsSFA":"https://au-portal.li (77 more) ..."}|0xc7b5f40
18:50:41.0 (62040990)|VARIABLE_ASSIGNMENT|[EXTERNAL]|this|{"currentUser":"0x663cc7aa","iTypeOfScreen":0,"urlReportsSFA":"https://au-portal.li (77 more) ..."}|0xc7b5f40
18:50:41.0 (62072927)|VARIABLE_ASSIGNMENT|[EXTERNAL]|this|{"currentUser":"0x663cc7aa","iTypeOfScreen":0,"urlReportsSFA":"https://au-portal.li (77 more) ..."}|0xc7b5f40
18:50:41.0 (62107478)|VARIABLE_ASSIGNMENT|[EXTERNAL]|this|{"currentUser":"0x663cc7aa","iTypeOfScreen":0,"urlReportsSFA":"https://au-portal.li (77 more) ..."}|0xc7b5f40
18:50:41.0 (62136323)|VARIABLE_ASSIGNMENT|[EXTERNAL]|this|{"currentUser":"0x663cc7aa","iTypeOfScreen":0,"urlReportsSFA":"https://au-portal.li (77 more) ..."}|0xc7b5f40
18:50:41.0 (62147634)|STATEMENT_EXECUTE|[172]
18:50:41.0 (62149567)|STATEMENT_EXECUTE|[173]
18:50:41.0 (62265027)|SYSTEM_MODE_ENTER|true
18:50:41.0 (62302630)|HEAP_ALLOCATE|[EXTERNAL]|Bytes:40
18:50:41.0 (62311458)|VARIABLE_SCOPE_BEGIN|[177]|this|auMainTopCompCtrl|true|false
18:50:41.0 (62340215)|VARIABLE_ASSIGNMENT|[177]|this|{"currentUser":"0x663cc7aa","iTypeOfScreen":0,"urlReportsSFA":"https://au-portal.li (77 more) ..."}|0xc7b5f40
18:50:41.0 (62350238)|STATEMENT_EXECUTE|[177]
18:50:41.0 (62381757)|VARIABLE_ASSIGNMENT|[EXTERNAL]|this|{"currentUser":"0x663cc7aa","iTypeOfScreen":0,"urlReportsSFA":"https://au-portal.li (77 more) ..."}|0xc7b5f40
18:50:41.0 (62418688)|VARIABLE_ASSIGNMENT|[EXTERNAL]|this|{"currentUser":"0x663cc7aa","iTypeOfScreen":0,"urlReportsSFA":"https://au-portal.li (77 more) ..."}|0xc7b5f40
18:50:41.0 (62447257)|VARIABLE_ASSIGNMENT|[EXTERNAL]|this|{"currentUser":"0x663cc7aa","iTypeOfScreen":0,"urlReportsSFA":"https://au-portal.li (77 more) ..."}|0xc7b5f40
18:50:41.0 (62480312)|VARIABLE_ASSIGNMENT|[EXTERNAL]|this|{"currentUser":"0x663cc7aa","iTypeOfScreen":0,"urlReportsSFA":"https://au-portal.li (77 more) ..."}|0xc7b5f40
18:50:41.0 (62508813)|VARIABLE_ASSIGNMENT|[EXTERNAL]|this|{"currentUser":"0x663cc7aa","iTypeOfScreen":0,"urlReportsSFA":"https://au-portal.li (77 more) ..."}|0xc7b5f40
18:50:41.0 (62519708)|STATEMENT_EXECUTE|[186]
18:50:41.0 (62521688)|STATEMENT_EXECUTE|[187]
18:50:41.0 (63447788)|SYSTEM_MODE_ENTER|true
18:50:41.0 (65436846)|SYSTEM_MODE_ENTER|true
18:50:41.0 (65483388)|HEAP_ALLOCATE|[EXTERNAL]|Bytes:40
18:50:41.0 (65493753)|VARIABLE_SCOPE_BEGIN|[55]|this|auMainTopCompCtrl|true|false
18:50:41.0 (65529071)|VARIABLE_ASSIGNMENT|[55]|this|{"currentUser":"0x663cc7aa","iTypeOfScreen":0,"urlReportsSFA":"https://au-portal.li (77 more) ..."}|0xc7b5f40
18:50:41.0 (65540181)|STATEMENT_EXECUTE|[55]
18:50:41.0 (65542455)|STATEMENT_EXECUTE|[56]
18:50:41.0 (65589044)|VARIABLE_ASSIGNMENT|[EXTERNAL]|this|{"currentUser":"0x663cc7aa","iTypeOfScreen":0,"urlReportsSFA":"https://au-portal.li (77 more) ..."}|0xc7b5f40
18:50:41.0 (65638382)|VARIABLE_ASSIGNMENT|[EXTERNAL]|this|{"currentUser":"0x663cc7aa","iTypeOfScreen":0,"urlReportsSFA":"https://au-portal.li (77 more) ..."}|0xc7b5f40
18:50:41.0 (65679677)|VARIABLE_ASSIGNMENT|[EXTERNAL]|this|{"currentUser":"0x663cc7aa","iTypeOfScreen":0,"urlReportsSFA":"https://au-portal.li (77 more) ..."}|0xc7b5f40
18:50:41.0 (65699012)|HEAP_ALLOCATE|[56]|Bytes:5
18:50:41.0 (65783501)|SYSTEM_MODE_ENTER|true
18:50:41.0 (65820452)|HEAP_ALLOCATE|[EXTERNAL]|Bytes:40
18:50:41.0 (65828702)|VARIABLE_SCOPE_BEGIN|[61]|this|auMainTopCompCtrl|true|false
18:50:41.0 (65856602)|VARIABLE_ASSIGNMENT|[61]|this|{"currentUser":"0x663cc7aa","iTypeOfScreen":0,"urlReportsSFA":"https://au-portal.li (77 more) ..."}|0xc7b5f40
18:50:41.0 (65865304)|STATEMENT_EXECUTE|[61]
18:50:41.0 (65867468)|STATEMENT_EXECUTE|[62]
18:50:41.0 (65899103)|VARIABLE_ASSIGNMENT|[EXTERNAL]|this|{"currentUser":"0x663cc7aa","iTypeOfScreen":0,"urlReportsSFA":"https://au-portal.li (77 more) ..."}|0xc7b5f40
18:50:41.0 (65940372)|VARIABLE_ASSIGNMENT|[EXTERNAL]|this|{"currentUser":"0x663cc7aa","iTypeOfScreen":0,"urlReportsSFA":"https://au-portal.li (77 more) ..."}|0xc7b5f40
18:50:41.0 (65956403)|HEAP_ALLOCATE|[62]|Bytes:5
18:50:41.0 (66037743)|SYSTEM_MODE_ENTER|true
18:50:41.0 (66073119)|HEAP_ALLOCATE|[EXTERNAL]|Bytes:40
18:50:41.0 (66081254)|VARIABLE_SCOPE_BEGIN|[71]|this|auMainTopCompCtrl|true|false
18:50:41.0 (66139738)|VARIABLE_ASSIGNMENT|[71]|this|{"currentUser":"0x663cc7aa","iTypeOfScreen":0,"urlReportsSFA":"https://au-portal.li (77 more) ..."}|0xc7b5f40
18:50:41.0 (66150474)|STATEMENT_EXECUTE|[71]
18:50:41.0 (66152533)|STATEMENT_EXECUTE|[72]
18:50:41.0 (66184991)|VARIABLE_ASSIGNMENT|[EXTERNAL]|this|{"currentUser":"0x663cc7aa","iTypeOfScreen":0,"urlReportsSFA":"https://au-portal.li (77 more) ..."}|0xc7b5f40
18:50:41.0 (66222076)|VARIABLE_ASSIGNMENT|[EXTERNAL]|this|{"currentUser":"0x663cc7aa","iTypeOfScreen":0,"urlReportsSFA":"https://au-portal.li (77 more) ..."}|0xc7b5f40
18:50:41.0 (66236429)|HEAP_ALLOCATE|[72]|Bytes:5
18:50:41.0 (66339712)|SYSTEM_MODE_ENTER|true
18:50:41.0 (66395872)|SYSTEM_MODE_ENTER|true
18:50:41.0 (66503280)|SYSTEM_MODE_ENTER|true
18:50:41.0 (66620144)|SYSTEM_MODE_ENTER|true
18:50:41.0 (69020799)|SYSTEM_MODE_ENTER|true
18:50:41.0 (69073772)|HEAP_ALLOCATE|[EXTERNAL]|Bytes:240
18:50:41.0 (69084443)|HEAP_ALLOCATE|[EXTERNAL]|Bytes:14
18:50:41.0 (69096039)|METHOD_ENTRY|[1]|01p6F000006ymET|auSwitchScreenBtmCompCtrl.auSwitchScreenBtmCompCtrl()
18:50:41.0 (69102167)|STATEMENT_EXECUTE|[1]
18:50:41.0 (69105805)|STATEMENT_EXECUTE|[1]
18:50:41.0 (69111672)|METHOD_EXIT|[1]|auSwitchScreenBtmCompCtrl
18:50:41.0 (69127479)|HEAP_ALLOCATE|[EXTERNAL]|Bytes:28
18:50:41.0 (69133572)|VARIABLE_SCOPE_BEGIN|[10]|this|auSwitchScreenBtmCompCtrl|true|false
18:50:41.0 (69170460)|VARIABLE_ASSIGNMENT|[10]|this|{}|0x5458e7e4
18:50:41.0 (69179240)|STATEMENT_EXECUTE|[1]
18:50:41.0 (69181192)|STATEMENT_EXECUTE|[3]
18:50:41.0 (69183028)|STATEMENT_EXECUTE|[4]
18:50:41.0 (69184831)|STATEMENT_EXECUTE|[5]
18:50:41.0 (69186402)|STATEMENT_EXECUTE|[6]
18:50:41.0 (69187971)|STATEMENT_EXECUTE|[7]
18:50:41.0 (69189633)|STATEMENT_EXECUTE|[8]
18:50:41.0 (69209687)|STATEMENT_EXECUTE|[10]
18:50:41.0 (69211597)|STATEMENT_EXECUTE|[12]
18:50:41.0 (69408236)|HEAP_ALLOCATE|[12]|Bytes:136
18:50:41.0 (69477160)|VARIABLE_ASSIGNMENT|[EXTERNAL]|this|{}|0x5458e7e4
18:50:41.0 (69492046)|VARIABLE_ASSIGNMENT|[EXTERNAL]|value|"https://c.ap4.conten (102 more) ..."
18:50:41.0 (69504711)|VARIABLE_ASSIGNMENT|[4]|this.urlDailyReportManual|"https://c.ap4.conten (102 more) ..."|0x5458e7e4
18:50:41.0 (69514952)|STATEMENT_EXECUTE|[13]
18:50:41.0 (69623609)|HEAP_ALLOCATE|[13]|Bytes:136
18:50:41.0 (69684181)|VARIABLE_ASSIGNMENT|[EXTERNAL]|this|{"urlDailyReportManual":"https://c.ap4.conten (102 more) ..."}|0x5458e7e4
18:50:41.0 (69696241)|VARIABLE_ASSIGNMENT|[EXTERNAL]|value|"https://ap4.salesfor (84 more) ..."
18:50:41.0 (69706813)|VARIABLE_ASSIGNMENT|[5]|this.urlExternalCxSTPDManual|"https://ap4.salesfor (84 more) ..."|0x5458e7e4
18:50:41.0 (69716275)|STATEMENT_EXECUTE|[14]
18:50:41.0 (69813614)|HEAP_ALLOCATE|[14]|Bytes:136
18:50:41.0 (69869529)|VARIABLE_ASSIGNMENT|[EXTERNAL]|this|{"urlDailyReportManual":"https://c.ap4.conten (102 more) ...","urlExternalCxSTPDMan (3 more) ...":"https://ap4.salesfor (84 more) ..."}|0x5458e7e4
18:50:41.0 (69882128)|VARIABLE_ASSIGNMENT|[EXTERNAL]|value|"https://c.ap4.conten (102 more) ..."
18:50:41.0 (69891926)|VARIABLE_ASSIGNMENT|[6]|this.urlInternalCxSTPDManual|"https://c.ap4.conten (102 more) ..."|0x5458e7e4
18:50:41.0 (69901534)|STATEMENT_EXECUTE|[16]
18:50:41.0 (69918712)|HEAP_ALLOCATE|[16]|Bytes:4
18:50:41.0 (69932851)|METHOD_ENTRY|[18]||System.UserInfo.getUserId()
18:50:41.0 (69960412)|METHOD_EXIT|[18]||System.UserInfo.getUserId()
18:50:41.0 (70217573)|SOQL_EXECUTE_BEGIN|[16]|Aggregations:0|SELECT Profile.Name FROM User WHERE User.ID = :tmpVar1
18:50:41.0 (74770381)|SOQL_EXECUTE_END|[16]|Rows:1
18:50:41.0 (74796506)|HEAP_ALLOCATE|[16]|Bytes:8
18:50:41.0 (74817089)|HEAP_ALLOCATE|[16]|Bytes:127
18:50:41.0 (74854279)|HEAP_ALLOCATE|[16]|Bytes:8
18:50:41.0 (74880223)|HEAP_ALLOCATE|[16]|Bytes:16
18:50:41.0 (74889381)|VARIABLE_SCOPE_BEGIN|[16]|currentUser|User|true|false
18:50:41.0 (74912613)|VARIABLE_ASSIGNMENT|[16]|currentUser|{"ProfileId":"00e6F000002RS1oQAG","Id":"0056F000006PtYlQAK","Profile":{"Name":"System Administrator","Id":"00e6F000002RS1oQAG"}}|0x35da46da
18:50:41.0 (74920059)|STATEMENT_EXECUTE|[20]
18:50:41.0 (75075843)|VARIABLE_ASSIGNMENT|[EXTERNAL]|this|{"urlDailyReportManual":"https://c.ap4.conten (102 more) ...","urlExternalCxSTPDMan (3 more) ...":"https://ap4.salesfor (84 more) ...","urlInternalCxSTPDMan (3 more) ...":"https://c.ap4.conten (102 more) ..."}|0x5458e7e4
18:50:41.0 (75094146)|VARIABLE_ASSIGNMENT|[EXTERNAL]|value|false
18:50:41.0 (75102019)|HEAP_ALLOCATE|[7]|Bytes:5
18:50:41.0 (75111688)|VARIABLE_ASSIGNMENT|[7]|this.isCommunityUser|false|0x5458e7e4
18:50:41.0 (75122651)|STATEMENT_EXECUTE|[24]
18:50:41.0 (75170018)|VARIABLE_ASSIGNMENT|[EXTERNAL]|this|{"isCommunityUser":false,"urlDailyReportManual":"https://c.ap4.conten (102 more) ...","urlExternalCxSTPDMan (3 more) ...":"https://ap4.salesfor (84 more) ...","urlInternalCxSTPDMan (3 more) ...":"https://c.ap4.conten (102 more) ..."}|0x5458e7e4
18:50:41.0 (75182533)|VARIABLE_ASSIGNMENT|[EXTERNAL]|value|""
18:50:41.0 (75191933)|VARIABLE_ASSIGNMENT|[3]|this.urlSFDCHome|""|0x5458e7e4
18:50:41.0 (75230277)|VARIABLE_ASSIGNMENT|[EXTERNAL]|this|{"isCommunityUser":false,"urlDailyReportManual":"https://c.ap4.conten (102 more) ...","urlExternalCxSTPDMan (3 more) ...":"https://ap4.salesfor (84 more) ...","urlInternalCxSTPDMan (3 more) ...":"https://c.ap4.conten (102 more) ...","urlSFDCHome":""}|0x5458e7e4
18:50:41.0 (75246562)|STATEMENT_EXECUTE|[25]
18:50:41.0 (75248544)|STATEMENT_EXECUTE|[26]
18:50:41.0 (75367758)|HEAP_ALLOCATE|[26]|Bytes:136
18:50:41.0 (75426993)|VARIABLE_ASSIGNMENT|[EXTERNAL]|this|{"isCommunityUser":false,"urlDailyReportManual":"https://c.ap4.conten (102 more) ...","urlExternalCxSTPDMan (3 more) ...":"https://ap4.salesfor (84 more) ...","urlInternalCxSTPDMan (3 more) ...":"https://c.ap4.conten (102 more) ...","urlSFDCHome":""}|0x5458e7e4
18:50:41.0 (75440063)|VARIABLE_ASSIGNMENT|[EXTERNAL]|value|"https://au-portal.li (49 more) ..."
18:50:41.0 (75450122)|VARIABLE_ASSIGNMENT|[3]|this.urlSFDCHome|"https://au-portal.li (49 more) ..."|0x5458e7e4
18:50:41.0 (75459543)|STATEMENT_EXECUTE|[27]
18:50:41.0 (75559106)|HEAP_ALLOCATE|[27]|Bytes:136
18:50:41.0 (75624721)|VARIABLE_ASSIGNMENT|[EXTERNAL]|this|{"isCommunityUser":false,"urlDailyReportManual":"https://c.ap4.conten (102 more) ...","urlExternalCxSTPDMan (3 more) ...":"https://ap4.salesfor (84 more) ...","urlInternalCxSTPDMan (3 more) ...":"https://c.ap4.conten (102 more) ...","urlSFDCHome":"https://au-portal.li (49 more) ..."}|0x5458e7e4
18:50:41.0 (75641033)|VARIABLE_ASSIGNMENT|[EXTERNAL]|value|"http://lucas-idp.kdd (77 more) ..."
18:50:41.0 (75654430)|VARIABLE_ASSIGNMENT|[8]|this.urlSingleSignOn|"http://lucas-idp.kdd (77 more) ..."|0x5458e7e4
18:50:41.0 (76159118)|SYSTEM_MODE_ENTER|true
18:50:41.0 (76260075)|SYSTEM_MODE_ENTER|true
18:50:41.0 (77134696)|SYSTEM_MODE_ENTER|true
18:50:41.0 (77168740)|HEAP_ALLOCATE|[EXTERNAL]|Bytes:40
18:50:41.0 (77181960)|VARIABLE_ASSIGNMENT|[EXTERNAL]|this.iCountComments|null|0xc7b5f40
18:50:41.0 (77227380)|SYSTEM_MODE_ENTER|true
18:50:41.0 (77242472)|HEAP_ALLOCATE|[EXTERNAL]|Bytes:40
18:50:41.0 (77251393)|VARIABLE_ASSIGNMENT|[EXTERNAL]|this.iCountLikes|null|0xc7b5f40
18:50:41.0 (77323064)|SYSTEM_MODE_ENTER|true
18:50:41.0 (77342915)|HEAP_ALLOCATE|[EXTERNAL]|Bytes:8
18:50:41.0 (77348777)|HEAP_ALLOCATE|[EXTERNAL]|Bytes:40
18:50:41.0 (77357953)|VARIABLE_ASSIGNMENT|[EXTERNAL]|this.iTypeOfScreen|0|0xc7b5f40
18:50:41.0 (77566006)|SYSTEM_MODE_ENTER|true
18:50:41.0 (77613634)|HEAP_ALLOCATE|[EXTERNAL]|Bytes:40
18:50:41.0 (77621889)|VARIABLE_SCOPE_BEGIN|[163]|this|auMainTopCompCtrl|true|false
18:50:41.0 (77661552)|VARIABLE_ASSIGNMENT|[163]|this|{"currentUser":"0x663cc7aa","iTypeOfScreen":0,"urlReportsSFA":"https://au-portal.li (77 more) ..."}|0xc7b5f40
18:50:41.0 (77672867)|STATEMENT_EXECUTE|[163]
18:50:41.0 (77704010)|VARIABLE_ASSIGNMENT|[EXTERNAL]|this|{"currentUser":"0x663cc7aa","iTypeOfScreen":0,"urlReportsSFA":"https://au-portal.li (77 more) ..."}|0xc7b5f40
18:50:41.0 (77740403)|VARIABLE_ASSIGNMENT|[EXTERNAL]|this|{"currentUser":"0x663cc7aa","iTypeOfScreen":0,"urlReportsSFA":"https://au-portal.li (77 more) ..."}|0xc7b5f40
18:50:41.0 (77768819)|VARIABLE_ASSIGNMENT|[EXTERNAL]|this|{"currentUser":"0x663cc7aa","iTypeOfScreen":0,"urlReportsSFA":"https://au-portal.li (77 more) ..."}|0xc7b5f40
18:50:41.0 (77797350)|VARIABLE_ASSIGNMENT|[EXTERNAL]|this|{"currentUser":"0x663cc7aa","iTypeOfScreen":0,"urlReportsSFA":"https://au-portal.li (77 more) ..."}|0xc7b5f40
18:50:41.0 (77825071)|VARIABLE_ASSIGNMENT|[EXTERNAL]|this|{"currentUser":"0x663cc7aa","iTypeOfScreen":0,"urlReportsSFA":"https://au-portal.li (77 more) ..."}|0xc7b5f40
18:50:41.0 (77836514)|STATEMENT_EXECUTE|[172]
18:50:41.0 (77838468)|STATEMENT_EXECUTE|[173]
18:50:41.0 (77907519)|SYSTEM_MODE_ENTER|true
18:50:41.0 (77942262)|HEAP_ALLOCATE|[EXTERNAL]|Bytes:40
18:50:41.0 (77949517)|VARIABLE_SCOPE_BEGIN|[177]|this|auMainTopCompCtrl|true|false
18:50:41.0 (77977215)|VARIABLE_ASSIGNMENT|[177]|this|{"currentUser":"0x663cc7aa","iTypeOfScreen":0,"urlReportsSFA":"https://au-portal.li (77 more) ..."}|0xc7b5f40
18:50:41.0 (77987180)|STATEMENT_EXECUTE|[177]
18:50:41.0 (78010562)|VARIABLE_ASSIGNMENT|[EXTERNAL]|this|{"currentUser":"0x663cc7aa","iTypeOfScreen":0,"urlReportsSFA":"https://au-portal.li (77 more) ..."}|0xc7b5f40
18:50:41.0 (78041509)|VARIABLE_ASSIGNMENT|[EXTERNAL]|this|{"currentUser":"0x663cc7aa","iTypeOfScreen":0,"urlReportsSFA":"https://au-portal.li (77 more) ..."}|0xc7b5f40
18:50:41.0 (78069031)|VARIABLE_ASSIGNMENT|[EXTERNAL]|this|{"currentUser":"0x663cc7aa","iTypeOfScreen":0,"urlReportsSFA":"https://au-portal.li (77 more) ..."}|0xc7b5f40
18:50:41.0 (78097003)|VARIABLE_ASSIGNMENT|[EXTERNAL]|this|{"currentUser":"0x663cc7aa","iTypeOfScreen":0,"urlReportsSFA":"https://au-portal.li (77 more) ..."}|0xc7b5f40
18:50:41.0 (78123847)|VARIABLE_ASSIGNMENT|[EXTERNAL]|this|{"currentUser":"0x663cc7aa","iTypeOfScreen":0,"urlReportsSFA":"https://au-portal.li (77 more) ..."}|0xc7b5f40
18:50:41.0 (78134048)|STATEMENT_EXECUTE|[186]
18:50:41.0 (78135899)|STATEMENT_EXECUTE|[187]
18:50:41.0 (78390987)|SYSTEM_MODE_ENTER|true
18:50:41.0 (83978003)|SYSTEM_MODE_ENTER|true
18:50:41.0 (84028117)|HEAP_ALLOCATE|[EXTERNAL]|Bytes:40
18:50:41.0 (84039095)|VARIABLE_SCOPE_BEGIN|[55]|this|auMainTopCompCtrl|true|false
18:50:41.0 (84085181)|VARIABLE_ASSIGNMENT|[55]|this|{"currentUser":"0x663cc7aa","iTypeOfScreen":0,"urlReportsSFA":"https://au-portal.li (77 more) ..."}|0xc7b5f40
18:50:41.0 (84097822)|STATEMENT_EXECUTE|[55]
18:50:41.0 (84100135)|STATEMENT_EXECUTE|[56]
18:50:41.0 (84131667)|VARIABLE_ASSIGNMENT|[EXTERNAL]|this|{"currentUser":"0x663cc7aa","iTypeOfScreen":0,"urlReportsSFA":"https://au-portal.li (77 more) ..."}|0xc7b5f40
18:50:41.0 (84169108)|VARIABLE_ASSIGNMENT|[EXTERNAL]|this|{"currentUser":"0x663cc7aa","iTypeOfScreen":0,"urlReportsSFA":"https://au-portal.li (77 more) ..."}|0xc7b5f40
18:50:41.0 (84198953)|VARIABLE_ASSIGNMENT|[EXTERNAL]|this|{"currentUser":"0x663cc7aa","iTypeOfScreen":0,"urlReportsSFA":"https://au-portal.li (77 more) ..."}|0xc7b5f40
18:50:41.0 (84214103)|HEAP_ALLOCATE|[56]|Bytes:5
18:50:41.0 (84281105)|SYSTEM_MODE_ENTER|true
18:50:41.0 (84315020)|HEAP_ALLOCATE|[EXTERNAL]|Bytes:40
18:50:41.0 (84322486)|VARIABLE_SCOPE_BEGIN|[61]|this|auMainTopCompCtrl|true|false
18:50:41.0 (84354108)|VARIABLE_ASSIGNMENT|[61]|this|{"currentUser":"0x663cc7aa","iTypeOfScreen":0,"urlReportsSFA":"https://au-portal.li (77 more) ..."}|0xc7b5f40
18:50:41.0 (84363526)|STATEMENT_EXECUTE|[61]
18:50:41.0 (84365582)|STATEMENT_EXECUTE|[62]
18:50:41.0 (84390283)|VARIABLE_ASSIGNMENT|[EXTERNAL]|this|{"currentUser":"0x663cc7aa","iTypeOfScreen":0,"urlReportsSFA":"https://au-portal.li (77 more) ..."}|0xc7b5f40
18:50:41.0 (84421655)|VARIABLE_ASSIGNMENT|[EXTERNAL]|this|{"currentUser":"0x663cc7aa","iTypeOfScreen":0,"urlReportsSFA":"https://au-portal.li (77 more) ..."}|0xc7b5f40
18:50:41.0 (84435458)|HEAP_ALLOCATE|[62]|Bytes:5
18:50:41.0 (84497623)|SYSTEM_MODE_ENTER|true
18:50:41.0 (84529138)|HEAP_ALLOCATE|[EXTERNAL]|Bytes:40
18:50:41.0 (84535856)|VARIABLE_SCOPE_BEGIN|[71]|this|auMainTopCompCtrl|true|false
18:50:41.0 (84562906)|VARIABLE_ASSIGNMENT|[71]|this|{"currentUser":"0x663cc7aa","iTypeOfScreen":0,"urlReportsSFA":"https://au-portal.li (77 more) ..."}|0xc7b5f40
18:50:41.0 (84571226)|STATEMENT_EXECUTE|[71]
18:50:41.0 (84573255)|STATEMENT_EXECUTE|[72]
18:50:41.0 (84602853)|VARIABLE_ASSIGNMENT|[EXTERNAL]|this|{"currentUser":"0x663cc7aa","iTypeOfScreen":0,"urlReportsSFA":"https://au-portal.li (77 more) ..."}|0xc7b5f40
18:50:41.0 (84633830)|VARIABLE_ASSIGNMENT|[EXTERNAL]|this|{"currentUser":"0x663cc7aa","iTypeOfScreen":0,"urlReportsSFA":"https://au-portal.li (77 more) ..."}|0xc7b5f40
18:50:41.0 (84649801)|HEAP_ALLOCATE|[72]|Bytes:5
18:50:41.0 (104599269)|SYSTEM_MODE_ENTER|true
18:50:41.0 (105146354)|SYSTEM_MODE_ENTER|true
18:50:41.0 (106059404)|VF_SERIALIZE_VIEWSTATE_BEGIN|0666F000006TarA
18:50:41.0 (109354836)|VF_SERIALIZE_VIEWSTATE_END
18:50:41.116 (116415426)|CUMULATIVE_LIMIT_USAGE
18:50:41.116 (116415426)|LIMIT_USAGE_FOR_NS|(default)|
  Number of SOQL queries: 5 out of 100
  Number of query rows: 5 out of 50000
  Number of SOSL queries: 0 out of 20
  Number of DML statements: 0 out of 150
  Number of DML rows: 0 out of 10000
  Maximum CPU time: 0 out of 10000
  Maximum heap size: 0 out of 6000000
  Number of callouts: 0 out of 100
  Number of Email Invocations: 0 out of 10
  Number of future calls: 0 out of 50
  Number of queueable jobs added to the queue: 0 out of 50
  Number of Mobile Apex push calls: 0 out of 10

18:50:41.116 (116415426)|CUMULATIVE_LIMIT_USAGE_END

18:50:41.0 (116452567)|CODE_UNIT_FINISHED|VF: /apex/auSwitchScreenPage
18:50:41.0 (117640230)|EXECUTION_FINISHED
