41.0 APEX_CODE,FINEST;APEX_PROFILING,INFO;CALLOUT,INFO;DB,INFO;NBA,INFO;SYSTEM,DEBUG;VALIDATION,INFO;VISUALFORCE,INFO;WAVE,INFO;WORKFLOW,INFO
15:45:04.0 (115218)|USER_INFO|[EXTERNAL]|0056F000006PtYl|gwadmin@gw.jp.kddi|日本標準時|GMT+09:00
15:45:04.0 (165684)|EXECUTION_STARTED
15:45:04.0 (172882)|CODE_UNIT_STARTED|[EXTERNAL]|0666F000006A0wl|VF: /apex/auPortal
15:45:04.0 (45042927)|SYSTEM_MODE_ENTER|true
15:45:04.0 (45561270)|HEAP_ALLOCATE|[72]|Bytes:3
15:45:04.0 (45613347)|HEAP_ALLOCATE|[77]|Bytes:152
15:45:04.0 (45635490)|HEAP_ALLOCATE|[342]|Bytes:408
15:45:04.0 (45656532)|HEAP_ALLOCATE|[355]|Bytes:408
15:45:04.0 (45677533)|HEAP_ALLOCATE|[467]|Bytes:48
15:45:04.0 (45722191)|HEAP_ALLOCATE|[139]|Bytes:6
15:45:04.0 (45746955)|HEAP_ALLOCATE|[EXTERNAL]|Bytes:3
15:45:04.0 (45759639)|METHOD_ENTRY|[1]|01p6F000006ymEN|auPortalCtrl.auPortalCtrl()
15:45:04.0 (45766400)|STATEMENT_EXECUTE|[1]
15:45:04.0 (45771087)|STATEMENT_EXECUTE|[1]
15:45:04.0 (45810255)|HEAP_ALLOCATE|[50]|Bytes:5
15:45:04.0 (45837570)|HEAP_ALLOCATE|[56]|Bytes:5
15:45:04.0 (45845582)|HEAP_ALLOCATE|[64]|Bytes:7
15:45:04.0 (45863119)|SYSTEM_MODE_ENTER|false
15:45:04.0 (45879522)|HEAP_ALLOCATE|[EXTERNAL]|Bytes:5
15:45:04.0 (45891038)|SYSTEM_MODE_EXIT|false
15:45:04.0 (45902770)|METHOD_EXIT|[1]|auPortalCtrl
15:45:04.0 (45923666)|HEAP_ALLOCATE|[EXTERNAL]|Bytes:4
15:45:04.0 (45935733)|VARIABLE_SCOPE_BEGIN|[3]|this|auPortalCtrl|true|false
15:45:04.0 (45992548)|VARIABLE_ASSIGNMENT|[3]|this|{}|0x21dfcb54
15:45:04.0 (46011697)|SYSTEM_MODE_ENTER|false
15:45:04.0 (46025053)|HEAP_ALLOCATE|[EXTERNAL]|Bytes:5
15:45:04.0 (46031343)|STATEMENT_EXECUTE|[1]
15:45:04.0 (46036703)|HEAP_ALLOCATE|[EXTERNAL]|Bytes:5
15:45:04.0 (46051904)|HEAP_ALLOCATE|[EXTERNAL]|Bytes:6
15:45:04.0 (46098384)|STATEMENT_EXECUTE|[3]
15:45:04.0 (46103406)|SYSTEM_MODE_EXIT|false
15:45:04.0 (46233574)|HEAP_ALLOCATE|[EXTERNAL]|Bytes:4
15:45:04.0 (46245781)|VARIABLE_SCOPE_BEGIN|[7]|this|auPortalCtrl|true|false
15:45:04.0 (46267976)|VARIABLE_ASSIGNMENT|[7]|this|{}|0x21dfcb54
15:45:04.0 (46287418)|SYSTEM_MODE_ENTER|false
15:45:04.0 (46296586)|HEAP_ALLOCATE|[9]|Bytes:5
15:45:04.0 (46304058)|STATEMENT_EXECUTE|[7]
15:45:04.0 (46306691)|STATEMENT_EXECUTE|[9]
15:45:04.0 (47335189)|HEAP_ALLOCATE|[9]|Bytes:156
15:45:04.0 (47423781)|HEAP_ALLOCATE|[9]|Bytes:5
15:45:04.0 (47449898)|HEAP_ALLOCATE|[9]|Bytes:32
15:45:04.0 (47494100)|SYSTEM_MODE_EXIT|false
15:45:04.50 (50158152)|CUMULATIVE_LIMIT_USAGE
15:45:04.50 (50158152)|LIMIT_USAGE_FOR_NS|(default)|
  Number of SOQL queries: 0 out of 100
  Number of query rows: 0 out of 50000
  Number of SOSL queries: 0 out of 20
  Number of DML statements: 0 out of 150
  Number of DML rows: 0 out of 10000
  Maximum CPU time: 0 out of 10000
  Maximum heap size: 0 out of 6000000
  Number of callouts: 0 out of 100
  Number of Email Invocations: 0 out of 10
  Number of future calls: 0 out of 50
  Number of queueable jobs added to the queue: 0 out of 50
  Number of Mobile Apex push calls: 0 out of 10

15:45:04.50 (50158152)|CUMULATIVE_LIMIT_USAGE_END

15:45:04.0 (50202004)|CODE_UNIT_FINISHED|VF: /apex/auPortal
15:45:04.0 (51192748)|EXECUTION_FINISHED
