41.0 APEX_CODE,FINEST;APEX_PROFILING,INFO;CALLOUT,INFO;DB,INFO;SYSTEM,DEBUG;VALIDATION,INFO;VISUALFORCE,INFO;WAVE,INFO;WORKFLOW,INFO
16:25:23.0 (209639)|USER_INFO|[EXTERNAL]|0056F000006PtYl|gwadmin@gw.jp.kddi|日本標準時|GMT+09:00
16:25:23.0 (249303)|EXECUTION_STARTED
16:25:23.0 (252752)|CODE_UNIT_STARTED|[EXTERNAL]|0666F000006A0wl|VF: /apex/auPortal
16:25:23.0 (4605923)|SYSTEM_MODE_ENTER|true
16:25:23.0 (5027643)|HEAP_ALLOCATE|[72]|Bytes:3
16:25:23.0 (5087502)|HEAP_ALLOCATE|[77]|Bytes:152
16:25:23.0 (5101060)|HEAP_ALLOCATE|[342]|Bytes:408
16:25:23.0 (5113274)|HEAP_ALLOCATE|[355]|Bytes:408
16:25:23.0 (5128427)|HEAP_ALLOCATE|[467]|Bytes:48
16:25:23.0 (5156891)|HEAP_ALLOCATE|[139]|Bytes:6
16:25:23.0 (5171453)|HEAP_ALLOCATE|[EXTERNAL]|Bytes:3
16:25:23.0 (5229864)|METHOD_ENTRY|[1]|01p6F000006ymEN|auPortalCtrl.auPortalCtrl()
16:25:23.0 (5239972)|STATEMENT_EXECUTE|[1]
16:25:23.0 (5245629)|STATEMENT_EXECUTE|[1]
16:25:23.0 (5280072)|HEAP_ALLOCATE|[50]|Bytes:5
16:25:23.0 (5302693)|HEAP_ALLOCATE|[56]|Bytes:5
16:25:23.0 (5309913)|HEAP_ALLOCATE|[64]|Bytes:7
16:25:23.0 (5330991)|SYSTEM_MODE_ENTER|false
16:25:23.0 (5342586)|HEAP_ALLOCATE|[EXTERNAL]|Bytes:5
16:25:23.0 (5350249)|SYSTEM_MODE_EXIT|false
16:25:23.0 (5371069)|METHOD_EXIT|[1]|auPortalCtrl
16:25:23.0 (5384467)|HEAP_ALLOCATE|[EXTERNAL]|Bytes:4
16:25:23.0 (5392684)|VARIABLE_SCOPE_BEGIN|[3]|this|auPortalCtrl|true|false
16:25:23.0 (5438022)|VARIABLE_ASSIGNMENT|[3]|this|{}|0x161263cf
16:25:23.0 (5454132)|SYSTEM_MODE_ENTER|false
16:25:23.0 (5459622)|HEAP_ALLOCATE|[EXTERNAL]|Bytes:5
16:25:23.0 (5464057)|STATEMENT_EXECUTE|[1]
16:25:23.0 (5468752)|HEAP_ALLOCATE|[EXTERNAL]|Bytes:5
16:25:23.0 (5477530)|HEAP_ALLOCATE|[EXTERNAL]|Bytes:6
16:25:23.0 (5506612)|STATEMENT_EXECUTE|[3]
16:25:23.0 (5510487)|SYSTEM_MODE_EXIT|false
16:25:23.0 (5638962)|HEAP_ALLOCATE|[EXTERNAL]|Bytes:4
16:25:23.0 (5647052)|VARIABLE_SCOPE_BEGIN|[7]|this|auPortalCtrl|true|false
16:25:23.0 (5661645)|VARIABLE_ASSIGNMENT|[7]|this|{}|0x161263cf
16:25:23.0 (5676514)|SYSTEM_MODE_ENTER|false
16:25:23.0 (5682408)|HEAP_ALLOCATE|[9]|Bytes:5
16:25:23.0 (5686388)|STATEMENT_EXECUTE|[7]
16:25:23.0 (5687758)|STATEMENT_EXECUTE|[9]
16:25:23.0 (7082965)|HEAP_ALLOCATE|[9]|Bytes:128
16:25:23.0 (7155018)|HEAP_ALLOCATE|[9]|Bytes:5
16:25:23.0 (7175570)|HEAP_ALLOCATE|[9]|Bytes:32
16:25:23.0 (7206729)|SYSTEM_MODE_EXIT|false
16:25:23.8 (8973019)|CUMULATIVE_LIMIT_USAGE
16:25:23.8 (8973019)|LIMIT_USAGE_FOR_NS|(default)|
  Number of SOQL queries: 0 out of 100
  Number of query rows: 0 out of 50000
  Number of SOSL queries: 0 out of 20
  Number of DML statements: 0 out of 150
  Number of DML rows: 0 out of 10000
  Maximum CPU time: 0 out of 10000
  Maximum heap size: 0 out of 6000000
  Number of callouts: 0 out of 100
  Number of Email Invocations: 0 out of 10
  Number of future calls: 0 out of 50
  Number of queueable jobs added to the queue: 0 out of 50
  Number of Mobile Apex push calls: 0 out of 10

16:25:23.8 (8973019)|CUMULATIVE_LIMIT_USAGE_END

16:25:23.0 (9008587)|CODE_UNIT_FINISHED|VF: /apex/auPortal
16:25:23.0 (10014796)|EXECUTION_FINISHED
