38.0 APEX_CODE,FINEST;APEX_PROFILING,INFO;CALLOUT,INFO;DB,INFO;SYSTEM,DEBUG;VALIDATION,INFO;VISUALFORCE,INFO;WAVE,INFO;WORKFLOW,INFO
12:47:37.0 (63178)|USER_INFO|[EXTERNAL]|0056F000006PtYl|gwadmin@gw.jp.kddi|日本標準時|GMT+09:00
12:47:37.0 (103570)|EXECUTION_STARTED
12:47:37.0 (108221)|CODE_UNIT_STARTED|[EXTERNAL]|0666F000006TarA|VF: /apex/auSwitchScreenPage
12:47:37.0 (13875979)|SYSTEM_MODE_ENTER|true
12:47:37.0 (14119992)|VARIABLE_SCOPE_BEGIN|[7]|auMainTopCompCtrl.TYPE_SCREEN_CX_SCREEN|Integer|false|true
12:47:37.0 (14135212)|VARIABLE_SCOPE_BEGIN|[8]|auMainTopCompCtrl.TYPE_SCREEN_CX_TIMELINE|Integer|false|true
12:47:37.0 (14143347)|VARIABLE_SCOPE_BEGIN|[9]|auMainTopCompCtrl.TYPE_SCREEN_EVENT_SCHEDULE|Integer|false|true
12:47:37.0 (14150719)|VARIABLE_SCOPE_BEGIN|[10]|auMainTopCompCtrl.TYPE_SCREEN_EVENT_SCHEDULE_LIST|Integer|false|true
12:47:37.0 (14158097)|VARIABLE_SCOPE_BEGIN|[23]|auMainTopCompCtrl.TYPE_SCREEN_HONBU_DIRECT|Integer|false|true
12:47:37.0 (14165271)|VARIABLE_SCOPE_BEGIN|[11]|auMainTopCompCtrl.TYPE_SCREEN_KNOWLEDGE_DASHBOARD|Integer|false|true
12:47:37.0 (14172474)|VARIABLE_SCOPE_BEGIN|[12]|auMainTopCompCtrl.TYPE_SCREEN_KNOWLEDGE_LIST|Integer|false|true
12:47:37.0 (14179947)|VARIABLE_SCOPE_BEGIN|[15]|auMainTopCompCtrl.TYPE_SCREEN_SA_CHATTER|Integer|false|true
12:47:37.0 (14187095)|VARIABLE_SCOPE_BEGIN|[16]|auMainTopCompCtrl.TYPE_SCREEN_SA_DAILYREPORT|Integer|false|true
12:47:37.0 (14200067)|VARIABLE_SCOPE_BEGIN|[22]|auMainTopCompCtrl.TYPE_SCREEN_SA_DAILYREPORTLIST|Integer|false|true
12:47:37.0 (14208083)|VARIABLE_SCOPE_BEGIN|[18]|auMainTopCompCtrl.TYPE_SCREEN_SA_DOCUMENTS|Integer|false|true
12:47:37.0 (14216193)|VARIABLE_SCOPE_BEGIN|[17]|auMainTopCompCtrl.TYPE_SCREEN_SA_ENQUETE|Integer|false|true
12:47:37.0 (14223623)|VARIABLE_SCOPE_BEGIN|[20]|auMainTopCompCtrl.TYPE_SCREEN_SA_LINKS|Integer|false|true
12:47:37.0 (14231160)|VARIABLE_SCOPE_BEGIN|[13]|auMainTopCompCtrl.TYPE_SCREEN_SA_MESSAGES|Integer|false|true
12:47:37.0 (14238850)|VARIABLE_SCOPE_BEGIN|[19]|auMainTopCompCtrl.TYPE_SCREEN_SA_RANKING|Integer|false|true
12:47:37.0 (14246098)|VARIABLE_SCOPE_BEGIN|[14]|auMainTopCompCtrl.TYPE_SCREEN_SA_REPORTS|Integer|false|true
12:47:37.0 (14253537)|VARIABLE_SCOPE_BEGIN|[21]|auMainTopCompCtrl.TYPE_SCREEN_SA_USRSETTINGS|Integer|false|true
12:47:37.0 (14261283)|VARIABLE_SCOPE_BEGIN|[4]|auMainTopCompCtrl.TYPE_SCREEN_STPD_EVENT|Integer|false|true
12:47:37.0 (14269044)|VARIABLE_SCOPE_BEGIN|[6]|auMainTopCompCtrl.TYPE_SCREEN_STPD_SCREEN|Integer|false|true
12:47:37.0 (14277435)|VARIABLE_SCOPE_BEGIN|[5]|auMainTopCompCtrl.TYPE_SCREEN_STPD_TIMELINE|Integer|false|true
12:47:37.0 (14285148)|VARIABLE_SCOPE_BEGIN|[3]|auMainTopCompCtrl.TYPE_SCREEN_SWITCH|Integer|false|true
12:47:37.0 (14404873)|HEAP_ALLOCATE|[72]|Bytes:3
12:47:37.0 (14443468)|HEAP_ALLOCATE|[77]|Bytes:152
12:47:37.0 (14456444)|HEAP_ALLOCATE|[342]|Bytes:408
12:47:37.0 (14470223)|HEAP_ALLOCATE|[355]|Bytes:408
12:47:37.0 (14481910)|HEAP_ALLOCATE|[467]|Bytes:48
12:47:37.0 (14509710)|HEAP_ALLOCATE|[139]|Bytes:6
12:47:37.0 (14525044)|HEAP_ALLOCATE|[EXTERNAL]|Bytes:284
12:47:37.0 (14533381)|HEAP_ALLOCATE|[EXTERNAL]|Bytes:129
12:47:37.0 (14548516)|METHOD_ENTRY|[1]|01p6F0000084OtI|auMainTopCompCtrl.auMainTopCompCtrl()
12:47:37.0 (14555527)|STATEMENT_EXECUTE|[1]
12:47:37.0 (14560364)|STATEMENT_EXECUTE|[1]
12:47:37.0 (14562429)|STATEMENT_EXECUTE|[3]
12:47:37.0 (14569414)|HEAP_ALLOCATE|[3]|Bytes:4
12:47:37.0 (14599508)|VARIABLE_ASSIGNMENT|[3]|auMainTopCompCtrl.TYPE_SCREEN_SWITCH|0
12:47:37.0 (14604715)|STATEMENT_EXECUTE|[4]
12:47:37.0 (14608032)|HEAP_ALLOCATE|[4]|Bytes:4
12:47:37.0 (14616874)|VARIABLE_ASSIGNMENT|[4]|auMainTopCompCtrl.TYPE_SCREEN_STPD_EVENT|11
12:47:37.0 (14621003)|STATEMENT_EXECUTE|[5]
12:47:37.0 (14623368)|HEAP_ALLOCATE|[5]|Bytes:4
12:47:37.0 (14630502)|VARIABLE_ASSIGNMENT|[5]|auMainTopCompCtrl.TYPE_SCREEN_STPD_TIMELINE|12
12:47:37.0 (14634790)|STATEMENT_EXECUTE|[6]
12:47:37.0 (14637015)|HEAP_ALLOCATE|[6]|Bytes:4
12:47:37.0 (14644263)|VARIABLE_ASSIGNMENT|[6]|auMainTopCompCtrl.TYPE_SCREEN_STPD_SCREEN|13
12:47:37.0 (14648356)|STATEMENT_EXECUTE|[7]
12:47:37.0 (14650647)|HEAP_ALLOCATE|[7]|Bytes:4
12:47:37.0 (14656707)|VARIABLE_ASSIGNMENT|[7]|auMainTopCompCtrl.TYPE_SCREEN_CX_SCREEN|21
12:47:37.0 (14660605)|STATEMENT_EXECUTE|[8]
12:47:37.0 (14663088)|HEAP_ALLOCATE|[8]|Bytes:4
12:47:37.0 (14669051)|VARIABLE_ASSIGNMENT|[8]|auMainTopCompCtrl.TYPE_SCREEN_CX_TIMELINE|22
12:47:37.0 (14672882)|STATEMENT_EXECUTE|[9]
12:47:37.0 (14675055)|HEAP_ALLOCATE|[9]|Bytes:4
12:47:37.0 (14681127)|VARIABLE_ASSIGNMENT|[9]|auMainTopCompCtrl.TYPE_SCREEN_EVENT_SCHEDULE|31
12:47:37.0 (14685156)|STATEMENT_EXECUTE|[10]
12:47:37.0 (14687570)|HEAP_ALLOCATE|[10]|Bytes:4
12:47:37.0 (14698957)|VARIABLE_ASSIGNMENT|[10]|auMainTopCompCtrl.TYPE_SCREEN_EVENT_SCHEDULE_LIST|32
12:47:37.0 (14703191)|STATEMENT_EXECUTE|[11]
12:47:37.0 (14705744)|HEAP_ALLOCATE|[11]|Bytes:4
12:47:37.0 (14712298)|VARIABLE_ASSIGNMENT|[11]|auMainTopCompCtrl.TYPE_SCREEN_KNOWLEDGE_DASHBOARD|41
12:47:37.0 (14716286)|STATEMENT_EXECUTE|[12]
12:47:37.0 (14718526)|HEAP_ALLOCATE|[12]|Bytes:4
12:47:37.0 (14724832)|VARIABLE_ASSIGNMENT|[12]|auMainTopCompCtrl.TYPE_SCREEN_KNOWLEDGE_LIST|42
12:47:37.0 (14729170)|STATEMENT_EXECUTE|[13]
12:47:37.0 (14731359)|HEAP_ALLOCATE|[13]|Bytes:4
12:47:37.0 (14738216)|VARIABLE_ASSIGNMENT|[13]|auMainTopCompCtrl.TYPE_SCREEN_SA_MESSAGES|51
12:47:37.0 (14742303)|STATEMENT_EXECUTE|[14]
12:47:37.0 (14744549)|HEAP_ALLOCATE|[14]|Bytes:4
12:47:37.0 (14751273)|VARIABLE_ASSIGNMENT|[14]|auMainTopCompCtrl.TYPE_SCREEN_SA_REPORTS|52
12:47:37.0 (14755282)|STATEMENT_EXECUTE|[15]
12:47:37.0 (14757759)|HEAP_ALLOCATE|[15]|Bytes:4
12:47:37.0 (14764109)|VARIABLE_ASSIGNMENT|[15]|auMainTopCompCtrl.TYPE_SCREEN_SA_CHATTER|53
12:47:37.0 (14767832)|STATEMENT_EXECUTE|[16]
12:47:37.0 (14770071)|HEAP_ALLOCATE|[16]|Bytes:4
12:47:37.0 (14776154)|VARIABLE_ASSIGNMENT|[16]|auMainTopCompCtrl.TYPE_SCREEN_SA_DAILYREPORT|54
12:47:37.0 (14779990)|STATEMENT_EXECUTE|[17]
12:47:37.0 (14782124)|HEAP_ALLOCATE|[17]|Bytes:4
12:47:37.0 (14788520)|VARIABLE_ASSIGNMENT|[17]|auMainTopCompCtrl.TYPE_SCREEN_SA_ENQUETE|55
12:47:37.0 (14792264)|STATEMENT_EXECUTE|[18]
12:47:37.0 (14794457)|HEAP_ALLOCATE|[18]|Bytes:4
12:47:37.0 (14800904)|VARIABLE_ASSIGNMENT|[18]|auMainTopCompCtrl.TYPE_SCREEN_SA_DOCUMENTS|56
12:47:37.0 (14804774)|STATEMENT_EXECUTE|[19]
12:47:37.0 (14806938)|HEAP_ALLOCATE|[19]|Bytes:4
12:47:37.0 (14813386)|VARIABLE_ASSIGNMENT|[19]|auMainTopCompCtrl.TYPE_SCREEN_SA_RANKING|57
12:47:37.0 (14817175)|STATEMENT_EXECUTE|[20]
12:47:37.0 (14819329)|HEAP_ALLOCATE|[20]|Bytes:4
12:47:37.0 (14825984)|VARIABLE_ASSIGNMENT|[20]|auMainTopCompCtrl.TYPE_SCREEN_SA_LINKS|58
12:47:37.0 (14830108)|STATEMENT_EXECUTE|[21]
12:47:37.0 (14832327)|HEAP_ALLOCATE|[21]|Bytes:4
12:47:37.0 (14838924)|VARIABLE_ASSIGNMENT|[21]|auMainTopCompCtrl.TYPE_SCREEN_SA_USRSETTINGS|59
12:47:37.0 (14842778)|STATEMENT_EXECUTE|[22]
12:47:37.0 (14845232)|HEAP_ALLOCATE|[22]|Bytes:4
12:47:37.0 (14851663)|VARIABLE_ASSIGNMENT|[22]|auMainTopCompCtrl.TYPE_SCREEN_SA_DAILYREPORTLIST|60
12:47:37.0 (14855555)|STATEMENT_EXECUTE|[23]
12:47:37.0 (14858002)|HEAP_ALLOCATE|[23]|Bytes:4
12:47:37.0 (14864063)|VARIABLE_ASSIGNMENT|[23]|auMainTopCompCtrl.TYPE_SCREEN_HONBU_DIRECT|71
12:47:37.0 (14873127)|METHOD_EXIT|[1]|auMainTopCompCtrl
12:47:37.0 (14881679)|HEAP_ALLOCATE|[EXTERNAL]|Bytes:40
12:47:37.0 (14889187)|VARIABLE_SCOPE_BEGIN|[42]|this|auMainTopCompCtrl|true|false
12:47:37.0 (14966076)|VARIABLE_ASSIGNMENT|[42]|this|{}|0x2c9e4674
12:47:37.0 (14976597)|STATEMENT_EXECUTE|[1]
12:47:37.0 (14978516)|STATEMENT_EXECUTE|[25]
12:47:37.0 (14980222)|STATEMENT_EXECUTE|[26]
12:47:37.0 (14981916)|STATEMENT_EXECUTE|[27]
12:47:37.0 (14983582)|STATEMENT_EXECUTE|[30]
12:47:37.0 (14985516)|STATEMENT_EXECUTE|[31]
12:47:37.0 (14987092)|STATEMENT_EXECUTE|[32]
12:47:37.0 (14988841)|STATEMENT_EXECUTE|[34]
12:47:37.0 (14990523)|STATEMENT_EXECUTE|[35]
12:47:37.0 (14992074)|STATEMENT_EXECUTE|[37]
12:47:37.0 (15000419)|HEAP_ALLOCATE|[43]|Bytes:6
12:47:37.0 (15056966)|STATEMENT_EXECUTE|[42]
12:47:37.0 (15059170)|STATEMENT_EXECUTE|[43]
12:47:37.0 (15117960)|VARIABLE_ASSIGNMENT|[EXTERNAL]|this|{}|0x2c9e4674
12:47:37.0 (15130337)|VARIABLE_ASSIGNMENT|[EXTERNAL]|value|0
12:47:37.0 (15137039)|HEAP_ALLOCATE|[30]|Bytes:4
12:47:37.0 (15146571)|VARIABLE_ASSIGNMENT|[30]|this.iTypeOfScreen|0|0x2c9e4674
12:47:37.0 (15156864)|STATEMENT_EXECUTE|[45]
12:47:37.0 (16015962)|HEAP_ALLOCATE|[45]|Bytes:136
12:47:37.0 (16117501)|VARIABLE_ASSIGNMENT|[EXTERNAL]|this|{"iTypeOfScreen":0}|0x2c9e4674
12:47:37.0 (16132590)|VARIABLE_ASSIGNMENT|[EXTERNAL]|value|"https://au-portal.li (90 more) ..."
12:47:37.0 (16147099)|VARIABLE_ASSIGNMENT|[35]|this.urlReportsSFA|"https://au-portal.li (90 more) ..."|0x2c9e4674
12:47:37.0 (16157699)|STATEMENT_EXECUTE|[47]
12:47:37.0 (16161953)|HEAP_ALLOCATE|[47]|Bytes:188
12:47:37.0 (16182234)|HEAP_ALLOCATE|[47]|Bytes:4
12:47:37.0 (16195005)|HEAP_ALLOCATE|[47]|Bytes:7
12:47:37.0 (16236124)|HEAP_ALLOCATE|[52]|Bytes:85
12:47:37.0 (16247983)|SYSTEM_METHOD_ENTRY|[1]|UserInfo.UserInfo()
12:47:37.0 (16252517)|STATEMENT_EXECUTE|[1]
12:47:37.0 (16260040)|SYSTEM_METHOD_EXIT|[1]|UserInfo
12:47:37.0 (16271542)|METHOD_ENTRY|[52]||System.UserInfo.getUserId()
12:47:37.0 (16346169)|METHOD_EXIT|[52]||System.UserInfo.getUserId()
12:47:37.0 (18048790)|SOQL_EXECUTE_BEGIN|[47]|Aggregations:0|SELECT SmallPhotoUrl, Account.Name, Account.RegionalOfficeId__r.RegionalOfficeName__c, Account.BranchId__r.BranchName__c, Name, Department, UserRole.Name FROM User WHERE User.ID = :tmpVar1
12:47:37.0 (24374198)|SOQL_EXECUTE_END|[47]|Rows:1
12:47:37.0 (24397445)|HEAP_ALLOCATE|[47]|Bytes:8
12:47:37.0 (24420294)|HEAP_ALLOCATE|[47]|Bytes:178
12:47:37.0 (24506583)|HEAP_ALLOCATE|[47]|Bytes:8
12:47:37.0 (24520097)|HEAP_ALLOCATE|[47]|Bytes:30
12:47:37.0 (24562660)|HEAP_ALLOCATE|[47]|Bytes:24
12:47:37.0 (24621943)|VARIABLE_ASSIGNMENT|[EXTERNAL]|this|{"iTypeOfScreen":0,"urlReportsSFA":"https://au-portal.li (90 more) ..."}|0x2c9e4674
12:47:37.0 (24642869)|VARIABLE_ASSIGNMENT|[EXTERNAL]|value|{"SmallPhotoUrl":"/profilephoto/005/T","Name":"auPortal システム開発","UserRoleId":"00E6F000001SEaUUAW","Id":"0056F000006PtYlQAK","UserRole":{"Name":"コンシューマ事業本部","Id":"00E6F000001SEaUUAW"}}|0x7dbdae82
12:47:37.0 (24661369)|VARIABLE_ASSIGNMENT|[34]|this.currentUser|{"SmallPhotoUrl":"/profilephoto/005/T","Name":"auPortal システム開発","UserRoleId":"00E6F000001SEaUUAW","Id":"0056F000006PtYlQAK","UserRole":{"Name":"コンシューマ事業本部","Id":"00E6F000001SEaUUAW"}}|0x2c9e4674
12:47:37.0 (35124344)|SYSTEM_MODE_ENTER|true
12:47:37.0 (35200154)|HEAP_ALLOCATE|[EXTERNAL]|Bytes:232
12:47:37.0 (35211420)|HEAP_ALLOCATE|[EXTERNAL]|Bytes:20
12:47:37.0 (35227580)|METHOD_ENTRY|[1]|01p6F0000084OtZ|auSwitchScreenCtrl.auSwitchScreenCtrl()
12:47:37.0 (35234558)|STATEMENT_EXECUTE|[1]
12:47:37.0 (35239434)|STATEMENT_EXECUTE|[1]
12:47:37.0 (35252484)|SYSTEM_MODE_ENTER|false
12:47:37.0 (35264057)|HEAP_ALLOCATE|[EXTERNAL]|Bytes:5
12:47:37.0 (35272201)|SYSTEM_MODE_EXIT|false
12:47:37.0 (35282626)|METHOD_EXIT|[1]|auSwitchScreenCtrl
12:47:37.0 (35298827)|HEAP_ALLOCATE|[EXTERNAL]|Bytes:28
12:47:37.0 (35305870)|VARIABLE_SCOPE_BEGIN|[12]|this|auSwitchScreenCtrl|true|false
12:47:37.0 (35350410)|VARIABLE_ASSIGNMENT|[12]|this|{}|0x770a8cf8
12:47:37.0 (35366621)|SYSTEM_MODE_ENTER|false
12:47:37.0 (35372718)|HEAP_ALLOCATE|[14]|Bytes:5
12:47:37.0 (35377625)|STATEMENT_EXECUTE|[1]
12:47:37.0 (35382719)|HEAP_ALLOCATE|[14]|Bytes:5
12:47:37.0 (35385796)|STATEMENT_EXECUTE|[3]
12:47:37.0 (35388119)|STATEMENT_EXECUTE|[4]
12:47:37.0 (35389697)|STATEMENT_EXECUTE|[5]
12:47:37.0 (35391316)|STATEMENT_EXECUTE|[6]
12:47:37.0 (35392940)|STATEMENT_EXECUTE|[7]
12:47:37.0 (35394561)|STATEMENT_EXECUTE|[8]
12:47:37.0 (35418201)|STATEMENT_EXECUTE|[12]
12:47:37.0 (35420208)|STATEMENT_EXECUTE|[14]
12:47:37.0 (35504942)|HEAP_ALLOCATE|[14]|Bytes:28
12:47:37.0 (35575023)|HEAP_ALLOCATE|[14]|Bytes:603
12:47:37.0 (35615898)|HEAP_ALLOCATE|[14]|Bytes:10
12:47:37.0 (35637667)|VARIABLE_SCOPE_BEGIN|[14]|userAgent|String|false|false
12:47:37.0 (35653866)|VARIABLE_ASSIGNMENT|[14]|userAgent|"Mozilla/5.0 (Macinto (101 more) ..."
12:47:37.0 (35659016)|STATEMENT_EXECUTE|[15]
12:47:37.0 (35662221)|HEAP_ALLOCATE|[15]|Bytes:6
12:47:37.0 (35749990)|VARIABLE_ASSIGNMENT|[EXTERNAL]|this|{}|0x770a8cf8
12:47:37.0 (35764270)|VARIABLE_ASSIGNMENT|[EXTERNAL]|value|false
12:47:37.0 (35771714)|HEAP_ALLOCATE|[8]|Bytes:5
12:47:37.0 (35781892)|VARIABLE_ASSIGNMENT|[8]|this.isIPhone|false|0x770a8cf8
12:47:37.0 (35790856)|STATEMENT_EXECUTE|[17]
12:47:37.0 (35794234)|HEAP_ALLOCATE|[17]|Bytes:54
12:47:37.0 (35809998)|HEAP_ALLOCATE|[17]|Bytes:4
12:47:37.0 (35824141)|METHOD_ENTRY|[19]||System.UserInfo.getUserId()
12:47:37.0 (35850695)|METHOD_EXIT|[19]||System.UserInfo.getUserId()
12:47:37.0 (36699667)|SOQL_EXECUTE_BEGIN|[17]|Aggregations:0|SELECT Profile.Name FROM User WHERE User.ID = :tmpVar1
12:47:37.0 (41302659)|SOQL_EXECUTE_END|[17]|Rows:1
12:47:37.0 (41324244)|HEAP_ALLOCATE|[17]|Bytes:8
12:47:37.0 (41341666)|HEAP_ALLOCATE|[17]|Bytes:127
12:47:37.0 (41373872)|HEAP_ALLOCATE|[17]|Bytes:8
12:47:37.0 (41394198)|HEAP_ALLOCATE|[17]|Bytes:16
12:47:37.0 (41402707)|VARIABLE_SCOPE_BEGIN|[17]|currentUser|User|true|false
12:47:37.0 (41425263)|VARIABLE_ASSIGNMENT|[17]|currentUser|{"ProfileId":"00e6F000002RS1oQAG","Id":"0056F000006PtYlQAK","Profile":{"Name":"System Administrator","Id":"00e6F000002RS1oQAG"}}|0x5017373a
12:47:37.0 (41432645)|STATEMENT_EXECUTE|[21]
12:47:37.0 (41698958)|VARIABLE_SCOPE_BEGIN|[53]|auConstantCmn.ACCOUNT_CHANNEL_DAIRITEN|String|false|true
12:47:37.0 (41712927)|VARIABLE_SCOPE_BEGIN|[51]|auConstantCmn.ACCOUNT_CHANNEL_SHOP|String|false|true
12:47:37.0 (41720625)|VARIABLE_SCOPE_BEGIN|[52]|auConstantCmn.ACCOUNT_CHANNEL_UNEIHOJIN|String|false|true
12:47:37.0 (41728313)|VARIABLE_SCOPE_BEGIN|[104]|auConstantCmn.CX_KNOWLEDGE_SHARING_NATIONAL|String|false|true
12:47:37.0 (41735448)|VARIABLE_SCOPE_BEGIN|[103]|auConstantCmn.CX_KNOWLEDGE_SHARING_REGIONAL_OFFICE|String|false|true
12:47:37.0 (41742577)|VARIABLE_SCOPE_BEGIN|[109]|auConstantCmn.CX_KNOWLEDGE_STATUS_APPROVED|String|false|true
12:47:37.0 (41749677)|VARIABLE_SCOPE_BEGIN|[110]|auConstantCmn.CX_KNOWLEDGE_STATUS_NATIONAL_APPROVED|String|false|true
12:47:37.0 (41756909)|VARIABLE_SCOPE_BEGIN|[111]|auConstantCmn.CX_KNOWLEDGE_STATUS_REJECTED|String|false|true
12:47:37.0 (41764092)|VARIABLE_SCOPE_BEGIN|[108]|auConstantCmn.CX_KNOWLEDGE_STATUS_SAVED|String|false|true
12:47:37.0 (41771344)|VARIABLE_SCOPE_BEGIN|[107]|auConstantCmn.CX_KNOWLEDGE_STATUS_TEMPORARY_SAVED|String|false|true
12:47:37.0 (41778686)|VARIABLE_SCOPE_BEGIN|[18]|auConstantCmn.FORGOT_PASSWORD_ERR_MESSAGE001|String|false|true
12:47:37.0 (41785979)|VARIABLE_SCOPE_BEGIN|[124]|auConstantCmn.HONBU_DIRECT_DETAIL_TYPE_FAVORITE|String|false|true
12:47:37.0 (41793741)|VARIABLE_SCOPE_BEGIN|[123]|auConstantCmn.HONBU_DIRECT_DETAIL_TYPE_READ|String|false|true
12:47:37.0 (41800879)|VARIABLE_SCOPE_BEGIN|[115]|auConstantCmn.KDDI_KNOWLEDGE_STATUS_SAVED|String|false|true
12:47:37.0 (41808325)|VARIABLE_SCOPE_BEGIN|[114]|auConstantCmn.KDDI_KNOWLEDGE_STATUS_TEMPORARY_SAVED|String|false|true
12:47:37.0 (41815742)|VARIABLE_SCOPE_BEGIN|[12]|auConstantCmn.LOGIN_ERR_MESSAGE001|String|false|true
12:47:37.0 (41823579)|VARIABLE_SCOPE_BEGIN|[13]|auConstantCmn.LOGIN_ERR_MESSAGE002|String|false|true
12:47:37.0 (41830828)|VARIABLE_SCOPE_BEGIN|[14]|auConstantCmn.LOGIN_ERR_MESSAGE003|String|false|true
12:47:37.0 (41838413)|VARIABLE_SCOPE_BEGIN|[15]|auConstantCmn.LOGIN_ERR_MESSAGE004|String|false|true
12:47:37.0 (41846061)|VARIABLE_SCOPE_BEGIN|[90]|auConstantCmn.PAGE_ALIAS_SHOP_CX|String|false|true
12:47:37.0 (41853608)|VARIABLE_SCOPE_BEGIN|[81]|auConstantCmn.PAGE_ALIAS_SHOP_EVENTS|String|false|true
12:47:37.0 (41861589)|VARIABLE_SCOPE_BEGIN|[67]|auConstantCmn.PAGE_ALIAS_SHOP_FORGOTPW|String|false|true
12:47:37.0 (41869487)|VARIABLE_SCOPE_BEGIN|[71]|auConstantCmn.PAGE_ALIAS_SHOP_FORGOTPWCOMP|String|false|true
12:47:37.0 (41877455)|VARIABLE_SCOPE_BEGIN|[78]|auConstantCmn.PAGE_ALIAS_SHOP_HOME|String|false|true
12:47:37.0 (41885118)|VARIABLE_SCOPE_BEGIN|[59]|auConstantCmn.PAGE_ALIAS_SHOP_LOGIN|String|false|true
12:47:37.0 (41893177)|VARIABLE_SCOPE_BEGIN|[63]|auConstantCmn.PAGE_ALIAS_SHOP_LOGOUT|String|false|true
12:47:37.0 (41901055)|VARIABLE_SCOPE_BEGIN|[75]|auConstantCmn.PAGE_ALIAS_SHOP_PASSWORDSIGNUP|String|false|true
12:47:37.0 (41909072)|VARIABLE_SCOPE_BEGIN|[96]|auConstantCmn.PAGE_ALIAS_SHOP_SCHEDULE|String|false|true
12:47:37.0 (41917487)|VARIABLE_SCOPE_BEGIN|[99]|auConstantCmn.PAGE_ALIAS_SHOP_SCHEDULE_LIST|String|false|true
12:47:37.0 (41925593)|VARIABLE_SCOPE_BEGIN|[84]|auConstantCmn.PAGE_ALIAS_SHOP_STPD|String|false|true
12:47:37.0 (41933743)|VARIABLE_SCOPE_BEGIN|[93]|auConstantCmn.PAGE_ALIAS_SHOP_TIMELINE_CX|String|false|true
12:47:37.0 (41942139)|VARIABLE_SCOPE_BEGIN|[87]|auConstantCmn.PAGE_ALIAS_SHOP_TIMELINE_STPD|String|false|true
12:47:37.0 (41950285)|VARIABLE_SCOPE_BEGIN|[89]|auConstantCmn.PAGE_VF_SHOP_CX|String|false|true
12:47:37.0 (41958672)|VARIABLE_SCOPE_BEGIN|[80]|auConstantCmn.PAGE_VF_SHOP_EVENTS|String|false|true
12:47:37.0 (41967052)|VARIABLE_SCOPE_BEGIN|[66]|auConstantCmn.PAGE_VF_SHOP_FORGOTPW|String|false|true
12:47:37.0 (41975300)|VARIABLE_SCOPE_BEGIN|[70]|auConstantCmn.PAGE_VF_SHOP_FORGOTPWCOMP|String|false|true
12:47:37.0 (41983630)|VARIABLE_SCOPE_BEGIN|[77]|auConstantCmn.PAGE_VF_SHOP_HOME|String|false|true
12:47:37.0 (41992132)|VARIABLE_SCOPE_BEGIN|[58]|auConstantCmn.PAGE_VF_SHOP_LOGIN|String|false|true
12:47:37.0 (42000581)|VARIABLE_SCOPE_BEGIN|[62]|auConstantCmn.PAGE_VF_SHOP_LOGOUT|String|false|true
12:47:37.0 (42009723)|VARIABLE_SCOPE_BEGIN|[74]|auConstantCmn.PAGE_VF_SHOP_PASSWORDSIGNUP|String|false|true
12:47:37.0 (42018591)|VARIABLE_SCOPE_BEGIN|[95]|auConstantCmn.PAGE_VF_SHOP_SCHEDULE|String|false|true
12:47:37.0 (42027481)|VARIABLE_SCOPE_BEGIN|[98]|auConstantCmn.PAGE_VF_SHOP_SCHEDULE_LIST|String|false|true
12:47:37.0 (42036266)|VARIABLE_SCOPE_BEGIN|[83]|auConstantCmn.PAGE_VF_SHOP_STPD|String|false|true
12:47:37.0 (42045039)|VARIABLE_SCOPE_BEGIN|[92]|auConstantCmn.PAGE_VF_SHOP_TIMELINE_CX|String|false|true
12:47:37.0 (42053930)|VARIABLE_SCOPE_BEGIN|[86]|auConstantCmn.PAGE_VF_SHOP_TIMELINE_STPD|String|false|true
12:47:37.0 (42062870)|VARIABLE_SCOPE_BEGIN|[26]|auConstantCmn.PASSWORD_SIGNUP_ERR_EXPIREDURL|String|false|true
12:47:37.0 (42071666)|VARIABLE_SCOPE_BEGIN|[29]|auConstantCmn.PASSWORD_SIGNUP_ERR_INTERNAL|String|false|true
12:47:37.0 (42080883)|VARIABLE_SCOPE_BEGIN|[27]|auConstantCmn.PASSWORD_SIGNUP_ERR_INVALIDURL|String|false|true
12:47:37.0 (42089908)|VARIABLE_SCOPE_BEGIN|[21]|auConstantCmn.PASSWORD_SIGNUP_ERR_MESSAGE001|String|false|true
12:47:37.0 (42098892)|VARIABLE_SCOPE_BEGIN|[22]|auConstantCmn.PASSWORD_SIGNUP_ERR_MESSAGE002|String|false|true
12:47:37.0 (42108068)|VARIABLE_SCOPE_BEGIN|[23]|auConstantCmn.PASSWORD_SIGNUP_ERR_MESSAGE003|String|false|true
12:47:37.0 (42117272)|VARIABLE_SCOPE_BEGIN|[24]|auConstantCmn.PASSWORD_SIGNUP_ERR_MESSAGE004|String|false|true
12:47:37.0 (42126488)|VARIABLE_SCOPE_BEGIN|[25]|auConstantCmn.PASSWORD_SIGNUP_ERR_MESSAGE005|String|false|true
12:47:37.0 (42135561)|VARIABLE_SCOPE_BEGIN|[28]|auConstantCmn.PASSWORD_SIGNUP_ERR_OLDURL|String|false|true
12:47:37.0 (42144648)|VARIABLE_SCOPE_BEGIN|[33]|auConstantCmn.PROFILE_COMMUNITY_MANAGEMENT|String|false|true
12:47:37.0 (42153830)|VARIABLE_SCOPE_BEGIN|[34]|auConstantCmn.PROFILE_COMMUNITY_PRIMARY_AGENT|String|false|true
12:47:37.0 (42163352)|VARIABLE_SCOPE_BEGIN|[32]|auConstantCmn.PROFILE_COMMUNITY_SHOP|String|false|true
12:47:37.0 (42172849)|VARIABLE_SCOPE_BEGIN|[45]|auConstantCmn.PROFILE_EVOLVA_ADMIN_USER|String|false|true
12:47:37.0 (42182561)|VARIABLE_SCOPE_BEGIN|[44]|auConstantCmn.PROFILE_EVOLVA_USER|String|false|true
12:47:37.0 (42192019)|VARIABLE_SCOPE_BEGIN|[35]|auConstantCmn.PROFILE_KDDI_BRANCH|String|false|true
12:47:37.0 (42201597)|VARIABLE_SCOPE_BEGIN|[36]|auConstantCmn.PROFILE_KDDI_BRANCH_V2|String|false|true
12:47:37.0 (42211136)|VARIABLE_SCOPE_BEGIN|[39]|auConstantCmn.PROFILE_KDDI_HEADQUARTERS|String|false|true
12:47:37.0 (42220695)|VARIABLE_SCOPE_BEGIN|[40]|auConstantCmn.PROFILE_KDDI_HEADQUARTERS_V2|String|false|true
12:47:37.0 (42230560)|VARIABLE_SCOPE_BEGIN|[41]|auConstantCmn.PROFILE_KDDI_KNOWLEDGE_ONLY|String|false|true
12:47:37.0 (42240178)|VARIABLE_SCOPE_BEGIN|[37]|auConstantCmn.PROFILE_KDDI_REGIONAL_OFFICE|String|false|true
12:47:37.0 (42250009)|VARIABLE_SCOPE_BEGIN|[38]|auConstantCmn.PROFILE_KDDI_REGIONAL_OFFICE_V2|String|false|true
12:47:37.0 (42259863)|VARIABLE_SCOPE_BEGIN|[43]|auConstantCmn.PROFILE_SA_USER_CSA|String|false|true
12:47:37.0 (42270033)|VARIABLE_SCOPE_BEGIN|[42]|auConstantCmn.PROFILE_SA_USER_SA|String|false|true
12:47:37.0 (42280063)|VARIABLE_SCOPE_BEGIN|[46]|auConstantCmn.PROFILE_SYSADMIN_CUSTOM|String|false|true
12:47:37.0 (42289853)|VARIABLE_SCOPE_BEGIN|[47]|auConstantCmn.PROFILE_SYSADMIN_DEFAULT_EN|String|false|true
12:47:37.0 (42299834)|VARIABLE_SCOPE_BEGIN|[48]|auConstantCmn.PROFILE_SYSADMIN_DEFAULT_JP|String|false|true
12:47:37.0 (42309622)|VARIABLE_SCOPE_BEGIN|[9]|auConstantCmn.ROLE_CODE_EVOLVA_HONBU|String|false|true
12:47:37.0 (42319896)|VARIABLE_SCOPE_BEGIN|[7]|auConstantCmn.ROLE_CODE_HONBU|String|false|true
12:47:37.0 (42330388)|VARIABLE_SCOPE_BEGIN|[8]|auConstantCmn.ROLE_CODE_SA_HONBU|String|false|true
12:47:37.0 (42340715)|VARIABLE_SCOPE_BEGIN|[120]|auConstantCmn.USER_CLASSIFICATION_CONTRACTOR|String|false|true
12:47:37.0 (42350969)|VARIABLE_SCOPE_BEGIN|[119]|auConstantCmn.USER_CLASSIFICATION_CSA|String|false|true
12:47:37.0 (42361206)|VARIABLE_SCOPE_BEGIN|[118]|auConstantCmn.USER_CLASSIFICATION_SA|String|false|true
12:47:37.0 (42374024)|HEAP_ALLOCATE|[21]|Bytes:5
12:47:37.0 (42390123)|VARIABLE_ASSIGNMENT|[21]|auConstantCmn.ACCOUNT_CHANNEL_DAIRITEN|"一次代理店"
12:47:37.0 (42395849)|HEAP_ALLOCATE|[21]|Bytes:6
12:47:37.0 (42403173)|VARIABLE_ASSIGNMENT|[21]|auConstantCmn.ACCOUNT_CHANNEL_SHOP|"auショップ"
12:47:37.0 (42407965)|HEAP_ALLOCATE|[21]|Bytes:4
12:47:37.0 (42414153)|VARIABLE_ASSIGNMENT|[21]|auConstantCmn.ACCOUNT_CHANNEL_UNEIHOJIN|"運営法人"
12:47:37.0 (42418346)|HEAP_ALLOCATE|[21]|Bytes:8
12:47:37.0 (42425201)|VARIABLE_ASSIGNMENT|[21]|auConstantCmn.CX_KNOWLEDGE_SHARING_NATIONAL|"National"
12:47:37.0 (42429619)|HEAP_ALLOCATE|[21]|Bytes:14
12:47:37.0 (42436274)|VARIABLE_ASSIGNMENT|[21]|auConstantCmn.CX_KNOWLEDGE_SHARING_REGIONAL_OFFICE|"RegionalOffice"
12:47:37.0 (42440724)|HEAP_ALLOCATE|[21]|Bytes:8
12:47:37.0 (42447359)|VARIABLE_ASSIGNMENT|[21]|auConstantCmn.CX_KNOWLEDGE_STATUS_APPROVED|"Approved"
12:47:37.0 (42451790)|HEAP_ALLOCATE|[21]|Bytes:16
12:47:37.0 (42458695)|VARIABLE_ASSIGNMENT|[21]|auConstantCmn.CX_KNOWLEDGE_STATUS_NATIONAL_APPROVED|"NationalApproved"
12:47:37.0 (42463005)|HEAP_ALLOCATE|[21]|Bytes:8
12:47:37.0 (42469723)|VARIABLE_ASSIGNMENT|[21]|auConstantCmn.CX_KNOWLEDGE_STATUS_REJECTED|"Rejected"
12:47:37.0 (42474116)|HEAP_ALLOCATE|[21]|Bytes:5
12:47:37.0 (42480849)|VARIABLE_ASSIGNMENT|[21]|auConstantCmn.CX_KNOWLEDGE_STATUS_SAVED|"Saved"
12:47:37.0 (42485153)|HEAP_ALLOCATE|[21]|Bytes:14
12:47:37.0 (42491602)|VARIABLE_ASSIGNMENT|[21]|auConstantCmn.CX_KNOWLEDGE_STATUS_TEMPORARY_SAVED|"TemporarySaved"
12:47:37.0 (42496041)|HEAP_ALLOCATE|[21]|Bytes:12
12:47:37.0 (42502711)|VARIABLE_ASSIGNMENT|[21]|auConstantCmn.FORGOT_PASSWORD_ERR_MESSAGE001|"IDを入力してください。"
12:47:37.0 (42507097)|HEAP_ALLOCATE|[21]|Bytes:8
12:47:37.0 (42514048)|VARIABLE_ASSIGNMENT|[21]|auConstantCmn.HONBU_DIRECT_DETAIL_TYPE_FAVORITE|"FAVORITE"
12:47:37.0 (42518149)|HEAP_ALLOCATE|[21]|Bytes:4
12:47:37.0 (42524707)|VARIABLE_ASSIGNMENT|[21]|auConstantCmn.HONBU_DIRECT_DETAIL_TYPE_READ|"READ"
12:47:37.0 (42528811)|HEAP_ALLOCATE|[21]|Bytes:5
12:47:37.0 (42535452)|VARIABLE_ASSIGNMENT|[21]|auConstantCmn.KDDI_KNOWLEDGE_STATUS_SAVED|"Saved"
12:47:37.0 (42539479)|HEAP_ALLOCATE|[21]|Bytes:14
12:47:37.0 (42546227)|VARIABLE_ASSIGNMENT|[21]|auConstantCmn.KDDI_KNOWLEDGE_STATUS_TEMPORARY_SAVED|"TemporarySaved"
12:47:37.0 (42553796)|HEAP_ALLOCATE|[21]|Bytes:15
12:47:37.0 (42561720)|VARIABLE_ASSIGNMENT|[21]|auConstantCmn.LOGIN_ERR_MESSAGE001|"パスワードを入力してください。"
12:47:37.0 (42566497)|HEAP_ALLOCATE|[21]|Bytes:27
12:47:37.0 (42575126)|VARIABLE_ASSIGNMENT|[21]|auConstantCmn.LOGIN_ERR_MESSAGE002|"8文字以上の英数字混在のパスワードを指定 (7 more) ..."
12:47:37.0 (42580072)|HEAP_ALLOCATE|[21]|Bytes:19
12:47:37.0 (42587312)|VARIABLE_ASSIGNMENT|[21]|auConstantCmn.LOGIN_ERR_MESSAGE003|"ID或いはパスワードが間違っています。"
12:47:37.0 (42592144)|HEAP_ALLOCATE|[21]|Bytes:46
12:47:37.0 (42599876)|VARIABLE_ASSIGNMENT|[21]|auConstantCmn.LOGIN_ERR_MESSAGE004|"ログイン失敗回数を超えた為、ロックされま (26 more) ..."
12:47:37.0 (42604407)|HEAP_ALLOCATE|[21]|Bytes:3
12:47:37.0 (42611433)|VARIABLE_ASSIGNMENT|[21]|auConstantCmn.PAGE_ALIAS_SHOP_CX|"/CX"
12:47:37.0 (42615842)|HEAP_ALLOCATE|[21]|Bytes:7
12:47:37.0 (42622856)|VARIABLE_ASSIGNMENT|[21]|auConstantCmn.PAGE_ALIAS_SHOP_EVENTS|"/events"
12:47:37.0 (42627311)|HEAP_ALLOCATE|[21]|Bytes:16
12:47:37.0 (42636782)|VARIABLE_ASSIGNMENT|[21]|auConstantCmn.PAGE_ALIAS_SHOP_FORGOTPW|"/forgot-password"
12:47:37.0 (42641454)|HEAP_ALLOCATE|[21]|Bytes:25
12:47:37.0 (42649233)|VARIABLE_ASSIGNMENT|[21]|auConstantCmn.PAGE_ALIAS_SHOP_FORGOTPWCOMP|"/forgot-password-com (5 more) ..."
12:47:37.0 (42653682)|HEAP_ALLOCATE|[21]|Bytes:5
12:47:37.0 (42660827)|VARIABLE_ASSIGNMENT|[21]|auConstantCmn.PAGE_ALIAS_SHOP_HOME|"/home"
12:47:37.0 (42665156)|HEAP_ALLOCATE|[21]|Bytes:6
12:47:37.0 (42672311)|VARIABLE_ASSIGNMENT|[21]|auConstantCmn.PAGE_ALIAS_SHOP_LOGIN|"/login"
12:47:37.0 (42676388)|HEAP_ALLOCATE|[21]|Bytes:7
12:47:37.0 (42683518)|VARIABLE_ASSIGNMENT|[21]|auConstantCmn.PAGE_ALIAS_SHOP_LOGOUT|"/logout"
12:47:37.0 (42687677)|HEAP_ALLOCATE|[21]|Bytes:16
12:47:37.0 (42699616)|VARIABLE_ASSIGNMENT|[21]|auConstantCmn.PAGE_ALIAS_SHOP_PASSWORDSIGNUP|"/password-signup"
12:47:37.0 (42704011)|HEAP_ALLOCATE|[21]|Bytes:9
12:47:37.0 (42711744)|VARIABLE_ASSIGNMENT|[21]|auConstantCmn.PAGE_ALIAS_SHOP_SCHEDULE|"/calendar"
12:47:37.0 (42716220)|HEAP_ALLOCATE|[21]|Bytes:11
12:47:37.0 (42724054)|VARIABLE_ASSIGNMENT|[21]|auConstantCmn.PAGE_ALIAS_SHOP_SCHEDULE_LIST|"/activities"
12:47:37.0 (42728474)|HEAP_ALLOCATE|[21]|Bytes:5
12:47:37.0 (42736334)|VARIABLE_ASSIGNMENT|[21]|auConstantCmn.PAGE_ALIAS_SHOP_STPD|"/STPD"
12:47:37.0 (42740552)|HEAP_ALLOCATE|[21]|Bytes:11
12:47:37.0 (42748090)|VARIABLE_ASSIGNMENT|[21]|auConstantCmn.PAGE_ALIAS_SHOP_TIMELINE_CX|"/timelineCX"
12:47:37.0 (42752235)|HEAP_ALLOCATE|[21]|Bytes:13
12:47:37.0 (42759926)|VARIABLE_ASSIGNMENT|[21]|auConstantCmn.PAGE_ALIAS_SHOP_TIMELINE_STPD|"/timelineSTPD"
12:47:37.0 (42764418)|HEAP_ALLOCATE|[21]|Bytes:27
12:47:37.0 (42772862)|VARIABLE_ASSIGNMENT|[21]|auConstantCmn.PAGE_VF_SHOP_CX|"/apex/auCXKnowledgeL (7 more) ..."
12:47:37.0 (42777240)|HEAP_ALLOCATE|[21]|Bytes:22
12:47:37.0 (42785771)|VARIABLE_ASSIGNMENT|[21]|auConstantCmn.PAGE_VF_SHOP_EVENTS|"/apex/auEventsListPa (2 more) ..."
12:47:37.0 (42790202)|HEAP_ALLOCATE|[21]|Bytes:21
12:47:37.0 (42798372)|VARIABLE_ASSIGNMENT|[21]|auConstantCmn.PAGE_VF_SHOP_FORGOTPW|"/auForgotPasswordPag (1 more) ..."
12:47:37.0 (42802926)|HEAP_ALLOCATE|[21]|Bytes:29
12:47:37.0 (42811015)|VARIABLE_ASSIGNMENT|[21]|auConstantCmn.PAGE_VF_SHOP_FORGOTPWCOMP|"/auForgotPasswordCom (9 more) ..."
12:47:37.0 (42815313)|HEAP_ALLOCATE|[21]|Bytes:24
12:47:37.0 (42823422)|VARIABLE_ASSIGNMENT|[21]|auConstantCmn.PAGE_VF_SHOP_HOME|"/apex/auSwitchScreen (4 more) ..."
12:47:37.0 (42827687)|HEAP_ALLOCATE|[21]|Bytes:12
12:47:37.0 (42835570)|VARIABLE_ASSIGNMENT|[21]|auConstantCmn.PAGE_VF_SHOP_LOGIN|"/auLoginPage"
12:47:37.0 (42839703)|HEAP_ALLOCATE|[21]|Bytes:13
12:47:37.0 (42847726)|VARIABLE_ASSIGNMENT|[21]|auConstantCmn.PAGE_VF_SHOP_LOGOUT|"/auLogoutPage"
12:47:37.0 (42852008)|HEAP_ALLOCATE|[21]|Bytes:21
12:47:37.0 (42860598)|VARIABLE_ASSIGNMENT|[21]|auConstantCmn.PAGE_VF_SHOP_PASSWORDSIGNUP|"/auPasswordSignupPag (1 more) ..."
12:47:37.0 (42865026)|HEAP_ALLOCATE|[21]|Bytes:16
12:47:37.0 (42873261)|VARIABLE_ASSIGNMENT|[21]|auConstantCmn.PAGE_VF_SHOP_SCHEDULE|"/apex/auSchedule"
12:47:37.0 (42877440)|HEAP_ALLOCATE|[21]|Bytes:20
12:47:37.0 (42885410)|VARIABLE_ASSIGNMENT|[21]|auConstantCmn.PAGE_VF_SHOP_SCHEDULE_LIST|"/apex/auScheduleList"
12:47:37.0 (42889783)|HEAP_ALLOCATE|[21]|Bytes:20
12:47:37.0 (42898041)|VARIABLE_ASSIGNMENT|[21]|auConstantCmn.PAGE_VF_SHOP_STPD|"/apex/auSTPDListPage"
12:47:37.0 (42902367)|HEAP_ALLOCATE|[21]|Bytes:31
12:47:37.0 (42915909)|VARIABLE_ASSIGNMENT|[21]|auConstantCmn.PAGE_VF_SHOP_TIMELINE_CX|"/apex/auCxKnowledgeT (11 more) ..."
12:47:37.0 (42920478)|HEAP_ALLOCATE|[21]|Bytes:24
12:47:37.0 (42929139)|VARIABLE_ASSIGNMENT|[21]|auConstantCmn.PAGE_VF_SHOP_TIMELINE_STPD|"/apex/auSTPDTimeline (4 more) ..."
12:47:37.0 (42933590)|HEAP_ALLOCATE|[21]|Bytes:55
12:47:37.0 (42942694)|VARIABLE_ASSIGNMENT|[21]|auConstantCmn.PASSWORD_SIGNUP_ERR_EXPIREDURL|"パスワードリセットの有効期限が切れていま (35 more) ..."
12:47:37.0 (42947585)|HEAP_ALLOCATE|[21]|Bytes:27
12:47:37.0 (42956562)|VARIABLE_ASSIGNMENT|[21]|auConstantCmn.PASSWORD_SIGNUP_ERR_INTERNAL|"内部エラーが発生しました。サイト管理者に (7 more) ..."
12:47:37.0 (42961509)|HEAP_ALLOCATE|[21]|Bytes:51
12:47:37.0 (42972232)|VARIABLE_ASSIGNMENT|[21]|auConstantCmn.PASSWORD_SIGNUP_ERR_INVALIDURL|"不正なパスワードリセットURLです。\u003Cb (31 more) ..."
12:47:37.0 (42977203)|HEAP_ALLOCATE|[21]|Bytes:15
12:47:37.0 (42986005)|VARIABLE_ASSIGNMENT|[21]|auConstantCmn.PASSWORD_SIGNUP_ERR_MESSAGE001|"パスワードを入力してください。"
12:47:37.0 (42990584)|HEAP_ALLOCATE|[21]|Bytes:19
12:47:37.0 (42999028)|VARIABLE_ASSIGNMENT|[21]|auConstantCmn.PASSWORD_SIGNUP_ERR_MESSAGE002|"確認用のパスワードを入力してください。"
12:47:37.0 (43003753)|HEAP_ALLOCATE|[21]|Bytes:27
12:47:37.0 (43013047)|VARIABLE_ASSIGNMENT|[21]|auConstantCmn.PASSWORD_SIGNUP_ERR_MESSAGE003|"8文字以上の英数字混在のパスワードを指定 (7 more) ..."
12:47:37.0 (43018131)|HEAP_ALLOCATE|[21]|Bytes:22
12:47:37.0 (43027199)|VARIABLE_ASSIGNMENT|[21]|auConstantCmn.PASSWORD_SIGNUP_ERR_MESSAGE004|"パスワードと確認用のパスワードが不一致で (2 more) ..."
12:47:37.0 (43031908)|HEAP_ALLOCATE|[21]|Bytes:21
12:47:37.0 (43041140)|VARIABLE_ASSIGNMENT|[21]|auConstantCmn.PASSWORD_SIGNUP_ERR_MESSAGE005|"以前利用したパスワードはご利用できません (1 more) ..."
12:47:37.0 (43045747)|HEAP_ALLOCATE|[21]|Bytes:46
12:47:37.0 (43055046)|VARIABLE_ASSIGNMENT|[21]|auConstantCmn.PASSWORD_SIGNUP_ERR_OLDURL|"以前のパスワードリセットURLは利用でき (26 more) ..."
12:47:37.0 (43059799)|HEAP_ALLOCATE|[21]|Bytes:14
12:47:37.0 (43068644)|VARIABLE_ASSIGNMENT|[21]|auConstantCmn.PROFILE_COMMUNITY_MANAGEMENT|"au ショップ - 運営法人"
12:47:37.0 (43073235)|HEAP_ALLOCATE|[21]|Bytes:15
12:47:37.0 (43082030)|VARIABLE_ASSIGNMENT|[21]|auConstantCmn.PROFILE_COMMUNITY_PRIMARY_AGENT|"au ショップ - 一次代理店"
12:47:37.0 (43086514)|HEAP_ALLOCATE|[21]|Bytes:12
12:47:37.0 (43095581)|VARIABLE_ASSIGNMENT|[21]|auConstantCmn.PROFILE_COMMUNITY_SHOP|"au ショップ - 店舗"
12:47:37.0 (43100143)|HEAP_ALLOCATE|[21]|Bytes:17
12:47:37.0 (43109186)|VARIABLE_ASSIGNMENT|[21]|auConstantCmn.PROFILE_EVOLVA_ADMIN_USER|"Evolva Admin User"
12:47:37.0 (43113634)|HEAP_ALLOCATE|[21]|Bytes:11
12:47:37.0 (43122367)|VARIABLE_ASSIGNMENT|[21]|auConstantCmn.PROFILE_EVOLVA_USER|"Evolva User"
12:47:37.0 (43126561)|HEAP_ALLOCATE|[21]|Bytes:9
12:47:37.0 (43135548)|VARIABLE_ASSIGNMENT|[21]|auConstantCmn.PROFILE_KDDI_BRANCH|"KDDI - 支店"
12:47:37.0 (43140074)|HEAP_ALLOCATE|[21]|Bytes:12
12:47:37.0 (43149023)|VARIABLE_ASSIGNMENT|[21]|auConstantCmn.PROFILE_KDDI_BRANCH_V2|"KDDI - 支店 v2"
12:47:37.0 (43153222)|HEAP_ALLOCATE|[21]|Bytes:9
12:47:37.0 (43161983)|VARIABLE_ASSIGNMENT|[21]|auConstantCmn.PROFILE_KDDI_HEADQUARTERS|"KDDI - 本部"
12:47:37.0 (43166219)|HEAP_ALLOCATE|[21]|Bytes:12
12:47:37.0 (43175296)|VARIABLE_ASSIGNMENT|[21]|auConstantCmn.PROFILE_KDDI_HEADQUARTERS_V2|"KDDI - 本部 v2"
12:47:37.0 (43179901)|HEAP_ALLOCATE|[21]|Bytes:21
12:47:37.0 (43189701)|VARIABLE_ASSIGNMENT|[21]|auConstantCmn.PROFILE_KDDI_KNOWLEDGE_ONLY|"KDDI - Knowledge onl (1 more) ..."
12:47:37.0 (43194680)|HEAP_ALLOCATE|[21]|Bytes:9
12:47:37.0 (43203662)|VARIABLE_ASSIGNMENT|[21]|auConstantCmn.PROFILE_KDDI_REGIONAL_OFFICE|"KDDI - 支社"
12:47:37.0 (43207849)|HEAP_ALLOCATE|[21]|Bytes:12
12:47:37.0 (43216943)|VARIABLE_ASSIGNMENT|[21]|auConstantCmn.PROFILE_KDDI_REGIONAL_OFFICE_V2|"KDDI - 支社 v2"
12:47:37.0 (43221288)|HEAP_ALLOCATE|[21]|Bytes:13
12:47:37.0 (43230616)|VARIABLE_ASSIGNMENT|[21]|auConstantCmn.PROFILE_SA_USER_CSA|"SA User - CSA"
12:47:37.0 (43234919)|HEAP_ALLOCATE|[21]|Bytes:12
12:47:37.0 (43244267)|VARIABLE_ASSIGNMENT|[21]|auConstantCmn.PROFILE_SA_USER_SA|"SA User - SA"
12:47:37.0 (43248661)|HEAP_ALLOCATE|[21]|Bytes:12
12:47:37.0 (43257703)|VARIABLE_ASSIGNMENT|[21]|auConstantCmn.PROFILE_SYSADMIN_CUSTOM|"System Admin"
12:47:37.0 (43261953)|HEAP_ALLOCATE|[21]|Bytes:20
12:47:37.0 (43271344)|VARIABLE_ASSIGNMENT|[21]|auConstantCmn.PROFILE_SYSADMIN_DEFAULT_EN|"System Administrator"
12:47:37.0 (43275721)|HEAP_ALLOCATE|[21]|Bytes:7
12:47:37.0 (43285041)|VARIABLE_ASSIGNMENT|[21]|auConstantCmn.PROFILE_SYSADMIN_DEFAULT_JP|"システム管理者"
12:47:37.0 (43289302)|HEAP_ALLOCATE|[21]|Bytes:7
12:47:37.0 (43298593)|VARIABLE_ASSIGNMENT|[21]|auConstantCmn.ROLE_CODE_EVOLVA_HONBU|"E000000"
12:47:37.0 (43302772)|HEAP_ALLOCATE|[21]|Bytes:7
12:47:37.0 (43312063)|VARIABLE_ASSIGNMENT|[21]|auConstantCmn.ROLE_CODE_HONBU|"C000000"
12:47:37.0 (43316355)|HEAP_ALLOCATE|[21]|Bytes:7
12:47:37.0 (43325619)|VARIABLE_ASSIGNMENT|[21]|auConstantCmn.ROLE_CODE_SA_HONBU|"S000000"
12:47:37.0 (43329742)|HEAP_ALLOCATE|[21]|Bytes:10
12:47:37.0 (43339395)|VARIABLE_ASSIGNMENT|[21]|auConstantCmn.USER_CLASSIFICATION_CONTRACTOR|"CONTRACTOR"
12:47:37.0 (43343745)|HEAP_ALLOCATE|[21]|Bytes:3
12:47:37.0 (43353199)|VARIABLE_ASSIGNMENT|[21]|auConstantCmn.USER_CLASSIFICATION_CSA|"CSA"
12:47:37.0 (43357609)|HEAP_ALLOCATE|[21]|Bytes:2
12:47:37.0 (43367282)|VARIABLE_ASSIGNMENT|[21]|auConstantCmn.USER_CLASSIFICATION_SA|"SA"
12:47:37.0 (43383681)|METHOD_ENTRY|[4]|01p6F0000084Osz|auConstantCmn.auConstantCmn()
12:47:37.0 (43389564)|STATEMENT_EXECUTE|[4]
12:47:37.0 (43393498)|STATEMENT_EXECUTE|[4]
12:47:37.0 (43407081)|HEAP_ALLOCATE|[21]|Bytes:5
12:47:37.0 (43418769)|METHOD_EXIT|[4]|auConstantCmn
12:47:37.0 (43536329)|VARIABLE_ASSIGNMENT|[EXTERNAL]|this|{"isIPhone":false}|0x770a8cf8
12:47:37.0 (43550400)|VARIABLE_ASSIGNMENT|[EXTERNAL]|value|false
12:47:37.0 (43557781)|HEAP_ALLOCATE|[3]|Bytes:5
12:47:37.0 (43567380)|VARIABLE_ASSIGNMENT|[3]|this.isCommunityUser|false|0x770a8cf8
12:47:37.0 (43577781)|STATEMENT_EXECUTE|[25]
12:47:37.0 (43657871)|VARIABLE_ASSIGNMENT|[EXTERNAL]|this|{"isCommunityUser":false,"isIPhone":false}|0x770a8cf8
12:47:37.0 (43670630)|VARIABLE_ASSIGNMENT|[EXTERNAL]|value|true
12:47:37.0 (43677011)|HEAP_ALLOCATE|[4]|Bytes:5
12:47:37.0 (43685179)|VARIABLE_ASSIGNMENT|[4]|this.isSystemAdministrator|true|0x770a8cf8
12:47:37.0 (43699401)|STATEMENT_EXECUTE|[29]
12:47:37.0 (43732059)|VARIABLE_ASSIGNMENT|[EXTERNAL]|this|{"isCommunityUser":false,"isIPhone":false,"isSystemAdministrato (1 more) ...":true}|0x770a8cf8
12:47:37.0 (43767779)|VARIABLE_ASSIGNMENT|[EXTERNAL]|this|{"isCommunityUser":false,"isIPhone":false,"isSystemAdministrato (1 more) ...":true}|0x770a8cf8
12:47:37.0 (43778036)|VARIABLE_ASSIGNMENT|[EXTERNAL]|value|true
12:47:37.0 (43783326)|HEAP_ALLOCATE|[5]|Bytes:5
12:47:37.0 (43790047)|VARIABLE_ASSIGNMENT|[5]|this.isKDDIUser|true|0x770a8cf8
12:47:37.0 (43798196)|STATEMENT_EXECUTE|[37]
12:47:37.0 (43876122)|VARIABLE_ASSIGNMENT|[EXTERNAL]|this|{"isCommunityUser":false,"isIPhone":false,"isKDDIUser":true,"isSystemAdministrato (1 more) ...":true}|0x770a8cf8
12:47:37.0 (43887792)|VARIABLE_ASSIGNMENT|[EXTERNAL]|value|false
12:47:37.0 (43893752)|HEAP_ALLOCATE|[6]|Bytes:5
12:47:37.0 (43900857)|VARIABLE_ASSIGNMENT|[6]|this.isSAorEvolvaUser|false|0x770a8cf8
12:47:37.0 (43909458)|STATEMENT_EXECUTE|[42]
12:47:37.0 (43961760)|VARIABLE_ASSIGNMENT|[EXTERNAL]|this|{"isCommunityUser":false,"isIPhone":false,"isKDDIUser":true,"isSAorEvolvaUser":false,"isSystemAdministrato (1 more) ...":true}|0x770a8cf8
12:47:37.0 (43974135)|VARIABLE_ASSIGNMENT|[EXTERNAL]|value|false
12:47:37.0 (43979940)|HEAP_ALLOCATE|[7]|Bytes:5
12:47:37.0 (43986761)|VARIABLE_ASSIGNMENT|[7]|this.isKDDIKnowledgeOnly|false|0x770a8cf8
12:47:37.0 (43997645)|SYSTEM_MODE_EXIT|false
12:47:37.0 (44093811)|HEAP_ALLOCATE|[EXTERNAL]|Bytes:28
12:47:37.0 (44103452)|VARIABLE_SCOPE_BEGIN|[46]|this|auSwitchScreenCtrl|true|false
12:47:37.0 (44129626)|VARIABLE_ASSIGNMENT|[46]|this|{"isCommunityUser":false,"isIPhone":false,"isKDDIKnowledgeOnly":false,"isKDDIUser":true,"isSAorEvolvaUser":false,"isSystemAdministrato (1 more) ...":true}|0x770a8cf8
12:47:37.0 (44148284)|SYSTEM_MODE_ENTER|false
12:47:37.0 (44154574)|HEAP_ALLOCATE|[48]|Bytes:5
12:47:37.0 (44159094)|STATEMENT_EXECUTE|[46]
12:47:37.0 (44161116)|STATEMENT_EXECUTE|[48]
12:47:37.0 (44164602)|HEAP_ALLOCATE|[48]|Bytes:63
12:47:37.0 (44178642)|HEAP_ALLOCATE|[48]|Bytes:4
12:47:37.0 (44192489)|METHOD_ENTRY|[50]||System.UserInfo.getUserId()
12:47:37.0 (44216284)|METHOD_EXIT|[50]||System.UserInfo.getUserId()
12:47:37.0 (44387215)|SOQL_EXECUTE_BEGIN|[48]|Aggregations:0|SELECT ForcePasswordReset__c FROM User WHERE User.ID = :tmpVar1
12:47:37.0 (46905051)|SOQL_EXECUTE_END|[48]|Rows:1
12:47:37.0 (46926509)|HEAP_ALLOCATE|[48]|Bytes:8
12:47:37.0 (46939422)|HEAP_ALLOCATE|[48]|Bytes:58
12:47:37.0 (46969827)|HEAP_ALLOCATE|[48]|Bytes:8
12:47:37.0 (46988346)|HEAP_ALLOCATE|[48]|Bytes:12
12:47:37.0 (46996221)|VARIABLE_SCOPE_BEGIN|[48]|currentUser|User|true|false
12:47:37.0 (47017265)|VARIABLE_ASSIGNMENT|[48]|currentUser|{"ForcePasswordReset__ (1 more) ...":false,"Id":"0056F000006PtYlQAK"}|0x6d755290
12:47:37.0 (47045235)|STATEMENT_EXECUTE|[52]
12:47:37.0 (47100284)|VARIABLE_ASSIGNMENT|[EXTERNAL]|this|{"isCommunityUser":false,"isIPhone":false,"isKDDIKnowledgeOnly":false,"isKDDIUser":true,"isSAorEvolvaUser":false,"isSystemAdministrato (1 more) ...":true}|0x770a8cf8
12:47:37.0 (47116769)|STATEMENT_EXECUTE|[57]
12:47:37.0 (47119145)|STATEMENT_EXECUTE|[62]
12:47:37.0 (47124472)|SYSTEM_MODE_EXIT|false
12:47:37.0 (47504747)|SYSTEM_MODE_ENTER|true
12:47:37.0 (47526493)|HEAP_ALLOCATE|[EXTERNAL]|Bytes:40
12:47:37.0 (47533961)|VARIABLE_SCOPE_BEGIN|[42]|this|auMainTopCompCtrl|true|false
12:47:37.0 (47571616)|VARIABLE_ASSIGNMENT|[42]|this|{}|0x3442252b
12:47:37.0 (47580580)|STATEMENT_EXECUTE|[1]
12:47:37.0 (47582633)|STATEMENT_EXECUTE|[25]
12:47:37.0 (47584822)|STATEMENT_EXECUTE|[26]
12:47:37.0 (47586523)|STATEMENT_EXECUTE|[27]
12:47:37.0 (47588228)|STATEMENT_EXECUTE|[30]
12:47:37.0 (47589800)|STATEMENT_EXECUTE|[31]
12:47:37.0 (47591370)|STATEMENT_EXECUTE|[32]
12:47:37.0 (47593069)|STATEMENT_EXECUTE|[34]
12:47:37.0 (47594754)|STATEMENT_EXECUTE|[35]
12:47:37.0 (47596352)|STATEMENT_EXECUTE|[37]
12:47:37.0 (47612220)|STATEMENT_EXECUTE|[42]
12:47:37.0 (47614108)|STATEMENT_EXECUTE|[43]
12:47:37.0 (47639272)|VARIABLE_ASSIGNMENT|[EXTERNAL]|this|{}|0x3442252b
12:47:37.0 (47650098)|VARIABLE_ASSIGNMENT|[EXTERNAL]|value|0
12:47:37.0 (47656643)|HEAP_ALLOCATE|[30]|Bytes:4
12:47:37.0 (47666431)|VARIABLE_ASSIGNMENT|[30]|this.iTypeOfScreen|0|0x3442252b
12:47:37.0 (47675331)|STATEMENT_EXECUTE|[45]
12:47:37.0 (47840371)|HEAP_ALLOCATE|[45]|Bytes:136
12:47:37.0 (47890268)|VARIABLE_ASSIGNMENT|[EXTERNAL]|this|{"iTypeOfScreen":0}|0x3442252b
12:47:37.0 (47901914)|VARIABLE_ASSIGNMENT|[EXTERNAL]|value|"https://au-portal.li (90 more) ..."
12:47:37.0 (47919196)|VARIABLE_ASSIGNMENT|[35]|this.urlReportsSFA|"https://au-portal.li (90 more) ..."|0x3442252b
12:47:37.0 (47928106)|STATEMENT_EXECUTE|[47]
12:47:37.0 (47954769)|HEAP_ALLOCATE|[47]|Bytes:4
12:47:37.0 (47967365)|METHOD_ENTRY|[52]||System.UserInfo.getUserId()
12:47:37.0 (47983469)|METHOD_EXIT|[52]||System.UserInfo.getUserId()
12:47:37.0 (48357203)|SOQL_EXECUTE_BEGIN|[47]|Aggregations:0|SELECT SmallPhotoUrl, Account.Name, Account.RegionalOfficeId__r.RegionalOfficeName__c, Account.BranchId__r.BranchName__c, Name, Department, UserRole.Name FROM User WHERE User.ID = :tmpVar1
12:47:37.0 (52785869)|SOQL_EXECUTE_END|[47]|Rows:1
12:47:37.0 (52808111)|HEAP_ALLOCATE|[47]|Bytes:8
12:47:37.0 (52829214)|HEAP_ALLOCATE|[47]|Bytes:178
12:47:37.0 (52859728)|HEAP_ALLOCATE|[47]|Bytes:8
12:47:37.0 (52877915)|HEAP_ALLOCATE|[47]|Bytes:24
12:47:37.0 (52929801)|VARIABLE_ASSIGNMENT|[EXTERNAL]|this|{"iTypeOfScreen":0,"urlReportsSFA":"https://au-portal.li (90 more) ..."}|0x3442252b
12:47:37.0 (52949244)|VARIABLE_ASSIGNMENT|[EXTERNAL]|value|{"SmallPhotoUrl":"/profilephoto/005/T","Name":"auPortal システム開発","UserRoleId":"00E6F000001SEaUUAW","Id":"0056F000006PtYlQAK","UserRole":{"Name":"コンシューマ事業本部","Id":"00E6F000001SEaUUAW"}}|0x96ee3bf
12:47:37.0 (52968115)|VARIABLE_ASSIGNMENT|[34]|this.currentUser|{"SmallPhotoUrl":"/profilephoto/005/T","Name":"auPortal システム開発","UserRoleId":"00E6F000001SEaUUAW","Id":"0056F000006PtYlQAK","UserRole":{"Name":"コンシューマ事業本部","Id":"00E6F000001SEaUUAW"}}|0x3442252b
12:47:37.0 (53407951)|SYSTEM_MODE_ENTER|true
12:47:37.0 (53433489)|HEAP_ALLOCATE|[EXTERNAL]|Bytes:40
12:47:37.0 (53445076)|VARIABLE_ASSIGNMENT|[EXTERNAL]|this.iCountComments|null|0x3442252b
12:47:37.0 (53495759)|SYSTEM_MODE_ENTER|true
12:47:37.0 (53509671)|HEAP_ALLOCATE|[EXTERNAL]|Bytes:40
12:47:37.0 (53518045)|VARIABLE_ASSIGNMENT|[EXTERNAL]|this.iCountLikes|null|0x3442252b
12:47:37.0 (53667442)|SYSTEM_MODE_ENTER|true
12:47:37.0 (53720443)|HEAP_ALLOCATE|[EXTERNAL]|Bytes:28
12:47:37.0 (53730687)|VARIABLE_SCOPE_BEGIN|[10]|this|auSwitchScreenCtrl|true|false
12:47:37.0 (53763162)|VARIABLE_ASSIGNMENT|[10]|this|{"isCommunityUser":false,"isIPhone":false,"isKDDIKnowledgeOnly":false,"isKDDIUser":true,"isSAorEvolvaUser":false,"isSystemAdministrato (1 more) ...":true}|0x770a8cf8
12:47:37.0 (53783628)|SYSTEM_MODE_ENTER|false
12:47:37.0 (53791079)|HEAP_ALLOCATE|[10]|Bytes:5
12:47:37.0 (53796510)|STATEMENT_EXECUTE|[10]
12:47:37.0 (53798751)|STATEMENT_EXECUTE|[10]
12:47:37.0 (53808441)|SYSTEM_MODE_EXIT|false
12:47:37.0 (53885831)|SYSTEM_MODE_ENTER|true
12:47:37.0 (53904753)|HEAP_ALLOCATE|[EXTERNAL]|Bytes:8
12:47:37.0 (53909624)|HEAP_ALLOCATE|[EXTERNAL]|Bytes:40
12:47:37.0 (53919648)|VARIABLE_ASSIGNMENT|[EXTERNAL]|this.iTypeOfScreen|0|0x3442252b
12:47:37.0 (54075184)|SYSTEM_MODE_ENTER|true
12:47:37.0 (54112921)|HEAP_ALLOCATE|[EXTERNAL]|Bytes:40
12:47:37.0 (54121315)|VARIABLE_SCOPE_BEGIN|[163]|this|auMainTopCompCtrl|true|false
12:47:37.0 (54156578)|VARIABLE_ASSIGNMENT|[163]|this|{"currentUser":"0x96ee3bf","iTypeOfScreen":0,"urlReportsSFA":"https://au-portal.li (90 more) ..."}|0x3442252b
12:47:37.0 (54166730)|STATEMENT_EXECUTE|[163]
12:47:37.0 (54212121)|VARIABLE_ASSIGNMENT|[EXTERNAL]|this|{"currentUser":"0x96ee3bf","iTypeOfScreen":0,"urlReportsSFA":"https://au-portal.li (90 more) ..."}|0x3442252b
12:47:37.0 (54257600)|VARIABLE_ASSIGNMENT|[EXTERNAL]|this|{"currentUser":"0x96ee3bf","iTypeOfScreen":0,"urlReportsSFA":"https://au-portal.li (90 more) ..."}|0x3442252b
12:47:37.0 (54290452)|VARIABLE_ASSIGNMENT|[EXTERNAL]|this|{"currentUser":"0x96ee3bf","iTypeOfScreen":0,"urlReportsSFA":"https://au-portal.li (90 more) ..."}|0x3442252b
12:47:37.0 (54325437)|VARIABLE_ASSIGNMENT|[EXTERNAL]|this|{"currentUser":"0x96ee3bf","iTypeOfScreen":0,"urlReportsSFA":"https://au-portal.li (90 more) ..."}|0x3442252b
12:47:37.0 (54357111)|VARIABLE_ASSIGNMENT|[EXTERNAL]|this|{"currentUser":"0x96ee3bf","iTypeOfScreen":0,"urlReportsSFA":"https://au-portal.li (90 more) ..."}|0x3442252b
12:47:37.0 (54368124)|STATEMENT_EXECUTE|[172]
12:47:37.0 (54370115)|STATEMENT_EXECUTE|[173]
12:47:37.0 (54461304)|SYSTEM_MODE_ENTER|true
12:47:37.0 (54495365)|HEAP_ALLOCATE|[EXTERNAL]|Bytes:40
12:47:37.0 (54503534)|VARIABLE_SCOPE_BEGIN|[177]|this|auMainTopCompCtrl|true|false
12:47:37.0 (54537406)|VARIABLE_ASSIGNMENT|[177]|this|{"currentUser":"0x96ee3bf","iTypeOfScreen":0,"urlReportsSFA":"https://au-portal.li (90 more) ..."}|0x3442252b
12:47:37.0 (54546624)|STATEMENT_EXECUTE|[177]
12:47:37.0 (54577441)|VARIABLE_ASSIGNMENT|[EXTERNAL]|this|{"currentUser":"0x96ee3bf","iTypeOfScreen":0,"urlReportsSFA":"https://au-portal.li (90 more) ..."}|0x3442252b
12:47:37.0 (54614101)|VARIABLE_ASSIGNMENT|[EXTERNAL]|this|{"currentUser":"0x96ee3bf","iTypeOfScreen":0,"urlReportsSFA":"https://au-portal.li (90 more) ..."}|0x3442252b
12:47:37.0 (54643565)|VARIABLE_ASSIGNMENT|[EXTERNAL]|this|{"currentUser":"0x96ee3bf","iTypeOfScreen":0,"urlReportsSFA":"https://au-portal.li (90 more) ..."}|0x3442252b
12:47:37.0 (54682977)|VARIABLE_ASSIGNMENT|[EXTERNAL]|this|{"currentUser":"0x96ee3bf","iTypeOfScreen":0,"urlReportsSFA":"https://au-portal.li (90 more) ..."}|0x3442252b
12:47:37.0 (54719393)|VARIABLE_ASSIGNMENT|[EXTERNAL]|this|{"currentUser":"0x96ee3bf","iTypeOfScreen":0,"urlReportsSFA":"https://au-portal.li (90 more) ..."}|0x3442252b
12:47:37.0 (54729917)|STATEMENT_EXECUTE|[186]
12:47:37.0 (54732092)|STATEMENT_EXECUTE|[187]
12:47:37.0 (55608158)|SYSTEM_MODE_ENTER|true
12:47:37.0 (57409281)|SYSTEM_MODE_ENTER|true
12:47:37.0 (57450788)|HEAP_ALLOCATE|[EXTERNAL]|Bytes:40
12:47:37.0 (57460213)|VARIABLE_SCOPE_BEGIN|[55]|this|auMainTopCompCtrl|true|false
12:47:37.0 (57497431)|VARIABLE_ASSIGNMENT|[55]|this|{"currentUser":"0x96ee3bf","iTypeOfScreen":0,"urlReportsSFA":"https://au-portal.li (90 more) ..."}|0x3442252b
12:47:37.0 (57507616)|STATEMENT_EXECUTE|[55]
12:47:37.0 (57509783)|STATEMENT_EXECUTE|[56]
12:47:37.0 (57547062)|VARIABLE_ASSIGNMENT|[EXTERNAL]|this|{"currentUser":"0x96ee3bf","iTypeOfScreen":0,"urlReportsSFA":"https://au-portal.li (90 more) ..."}|0x3442252b
12:47:37.0 (57590012)|VARIABLE_ASSIGNMENT|[EXTERNAL]|this|{"currentUser":"0x96ee3bf","iTypeOfScreen":0,"urlReportsSFA":"https://au-portal.li (90 more) ..."}|0x3442252b
12:47:37.0 (57625214)|VARIABLE_ASSIGNMENT|[EXTERNAL]|this|{"currentUser":"0x96ee3bf","iTypeOfScreen":0,"urlReportsSFA":"https://au-portal.li (90 more) ..."}|0x3442252b
12:47:37.0 (57640370)|HEAP_ALLOCATE|[56]|Bytes:5
12:47:37.0 (57732261)|SYSTEM_MODE_ENTER|true
12:47:37.0 (57766557)|HEAP_ALLOCATE|[EXTERNAL]|Bytes:40
12:47:37.0 (57774747)|VARIABLE_SCOPE_BEGIN|[61]|this|auMainTopCompCtrl|true|false
12:47:37.0 (57805068)|VARIABLE_ASSIGNMENT|[61]|this|{"currentUser":"0x96ee3bf","iTypeOfScreen":0,"urlReportsSFA":"https://au-portal.li (90 more) ..."}|0x3442252b
12:47:37.0 (57815245)|STATEMENT_EXECUTE|[61]
12:47:37.0 (57817195)|STATEMENT_EXECUTE|[62]
12:47:37.0 (57848301)|VARIABLE_ASSIGNMENT|[EXTERNAL]|this|{"currentUser":"0x96ee3bf","iTypeOfScreen":0,"urlReportsSFA":"https://au-portal.li (90 more) ..."}|0x3442252b
12:47:37.0 (57885774)|VARIABLE_ASSIGNMENT|[EXTERNAL]|this|{"currentUser":"0x96ee3bf","iTypeOfScreen":0,"urlReportsSFA":"https://au-portal.li (90 more) ..."}|0x3442252b
12:47:37.0 (57899389)|HEAP_ALLOCATE|[62]|Bytes:5
12:47:37.0 (57979236)|SYSTEM_MODE_ENTER|true
12:47:37.0 (58011894)|HEAP_ALLOCATE|[EXTERNAL]|Bytes:40
12:47:37.0 (58020064)|VARIABLE_SCOPE_BEGIN|[71]|this|auMainTopCompCtrl|true|false
12:47:37.0 (58049264)|VARIABLE_ASSIGNMENT|[71]|this|{"currentUser":"0x96ee3bf","iTypeOfScreen":0,"urlReportsSFA":"https://au-portal.li (90 more) ..."}|0x3442252b
12:47:37.0 (58058196)|STATEMENT_EXECUTE|[71]
12:47:37.0 (58060257)|STATEMENT_EXECUTE|[72]
12:47:37.0 (58090607)|VARIABLE_ASSIGNMENT|[EXTERNAL]|this|{"currentUser":"0x96ee3bf","iTypeOfScreen":0,"urlReportsSFA":"https://au-portal.li (90 more) ..."}|0x3442252b
12:47:37.0 (58127139)|VARIABLE_ASSIGNMENT|[EXTERNAL]|this|{"currentUser":"0x96ee3bf","iTypeOfScreen":0,"urlReportsSFA":"https://au-portal.li (90 more) ..."}|0x3442252b
12:47:37.0 (58141825)|HEAP_ALLOCATE|[72]|Bytes:5
12:47:37.0 (58238649)|SYSTEM_MODE_ENTER|true
12:47:37.0 (58284773)|SYSTEM_MODE_ENTER|true
12:47:37.0 (58383967)|SYSTEM_MODE_ENTER|true
12:47:37.0 (58482309)|SYSTEM_MODE_ENTER|true
12:47:37.0 (60645359)|SYSTEM_MODE_ENTER|true
12:47:37.0 (60702691)|HEAP_ALLOCATE|[EXTERNAL]|Bytes:240
12:47:37.0 (60713055)|HEAP_ALLOCATE|[EXTERNAL]|Bytes:14
12:47:37.0 (60727859)|METHOD_ENTRY|[1]|01p6F000006ymET|auSwitchScreenBtmCompCtrl.auSwitchScreenBtmCompCtrl()
12:47:37.0 (60734213)|STATEMENT_EXECUTE|[1]
12:47:37.0 (60737655)|STATEMENT_EXECUTE|[1]
12:47:37.0 (60745515)|METHOD_EXIT|[1]|auSwitchScreenBtmCompCtrl
12:47:37.0 (60762480)|HEAP_ALLOCATE|[EXTERNAL]|Bytes:28
12:47:37.0 (60768438)|VARIABLE_SCOPE_BEGIN|[10]|this|auSwitchScreenBtmCompCtrl|true|false
12:47:37.0 (60808797)|VARIABLE_ASSIGNMENT|[10]|this|{}|0x52b7355
12:47:37.0 (60817305)|STATEMENT_EXECUTE|[1]
12:47:37.0 (60819160)|STATEMENT_EXECUTE|[3]
12:47:37.0 (60821039)|STATEMENT_EXECUTE|[4]
12:47:37.0 (60822601)|STATEMENT_EXECUTE|[5]
12:47:37.0 (60824215)|STATEMENT_EXECUTE|[6]
12:47:37.0 (60825784)|STATEMENT_EXECUTE|[7]
12:47:37.0 (60827349)|STATEMENT_EXECUTE|[8]
12:47:37.0 (60848043)|STATEMENT_EXECUTE|[10]
12:47:37.0 (60850001)|STATEMENT_EXECUTE|[12]
12:47:37.0 (61029380)|HEAP_ALLOCATE|[12]|Bytes:136
12:47:37.0 (61101405)|VARIABLE_ASSIGNMENT|[EXTERNAL]|this|{}|0x52b7355
12:47:37.0 (61115658)|VARIABLE_ASSIGNMENT|[EXTERNAL]|value|"https://c.ap4.conten (102 more) ..."
12:47:37.0 (61127656)|VARIABLE_ASSIGNMENT|[4]|this.urlDailyReportManual|"https://c.ap4.conten (102 more) ..."|0x52b7355
12:47:37.0 (61137660)|STATEMENT_EXECUTE|[13]
12:47:37.0 (61242701)|HEAP_ALLOCATE|[13]|Bytes:136
12:47:37.0 (61299231)|VARIABLE_ASSIGNMENT|[EXTERNAL]|this|{"urlDailyReportManual":"https://c.ap4.conten (102 more) ..."}|0x52b7355
12:47:37.0 (61310877)|VARIABLE_ASSIGNMENT|[EXTERNAL]|value|"https://ap4.salesfor (84 more) ..."
12:47:37.0 (61320981)|VARIABLE_ASSIGNMENT|[5]|this.urlExternalCxSTPDManual|"https://ap4.salesfor (84 more) ..."|0x52b7355
12:47:37.0 (61330828)|STATEMENT_EXECUTE|[14]
12:47:37.0 (61427464)|HEAP_ALLOCATE|[14]|Bytes:136
12:47:37.0 (61483406)|VARIABLE_ASSIGNMENT|[EXTERNAL]|this|{"urlDailyReportManual":"https://c.ap4.conten (102 more) ...","urlExternalCxSTPDMan (3 more) ...":"https://ap4.salesfor (84 more) ..."}|0x52b7355
12:47:37.0 (61495401)|VARIABLE_ASSIGNMENT|[EXTERNAL]|value|"https://c.ap4.conten (102 more) ..."
12:47:37.0 (61505284)|VARIABLE_ASSIGNMENT|[6]|this.urlInternalCxSTPDManual|"https://c.ap4.conten (102 more) ..."|0x52b7355
12:47:37.0 (61514024)|STATEMENT_EXECUTE|[16]
12:47:37.0 (61529886)|HEAP_ALLOCATE|[16]|Bytes:4
12:47:37.0 (61544603)|METHOD_ENTRY|[18]||System.UserInfo.getUserId()
12:47:37.0 (61569810)|METHOD_EXIT|[18]||System.UserInfo.getUserId()
12:47:37.0 (61792791)|SOQL_EXECUTE_BEGIN|[16]|Aggregations:0|SELECT Profile.Name FROM User WHERE User.ID = :tmpVar1
12:47:37.0 (65724304)|SOQL_EXECUTE_END|[16]|Rows:1
12:47:37.0 (65746433)|HEAP_ALLOCATE|[16]|Bytes:8
12:47:37.0 (65761989)|HEAP_ALLOCATE|[16]|Bytes:127
12:47:37.0 (65808481)|HEAP_ALLOCATE|[16]|Bytes:8
12:47:37.0 (65830600)|HEAP_ALLOCATE|[16]|Bytes:16
12:47:37.0 (65838995)|VARIABLE_SCOPE_BEGIN|[16]|currentUser|User|true|false
12:47:37.0 (65861858)|VARIABLE_ASSIGNMENT|[16]|currentUser|{"ProfileId":"00e6F000002RS1oQAG","Id":"0056F000006PtYlQAK","Profile":{"Name":"System Administrator","Id":"00e6F000002RS1oQAG"}}|0x2d8424c7
12:47:37.0 (65869210)|STATEMENT_EXECUTE|[20]
12:47:37.0 (66023323)|VARIABLE_ASSIGNMENT|[EXTERNAL]|this|{"urlDailyReportManual":"https://c.ap4.conten (102 more) ...","urlExternalCxSTPDMan (3 more) ...":"https://ap4.salesfor (84 more) ...","urlInternalCxSTPDMan (3 more) ...":"https://c.ap4.conten (102 more) ..."}|0x52b7355
12:47:37.0 (66041449)|VARIABLE_ASSIGNMENT|[EXTERNAL]|value|false
12:47:37.0 (66052720)|HEAP_ALLOCATE|[7]|Bytes:5
12:47:37.0 (66062667)|VARIABLE_ASSIGNMENT|[7]|this.isCommunityUser|false|0x52b7355
12:47:37.0 (66073457)|STATEMENT_EXECUTE|[24]
12:47:37.0 (66121706)|VARIABLE_ASSIGNMENT|[EXTERNAL]|this|{"isCommunityUser":false,"urlDailyReportManual":"https://c.ap4.conten (102 more) ...","urlExternalCxSTPDMan (3 more) ...":"https://ap4.salesfor (84 more) ...","urlInternalCxSTPDMan (3 more) ...":"https://c.ap4.conten (102 more) ..."}|0x52b7355
12:47:37.0 (66135213)|VARIABLE_ASSIGNMENT|[EXTERNAL]|value|""
12:47:37.0 (66144774)|VARIABLE_ASSIGNMENT|[3]|this.urlSFDCHome|""|0x52b7355
12:47:37.0 (66182613)|VARIABLE_ASSIGNMENT|[EXTERNAL]|this|{"isCommunityUser":false,"urlDailyReportManual":"https://c.ap4.conten (102 more) ...","urlExternalCxSTPDMan (3 more) ...":"https://ap4.salesfor (84 more) ...","urlInternalCxSTPDMan (3 more) ...":"https://c.ap4.conten (102 more) ...","urlSFDCHome":""}|0x52b7355
12:47:37.0 (66198294)|STATEMENT_EXECUTE|[25]
12:47:37.0 (66200355)|STATEMENT_EXECUTE|[26]
12:47:37.0 (66319859)|HEAP_ALLOCATE|[26]|Bytes:136
12:47:37.0 (66377703)|VARIABLE_ASSIGNMENT|[EXTERNAL]|this|{"isCommunityUser":false,"urlDailyReportManual":"https://c.ap4.conten (102 more) ...","urlExternalCxSTPDMan (3 more) ...":"https://ap4.salesfor (84 more) ...","urlInternalCxSTPDMan (3 more) ...":"https://c.ap4.conten (102 more) ...","urlSFDCHome":""}|0x52b7355
12:47:37.0 (66390889)|VARIABLE_ASSIGNMENT|[EXTERNAL]|value|"https://au-portal.li (49 more) ..."
12:47:37.0 (66400983)|VARIABLE_ASSIGNMENT|[3]|this.urlSFDCHome|"https://au-portal.li (49 more) ..."|0x52b7355
12:47:37.0 (66409911)|STATEMENT_EXECUTE|[27]
12:47:37.0 (66510070)|HEAP_ALLOCATE|[27]|Bytes:136
12:47:37.0 (66569923)|VARIABLE_ASSIGNMENT|[EXTERNAL]|this|{"isCommunityUser":false,"urlDailyReportManual":"https://c.ap4.conten (102 more) ...","urlExternalCxSTPDMan (3 more) ...":"https://ap4.salesfor (84 more) ...","urlInternalCxSTPDMan (3 more) ...":"https://c.ap4.conten (102 more) ...","urlSFDCHome":"https://au-portal.li (49 more) ..."}|0x52b7355
12:47:37.0 (66584267)|VARIABLE_ASSIGNMENT|[EXTERNAL]|value|"http://lucas-idp.kdd (77 more) ..."
12:47:37.0 (66595310)|VARIABLE_ASSIGNMENT|[8]|this.urlSingleSignOn|"http://lucas-idp.kdd (77 more) ..."|0x52b7355
12:47:37.0 (67083433)|SYSTEM_MODE_ENTER|true
12:47:37.0 (67173478)|SYSTEM_MODE_ENTER|true
12:47:37.0 (68004304)|SYSTEM_MODE_ENTER|true
12:47:37.0 (68030007)|HEAP_ALLOCATE|[EXTERNAL]|Bytes:40
12:47:37.0 (68042804)|VARIABLE_ASSIGNMENT|[EXTERNAL]|this.iCountComments|null|0x3442252b
12:47:37.0 (68084827)|SYSTEM_MODE_ENTER|true
12:47:37.0 (68098322)|HEAP_ALLOCATE|[EXTERNAL]|Bytes:40
12:47:37.0 (68106691)|VARIABLE_ASSIGNMENT|[EXTERNAL]|this.iCountLikes|null|0x3442252b
12:47:37.0 (68169642)|SYSTEM_MODE_ENTER|true
12:47:37.0 (68186915)|HEAP_ALLOCATE|[EXTERNAL]|Bytes:8
12:47:37.0 (68191525)|HEAP_ALLOCATE|[EXTERNAL]|Bytes:40
12:47:37.0 (68200894)|VARIABLE_ASSIGNMENT|[EXTERNAL]|this.iTypeOfScreen|0|0x3442252b
12:47:37.0 (68400203)|SYSTEM_MODE_ENTER|true
12:47:37.0 (68441455)|HEAP_ALLOCATE|[EXTERNAL]|Bytes:40
12:47:37.0 (68449526)|VARIABLE_SCOPE_BEGIN|[163]|this|auMainTopCompCtrl|true|false
12:47:37.0 (68489750)|VARIABLE_ASSIGNMENT|[163]|this|{"currentUser":"0x96ee3bf","iTypeOfScreen":0,"urlReportsSFA":"https://au-portal.li (90 more) ..."}|0x3442252b
12:47:37.0 (68500310)|STATEMENT_EXECUTE|[163]
12:47:37.0 (68530968)|VARIABLE_ASSIGNMENT|[EXTERNAL]|this|{"currentUser":"0x96ee3bf","iTypeOfScreen":0,"urlReportsSFA":"https://au-portal.li (90 more) ..."}|0x3442252b
12:47:37.0 (68568020)|VARIABLE_ASSIGNMENT|[EXTERNAL]|this|{"currentUser":"0x96ee3bf","iTypeOfScreen":0,"urlReportsSFA":"https://au-portal.li (90 more) ..."}|0x3442252b
12:47:37.0 (68596716)|VARIABLE_ASSIGNMENT|[EXTERNAL]|this|{"currentUser":"0x96ee3bf","iTypeOfScreen":0,"urlReportsSFA":"https://au-portal.li (90 more) ..."}|0x3442252b
12:47:37.0 (68626390)|VARIABLE_ASSIGNMENT|[EXTERNAL]|this|{"currentUser":"0x96ee3bf","iTypeOfScreen":0,"urlReportsSFA":"https://au-portal.li (90 more) ..."}|0x3442252b
12:47:37.0 (68654166)|VARIABLE_ASSIGNMENT|[EXTERNAL]|this|{"currentUser":"0x96ee3bf","iTypeOfScreen":0,"urlReportsSFA":"https://au-portal.li (90 more) ..."}|0x3442252b
12:47:37.0 (68664822)|STATEMENT_EXECUTE|[172]
12:47:37.0 (68666761)|STATEMENT_EXECUTE|[173]
12:47:37.0 (68739211)|SYSTEM_MODE_ENTER|true
12:47:37.0 (68772524)|HEAP_ALLOCATE|[EXTERNAL]|Bytes:40
12:47:37.0 (68779273)|VARIABLE_SCOPE_BEGIN|[177]|this|auMainTopCompCtrl|true|false
12:47:37.0 (68809043)|VARIABLE_ASSIGNMENT|[177]|this|{"currentUser":"0x96ee3bf","iTypeOfScreen":0,"urlReportsSFA":"https://au-portal.li (90 more) ..."}|0x3442252b
12:47:37.0 (68817838)|STATEMENT_EXECUTE|[177]
12:47:37.0 (68843107)|VARIABLE_ASSIGNMENT|[EXTERNAL]|this|{"currentUser":"0x96ee3bf","iTypeOfScreen":0,"urlReportsSFA":"https://au-portal.li (90 more) ..."}|0x3442252b
12:47:37.0 (68873036)|VARIABLE_ASSIGNMENT|[EXTERNAL]|this|{"currentUser":"0x96ee3bf","iTypeOfScreen":0,"urlReportsSFA":"https://au-portal.li (90 more) ..."}|0x3442252b
12:47:37.0 (68900134)|VARIABLE_ASSIGNMENT|[EXTERNAL]|this|{"currentUser":"0x96ee3bf","iTypeOfScreen":0,"urlReportsSFA":"https://au-portal.li (90 more) ..."}|0x3442252b
12:47:37.0 (68928020)|VARIABLE_ASSIGNMENT|[EXTERNAL]|this|{"currentUser":"0x96ee3bf","iTypeOfScreen":0,"urlReportsSFA":"https://au-portal.li (90 more) ..."}|0x3442252b
12:47:37.0 (68955280)|VARIABLE_ASSIGNMENT|[EXTERNAL]|this|{"currentUser":"0x96ee3bf","iTypeOfScreen":0,"urlReportsSFA":"https://au-portal.li (90 more) ..."}|0x3442252b
12:47:37.0 (68965493)|STATEMENT_EXECUTE|[186]
12:47:37.0 (68967266)|STATEMENT_EXECUTE|[187]
12:47:37.0 (69172496)|SYSTEM_MODE_ENTER|true
12:47:37.0 (74301954)|SYSTEM_MODE_ENTER|true
12:47:37.0 (74349729)|HEAP_ALLOCATE|[EXTERNAL]|Bytes:40
12:47:37.0 (74359358)|VARIABLE_SCOPE_BEGIN|[55]|this|auMainTopCompCtrl|true|false
12:47:37.0 (74404743)|VARIABLE_ASSIGNMENT|[55]|this|{"currentUser":"0x96ee3bf","iTypeOfScreen":0,"urlReportsSFA":"https://au-portal.li (90 more) ..."}|0x3442252b
12:47:37.0 (74415582)|STATEMENT_EXECUTE|[55]
12:47:37.0 (74417862)|STATEMENT_EXECUTE|[56]
12:47:37.0 (74448980)|VARIABLE_ASSIGNMENT|[EXTERNAL]|this|{"currentUser":"0x96ee3bf","iTypeOfScreen":0,"urlReportsSFA":"https://au-portal.li (90 more) ..."}|0x3442252b
12:47:37.0 (74484390)|VARIABLE_ASSIGNMENT|[EXTERNAL]|this|{"currentUser":"0x96ee3bf","iTypeOfScreen":0,"urlReportsSFA":"https://au-portal.li (90 more) ..."}|0x3442252b
12:47:37.0 (74514158)|VARIABLE_ASSIGNMENT|[EXTERNAL]|this|{"currentUser":"0x96ee3bf","iTypeOfScreen":0,"urlReportsSFA":"https://au-portal.li (90 more) ..."}|0x3442252b
12:47:37.0 (74528290)|HEAP_ALLOCATE|[56]|Bytes:5
12:47:37.0 (74595041)|SYSTEM_MODE_ENTER|true
12:47:37.0 (74627933)|HEAP_ALLOCATE|[EXTERNAL]|Bytes:40
12:47:37.0 (74634549)|VARIABLE_SCOPE_BEGIN|[61]|this|auMainTopCompCtrl|true|false
12:47:37.0 (74664419)|VARIABLE_ASSIGNMENT|[61]|this|{"currentUser":"0x96ee3bf","iTypeOfScreen":0,"urlReportsSFA":"https://au-portal.li (90 more) ..."}|0x3442252b
12:47:37.0 (74673302)|STATEMENT_EXECUTE|[61]
12:47:37.0 (74675165)|STATEMENT_EXECUTE|[62]
12:47:37.0 (74705647)|VARIABLE_ASSIGNMENT|[EXTERNAL]|this|{"currentUser":"0x96ee3bf","iTypeOfScreen":0,"urlReportsSFA":"https://au-portal.li (90 more) ..."}|0x3442252b
12:47:37.0 (74737244)|VARIABLE_ASSIGNMENT|[EXTERNAL]|this|{"currentUser":"0x96ee3bf","iTypeOfScreen":0,"urlReportsSFA":"https://au-portal.li (90 more) ..."}|0x3442252b
12:47:37.0 (74750098)|HEAP_ALLOCATE|[62]|Bytes:5
12:47:37.0 (74809979)|SYSTEM_MODE_ENTER|true
12:47:37.0 (74839607)|HEAP_ALLOCATE|[EXTERNAL]|Bytes:40
12:47:37.0 (74845856)|VARIABLE_SCOPE_BEGIN|[71]|this|auMainTopCompCtrl|true|false
12:47:37.0 (74873361)|VARIABLE_ASSIGNMENT|[71]|this|{"currentUser":"0x96ee3bf","iTypeOfScreen":0,"urlReportsSFA":"https://au-portal.li (90 more) ..."}|0x3442252b
12:47:37.0 (74881603)|STATEMENT_EXECUTE|[71]
12:47:37.0 (74883589)|STATEMENT_EXECUTE|[72]
12:47:37.0 (74907120)|VARIABLE_ASSIGNMENT|[EXTERNAL]|this|{"currentUser":"0x96ee3bf","iTypeOfScreen":0,"urlReportsSFA":"https://au-portal.li (90 more) ..."}|0x3442252b
12:47:37.0 (74936605)|VARIABLE_ASSIGNMENT|[EXTERNAL]|this|{"currentUser":"0x96ee3bf","iTypeOfScreen":0,"urlReportsSFA":"https://au-portal.li (90 more) ..."}|0x3442252b
12:47:37.0 (74949367)|HEAP_ALLOCATE|[72]|Bytes:5
12:47:37.0 (86433911)|SYSTEM_MODE_ENTER|true
12:47:37.0 (87003427)|SYSTEM_MODE_ENTER|true
12:47:37.0 (87945706)|VF_SERIALIZE_VIEWSTATE_BEGIN|0666F000006TarA
12:47:37.0 (91511907)|VF_SERIALIZE_VIEWSTATE_END
12:47:37.99 (99795116)|CUMULATIVE_LIMIT_USAGE
12:47:37.99 (99795116)|LIMIT_USAGE_FOR_NS|(default)|
  Number of SOQL queries: 5 out of 100
  Number of query rows: 5 out of 50000
  Number of SOSL queries: 0 out of 20
  Number of DML statements: 0 out of 150
  Number of DML rows: 0 out of 10000
  Maximum CPU time: 0 out of 10000
  Maximum heap size: 0 out of 6000000
  Number of callouts: 0 out of 100
  Number of Email Invocations: 0 out of 10
  Number of future calls: 0 out of 50
  Number of queueable jobs added to the queue: 0 out of 50
  Number of Mobile Apex push calls: 0 out of 10

12:47:37.99 (99795116)|CUMULATIVE_LIMIT_USAGE_END

12:47:37.0 (99841596)|CODE_UNIT_FINISHED|VF: /apex/auSwitchScreenPage
12:47:37.0 (101018434)|EXECUTION_FINISHED
