43.0 APEX_CODE,FINEST;APEX_PROFILING,INFO;CALLOUT,INFO;DB,INFO;NBA,INFO;SYSTEM,DEBUG;VALIDATION,INFO;VISUALFORCE,INFO;WAVE,INFO;WORKFLOW,INFO
16:56:21.0 (77785)|USER_INFO|[EXTERNAL]|0056F000006PtYl|gwadmin@gw.jp.kddi|日本標準時|GMT+09:00
16:56:21.0 (110499)|EXECUTION_STARTED
16:56:21.0 (115996)|CODE_UNIT_STARTED|[EXTERNAL]|0666F000005wyju|VF: /apex/saMessageRedirect
16:56:21.0 (1450907)|SYSTEM_MODE_ENTER|true
16:56:21.0 (1908448)|HEAP_ALLOCATE|[72]|Bytes:3
16:56:21.0 (1962409)|HEAP_ALLOCATE|[77]|Bytes:152
16:56:21.0 (1992339)|HEAP_ALLOCATE|[342]|Bytes:408
16:56:21.0 (2012368)|HEAP_ALLOCATE|[355]|Bytes:408
16:56:21.0 (2024475)|HEAP_ALLOCATE|[467]|Bytes:48
16:56:21.0 (2071244)|HEAP_ALLOCATE|[139]|Bytes:6
16:56:21.0 (2100832)|HEAP_ALLOCATE|[EXTERNAL]|Bytes:3
16:56:21.0 (2167869)|METHOD_ENTRY|[1]|01p6F00000AkI1O|saMessageRedirectCtrl.saMessageRedirectCtrl()
16:56:21.0 (2176272)|STATEMENT_EXECUTE|[1]
16:56:21.0 (2181002)|STATEMENT_EXECUTE|[1]
16:56:21.0 (2245770)|HEAP_ALLOCATE|[50]|Bytes:5
16:56:21.0 (2273861)|HEAP_ALLOCATE|[56]|Bytes:5
16:56:21.0 (2282261)|HEAP_ALLOCATE|[64]|Bytes:7
16:56:21.0 (2302412)|SYSTEM_MODE_ENTER|false
16:56:21.0 (2316501)|HEAP_ALLOCATE|[EXTERNAL]|Bytes:5
16:56:21.0 (2325476)|SYSTEM_MODE_EXIT|false
16:56:21.0 (2333569)|METHOD_EXIT|[1]|saMessageRedirectCtrl
16:56:21.0 (2348499)|HEAP_ALLOCATE|[EXTERNAL]|Bytes:4
16:56:21.0 (2392576)|VARIABLE_SCOPE_BEGIN|[3]|this|saMessageRedirectCtrl|true|false
16:56:21.0 (2433446)|VARIABLE_ASSIGNMENT|[3]|this|{}|0x8ee7541
16:56:21.0 (2447517)|VARIABLE_SCOPE_BEGIN|[3]|stdController|ApexPages.StandardController|true|false
16:56:21.0 (2693283)|VARIABLE_ASSIGNMENT|[3]|stdController|"StandardController [null]"|0x24fb48d8
16:56:21.0 (2711026)|SYSTEM_MODE_ENTER|false
16:56:21.0 (2718530)|HEAP_ALLOCATE|[EXTERNAL]|Bytes:5
16:56:21.0 (2723870)|STATEMENT_EXECUTE|[1]
16:56:21.0 (2727351)|HEAP_ALLOCATE|[EXTERNAL]|Bytes:5
16:56:21.0 (2737916)|HEAP_ALLOCATE|[EXTERNAL]|Bytes:6
16:56:21.0 (2773746)|STATEMENT_EXECUTE|[3]
16:56:21.0 (2777807)|SYSTEM_MODE_EXIT|false
16:56:21.0 (2895731)|HEAP_ALLOCATE|[EXTERNAL]|Bytes:4
16:56:21.0 (2957199)|VARIABLE_SCOPE_BEGIN|[6]|this|saMessageRedirectCtrl|true|false
16:56:21.0 (2976630)|VARIABLE_ASSIGNMENT|[6]|this|{}|0x8ee7541
16:56:21.0 (2990744)|SYSTEM_MODE_ENTER|false
16:56:21.0 (2996527)|HEAP_ALLOCATE|[7]|Bytes:5
16:56:21.0 (3001500)|STATEMENT_EXECUTE|[6]
16:56:21.0 (3003698)|STATEMENT_EXECUTE|[7]
16:56:21.0 (3054342)|HEAP_ALLOCATE|[7]|Bytes:61
16:56:21.0 (3108097)|HEAP_ALLOCATE|[7]|Bytes:34
16:56:21.0 (3135701)|HEAP_ALLOCATE|[7]|Bytes:2
16:56:21.0 (3160437)|VARIABLE_SCOPE_BEGIN|[7]|sID|String|false|false
16:56:21.0 (3175681)|VARIABLE_ASSIGNMENT|[7]|sID|"a0K6F00000er0cjUAA"
16:56:21.0 (3181598)|STATEMENT_EXECUTE|[8]
16:56:21.0 (3183189)|STATEMENT_EXECUTE|[9]
16:56:21.0 (3188994)|HEAP_ALLOCATE|[9]|Bytes:30
16:56:21.0 (3218840)|VARIABLE_SCOPE_BEGIN|[9]|pageRef|System.PageReference|true|false
16:56:21.0 (3981422)|VARIABLE_ASSIGNMENT|[9]|pageRef|"/apex/samessageseditorforadmin"|0x447b9161
16:56:21.0 (3993103)|STATEMENT_EXECUTE|[10]
16:56:21.0 (4032068)|HEAP_ALLOCATE|[10]|Bytes:0
16:56:21.0 (4061274)|HEAP_ALLOCATE|[EXTERNAL]|Bytes:-4
16:56:21.0 (4068900)|STATEMENT_EXECUTE|[11]
16:56:21.0 (4073113)|SYSTEM_MODE_EXIT|false
16:56:21.9 (9129178)|CUMULATIVE_LIMIT_USAGE
16:56:21.9 (9129178)|LIMIT_USAGE_FOR_NS|(default)|
  Number of SOQL queries: 0 out of 100
  Number of query rows: 0 out of 50000
  Number of SOSL queries: 0 out of 20
  Number of DML statements: 0 out of 150
  Number of DML rows: 0 out of 10000
  Maximum CPU time: 0 out of 10000
  Maximum heap size: 0 out of 6000000
  Number of callouts: 0 out of 100
  Number of Email Invocations: 0 out of 10
  Number of future calls: 0 out of 50
  Number of queueable jobs added to the queue: 0 out of 50
  Number of Mobile Apex push calls: 0 out of 10

16:56:21.9 (9129178)|CUMULATIVE_LIMIT_USAGE_END

16:56:21.0 (9170998)|CODE_UNIT_FINISHED|VF: /apex/saMessageRedirect
16:56:21.0 (10278800)|EXECUTION_FINISHED
