38.0 APEX_CODE,FINEST;APEX_PROFILING,INFO;CALLOUT,INFO;DB,INFO;NBA,INFO;SYSTEM,DEBUG;VALIDATION,INFO;VISUALFORCE,INFO;WAVE,INFO;WORKFLOW,INFO
17:16:45.0 (133487)|USER_INFO|[EXTERNAL]|0056F000006PtYl|gwadmin@gw.jp.kddi|日本標準時|GMT+09:00
17:16:45.0 (186197)|EXECUTION_STARTED
17:16:45.0 (192713)|CODE_UNIT_STARTED|[EXTERNAL]|0666F000006TarA|VF: /apex/auSwitchScreenPage
17:16:45.0 (39990681)|SYSTEM_MODE_ENTER|true
17:16:45.0 (40471880)|VARIABLE_SCOPE_BEGIN|[25]|auMainTopCompCtrl.TYPE_SCREEN_ACCOUNT_LIST|Integer|false|true
17:16:45.0 (40486584)|VARIABLE_SCOPE_BEGIN|[26]|auMainTopCompCtrl.TYPE_SCREEN_ACTIVITY_LIST|Integer|false|true
17:16:45.0 (40494125)|VARIABLE_SCOPE_BEGIN|[7]|auMainTopCompCtrl.TYPE_SCREEN_CX_SCREEN|Integer|false|true
17:16:45.0 (40502601)|VARIABLE_SCOPE_BEGIN|[8]|auMainTopCompCtrl.TYPE_SCREEN_CX_TIMELINE|Integer|false|true
17:16:45.0 (40510491)|VARIABLE_SCOPE_BEGIN|[9]|auMainTopCompCtrl.TYPE_SCREEN_EVENT_SCHEDULE|Integer|false|true
17:16:45.0 (40517339)|VARIABLE_SCOPE_BEGIN|[10]|auMainTopCompCtrl.TYPE_SCREEN_EVENT_SCHEDULE_LIST|Integer|false|true
17:16:45.0 (40525132)|VARIABLE_SCOPE_BEGIN|[27]|auMainTopCompCtrl.TYPE_SCREEN_FILE_LIST|Integer|false|true
17:16:45.0 (40532714)|VARIABLE_SCOPE_BEGIN|[24]|auMainTopCompCtrl.TYPE_SCREEN_HONBU_DIRECT|Integer|false|true
17:16:45.0 (40540049)|VARIABLE_SCOPE_BEGIN|[11]|auMainTopCompCtrl.TYPE_SCREEN_KNOWLEDGE_DASHBOARD|Integer|false|true
17:16:45.0 (40547909)|VARIABLE_SCOPE_BEGIN|[12]|auMainTopCompCtrl.TYPE_SCREEN_KNOWLEDGE_LIST|Integer|false|true
17:16:45.0 (40554949)|VARIABLE_SCOPE_BEGIN|[15]|auMainTopCompCtrl.TYPE_SCREEN_SA_CHATTER|Integer|false|true
17:16:45.0 (40562076)|VARIABLE_SCOPE_BEGIN|[16]|auMainTopCompCtrl.TYPE_SCREEN_SA_DAILYREPORT|Integer|false|true
17:16:45.0 (40569055)|VARIABLE_SCOPE_BEGIN|[22]|auMainTopCompCtrl.TYPE_SCREEN_SA_DAILYREPORTLIST|Integer|false|true
17:16:45.0 (40576345)|VARIABLE_SCOPE_BEGIN|[18]|auMainTopCompCtrl.TYPE_SCREEN_SA_DOCUMENTS|Integer|false|true
17:16:45.0 (40583660)|VARIABLE_SCOPE_BEGIN|[17]|auMainTopCompCtrl.TYPE_SCREEN_SA_ENQUETE|Integer|false|true
17:16:45.0 (40590922)|VARIABLE_SCOPE_BEGIN|[20]|auMainTopCompCtrl.TYPE_SCREEN_SA_LINKS|Integer|false|true
17:16:45.0 (40598365)|VARIABLE_SCOPE_BEGIN|[13]|auMainTopCompCtrl.TYPE_SCREEN_SA_MESSAGES|Integer|false|true
17:16:45.0 (40605763)|VARIABLE_SCOPE_BEGIN|[19]|auMainTopCompCtrl.TYPE_SCREEN_SA_RANKING|Integer|false|true
17:16:45.0 (40613369)|VARIABLE_SCOPE_BEGIN|[14]|auMainTopCompCtrl.TYPE_SCREEN_SA_REPORTS|Integer|false|true
17:16:45.0 (40621072)|VARIABLE_SCOPE_BEGIN|[23]|auMainTopCompCtrl.TYPE_SCREEN_SA_TODO|Integer|false|true
17:16:45.0 (40629194)|VARIABLE_SCOPE_BEGIN|[21]|auMainTopCompCtrl.TYPE_SCREEN_SA_USRSETTINGS|Integer|false|true
17:16:45.0 (40637050)|VARIABLE_SCOPE_BEGIN|[4]|auMainTopCompCtrl.TYPE_SCREEN_STPD_EVENT|Integer|false|true
17:16:45.0 (40644739)|VARIABLE_SCOPE_BEGIN|[6]|auMainTopCompCtrl.TYPE_SCREEN_STPD_SCREEN|Integer|false|true
17:16:45.0 (40652755)|VARIABLE_SCOPE_BEGIN|[5]|auMainTopCompCtrl.TYPE_SCREEN_STPD_TIMELINE|Integer|false|true
17:16:45.0 (40660591)|VARIABLE_SCOPE_BEGIN|[3]|auMainTopCompCtrl.TYPE_SCREEN_SWITCH|Integer|false|true
17:16:45.0 (40795103)|HEAP_ALLOCATE|[72]|Bytes:3
17:16:45.0 (40848237)|HEAP_ALLOCATE|[77]|Bytes:152
17:16:45.0 (40864124)|HEAP_ALLOCATE|[342]|Bytes:408
17:16:45.0 (40877960)|HEAP_ALLOCATE|[355]|Bytes:408
17:16:45.0 (40889664)|HEAP_ALLOCATE|[467]|Bytes:48
17:16:45.0 (40918564)|HEAP_ALLOCATE|[139]|Bytes:6
17:16:45.0 (40934775)|HEAP_ALLOCATE|[EXTERNAL]|Bytes:284
17:16:45.0 (40964860)|HEAP_ALLOCATE|[EXTERNAL]|Bytes:160
17:16:45.0 (40978733)|METHOD_ENTRY|[1]|01p6F0000084OtI|auMainTopCompCtrl.auMainTopCompCtrl()
17:16:45.0 (40986266)|STATEMENT_EXECUTE|[1]
17:16:45.0 (40992398)|STATEMENT_EXECUTE|[1]
17:16:45.0 (40994548)|STATEMENT_EXECUTE|[3]
17:16:45.0 (41009103)|HEAP_ALLOCATE|[3]|Bytes:4
17:16:45.0 (41040326)|VARIABLE_ASSIGNMENT|[3]|auMainTopCompCtrl.TYPE_SCREEN_SWITCH|0
17:16:45.0 (41046537)|STATEMENT_EXECUTE|[4]
17:16:45.0 (41049712)|HEAP_ALLOCATE|[4]|Bytes:4
17:16:45.0 (41059848)|VARIABLE_ASSIGNMENT|[4]|auMainTopCompCtrl.TYPE_SCREEN_STPD_EVENT|11
17:16:45.0 (41064576)|STATEMENT_EXECUTE|[5]
17:16:45.0 (41066838)|HEAP_ALLOCATE|[5]|Bytes:4
17:16:45.0 (41074383)|VARIABLE_ASSIGNMENT|[5]|auMainTopCompCtrl.TYPE_SCREEN_STPD_TIMELINE|12
17:16:45.0 (41078183)|STATEMENT_EXECUTE|[6]
17:16:45.0 (41080275)|HEAP_ALLOCATE|[6]|Bytes:4
17:16:45.0 (41093170)|VARIABLE_ASSIGNMENT|[6]|auMainTopCompCtrl.TYPE_SCREEN_STPD_SCREEN|13
17:16:45.0 (41097565)|STATEMENT_EXECUTE|[7]
17:16:45.0 (41099958)|HEAP_ALLOCATE|[7]|Bytes:4
17:16:45.0 (41106602)|VARIABLE_ASSIGNMENT|[7]|auMainTopCompCtrl.TYPE_SCREEN_CX_SCREEN|21
17:16:45.0 (41110212)|STATEMENT_EXECUTE|[8]
17:16:45.0 (41112445)|HEAP_ALLOCATE|[8]|Bytes:4
17:16:45.0 (41118560)|VARIABLE_ASSIGNMENT|[8]|auMainTopCompCtrl.TYPE_SCREEN_CX_TIMELINE|22
17:16:45.0 (41122116)|STATEMENT_EXECUTE|[9]
17:16:45.0 (41124276)|HEAP_ALLOCATE|[9]|Bytes:4
17:16:45.0 (41130473)|VARIABLE_ASSIGNMENT|[9]|auMainTopCompCtrl.TYPE_SCREEN_EVENT_SCHEDULE|31
17:16:45.0 (41134429)|STATEMENT_EXECUTE|[10]
17:16:45.0 (41136695)|HEAP_ALLOCATE|[10]|Bytes:4
17:16:45.0 (41143069)|VARIABLE_ASSIGNMENT|[10]|auMainTopCompCtrl.TYPE_SCREEN_EVENT_SCHEDULE_LIST|32
17:16:45.0 (41147127)|STATEMENT_EXECUTE|[11]
17:16:45.0 (41149461)|HEAP_ALLOCATE|[11]|Bytes:4
17:16:45.0 (41155598)|VARIABLE_ASSIGNMENT|[11]|auMainTopCompCtrl.TYPE_SCREEN_KNOWLEDGE_DASHBOARD|41
17:16:45.0 (41159521)|STATEMENT_EXECUTE|[12]
17:16:45.0 (41161823)|HEAP_ALLOCATE|[12]|Bytes:4
17:16:45.0 (41168793)|VARIABLE_ASSIGNMENT|[12]|auMainTopCompCtrl.TYPE_SCREEN_KNOWLEDGE_LIST|42
17:16:45.0 (41172627)|STATEMENT_EXECUTE|[13]
17:16:45.0 (41174927)|HEAP_ALLOCATE|[13]|Bytes:4
17:16:45.0 (41181551)|VARIABLE_ASSIGNMENT|[13]|auMainTopCompCtrl.TYPE_SCREEN_SA_MESSAGES|51
17:16:45.0 (41185668)|STATEMENT_EXECUTE|[14]
17:16:45.0 (41187784)|HEAP_ALLOCATE|[14]|Bytes:4
17:16:45.0 (41195001)|VARIABLE_ASSIGNMENT|[14]|auMainTopCompCtrl.TYPE_SCREEN_SA_REPORTS|52
17:16:45.0 (41199277)|STATEMENT_EXECUTE|[15]
17:16:45.0 (41201459)|HEAP_ALLOCATE|[15]|Bytes:4
17:16:45.0 (41207560)|VARIABLE_ASSIGNMENT|[15]|auMainTopCompCtrl.TYPE_SCREEN_SA_CHATTER|53
17:16:45.0 (41211425)|STATEMENT_EXECUTE|[16]
17:16:45.0 (41213604)|HEAP_ALLOCATE|[16]|Bytes:4
17:16:45.0 (41220278)|VARIABLE_ASSIGNMENT|[16]|auMainTopCompCtrl.TYPE_SCREEN_SA_DAILYREPORT|54
17:16:45.0 (41224266)|STATEMENT_EXECUTE|[17]
17:16:45.0 (41226378)|HEAP_ALLOCATE|[17]|Bytes:4
17:16:45.0 (41232609)|VARIABLE_ASSIGNMENT|[17]|auMainTopCompCtrl.TYPE_SCREEN_SA_ENQUETE|55
17:16:45.0 (41236428)|STATEMENT_EXECUTE|[18]
17:16:45.0 (41238660)|HEAP_ALLOCATE|[18]|Bytes:4
17:16:45.0 (41245733)|VARIABLE_ASSIGNMENT|[18]|auMainTopCompCtrl.TYPE_SCREEN_SA_DOCUMENTS|56
17:16:45.0 (41249678)|STATEMENT_EXECUTE|[19]
17:16:45.0 (41251925)|HEAP_ALLOCATE|[19]|Bytes:4
17:16:45.0 (41259220)|VARIABLE_ASSIGNMENT|[19]|auMainTopCompCtrl.TYPE_SCREEN_SA_RANKING|57
17:16:45.0 (41263250)|STATEMENT_EXECUTE|[20]
17:16:45.0 (41265295)|HEAP_ALLOCATE|[20]|Bytes:4
17:16:45.0 (41271973)|VARIABLE_ASSIGNMENT|[20]|auMainTopCompCtrl.TYPE_SCREEN_SA_LINKS|58
17:16:45.0 (41275694)|STATEMENT_EXECUTE|[21]
17:16:45.0 (41277840)|HEAP_ALLOCATE|[21]|Bytes:4
17:16:45.0 (41284831)|VARIABLE_ASSIGNMENT|[21]|auMainTopCompCtrl.TYPE_SCREEN_SA_USRSETTINGS|59
17:16:45.0 (41288435)|STATEMENT_EXECUTE|[22]
17:16:45.0 (41290495)|HEAP_ALLOCATE|[22]|Bytes:4
17:16:45.0 (41296959)|VARIABLE_ASSIGNMENT|[22]|auMainTopCompCtrl.TYPE_SCREEN_SA_DAILYREPORTLIST|60
17:16:45.0 (41301010)|STATEMENT_EXECUTE|[23]
17:16:45.0 (41303232)|HEAP_ALLOCATE|[23]|Bytes:4
17:16:45.0 (41310160)|VARIABLE_ASSIGNMENT|[23]|auMainTopCompCtrl.TYPE_SCREEN_SA_TODO|61
17:16:45.0 (41314542)|STATEMENT_EXECUTE|[24]
17:16:45.0 (41316923)|HEAP_ALLOCATE|[24]|Bytes:4
17:16:45.0 (41323009)|VARIABLE_ASSIGNMENT|[24]|auMainTopCompCtrl.TYPE_SCREEN_HONBU_DIRECT|71
17:16:45.0 (41326673)|STATEMENT_EXECUTE|[25]
17:16:45.0 (41328887)|HEAP_ALLOCATE|[25]|Bytes:4
17:16:45.0 (41334827)|VARIABLE_ASSIGNMENT|[25]|auMainTopCompCtrl.TYPE_SCREEN_ACCOUNT_LIST|81
17:16:45.0 (41338902)|STATEMENT_EXECUTE|[26]
17:16:45.0 (41341003)|HEAP_ALLOCATE|[26]|Bytes:4
17:16:45.0 (41346444)|VARIABLE_ASSIGNMENT|[26]|auMainTopCompCtrl.TYPE_SCREEN_ACTIVITY_LIST|82
17:16:45.0 (41350451)|STATEMENT_EXECUTE|[27]
17:16:45.0 (41352596)|HEAP_ALLOCATE|[27]|Bytes:4
17:16:45.0 (41360499)|VARIABLE_ASSIGNMENT|[27]|auMainTopCompCtrl.TYPE_SCREEN_FILE_LIST|83
17:16:45.0 (41369248)|METHOD_EXIT|[1]|auMainTopCompCtrl
17:16:45.0 (41376730)|HEAP_ALLOCATE|[EXTERNAL]|Bytes:44
17:16:45.0 (41383418)|VARIABLE_SCOPE_BEGIN|[48]|this|auMainTopCompCtrl|true|false
17:16:45.0 (41455850)|VARIABLE_ASSIGNMENT|[48]|this|{}|0x3883af4
17:16:45.0 (41466217)|STATEMENT_EXECUTE|[1]
17:16:45.0 (41468423)|STATEMENT_EXECUTE|[29]
17:16:45.0 (41470263)|STATEMENT_EXECUTE|[30]
17:16:45.0 (41472057)|STATEMENT_EXECUTE|[31]
17:16:45.0 (41473855)|STATEMENT_EXECUTE|[34]
17:16:45.0 (41475517)|STATEMENT_EXECUTE|[35]
17:16:45.0 (41477090)|STATEMENT_EXECUTE|[36]
17:16:45.0 (41478761)|STATEMENT_EXECUTE|[38]
17:16:45.0 (41480426)|STATEMENT_EXECUTE|[39]
17:16:45.0 (41482047)|STATEMENT_EXECUTE|[41]
17:16:45.0 (41483763)|STATEMENT_EXECUTE|[46]
17:16:45.0 (41519667)|HEAP_ALLOCATE|[50]|Bytes:5
17:16:45.0 (41540606)|HEAP_ALLOCATE|[56]|Bytes:5
17:16:45.0 (41549725)|HEAP_ALLOCATE|[64]|Bytes:7
17:16:45.0 (41566259)|HEAP_ALLOCATE|[46]|Bytes:5
17:16:45.0 (41576895)|VARIABLE_ASSIGNMENT|[46]|this.isSAUser|false|0x3883af4
17:16:45.0 (41586227)|HEAP_ALLOCATE|[46]|Bytes:6
17:16:45.0 (41619202)|STATEMENT_EXECUTE|[48]
17:16:45.0 (41621439)|STATEMENT_EXECUTE|[49]
17:16:45.0 (41687074)|VARIABLE_ASSIGNMENT|[EXTERNAL]|this|{"isSAUser":false}|0x3883af4
17:16:45.0 (41699914)|VARIABLE_ASSIGNMENT|[EXTERNAL]|value|0
17:16:45.0 (41705929)|HEAP_ALLOCATE|[34]|Bytes:4
17:16:45.0 (41713985)|VARIABLE_ASSIGNMENT|[34]|this.iTypeOfScreen|0|0x3883af4
17:16:45.0 (41725680)|STATEMENT_EXECUTE|[51]
17:16:45.0 (43336175)|HEAP_ALLOCATE|[51]|Bytes:156
17:16:45.0 (43464797)|VARIABLE_ASSIGNMENT|[EXTERNAL]|this|{"isSAUser":false,"iTypeOfScreen":0}|0x3883af4
17:16:45.0 (43483076)|VARIABLE_ASSIGNMENT|[EXTERNAL]|value|"https://au-portal.li (77 more) ..."
17:16:45.0 (43499531)|VARIABLE_ASSIGNMENT|[39]|this.urlReportsSFA|"https://au-portal.li (77 more) ..."|0x3883af4
17:16:45.0 (43510477)|STATEMENT_EXECUTE|[53]
17:16:45.0 (43515392)|HEAP_ALLOCATE|[53]|Bytes:202
17:16:45.0 (43533529)|HEAP_ALLOCATE|[53]|Bytes:4
17:16:45.0 (43544498)|HEAP_ALLOCATE|[53]|Bytes:7
17:16:45.0 (43581081)|HEAP_ALLOCATE|[58]|Bytes:89
17:16:45.0 (43594086)|SYSTEM_METHOD_ENTRY|[1]|UserInfo.UserInfo()
17:16:45.0 (43598501)|STATEMENT_EXECUTE|[1]
17:16:45.0 (43604696)|SYSTEM_METHOD_EXIT|[1]|UserInfo
17:16:45.0 (43616670)|METHOD_ENTRY|[58]||System.UserInfo.getUserId()
17:16:45.0 (43655275)|METHOD_EXIT|[58]||System.UserInfo.getUserId()
17:16:45.0 (47519704)|SOQL_EXECUTE_BEGIN|[53]|Aggregations:0|SELECT SmallPhotoUrl, Account.Name, Account.RegionalOfficeId__r.RegionalOfficeName__c, Account.BranchId__r.BranchName__c, Name, Department, UserRole.Name, Profile.Name FROM User WHERE User.ID = :tmpVar1
17:16:45.0 (56182838)|SOQL_EXECUTE_END|[53]|Rows:1
17:16:45.0 (56226797)|HEAP_ALLOCATE|[53]|Bytes:8
17:16:45.0 (56263647)|HEAP_ALLOCATE|[53]|Bytes:276
17:16:45.0 (56363818)|HEAP_ALLOCATE|[53]|Bytes:8
17:16:45.0 (56383952)|HEAP_ALLOCATE|[53]|Bytes:30
17:16:45.0 (56440715)|HEAP_ALLOCATE|[53]|Bytes:32
17:16:45.0 (56561950)|VARIABLE_ASSIGNMENT|[EXTERNAL]|this|{"isSAUser":false,"iTypeOfScreen":0,"urlReportsSFA":"https://au-portal.li (77 more) ..."}|0x3883af4
17:16:45.0 (56605388)|VARIABLE_ASSIGNMENT|[EXTERNAL]|value|{"SmallPhotoUrl":"/profilephoto/005/T","Name":"auPortal システム開発","UserRoleId":"00E6F000001SEaUUAW","ProfileId":"00e6F000002RS1oQAG","Id":"0056F000006PtYlQAK","UserRole":{"Name":"コンシューマ事業本部","Id":"00E6F000001SEaUUAW"},"Profile":{"Name":"System Administrator","Id":"00e6F000002RS1oQAG"}}|0x6e75f6fe
17:16:45.0 (56639057)|VARIABLE_ASSIGNMENT|[38]|this.currentUser|{"SmallPhotoUrl":"/profilephoto/005/T","Name":"auPortal システム開発","UserRoleId":"00E6F000001SEaUUAW","ProfileId":"00e6F000002RS1oQAG","Id":"0056F000006PtYlQAK","UserRole":{"Name":"コンシューマ事業本部","Id":"00E6F000001SEaUUAW"},"Profile":{"Name":"System Administrator","Id":"00e6F000002RS1oQAG"}}|0x3883af4
17:16:45.0 (56657395)|STATEMENT_EXECUTE|[60]
17:16:45.0 (56728573)|VARIABLE_ASSIGNMENT|[EXTERNAL]|this|{"currentUser":"0x6e75f6fe","isSAUser":false,"iTypeOfScreen":0,"urlReportsSFA":"https://au-portal.li (77 more) ..."}|0x3883af4
17:16:45.0 (57075537)|VARIABLE_SCOPE_BEGIN|[131]|auConstantCmn.ACCESS_TYPE_KDDI|String|false|true
17:16:45.0 (57102704)|VARIABLE_SCOPE_BEGIN|[130]|auConstantCmn.ACCESS_TYPE_SA|String|false|true
17:16:45.0 (57113508)|VARIABLE_SCOPE_BEGIN|[132]|auConstantCmn.ACCESS_TYPE_SHOP|String|false|true
17:16:45.0 (57121205)|VARIABLE_SCOPE_BEGIN|[56]|auConstantCmn.ACCOUNT_CHANNEL_DAIRITEN|String|false|true
17:16:45.0 (57128997)|VARIABLE_SCOPE_BEGIN|[54]|auConstantCmn.ACCOUNT_CHANNEL_SHOP|String|false|true
17:16:45.0 (57136626)|VARIABLE_SCOPE_BEGIN|[55]|auConstantCmn.ACCOUNT_CHANNEL_UNEIHOJIN|String|false|true
17:16:45.0 (57144546)|VARIABLE_SCOPE_BEGIN|[107]|auConstantCmn.CX_KNOWLEDGE_SHARING_NATIONAL|String|false|true
17:16:45.0 (57151966)|VARIABLE_SCOPE_BEGIN|[106]|auConstantCmn.CX_KNOWLEDGE_SHARING_REGIONAL_OFFICE|String|false|true
17:16:45.0 (57159292)|VARIABLE_SCOPE_BEGIN|[112]|auConstantCmn.CX_KNOWLEDGE_STATUS_APPROVED|String|false|true
17:16:45.0 (57166738)|VARIABLE_SCOPE_BEGIN|[113]|auConstantCmn.CX_KNOWLEDGE_STATUS_NATIONAL_APPROVED|String|false|true
17:16:45.0 (57174011)|VARIABLE_SCOPE_BEGIN|[114]|auConstantCmn.CX_KNOWLEDGE_STATUS_REJECTED|String|false|true
17:16:45.0 (57181936)|VARIABLE_SCOPE_BEGIN|[111]|auConstantCmn.CX_KNOWLEDGE_STATUS_SAVED|String|false|true
17:16:45.0 (57189670)|VARIABLE_SCOPE_BEGIN|[110]|auConstantCmn.CX_KNOWLEDGE_STATUS_TEMPORARY_SAVED|String|false|true
17:16:45.0 (57197271)|VARIABLE_SCOPE_BEGIN|[20]|auConstantCmn.FORGOT_PASSWORD_ERR_MESSAGE001|String|false|true
17:16:45.0 (57204513)|VARIABLE_SCOPE_BEGIN|[127]|auConstantCmn.HONBU_DIRECT_DETAIL_TYPE_FAVORITE|String|false|true
17:16:45.0 (57212289)|VARIABLE_SCOPE_BEGIN|[126]|auConstantCmn.HONBU_DIRECT_DETAIL_TYPE_READ|String|false|true
17:16:45.0 (57219752)|VARIABLE_SCOPE_BEGIN|[118]|auConstantCmn.KDDI_KNOWLEDGE_STATUS_SAVED|String|false|true
17:16:45.0 (57228163)|VARIABLE_SCOPE_BEGIN|[117]|auConstantCmn.KDDI_KNOWLEDGE_STATUS_TEMPORARY_SAVED|String|false|true
17:16:45.0 (57236079)|VARIABLE_SCOPE_BEGIN|[14]|auConstantCmn.LOGIN_ERR_MESSAGE001|String|false|true
17:16:45.0 (57243570)|VARIABLE_SCOPE_BEGIN|[15]|auConstantCmn.LOGIN_ERR_MESSAGE002|String|false|true
17:16:45.0 (57251113)|VARIABLE_SCOPE_BEGIN|[16]|auConstantCmn.LOGIN_ERR_MESSAGE003|String|false|true
17:16:45.0 (57258584)|VARIABLE_SCOPE_BEGIN|[17]|auConstantCmn.LOGIN_ERR_MESSAGE004|String|false|true
17:16:45.0 (57266137)|VARIABLE_SCOPE_BEGIN|[93]|auConstantCmn.PAGE_ALIAS_SHOP_CX|String|false|true
17:16:45.0 (57273998)|VARIABLE_SCOPE_BEGIN|[84]|auConstantCmn.PAGE_ALIAS_SHOP_EVENTS|String|false|true
17:16:45.0 (57281848)|VARIABLE_SCOPE_BEGIN|[70]|auConstantCmn.PAGE_ALIAS_SHOP_FORGOTPW|String|false|true
17:16:45.0 (57290406)|VARIABLE_SCOPE_BEGIN|[74]|auConstantCmn.PAGE_ALIAS_SHOP_FORGOTPWCOMP|String|false|true
17:16:45.0 (57298752)|VARIABLE_SCOPE_BEGIN|[81]|auConstantCmn.PAGE_ALIAS_SHOP_HOME|String|false|true
17:16:45.0 (57306897)|VARIABLE_SCOPE_BEGIN|[62]|auConstantCmn.PAGE_ALIAS_SHOP_LOGIN|String|false|true
17:16:45.0 (57315316)|VARIABLE_SCOPE_BEGIN|[66]|auConstantCmn.PAGE_ALIAS_SHOP_LOGOUT|String|false|true
17:16:45.0 (57324336)|VARIABLE_SCOPE_BEGIN|[78]|auConstantCmn.PAGE_ALIAS_SHOP_PASSWORDSIGNUP|String|false|true
17:16:45.0 (57332645)|VARIABLE_SCOPE_BEGIN|[99]|auConstantCmn.PAGE_ALIAS_SHOP_SCHEDULE|String|false|true
17:16:45.0 (57340955)|VARIABLE_SCOPE_BEGIN|[102]|auConstantCmn.PAGE_ALIAS_SHOP_SCHEDULE_LIST|String|false|true
17:16:45.0 (57349413)|VARIABLE_SCOPE_BEGIN|[87]|auConstantCmn.PAGE_ALIAS_SHOP_STPD|String|false|true
17:16:45.0 (57357958)|VARIABLE_SCOPE_BEGIN|[96]|auConstantCmn.PAGE_ALIAS_SHOP_TIMELINE_CX|String|false|true
17:16:45.0 (57366232)|VARIABLE_SCOPE_BEGIN|[90]|auConstantCmn.PAGE_ALIAS_SHOP_TIMELINE_STPD|String|false|true
17:16:45.0 (57374824)|VARIABLE_SCOPE_BEGIN|[92]|auConstantCmn.PAGE_VF_SHOP_CX|String|false|true
17:16:45.0 (57383349)|VARIABLE_SCOPE_BEGIN|[83]|auConstantCmn.PAGE_VF_SHOP_EVENTS|String|false|true
17:16:45.0 (57391984)|VARIABLE_SCOPE_BEGIN|[69]|auConstantCmn.PAGE_VF_SHOP_FORGOTPW|String|false|true
17:16:45.0 (57400742)|VARIABLE_SCOPE_BEGIN|[73]|auConstantCmn.PAGE_VF_SHOP_FORGOTPWCOMP|String|false|true
17:16:45.0 (57409652)|VARIABLE_SCOPE_BEGIN|[80]|auConstantCmn.PAGE_VF_SHOP_HOME|String|false|true
17:16:45.0 (57418522)|VARIABLE_SCOPE_BEGIN|[61]|auConstantCmn.PAGE_VF_SHOP_LOGIN|String|false|true
17:16:45.0 (57427347)|VARIABLE_SCOPE_BEGIN|[65]|auConstantCmn.PAGE_VF_SHOP_LOGOUT|String|false|true
17:16:45.0 (57436204)|VARIABLE_SCOPE_BEGIN|[77]|auConstantCmn.PAGE_VF_SHOP_PASSWORDSIGNUP|String|false|true
17:16:45.0 (57445136)|VARIABLE_SCOPE_BEGIN|[98]|auConstantCmn.PAGE_VF_SHOP_SCHEDULE|String|false|true
17:16:45.0 (57454945)|VARIABLE_SCOPE_BEGIN|[101]|auConstantCmn.PAGE_VF_SHOP_SCHEDULE_LIST|String|false|true
17:16:45.0 (57464194)|VARIABLE_SCOPE_BEGIN|[86]|auConstantCmn.PAGE_VF_SHOP_STPD|String|false|true
17:16:45.0 (57473557)|VARIABLE_SCOPE_BEGIN|[95]|auConstantCmn.PAGE_VF_SHOP_TIMELINE_CX|String|false|true
17:16:45.0 (57482696)|VARIABLE_SCOPE_BEGIN|[89]|auConstantCmn.PAGE_VF_SHOP_TIMELINE_STPD|String|false|true
17:16:45.0 (57491834)|VARIABLE_SCOPE_BEGIN|[28]|auConstantCmn.PASSWORD_SIGNUP_ERR_EXPIREDURL|String|false|true
17:16:45.0 (57501091)|VARIABLE_SCOPE_BEGIN|[31]|auConstantCmn.PASSWORD_SIGNUP_ERR_INTERNAL|String|false|true
17:16:45.0 (57510721)|VARIABLE_SCOPE_BEGIN|[29]|auConstantCmn.PASSWORD_SIGNUP_ERR_INVALIDURL|String|false|true
17:16:45.0 (57520952)|VARIABLE_SCOPE_BEGIN|[23]|auConstantCmn.PASSWORD_SIGNUP_ERR_MESSAGE001|String|false|true
17:16:45.0 (57530267)|VARIABLE_SCOPE_BEGIN|[24]|auConstantCmn.PASSWORD_SIGNUP_ERR_MESSAGE002|String|false|true
17:16:45.0 (57539523)|VARIABLE_SCOPE_BEGIN|[25]|auConstantCmn.PASSWORD_SIGNUP_ERR_MESSAGE003|String|false|true
17:16:45.0 (57549067)|VARIABLE_SCOPE_BEGIN|[26]|auConstantCmn.PASSWORD_SIGNUP_ERR_MESSAGE004|String|false|true
17:16:45.0 (57558476)|VARIABLE_SCOPE_BEGIN|[27]|auConstantCmn.PASSWORD_SIGNUP_ERR_MESSAGE005|String|false|true
17:16:45.0 (57568279)|VARIABLE_SCOPE_BEGIN|[30]|auConstantCmn.PASSWORD_SIGNUP_ERR_OLDURL|String|false|true
17:16:45.0 (57578112)|VARIABLE_SCOPE_BEGIN|[35]|auConstantCmn.PROFILE_COMMUNITY_MANAGEMENT|String|false|true
17:16:45.0 (57587839)|VARIABLE_SCOPE_BEGIN|[36]|auConstantCmn.PROFILE_COMMUNITY_PRIMARY_AGENT|String|false|true
17:16:45.0 (57597980)|VARIABLE_SCOPE_BEGIN|[34]|auConstantCmn.PROFILE_COMMUNITY_SHOP|String|false|true
17:16:45.0 (57608412)|VARIABLE_SCOPE_BEGIN|[48]|auConstantCmn.PROFILE_EVOLVA_ADMIN_USER|String|false|true
17:16:45.0 (57618502)|VARIABLE_SCOPE_BEGIN|[47]|auConstantCmn.PROFILE_EVOLVA_USER|String|false|true
17:16:45.0 (57628420)|VARIABLE_SCOPE_BEGIN|[37]|auConstantCmn.PROFILE_KDDI_BRANCH|String|false|true
17:16:45.0 (57638430)|VARIABLE_SCOPE_BEGIN|[38]|auConstantCmn.PROFILE_KDDI_BRANCH_V2|String|false|true
17:16:45.0 (57648363)|VARIABLE_SCOPE_BEGIN|[41]|auConstantCmn.PROFILE_KDDI_HEADQUARTERS|String|false|true
17:16:45.0 (57659663)|VARIABLE_SCOPE_BEGIN|[42]|auConstantCmn.PROFILE_KDDI_HEADQUARTERS_V2|String|false|true
17:16:45.0 (57669998)|VARIABLE_SCOPE_BEGIN|[44]|auConstantCmn.PROFILE_KDDI_KNOWLEDGE_ACTIVITIES|String|false|true
17:16:45.0 (57680447)|VARIABLE_SCOPE_BEGIN|[43]|auConstantCmn.PROFILE_KDDI_KNOWLEDGE_ONLY|String|false|true
17:16:45.0 (57690727)|VARIABLE_SCOPE_BEGIN|[39]|auConstantCmn.PROFILE_KDDI_REGIONAL_OFFICE|String|false|true
17:16:45.0 (57701915)|VARIABLE_SCOPE_BEGIN|[40]|auConstantCmn.PROFILE_KDDI_REGIONAL_OFFICE_V2|String|false|true
17:16:45.0 (57713132)|VARIABLE_SCOPE_BEGIN|[46]|auConstantCmn.PROFILE_SA_USER_CSA|String|false|true
17:16:45.0 (57723783)|VARIABLE_SCOPE_BEGIN|[45]|auConstantCmn.PROFILE_SA_USER_SA|String|false|true
17:16:45.0 (57734699)|VARIABLE_SCOPE_BEGIN|[49]|auConstantCmn.PROFILE_SYSADMIN_CUSTOM|String|false|true
17:16:45.0 (57745738)|VARIABLE_SCOPE_BEGIN|[50]|auConstantCmn.PROFILE_SYSADMIN_DEFAULT_EN|String|false|true
17:16:45.0 (57756346)|VARIABLE_SCOPE_BEGIN|[51]|auConstantCmn.PROFILE_SYSADMIN_DEFAULT_JP|String|false|true
17:16:45.0 (57768032)|VARIABLE_SCOPE_BEGIN|[9]|auConstantCmn.ROLE_CODE_EVOLVA_HONBU|String|false|true
17:16:45.0 (57778753)|VARIABLE_SCOPE_BEGIN|[10]|auConstantCmn.ROLE_CODE_EVOLVA_SHISHA|String|false|true
17:16:45.0 (57789488)|VARIABLE_SCOPE_BEGIN|[11]|auConstantCmn.ROLE_CODE_EVOLVA_SHITEN|String|false|true
17:16:45.0 (57800506)|VARIABLE_SCOPE_BEGIN|[7]|auConstantCmn.ROLE_CODE_HONBU|String|false|true
17:16:45.0 (57811767)|VARIABLE_SCOPE_BEGIN|[8]|auConstantCmn.ROLE_CODE_SA_HONBU|String|false|true
17:16:45.0 (57823663)|VARIABLE_SCOPE_BEGIN|[123]|auConstantCmn.USER_CLASSIFICATION_CONTRACTOR|String|false|true
17:16:45.0 (57835434)|VARIABLE_SCOPE_BEGIN|[122]|auConstantCmn.USER_CLASSIFICATION_CSA|String|false|true
17:16:45.0 (57847522)|VARIABLE_SCOPE_BEGIN|[121]|auConstantCmn.USER_CLASSIFICATION_SA|String|false|true
17:16:45.0 (57860425)|HEAP_ALLOCATE|[60]|Bytes:11
17:16:45.0 (57877459)|VARIABLE_ASSIGNMENT|[60]|auConstantCmn.ACCESS_TYPE_KDDI|"KDDI_ACCESS"
17:16:45.0 (57883573)|HEAP_ALLOCATE|[60]|Bytes:9
17:16:45.0 (57890374)|VARIABLE_ASSIGNMENT|[60]|auConstantCmn.ACCESS_TYPE_SA|"SA_ACCESS"
17:16:45.0 (57894666)|HEAP_ALLOCATE|[60]|Bytes:11
17:16:45.0 (57901551)|VARIABLE_ASSIGNMENT|[60]|auConstantCmn.ACCESS_TYPE_SHOP|"SHOP_ACCESS"
17:16:45.0 (57905960)|HEAP_ALLOCATE|[60]|Bytes:5
17:16:45.0 (57912328)|VARIABLE_ASSIGNMENT|[60]|auConstantCmn.ACCOUNT_CHANNEL_DAIRITEN|"一次代理店"
17:16:45.0 (57916585)|HEAP_ALLOCATE|[60]|Bytes:6
17:16:45.0 (57922692)|VARIABLE_ASSIGNMENT|[60]|auConstantCmn.ACCOUNT_CHANNEL_SHOP|"auショップ"
17:16:45.0 (57927056)|HEAP_ALLOCATE|[60]|Bytes:4
17:16:45.0 (57933193)|VARIABLE_ASSIGNMENT|[60]|auConstantCmn.ACCOUNT_CHANNEL_UNEIHOJIN|"運営法人"
17:16:45.0 (57937271)|HEAP_ALLOCATE|[60]|Bytes:8
17:16:45.0 (57943676)|VARIABLE_ASSIGNMENT|[60]|auConstantCmn.CX_KNOWLEDGE_SHARING_NATIONAL|"National"
17:16:45.0 (57948183)|HEAP_ALLOCATE|[60]|Bytes:14
17:16:45.0 (57954860)|VARIABLE_ASSIGNMENT|[60]|auConstantCmn.CX_KNOWLEDGE_SHARING_REGIONAL_OFFICE|"RegionalOffice"
17:16:45.0 (57959986)|HEAP_ALLOCATE|[60]|Bytes:8
17:16:45.0 (57967001)|VARIABLE_ASSIGNMENT|[60]|auConstantCmn.CX_KNOWLEDGE_STATUS_APPROVED|"Approved"
17:16:45.0 (57971653)|HEAP_ALLOCATE|[60]|Bytes:16
17:16:45.0 (57979697)|VARIABLE_ASSIGNMENT|[60]|auConstantCmn.CX_KNOWLEDGE_STATUS_NATIONAL_APPROVED|"NationalApproved"
17:16:45.0 (57984169)|HEAP_ALLOCATE|[60]|Bytes:8
17:16:45.0 (57991091)|VARIABLE_ASSIGNMENT|[60]|auConstantCmn.CX_KNOWLEDGE_STATUS_REJECTED|"Rejected"
17:16:45.0 (57995524)|HEAP_ALLOCATE|[60]|Bytes:5
17:16:45.0 (58002100)|VARIABLE_ASSIGNMENT|[60]|auConstantCmn.CX_KNOWLEDGE_STATUS_SAVED|"Saved"
17:16:45.0 (58007016)|HEAP_ALLOCATE|[60]|Bytes:14
17:16:45.0 (58014481)|VARIABLE_ASSIGNMENT|[60]|auConstantCmn.CX_KNOWLEDGE_STATUS_TEMPORARY_SAVED|"TemporarySaved"
17:16:45.0 (58018565)|HEAP_ALLOCATE|[60]|Bytes:12
17:16:45.0 (58027272)|VARIABLE_ASSIGNMENT|[60]|auConstantCmn.FORGOT_PASSWORD_ERR_MESSAGE001|"IDを入力してください。"
17:16:45.0 (58032270)|HEAP_ALLOCATE|[60]|Bytes:8
17:16:45.0 (58040231)|VARIABLE_ASSIGNMENT|[60]|auConstantCmn.HONBU_DIRECT_DETAIL_TYPE_FAVORITE|"FAVORITE"
17:16:45.0 (58044506)|HEAP_ALLOCATE|[60]|Bytes:4
17:16:45.0 (58051649)|VARIABLE_ASSIGNMENT|[60]|auConstantCmn.HONBU_DIRECT_DETAIL_TYPE_READ|"READ"
17:16:45.0 (58055925)|HEAP_ALLOCATE|[60]|Bytes:5
17:16:45.0 (58062998)|VARIABLE_ASSIGNMENT|[60]|auConstantCmn.KDDI_KNOWLEDGE_STATUS_SAVED|"Saved"
17:16:45.0 (58067005)|HEAP_ALLOCATE|[60]|Bytes:14
17:16:45.0 (58074531)|VARIABLE_ASSIGNMENT|[60]|auConstantCmn.KDDI_KNOWLEDGE_STATUS_TEMPORARY_SAVED|"TemporarySaved"
17:16:45.0 (58079118)|HEAP_ALLOCATE|[60]|Bytes:15
17:16:45.0 (58090486)|VARIABLE_ASSIGNMENT|[60]|auConstantCmn.LOGIN_ERR_MESSAGE001|"パスワードを入力してください。"
17:16:45.0 (58095771)|HEAP_ALLOCATE|[60]|Bytes:27
17:16:45.0 (58105386)|VARIABLE_ASSIGNMENT|[60]|auConstantCmn.LOGIN_ERR_MESSAGE002|"8文字以上の英数字混在のパスワードを指定 (7 more) ..."
17:16:45.0 (58110394)|HEAP_ALLOCATE|[60]|Bytes:19
17:16:45.0 (58118062)|VARIABLE_ASSIGNMENT|[60]|auConstantCmn.LOGIN_ERR_MESSAGE003|"ID或いはパスワードが間違っています。"
17:16:45.0 (58122730)|HEAP_ALLOCATE|[60]|Bytes:46
17:16:45.0 (58131718)|VARIABLE_ASSIGNMENT|[60]|auConstantCmn.LOGIN_ERR_MESSAGE004|"ログイン失敗回数を超えた為、ロックされま (26 more) ..."
17:16:45.0 (58136198)|HEAP_ALLOCATE|[60]|Bytes:3
17:16:45.0 (58143179)|VARIABLE_ASSIGNMENT|[60]|auConstantCmn.PAGE_ALIAS_SHOP_CX|"/CX"
17:16:45.0 (58148153)|HEAP_ALLOCATE|[60]|Bytes:7
17:16:45.0 (58155670)|VARIABLE_ASSIGNMENT|[60]|auConstantCmn.PAGE_ALIAS_SHOP_EVENTS|"/events"
17:16:45.0 (58159758)|HEAP_ALLOCATE|[60]|Bytes:16
17:16:45.0 (58167533)|VARIABLE_ASSIGNMENT|[60]|auConstantCmn.PAGE_ALIAS_SHOP_FORGOTPW|"/forgot-password"
17:16:45.0 (58172024)|HEAP_ALLOCATE|[60]|Bytes:25
17:16:45.0 (58181098)|VARIABLE_ASSIGNMENT|[60]|auConstantCmn.PAGE_ALIAS_SHOP_FORGOTPWCOMP|"/forgot-password-com (5 more) ..."
17:16:45.0 (58185557)|HEAP_ALLOCATE|[60]|Bytes:5
17:16:45.0 (58192852)|VARIABLE_ASSIGNMENT|[60]|auConstantCmn.PAGE_ALIAS_SHOP_HOME|"/home"
17:16:45.0 (58197228)|HEAP_ALLOCATE|[60]|Bytes:6
17:16:45.0 (58204682)|VARIABLE_ASSIGNMENT|[60]|auConstantCmn.PAGE_ALIAS_SHOP_LOGIN|"/login"
17:16:45.0 (58208951)|HEAP_ALLOCATE|[60]|Bytes:7
17:16:45.0 (58216981)|VARIABLE_ASSIGNMENT|[60]|auConstantCmn.PAGE_ALIAS_SHOP_LOGOUT|"/logout"
17:16:45.0 (58221116)|HEAP_ALLOCATE|[60]|Bytes:16
17:16:45.0 (58229593)|VARIABLE_ASSIGNMENT|[60]|auConstantCmn.PAGE_ALIAS_SHOP_PASSWORDSIGNUP|"/password-signup"
17:16:45.0 (58234775)|HEAP_ALLOCATE|[60]|Bytes:9
17:16:45.0 (58242729)|VARIABLE_ASSIGNMENT|[60]|auConstantCmn.PAGE_ALIAS_SHOP_SCHEDULE|"/calendar"
17:16:45.0 (58246966)|HEAP_ALLOCATE|[60]|Bytes:11
17:16:45.0 (58254924)|VARIABLE_ASSIGNMENT|[60]|auConstantCmn.PAGE_ALIAS_SHOP_SCHEDULE_LIST|"/activities"
17:16:45.0 (58259209)|HEAP_ALLOCATE|[60]|Bytes:5
17:16:45.0 (58267138)|VARIABLE_ASSIGNMENT|[60]|auConstantCmn.PAGE_ALIAS_SHOP_STPD|"/STPD"
17:16:45.0 (58271184)|HEAP_ALLOCATE|[60]|Bytes:11
17:16:45.0 (58279210)|VARIABLE_ASSIGNMENT|[60]|auConstantCmn.PAGE_ALIAS_SHOP_TIMELINE_CX|"/timelineCX"
17:16:45.0 (58284330)|HEAP_ALLOCATE|[60]|Bytes:13
17:16:45.0 (58292553)|VARIABLE_ASSIGNMENT|[60]|auConstantCmn.PAGE_ALIAS_SHOP_TIMELINE_STPD|"/timelineSTPD"
17:16:45.0 (58297000)|HEAP_ALLOCATE|[60]|Bytes:27
17:16:45.0 (58306507)|VARIABLE_ASSIGNMENT|[60]|auConstantCmn.PAGE_VF_SHOP_CX|"/apex/auCXKnowledgeL (7 more) ..."
17:16:45.0 (58311346)|HEAP_ALLOCATE|[60]|Bytes:22
17:16:45.0 (58320607)|VARIABLE_ASSIGNMENT|[60]|auConstantCmn.PAGE_VF_SHOP_EVENTS|"/apex/auEventsListPa (2 more) ..."
17:16:45.0 (58325283)|HEAP_ALLOCATE|[60]|Bytes:21
17:16:45.0 (58334997)|VARIABLE_ASSIGNMENT|[60]|auConstantCmn.PAGE_VF_SHOP_FORGOTPW|"/auForgotPasswordPag (1 more) ..."
17:16:45.0 (58339608)|HEAP_ALLOCATE|[60]|Bytes:29
17:16:45.0 (58348917)|VARIABLE_ASSIGNMENT|[60]|auConstantCmn.PAGE_VF_SHOP_FORGOTPWCOMP|"/auForgotPasswordCom (9 more) ..."
17:16:45.0 (58353141)|HEAP_ALLOCATE|[60]|Bytes:24
17:16:45.0 (58362465)|VARIABLE_ASSIGNMENT|[60]|auConstantCmn.PAGE_VF_SHOP_HOME|"/apex/auSwitchScreen (4 more) ..."
17:16:45.0 (58367334)|HEAP_ALLOCATE|[60]|Bytes:12
17:16:45.0 (58376040)|VARIABLE_ASSIGNMENT|[60]|auConstantCmn.PAGE_VF_SHOP_LOGIN|"/auLoginPage"
17:16:45.0 (58380433)|HEAP_ALLOCATE|[60]|Bytes:13
17:16:45.0 (58395892)|VARIABLE_ASSIGNMENT|[60]|auConstantCmn.PAGE_VF_SHOP_LOGOUT|"/auLogoutPage"
17:16:45.0 (58400396)|HEAP_ALLOCATE|[60]|Bytes:21
17:16:45.0 (58410025)|VARIABLE_ASSIGNMENT|[60]|auConstantCmn.PAGE_VF_SHOP_PASSWORDSIGNUP|"/auPasswordSignupPag (1 more) ..."
17:16:45.0 (58414651)|HEAP_ALLOCATE|[60]|Bytes:16
17:16:45.0 (58423777)|VARIABLE_ASSIGNMENT|[60]|auConstantCmn.PAGE_VF_SHOP_SCHEDULE|"/apex/auSchedule"
17:16:45.0 (58428418)|HEAP_ALLOCATE|[60]|Bytes:20
17:16:45.0 (58437921)|VARIABLE_ASSIGNMENT|[60]|auConstantCmn.PAGE_VF_SHOP_SCHEDULE_LIST|"/apex/auScheduleList"
17:16:45.0 (58442521)|HEAP_ALLOCATE|[60]|Bytes:20
17:16:45.0 (58451549)|VARIABLE_ASSIGNMENT|[60]|auConstantCmn.PAGE_VF_SHOP_STPD|"/apex/auSTPDListPage"
17:16:45.0 (58455749)|HEAP_ALLOCATE|[60]|Bytes:31
17:16:45.0 (58466947)|VARIABLE_ASSIGNMENT|[60]|auConstantCmn.PAGE_VF_SHOP_TIMELINE_CX|"/apex/auCxKnowledgeT (11 more) ..."
17:16:45.0 (58471381)|HEAP_ALLOCATE|[60]|Bytes:24
17:16:45.0 (58481300)|VARIABLE_ASSIGNMENT|[60]|auConstantCmn.PAGE_VF_SHOP_TIMELINE_STPD|"/apex/auSTPDTimeline (4 more) ..."
17:16:45.0 (58486035)|HEAP_ALLOCATE|[60]|Bytes:55
17:16:45.0 (58496429)|VARIABLE_ASSIGNMENT|[60]|auConstantCmn.PASSWORD_SIGNUP_ERR_EXPIREDURL|"パスワードリセットの有効期限が切れていま (35 more) ..."
17:16:45.0 (58501017)|HEAP_ALLOCATE|[60]|Bytes:27
17:16:45.0 (58511277)|VARIABLE_ASSIGNMENT|[60]|auConstantCmn.PASSWORD_SIGNUP_ERR_INTERNAL|"内部エラーが発生しました。サイト管理者に (7 more) ..."
17:16:45.0 (58516060)|HEAP_ALLOCATE|[60]|Bytes:51
17:16:45.0 (58526666)|VARIABLE_ASSIGNMENT|[60]|auConstantCmn.PASSWORD_SIGNUP_ERR_INVALIDURL|"不正なパスワードリセットURLです。<b (31 more) ..."
17:16:45.0 (58531670)|HEAP_ALLOCATE|[60]|Bytes:15
17:16:45.0 (58541056)|VARIABLE_ASSIGNMENT|[60]|auConstantCmn.PASSWORD_SIGNUP_ERR_MESSAGE001|"パスワードを入力してください。"
17:16:45.0 (58546374)|HEAP_ALLOCATE|[60]|Bytes:19
17:16:45.0 (58555665)|VARIABLE_ASSIGNMENT|[60]|auConstantCmn.PASSWORD_SIGNUP_ERR_MESSAGE002|"確認用のパスワードを入力してください。"
17:16:45.0 (58560556)|HEAP_ALLOCATE|[60]|Bytes:27
17:16:45.0 (58570391)|VARIABLE_ASSIGNMENT|[60]|auConstantCmn.PASSWORD_SIGNUP_ERR_MESSAGE003|"8文字以上の英数字混在のパスワードを指定 (7 more) ..."
17:16:45.0 (58575072)|HEAP_ALLOCATE|[60]|Bytes:22
17:16:45.0 (58585433)|VARIABLE_ASSIGNMENT|[60]|auConstantCmn.PASSWORD_SIGNUP_ERR_MESSAGE004|"パスワードと確認用のパスワードが不一致で (2 more) ..."
17:16:45.0 (58590277)|HEAP_ALLOCATE|[60]|Bytes:21
17:16:45.0 (58600751)|VARIABLE_ASSIGNMENT|[60]|auConstantCmn.PASSWORD_SIGNUP_ERR_MESSAGE005|"以前利用したパスワードはご利用できません (1 more) ..."
17:16:45.0 (58605084)|HEAP_ALLOCATE|[60]|Bytes:46
17:16:45.0 (58615891)|VARIABLE_ASSIGNMENT|[60]|auConstantCmn.PASSWORD_SIGNUP_ERR_OLDURL|"以前のパスワードリセットURLは利用でき (26 more) ..."
17:16:45.0 (58621104)|HEAP_ALLOCATE|[60]|Bytes:14
17:16:45.0 (58630720)|VARIABLE_ASSIGNMENT|[60]|auConstantCmn.PROFILE_COMMUNITY_MANAGEMENT|"au ショップ - 運営法人"
17:16:45.0 (58635107)|HEAP_ALLOCATE|[60]|Bytes:15
17:16:45.0 (58644463)|VARIABLE_ASSIGNMENT|[60]|auConstantCmn.PROFILE_COMMUNITY_PRIMARY_AGENT|"au ショップ - 一次代理店"
17:16:45.0 (58649024)|HEAP_ALLOCATE|[60]|Bytes:12
17:16:45.0 (58658433)|VARIABLE_ASSIGNMENT|[60]|auConstantCmn.PROFILE_COMMUNITY_SHOP|"au ショップ - 店舗"
17:16:45.0 (58663261)|HEAP_ALLOCATE|[60]|Bytes:17
17:16:45.0 (58673269)|VARIABLE_ASSIGNMENT|[60]|auConstantCmn.PROFILE_EVOLVA_ADMIN_USER|"Evolva Admin User"
17:16:45.0 (58677933)|HEAP_ALLOCATE|[60]|Bytes:11
17:16:45.0 (58687413)|VARIABLE_ASSIGNMENT|[60]|auConstantCmn.PROFILE_EVOLVA_USER|"Evolva User"
17:16:45.0 (58692220)|HEAP_ALLOCATE|[60]|Bytes:9
17:16:45.0 (58701804)|VARIABLE_ASSIGNMENT|[60]|auConstantCmn.PROFILE_KDDI_BRANCH|"KDDI - 支店"
17:16:45.0 (58706525)|HEAP_ALLOCATE|[60]|Bytes:12
17:16:45.0 (58716399)|VARIABLE_ASSIGNMENT|[60]|auConstantCmn.PROFILE_KDDI_BRANCH_V2|"KDDI - 支店 v2"
17:16:45.0 (58721252)|HEAP_ALLOCATE|[60]|Bytes:9
17:16:45.0 (58730595)|VARIABLE_ASSIGNMENT|[60]|auConstantCmn.PROFILE_KDDI_HEADQUARTERS|"KDDI - 本部"
17:16:45.0 (58735424)|HEAP_ALLOCATE|[60]|Bytes:12
17:16:45.0 (58745235)|VARIABLE_ASSIGNMENT|[60]|auConstantCmn.PROFILE_KDDI_HEADQUARTERS_V2|"KDDI - 本部 v2"
17:16:45.0 (58749756)|HEAP_ALLOCATE|[60]|Bytes:29
17:16:45.0 (58760946)|VARIABLE_ASSIGNMENT|[60]|auConstantCmn.PROFILE_KDDI_KNOWLEDGE_ACTIVITIES|"KDDI - Knowledge & A (9 more) ..."
17:16:45.0 (58765756)|HEAP_ALLOCATE|[60]|Bytes:21
17:16:45.0 (58777087)|VARIABLE_ASSIGNMENT|[60]|auConstantCmn.PROFILE_KDDI_KNOWLEDGE_ONLY|"KDDI - Knowledge onl (1 more) ..."
17:16:45.0 (58782054)|HEAP_ALLOCATE|[60]|Bytes:9
17:16:45.0 (58792084)|VARIABLE_ASSIGNMENT|[60]|auConstantCmn.PROFILE_KDDI_REGIONAL_OFFICE|"KDDI - 支社"
17:16:45.0 (58796495)|HEAP_ALLOCATE|[60]|Bytes:12
17:16:45.0 (58806862)|VARIABLE_ASSIGNMENT|[60]|auConstantCmn.PROFILE_KDDI_REGIONAL_OFFICE_V2|"KDDI - 支社 v2"
17:16:45.0 (58811446)|HEAP_ALLOCATE|[60]|Bytes:13
17:16:45.0 (58821780)|VARIABLE_ASSIGNMENT|[60]|auConstantCmn.PROFILE_SA_USER_CSA|"SA User - CSA"
17:16:45.0 (58826282)|HEAP_ALLOCATE|[60]|Bytes:12
17:16:45.0 (58836322)|VARIABLE_ASSIGNMENT|[60]|auConstantCmn.PROFILE_SA_USER_SA|"SA User - SA"
17:16:45.0 (58840477)|HEAP_ALLOCATE|[60]|Bytes:12
17:16:45.0 (58850284)|VARIABLE_ASSIGNMENT|[60]|auConstantCmn.PROFILE_SYSADMIN_CUSTOM|"System Admin"
17:16:45.0 (58854642)|HEAP_ALLOCATE|[60]|Bytes:20
17:16:45.0 (58866002)|VARIABLE_ASSIGNMENT|[60]|auConstantCmn.PROFILE_SYSADMIN_DEFAULT_EN|"System Administrator"
17:16:45.0 (58870279)|HEAP_ALLOCATE|[60]|Bytes:7
17:16:45.0 (58880628)|VARIABLE_ASSIGNMENT|[60]|auConstantCmn.PROFILE_SYSADMIN_DEFAULT_JP|"システム管理者"
17:16:45.0 (58885824)|HEAP_ALLOCATE|[60]|Bytes:7
17:16:45.0 (58896177)|VARIABLE_ASSIGNMENT|[60]|auConstantCmn.ROLE_CODE_EVOLVA_HONBU|"E000000"
17:16:45.0 (58901079)|HEAP_ALLOCATE|[60]|Bytes:6
17:16:45.0 (58911000)|VARIABLE_ASSIGNMENT|[60]|auConstantCmn.ROLE_CODE_EVOLVA_SHISHA|"EKEV01"
17:16:45.0 (58915584)|HEAP_ALLOCATE|[60]|Bytes:8
17:16:45.0 (58926433)|VARIABLE_ASSIGNMENT|[60]|auConstantCmn.ROLE_CODE_EVOLVA_SHITEN|"EKEV0101"
17:16:45.0 (58931268)|HEAP_ALLOCATE|[60]|Bytes:7
17:16:45.0 (58941944)|VARIABLE_ASSIGNMENT|[60]|auConstantCmn.ROLE_CODE_HONBU|"C000000"
17:16:45.0 (58946368)|HEAP_ALLOCATE|[60]|Bytes:7
17:16:45.0 (58956526)|VARIABLE_ASSIGNMENT|[60]|auConstantCmn.ROLE_CODE_SA_HONBU|"S000000"
17:16:45.0 (58960789)|HEAP_ALLOCATE|[60]|Bytes:10
17:16:45.0 (58971923)|VARIABLE_ASSIGNMENT|[60]|auConstantCmn.USER_CLASSIFICATION_CONTRACTOR|"CONTRACTOR"
17:16:45.0 (58976088)|HEAP_ALLOCATE|[60]|Bytes:3
17:16:45.0 (58986340)|VARIABLE_ASSIGNMENT|[60]|auConstantCmn.USER_CLASSIFICATION_CSA|"CSA"
17:16:45.0 (58990499)|HEAP_ALLOCATE|[60]|Bytes:2
17:16:45.0 (59000893)|VARIABLE_ASSIGNMENT|[60]|auConstantCmn.USER_CLASSIFICATION_SA|"SA"
17:16:45.0 (59022415)|METHOD_ENTRY|[4]|01p6F0000084Osz|auConstantCmn.auConstantCmn()
17:16:45.0 (59031505)|STATEMENT_EXECUTE|[4]
17:16:45.0 (59036671)|STATEMENT_EXECUTE|[4]
17:16:45.0 (59482194)|SYSTEM_MODE_ENTER|false
17:16:45.0 (59517988)|HEAP_ALLOCATE|[60]|Bytes:5
17:16:45.0 (59545468)|SYSTEM_MODE_EXIT|false
17:16:45.0 (59565698)|METHOD_EXIT|[4]|auConstantCmn
17:16:45.0 (59676997)|VARIABLE_ASSIGNMENT|[EXTERNAL]|this|{"currentUser":"0x6e75f6fe","isSAUser":false,"iTypeOfScreen":0,"urlReportsSFA":"https://au-portal.li (77 more) ..."}|0x3883af4
17:16:45.0 (59759336)|VARIABLE_ASSIGNMENT|[EXTERNAL]|this|{"currentUser":"0x6e75f6fe","isSAUser":false,"iTypeOfScreen":0,"urlReportsSFA":"https://au-portal.li (77 more) ..."}|0x3883af4
17:16:45.0 (59821755)|VARIABLE_ASSIGNMENT|[EXTERNAL]|this|{"currentUser":"0x6e75f6fe","isSAUser":false,"iTypeOfScreen":0,"urlReportsSFA":"https://au-portal.li (77 more) ..."}|0x3883af4
17:16:45.0 (59852380)|HEAP_ALLOCATE|[60]|Bytes:5
17:16:45.0 (59883328)|VARIABLE_ASSIGNMENT|[60]|this.isSAUser|false|0x3883af4
17:16:45.0 (74129372)|SYSTEM_MODE_ENTER|true
17:16:45.0 (74227388)|HEAP_ALLOCATE|[EXTERNAL]|Bytes:260
17:16:45.0 (74239559)|HEAP_ALLOCATE|[EXTERNAL]|Bytes:52
17:16:45.0 (74258012)|METHOD_ENTRY|[1]|01p6F0000084OtZ|auSwitchScreenCtrl.auSwitchScreenCtrl()
17:16:45.0 (74265114)|STATEMENT_EXECUTE|[1]
17:16:45.0 (74271554)|STATEMENT_EXECUTE|[1]
17:16:45.0 (74278107)|SYSTEM_MODE_ENTER|false
17:16:45.0 (74290635)|HEAP_ALLOCATE|[EXTERNAL]|Bytes:5
17:16:45.0 (74297963)|SYSTEM_MODE_EXIT|false
17:16:45.0 (74307362)|METHOD_EXIT|[1]|auSwitchScreenCtrl
17:16:45.0 (74325470)|HEAP_ALLOCATE|[EXTERNAL]|Bytes:32
17:16:45.0 (74333886)|VARIABLE_SCOPE_BEGIN|[13]|this|auSwitchScreenCtrl|true|false
17:16:45.0 (74414002)|VARIABLE_ASSIGNMENT|[13]|this|{}|0x1ab865ec
17:16:45.0 (74437692)|SYSTEM_MODE_ENTER|false
17:16:45.0 (74448880)|HEAP_ALLOCATE|[15]|Bytes:5
17:16:45.0 (74455197)|STATEMENT_EXECUTE|[1]
17:16:45.0 (74459053)|HEAP_ALLOCATE|[15]|Bytes:5
17:16:45.0 (74462194)|STATEMENT_EXECUTE|[3]
17:16:45.0 (74464566)|STATEMENT_EXECUTE|[4]
17:16:45.0 (74466140)|STATEMENT_EXECUTE|[5]
17:16:45.0 (74467689)|STATEMENT_EXECUTE|[6]
17:16:45.0 (74469344)|STATEMENT_EXECUTE|[7]
17:16:45.0 (74471015)|STATEMENT_EXECUTE|[8]
17:16:45.0 (74472846)|STATEMENT_EXECUTE|[9]
17:16:45.0 (74504014)|STATEMENT_EXECUTE|[13]
17:16:45.0 (74506330)|STATEMENT_EXECUTE|[15]
17:16:45.0 (74606189)|HEAP_ALLOCATE|[15]|Bytes:28
17:16:45.0 (74653307)|HEAP_ALLOCATE|[15]|Bytes:617
17:16:45.0 (74688535)|HEAP_ALLOCATE|[15]|Bytes:10
17:16:45.0 (74712802)|VARIABLE_SCOPE_BEGIN|[15]|userAgent|String|false|false
17:16:45.0 (74732851)|VARIABLE_ASSIGNMENT|[15]|userAgent|"Mozilla/5.0 (Windows (94 more) ..."
17:16:45.0 (74738379)|STATEMENT_EXECUTE|[16]
17:16:45.0 (74742104)|HEAP_ALLOCATE|[16]|Bytes:6
17:16:45.0 (74828191)|VARIABLE_ASSIGNMENT|[EXTERNAL]|this|{}|0x1ab865ec
17:16:45.0 (74843845)|VARIABLE_ASSIGNMENT|[EXTERNAL]|value|false
17:16:45.0 (74852063)|HEAP_ALLOCATE|[9]|Bytes:5
17:16:45.0 (74861810)|VARIABLE_ASSIGNMENT|[9]|this.isIPhone|false|0x1ab865ec
17:16:45.0 (74871387)|STATEMENT_EXECUTE|[18]
17:16:45.0 (74874839)|HEAP_ALLOCATE|[18]|Bytes:54
17:16:45.0 (74889507)|HEAP_ALLOCATE|[18]|Bytes:4
17:16:45.0 (74904867)|METHOD_ENTRY|[20]||System.UserInfo.getUserId()
17:16:45.0 (74932559)|METHOD_EXIT|[20]||System.UserInfo.getUserId()
17:16:45.0 (75213199)|SOQL_EXECUTE_BEGIN|[18]|Aggregations:0|SELECT Profile.Name FROM User WHERE User.ID = :tmpVar1
17:16:45.0 (80296227)|SOQL_EXECUTE_END|[18]|Rows:1
17:16:45.0 (80332770)|HEAP_ALLOCATE|[18]|Bytes:8
17:16:45.0 (80358184)|HEAP_ALLOCATE|[18]|Bytes:127
17:16:45.0 (80402997)|HEAP_ALLOCATE|[18]|Bytes:8
17:16:45.0 (80443610)|HEAP_ALLOCATE|[18]|Bytes:16
17:16:45.0 (80458409)|VARIABLE_SCOPE_BEGIN|[18]|currentUser|User|true|false
17:16:45.0 (80510217)|VARIABLE_ASSIGNMENT|[18]|currentUser|{"ProfileId":"00e6F000002RS1oQAG","Id":"0056F000006PtYlQAK","Profile":{"Name":"System Administrator","Id":"00e6F000002RS1oQAG"}}|0x2173c863
17:16:45.0 (80522449)|STATEMENT_EXECUTE|[22]
17:16:45.0 (80734732)|VARIABLE_ASSIGNMENT|[EXTERNAL]|this|{"isIPhone":false}|0x1ab865ec
17:16:45.0 (80757964)|VARIABLE_ASSIGNMENT|[EXTERNAL]|value|false
17:16:45.0 (80771441)|HEAP_ALLOCATE|[3]|Bytes:5
17:16:45.0 (80785191)|VARIABLE_ASSIGNMENT|[3]|this.isCommunityUser|false|0x1ab865ec
17:16:45.0 (80801810)|STATEMENT_EXECUTE|[26]
17:16:45.0 (80928385)|VARIABLE_ASSIGNMENT|[EXTERNAL]|this|{"isCommunityUser":false,"isIPhone":false}|0x1ab865ec
17:16:45.0 (80947610)|VARIABLE_ASSIGNMENT|[EXTERNAL]|value|true
17:16:45.0 (80958618)|HEAP_ALLOCATE|[4]|Bytes:5
17:16:45.0 (80969833)|VARIABLE_ASSIGNMENT|[4]|this.isSystemAdministrator|true|0x1ab865ec
17:16:45.0 (80984847)|STATEMENT_EXECUTE|[30]
17:16:45.0 (81042691)|VARIABLE_ASSIGNMENT|[EXTERNAL]|this|{"isCommunityUser":false,"isIPhone":false,"isSystemAdministrator":true}|0x1ab865ec
17:16:45.0 (81106535)|VARIABLE_ASSIGNMENT|[EXTERNAL]|this|{"isCommunityUser":false,"isIPhone":false,"isSystemAdministrator":true}|0x1ab865ec
17:16:45.0 (81125019)|VARIABLE_ASSIGNMENT|[EXTERNAL]|value|true
17:16:45.0 (81135038)|HEAP_ALLOCATE|[5]|Bytes:5
17:16:45.0 (81146579)|VARIABLE_ASSIGNMENT|[5]|this.isKDDIUser|true|0x1ab865ec
17:16:45.0 (81160866)|STATEMENT_EXECUTE|[38]
17:16:45.0 (81293907)|VARIABLE_ASSIGNMENT|[EXTERNAL]|this|{"isCommunityUser":false,"isIPhone":false,"isKDDIUser":true,"isSystemAdministrator":true}|0x1ab865ec
17:16:45.0 (81313488)|VARIABLE_ASSIGNMENT|[EXTERNAL]|value|false
17:16:45.0 (81324131)|HEAP_ALLOCATE|[6]|Bytes:5
17:16:45.0 (81335052)|VARIABLE_ASSIGNMENT|[6]|this.isSAorEvolvaUser|false|0x1ab865ec
17:16:45.0 (81349813)|STATEMENT_EXECUTE|[43]
17:16:45.0 (81435411)|VARIABLE_ASSIGNMENT|[EXTERNAL]|this|{"isCommunityUser":false,"isIPhone":false,"isKDDIUser":true,"isSAorEvolvaUser":false,"isSystemAdministrator":true}|0x1ab865ec
17:16:45.0 (81455019)|VARIABLE_ASSIGNMENT|[EXTERNAL]|value|false
17:16:45.0 (81464932)|HEAP_ALLOCATE|[7]|Bytes:5
17:16:45.0 (81475645)|VARIABLE_ASSIGNMENT|[7]|this.isKDDIKnowledgeOnly|false|0x1ab865ec
17:16:45.0 (81489957)|STATEMENT_EXECUTE|[45]
17:16:45.0 (81577165)|VARIABLE_ASSIGNMENT|[EXTERNAL]|this|{"isCommunityUser":false,"isIPhone":false,"isKDDIKnowledgeOnly":false,"isKDDIUser":true,"isSAorEvolvaUser":false,"isSystemAdministrator":true}|0x1ab865ec
17:16:45.0 (81595775)|VARIABLE_ASSIGNMENT|[EXTERNAL]|value|false
17:16:45.0 (81605409)|HEAP_ALLOCATE|[8]|Bytes:5
17:16:45.0 (81615809)|VARIABLE_ASSIGNMENT|[8]|this.isKDDIKnowledgeActivities|false|0x1ab865ec
17:16:45.0 (81633689)|SYSTEM_MODE_EXIT|false
17:16:45.0 (81778526)|HEAP_ALLOCATE|[EXTERNAL]|Bytes:32
17:16:45.0 (81793826)|VARIABLE_SCOPE_BEGIN|[50]|this|auSwitchScreenCtrl|true|false
17:16:45.0 (81837881)|VARIABLE_ASSIGNMENT|[50]|this|{"isCommunityUser":false,"isIPhone":false,"isKDDIKnowledgeActivities":false,"isKDDIKnowledgeOnly":false,"isKDDIUser":true,"isSAorEvolvaUser":false,"isSystemAdministrator":true}|0x1ab865ec
17:16:45.0 (81862013)|SYSTEM_MODE_ENTER|false
17:16:45.0 (81872474)|HEAP_ALLOCATE|[52]|Bytes:5
17:16:45.0 (81879777)|STATEMENT_EXECUTE|[50]
17:16:45.0 (81882737)|STATEMENT_EXECUTE|[52]
17:16:45.0 (81887914)|HEAP_ALLOCATE|[52]|Bytes:63
17:16:45.0 (81911851)|HEAP_ALLOCATE|[52]|Bytes:4
17:16:45.0 (81933545)|METHOD_ENTRY|[54]||System.UserInfo.getUserId()
17:16:45.0 (81971438)|METHOD_EXIT|[54]||System.UserInfo.getUserId()
17:16:45.0 (82261828)|SOQL_EXECUTE_BEGIN|[52]|Aggregations:0|SELECT ForcePasswordReset__c FROM User WHERE User.ID = :tmpVar1
17:16:45.0 (85462438)|SOQL_EXECUTE_END|[52]|Rows:1
17:16:45.0 (85486964)|HEAP_ALLOCATE|[52]|Bytes:8
17:16:45.0 (85502139)|HEAP_ALLOCATE|[52]|Bytes:58
17:16:45.0 (85535492)|HEAP_ALLOCATE|[52]|Bytes:8
17:16:45.0 (85565318)|HEAP_ALLOCATE|[52]|Bytes:12
17:16:45.0 (85574837)|VARIABLE_SCOPE_BEGIN|[52]|currentUser|User|true|false
17:16:45.0 (85603102)|VARIABLE_ASSIGNMENT|[52]|currentUser|{"ForcePasswordReset__c":false,"Id":"0056F000006PtYlQAK"}|0x7a18456a
17:16:45.0 (85642345)|STATEMENT_EXECUTE|[56]
17:16:45.0 (85709702)|VARIABLE_ASSIGNMENT|[EXTERNAL]|this|{"isCommunityUser":false,"isIPhone":false,"isKDDIKnowledgeActivities":false,"isKDDIKnowledgeOnly":false,"isKDDIUser":true,"isSAorEvolvaUser":false,"isSystemAdministrator":true}|0x1ab865ec
17:16:45.0 (85729573)|STATEMENT_EXECUTE|[61]
17:16:45.0 (85731842)|STATEMENT_EXECUTE|[66]
17:16:45.0 (85738267)|SYSTEM_MODE_EXIT|false
17:16:45.0 (86203803)|SYSTEM_MODE_ENTER|true
17:16:45.0 (86230122)|HEAP_ALLOCATE|[EXTERNAL]|Bytes:44
17:16:45.0 (86238458)|VARIABLE_SCOPE_BEGIN|[48]|this|auMainTopCompCtrl|true|false
17:16:45.0 (86277166)|VARIABLE_ASSIGNMENT|[48]|this|{}|0x2f87dba
17:16:45.0 (86286943)|STATEMENT_EXECUTE|[1]
17:16:45.0 (86289119)|STATEMENT_EXECUTE|[29]
17:16:45.0 (86290997)|STATEMENT_EXECUTE|[30]
17:16:45.0 (86292723)|STATEMENT_EXECUTE|[31]
17:16:45.0 (86294366)|STATEMENT_EXECUTE|[34]
17:16:45.0 (86296145)|STATEMENT_EXECUTE|[35]
17:16:45.0 (86297741)|STATEMENT_EXECUTE|[36]
17:16:45.0 (86299385)|STATEMENT_EXECUTE|[38]
17:16:45.0 (86301014)|STATEMENT_EXECUTE|[39]
17:16:45.0 (86302565)|STATEMENT_EXECUTE|[41]
17:16:45.0 (86304254)|STATEMENT_EXECUTE|[46]
17:16:45.0 (86311485)|HEAP_ALLOCATE|[46]|Bytes:5
17:16:45.0 (86321659)|VARIABLE_ASSIGNMENT|[46]|this.isSAUser|false|0x2f87dba
17:16:45.0 (86346792)|STATEMENT_EXECUTE|[48]
17:16:45.0 (86348844)|STATEMENT_EXECUTE|[49]
17:16:45.0 (86378162)|VARIABLE_ASSIGNMENT|[EXTERNAL]|this|{"isSAUser":false}|0x2f87dba
17:16:45.0 (86390951)|VARIABLE_ASSIGNMENT|[EXTERNAL]|value|0
17:16:45.0 (86396750)|HEAP_ALLOCATE|[34]|Bytes:4
17:16:45.0 (86404568)|VARIABLE_ASSIGNMENT|[34]|this.iTypeOfScreen|0|0x2f87dba
17:16:45.0 (86414601)|STATEMENT_EXECUTE|[51]
17:16:45.0 (86602829)|HEAP_ALLOCATE|[51]|Bytes:156
17:16:45.0 (86654619)|VARIABLE_ASSIGNMENT|[EXTERNAL]|this|{"isSAUser":false,"iTypeOfScreen":0}|0x2f87dba
17:16:45.0 (86668367)|VARIABLE_ASSIGNMENT|[EXTERNAL]|value|"https://au-portal.li (77 more) ..."
17:16:45.0 (86690099)|VARIABLE_ASSIGNMENT|[39]|this.urlReportsSFA|"https://au-portal.li (77 more) ..."|0x2f87dba
17:16:45.0 (86699853)|STATEMENT_EXECUTE|[53]
17:16:45.0 (86716450)|HEAP_ALLOCATE|[53]|Bytes:4
17:16:45.0 (86729753)|METHOD_ENTRY|[58]||System.UserInfo.getUserId()
17:16:45.0 (86746749)|METHOD_EXIT|[58]||System.UserInfo.getUserId()
17:16:45.0 (87245986)|SOQL_EXECUTE_BEGIN|[53]|Aggregations:0|SELECT SmallPhotoUrl, Account.Name, Account.RegionalOfficeId__r.RegionalOfficeName__c, Account.BranchId__r.BranchName__c, Name, Department, UserRole.Name, Profile.Name FROM User WHERE User.ID = :tmpVar1
17:16:45.0 (94938570)|SOQL_EXECUTE_END|[53]|Rows:1
17:16:45.0 (94975687)|HEAP_ALLOCATE|[53]|Bytes:8
17:16:45.0 (95009886)|HEAP_ALLOCATE|[53]|Bytes:276
17:16:45.0 (95065476)|HEAP_ALLOCATE|[53]|Bytes:8
17:16:45.0 (95110431)|HEAP_ALLOCATE|[53]|Bytes:32
17:16:45.0 (95243334)|VARIABLE_ASSIGNMENT|[EXTERNAL]|this|{"isSAUser":false,"iTypeOfScreen":0,"urlReportsSFA":"https://au-portal.li (77 more) ..."}|0x2f87dba
17:16:45.0 (95279780)|VARIABLE_ASSIGNMENT|[EXTERNAL]|value|{"SmallPhotoUrl":"/profilephoto/005/T","Name":"auPortal システム開発","UserRoleId":"00E6F000001SEaUUAW","ProfileId":"00e6F000002RS1oQAG","Id":"0056F000006PtYlQAK","UserRole":{"Name":"コンシューマ事業本部","Id":"00E6F000001SEaUUAW"},"Profile":{"Name":"System Administrator","Id":"00e6F000002RS1oQAG"}}|0x6ab6130b
17:16:45.0 (95313960)|VARIABLE_ASSIGNMENT|[38]|this.currentUser|{"SmallPhotoUrl":"/profilephoto/005/T","Name":"auPortal システム開発","UserRoleId":"00E6F000001SEaUUAW","ProfileId":"00e6F000002RS1oQAG","Id":"0056F000006PtYlQAK","UserRole":{"Name":"コンシューマ事業本部","Id":"00E6F000001SEaUUAW"},"Profile":{"Name":"System Administrator","Id":"00e6F000002RS1oQAG"}}|0x2f87dba
17:16:45.0 (95332747)|STATEMENT_EXECUTE|[60]
17:16:45.0 (95368465)|VARIABLE_ASSIGNMENT|[EXTERNAL]|this|{"currentUser":"0x6ab6130b","isSAUser":false,"iTypeOfScreen":0,"urlReportsSFA":"https://au-portal.li (77 more) ..."}|0x2f87dba
17:16:45.0 (95474352)|VARIABLE_ASSIGNMENT|[EXTERNAL]|this|{"currentUser":"0x6ab6130b","isSAUser":false,"iTypeOfScreen":0,"urlReportsSFA":"https://au-portal.li (77 more) ..."}|0x2f87dba
17:16:45.0 (95531488)|VARIABLE_ASSIGNMENT|[EXTERNAL]|this|{"currentUser":"0x6ab6130b","isSAUser":false,"iTypeOfScreen":0,"urlReportsSFA":"https://au-portal.li (77 more) ..."}|0x2f87dba
17:16:45.0 (95579408)|VARIABLE_ASSIGNMENT|[EXTERNAL]|this|{"currentUser":"0x6ab6130b","isSAUser":false,"iTypeOfScreen":0,"urlReportsSFA":"https://au-portal.li (77 more) ..."}|0x2f87dba
17:16:45.0 (95612297)|HEAP_ALLOCATE|[60]|Bytes:5
17:16:45.0 (95623731)|VARIABLE_ASSIGNMENT|[60]|this.isSAUser|false|0x2f87dba
17:16:45.0 (96123498)|SYSTEM_MODE_ENTER|true
17:16:45.0 (96155246)|HEAP_ALLOCATE|[EXTERNAL]|Bytes:44
17:16:45.0 (96221894)|VARIABLE_ASSIGNMENT|[EXTERNAL]|this.iCountComments|null|0x2f87dba
17:16:45.0 (96313032)|SYSTEM_MODE_ENTER|true
17:16:45.0 (96341292)|HEAP_ALLOCATE|[EXTERNAL]|Bytes:44
17:16:45.0 (96353628)|VARIABLE_ASSIGNMENT|[EXTERNAL]|this.iCountLikes|null|0x2f87dba
17:16:45.0 (96574712)|SYSTEM_MODE_ENTER|true
17:16:45.0 (96653071)|HEAP_ALLOCATE|[EXTERNAL]|Bytes:32
17:16:45.0 (96670662)|VARIABLE_SCOPE_BEGIN|[11]|this|auSwitchScreenCtrl|true|false
17:16:45.0 (96716720)|VARIABLE_ASSIGNMENT|[11]|this|{"isCommunityUser":false,"isIPhone":false,"isKDDIKnowledgeActivities":false,"isKDDIKnowledgeOnly":false,"isKDDIUser":true,"isSAorEvolvaUser":false,"isSystemAdministrator":true}|0x1ab865ec
17:16:45.0 (96736838)|SYSTEM_MODE_ENTER|false
17:16:45.0 (96746038)|HEAP_ALLOCATE|[11]|Bytes:5
17:16:45.0 (96752017)|STATEMENT_EXECUTE|[11]
17:16:45.0 (96754262)|STATEMENT_EXECUTE|[11]
17:16:45.0 (96766153)|SYSTEM_MODE_EXIT|false
17:16:45.0 (96848725)|SYSTEM_MODE_ENTER|true
17:16:45.0 (96870799)|HEAP_ALLOCATE|[EXTERNAL]|Bytes:8
17:16:45.0 (96876359)|HEAP_ALLOCATE|[EXTERNAL]|Bytes:44
17:16:45.0 (96885567)|VARIABLE_ASSIGNMENT|[EXTERNAL]|this.iTypeOfScreen|0|0x2f87dba
17:16:45.0 (97034126)|SYSTEM_MODE_ENTER|true
17:16:45.0 (97085082)|HEAP_ALLOCATE|[EXTERNAL]|Bytes:44
17:16:45.0 (97094380)|VARIABLE_SCOPE_BEGIN|[204]|this|auMainTopCompCtrl|true|false
17:16:45.0 (97134041)|VARIABLE_ASSIGNMENT|[204]|this|{"currentUser":"0x6ab6130b","isSAUser":false,"iTypeOfScreen":0,"urlReportsSFA":"https://au-portal.li (77 more) ..."}|0x2f87dba
17:16:45.0 (97145732)|STATEMENT_EXECUTE|[204]
17:16:45.0 (97204005)|VARIABLE_ASSIGNMENT|[EXTERNAL]|this|{"currentUser":"0x6ab6130b","isSAUser":false,"iTypeOfScreen":0,"urlReportsSFA":"https://au-portal.li (77 more) ..."}|0x2f87dba
17:16:45.0 (97257784)|VARIABLE_ASSIGNMENT|[EXTERNAL]|this|{"currentUser":"0x6ab6130b","isSAUser":false,"iTypeOfScreen":0,"urlReportsSFA":"https://au-portal.li (77 more) ..."}|0x2f87dba
17:16:45.0 (97295246)|VARIABLE_ASSIGNMENT|[EXTERNAL]|this|{"currentUser":"0x6ab6130b","isSAUser":false,"iTypeOfScreen":0,"urlReportsSFA":"https://au-portal.li (77 more) ..."}|0x2f87dba
17:16:45.0 (97337425)|VARIABLE_ASSIGNMENT|[EXTERNAL]|this|{"currentUser":"0x6ab6130b","isSAUser":false,"iTypeOfScreen":0,"urlReportsSFA":"https://au-portal.li (77 more) ..."}|0x2f87dba
17:16:45.0 (97373363)|VARIABLE_ASSIGNMENT|[EXTERNAL]|this|{"currentUser":"0x6ab6130b","isSAUser":false,"iTypeOfScreen":0,"urlReportsSFA":"https://au-portal.li (77 more) ..."}|0x2f87dba
17:16:45.0 (97385820)|STATEMENT_EXECUTE|[213]
17:16:45.0 (97388105)|STATEMENT_EXECUTE|[214]
17:16:45.0 (97474160)|SYSTEM_MODE_ENTER|true
17:16:45.0 (97515129)|HEAP_ALLOCATE|[EXTERNAL]|Bytes:44
17:16:45.0 (97523820)|VARIABLE_SCOPE_BEGIN|[218]|this|auMainTopCompCtrl|true|false
17:16:45.0 (97558532)|VARIABLE_ASSIGNMENT|[218]|this|{"currentUser":"0x6ab6130b","isSAUser":false,"iTypeOfScreen":0,"urlReportsSFA":"https://au-portal.li (77 more) ..."}|0x2f87dba
17:16:45.0 (97568443)|STATEMENT_EXECUTE|[218]
17:16:45.0 (97608195)|VARIABLE_ASSIGNMENT|[EXTERNAL]|this|{"currentUser":"0x6ab6130b","isSAUser":false,"iTypeOfScreen":0,"urlReportsSFA":"https://au-portal.li (77 more) ..."}|0x2f87dba
17:16:45.0 (97650804)|VARIABLE_ASSIGNMENT|[EXTERNAL]|this|{"currentUser":"0x6ab6130b","isSAUser":false,"iTypeOfScreen":0,"urlReportsSFA":"https://au-portal.li (77 more) ..."}|0x2f87dba
17:16:45.0 (97684843)|VARIABLE_ASSIGNMENT|[EXTERNAL]|this|{"currentUser":"0x6ab6130b","isSAUser":false,"iTypeOfScreen":0,"urlReportsSFA":"https://au-portal.li (77 more) ..."}|0x2f87dba
17:16:45.0 (97723345)|VARIABLE_ASSIGNMENT|[EXTERNAL]|this|{"currentUser":"0x6ab6130b","isSAUser":false,"iTypeOfScreen":0,"urlReportsSFA":"https://au-portal.li (77 more) ..."}|0x2f87dba
17:16:45.0 (97757555)|VARIABLE_ASSIGNMENT|[EXTERNAL]|this|{"currentUser":"0x6ab6130b","isSAUser":false,"iTypeOfScreen":0,"urlReportsSFA":"https://au-portal.li (77 more) ..."}|0x2f87dba
17:16:45.0 (97768962)|STATEMENT_EXECUTE|[227]
17:16:45.0 (97770962)|STATEMENT_EXECUTE|[228]
17:16:45.0 (99096454)|SYSTEM_MODE_ENTER|true
17:16:45.0 (101736553)|SYSTEM_MODE_ENTER|true
17:16:45.0 (101800960)|HEAP_ALLOCATE|[EXTERNAL]|Bytes:44
17:16:45.0 (101812953)|VARIABLE_SCOPE_BEGIN|[67]|this|auMainTopCompCtrl|true|false
17:16:45.0 (101873678)|VARIABLE_ASSIGNMENT|[67]|this|{"currentUser":"0x6ab6130b","isSAUser":false,"iTypeOfScreen":0,"urlReportsSFA":"https://au-portal.li (77 more) ..."}|0x2f87dba
17:16:45.0 (101887287)|STATEMENT_EXECUTE|[67]
17:16:45.0 (101889645)|STATEMENT_EXECUTE|[68]
17:16:45.0 (101940197)|VARIABLE_ASSIGNMENT|[EXTERNAL]|this|{"currentUser":"0x6ab6130b","isSAUser":false,"iTypeOfScreen":0,"urlReportsSFA":"https://au-portal.li (77 more) ..."}|0x2f87dba
17:16:45.0 (101994005)|VARIABLE_ASSIGNMENT|[EXTERNAL]|this|{"currentUser":"0x6ab6130b","isSAUser":false,"iTypeOfScreen":0,"urlReportsSFA":"https://au-portal.li (77 more) ..."}|0x2f87dba
17:16:45.0 (102039217)|VARIABLE_ASSIGNMENT|[EXTERNAL]|this|{"currentUser":"0x6ab6130b","isSAUser":false,"iTypeOfScreen":0,"urlReportsSFA":"https://au-portal.li (77 more) ..."}|0x2f87dba
17:16:45.0 (102059637)|HEAP_ALLOCATE|[68]|Bytes:5
17:16:45.0 (102147622)|SYSTEM_MODE_ENTER|true
17:16:45.0 (102189739)|HEAP_ALLOCATE|[EXTERNAL]|Bytes:44
17:16:45.0 (102198662)|VARIABLE_SCOPE_BEGIN|[73]|this|auMainTopCompCtrl|true|false
17:16:45.0 (102234523)|VARIABLE_ASSIGNMENT|[73]|this|{"currentUser":"0x6ab6130b","isSAUser":false,"iTypeOfScreen":0,"urlReportsSFA":"https://au-portal.li (77 more) ..."}|0x2f87dba
17:16:45.0 (102245382)|STATEMENT_EXECUTE|[73]
17:16:45.0 (102247529)|STATEMENT_EXECUTE|[74]
17:16:45.0 (102286321)|VARIABLE_ASSIGNMENT|[EXTERNAL]|this|{"currentUser":"0x6ab6130b","isSAUser":false,"iTypeOfScreen":0,"urlReportsSFA":"https://au-portal.li (77 more) ..."}|0x2f87dba
17:16:45.0 (102330850)|VARIABLE_ASSIGNMENT|[EXTERNAL]|this|{"currentUser":"0x6ab6130b","isSAUser":false,"iTypeOfScreen":0,"urlReportsSFA":"https://au-portal.li (77 more) ..."}|0x2f87dba
17:16:45.0 (102347545)|HEAP_ALLOCATE|[74]|Bytes:5
17:16:45.0 (102422016)|SYSTEM_MODE_ENTER|true
17:16:45.0 (102461370)|HEAP_ALLOCATE|[EXTERNAL]|Bytes:44
17:16:45.0 (102469857)|VARIABLE_SCOPE_BEGIN|[83]|this|auMainTopCompCtrl|true|false
17:16:45.0 (102525147)|VARIABLE_ASSIGNMENT|[83]|this|{"currentUser":"0x6ab6130b","isSAUser":false,"iTypeOfScreen":0,"urlReportsSFA":"https://au-portal.li (77 more) ..."}|0x2f87dba
17:16:45.0 (102544427)|STATEMENT_EXECUTE|[83]
17:16:45.0 (102547510)|STATEMENT_EXECUTE|[84]
17:16:45.0 (102611289)|VARIABLE_ASSIGNMENT|[EXTERNAL]|this|{"currentUser":"0x6ab6130b","isSAUser":false,"iTypeOfScreen":0,"urlReportsSFA":"https://au-portal.li (77 more) ..."}|0x2f87dba
17:16:45.0 (102688493)|VARIABLE_ASSIGNMENT|[EXTERNAL]|this|{"currentUser":"0x6ab6130b","isSAUser":false,"iTypeOfScreen":0,"urlReportsSFA":"https://au-portal.li (77 more) ..."}|0x2f87dba
17:16:45.0 (102710444)|HEAP_ALLOCATE|[84]|Bytes:5
17:16:45.0 (102789400)|SYSTEM_MODE_ENTER|true
17:16:45.0 (102830552)|HEAP_ALLOCATE|[EXTERNAL]|Bytes:44
17:16:45.0 (102839553)|VARIABLE_SCOPE_BEGIN|[100]|this|auMainTopCompCtrl|true|false
17:16:45.0 (102874513)|VARIABLE_ASSIGNMENT|[100]|this|{"currentUser":"0x6ab6130b","isSAUser":false,"iTypeOfScreen":0,"urlReportsSFA":"https://au-portal.li (77 more) ..."}|0x2f87dba
17:16:45.0 (102885122)|STATEMENT_EXECUTE|[100]
17:16:45.0 (102887247)|STATEMENT_EXECUTE|[101]
17:16:45.0 (102925431)|VARIABLE_ASSIGNMENT|[EXTERNAL]|this|{"currentUser":"0x6ab6130b","isSAUser":false,"iTypeOfScreen":0,"urlReportsSFA":"https://au-portal.li (77 more) ..."}|0x2f87dba
17:16:45.0 (102975214)|VARIABLE_ASSIGNMENT|[EXTERNAL]|this|{"currentUser":"0x6ab6130b","isSAUser":false,"iTypeOfScreen":0,"urlReportsSFA":"https://au-portal.li (77 more) ..."}|0x2f87dba
17:16:45.0 (103022197)|VARIABLE_ASSIGNMENT|[EXTERNAL]|this|{"currentUser":"0x6ab6130b","isSAUser":false,"iTypeOfScreen":0,"urlReportsSFA":"https://au-portal.li (77 more) ..."}|0x2f87dba
17:16:45.0 (103039837)|HEAP_ALLOCATE|[101]|Bytes:5
17:16:45.0 (103151816)|SYSTEM_MODE_ENTER|true
17:16:45.0 (103197744)|HEAP_ALLOCATE|[EXTERNAL]|Bytes:32
17:16:45.0 (103210749)|VARIABLE_SCOPE_BEGIN|[69]|this|auSwitchScreenCtrl|true|false
17:16:45.0 (103258976)|VARIABLE_ASSIGNMENT|[69]|this|{"isCommunityUser":false,"isIPhone":false,"isKDDIKnowledgeActivities":false,"isKDDIKnowledgeOnly":false,"isKDDIUser":true,"isSAorEvolvaUser":false,"isSystemAdministrator":true}|0x1ab865ec
17:16:45.0 (103277416)|SYSTEM_MODE_ENTER|false
17:16:45.0 (103284985)|HEAP_ALLOCATE|[71]|Bytes:5
17:16:45.0 (103289960)|STATEMENT_EXECUTE|[69]
17:16:45.0 (103292122)|STATEMENT_EXECUTE|[71]
17:16:45.0 (103340768)|VARIABLE_ASSIGNMENT|[EXTERNAL]|this|{"isCommunityUser":false,"isIPhone":false,"isKDDIKnowledgeActivities":false,"isKDDIKnowledgeOnly":false,"isKDDIUser":true,"isSAorEvolvaUser":false,"isSystemAdministrator":true}|0x1ab865ec
17:16:45.0 (103359872)|HEAP_ALLOCATE|[71]|Bytes:5
17:16:45.0 (103366821)|SYSTEM_MODE_EXIT|false
17:16:45.0 (103373571)|HEAP_ALLOCATE|[71]|Bytes:5
17:16:45.0 (103514145)|SYSTEM_MODE_ENTER|true
17:16:45.0 (103569138)|HEAP_ALLOCATE|[EXTERNAL]|Bytes:32
17:16:45.0 (103582758)|VARIABLE_SCOPE_BEGIN|[75]|this|auSwitchScreenCtrl|true|false
17:16:45.0 (103631076)|VARIABLE_ASSIGNMENT|[75]|this|{"isCommunityUser":false,"isIPhone":false,"isKDDIKnowledgeActivities":false,"isKDDIKnowledgeOnly":false,"isKDDIUser":true,"isSAorEvolvaUser":false,"isSystemAdministrator":true}|0x1ab865ec
17:16:45.0 (103654253)|SYSTEM_MODE_ENTER|false
17:16:45.0 (103665960)|HEAP_ALLOCATE|[77]|Bytes:5
17:16:45.0 (103673744)|STATEMENT_EXECUTE|[75]
17:16:45.0 (103676399)|STATEMENT_EXECUTE|[77]
17:16:45.0 (103737749)|VARIABLE_ASSIGNMENT|[EXTERNAL]|this|{"isCommunityUser":false,"isIPhone":false,"isKDDIKnowledgeActivities":false,"isKDDIKnowledgeOnly":false,"isKDDIUser":true,"isSAorEvolvaUser":false,"isSystemAdministrator":true}|0x1ab865ec
17:16:45.0 (103806872)|VARIABLE_ASSIGNMENT|[EXTERNAL]|this|{"isCommunityUser":false,"isIPhone":false,"isKDDIKnowledgeActivities":false,"isKDDIKnowledgeOnly":false,"isKDDIUser":true,"isSAorEvolvaUser":false,"isSystemAdministrator":true}|0x1ab865ec
17:16:45.0 (103857940)|HEAP_ALLOCATE|[77]|Bytes:5
17:16:45.0 (103870529)|SYSTEM_MODE_EXIT|false
17:16:45.0 (103879783)|HEAP_ALLOCATE|[77]|Bytes:5
17:16:45.0 (104012178)|SYSTEM_MODE_ENTER|true
17:16:45.0 (104098094)|HEAP_ALLOCATE|[EXTERNAL]|Bytes:32
17:16:45.0 (104114031)|VARIABLE_SCOPE_BEGIN|[81]|this|auSwitchScreenCtrl|true|false
17:16:45.0 (104161373)|VARIABLE_ASSIGNMENT|[81]|this|{"isCommunityUser":false,"isIPhone":false,"isKDDIKnowledgeActivities":false,"isKDDIKnowledgeOnly":false,"isKDDIUser":true,"isSAorEvolvaUser":false,"isSystemAdministrator":true}|0x1ab865ec
17:16:45.0 (104184958)|SYSTEM_MODE_ENTER|false
17:16:45.0 (104195169)|HEAP_ALLOCATE|[83]|Bytes:5
17:16:45.0 (104202379)|STATEMENT_EXECUTE|[81]
17:16:45.0 (104204819)|STATEMENT_EXECUTE|[83]
17:16:45.0 (104283660)|VARIABLE_ASSIGNMENT|[EXTERNAL]|this|{"isCommunityUser":false,"isIPhone":false,"isKDDIKnowledgeActivities":false,"isKDDIKnowledgeOnly":false,"isKDDIUser":true,"isSAorEvolvaUser":false,"isSystemAdministrator":true}|0x1ab865ec
17:16:45.0 (104352206)|VARIABLE_ASSIGNMENT|[EXTERNAL]|this|{"isCommunityUser":false,"isIPhone":false,"isKDDIKnowledgeActivities":false,"isKDDIKnowledgeOnly":false,"isKDDIUser":true,"isSAorEvolvaUser":false,"isSystemAdministrator":true}|0x1ab865ec
17:16:45.0 (104377856)|HEAP_ALLOCATE|[83]|Bytes:5
17:16:45.0 (104387900)|SYSTEM_MODE_EXIT|false
17:16:45.0 (104396728)|HEAP_ALLOCATE|[83]|Bytes:5
17:16:45.0 (104547014)|SYSTEM_MODE_ENTER|true
17:16:45.0 (104605948)|HEAP_ALLOCATE|[EXTERNAL]|Bytes:32
17:16:45.0 (104620091)|VARIABLE_SCOPE_BEGIN|[99]|this|auSwitchScreenCtrl|true|false
17:16:45.0 (104669168)|VARIABLE_ASSIGNMENT|[99]|this|{"isCommunityUser":false,"isIPhone":false,"isKDDIKnowledgeActivities":false,"isKDDIKnowledgeOnly":false,"isKDDIUser":true,"isSAorEvolvaUser":false,"isSystemAdministrator":true}|0x1ab865ec
17:16:45.0 (104694331)|SYSTEM_MODE_ENTER|false
17:16:45.0 (104704289)|HEAP_ALLOCATE|[101]|Bytes:5
17:16:45.0 (104711900)|STATEMENT_EXECUTE|[99]
17:16:45.0 (104714664)|STATEMENT_EXECUTE|[101]
17:16:45.0 (104792684)|VARIABLE_ASSIGNMENT|[EXTERNAL]|this|{"isCommunityUser":false,"isIPhone":false,"isKDDIKnowledgeActivities":false,"isKDDIKnowledgeOnly":false,"isKDDIUser":true,"isSAorEvolvaUser":false,"isSystemAdministrator":true}|0x1ab865ec
17:16:45.0 (104821866)|SYSTEM_MODE_EXIT|false
17:16:45.0 (104960004)|SYSTEM_MODE_ENTER|true
17:16:45.0 (105020510)|HEAP_ALLOCATE|[EXTERNAL]|Bytes:32
17:16:45.0 (105034843)|VARIABLE_SCOPE_BEGIN|[93]|this|auSwitchScreenCtrl|true|false
17:16:45.0 (105085673)|VARIABLE_ASSIGNMENT|[93]|this|{"isCommunityUser":false,"isIPhone":false,"isKDDIKnowledgeActivities":false,"isKDDIKnowledgeOnly":false,"isKDDIUser":true,"isSAorEvolvaUser":false,"isSystemAdministrator":true}|0x1ab865ec
17:16:45.0 (105110218)|SYSTEM_MODE_ENTER|false
17:16:45.0 (105120444)|HEAP_ALLOCATE|[95]|Bytes:5
17:16:45.0 (105127637)|STATEMENT_EXECUTE|[93]
17:16:45.0 (105130278)|STATEMENT_EXECUTE|[95]
17:16:45.0 (105188085)|VARIABLE_ASSIGNMENT|[EXTERNAL]|this|{"isCommunityUser":false,"isIPhone":false,"isKDDIKnowledgeActivities":false,"isKDDIKnowledgeOnly":false,"isKDDIUser":true,"isSAorEvolvaUser":false,"isSystemAdministrator":true}|0x1ab865ec
17:16:45.0 (105214997)|SYSTEM_MODE_EXIT|false
17:16:45.0 (105352051)|SYSTEM_MODE_ENTER|true
17:16:45.0 (105409942)|HEAP_ALLOCATE|[EXTERNAL]|Bytes:32
17:16:45.0 (105428241)|VARIABLE_SCOPE_BEGIN|[105]|this|auSwitchScreenCtrl|true|false
17:16:45.0 (105469522)|VARIABLE_ASSIGNMENT|[105]|this|{"isCommunityUser":false,"isIPhone":false,"isKDDIKnowledgeActivities":false,"isKDDIKnowledgeOnly":false,"isKDDIUser":true,"isSAorEvolvaUser":false,"isSystemAdministrator":true}|0x1ab865ec
17:16:45.0 (105491137)|SYSTEM_MODE_ENTER|false
17:16:45.0 (105501594)|HEAP_ALLOCATE|[107]|Bytes:5
17:16:45.0 (105508564)|STATEMENT_EXECUTE|[105]
17:16:45.0 (105511096)|STATEMENT_EXECUTE|[107]
17:16:45.0 (105565993)|VARIABLE_ASSIGNMENT|[EXTERNAL]|this|{"isCommunityUser":false,"isIPhone":false,"isKDDIKnowledgeActivities":false,"isKDDIKnowledgeOnly":false,"isKDDIUser":true,"isSAorEvolvaUser":false,"isSystemAdministrator":true}|0x1ab865ec
17:16:45.0 (105590288)|SYSTEM_MODE_EXIT|false
17:16:45.0 (105705304)|SYSTEM_MODE_ENTER|true
17:16:45.0 (105748542)|HEAP_ALLOCATE|[EXTERNAL]|Bytes:32
17:16:45.0 (105774788)|VARIABLE_SCOPE_BEGIN|[87]|this|auSwitchScreenCtrl|true|false
17:16:45.0 (105806715)|VARIABLE_ASSIGNMENT|[87]|this|{"isCommunityUser":false,"isIPhone":false,"isKDDIKnowledgeActivities":false,"isKDDIKnowledgeOnly":false,"isKDDIUser":true,"isSAorEvolvaUser":false,"isSystemAdministrator":true}|0x1ab865ec
17:16:45.0 (105822390)|SYSTEM_MODE_ENTER|false
17:16:45.0 (105829523)|HEAP_ALLOCATE|[89]|Bytes:5
17:16:45.0 (105834256)|STATEMENT_EXECUTE|[87]
17:16:45.0 (105836381)|STATEMENT_EXECUTE|[89]
17:16:45.0 (105885058)|VARIABLE_ASSIGNMENT|[EXTERNAL]|this|{"isCommunityUser":false,"isIPhone":false,"isKDDIKnowledgeActivities":false,"isKDDIKnowledgeOnly":false,"isKDDIUser":true,"isSAorEvolvaUser":false,"isSystemAdministrator":true}|0x1ab865ec
17:16:45.0 (105909174)|SYSTEM_MODE_EXIT|false
17:16:45.0 (106019772)|SYSTEM_MODE_ENTER|true
17:16:45.0 (106061687)|HEAP_ALLOCATE|[EXTERNAL]|Bytes:32
17:16:45.0 (106076858)|VARIABLE_SCOPE_BEGIN|[111]|this|auSwitchScreenCtrl|true|false
17:16:45.0 (106107633)|VARIABLE_ASSIGNMENT|[111]|this|{"isCommunityUser":false,"isIPhone":false,"isKDDIKnowledgeActivities":false,"isKDDIKnowledgeOnly":false,"isKDDIUser":true,"isSAorEvolvaUser":false,"isSystemAdministrator":true}|0x1ab865ec
17:16:45.0 (106122909)|SYSTEM_MODE_ENTER|false
17:16:45.0 (106130585)|HEAP_ALLOCATE|[113]|Bytes:5
17:16:45.0 (106138132)|STATEMENT_EXECUTE|[111]
17:16:45.0 (106140480)|STATEMENT_EXECUTE|[113]
17:16:45.0 (106185226)|VARIABLE_ASSIGNMENT|[EXTERNAL]|this|{"isCommunityUser":false,"isIPhone":false,"isKDDIKnowledgeActivities":false,"isKDDIKnowledgeOnly":false,"isKDDIUser":true,"isSAorEvolvaUser":false,"isSystemAdministrator":true}|0x1ab865ec
17:16:45.0 (106243832)|VARIABLE_ASSIGNMENT|[EXTERNAL]|this|{"isCommunityUser":false,"isIPhone":false,"isKDDIKnowledgeActivities":false,"isKDDIKnowledgeOnly":false,"isKDDIUser":true,"isSAorEvolvaUser":false,"isSystemAdministrator":true}|0x1ab865ec
17:16:45.0 (106267348)|HEAP_ALLOCATE|[113]|Bytes:5
17:16:45.0 (106276530)|SYSTEM_MODE_EXIT|false
17:16:45.0 (106284500)|HEAP_ALLOCATE|[113]|Bytes:5
17:16:45.0 (106397653)|SYSTEM_MODE_ENTER|true
17:16:45.0 (106452803)|HEAP_ALLOCATE|[EXTERNAL]|Bytes:32
17:16:45.0 (106464797)|VARIABLE_SCOPE_BEGIN|[117]|this|auSwitchScreenCtrl|true|false
17:16:45.0 (106524984)|VARIABLE_ASSIGNMENT|[117]|this|{"isCommunityUser":false,"isIPhone":false,"isKDDIKnowledgeActivities":false,"isKDDIKnowledgeOnly":false,"isKDDIUser":true,"isSAorEvolvaUser":false,"isSystemAdministrator":true}|0x1ab865ec
17:16:45.0 (106554196)|SYSTEM_MODE_ENTER|false
17:16:45.0 (106561967)|HEAP_ALLOCATE|[119]|Bytes:5
17:16:45.0 (106567047)|STATEMENT_EXECUTE|[117]
17:16:45.0 (106569137)|STATEMENT_EXECUTE|[119]
17:16:45.0 (106618967)|VARIABLE_ASSIGNMENT|[EXTERNAL]|this|{"isCommunityUser":false,"isIPhone":false,"isKDDIKnowledgeActivities":false,"isKDDIKnowledgeOnly":false,"isKDDIUser":true,"isSAorEvolvaUser":false,"isSystemAdministrator":true}|0x1ab865ec
17:16:45.0 (106678438)|VARIABLE_ASSIGNMENT|[EXTERNAL]|this|{"isCommunityUser":false,"isIPhone":false,"isKDDIKnowledgeActivities":false,"isKDDIKnowledgeOnly":false,"isKDDIUser":true,"isSAorEvolvaUser":false,"isSystemAdministrator":true}|0x1ab865ec
17:16:45.0 (106696099)|HEAP_ALLOCATE|[119]|Bytes:5
17:16:45.0 (106702839)|SYSTEM_MODE_EXIT|false
17:16:45.0 (106708594)|HEAP_ALLOCATE|[119]|Bytes:5
17:16:45.0 (106804363)|SYSTEM_MODE_ENTER|true
17:16:45.0 (109287280)|SYSTEM_MODE_ENTER|true
17:16:45.0 (109339557)|HEAP_ALLOCATE|[EXTERNAL]|Bytes:240
17:16:45.0 (109349793)|HEAP_ALLOCATE|[EXTERNAL]|Bytes:14
17:16:45.0 (109364709)|METHOD_ENTRY|[1]|01p6F000006ymET|auSwitchScreenBtmCompCtrl.auSwitchScreenBtmCompCtrl()
17:16:45.0 (109371214)|STATEMENT_EXECUTE|[1]
17:16:45.0 (109375847)|STATEMENT_EXECUTE|[1]
17:16:45.0 (109381558)|METHOD_EXIT|[1]|auSwitchScreenBtmCompCtrl
17:16:45.0 (109399089)|HEAP_ALLOCATE|[EXTERNAL]|Bytes:28
17:16:45.0 (109405413)|VARIABLE_SCOPE_BEGIN|[10]|this|auSwitchScreenBtmCompCtrl|true|false
17:16:45.0 (109443604)|VARIABLE_ASSIGNMENT|[10]|this|{}|0x2576d505
17:16:45.0 (109452820)|STATEMENT_EXECUTE|[1]
17:16:45.0 (109454865)|STATEMENT_EXECUTE|[3]
17:16:45.0 (109456946)|STATEMENT_EXECUTE|[4]
17:16:45.0 (109458497)|STATEMENT_EXECUTE|[5]
17:16:45.0 (109460562)|STATEMENT_EXECUTE|[6]
17:16:45.0 (109462322)|STATEMENT_EXECUTE|[7]
17:16:45.0 (109463933)|STATEMENT_EXECUTE|[8]
17:16:45.0 (109487349)|STATEMENT_EXECUTE|[10]
17:16:45.0 (109489374)|STATEMENT_EXECUTE|[12]
17:16:45.0 (109701867)|HEAP_ALLOCATE|[12]|Bytes:156
17:16:45.0 (109777542)|VARIABLE_ASSIGNMENT|[EXTERNAL]|this|{}|0x2576d505
17:16:45.0 (109795327)|VARIABLE_ASSIGNMENT|[EXTERNAL]|value|"https://c.ap4.conten (102 more) ..."
17:16:45.0 (109809326)|VARIABLE_ASSIGNMENT|[4]|this.urlDailyReportManual|"https://c.ap4.conten (102 more) ..."|0x2576d505
17:16:45.0 (109819990)|STATEMENT_EXECUTE|[13]
17:16:45.0 (109935756)|HEAP_ALLOCATE|[13]|Bytes:156
17:16:45.0 (110016517)|VARIABLE_ASSIGNMENT|[EXTERNAL]|this|{"urlDailyReportManual":"https://c.ap4.conten (102 more) ..."}|0x2576d505
17:16:45.0 (110031991)|VARIABLE_ASSIGNMENT|[EXTERNAL]|value|"https://ap4.salesfor (84 more) ..."
17:16:45.0 (110044240)|VARIABLE_ASSIGNMENT|[5]|this.urlExternalCxSTPDManual|"https://ap4.salesfor (84 more) ..."|0x2576d505
17:16:45.0 (110054605)|STATEMENT_EXECUTE|[14]
17:16:45.0 (110167265)|HEAP_ALLOCATE|[14]|Bytes:156
17:16:45.0 (110230958)|VARIABLE_ASSIGNMENT|[EXTERNAL]|this|{"urlDailyReportManual":"https://c.ap4.conten (102 more) ...","urlExternalCxSTPDManual":"https://ap4.salesfor (84 more) ..."}|0x2576d505
17:16:45.0 (110244775)|VARIABLE_ASSIGNMENT|[EXTERNAL]|value|"https://c.ap4.conten (102 more) ..."
17:16:45.0 (110255716)|VARIABLE_ASSIGNMENT|[6]|this.urlInternalCxSTPDManual|"https://c.ap4.conten (102 more) ..."|0x2576d505
17:16:45.0 (110264841)|STATEMENT_EXECUTE|[16]
17:16:45.0 (110284822)|HEAP_ALLOCATE|[16]|Bytes:4
17:16:45.0 (110300863)|METHOD_ENTRY|[18]||System.UserInfo.getUserId()
17:16:45.0 (110330667)|METHOD_EXIT|[18]||System.UserInfo.getUserId()
17:16:45.0 (110611738)|SOQL_EXECUTE_BEGIN|[16]|Aggregations:0|SELECT Profile.Name FROM User WHERE User.ID = :tmpVar1
17:16:45.0 (116464310)|SOQL_EXECUTE_END|[16]|Rows:1
17:16:45.0 (116495500)|HEAP_ALLOCATE|[16]|Bytes:8
17:16:45.0 (116533501)|HEAP_ALLOCATE|[16]|Bytes:127
17:16:45.0 (116580080)|HEAP_ALLOCATE|[16]|Bytes:8
17:16:45.0 (116616287)|HEAP_ALLOCATE|[16]|Bytes:16
17:16:45.0 (116627532)|VARIABLE_SCOPE_BEGIN|[16]|currentUser|User|true|false
17:16:45.0 (116665739)|VARIABLE_ASSIGNMENT|[16]|currentUser|{"ProfileId":"00e6F000002RS1oQAG","Id":"0056F000006PtYlQAK","Profile":{"Name":"System Administrator","Id":"00e6F000002RS1oQAG"}}|0x5cd9b99b
17:16:45.0 (116674337)|STATEMENT_EXECUTE|[20]
17:16:45.0 (116880508)|VARIABLE_ASSIGNMENT|[EXTERNAL]|this|{"urlDailyReportManual":"https://c.ap4.conten (102 more) ...","urlExternalCxSTPDManual":"https://ap4.salesfor (84 more) ...","urlInternalCxSTPDManual":"https://c.ap4.conten (102 more) ..."}|0x2576d505
17:16:45.0 (116904404)|VARIABLE_ASSIGNMENT|[EXTERNAL]|value|false
17:16:45.0 (116912963)|HEAP_ALLOCATE|[7]|Bytes:5
17:16:45.0 (116922971)|VARIABLE_ASSIGNMENT|[7]|this.isCommunityUser|false|0x2576d505
17:16:45.0 (116935639)|STATEMENT_EXECUTE|[24]
17:16:45.0 (116992094)|VARIABLE_ASSIGNMENT|[EXTERNAL]|this|{"isCommunityUser":false,"urlDailyReportManual":"https://c.ap4.conten (102 more) ...","urlExternalCxSTPDManual":"https://ap4.salesfor (84 more) ...","urlInternalCxSTPDManual":"https://c.ap4.conten (102 more) ..."}|0x2576d505
17:16:45.0 (117005870)|VARIABLE_ASSIGNMENT|[EXTERNAL]|value|""
17:16:45.0 (117019495)|VARIABLE_ASSIGNMENT|[3]|this.urlSFDCHome|""|0x2576d505
17:16:45.0 (117073914)|VARIABLE_ASSIGNMENT|[EXTERNAL]|this|{"isCommunityUser":false,"urlDailyReportManual":"https://c.ap4.conten (102 more) ...","urlExternalCxSTPDManual":"https://ap4.salesfor (84 more) ...","urlInternalCxSTPDManual":"https://c.ap4.conten (102 more) ...","urlSFDCHome":""}|0x2576d505
17:16:45.0 (117092996)|STATEMENT_EXECUTE|[25]
17:16:45.0 (117095168)|STATEMENT_EXECUTE|[26]
17:16:45.0 (117267122)|HEAP_ALLOCATE|[26]|Bytes:156
17:16:45.0 (117339498)|VARIABLE_ASSIGNMENT|[EXTERNAL]|this|{"isCommunityUser":false,"urlDailyReportManual":"https://c.ap4.conten (102 more) ...","urlExternalCxSTPDManual":"https://ap4.salesfor (84 more) ...","urlInternalCxSTPDManual":"https://c.ap4.conten (102 more) ...","urlSFDCHome":""}|0x2576d505
17:16:45.0 (117354720)|VARIABLE_ASSIGNMENT|[EXTERNAL]|value|"https://au-portal.li (49 more) ..."
17:16:45.0 (117365654)|VARIABLE_ASSIGNMENT|[3]|this.urlSFDCHome|"https://au-portal.li (49 more) ..."|0x2576d505
17:16:45.0 (117375372)|STATEMENT_EXECUTE|[27]
17:16:45.0 (117531271)|HEAP_ALLOCATE|[27]|Bytes:156
17:16:45.0 (117631999)|VARIABLE_ASSIGNMENT|[EXTERNAL]|this|{"isCommunityUser":false,"urlDailyReportManual":"https://c.ap4.conten (102 more) ...","urlExternalCxSTPDManual":"https://ap4.salesfor (84 more) ...","urlInternalCxSTPDManual":"https://c.ap4.conten (102 more) ...","urlSFDCHome":"https://au-portal.li (49 more) ..."}|0x2576d505
17:16:45.0 (117648620)|VARIABLE_ASSIGNMENT|[EXTERNAL]|value|"http://lucas-idp.kdd (77 more) ..."
17:16:45.0 (117660245)|VARIABLE_ASSIGNMENT|[8]|this.urlSingleSignOn|"http://lucas-idp.kdd (77 more) ..."|0x2576d505
17:16:45.0 (118225301)|SYSTEM_MODE_ENTER|true
17:16:45.0 (118349422)|SYSTEM_MODE_ENTER|true
17:16:45.0 (119281945)|SYSTEM_MODE_ENTER|true
17:16:45.0 (119310889)|HEAP_ALLOCATE|[EXTERNAL]|Bytes:44
17:16:45.0 (119323890)|VARIABLE_ASSIGNMENT|[EXTERNAL]|this.iCountComments|null|0x2f87dba
17:16:45.0 (119369293)|SYSTEM_MODE_ENTER|true
17:16:45.0 (119384034)|HEAP_ALLOCATE|[EXTERNAL]|Bytes:44
17:16:45.0 (119392089)|VARIABLE_ASSIGNMENT|[EXTERNAL]|this.iCountLikes|null|0x2f87dba
17:16:45.0 (119484683)|SYSTEM_MODE_ENTER|true
17:16:45.0 (119503952)|HEAP_ALLOCATE|[EXTERNAL]|Bytes:8
17:16:45.0 (119509114)|HEAP_ALLOCATE|[EXTERNAL]|Bytes:44
17:16:45.0 (119519317)|VARIABLE_ASSIGNMENT|[EXTERNAL]|this.iTypeOfScreen|0|0x2f87dba
17:16:45.0 (119736736)|SYSTEM_MODE_ENTER|true
17:16:45.0 (119789458)|HEAP_ALLOCATE|[EXTERNAL]|Bytes:44
17:16:45.0 (119800136)|VARIABLE_SCOPE_BEGIN|[204]|this|auMainTopCompCtrl|true|false
17:16:45.0 (119864207)|VARIABLE_ASSIGNMENT|[204]|this|{"currentUser":"0x6ab6130b","isSAUser":false,"iTypeOfScreen":0,"urlReportsSFA":"https://au-portal.li (77 more) ..."}|0x2f87dba
17:16:45.0 (119878906)|STATEMENT_EXECUTE|[204]
17:16:45.0 (119915713)|VARIABLE_ASSIGNMENT|[EXTERNAL]|this|{"currentUser":"0x6ab6130b","isSAUser":false,"iTypeOfScreen":0,"urlReportsSFA":"https://au-portal.li (77 more) ..."}|0x2f87dba
17:16:45.0 (119962784)|VARIABLE_ASSIGNMENT|[EXTERNAL]|this|{"currentUser":"0x6ab6130b","isSAUser":false,"iTypeOfScreen":0,"urlReportsSFA":"https://au-portal.li (77 more) ..."}|0x2f87dba
17:16:45.0 (119998243)|VARIABLE_ASSIGNMENT|[EXTERNAL]|this|{"currentUser":"0x6ab6130b","isSAUser":false,"iTypeOfScreen":0,"urlReportsSFA":"https://au-portal.li (77 more) ..."}|0x2f87dba
17:16:45.0 (120040778)|VARIABLE_ASSIGNMENT|[EXTERNAL]|this|{"currentUser":"0x6ab6130b","isSAUser":false,"iTypeOfScreen":0,"urlReportsSFA":"https://au-portal.li (77 more) ..."}|0x2f87dba
17:16:45.0 (120117234)|VARIABLE_ASSIGNMENT|[EXTERNAL]|this|{"currentUser":"0x6ab6130b","isSAUser":false,"iTypeOfScreen":0,"urlReportsSFA":"https://au-portal.li (77 more) ..."}|0x2f87dba
17:16:45.0 (120132967)|STATEMENT_EXECUTE|[213]
17:16:45.0 (120135023)|STATEMENT_EXECUTE|[214]
17:16:45.0 (120208572)|SYSTEM_MODE_ENTER|true
17:16:45.0 (120261810)|HEAP_ALLOCATE|[EXTERNAL]|Bytes:44
17:16:45.0 (120270488)|VARIABLE_SCOPE_BEGIN|[218]|this|auMainTopCompCtrl|true|false
17:16:45.0 (120308692)|VARIABLE_ASSIGNMENT|[218]|this|{"currentUser":"0x6ab6130b","isSAUser":false,"iTypeOfScreen":0,"urlReportsSFA":"https://au-portal.li (77 more) ..."}|0x2f87dba
17:16:45.0 (120320034)|STATEMENT_EXECUTE|[218]
17:16:45.0 (120350418)|VARIABLE_ASSIGNMENT|[EXTERNAL]|this|{"currentUser":"0x6ab6130b","isSAUser":false,"iTypeOfScreen":0,"urlReportsSFA":"https://au-portal.li (77 more) ..."}|0x2f87dba
17:16:45.0 (120400549)|VARIABLE_ASSIGNMENT|[EXTERNAL]|this|{"currentUser":"0x6ab6130b","isSAUser":false,"iTypeOfScreen":0,"urlReportsSFA":"https://au-portal.li (77 more) ..."}|0x2f87dba
17:16:45.0 (120439295)|VARIABLE_ASSIGNMENT|[EXTERNAL]|this|{"currentUser":"0x6ab6130b","isSAUser":false,"iTypeOfScreen":0,"urlReportsSFA":"https://au-portal.li (77 more) ..."}|0x2f87dba
17:16:45.0 (120473784)|VARIABLE_ASSIGNMENT|[EXTERNAL]|this|{"currentUser":"0x6ab6130b","isSAUser":false,"iTypeOfScreen":0,"urlReportsSFA":"https://au-portal.li (77 more) ..."}|0x2f87dba
17:16:45.0 (120516850)|VARIABLE_ASSIGNMENT|[EXTERNAL]|this|{"currentUser":"0x6ab6130b","isSAUser":false,"iTypeOfScreen":0,"urlReportsSFA":"https://au-portal.li (77 more) ..."}|0x2f87dba
17:16:45.0 (120530361)|STATEMENT_EXECUTE|[227]
17:16:45.0 (120532440)|STATEMENT_EXECUTE|[228]
17:16:45.0 (120748192)|SYSTEM_MODE_ENTER|true
17:16:45.0 (126788707)|SYSTEM_MODE_ENTER|true
17:16:45.0 (126880925)|HEAP_ALLOCATE|[EXTERNAL]|Bytes:44
17:16:45.0 (126899282)|VARIABLE_SCOPE_BEGIN|[67]|this|auMainTopCompCtrl|true|false
17:16:45.0 (126983239)|VARIABLE_ASSIGNMENT|[67]|this|{"currentUser":"0x6ab6130b","isSAUser":false,"iTypeOfScreen":0,"urlReportsSFA":"https://au-portal.li (77 more) ..."}|0x2f87dba
17:16:45.0 (127004451)|STATEMENT_EXECUTE|[67]
17:16:45.0 (127008529)|STATEMENT_EXECUTE|[68]
17:16:45.0 (127075337)|VARIABLE_ASSIGNMENT|[EXTERNAL]|this|{"currentUser":"0x6ab6130b","isSAUser":false,"iTypeOfScreen":0,"urlReportsSFA":"https://au-portal.li (77 more) ..."}|0x2f87dba
17:16:45.0 (127154380)|VARIABLE_ASSIGNMENT|[EXTERNAL]|this|{"currentUser":"0x6ab6130b","isSAUser":false,"iTypeOfScreen":0,"urlReportsSFA":"https://au-portal.li (77 more) ..."}|0x2f87dba
17:16:45.0 (127198040)|VARIABLE_ASSIGNMENT|[EXTERNAL]|this|{"currentUser":"0x6ab6130b","isSAUser":false,"iTypeOfScreen":0,"urlReportsSFA":"https://au-portal.li (77 more) ..."}|0x2f87dba
17:16:45.0 (127219335)|HEAP_ALLOCATE|[68]|Bytes:5
17:16:45.0 (127292701)|SYSTEM_MODE_ENTER|true
17:16:45.0 (127334827)|HEAP_ALLOCATE|[EXTERNAL]|Bytes:44
17:16:45.0 (127343500)|VARIABLE_SCOPE_BEGIN|[73]|this|auMainTopCompCtrl|true|false
17:16:45.0 (127378944)|VARIABLE_ASSIGNMENT|[73]|this|{"currentUser":"0x6ab6130b","isSAUser":false,"iTypeOfScreen":0,"urlReportsSFA":"https://au-portal.li (77 more) ..."}|0x2f87dba
17:16:45.0 (127390038)|STATEMENT_EXECUTE|[73]
17:16:45.0 (127392206)|STATEMENT_EXECUTE|[74]
17:16:45.0 (127423810)|VARIABLE_ASSIGNMENT|[EXTERNAL]|this|{"currentUser":"0x6ab6130b","isSAUser":false,"iTypeOfScreen":0,"urlReportsSFA":"https://au-portal.li (77 more) ..."}|0x2f87dba
17:16:45.0 (127462368)|VARIABLE_ASSIGNMENT|[EXTERNAL]|this|{"currentUser":"0x6ab6130b","isSAUser":false,"iTypeOfScreen":0,"urlReportsSFA":"https://au-portal.li (77 more) ..."}|0x2f87dba
17:16:45.0 (127478099)|HEAP_ALLOCATE|[74]|Bytes:5
17:16:45.0 (127555231)|SYSTEM_MODE_ENTER|true
17:16:45.0 (127592865)|HEAP_ALLOCATE|[EXTERNAL]|Bytes:44
17:16:45.0 (127601298)|VARIABLE_SCOPE_BEGIN|[83]|this|auMainTopCompCtrl|true|false
17:16:45.0 (127634917)|VARIABLE_ASSIGNMENT|[83]|this|{"currentUser":"0x6ab6130b","isSAUser":false,"iTypeOfScreen":0,"urlReportsSFA":"https://au-portal.li (77 more) ..."}|0x2f87dba
17:16:45.0 (127646186)|STATEMENT_EXECUTE|[83]
17:16:45.0 (127648350)|STATEMENT_EXECUTE|[84]
17:16:45.0 (127677438)|VARIABLE_ASSIGNMENT|[EXTERNAL]|this|{"currentUser":"0x6ab6130b","isSAUser":false,"iTypeOfScreen":0,"urlReportsSFA":"https://au-portal.li (77 more) ..."}|0x2f87dba
17:16:45.0 (127715068)|VARIABLE_ASSIGNMENT|[EXTERNAL]|this|{"currentUser":"0x6ab6130b","isSAUser":false,"iTypeOfScreen":0,"urlReportsSFA":"https://au-portal.li (77 more) ..."}|0x2f87dba
17:16:45.0 (127729392)|HEAP_ALLOCATE|[84]|Bytes:5
17:16:45.0 (127789335)|SYSTEM_MODE_ENTER|true
17:16:45.0 (127824917)|HEAP_ALLOCATE|[EXTERNAL]|Bytes:44
17:16:45.0 (127836949)|VARIABLE_SCOPE_BEGIN|[100]|this|auMainTopCompCtrl|true|false
17:16:45.0 (127871262)|VARIABLE_ASSIGNMENT|[100]|this|{"currentUser":"0x6ab6130b","isSAUser":false,"iTypeOfScreen":0,"urlReportsSFA":"https://au-portal.li (77 more) ..."}|0x2f87dba
17:16:45.0 (127884003)|STATEMENT_EXECUTE|[100]
17:16:45.0 (127886246)|STATEMENT_EXECUTE|[101]
17:16:45.0 (127915813)|VARIABLE_ASSIGNMENT|[EXTERNAL]|this|{"currentUser":"0x6ab6130b","isSAUser":false,"iTypeOfScreen":0,"urlReportsSFA":"https://au-portal.li (77 more) ..."}|0x2f87dba
17:16:45.0 (127970054)|VARIABLE_ASSIGNMENT|[EXTERNAL]|this|{"currentUser":"0x6ab6130b","isSAUser":false,"iTypeOfScreen":0,"urlReportsSFA":"https://au-portal.li (77 more) ..."}|0x2f87dba
17:16:45.0 (128006030)|VARIABLE_ASSIGNMENT|[EXTERNAL]|this|{"currentUser":"0x6ab6130b","isSAUser":false,"iTypeOfScreen":0,"urlReportsSFA":"https://au-portal.li (77 more) ..."}|0x2f87dba
17:16:45.0 (128025962)|HEAP_ALLOCATE|[101]|Bytes:5
17:16:45.0 (131486014)|SYSTEM_MODE_ENTER|true
17:16:45.0 (132260893)|SYSTEM_MODE_ENTER|true
17:16:45.0 (133431279)|VF_SERIALIZE_VIEWSTATE_BEGIN|0666F000006TarA
17:16:45.0 (137654594)|VF_SERIALIZE_VIEWSTATE_END
17:16:45.147 (147009151)|CUMULATIVE_LIMIT_USAGE
17:16:45.147 (147009151)|LIMIT_USAGE_FOR_NS|(default)|
  Number of SOQL queries: 5 out of 100
  Number of query rows: 5 out of 50000
  Number of SOSL queries: 0 out of 20
  Number of DML statements: 0 out of 150
  Number of DML rows: 0 out of 10000
  Maximum CPU time: 0 out of 10000
  Maximum heap size: 0 out of 6000000
  Number of callouts: 0 out of 100
  Number of Email Invocations: 0 out of 10
  Number of future calls: 0 out of 50
  Number of queueable jobs added to the queue: 0 out of 50
  Number of Mobile Apex push calls: 0 out of 10

17:16:45.147 (147009151)|CUMULATIVE_LIMIT_USAGE_END

17:16:45.0 (147053149)|CODE_UNIT_FINISHED|VF: /apex/auSwitchScreenPage
17:16:45.0 (148242497)|EXECUTION_FINISHED
