38.0 APEX_CODE,FINEST;APEX_PROFILING,INFO;CALLOUT,INFO;DB,INFO;NBA,INFO;SYSTEM,DEBUG;VALIDATION,INFO;VISUALFORCE,INFO;WAVE,INFO;WORKFLOW,INFO
17:14:13.0 (120367)|USER_INFO|[EXTERNAL]|0056F000006PtYl|gwadmin@gw.jp.kddi|日本標準時|GMT+09:00
17:14:13.0 (206440)|EXECUTION_STARTED
17:14:13.0 (213650)|CODE_UNIT_STARTED|[EXTERNAL]|0666F000006TarA|VF: /apex/auSwitchScreenPage
17:14:13.0 (95987218)|SYSTEM_MODE_ENTER|true
17:14:13.0 (97724581)|VARIABLE_SCOPE_BEGIN|[25]|auMainTopCompCtrl.TYPE_SCREEN_ACCOUNT_LIST|Integer|false|true
17:14:13.0 (97761350)|VARIABLE_SCOPE_BEGIN|[26]|auMainTopCompCtrl.TYPE_SCREEN_ACTIVITY_LIST|Integer|false|true
17:14:13.0 (97781771)|VARIABLE_SCOPE_BEGIN|[7]|auMainTopCompCtrl.TYPE_SCREEN_CX_SCREEN|Integer|false|true
17:14:13.0 (97801072)|VARIABLE_SCOPE_BEGIN|[8]|auMainTopCompCtrl.TYPE_SCREEN_CX_TIMELINE|Integer|false|true
17:14:13.0 (97821792)|VARIABLE_SCOPE_BEGIN|[9]|auMainTopCompCtrl.TYPE_SCREEN_EVENT_SCHEDULE|Integer|false|true
17:14:13.0 (97840978)|VARIABLE_SCOPE_BEGIN|[10]|auMainTopCompCtrl.TYPE_SCREEN_EVENT_SCHEDULE_LIST|Integer|false|true
17:14:13.0 (97862983)|VARIABLE_SCOPE_BEGIN|[27]|auMainTopCompCtrl.TYPE_SCREEN_FILE_LIST|Integer|false|true
17:14:13.0 (97881355)|VARIABLE_SCOPE_BEGIN|[24]|auMainTopCompCtrl.TYPE_SCREEN_HONBU_DIRECT|Integer|false|true
17:14:13.0 (97903194)|VARIABLE_SCOPE_BEGIN|[11]|auMainTopCompCtrl.TYPE_SCREEN_KNOWLEDGE_DASHBOARD|Integer|false|true
17:14:13.0 (97927980)|VARIABLE_SCOPE_BEGIN|[12]|auMainTopCompCtrl.TYPE_SCREEN_KNOWLEDGE_LIST|Integer|false|true
17:14:13.0 (97950570)|VARIABLE_SCOPE_BEGIN|[15]|auMainTopCompCtrl.TYPE_SCREEN_SA_CHATTER|Integer|false|true
17:14:13.0 (97971729)|VARIABLE_SCOPE_BEGIN|[16]|auMainTopCompCtrl.TYPE_SCREEN_SA_DAILYREPORT|Integer|false|true
17:14:13.0 (97998933)|VARIABLE_SCOPE_BEGIN|[22]|auMainTopCompCtrl.TYPE_SCREEN_SA_DAILYREPORTLIST|Integer|false|true
17:14:13.0 (98024185)|VARIABLE_SCOPE_BEGIN|[18]|auMainTopCompCtrl.TYPE_SCREEN_SA_DOCUMENTS|Integer|false|true
17:14:13.0 (98050196)|VARIABLE_SCOPE_BEGIN|[17]|auMainTopCompCtrl.TYPE_SCREEN_SA_ENQUETE|Integer|false|true
17:14:13.0 (98075189)|VARIABLE_SCOPE_BEGIN|[20]|auMainTopCompCtrl.TYPE_SCREEN_SA_LINKS|Integer|false|true
17:14:13.0 (98096969)|VARIABLE_SCOPE_BEGIN|[13]|auMainTopCompCtrl.TYPE_SCREEN_SA_MESSAGES|Integer|false|true
17:14:13.0 (98118470)|VARIABLE_SCOPE_BEGIN|[19]|auMainTopCompCtrl.TYPE_SCREEN_SA_RANKING|Integer|false|true
17:14:13.0 (98144982)|VARIABLE_SCOPE_BEGIN|[14]|auMainTopCompCtrl.TYPE_SCREEN_SA_REPORTS|Integer|false|true
17:14:13.0 (98170663)|VARIABLE_SCOPE_BEGIN|[23]|auMainTopCompCtrl.TYPE_SCREEN_SA_TODO|Integer|false|true
17:14:13.0 (98195806)|VARIABLE_SCOPE_BEGIN|[21]|auMainTopCompCtrl.TYPE_SCREEN_SA_USRSETTINGS|Integer|false|true
17:14:13.0 (98220230)|VARIABLE_SCOPE_BEGIN|[4]|auMainTopCompCtrl.TYPE_SCREEN_STPD_EVENT|Integer|false|true
17:14:13.0 (98251727)|VARIABLE_SCOPE_BEGIN|[6]|auMainTopCompCtrl.TYPE_SCREEN_STPD_SCREEN|Integer|false|true
17:14:13.0 (98282764)|VARIABLE_SCOPE_BEGIN|[5]|auMainTopCompCtrl.TYPE_SCREEN_STPD_TIMELINE|Integer|false|true
17:14:13.0 (98308684)|VARIABLE_SCOPE_BEGIN|[3]|auMainTopCompCtrl.TYPE_SCREEN_SWITCH|Integer|false|true
17:14:13.0 (123859761)|HEAP_ALLOCATE|[72]|Bytes:3
17:14:13.0 (161427055)|HEAP_ALLOCATE|[77]|Bytes:152
17:14:13.0 (161477977)|HEAP_ALLOCATE|[342]|Bytes:408
17:14:13.0 (161519382)|HEAP_ALLOCATE|[355]|Bytes:408
17:14:13.0 (161562196)|HEAP_ALLOCATE|[467]|Bytes:48
17:14:13.0 (161647408)|HEAP_ALLOCATE|[139]|Bytes:6
17:14:13.0 (161701967)|HEAP_ALLOCATE|[EXTERNAL]|Bytes:284
17:14:13.0 (183587979)|HEAP_ALLOCATE|[EXTERNAL]|Bytes:160
17:14:13.0 (183676010)|METHOD_ENTRY|[1]|01p6F0000084OtI|auMainTopCompCtrl.auMainTopCompCtrl()
17:14:13.0 (183688521)|STATEMENT_EXECUTE|[1]
17:14:13.0 (183696002)|STATEMENT_EXECUTE|[1]
17:14:13.0 (183699661)|STATEMENT_EXECUTE|[3]
17:14:13.0 (183744467)|HEAP_ALLOCATE|[3]|Bytes:4
17:14:13.0 (183840505)|VARIABLE_ASSIGNMENT|[3]|auMainTopCompCtrl.TYPE_SCREEN_SWITCH|0
17:14:13.0 (183850120)|STATEMENT_EXECUTE|[4]
17:14:13.0 (183855690)|HEAP_ALLOCATE|[4]|Bytes:4
17:14:13.0 (183869394)|VARIABLE_ASSIGNMENT|[4]|auMainTopCompCtrl.TYPE_SCREEN_STPD_EVENT|11
17:14:13.0 (183876024)|STATEMENT_EXECUTE|[5]
17:14:13.0 (183879483)|HEAP_ALLOCATE|[5]|Bytes:4
17:14:13.0 (183888971)|VARIABLE_ASSIGNMENT|[5]|auMainTopCompCtrl.TYPE_SCREEN_STPD_TIMELINE|12
17:14:13.0 (183894490)|STATEMENT_EXECUTE|[6]
17:14:13.0 (183897649)|HEAP_ALLOCATE|[6]|Bytes:4
17:14:13.0 (183906689)|VARIABLE_ASSIGNMENT|[6]|auMainTopCompCtrl.TYPE_SCREEN_STPD_SCREEN|13
17:14:13.0 (183912079)|STATEMENT_EXECUTE|[7]
17:14:13.0 (183915220)|HEAP_ALLOCATE|[7]|Bytes:4
17:14:13.0 (183923168)|VARIABLE_ASSIGNMENT|[7]|auMainTopCompCtrl.TYPE_SCREEN_CX_SCREEN|21
17:14:13.0 (183930623)|STATEMENT_EXECUTE|[8]
17:14:13.0 (183933274)|HEAP_ALLOCATE|[8]|Bytes:4
17:14:13.0 (183941168)|VARIABLE_ASSIGNMENT|[8]|auMainTopCompCtrl.TYPE_SCREEN_CX_TIMELINE|22
17:14:13.0 (183947968)|STATEMENT_EXECUTE|[9]
17:14:13.0 (183950525)|HEAP_ALLOCATE|[9]|Bytes:4
17:14:13.0 (183958606)|VARIABLE_ASSIGNMENT|[9]|auMainTopCompCtrl.TYPE_SCREEN_EVENT_SCHEDULE|31
17:14:13.0 (183967117)|STATEMENT_EXECUTE|[10]
17:14:13.0 (183969553)|HEAP_ALLOCATE|[10]|Bytes:4
17:14:13.0 (183981067)|VARIABLE_ASSIGNMENT|[10]|auMainTopCompCtrl.TYPE_SCREEN_EVENT_SCHEDULE_LIST|32
17:14:13.0 (183990262)|STATEMENT_EXECUTE|[11]
17:14:13.0 (183993781)|HEAP_ALLOCATE|[11]|Bytes:4
17:14:13.0 (184004405)|VARIABLE_ASSIGNMENT|[11]|auMainTopCompCtrl.TYPE_SCREEN_KNOWLEDGE_DASHBOARD|41
17:14:13.0 (184012303)|STATEMENT_EXECUTE|[12]
17:14:13.0 (184016292)|HEAP_ALLOCATE|[12]|Bytes:4
17:14:13.0 (184025447)|VARIABLE_ASSIGNMENT|[12]|auMainTopCompCtrl.TYPE_SCREEN_KNOWLEDGE_LIST|42
17:14:13.0 (184034060)|STATEMENT_EXECUTE|[13]
17:14:13.0 (184037253)|HEAP_ALLOCATE|[13]|Bytes:4
17:14:13.0 (184046171)|VARIABLE_ASSIGNMENT|[13]|auMainTopCompCtrl.TYPE_SCREEN_SA_MESSAGES|51
17:14:13.0 (184055583)|STATEMENT_EXECUTE|[14]
17:14:13.0 (184058124)|HEAP_ALLOCATE|[14]|Bytes:4
17:14:13.0 (184068076)|VARIABLE_ASSIGNMENT|[14]|auMainTopCompCtrl.TYPE_SCREEN_SA_REPORTS|52
17:14:13.0 (184076448)|STATEMENT_EXECUTE|[15]
17:14:13.0 (184079080)|HEAP_ALLOCATE|[15]|Bytes:4
17:14:13.0 (184087321)|VARIABLE_ASSIGNMENT|[15]|auMainTopCompCtrl.TYPE_SCREEN_SA_CHATTER|53
17:14:13.0 (184094374)|STATEMENT_EXECUTE|[16]
17:14:13.0 (184097688)|HEAP_ALLOCATE|[16]|Bytes:4
17:14:13.0 (184105483)|VARIABLE_ASSIGNMENT|[16]|auMainTopCompCtrl.TYPE_SCREEN_SA_DAILYREPORT|54
17:14:13.0 (184112716)|STATEMENT_EXECUTE|[17]
17:14:13.0 (184114903)|HEAP_ALLOCATE|[17]|Bytes:4
17:14:13.0 (184128122)|VARIABLE_ASSIGNMENT|[17]|auMainTopCompCtrl.TYPE_SCREEN_SA_ENQUETE|55
17:14:13.0 (184134263)|STATEMENT_EXECUTE|[18]
17:14:13.0 (184137399)|HEAP_ALLOCATE|[18]|Bytes:4
17:14:13.0 (184148448)|VARIABLE_ASSIGNMENT|[18]|auMainTopCompCtrl.TYPE_SCREEN_SA_DOCUMENTS|56
17:14:13.0 (184154040)|STATEMENT_EXECUTE|[19]
17:14:13.0 (184157655)|HEAP_ALLOCATE|[19]|Bytes:4
17:14:13.0 (184167975)|VARIABLE_ASSIGNMENT|[19]|auMainTopCompCtrl.TYPE_SCREEN_SA_RANKING|57
17:14:13.0 (184175171)|STATEMENT_EXECUTE|[20]
17:14:13.0 (184177262)|HEAP_ALLOCATE|[20]|Bytes:4
17:14:13.0 (184186508)|VARIABLE_ASSIGNMENT|[20]|auMainTopCompCtrl.TYPE_SCREEN_SA_LINKS|58
17:14:13.0 (184193312)|STATEMENT_EXECUTE|[21]
17:14:13.0 (184196650)|HEAP_ALLOCATE|[21]|Bytes:4
17:14:13.0 (184206200)|VARIABLE_ASSIGNMENT|[21]|auMainTopCompCtrl.TYPE_SCREEN_SA_USRSETTINGS|59
17:14:13.0 (184212960)|STATEMENT_EXECUTE|[22]
17:14:13.0 (184215190)|HEAP_ALLOCATE|[22]|Bytes:4
17:14:13.0 (184227021)|VARIABLE_ASSIGNMENT|[22]|auMainTopCompCtrl.TYPE_SCREEN_SA_DAILYREPORTLIST|60
17:14:13.0 (184233844)|STATEMENT_EXECUTE|[23]
17:14:13.0 (184239730)|HEAP_ALLOCATE|[23]|Bytes:4
17:14:13.0 (184263283)|VARIABLE_ASSIGNMENT|[23]|auMainTopCompCtrl.TYPE_SCREEN_SA_TODO|61
17:14:13.0 (184273591)|STATEMENT_EXECUTE|[24]
17:14:13.0 (184278833)|HEAP_ALLOCATE|[24]|Bytes:4
17:14:13.0 (184298206)|VARIABLE_ASSIGNMENT|[24]|auMainTopCompCtrl.TYPE_SCREEN_HONBU_DIRECT|71
17:14:13.0 (184305974)|STATEMENT_EXECUTE|[25]
17:14:13.0 (184309658)|HEAP_ALLOCATE|[25]|Bytes:4
17:14:13.0 (184319193)|VARIABLE_ASSIGNMENT|[25]|auMainTopCompCtrl.TYPE_SCREEN_ACCOUNT_LIST|81
17:14:13.0 (184326479)|STATEMENT_EXECUTE|[26]
17:14:13.0 (184329764)|HEAP_ALLOCATE|[26]|Bytes:4
17:14:13.0 (184338320)|VARIABLE_ASSIGNMENT|[26]|auMainTopCompCtrl.TYPE_SCREEN_ACTIVITY_LIST|82
17:14:13.0 (184344999)|STATEMENT_EXECUTE|[27]
17:14:13.0 (184347129)|HEAP_ALLOCATE|[27]|Bytes:4
17:14:13.0 (184360053)|VARIABLE_ASSIGNMENT|[27]|auMainTopCompCtrl.TYPE_SCREEN_FILE_LIST|83
17:14:13.0 (184385686)|METHOD_EXIT|[1]|auMainTopCompCtrl
17:14:13.0 (184397920)|HEAP_ALLOCATE|[EXTERNAL]|Bytes:44
17:14:13.0 (184407992)|VARIABLE_SCOPE_BEGIN|[48]|this|auMainTopCompCtrl|true|false
17:14:13.0 (184515453)|VARIABLE_ASSIGNMENT|[48]|this|{}|0x216d13bd
17:14:13.0 (184533805)|STATEMENT_EXECUTE|[1]
17:14:13.0 (184536521)|STATEMENT_EXECUTE|[29]
17:14:13.0 (184538418)|STATEMENT_EXECUTE|[30]
17:14:13.0 (184540155)|STATEMENT_EXECUTE|[31]
17:14:13.0 (184542558)|STATEMENT_EXECUTE|[34]
17:14:13.0 (184543988)|STATEMENT_EXECUTE|[35]
17:14:13.0 (184545382)|STATEMENT_EXECUTE|[36]
17:14:13.0 (184548810)|STATEMENT_EXECUTE|[38]
17:14:13.0 (184550257)|STATEMENT_EXECUTE|[39]
17:14:13.0 (184552049)|STATEMENT_EXECUTE|[41]
17:14:13.0 (184554011)|STATEMENT_EXECUTE|[46]
17:14:13.0 (184617379)|HEAP_ALLOCATE|[50]|Bytes:5
17:14:13.0 (184647539)|HEAP_ALLOCATE|[56]|Bytes:5
17:14:13.0 (184658853)|HEAP_ALLOCATE|[64]|Bytes:7
17:14:13.0 (184680709)|HEAP_ALLOCATE|[46]|Bytes:5
17:14:13.0 (184694814)|VARIABLE_ASSIGNMENT|[46]|this.isSAUser|false|0x216d13bd
17:14:13.0 (184707284)|HEAP_ALLOCATE|[46]|Bytes:6
17:14:13.0 (184750907)|STATEMENT_EXECUTE|[48]
17:14:13.0 (184753251)|STATEMENT_EXECUTE|[49]
17:14:13.0 (206097097)|VARIABLE_ASSIGNMENT|[EXTERNAL]|this|{"isSAUser":false}|0x216d13bd
17:14:13.0 (206125715)|VARIABLE_ASSIGNMENT|[EXTERNAL]|value|0
17:14:13.0 (206138521)|HEAP_ALLOCATE|[34]|Bytes:4
17:14:13.0 (206151425)|VARIABLE_ASSIGNMENT|[34]|this.iTypeOfScreen|0|0x216d13bd
17:14:13.0 (206220008)|STATEMENT_EXECUTE|[51]
17:14:13.0 (207347479)|HEAP_ALLOCATE|[51]|Bytes:156
17:14:13.0 (207504174)|VARIABLE_ASSIGNMENT|[EXTERNAL]|this|{"isSAUser":false,"iTypeOfScreen":0}|0x216d13bd
17:14:13.0 (207528427)|VARIABLE_ASSIGNMENT|[EXTERNAL]|value|"https://au-portal.li (77 more) ..."
17:14:13.0 (207554494)|VARIABLE_ASSIGNMENT|[39]|this.urlReportsSFA|"https://au-portal.li (77 more) ..."|0x216d13bd
17:14:13.0 (207572129)|STATEMENT_EXECUTE|[53]
17:14:13.0 (207577490)|HEAP_ALLOCATE|[53]|Bytes:202
17:14:13.0 (207601272)|HEAP_ALLOCATE|[53]|Bytes:4
17:14:13.0 (207632758)|HEAP_ALLOCATE|[53]|Bytes:7
17:14:13.0 (207697022)|HEAP_ALLOCATE|[58]|Bytes:89
17:14:13.0 (207714650)|SYSTEM_METHOD_ENTRY|[1]|UserInfo.UserInfo()
17:14:13.0 (207720645)|STATEMENT_EXECUTE|[1]
17:14:13.0 (207728588)|SYSTEM_METHOD_EXIT|[1]|UserInfo
17:14:13.0 (207744915)|METHOD_ENTRY|[58]||System.UserInfo.getUserId()
17:14:13.0 (207791138)|METHOD_EXIT|[58]||System.UserInfo.getUserId()
17:14:13.0 (210630507)|SOQL_EXECUTE_BEGIN|[53]|Aggregations:0|SELECT SmallPhotoUrl, Account.Name, Account.RegionalOfficeId__r.RegionalOfficeName__c, Account.BranchId__r.BranchName__c, Name, Department, UserRole.Name, Profile.Name FROM User WHERE User.ID = :tmpVar1
17:14:13.0 (245946720)|SOQL_EXECUTE_END|[53]|Rows:1
17:14:13.0 (245994843)|HEAP_ALLOCATE|[53]|Bytes:8
17:14:13.0 (246050134)|HEAP_ALLOCATE|[53]|Bytes:276
17:14:13.0 (246194765)|HEAP_ALLOCATE|[53]|Bytes:8
17:14:13.0 (246223997)|HEAP_ALLOCATE|[53]|Bytes:30
17:14:13.0 (246293492)|HEAP_ALLOCATE|[53]|Bytes:32
17:14:13.0 (246446891)|VARIABLE_ASSIGNMENT|[EXTERNAL]|this|{"isSAUser":false,"iTypeOfScreen":0,"urlReportsSFA":"https://au-portal.li (77 more) ..."}|0x216d13bd
17:14:13.0 (246531272)|VARIABLE_ASSIGNMENT|[EXTERNAL]|value|{"SmallPhotoUrl":"/profilephoto/005/T","Name":"auPortal システム開発","UserRoleId":"00E6F000001SEaUUAW","ProfileId":"00e6F000002RS1oQAG","Id":"0056F000006PtYlQAK","UserRole":{"Name":"コンシューマ事業本部","Id":"00E6F000001SEaUUAW"},"Profile":{"Name":"System Administrator","Id":"00e6F000002RS1oQAG"}}|0x8ab8ca7
17:14:13.0 (246610354)|VARIABLE_ASSIGNMENT|[38]|this.currentUser|{"SmallPhotoUrl":"/profilephoto/005/T","Name":"auPortal システム開発","UserRoleId":"00E6F000001SEaUUAW","ProfileId":"00e6F000002RS1oQAG","Id":"0056F000006PtYlQAK","UserRole":{"Name":"コンシューマ事業本部","Id":"00E6F000001SEaUUAW"},"Profile":{"Name":"System Administrator","Id":"00e6F000002RS1oQAG"}}|0x216d13bd
17:14:13.0 (246647676)|STATEMENT_EXECUTE|[60]
17:14:13.0 (272105926)|VARIABLE_ASSIGNMENT|[EXTERNAL]|this|{"currentUser":"0x8ab8ca7","isSAUser":false,"iTypeOfScreen":0,"urlReportsSFA":"https://au-portal.li (77 more) ..."}|0x216d13bd
17:14:13.0 (272919029)|VARIABLE_SCOPE_BEGIN|[131]|auConstantCmn.ACCESS_TYPE_KDDI|String|false|true
17:14:13.0 (272955784)|VARIABLE_SCOPE_BEGIN|[130]|auConstantCmn.ACCESS_TYPE_SA|String|false|true
17:14:13.0 (272997204)|VARIABLE_SCOPE_BEGIN|[132]|auConstantCmn.ACCESS_TYPE_SHOP|String|false|true
17:14:13.0 (273028740)|VARIABLE_SCOPE_BEGIN|[56]|auConstantCmn.ACCOUNT_CHANNEL_DAIRITEN|String|false|true
17:14:13.0 (273064086)|VARIABLE_SCOPE_BEGIN|[54]|auConstantCmn.ACCOUNT_CHANNEL_SHOP|String|false|true
17:14:13.0 (273096251)|VARIABLE_SCOPE_BEGIN|[55]|auConstantCmn.ACCOUNT_CHANNEL_UNEIHOJIN|String|false|true
17:14:13.0 (273189673)|VARIABLE_SCOPE_BEGIN|[107]|auConstantCmn.CX_KNOWLEDGE_SHARING_NATIONAL|String|false|true
17:14:13.0 (273226233)|VARIABLE_SCOPE_BEGIN|[106]|auConstantCmn.CX_KNOWLEDGE_SHARING_REGIONAL_OFFICE|String|false|true
17:14:13.0 (273329670)|VARIABLE_SCOPE_BEGIN|[112]|auConstantCmn.CX_KNOWLEDGE_STATUS_APPROVED|String|false|true
17:14:13.0 (273355853)|VARIABLE_SCOPE_BEGIN|[113]|auConstantCmn.CX_KNOWLEDGE_STATUS_NATIONAL_APPROVED|String|false|true
17:14:13.0 (273383519)|VARIABLE_SCOPE_BEGIN|[114]|auConstantCmn.CX_KNOWLEDGE_STATUS_REJECTED|String|false|true
17:14:13.0 (273425699)|VARIABLE_SCOPE_BEGIN|[111]|auConstantCmn.CX_KNOWLEDGE_STATUS_SAVED|String|false|true
17:14:13.0 (273456364)|VARIABLE_SCOPE_BEGIN|[110]|auConstantCmn.CX_KNOWLEDGE_STATUS_TEMPORARY_SAVED|String|false|true
17:14:13.0 (273488011)|VARIABLE_SCOPE_BEGIN|[20]|auConstantCmn.FORGOT_PASSWORD_ERR_MESSAGE001|String|false|true
17:14:13.0 (273512274)|VARIABLE_SCOPE_BEGIN|[127]|auConstantCmn.HONBU_DIRECT_DETAIL_TYPE_FAVORITE|String|false|true
17:14:13.0 (273539247)|VARIABLE_SCOPE_BEGIN|[126]|auConstantCmn.HONBU_DIRECT_DETAIL_TYPE_READ|String|false|true
17:14:13.0 (273572106)|VARIABLE_SCOPE_BEGIN|[118]|auConstantCmn.KDDI_KNOWLEDGE_STATUS_SAVED|String|false|true
17:14:13.0 (273603281)|VARIABLE_SCOPE_BEGIN|[117]|auConstantCmn.KDDI_KNOWLEDGE_STATUS_TEMPORARY_SAVED|String|false|true
17:14:13.0 (273632262)|VARIABLE_SCOPE_BEGIN|[14]|auConstantCmn.LOGIN_ERR_MESSAGE001|String|false|true
17:14:13.0 (273661633)|VARIABLE_SCOPE_BEGIN|[15]|auConstantCmn.LOGIN_ERR_MESSAGE002|String|false|true
17:14:13.0 (273693419)|VARIABLE_SCOPE_BEGIN|[16]|auConstantCmn.LOGIN_ERR_MESSAGE003|String|false|true
17:14:13.0 (273721213)|VARIABLE_SCOPE_BEGIN|[17]|auConstantCmn.LOGIN_ERR_MESSAGE004|String|false|true
17:14:13.0 (273762416)|VARIABLE_SCOPE_BEGIN|[93]|auConstantCmn.PAGE_ALIAS_SHOP_CX|String|false|true
17:14:13.0 (273800561)|VARIABLE_SCOPE_BEGIN|[84]|auConstantCmn.PAGE_ALIAS_SHOP_EVENTS|String|false|true
17:14:13.0 (273837474)|VARIABLE_SCOPE_BEGIN|[70]|auConstantCmn.PAGE_ALIAS_SHOP_FORGOTPW|String|false|true
17:14:13.0 (273872208)|VARIABLE_SCOPE_BEGIN|[74]|auConstantCmn.PAGE_ALIAS_SHOP_FORGOTPWCOMP|String|false|true
17:14:13.0 (273898059)|VARIABLE_SCOPE_BEGIN|[81]|auConstantCmn.PAGE_ALIAS_SHOP_HOME|String|false|true
17:14:13.0 (273934849)|VARIABLE_SCOPE_BEGIN|[62]|auConstantCmn.PAGE_ALIAS_SHOP_LOGIN|String|false|true
17:14:13.0 (273962680)|VARIABLE_SCOPE_BEGIN|[66]|auConstantCmn.PAGE_ALIAS_SHOP_LOGOUT|String|false|true
17:14:13.0 (273983317)|VARIABLE_SCOPE_BEGIN|[78]|auConstantCmn.PAGE_ALIAS_SHOP_PASSWORDSIGNUP|String|false|true
17:14:13.0 (274031096)|VARIABLE_SCOPE_BEGIN|[99]|auConstantCmn.PAGE_ALIAS_SHOP_SCHEDULE|String|false|true
17:14:13.0 (274071441)|VARIABLE_SCOPE_BEGIN|[102]|auConstantCmn.PAGE_ALIAS_SHOP_SCHEDULE_LIST|String|false|true
17:14:13.0 (274112570)|VARIABLE_SCOPE_BEGIN|[87]|auConstantCmn.PAGE_ALIAS_SHOP_STPD|String|false|true
17:14:13.0 (274153450)|VARIABLE_SCOPE_BEGIN|[96]|auConstantCmn.PAGE_ALIAS_SHOP_TIMELINE_CX|String|false|true
17:14:13.0 (274186576)|VARIABLE_SCOPE_BEGIN|[90]|auConstantCmn.PAGE_ALIAS_SHOP_TIMELINE_STPD|String|false|true
17:14:13.0 (274222804)|VARIABLE_SCOPE_BEGIN|[92]|auConstantCmn.PAGE_VF_SHOP_CX|String|false|true
17:14:13.0 (274264288)|VARIABLE_SCOPE_BEGIN|[83]|auConstantCmn.PAGE_VF_SHOP_EVENTS|String|false|true
17:14:13.0 (274305593)|VARIABLE_SCOPE_BEGIN|[69]|auConstantCmn.PAGE_VF_SHOP_FORGOTPW|String|false|true
17:14:13.0 (274344682)|VARIABLE_SCOPE_BEGIN|[73]|auConstantCmn.PAGE_VF_SHOP_FORGOTPWCOMP|String|false|true
17:14:13.0 (274380787)|VARIABLE_SCOPE_BEGIN|[80]|auConstantCmn.PAGE_VF_SHOP_HOME|String|false|true
17:14:13.0 (274418115)|VARIABLE_SCOPE_BEGIN|[61]|auConstantCmn.PAGE_VF_SHOP_LOGIN|String|false|true
17:14:13.0 (274441368)|VARIABLE_SCOPE_BEGIN|[65]|auConstantCmn.PAGE_VF_SHOP_LOGOUT|String|false|true
17:14:13.0 (274474868)|VARIABLE_SCOPE_BEGIN|[77]|auConstantCmn.PAGE_VF_SHOP_PASSWORDSIGNUP|String|false|true
17:14:13.0 (274513877)|VARIABLE_SCOPE_BEGIN|[98]|auConstantCmn.PAGE_VF_SHOP_SCHEDULE|String|false|true
17:14:13.0 (274552565)|VARIABLE_SCOPE_BEGIN|[101]|auConstantCmn.PAGE_VF_SHOP_SCHEDULE_LIST|String|false|true
17:14:13.0 (274588133)|VARIABLE_SCOPE_BEGIN|[86]|auConstantCmn.PAGE_VF_SHOP_STPD|String|false|true
17:14:13.0 (274623193)|VARIABLE_SCOPE_BEGIN|[95]|auConstantCmn.PAGE_VF_SHOP_TIMELINE_CX|String|false|true
17:14:13.0 (274651894)|VARIABLE_SCOPE_BEGIN|[89]|auConstantCmn.PAGE_VF_SHOP_TIMELINE_STPD|String|false|true
17:14:13.0 (274678753)|VARIABLE_SCOPE_BEGIN|[28]|auConstantCmn.PASSWORD_SIGNUP_ERR_EXPIREDURL|String|false|true
17:14:13.0 (274704157)|VARIABLE_SCOPE_BEGIN|[31]|auConstantCmn.PASSWORD_SIGNUP_ERR_INTERNAL|String|false|true
17:14:13.0 (274744355)|VARIABLE_SCOPE_BEGIN|[29]|auConstantCmn.PASSWORD_SIGNUP_ERR_INVALIDURL|String|false|true
17:14:13.0 (274784113)|VARIABLE_SCOPE_BEGIN|[23]|auConstantCmn.PASSWORD_SIGNUP_ERR_MESSAGE001|String|false|true
17:14:13.0 (274837621)|VARIABLE_SCOPE_BEGIN|[24]|auConstantCmn.PASSWORD_SIGNUP_ERR_MESSAGE002|String|false|true
17:14:13.0 (274877234)|VARIABLE_SCOPE_BEGIN|[25]|auConstantCmn.PASSWORD_SIGNUP_ERR_MESSAGE003|String|false|true
17:14:13.0 (274915232)|VARIABLE_SCOPE_BEGIN|[26]|auConstantCmn.PASSWORD_SIGNUP_ERR_MESSAGE004|String|false|true
17:14:13.0 (274953850)|VARIABLE_SCOPE_BEGIN|[27]|auConstantCmn.PASSWORD_SIGNUP_ERR_MESSAGE005|String|false|true
17:14:13.0 (274991437)|VARIABLE_SCOPE_BEGIN|[30]|auConstantCmn.PASSWORD_SIGNUP_ERR_OLDURL|String|false|true
17:14:13.0 (275039813)|VARIABLE_SCOPE_BEGIN|[35]|auConstantCmn.PROFILE_COMMUNITY_MANAGEMENT|String|false|true
17:14:13.0 (275102377)|VARIABLE_SCOPE_BEGIN|[36]|auConstantCmn.PROFILE_COMMUNITY_PRIMARY_AGENT|String|false|true
17:14:13.0 (275132176)|VARIABLE_SCOPE_BEGIN|[34]|auConstantCmn.PROFILE_COMMUNITY_SHOP|String|false|true
17:14:13.0 (275155180)|VARIABLE_SCOPE_BEGIN|[48]|auConstantCmn.PROFILE_EVOLVA_ADMIN_USER|String|false|true
17:14:13.0 (275177528)|VARIABLE_SCOPE_BEGIN|[47]|auConstantCmn.PROFILE_EVOLVA_USER|String|false|true
17:14:13.0 (275199546)|VARIABLE_SCOPE_BEGIN|[37]|auConstantCmn.PROFILE_KDDI_BRANCH|String|false|true
17:14:13.0 (275244821)|VARIABLE_SCOPE_BEGIN|[38]|auConstantCmn.PROFILE_KDDI_BRANCH_V2|String|false|true
17:14:13.0 (275280901)|VARIABLE_SCOPE_BEGIN|[41]|auConstantCmn.PROFILE_KDDI_HEADQUARTERS|String|false|true
17:14:13.0 (275303708)|VARIABLE_SCOPE_BEGIN|[42]|auConstantCmn.PROFILE_KDDI_HEADQUARTERS_V2|String|false|true
17:14:13.0 (275328213)|VARIABLE_SCOPE_BEGIN|[44]|auConstantCmn.PROFILE_KDDI_KNOWLEDGE_ACTIVITIES|String|false|true
17:14:13.0 (275354311)|VARIABLE_SCOPE_BEGIN|[43]|auConstantCmn.PROFILE_KDDI_KNOWLEDGE_ONLY|String|false|true
17:14:13.0 (275381239)|VARIABLE_SCOPE_BEGIN|[39]|auConstantCmn.PROFILE_KDDI_REGIONAL_OFFICE|String|false|true
17:14:13.0 (275416086)|VARIABLE_SCOPE_BEGIN|[40]|auConstantCmn.PROFILE_KDDI_REGIONAL_OFFICE_V2|String|false|true
17:14:13.0 (275449526)|VARIABLE_SCOPE_BEGIN|[46]|auConstantCmn.PROFILE_SA_USER_CSA|String|false|true
17:14:13.0 (275490642)|VARIABLE_SCOPE_BEGIN|[45]|auConstantCmn.PROFILE_SA_USER_SA|String|false|true
17:14:13.0 (275543433)|VARIABLE_SCOPE_BEGIN|[49]|auConstantCmn.PROFILE_SYSADMIN_CUSTOM|String|false|true
17:14:13.0 (275590287)|VARIABLE_SCOPE_BEGIN|[50]|auConstantCmn.PROFILE_SYSADMIN_DEFAULT_EN|String|false|true
17:14:13.0 (275668771)|VARIABLE_SCOPE_BEGIN|[51]|auConstantCmn.PROFILE_SYSADMIN_DEFAULT_JP|String|false|true
17:14:13.0 (275727036)|VARIABLE_SCOPE_BEGIN|[9]|auConstantCmn.ROLE_CODE_EVOLVA_HONBU|String|false|true
17:14:13.0 (275797078)|VARIABLE_SCOPE_BEGIN|[10]|auConstantCmn.ROLE_CODE_EVOLVA_SHISHA|String|false|true
17:14:13.0 (275848506)|VARIABLE_SCOPE_BEGIN|[11]|auConstantCmn.ROLE_CODE_EVOLVA_SHITEN|String|false|true
17:14:13.0 (275894166)|VARIABLE_SCOPE_BEGIN|[7]|auConstantCmn.ROLE_CODE_HONBU|String|false|true
17:14:13.0 (275955248)|VARIABLE_SCOPE_BEGIN|[8]|auConstantCmn.ROLE_CODE_SA_HONBU|String|false|true
17:14:13.0 (276010745)|VARIABLE_SCOPE_BEGIN|[123]|auConstantCmn.USER_CLASSIFICATION_CONTRACTOR|String|false|true
17:14:13.0 (276144889)|VARIABLE_SCOPE_BEGIN|[122]|auConstantCmn.USER_CLASSIFICATION_CSA|String|false|true
17:14:13.0 (276191468)|VARIABLE_SCOPE_BEGIN|[121]|auConstantCmn.USER_CLASSIFICATION_SA|String|false|true
17:14:13.0 (276266204)|HEAP_ALLOCATE|[60]|Bytes:11
17:14:13.0 (276331509)|VARIABLE_ASSIGNMENT|[60]|auConstantCmn.ACCESS_TYPE_KDDI|"KDDI_ACCESS"
17:14:13.0 (276355728)|HEAP_ALLOCATE|[60]|Bytes:9
17:14:13.0 (276375481)|VARIABLE_ASSIGNMENT|[60]|auConstantCmn.ACCESS_TYPE_SA|"SA_ACCESS"
17:14:13.0 (276392658)|HEAP_ALLOCATE|[60]|Bytes:11
17:14:13.0 (276414939)|VARIABLE_ASSIGNMENT|[60]|auConstantCmn.ACCESS_TYPE_SHOP|"SHOP_ACCESS"
17:14:13.0 (276434933)|HEAP_ALLOCATE|[60]|Bytes:5
17:14:13.0 (276455487)|VARIABLE_ASSIGNMENT|[60]|auConstantCmn.ACCOUNT_CHANNEL_DAIRITEN|"一次代理店"
17:14:13.0 (276476956)|HEAP_ALLOCATE|[60]|Bytes:6
17:14:13.0 (276497859)|VARIABLE_ASSIGNMENT|[60]|auConstantCmn.ACCOUNT_CHANNEL_SHOP|"auショップ"
17:14:13.0 (276533645)|HEAP_ALLOCATE|[60]|Bytes:4
17:14:13.0 (276551391)|VARIABLE_ASSIGNMENT|[60]|auConstantCmn.ACCOUNT_CHANNEL_UNEIHOJIN|"運営法人"
17:14:13.0 (276568805)|HEAP_ALLOCATE|[60]|Bytes:8
17:14:13.0 (276598846)|VARIABLE_ASSIGNMENT|[60]|auConstantCmn.CX_KNOWLEDGE_SHARING_NATIONAL|"National"
17:14:13.0 (276623044)|HEAP_ALLOCATE|[60]|Bytes:14
17:14:13.0 (276641519)|VARIABLE_ASSIGNMENT|[60]|auConstantCmn.CX_KNOWLEDGE_SHARING_REGIONAL_OFFICE|"RegionalOffice"
17:14:13.0 (276658440)|HEAP_ALLOCATE|[60]|Bytes:8
17:14:13.0 (276677757)|VARIABLE_ASSIGNMENT|[60]|auConstantCmn.CX_KNOWLEDGE_STATUS_APPROVED|"Approved"
17:14:13.0 (276698943)|HEAP_ALLOCATE|[60]|Bytes:16
17:14:13.0 (276730553)|VARIABLE_ASSIGNMENT|[60]|auConstantCmn.CX_KNOWLEDGE_STATUS_NATIONAL_APPROVED|"NationalApproved"
17:14:13.0 (276756894)|HEAP_ALLOCATE|[60]|Bytes:8
17:14:13.0 (276776372)|VARIABLE_ASSIGNMENT|[60]|auConstantCmn.CX_KNOWLEDGE_STATUS_REJECTED|"Rejected"
17:14:13.0 (276800699)|HEAP_ALLOCATE|[60]|Bytes:5
17:14:13.0 (276818919)|VARIABLE_ASSIGNMENT|[60]|auConstantCmn.CX_KNOWLEDGE_STATUS_SAVED|"Saved"
17:14:13.0 (276833232)|HEAP_ALLOCATE|[60]|Bytes:14
17:14:13.0 (276851523)|VARIABLE_ASSIGNMENT|[60]|auConstantCmn.CX_KNOWLEDGE_STATUS_TEMPORARY_SAVED|"TemporarySaved"
17:14:13.0 (276867166)|HEAP_ALLOCATE|[60]|Bytes:12
17:14:13.0 (276886072)|VARIABLE_ASSIGNMENT|[60]|auConstantCmn.FORGOT_PASSWORD_ERR_MESSAGE001|"IDを入力してください。"
17:14:13.0 (276898675)|HEAP_ALLOCATE|[60]|Bytes:8
17:14:13.0 (276925017)|VARIABLE_ASSIGNMENT|[60]|auConstantCmn.HONBU_DIRECT_DETAIL_TYPE_FAVORITE|"FAVORITE"
17:14:13.0 (276946173)|HEAP_ALLOCATE|[60]|Bytes:4
17:14:13.0 (276970406)|VARIABLE_ASSIGNMENT|[60]|auConstantCmn.HONBU_DIRECT_DETAIL_TYPE_READ|"READ"
17:14:13.0 (276994410)|HEAP_ALLOCATE|[60]|Bytes:5
17:14:13.0 (277020041)|VARIABLE_ASSIGNMENT|[60]|auConstantCmn.KDDI_KNOWLEDGE_STATUS_SAVED|"Saved"
17:14:13.0 (277050699)|HEAP_ALLOCATE|[60]|Bytes:14
17:14:13.0 (277086431)|VARIABLE_ASSIGNMENT|[60]|auConstantCmn.KDDI_KNOWLEDGE_STATUS_TEMPORARY_SAVED|"TemporarySaved"
17:14:13.0 (277101869)|HEAP_ALLOCATE|[60]|Bytes:15
17:14:13.0 (277135379)|VARIABLE_ASSIGNMENT|[60]|auConstantCmn.LOGIN_ERR_MESSAGE001|"パスワードを入力してください。"
17:14:13.0 (277153251)|HEAP_ALLOCATE|[60]|Bytes:27
17:14:13.0 (277186894)|VARIABLE_ASSIGNMENT|[60]|auConstantCmn.LOGIN_ERR_MESSAGE002|"8文字以上の英数字混在のパスワードを指定 (7 more) ..."
17:14:13.0 (277212638)|HEAP_ALLOCATE|[60]|Bytes:19
17:14:13.0 (277238638)|VARIABLE_ASSIGNMENT|[60]|auConstantCmn.LOGIN_ERR_MESSAGE003|"ID或いはパスワードが間違っています。"
17:14:13.0 (277282112)|HEAP_ALLOCATE|[60]|Bytes:46
17:14:13.0 (277317359)|VARIABLE_ASSIGNMENT|[60]|auConstantCmn.LOGIN_ERR_MESSAGE004|"ログイン失敗回数を超えた為、ロックされま (26 more) ..."
17:14:13.0 (277336773)|HEAP_ALLOCATE|[60]|Bytes:3
17:14:13.0 (277358667)|VARIABLE_ASSIGNMENT|[60]|auConstantCmn.PAGE_ALIAS_SHOP_CX|"/CX"
17:14:13.0 (277375973)|HEAP_ALLOCATE|[60]|Bytes:7
17:14:13.0 (277409317)|VARIABLE_ASSIGNMENT|[60]|auConstantCmn.PAGE_ALIAS_SHOP_EVENTS|"/events"
17:14:13.0 (277433541)|HEAP_ALLOCATE|[60]|Bytes:16
17:14:13.0 (277467747)|VARIABLE_ASSIGNMENT|[60]|auConstantCmn.PAGE_ALIAS_SHOP_FORGOTPW|"/forgot-password"
17:14:13.0 (277504451)|HEAP_ALLOCATE|[60]|Bytes:25
17:14:13.0 (277535683)|VARIABLE_ASSIGNMENT|[60]|auConstantCmn.PAGE_ALIAS_SHOP_FORGOTPWCOMP|"/forgot-password-com (5 more) ..."
17:14:13.0 (277558945)|HEAP_ALLOCATE|[60]|Bytes:5
17:14:13.0 (277595888)|VARIABLE_ASSIGNMENT|[60]|auConstantCmn.PAGE_ALIAS_SHOP_HOME|"/home"
17:14:13.0 (277613444)|HEAP_ALLOCATE|[60]|Bytes:6
17:14:13.0 (277648349)|VARIABLE_ASSIGNMENT|[60]|auConstantCmn.PAGE_ALIAS_SHOP_LOGIN|"/login"
17:14:13.0 (277672189)|HEAP_ALLOCATE|[60]|Bytes:7
17:14:13.0 (277701755)|VARIABLE_ASSIGNMENT|[60]|auConstantCmn.PAGE_ALIAS_SHOP_LOGOUT|"/logout"
17:14:13.0 (277721199)|HEAP_ALLOCATE|[60]|Bytes:16
17:14:13.0 (277757375)|VARIABLE_ASSIGNMENT|[60]|auConstantCmn.PAGE_ALIAS_SHOP_PASSWORDSIGNUP|"/password-signup"
17:14:13.0 (277775533)|HEAP_ALLOCATE|[60]|Bytes:9
17:14:13.0 (277807252)|VARIABLE_ASSIGNMENT|[60]|auConstantCmn.PAGE_ALIAS_SHOP_SCHEDULE|"/calendar"
17:14:13.0 (277821784)|HEAP_ALLOCATE|[60]|Bytes:11
17:14:13.0 (277848156)|VARIABLE_ASSIGNMENT|[60]|auConstantCmn.PAGE_ALIAS_SHOP_SCHEDULE_LIST|"/activities"
17:14:13.0 (277871608)|HEAP_ALLOCATE|[60]|Bytes:5
17:14:13.0 (277907123)|VARIABLE_ASSIGNMENT|[60]|auConstantCmn.PAGE_ALIAS_SHOP_STPD|"/STPD"
17:14:13.0 (277931027)|HEAP_ALLOCATE|[60]|Bytes:11
17:14:13.0 (277963678)|VARIABLE_ASSIGNMENT|[60]|auConstantCmn.PAGE_ALIAS_SHOP_TIMELINE_CX|"/timelineCX"
17:14:13.0 (277985873)|HEAP_ALLOCATE|[60]|Bytes:13
17:14:13.0 (278014397)|VARIABLE_ASSIGNMENT|[60]|auConstantCmn.PAGE_ALIAS_SHOP_TIMELINE_STPD|"/timelineSTPD"
17:14:13.0 (278038500)|HEAP_ALLOCATE|[60]|Bytes:27
17:14:13.0 (278089010)|VARIABLE_ASSIGNMENT|[60]|auConstantCmn.PAGE_VF_SHOP_CX|"/apex/auCXKnowledgeL (7 more) ..."
17:14:13.0 (278114588)|HEAP_ALLOCATE|[60]|Bytes:22
17:14:13.0 (278157813)|VARIABLE_ASSIGNMENT|[60]|auConstantCmn.PAGE_VF_SHOP_EVENTS|"/apex/auEventsListPa (2 more) ..."
17:14:13.0 (278180319)|HEAP_ALLOCATE|[60]|Bytes:21
17:14:13.0 (278208729)|VARIABLE_ASSIGNMENT|[60]|auConstantCmn.PAGE_VF_SHOP_FORGOTPW|"/auForgotPasswordPag (1 more) ..."
17:14:13.0 (278233537)|HEAP_ALLOCATE|[60]|Bytes:29
17:14:13.0 (278261493)|VARIABLE_ASSIGNMENT|[60]|auConstantCmn.PAGE_VF_SHOP_FORGOTPWCOMP|"/auForgotPasswordCom (9 more) ..."
17:14:13.0 (278278304)|HEAP_ALLOCATE|[60]|Bytes:24
17:14:13.0 (278309542)|VARIABLE_ASSIGNMENT|[60]|auConstantCmn.PAGE_VF_SHOP_HOME|"/apex/auSwitchScreen (4 more) ..."
17:14:13.0 (278326772)|HEAP_ALLOCATE|[60]|Bytes:12
17:14:13.0 (278355692)|VARIABLE_ASSIGNMENT|[60]|auConstantCmn.PAGE_VF_SHOP_LOGIN|"/auLoginPage"
17:14:13.0 (278368230)|HEAP_ALLOCATE|[60]|Bytes:13
17:14:13.0 (278410116)|VARIABLE_ASSIGNMENT|[60]|auConstantCmn.PAGE_VF_SHOP_LOGOUT|"/auLogoutPage"
17:14:13.0 (278424708)|HEAP_ALLOCATE|[60]|Bytes:21
17:14:13.0 (278458253)|VARIABLE_ASSIGNMENT|[60]|auConstantCmn.PAGE_VF_SHOP_PASSWORDSIGNUP|"/auPasswordSignupPag (1 more) ..."
17:14:13.0 (278476183)|HEAP_ALLOCATE|[60]|Bytes:16
17:14:13.0 (278508493)|VARIABLE_ASSIGNMENT|[60]|auConstantCmn.PAGE_VF_SHOP_SCHEDULE|"/apex/auSchedule"
17:14:13.0 (278528369)|HEAP_ALLOCATE|[60]|Bytes:20
17:14:13.0 (278562476)|VARIABLE_ASSIGNMENT|[60]|auConstantCmn.PAGE_VF_SHOP_SCHEDULE_LIST|"/apex/auScheduleList"
17:14:13.0 (278579286)|HEAP_ALLOCATE|[60]|Bytes:20
17:14:13.0 (278603511)|VARIABLE_ASSIGNMENT|[60]|auConstantCmn.PAGE_VF_SHOP_STPD|"/apex/auSTPDListPage"
17:14:13.0 (278626293)|HEAP_ALLOCATE|[60]|Bytes:31
17:14:13.0 (278682119)|VARIABLE_ASSIGNMENT|[60]|auConstantCmn.PAGE_VF_SHOP_TIMELINE_CX|"/apex/auCxKnowledgeT (11 more) ..."
17:14:13.0 (278696298)|HEAP_ALLOCATE|[60]|Bytes:24
17:14:13.0 (278726073)|VARIABLE_ASSIGNMENT|[60]|auConstantCmn.PAGE_VF_SHOP_TIMELINE_STPD|"/apex/auSTPDTimeline (4 more) ..."
17:14:13.0 (278743380)|HEAP_ALLOCATE|[60]|Bytes:55
17:14:13.0 (278779737)|VARIABLE_ASSIGNMENT|[60]|auConstantCmn.PASSWORD_SIGNUP_ERR_EXPIREDURL|"パスワードリセットの有効期限が切れていま (35 more) ..."
17:14:13.0 (278807199)|HEAP_ALLOCATE|[60]|Bytes:27
17:14:13.0 (278841596)|VARIABLE_ASSIGNMENT|[60]|auConstantCmn.PASSWORD_SIGNUP_ERR_INTERNAL|"内部エラーが発生しました。サイト管理者に (7 more) ..."
17:14:13.0 (278861022)|HEAP_ALLOCATE|[60]|Bytes:51
17:14:13.0 (278906406)|VARIABLE_ASSIGNMENT|[60]|auConstantCmn.PASSWORD_SIGNUP_ERR_INVALIDURL|"不正なパスワードリセットURLです。<b (31 more) ..."
17:14:13.0 (278923152)|HEAP_ALLOCATE|[60]|Bytes:15
17:14:13.0 (278949903)|VARIABLE_ASSIGNMENT|[60]|auConstantCmn.PASSWORD_SIGNUP_ERR_MESSAGE001|"パスワードを入力してください。"
17:14:13.0 (278966225)|HEAP_ALLOCATE|[60]|Bytes:19
17:14:13.0 (278995498)|VARIABLE_ASSIGNMENT|[60]|auConstantCmn.PASSWORD_SIGNUP_ERR_MESSAGE002|"確認用のパスワードを入力してください。"
17:14:13.0 (279018772)|HEAP_ALLOCATE|[60]|Bytes:27
17:14:13.0 (279060237)|VARIABLE_ASSIGNMENT|[60]|auConstantCmn.PASSWORD_SIGNUP_ERR_MESSAGE003|"8文字以上の英数字混在のパスワードを指定 (7 more) ..."
17:14:13.0 (279076470)|HEAP_ALLOCATE|[60]|Bytes:22
17:14:13.0 (279127274)|VARIABLE_ASSIGNMENT|[60]|auConstantCmn.PASSWORD_SIGNUP_ERR_MESSAGE004|"パスワードと確認用のパスワードが不一致で (2 more) ..."
17:14:13.0 (279148973)|HEAP_ALLOCATE|[60]|Bytes:21
17:14:13.0 (279184605)|VARIABLE_ASSIGNMENT|[60]|auConstantCmn.PASSWORD_SIGNUP_ERR_MESSAGE005|"以前利用したパスワードはご利用できません (1 more) ..."
17:14:13.0 (279204202)|HEAP_ALLOCATE|[60]|Bytes:46
17:14:13.0 (279242290)|VARIABLE_ASSIGNMENT|[60]|auConstantCmn.PASSWORD_SIGNUP_ERR_OLDURL|"以前のパスワードリセットURLは利用でき (26 more) ..."
17:14:13.0 (279259423)|HEAP_ALLOCATE|[60]|Bytes:14
17:14:13.0 (279293748)|VARIABLE_ASSIGNMENT|[60]|auConstantCmn.PROFILE_COMMUNITY_MANAGEMENT|"au ショップ - 運営法人"
17:14:13.0 (279311761)|HEAP_ALLOCATE|[60]|Bytes:15
17:14:13.0 (279349857)|VARIABLE_ASSIGNMENT|[60]|auConstantCmn.PROFILE_COMMUNITY_PRIMARY_AGENT|"au ショップ - 一次代理店"
17:14:13.0 (279375628)|HEAP_ALLOCATE|[60]|Bytes:12
17:14:13.0 (279415971)|VARIABLE_ASSIGNMENT|[60]|auConstantCmn.PROFILE_COMMUNITY_SHOP|"au ショップ - 店舗"
17:14:13.0 (279432816)|HEAP_ALLOCATE|[60]|Bytes:17
17:14:13.0 (279474249)|VARIABLE_ASSIGNMENT|[60]|auConstantCmn.PROFILE_EVOLVA_ADMIN_USER|"Evolva Admin User"
17:14:13.0 (279493821)|HEAP_ALLOCATE|[60]|Bytes:11
17:14:13.0 (279530677)|VARIABLE_ASSIGNMENT|[60]|auConstantCmn.PROFILE_EVOLVA_USER|"Evolva User"
17:14:13.0 (279546119)|HEAP_ALLOCATE|[60]|Bytes:9
17:14:13.0 (279598913)|VARIABLE_ASSIGNMENT|[60]|auConstantCmn.PROFILE_KDDI_BRANCH|"KDDI - 支店"
17:14:13.0 (279618043)|HEAP_ALLOCATE|[60]|Bytes:12
17:14:13.0 (279650034)|VARIABLE_ASSIGNMENT|[60]|auConstantCmn.PROFILE_KDDI_BRANCH_V2|"KDDI - 支店 v2"
17:14:13.0 (279666437)|HEAP_ALLOCATE|[60]|Bytes:9
17:14:13.0 (279702344)|VARIABLE_ASSIGNMENT|[60]|auConstantCmn.PROFILE_KDDI_HEADQUARTERS|"KDDI - 本部"
17:14:13.0 (279715446)|HEAP_ALLOCATE|[60]|Bytes:12
17:14:13.0 (279747487)|VARIABLE_ASSIGNMENT|[60]|auConstantCmn.PROFILE_KDDI_HEADQUARTERS_V2|"KDDI - 本部 v2"
17:14:13.0 (279764477)|HEAP_ALLOCATE|[60]|Bytes:29
17:14:13.0 (279800259)|VARIABLE_ASSIGNMENT|[60]|auConstantCmn.PROFILE_KDDI_KNOWLEDGE_ACTIVITIES|"KDDI - Knowledge & A (9 more) ..."
17:14:13.0 (279822497)|HEAP_ALLOCATE|[60]|Bytes:21
17:14:13.0 (279865191)|VARIABLE_ASSIGNMENT|[60]|auConstantCmn.PROFILE_KDDI_KNOWLEDGE_ONLY|"KDDI - Knowledge onl (1 more) ..."
17:14:13.0 (279888572)|HEAP_ALLOCATE|[60]|Bytes:9
17:14:13.0 (279922005)|VARIABLE_ASSIGNMENT|[60]|auConstantCmn.PROFILE_KDDI_REGIONAL_OFFICE|"KDDI - 支社"
17:14:13.0 (279936474)|HEAP_ALLOCATE|[60]|Bytes:12
17:14:13.0 (279968366)|VARIABLE_ASSIGNMENT|[60]|auConstantCmn.PROFILE_KDDI_REGIONAL_OFFICE_V2|"KDDI - 支社 v2"
17:14:13.0 (279990395)|HEAP_ALLOCATE|[60]|Bytes:13
17:14:13.0 (280049135)|VARIABLE_ASSIGNMENT|[60]|auConstantCmn.PROFILE_SA_USER_CSA|"SA User - CSA"
17:14:13.0 (280067643)|HEAP_ALLOCATE|[60]|Bytes:12
17:14:13.0 (280109704)|VARIABLE_ASSIGNMENT|[60]|auConstantCmn.PROFILE_SA_USER_SA|"SA User - SA"
17:14:13.0 (280123804)|HEAP_ALLOCATE|[60]|Bytes:12
17:14:13.0 (280168226)|VARIABLE_ASSIGNMENT|[60]|auConstantCmn.PROFILE_SYSADMIN_CUSTOM|"System Admin"
17:14:13.0 (280182721)|HEAP_ALLOCATE|[60]|Bytes:20
17:14:13.0 (280222259)|VARIABLE_ASSIGNMENT|[60]|auConstantCmn.PROFILE_SYSADMIN_DEFAULT_EN|"System Administrator"
17:14:13.0 (280239645)|HEAP_ALLOCATE|[60]|Bytes:7
17:14:13.0 (280277178)|VARIABLE_ASSIGNMENT|[60]|auConstantCmn.PROFILE_SYSADMIN_DEFAULT_JP|"システム管理者"
17:14:13.0 (280292002)|HEAP_ALLOCATE|[60]|Bytes:7
17:14:13.0 (280315448)|VARIABLE_ASSIGNMENT|[60]|auConstantCmn.ROLE_CODE_EVOLVA_HONBU|"E000000"
17:14:13.0 (280351290)|HEAP_ALLOCATE|[60]|Bytes:6
17:14:13.0 (281512055)|VARIABLE_ASSIGNMENT|[60]|auConstantCmn.ROLE_CODE_EVOLVA_SHISHA|"EKEV01"
17:14:13.0 (281551990)|HEAP_ALLOCATE|[60]|Bytes:8
17:14:13.0 (281592403)|VARIABLE_ASSIGNMENT|[60]|auConstantCmn.ROLE_CODE_EVOLVA_SHITEN|"EKEV0101"
17:14:13.0 (281608256)|HEAP_ALLOCATE|[60]|Bytes:7
17:14:13.0 (281645614)|VARIABLE_ASSIGNMENT|[60]|auConstantCmn.ROLE_CODE_HONBU|"C000000"
17:14:13.0 (281673602)|HEAP_ALLOCATE|[60]|Bytes:7
17:14:13.0 (281733714)|VARIABLE_ASSIGNMENT|[60]|auConstantCmn.ROLE_CODE_SA_HONBU|"S000000"
17:14:13.0 (281773421)|HEAP_ALLOCATE|[60]|Bytes:10
17:14:13.0 (281818329)|VARIABLE_ASSIGNMENT|[60]|auConstantCmn.USER_CLASSIFICATION_CONTRACTOR|"CONTRACTOR"
17:14:13.0 (281838146)|HEAP_ALLOCATE|[60]|Bytes:3
17:14:13.0 (281883862)|VARIABLE_ASSIGNMENT|[60]|auConstantCmn.USER_CLASSIFICATION_CSA|"CSA"
17:14:13.0 (281897624)|HEAP_ALLOCATE|[60]|Bytes:2
17:14:13.0 (281930158)|VARIABLE_ASSIGNMENT|[60]|auConstantCmn.USER_CLASSIFICATION_SA|"SA"
17:14:13.0 (281973380)|METHOD_ENTRY|[4]|01p6F0000084Osz|auConstantCmn.auConstantCmn()
17:14:13.0 (281995729)|STATEMENT_EXECUTE|[4]
17:14:13.0 (282003962)|STATEMENT_EXECUTE|[4]
17:14:13.0 (283106910)|SYSTEM_MODE_ENTER|false
17:14:13.0 (283201135)|HEAP_ALLOCATE|[60]|Bytes:5
17:14:13.0 (283222813)|SYSTEM_MODE_EXIT|false
17:14:13.0 (283246396)|METHOD_EXIT|[4]|auConstantCmn
17:14:13.0 (283449639)|VARIABLE_ASSIGNMENT|[EXTERNAL]|this|{"currentUser":"0x8ab8ca7","isSAUser":false,"iTypeOfScreen":0,"urlReportsSFA":"https://au-portal.li (77 more) ..."}|0x216d13bd
17:14:13.0 (283625498)|VARIABLE_ASSIGNMENT|[EXTERNAL]|this|{"currentUser":"0x8ab8ca7","isSAUser":false,"iTypeOfScreen":0,"urlReportsSFA":"https://au-portal.li (77 more) ..."}|0x216d13bd
17:14:13.0 (283780757)|VARIABLE_ASSIGNMENT|[EXTERNAL]|this|{"currentUser":"0x8ab8ca7","isSAUser":false,"iTypeOfScreen":0,"urlReportsSFA":"https://au-portal.li (77 more) ..."}|0x216d13bd
17:14:13.0 (283845880)|HEAP_ALLOCATE|[60]|Bytes:5
17:14:13.0 (283868713)|VARIABLE_ASSIGNMENT|[60]|this.isSAUser|false|0x216d13bd
17:14:13.0 (322509148)|SYSTEM_MODE_ENTER|true
17:14:13.0 (322583424)|HEAP_ALLOCATE|[EXTERNAL]|Bytes:260
17:14:13.0 (322596953)|HEAP_ALLOCATE|[EXTERNAL]|Bytes:52
17:14:13.0 (322612948)|METHOD_ENTRY|[1]|01p6F0000084OtZ|auSwitchScreenCtrl.auSwitchScreenCtrl()
17:14:13.0 (322625196)|STATEMENT_EXECUTE|[1]
17:14:13.0 (322631977)|STATEMENT_EXECUTE|[1]
17:14:13.0 (322638348)|SYSTEM_MODE_ENTER|false
17:14:13.0 (322651653)|HEAP_ALLOCATE|[EXTERNAL]|Bytes:5
17:14:13.0 (322663961)|SYSTEM_MODE_EXIT|false
17:14:13.0 (322677605)|METHOD_EXIT|[1]|auSwitchScreenCtrl
17:14:13.0 (322688336)|HEAP_ALLOCATE|[EXTERNAL]|Bytes:32
17:14:13.0 (322697648)|VARIABLE_SCOPE_BEGIN|[13]|this|auSwitchScreenCtrl|true|false
17:14:13.0 (322768798)|VARIABLE_ASSIGNMENT|[13]|this|{}|0x2fa8859f
17:14:13.0 (322787112)|SYSTEM_MODE_ENTER|false
17:14:13.0 (322794762)|HEAP_ALLOCATE|[15]|Bytes:5
17:14:13.0 (322804472)|STATEMENT_EXECUTE|[1]
17:14:13.0 (322809137)|HEAP_ALLOCATE|[15]|Bytes:5
17:14:13.0 (322814913)|STATEMENT_EXECUTE|[3]
17:14:13.0 (322816682)|STATEMENT_EXECUTE|[4]
17:14:13.0 (322819308)|STATEMENT_EXECUTE|[5]
17:14:13.0 (322820741)|STATEMENT_EXECUTE|[6]
17:14:13.0 (322822927)|STATEMENT_EXECUTE|[7]
17:14:13.0 (322824637)|STATEMENT_EXECUTE|[8]
17:14:13.0 (322826041)|STATEMENT_EXECUTE|[9]
17:14:13.0 (322847698)|STATEMENT_EXECUTE|[13]
17:14:13.0 (322849559)|STATEMENT_EXECUTE|[15]
17:14:13.0 (322916020)|HEAP_ALLOCATE|[15]|Bytes:28
17:14:13.0 (322959829)|HEAP_ALLOCATE|[15]|Bytes:617
17:14:13.0 (322998359)|HEAP_ALLOCATE|[15]|Bytes:10
17:14:13.0 (323022558)|VARIABLE_SCOPE_BEGIN|[15]|userAgent|String|false|false
17:14:13.0 (323048223)|VARIABLE_ASSIGNMENT|[15]|userAgent|"Mozilla/5.0 (Windows (94 more) ..."
17:14:13.0 (323056949)|STATEMENT_EXECUTE|[16]
17:14:13.0 (323061742)|HEAP_ALLOCATE|[16]|Bytes:6
17:14:13.0 (323177188)|VARIABLE_ASSIGNMENT|[EXTERNAL]|this|{}|0x2fa8859f
17:14:13.0 (323204496)|VARIABLE_ASSIGNMENT|[EXTERNAL]|value|false
17:14:13.0 (323222189)|HEAP_ALLOCATE|[9]|Bytes:5
17:14:13.0 (323235069)|VARIABLE_ASSIGNMENT|[9]|this.isIPhone|false|0x2fa8859f
17:14:13.0 (323248726)|STATEMENT_EXECUTE|[18]
17:14:13.0 (323253852)|HEAP_ALLOCATE|[18]|Bytes:54
17:14:13.0 (323271257)|HEAP_ALLOCATE|[18]|Bytes:4
17:14:13.0 (323290335)|METHOD_ENTRY|[20]||System.UserInfo.getUserId()
17:14:13.0 (323324018)|METHOD_EXIT|[20]||System.UserInfo.getUserId()
17:14:13.0 (346871026)|SOQL_EXECUTE_BEGIN|[18]|Aggregations:0|SELECT Profile.Name FROM User WHERE User.ID = :tmpVar1
17:14:13.0 (490373781)|SOQL_EXECUTE_END|[18]|Rows:1
17:14:13.0 (490417720)|HEAP_ALLOCATE|[18]|Bytes:8
17:14:13.0 (490454453)|HEAP_ALLOCATE|[18]|Bytes:127
17:14:13.0 (490501488)|HEAP_ALLOCATE|[18]|Bytes:8
17:14:13.0 (490557762)|HEAP_ALLOCATE|[18]|Bytes:16
17:14:13.0 (490581064)|VARIABLE_SCOPE_BEGIN|[18]|currentUser|User|true|false
17:14:13.0 (490656580)|VARIABLE_ASSIGNMENT|[18]|currentUser|{"ProfileId":"00e6F000002RS1oQAG","Id":"0056F000006PtYlQAK","Profile":{"Name":"System Administrator","Id":"00e6F000002RS1oQAG"}}|0x4a830bfc
17:14:13.0 (490682762)|STATEMENT_EXECUTE|[22]
17:14:13.0 (490967842)|VARIABLE_ASSIGNMENT|[EXTERNAL]|this|{"isIPhone":false}|0x2fa8859f
17:14:13.0 (491005194)|VARIABLE_ASSIGNMENT|[EXTERNAL]|value|false
17:14:13.0 (491024390)|HEAP_ALLOCATE|[3]|Bytes:5
17:14:13.0 (491045697)|VARIABLE_ASSIGNMENT|[3]|this.isCommunityUser|false|0x2fa8859f
17:14:13.0 (491074354)|STATEMENT_EXECUTE|[26]
17:14:13.0 (491239372)|VARIABLE_ASSIGNMENT|[EXTERNAL]|this|{"isCommunityUser":false,"isIPhone":false}|0x2fa8859f
17:14:13.0 (491273917)|VARIABLE_ASSIGNMENT|[EXTERNAL]|value|true
17:14:13.0 (491301022)|HEAP_ALLOCATE|[4]|Bytes:5
17:14:13.0 (491323462)|VARIABLE_ASSIGNMENT|[4]|this.isSystemAdministrator|true|0x2fa8859f
17:14:13.0 (491352875)|STATEMENT_EXECUTE|[30]
17:14:13.0 (491428905)|VARIABLE_ASSIGNMENT|[EXTERNAL]|this|{"isCommunityUser":false,"isIPhone":false,"isSystemAdministrator":true}|0x2fa8859f
17:14:13.0 (491787793)|VARIABLE_ASSIGNMENT|[EXTERNAL]|this|{"isCommunityUser":false,"isIPhone":false,"isSystemAdministrator":true}|0x2fa8859f
17:14:13.0 (491821143)|VARIABLE_ASSIGNMENT|[EXTERNAL]|value|true
17:14:13.0 (491838218)|HEAP_ALLOCATE|[5]|Bytes:5
17:14:13.0 (491858783)|VARIABLE_ASSIGNMENT|[5]|this.isKDDIUser|true|0x2fa8859f
17:14:13.0 (491882093)|STATEMENT_EXECUTE|[38]
17:14:13.0 (492161415)|VARIABLE_ASSIGNMENT|[EXTERNAL]|this|{"isCommunityUser":false,"isIPhone":false,"isKDDIUser":true,"isSystemAdministrator":true}|0x2fa8859f
17:14:13.0 (492199557)|VARIABLE_ASSIGNMENT|[EXTERNAL]|value|false
17:14:13.0 (492225039)|HEAP_ALLOCATE|[6]|Bytes:5
17:14:13.0 (492242374)|VARIABLE_ASSIGNMENT|[6]|this.isSAorEvolvaUser|false|0x2fa8859f
17:14:13.0 (492276713)|STATEMENT_EXECUTE|[43]
17:14:13.0 (492415212)|VARIABLE_ASSIGNMENT|[EXTERNAL]|this|{"isCommunityUser":false,"isIPhone":false,"isKDDIUser":true,"isSAorEvolvaUser":false,"isSystemAdministrator":true}|0x2fa8859f
17:14:13.0 (492445447)|VARIABLE_ASSIGNMENT|[EXTERNAL]|value|false
17:14:13.0 (492467938)|HEAP_ALLOCATE|[7]|Bytes:5
17:14:13.0 (492486137)|VARIABLE_ASSIGNMENT|[7]|this.isKDDIKnowledgeOnly|false|0x2fa8859f
17:14:13.0 (492513665)|STATEMENT_EXECUTE|[45]
17:14:13.0 (492651145)|VARIABLE_ASSIGNMENT|[EXTERNAL]|this|{"isCommunityUser":false,"isIPhone":false,"isKDDIKnowledgeOnly":false,"isKDDIUser":true,"isSAorEvolvaUser":false,"isSystemAdministrator":true}|0x2fa8859f
17:14:13.0 (492687978)|VARIABLE_ASSIGNMENT|[EXTERNAL]|value|false
17:14:13.0 (492706730)|HEAP_ALLOCATE|[8]|Bytes:5
17:14:13.0 (492722288)|VARIABLE_ASSIGNMENT|[8]|this.isKDDIKnowledgeActivities|false|0x2fa8859f
17:14:13.0 (492753002)|SYSTEM_MODE_EXIT|false
17:14:13.0 (492949054)|HEAP_ALLOCATE|[EXTERNAL]|Bytes:32
17:14:13.0 (492975260)|VARIABLE_SCOPE_BEGIN|[50]|this|auSwitchScreenCtrl|true|false
17:14:13.0 (493039186)|VARIABLE_ASSIGNMENT|[50]|this|{"isCommunityUser":false,"isIPhone":false,"isKDDIKnowledgeActivities":false,"isKDDIKnowledgeOnly":false,"isKDDIUser":true,"isSAorEvolvaUser":false,"isSystemAdministrator":true}|0x2fa8859f
17:14:13.0 (493073458)|SYSTEM_MODE_ENTER|false
17:14:13.0 (493089223)|HEAP_ALLOCATE|[52]|Bytes:5
17:14:13.0 (493100028)|STATEMENT_EXECUTE|[50]
17:14:13.0 (493104030)|STATEMENT_EXECUTE|[52]
17:14:13.0 (493110660)|HEAP_ALLOCATE|[52]|Bytes:63
17:14:13.0 (493139939)|HEAP_ALLOCATE|[52]|Bytes:4
17:14:13.0 (493160209)|METHOD_ENTRY|[54]||System.UserInfo.getUserId()
17:14:13.0 (493210504)|METHOD_EXIT|[54]||System.UserInfo.getUserId()
17:14:13.0 (493552658)|SOQL_EXECUTE_BEGIN|[52]|Aggregations:0|SELECT ForcePasswordReset__c FROM User WHERE User.ID = :tmpVar1
17:14:13.0 (503418685)|SOQL_EXECUTE_END|[52]|Rows:1
17:14:13.0 (503523474)|HEAP_ALLOCATE|[52]|Bytes:8
17:14:13.0 (503630354)|HEAP_ALLOCATE|[52]|Bytes:58
17:14:13.0 (503695457)|HEAP_ALLOCATE|[52]|Bytes:8
17:14:13.0 (503749437)|HEAP_ALLOCATE|[52]|Bytes:12
17:14:13.0 (503772374)|VARIABLE_SCOPE_BEGIN|[52]|currentUser|User|true|false
17:14:13.0 (503836231)|VARIABLE_ASSIGNMENT|[52]|currentUser|{"ForcePasswordReset__c":false,"Id":"0056F000006PtYlQAK"}|0x55c88d41
17:14:13.0 (503907810)|STATEMENT_EXECUTE|[56]
17:14:13.0 (504058507)|VARIABLE_ASSIGNMENT|[EXTERNAL]|this|{"isCommunityUser":false,"isIPhone":false,"isKDDIKnowledgeActivities":false,"isKDDIKnowledgeOnly":false,"isKDDIUser":true,"isSAorEvolvaUser":false,"isSystemAdministrator":true}|0x2fa8859f
17:14:13.0 (504107160)|STATEMENT_EXECUTE|[61]
17:14:13.0 (504112428)|STATEMENT_EXECUTE|[66]
17:14:13.0 (504121003)|SYSTEM_MODE_EXIT|false
17:14:13.0 (504880290)|SYSTEM_MODE_ENTER|true
17:14:13.0 (504926749)|HEAP_ALLOCATE|[EXTERNAL]|Bytes:44
17:14:13.0 (504944407)|VARIABLE_SCOPE_BEGIN|[48]|this|auMainTopCompCtrl|true|false
17:14:13.0 (529341033)|VARIABLE_ASSIGNMENT|[48]|this|{}|0x5868a01d
17:14:13.0 (529396508)|STATEMENT_EXECUTE|[1]
17:14:13.0 (529401624)|STATEMENT_EXECUTE|[29]
17:14:13.0 (529404698)|STATEMENT_EXECUTE|[30]
17:14:13.0 (529407117)|STATEMENT_EXECUTE|[31]
17:14:13.0 (529410394)|STATEMENT_EXECUTE|[34]
17:14:13.0 (529412339)|STATEMENT_EXECUTE|[35]
17:14:13.0 (529414334)|STATEMENT_EXECUTE|[36]
17:14:13.0 (529419602)|STATEMENT_EXECUTE|[38]
17:14:13.0 (529422190)|STATEMENT_EXECUTE|[39]
17:14:13.0 (529425161)|STATEMENT_EXECUTE|[41]
17:14:13.0 (529428699)|STATEMENT_EXECUTE|[46]
17:14:13.0 (529448954)|HEAP_ALLOCATE|[46]|Bytes:5
17:14:13.0 (529485402)|VARIABLE_ASSIGNMENT|[46]|this.isSAUser|false|0x5868a01d
17:14:13.0 (529544728)|STATEMENT_EXECUTE|[48]
17:14:13.0 (529547789)|STATEMENT_EXECUTE|[49]
17:14:13.0 (529631251)|VARIABLE_ASSIGNMENT|[EXTERNAL]|this|{"isSAUser":false}|0x5868a01d
17:14:13.0 (529664518)|VARIABLE_ASSIGNMENT|[EXTERNAL]|value|0
17:14:13.0 (529686240)|HEAP_ALLOCATE|[34]|Bytes:4
17:14:13.0 (529935642)|VARIABLE_ASSIGNMENT|[34]|this.iTypeOfScreen|0|0x5868a01d
17:14:13.0 (529986909)|STATEMENT_EXECUTE|[51]
17:14:13.0 (530342160)|HEAP_ALLOCATE|[51]|Bytes:156
17:14:13.0 (530805667)|VARIABLE_ASSIGNMENT|[EXTERNAL]|this|{"isSAUser":false,"iTypeOfScreen":0}|0x5868a01d
17:14:13.0 (530837571)|VARIABLE_ASSIGNMENT|[EXTERNAL]|value|"https://au-portal.li (77 more) ..."
17:14:13.0 (530885109)|VARIABLE_ASSIGNMENT|[39]|this.urlReportsSFA|"https://au-portal.li (77 more) ..."|0x5868a01d
17:14:13.0 (530918069)|STATEMENT_EXECUTE|[53]
17:14:13.0 (530949924)|HEAP_ALLOCATE|[53]|Bytes:4
17:14:13.0 (530981026)|METHOD_ENTRY|[58]||System.UserInfo.getUserId()
17:14:13.0 (531020183)|METHOD_EXIT|[58]||System.UserInfo.getUserId()
17:14:13.0 (532124272)|SOQL_EXECUTE_BEGIN|[53]|Aggregations:0|SELECT SmallPhotoUrl, Account.Name, Account.RegionalOfficeId__r.RegionalOfficeName__c, Account.BranchId__r.BranchName__c, Name, Department, UserRole.Name, Profile.Name FROM User WHERE User.ID = :tmpVar1
17:14:13.0 (570733185)|SOQL_EXECUTE_END|[53]|Rows:1
17:14:13.0 (570777798)|HEAP_ALLOCATE|[53]|Bytes:8
17:14:13.0 (570823904)|HEAP_ALLOCATE|[53]|Bytes:276
17:14:13.0 (570879132)|HEAP_ALLOCATE|[53]|Bytes:8
17:14:13.0 (570919246)|HEAP_ALLOCATE|[53]|Bytes:32
17:14:13.0 (571049186)|VARIABLE_ASSIGNMENT|[EXTERNAL]|this|{"isSAUser":false,"iTypeOfScreen":0,"urlReportsSFA":"https://au-portal.li (77 more) ..."}|0x5868a01d
17:14:13.0 (571124829)|VARIABLE_ASSIGNMENT|[EXTERNAL]|value|{"SmallPhotoUrl":"/profilephoto/005/T","Name":"auPortal システム開発","UserRoleId":"00E6F000001SEaUUAW","ProfileId":"00e6F000002RS1oQAG","Id":"0056F000006PtYlQAK","UserRole":{"Name":"コンシューマ事業本部","Id":"00E6F000001SEaUUAW"},"Profile":{"Name":"System Administrator","Id":"00e6F000002RS1oQAG"}}|0x4016be49
17:14:13.0 (571240636)|VARIABLE_ASSIGNMENT|[38]|this.currentUser|{"SmallPhotoUrl":"/profilephoto/005/T","Name":"auPortal システム開発","UserRoleId":"00E6F000001SEaUUAW","ProfileId":"00e6F000002RS1oQAG","Id":"0056F000006PtYlQAK","UserRole":{"Name":"コンシューマ事業本部","Id":"00E6F000001SEaUUAW"},"Profile":{"Name":"System Administrator","Id":"00e6F000002RS1oQAG"}}|0x5868a01d
17:14:13.0 (571282557)|STATEMENT_EXECUTE|[60]
17:14:13.0 (571353066)|VARIABLE_ASSIGNMENT|[EXTERNAL]|this|{"currentUser":"0x4016be49","isSAUser":false,"iTypeOfScreen":0,"urlReportsSFA":"https://au-portal.li (77 more) ..."}|0x5868a01d
17:14:13.0 (571532415)|VARIABLE_ASSIGNMENT|[EXTERNAL]|this|{"currentUser":"0x4016be49","isSAUser":false,"iTypeOfScreen":0,"urlReportsSFA":"https://au-portal.li (77 more) ..."}|0x5868a01d
17:14:13.0 (571664108)|VARIABLE_ASSIGNMENT|[EXTERNAL]|this|{"currentUser":"0x4016be49","isSAUser":false,"iTypeOfScreen":0,"urlReportsSFA":"https://au-portal.li (77 more) ..."}|0x5868a01d
17:14:13.0 (571806525)|VARIABLE_ASSIGNMENT|[EXTERNAL]|this|{"currentUser":"0x4016be49","isSAUser":false,"iTypeOfScreen":0,"urlReportsSFA":"https://au-portal.li (77 more) ..."}|0x5868a01d
17:14:13.0 (571891907)|HEAP_ALLOCATE|[60]|Bytes:5
17:14:13.0 (571913457)|VARIABLE_ASSIGNMENT|[60]|this.isSAUser|false|0x5868a01d
17:14:13.0 (574201497)|SYSTEM_MODE_ENTER|true
17:14:13.0 (574269775)|HEAP_ALLOCATE|[EXTERNAL]|Bytes:44
17:14:13.0 (574319474)|VARIABLE_ASSIGNMENT|[EXTERNAL]|this.iCountComments|null|0x5868a01d
17:14:13.0 (574439665)|SYSTEM_MODE_ENTER|true
17:14:13.0 (574475228)|HEAP_ALLOCATE|[EXTERNAL]|Bytes:44
17:14:13.0 (574500617)|VARIABLE_ASSIGNMENT|[EXTERNAL]|this.iCountLikes|null|0x5868a01d
17:14:13.0 (574778386)|SYSTEM_MODE_ENTER|true
17:14:13.0 (574893607)|HEAP_ALLOCATE|[EXTERNAL]|Bytes:32
17:14:13.0 (574921938)|VARIABLE_SCOPE_BEGIN|[11]|this|auSwitchScreenCtrl|true|false
17:14:13.0 (596659782)|VARIABLE_ASSIGNMENT|[11]|this|{"isCommunityUser":false,"isIPhone":false,"isKDDIKnowledgeActivities":false,"isKDDIKnowledgeOnly":false,"isKDDIUser":true,"isSAorEvolvaUser":false,"isSystemAdministrator":true}|0x2fa8859f
17:14:13.0 (596710698)|SYSTEM_MODE_ENTER|false
17:14:13.0 (596732807)|HEAP_ALLOCATE|[11]|Bytes:5
17:14:13.0 (596745341)|STATEMENT_EXECUTE|[11]
17:14:13.0 (596749196)|STATEMENT_EXECUTE|[11]
17:14:13.0 (596761987)|SYSTEM_MODE_EXIT|false
17:14:13.0 (596913847)|SYSTEM_MODE_ENTER|true
17:14:13.0 (596948956)|HEAP_ALLOCATE|[EXTERNAL]|Bytes:8
17:14:13.0 (596959710)|HEAP_ALLOCATE|[EXTERNAL]|Bytes:44
17:14:13.0 (596978475)|VARIABLE_ASSIGNMENT|[EXTERNAL]|this.iTypeOfScreen|0|0x5868a01d
17:14:13.0 (597290957)|SYSTEM_MODE_ENTER|true
17:14:13.0 (597375378)|HEAP_ALLOCATE|[EXTERNAL]|Bytes:44
17:14:13.0 (597391612)|VARIABLE_SCOPE_BEGIN|[204]|this|auMainTopCompCtrl|true|false
17:14:13.0 (597463294)|VARIABLE_ASSIGNMENT|[204]|this|{"currentUser":"0x4016be49","isSAUser":false,"iTypeOfScreen":0,"urlReportsSFA":"https://au-portal.li (77 more) ..."}|0x5868a01d
17:14:13.0 (597490418)|STATEMENT_EXECUTE|[204]
17:14:13.0 (597589009)|VARIABLE_ASSIGNMENT|[EXTERNAL]|this|{"currentUser":"0x4016be49","isSAUser":false,"iTypeOfScreen":0,"urlReportsSFA":"https://au-portal.li (77 more) ..."}|0x5868a01d
17:14:13.0 (597702914)|VARIABLE_ASSIGNMENT|[EXTERNAL]|this|{"currentUser":"0x4016be49","isSAUser":false,"iTypeOfScreen":0,"urlReportsSFA":"https://au-portal.li (77 more) ..."}|0x5868a01d
17:14:13.0 (597794450)|VARIABLE_ASSIGNMENT|[EXTERNAL]|this|{"currentUser":"0x4016be49","isSAUser":false,"iTypeOfScreen":0,"urlReportsSFA":"https://au-portal.li (77 more) ..."}|0x5868a01d
17:14:13.0 (597895660)|VARIABLE_ASSIGNMENT|[EXTERNAL]|this|{"currentUser":"0x4016be49","isSAUser":false,"iTypeOfScreen":0,"urlReportsSFA":"https://au-portal.li (77 more) ..."}|0x5868a01d
17:14:13.0 (597983015)|VARIABLE_ASSIGNMENT|[EXTERNAL]|this|{"currentUser":"0x4016be49","isSAUser":false,"iTypeOfScreen":0,"urlReportsSFA":"https://au-portal.li (77 more) ..."}|0x5868a01d
17:14:13.0 (598020455)|STATEMENT_EXECUTE|[213]
17:14:13.0 (598025667)|STATEMENT_EXECUTE|[214]
17:14:13.0 (598170241)|SYSTEM_MODE_ENTER|true
17:14:13.0 (598244783)|HEAP_ALLOCATE|[EXTERNAL]|Bytes:44
17:14:13.0 (598261426)|VARIABLE_SCOPE_BEGIN|[218]|this|auMainTopCompCtrl|true|false
17:14:13.0 (598350687)|VARIABLE_ASSIGNMENT|[218]|this|{"currentUser":"0x4016be49","isSAUser":false,"iTypeOfScreen":0,"urlReportsSFA":"https://au-portal.li (77 more) ..."}|0x5868a01d
17:14:13.0 (598379609)|STATEMENT_EXECUTE|[218]
17:14:13.0 (598458264)|VARIABLE_ASSIGNMENT|[EXTERNAL]|this|{"currentUser":"0x4016be49","isSAUser":false,"iTypeOfScreen":0,"urlReportsSFA":"https://au-portal.li (77 more) ..."}|0x5868a01d
17:14:13.0 (598561858)|VARIABLE_ASSIGNMENT|[EXTERNAL]|this|{"currentUser":"0x4016be49","isSAUser":false,"iTypeOfScreen":0,"urlReportsSFA":"https://au-portal.li (77 more) ..."}|0x5868a01d
17:14:13.0 (598652006)|VARIABLE_ASSIGNMENT|[EXTERNAL]|this|{"currentUser":"0x4016be49","isSAUser":false,"iTypeOfScreen":0,"urlReportsSFA":"https://au-portal.li (77 more) ..."}|0x5868a01d
17:14:13.0 (598749560)|VARIABLE_ASSIGNMENT|[EXTERNAL]|this|{"currentUser":"0x4016be49","isSAUser":false,"iTypeOfScreen":0,"urlReportsSFA":"https://au-portal.li (77 more) ..."}|0x5868a01d
17:14:13.0 (598844903)|VARIABLE_ASSIGNMENT|[EXTERNAL]|this|{"currentUser":"0x4016be49","isSAUser":false,"iTypeOfScreen":0,"urlReportsSFA":"https://au-portal.li (77 more) ..."}|0x5868a01d
17:14:13.0 (598885994)|STATEMENT_EXECUTE|[227]
17:14:13.0 (598889742)|STATEMENT_EXECUTE|[228]
17:14:13.0 (600886258)|SYSTEM_MODE_ENTER|true
17:14:13.0 (629368059)|SYSTEM_MODE_ENTER|true
17:14:13.0 (629501233)|HEAP_ALLOCATE|[EXTERNAL]|Bytes:44
17:14:13.0 (629524299)|VARIABLE_SCOPE_BEGIN|[67]|this|auMainTopCompCtrl|true|false
17:14:13.0 (629634701)|VARIABLE_ASSIGNMENT|[67]|this|{"currentUser":"0x4016be49","isSAUser":false,"iTypeOfScreen":0,"urlReportsSFA":"https://au-portal.li (77 more) ..."}|0x5868a01d
17:14:13.0 (629665604)|STATEMENT_EXECUTE|[67]
17:14:13.0 (629668646)|STATEMENT_EXECUTE|[68]
17:14:13.0 (629772591)|VARIABLE_ASSIGNMENT|[EXTERNAL]|this|{"currentUser":"0x4016be49","isSAUser":false,"iTypeOfScreen":0,"urlReportsSFA":"https://au-portal.li (77 more) ..."}|0x5868a01d
17:14:13.0 (629893229)|VARIABLE_ASSIGNMENT|[EXTERNAL]|this|{"currentUser":"0x4016be49","isSAUser":false,"iTypeOfScreen":0,"urlReportsSFA":"https://au-portal.li (77 more) ..."}|0x5868a01d
17:14:13.0 (630011565)|VARIABLE_ASSIGNMENT|[EXTERNAL]|this|{"currentUser":"0x4016be49","isSAUser":false,"iTypeOfScreen":0,"urlReportsSFA":"https://au-portal.li (77 more) ..."}|0x5868a01d
17:14:13.0 (630059671)|HEAP_ALLOCATE|[68]|Bytes:5
17:14:13.0 (630197336)|SYSTEM_MODE_ENTER|true
17:14:13.0 (630290900)|HEAP_ALLOCATE|[EXTERNAL]|Bytes:44
17:14:13.0 (630313835)|VARIABLE_SCOPE_BEGIN|[73]|this|auMainTopCompCtrl|true|false
17:14:13.0 (630409694)|VARIABLE_ASSIGNMENT|[73]|this|{"currentUser":"0x4016be49","isSAUser":false,"iTypeOfScreen":0,"urlReportsSFA":"https://au-portal.li (77 more) ..."}|0x5868a01d
17:14:13.0 (630442336)|STATEMENT_EXECUTE|[73]
17:14:13.0 (630448112)|STATEMENT_EXECUTE|[74]
17:14:13.0 (630544560)|VARIABLE_ASSIGNMENT|[EXTERNAL]|this|{"currentUser":"0x4016be49","isSAUser":false,"iTypeOfScreen":0,"urlReportsSFA":"https://au-portal.li (77 more) ..."}|0x5868a01d
17:14:13.0 (630664517)|VARIABLE_ASSIGNMENT|[EXTERNAL]|this|{"currentUser":"0x4016be49","isSAUser":false,"iTypeOfScreen":0,"urlReportsSFA":"https://au-portal.li (77 more) ..."}|0x5868a01d
17:14:13.0 (630705461)|HEAP_ALLOCATE|[74]|Bytes:5
17:14:13.0 (630835690)|SYSTEM_MODE_ENTER|true
17:14:13.0 (630913283)|HEAP_ALLOCATE|[EXTERNAL]|Bytes:44
17:14:13.0 (630930148)|VARIABLE_SCOPE_BEGIN|[83]|this|auMainTopCompCtrl|true|false
17:14:13.0 (631020161)|VARIABLE_ASSIGNMENT|[83]|this|{"currentUser":"0x4016be49","isSAUser":false,"iTypeOfScreen":0,"urlReportsSFA":"https://au-portal.li (77 more) ..."}|0x5868a01d
17:14:13.0 (631051178)|STATEMENT_EXECUTE|[83]
17:14:13.0 (631053954)|STATEMENT_EXECUTE|[84]
17:14:13.0 (631130568)|VARIABLE_ASSIGNMENT|[EXTERNAL]|this|{"currentUser":"0x4016be49","isSAUser":false,"iTypeOfScreen":0,"urlReportsSFA":"https://au-portal.li (77 more) ..."}|0x5868a01d
17:14:13.0 (631232108)|VARIABLE_ASSIGNMENT|[EXTERNAL]|this|{"currentUser":"0x4016be49","isSAUser":false,"iTypeOfScreen":0,"urlReportsSFA":"https://au-portal.li (77 more) ..."}|0x5868a01d
17:14:13.0 (631269877)|HEAP_ALLOCATE|[84]|Bytes:5
17:14:13.0 (631396670)|SYSTEM_MODE_ENTER|true
17:14:13.0 (631481060)|HEAP_ALLOCATE|[EXTERNAL]|Bytes:44
17:14:13.0 (631496581)|VARIABLE_SCOPE_BEGIN|[100]|this|auMainTopCompCtrl|true|false
17:14:13.0 (631576249)|VARIABLE_ASSIGNMENT|[100]|this|{"currentUser":"0x4016be49","isSAUser":false,"iTypeOfScreen":0,"urlReportsSFA":"https://au-portal.li (77 more) ..."}|0x5868a01d
17:14:13.0 (631597684)|STATEMENT_EXECUTE|[100]
17:14:13.0 (631600744)|STATEMENT_EXECUTE|[101]
17:14:13.0 (631694704)|VARIABLE_ASSIGNMENT|[EXTERNAL]|this|{"currentUser":"0x4016be49","isSAUser":false,"iTypeOfScreen":0,"urlReportsSFA":"https://au-portal.li (77 more) ..."}|0x5868a01d
17:14:13.0 (631813720)|VARIABLE_ASSIGNMENT|[EXTERNAL]|this|{"currentUser":"0x4016be49","isSAUser":false,"iTypeOfScreen":0,"urlReportsSFA":"https://au-portal.li (77 more) ..."}|0x5868a01d
17:14:13.0 (631927257)|VARIABLE_ASSIGNMENT|[EXTERNAL]|this|{"currentUser":"0x4016be49","isSAUser":false,"iTypeOfScreen":0,"urlReportsSFA":"https://au-portal.li (77 more) ..."}|0x5868a01d
17:14:13.0 (631970567)|HEAP_ALLOCATE|[101]|Bytes:5
17:14:13.0 (632161101)|SYSTEM_MODE_ENTER|true
17:14:13.0 (632266538)|HEAP_ALLOCATE|[EXTERNAL]|Bytes:32
17:14:13.0 (632280912)|VARIABLE_SCOPE_BEGIN|[69]|this|auSwitchScreenCtrl|true|false
17:14:13.0 (632378507)|VARIABLE_ASSIGNMENT|[69]|this|{"isCommunityUser":false,"isIPhone":false,"isKDDIKnowledgeActivities":false,"isKDDIKnowledgeOnly":false,"isKDDIUser":true,"isSAorEvolvaUser":false,"isSystemAdministrator":true}|0x2fa8859f
17:14:13.0 (632419393)|SYSTEM_MODE_ENTER|false
17:14:13.0 (632434680)|HEAP_ALLOCATE|[71]|Bytes:5
17:14:13.0 (632447839)|STATEMENT_EXECUTE|[69]
17:14:13.0 (632452982)|STATEMENT_EXECUTE|[71]
17:14:13.0 (632542976)|VARIABLE_ASSIGNMENT|[EXTERNAL]|this|{"isCommunityUser":false,"isIPhone":false,"isKDDIKnowledgeActivities":false,"isKDDIKnowledgeOnly":false,"isKDDIUser":true,"isSAorEvolvaUser":false,"isSystemAdministrator":true}|0x2fa8859f
17:14:13.0 (632588874)|HEAP_ALLOCATE|[71]|Bytes:5
17:14:13.0 (632603526)|SYSTEM_MODE_EXIT|false
17:14:13.0 (632616942)|HEAP_ALLOCATE|[71]|Bytes:5
17:14:13.0 (632755355)|SYSTEM_MODE_ENTER|true
17:14:13.0 (632832324)|HEAP_ALLOCATE|[EXTERNAL]|Bytes:32
17:14:13.0 (632847148)|VARIABLE_SCOPE_BEGIN|[75]|this|auSwitchScreenCtrl|true|false
17:14:13.0 (632921150)|VARIABLE_ASSIGNMENT|[75]|this|{"isCommunityUser":false,"isIPhone":false,"isKDDIKnowledgeActivities":false,"isKDDIKnowledgeOnly":false,"isKDDIUser":true,"isSAorEvolvaUser":false,"isSystemAdministrator":true}|0x2fa8859f
17:14:13.0 (632955551)|SYSTEM_MODE_ENTER|false
17:14:13.0 (632972675)|HEAP_ALLOCATE|[77]|Bytes:5
17:14:13.0 (632985053)|STATEMENT_EXECUTE|[75]
17:14:13.0 (632990084)|STATEMENT_EXECUTE|[77]
17:14:13.0 (633068733)|VARIABLE_ASSIGNMENT|[EXTERNAL]|this|{"isCommunityUser":false,"isIPhone":false,"isKDDIKnowledgeActivities":false,"isKDDIKnowledgeOnly":false,"isKDDIUser":true,"isSAorEvolvaUser":false,"isSystemAdministrator":true}|0x2fa8859f
17:14:13.0 (633161907)|VARIABLE_ASSIGNMENT|[EXTERNAL]|this|{"isCommunityUser":false,"isIPhone":false,"isKDDIKnowledgeActivities":false,"isKDDIKnowledgeOnly":false,"isKDDIUser":true,"isSAorEvolvaUser":false,"isSystemAdministrator":true}|0x2fa8859f
17:14:13.0 (633197769)|HEAP_ALLOCATE|[77]|Bytes:5
17:14:13.0 (633211670)|SYSTEM_MODE_EXIT|false
17:14:13.0 (633226411)|HEAP_ALLOCATE|[77]|Bytes:5
17:14:13.0 (633385011)|SYSTEM_MODE_ENTER|true
17:14:13.0 (633464335)|HEAP_ALLOCATE|[EXTERNAL]|Bytes:32
17:14:13.0 (633482908)|VARIABLE_SCOPE_BEGIN|[81]|this|auSwitchScreenCtrl|true|false
17:14:13.0 (633563574)|VARIABLE_ASSIGNMENT|[81]|this|{"isCommunityUser":false,"isIPhone":false,"isKDDIKnowledgeActivities":false,"isKDDIKnowledgeOnly":false,"isKDDIUser":true,"isSAorEvolvaUser":false,"isSystemAdministrator":true}|0x2fa8859f
17:14:13.0 (633603448)|SYSTEM_MODE_ENTER|false
17:14:13.0 (633616366)|HEAP_ALLOCATE|[83]|Bytes:5
17:14:13.0 (633632964)|STATEMENT_EXECUTE|[81]
17:14:13.0 (633637659)|STATEMENT_EXECUTE|[83]
17:14:13.0 (633708491)|VARIABLE_ASSIGNMENT|[EXTERNAL]|this|{"isCommunityUser":false,"isIPhone":false,"isKDDIKnowledgeActivities":false,"isKDDIKnowledgeOnly":false,"isKDDIUser":true,"isSAorEvolvaUser":false,"isSystemAdministrator":true}|0x2fa8859f
17:14:13.0 (633793421)|VARIABLE_ASSIGNMENT|[EXTERNAL]|this|{"isCommunityUser":false,"isIPhone":false,"isKDDIKnowledgeActivities":false,"isKDDIKnowledgeOnly":false,"isKDDIUser":true,"isSAorEvolvaUser":false,"isSystemAdministrator":true}|0x2fa8859f
17:14:13.0 (633833144)|HEAP_ALLOCATE|[83]|Bytes:5
17:14:13.0 (633845646)|SYSTEM_MODE_EXIT|false
17:14:13.0 (633858944)|HEAP_ALLOCATE|[83]|Bytes:5
17:14:13.0 (633984593)|SYSTEM_MODE_ENTER|true
17:14:13.0 (634057000)|HEAP_ALLOCATE|[EXTERNAL]|Bytes:32
17:14:13.0 (634074778)|VARIABLE_SCOPE_BEGIN|[99]|this|auSwitchScreenCtrl|true|false
17:14:13.0 (634146018)|VARIABLE_ASSIGNMENT|[99]|this|{"isCommunityUser":false,"isIPhone":false,"isKDDIKnowledgeActivities":false,"isKDDIKnowledgeOnly":false,"isKDDIUser":true,"isSAorEvolvaUser":false,"isSystemAdministrator":true}|0x2fa8859f
17:14:13.0 (634175053)|SYSTEM_MODE_ENTER|false
17:14:13.0 (634186451)|HEAP_ALLOCATE|[101]|Bytes:5
17:14:13.0 (634199095)|STATEMENT_EXECUTE|[99]
17:14:13.0 (634203796)|STATEMENT_EXECUTE|[101]
17:14:13.0 (634268942)|VARIABLE_ASSIGNMENT|[EXTERNAL]|this|{"isCommunityUser":false,"isIPhone":false,"isKDDIKnowledgeActivities":false,"isKDDIKnowledgeOnly":false,"isKDDIUser":true,"isSAorEvolvaUser":false,"isSystemAdministrator":true}|0x2fa8859f
17:14:13.0 (634306764)|SYSTEM_MODE_EXIT|false
17:14:13.0 (634431211)|SYSTEM_MODE_ENTER|true
17:14:13.0 (634500348)|HEAP_ALLOCATE|[EXTERNAL]|Bytes:32
17:14:13.0 (634515351)|VARIABLE_SCOPE_BEGIN|[93]|this|auSwitchScreenCtrl|true|false
17:14:13.0 (634599556)|VARIABLE_ASSIGNMENT|[93]|this|{"isCommunityUser":false,"isIPhone":false,"isKDDIKnowledgeActivities":false,"isKDDIKnowledgeOnly":false,"isKDDIUser":true,"isSAorEvolvaUser":false,"isSystemAdministrator":true}|0x2fa8859f
17:14:13.0 (634632773)|SYSTEM_MODE_ENTER|false
17:14:13.0 (634644893)|HEAP_ALLOCATE|[95]|Bytes:5
17:14:13.0 (634655531)|STATEMENT_EXECUTE|[93]
17:14:13.0 (634658333)|STATEMENT_EXECUTE|[95]
17:14:13.0 (634729259)|VARIABLE_ASSIGNMENT|[EXTERNAL]|this|{"isCommunityUser":false,"isIPhone":false,"isKDDIKnowledgeActivities":false,"isKDDIKnowledgeOnly":false,"isKDDIUser":true,"isSAorEvolvaUser":false,"isSystemAdministrator":true}|0x2fa8859f
17:14:13.0 (634767625)|SYSTEM_MODE_EXIT|false
17:14:13.0 (634892892)|SYSTEM_MODE_ENTER|true
17:14:13.0 (634964222)|HEAP_ALLOCATE|[EXTERNAL]|Bytes:32
17:14:13.0 (634990478)|VARIABLE_SCOPE_BEGIN|[105]|this|auSwitchScreenCtrl|true|false
17:14:13.0 (635068084)|VARIABLE_ASSIGNMENT|[105]|this|{"isCommunityUser":false,"isIPhone":false,"isKDDIKnowledgeActivities":false,"isKDDIKnowledgeOnly":false,"isKDDIUser":true,"isSAorEvolvaUser":false,"isSystemAdministrator":true}|0x2fa8859f
17:14:13.0 (635104220)|SYSTEM_MODE_ENTER|false
17:14:13.0 (635120251)|HEAP_ALLOCATE|[107]|Bytes:5
17:14:13.0 (635130859)|STATEMENT_EXECUTE|[105]
17:14:13.0 (635133481)|STATEMENT_EXECUTE|[107]
17:14:13.0 (635207099)|VARIABLE_ASSIGNMENT|[EXTERNAL]|this|{"isCommunityUser":false,"isIPhone":false,"isKDDIKnowledgeActivities":false,"isKDDIKnowledgeOnly":false,"isKDDIUser":true,"isSAorEvolvaUser":false,"isSystemAdministrator":true}|0x2fa8859f
17:14:13.0 (635251152)|SYSTEM_MODE_EXIT|false
17:14:13.0 (635399120)|SYSTEM_MODE_ENTER|true
17:14:13.0 (635474204)|HEAP_ALLOCATE|[EXTERNAL]|Bytes:32
17:14:13.0 (635491687)|VARIABLE_SCOPE_BEGIN|[87]|this|auSwitchScreenCtrl|true|false
17:14:13.0 (635566492)|VARIABLE_ASSIGNMENT|[87]|this|{"isCommunityUser":false,"isIPhone":false,"isKDDIKnowledgeActivities":false,"isKDDIKnowledgeOnly":false,"isKDDIUser":true,"isSAorEvolvaUser":false,"isSystemAdministrator":true}|0x2fa8859f
17:14:13.0 (635614821)|SYSTEM_MODE_ENTER|false
17:14:13.0 (635633572)|HEAP_ALLOCATE|[89]|Bytes:5
17:14:13.0 (635646380)|STATEMENT_EXECUTE|[87]
17:14:13.0 (635648969)|STATEMENT_EXECUTE|[89]
17:14:13.0 (635729074)|VARIABLE_ASSIGNMENT|[EXTERNAL]|this|{"isCommunityUser":false,"isIPhone":false,"isKDDIKnowledgeActivities":false,"isKDDIKnowledgeOnly":false,"isKDDIUser":true,"isSAorEvolvaUser":false,"isSystemAdministrator":true}|0x2fa8859f
17:14:13.0 (635773350)|SYSTEM_MODE_EXIT|false
17:14:13.0 (635913054)|SYSTEM_MODE_ENTER|true
17:14:13.0 (636021454)|HEAP_ALLOCATE|[EXTERNAL]|Bytes:32
17:14:13.0 (636046977)|VARIABLE_SCOPE_BEGIN|[111]|this|auSwitchScreenCtrl|true|false
17:14:13.0 (636132665)|VARIABLE_ASSIGNMENT|[111]|this|{"isCommunityUser":false,"isIPhone":false,"isKDDIKnowledgeActivities":false,"isKDDIKnowledgeOnly":false,"isKDDIUser":true,"isSAorEvolvaUser":false,"isSystemAdministrator":true}|0x2fa8859f
17:14:13.0 (636170528)|SYSTEM_MODE_ENTER|false
17:14:13.0 (636194430)|HEAP_ALLOCATE|[113]|Bytes:5
17:14:13.0 (636216418)|STATEMENT_EXECUTE|[111]
17:14:13.0 (636220666)|STATEMENT_EXECUTE|[113]
17:14:13.0 (636313352)|VARIABLE_ASSIGNMENT|[EXTERNAL]|this|{"isCommunityUser":false,"isIPhone":false,"isKDDIKnowledgeActivities":false,"isKDDIKnowledgeOnly":false,"isKDDIUser":true,"isSAorEvolvaUser":false,"isSystemAdministrator":true}|0x2fa8859f
17:14:13.0 (636414643)|VARIABLE_ASSIGNMENT|[EXTERNAL]|this|{"isCommunityUser":false,"isIPhone":false,"isKDDIKnowledgeActivities":false,"isKDDIKnowledgeOnly":false,"isKDDIUser":true,"isSAorEvolvaUser":false,"isSystemAdministrator":true}|0x2fa8859f
17:14:13.0 (636455515)|HEAP_ALLOCATE|[113]|Bytes:5
17:14:13.0 (636470761)|SYSTEM_MODE_EXIT|false
17:14:13.0 (636487253)|HEAP_ALLOCATE|[113]|Bytes:5
17:14:13.0 (636627800)|SYSTEM_MODE_ENTER|true
17:14:13.0 (636705196)|HEAP_ALLOCATE|[EXTERNAL]|Bytes:32
17:14:13.0 (636727849)|VARIABLE_SCOPE_BEGIN|[117]|this|auSwitchScreenCtrl|true|false
17:14:13.0 (636808513)|VARIABLE_ASSIGNMENT|[117]|this|{"isCommunityUser":false,"isIPhone":false,"isKDDIKnowledgeActivities":false,"isKDDIKnowledgeOnly":false,"isKDDIUser":true,"isSAorEvolvaUser":false,"isSystemAdministrator":true}|0x2fa8859f
17:14:13.0 (636846890)|SYSTEM_MODE_ENTER|false
17:14:13.0 (636859781)|HEAP_ALLOCATE|[119]|Bytes:5
17:14:13.0 (636875380)|STATEMENT_EXECUTE|[117]
17:14:13.0 (636880642)|STATEMENT_EXECUTE|[119]
17:14:13.0 (636945598)|VARIABLE_ASSIGNMENT|[EXTERNAL]|this|{"isCommunityUser":false,"isIPhone":false,"isKDDIKnowledgeActivities":false,"isKDDIKnowledgeOnly":false,"isKDDIUser":true,"isSAorEvolvaUser":false,"isSystemAdministrator":true}|0x2fa8859f
17:14:13.0 (637032350)|VARIABLE_ASSIGNMENT|[EXTERNAL]|this|{"isCommunityUser":false,"isIPhone":false,"isKDDIKnowledgeActivities":false,"isKDDIKnowledgeOnly":false,"isKDDIUser":true,"isSAorEvolvaUser":false,"isSystemAdministrator":true}|0x2fa8859f
17:14:13.0 (637066567)|HEAP_ALLOCATE|[119]|Bytes:5
17:14:13.0 (637076516)|SYSTEM_MODE_EXIT|false
17:14:13.0 (637091913)|HEAP_ALLOCATE|[119]|Bytes:5
17:14:13.0 (637258275)|SYSTEM_MODE_ENTER|true
17:14:13.0 (637712056)|SYSTEM_MODE_ENTER|true
17:14:13.0 (637776438)|HEAP_ALLOCATE|[EXTERNAL]|Bytes:240
17:14:13.0 (637796065)|HEAP_ALLOCATE|[EXTERNAL]|Bytes:14
17:14:13.0 (637817391)|METHOD_ENTRY|[1]|01p6F000006ymET|auSwitchScreenBtmCompCtrl.auSwitchScreenBtmCompCtrl()
17:14:13.0 (637835735)|STATEMENT_EXECUTE|[1]
17:14:13.0 (637842745)|STATEMENT_EXECUTE|[1]
17:14:13.0 (637849399)|METHOD_EXIT|[1]|auSwitchScreenBtmCompCtrl
17:14:13.0 (637869068)|HEAP_ALLOCATE|[EXTERNAL]|Bytes:28
17:14:13.0 (637884615)|VARIABLE_SCOPE_BEGIN|[10]|this|auSwitchScreenBtmCompCtrl|true|false
17:14:13.0 (637982166)|VARIABLE_ASSIGNMENT|[10]|this|{}|0x5f2af66f
17:14:13.0 (638006910)|STATEMENT_EXECUTE|[1]
17:14:13.0 (638014191)|STATEMENT_EXECUTE|[3]
17:14:13.0 (638016686)|STATEMENT_EXECUTE|[4]
17:14:13.0 (638019922)|STATEMENT_EXECUTE|[5]
17:14:13.0 (638023388)|STATEMENT_EXECUTE|[6]
17:14:13.0 (638025698)|STATEMENT_EXECUTE|[7]
17:14:13.0 (638029105)|STATEMENT_EXECUTE|[8]
17:14:13.0 (638055528)|STATEMENT_EXECUTE|[10]
17:14:13.0 (638058284)|STATEMENT_EXECUTE|[12]
17:14:13.0 (638414271)|HEAP_ALLOCATE|[12]|Bytes:156
17:14:13.0 (638525528)|VARIABLE_ASSIGNMENT|[EXTERNAL]|this|{}|0x5f2af66f
17:14:13.0 (638561319)|VARIABLE_ASSIGNMENT|[EXTERNAL]|value|"https://c.ap4.conten (102 more) ..."
17:14:13.0 (638596545)|VARIABLE_ASSIGNMENT|[4]|this.urlDailyReportManual|"https://c.ap4.conten (102 more) ..."|0x5f2af66f
17:14:13.0 (638623791)|STATEMENT_EXECUTE|[13]
17:14:13.0 (638882463)|HEAP_ALLOCATE|[13]|Bytes:156
17:14:13.0 (638984968)|VARIABLE_ASSIGNMENT|[EXTERNAL]|this|{"urlDailyReportManual":"https://c.ap4.conten (102 more) ..."}|0x5f2af66f
17:14:13.0 (639018096)|VARIABLE_ASSIGNMENT|[EXTERNAL]|value|"https://ap4.salesfor (84 more) ..."
17:14:13.0 (639048317)|VARIABLE_ASSIGNMENT|[5]|this.urlExternalCxSTPDManual|"https://ap4.salesfor (84 more) ..."|0x5f2af66f
17:14:13.0 (639071494)|STATEMENT_EXECUTE|[14]
17:14:13.0 (639288263)|HEAP_ALLOCATE|[14]|Bytes:156
17:14:13.0 (639391278)|VARIABLE_ASSIGNMENT|[EXTERNAL]|this|{"urlDailyReportManual":"https://c.ap4.conten (102 more) ...","urlExternalCxSTPDManual":"https://ap4.salesfor (84 more) ..."}|0x5f2af66f
17:14:13.0 (639426978)|VARIABLE_ASSIGNMENT|[EXTERNAL]|value|"https://c.ap4.conten (102 more) ..."
17:14:13.0 (639459990)|VARIABLE_ASSIGNMENT|[6]|this.urlInternalCxSTPDManual|"https://c.ap4.conten (102 more) ..."|0x5f2af66f
17:14:13.0 (639486270)|STATEMENT_EXECUTE|[16]
17:14:13.0 (639516569)|HEAP_ALLOCATE|[16]|Bytes:4
17:14:13.0 (639544368)|METHOD_ENTRY|[18]||System.UserInfo.getUserId()
17:14:13.0 (639592655)|METHOD_EXIT|[18]||System.UserInfo.getUserId()
17:14:13.0 (640016506)|SOQL_EXECUTE_BEGIN|[16]|Aggregations:0|SELECT Profile.Name FROM User WHERE User.ID = :tmpVar1
17:14:13.0 (670349504)|SOQL_EXECUTE_END|[16]|Rows:1
17:14:13.0 (670404073)|HEAP_ALLOCATE|[16]|Bytes:8
17:14:13.0 (670444533)|HEAP_ALLOCATE|[16]|Bytes:127
17:14:13.0 (670509514)|HEAP_ALLOCATE|[16]|Bytes:8
17:14:13.0 (670558585)|HEAP_ALLOCATE|[16]|Bytes:16
17:14:13.0 (670578073)|VARIABLE_SCOPE_BEGIN|[16]|currentUser|User|true|false
17:14:13.0 (670645173)|VARIABLE_ASSIGNMENT|[16]|currentUser|{"ProfileId":"00e6F000002RS1oQAG","Id":"0056F000006PtYlQAK","Profile":{"Name":"System Administrator","Id":"00e6F000002RS1oQAG"}}|0x240e9beb
17:14:13.0 (670668858)|STATEMENT_EXECUTE|[20]
17:14:13.0 (671014418)|VARIABLE_ASSIGNMENT|[EXTERNAL]|this|{"urlDailyReportManual":"https://c.ap4.conten (102 more) ...","urlExternalCxSTPDManual":"https://ap4.salesfor (84 more) ...","urlInternalCxSTPDManual":"https://c.ap4.conten (102 more) ..."}|0x5f2af66f
17:14:13.0 (671060476)|VARIABLE_ASSIGNMENT|[EXTERNAL]|value|false
17:14:13.0 (671082058)|HEAP_ALLOCATE|[7]|Bytes:5
17:14:13.0 (671105277)|VARIABLE_ASSIGNMENT|[7]|this.isCommunityUser|false|0x5f2af66f
17:14:13.0 (671136247)|STATEMENT_EXECUTE|[24]
17:14:13.0 (671257432)|VARIABLE_ASSIGNMENT|[EXTERNAL]|this|{"isCommunityUser":false,"urlDailyReportManual":"https://c.ap4.conten (102 more) ...","urlExternalCxSTPDManual":"https://ap4.salesfor (84 more) ...","urlInternalCxSTPDManual":"https://c.ap4.conten (102 more) ..."}|0x5f2af66f
17:14:13.0 (671297120)|VARIABLE_ASSIGNMENT|[EXTERNAL]|value|""
17:14:13.0 (671326935)|VARIABLE_ASSIGNMENT|[3]|this.urlSFDCHome|""|0x5f2af66f
17:14:13.0 (671449203)|VARIABLE_ASSIGNMENT|[EXTERNAL]|this|{"isCommunityUser":false,"urlDailyReportManual":"https://c.ap4.conten (102 more) ...","urlExternalCxSTPDManual":"https://ap4.salesfor (84 more) ...","urlInternalCxSTPDManual":"https://c.ap4.conten (102 more) ...","urlSFDCHome":""}|0x5f2af66f
17:14:13.0 (671486272)|STATEMENT_EXECUTE|[25]
17:14:13.0 (671489678)|STATEMENT_EXECUTE|[26]
17:14:13.0 (671849596)|HEAP_ALLOCATE|[26]|Bytes:156
17:14:13.0 (671971275)|VARIABLE_ASSIGNMENT|[EXTERNAL]|this|{"isCommunityUser":false,"urlDailyReportManual":"https://c.ap4.conten (102 more) ...","urlExternalCxSTPDManual":"https://ap4.salesfor (84 more) ...","urlInternalCxSTPDManual":"https://c.ap4.conten (102 more) ...","urlSFDCHome":""}|0x5f2af66f
17:14:13.0 (672006614)|VARIABLE_ASSIGNMENT|[EXTERNAL]|value|"https://au-portal.li (49 more) ..."
17:14:13.0 (672034900)|VARIABLE_ASSIGNMENT|[3]|this.urlSFDCHome|"https://au-portal.li (49 more) ..."|0x5f2af66f
17:14:13.0 (672061385)|STATEMENT_EXECUTE|[27]
17:14:13.0 (672297636)|HEAP_ALLOCATE|[27]|Bytes:156
17:14:13.0 (672435212)|VARIABLE_ASSIGNMENT|[EXTERNAL]|this|{"isCommunityUser":false,"urlDailyReportManual":"https://c.ap4.conten (102 more) ...","urlExternalCxSTPDManual":"https://ap4.salesfor (84 more) ...","urlInternalCxSTPDManual":"https://c.ap4.conten (102 more) ...","urlSFDCHome":"https://au-portal.li (49 more) ..."}|0x5f2af66f
17:14:13.0 (672480302)|VARIABLE_ASSIGNMENT|[EXTERNAL]|value|"http://lucas-idp.kdd (77 more) ..."
17:14:13.0 (672513998)|VARIABLE_ASSIGNMENT|[8]|this.urlSingleSignOn|"http://lucas-idp.kdd (77 more) ..."|0x5f2af66f
17:14:13.0 (673345362)|SYSTEM_MODE_ENTER|true
17:14:13.0 (673507096)|SYSTEM_MODE_ENTER|true
17:14:13.0 (675268602)|SYSTEM_MODE_ENTER|true
17:14:13.0 (675312945)|HEAP_ALLOCATE|[EXTERNAL]|Bytes:44
17:14:13.0 (675352316)|VARIABLE_ASSIGNMENT|[EXTERNAL]|this.iCountComments|null|0x5868a01d
17:14:13.0 (675432240)|SYSTEM_MODE_ENTER|true
17:14:13.0 (675464268)|HEAP_ALLOCATE|[EXTERNAL]|Bytes:44
17:14:13.0 (675481383)|VARIABLE_ASSIGNMENT|[EXTERNAL]|this.iCountLikes|null|0x5868a01d
17:14:13.0 (675610611)|SYSTEM_MODE_ENTER|true
17:14:13.0 (675649435)|HEAP_ALLOCATE|[EXTERNAL]|Bytes:8
17:14:13.0 (675663451)|HEAP_ALLOCATE|[EXTERNAL]|Bytes:44
17:14:13.0 (675690149)|VARIABLE_ASSIGNMENT|[EXTERNAL]|this.iTypeOfScreen|0|0x5868a01d
17:14:13.0 (676078627)|SYSTEM_MODE_ENTER|true
17:14:13.0 (676175122)|HEAP_ALLOCATE|[EXTERNAL]|Bytes:44
17:14:13.0 (676196090)|VARIABLE_SCOPE_BEGIN|[204]|this|auMainTopCompCtrl|true|false
17:14:13.0 (676330418)|VARIABLE_ASSIGNMENT|[204]|this|{"currentUser":"0x4016be49","isSAUser":false,"iTypeOfScreen":0,"urlReportsSFA":"https://au-portal.li (77 more) ..."}|0x5868a01d
17:14:13.0 (676364645)|STATEMENT_EXECUTE|[204]
17:14:13.0 (676442061)|VARIABLE_ASSIGNMENT|[EXTERNAL]|this|{"currentUser":"0x4016be49","isSAUser":false,"iTypeOfScreen":0,"urlReportsSFA":"https://au-portal.li (77 more) ..."}|0x5868a01d
17:14:13.0 (676532327)|VARIABLE_ASSIGNMENT|[EXTERNAL]|this|{"currentUser":"0x4016be49","isSAUser":false,"iTypeOfScreen":0,"urlReportsSFA":"https://au-portal.li (77 more) ..."}|0x5868a01d
17:14:13.0 (676682686)|VARIABLE_ASSIGNMENT|[EXTERNAL]|this|{"currentUser":"0x4016be49","isSAUser":false,"iTypeOfScreen":0,"urlReportsSFA":"https://au-portal.li (77 more) ..."}|0x5868a01d
17:14:13.0 (676816633)|VARIABLE_ASSIGNMENT|[EXTERNAL]|this|{"currentUser":"0x4016be49","isSAUser":false,"iTypeOfScreen":0,"urlReportsSFA":"https://au-portal.li (77 more) ..."}|0x5868a01d
17:14:13.0 (676909653)|VARIABLE_ASSIGNMENT|[EXTERNAL]|this|{"currentUser":"0x4016be49","isSAUser":false,"iTypeOfScreen":0,"urlReportsSFA":"https://au-portal.li (77 more) ..."}|0x5868a01d
17:14:13.0 (676938936)|STATEMENT_EXECUTE|[213]
17:14:13.0 (676942434)|STATEMENT_EXECUTE|[214]
17:14:13.0 (677050366)|SYSTEM_MODE_ENTER|true
17:14:13.0 (677127427)|HEAP_ALLOCATE|[EXTERNAL]|Bytes:44
17:14:13.0 (677143578)|VARIABLE_SCOPE_BEGIN|[218]|this|auMainTopCompCtrl|true|false
17:14:13.0 (677238325)|VARIABLE_ASSIGNMENT|[218]|this|{"currentUser":"0x4016be49","isSAUser":false,"iTypeOfScreen":0,"urlReportsSFA":"https://au-portal.li (77 more) ..."}|0x5868a01d
17:14:13.0 (677267137)|STATEMENT_EXECUTE|[218]
17:14:13.0 (677333411)|VARIABLE_ASSIGNMENT|[EXTERNAL]|this|{"currentUser":"0x4016be49","isSAUser":false,"iTypeOfScreen":0,"urlReportsSFA":"https://au-portal.li (77 more) ..."}|0x5868a01d
17:14:13.0 (677416656)|VARIABLE_ASSIGNMENT|[EXTERNAL]|this|{"currentUser":"0x4016be49","isSAUser":false,"iTypeOfScreen":0,"urlReportsSFA":"https://au-portal.li (77 more) ..."}|0x5868a01d
17:14:13.0 (677501030)|VARIABLE_ASSIGNMENT|[EXTERNAL]|this|{"currentUser":"0x4016be49","isSAUser":false,"iTypeOfScreen":0,"urlReportsSFA":"https://au-portal.li (77 more) ..."}|0x5868a01d
17:14:13.0 (677581553)|VARIABLE_ASSIGNMENT|[EXTERNAL]|this|{"currentUser":"0x4016be49","isSAUser":false,"iTypeOfScreen":0,"urlReportsSFA":"https://au-portal.li (77 more) ..."}|0x5868a01d
17:14:13.0 (677662177)|VARIABLE_ASSIGNMENT|[EXTERNAL]|this|{"currentUser":"0x4016be49","isSAUser":false,"iTypeOfScreen":0,"urlReportsSFA":"https://au-portal.li (77 more) ..."}|0x5868a01d
17:14:13.0 (677696817)|STATEMENT_EXECUTE|[227]
17:14:13.0 (677701463)|STATEMENT_EXECUTE|[228]
17:14:13.0 (699247653)|SYSTEM_MODE_ENTER|true
17:14:13.0 (707433452)|SYSTEM_MODE_ENTER|true
17:14:13.0 (707533017)|HEAP_ALLOCATE|[EXTERNAL]|Bytes:44
17:14:13.0 (707553261)|VARIABLE_SCOPE_BEGIN|[67]|this|auMainTopCompCtrl|true|false
17:14:13.0 (707671504)|VARIABLE_ASSIGNMENT|[67]|this|{"currentUser":"0x4016be49","isSAUser":false,"iTypeOfScreen":0,"urlReportsSFA":"https://au-portal.li (77 more) ..."}|0x5868a01d
17:14:13.0 (707697213)|STATEMENT_EXECUTE|[67]
17:14:13.0 (707701454)|STATEMENT_EXECUTE|[68]
17:14:13.0 (707775266)|VARIABLE_ASSIGNMENT|[EXTERNAL]|this|{"currentUser":"0x4016be49","isSAUser":false,"iTypeOfScreen":0,"urlReportsSFA":"https://au-portal.li (77 more) ..."}|0x5868a01d
17:14:13.0 (707865260)|VARIABLE_ASSIGNMENT|[EXTERNAL]|this|{"currentUser":"0x4016be49","isSAUser":false,"iTypeOfScreen":0,"urlReportsSFA":"https://au-portal.li (77 more) ..."}|0x5868a01d
17:14:13.0 (707951005)|VARIABLE_ASSIGNMENT|[EXTERNAL]|this|{"currentUser":"0x4016be49","isSAUser":false,"iTypeOfScreen":0,"urlReportsSFA":"https://au-portal.li (77 more) ..."}|0x5868a01d
17:14:13.0 (707996360)|HEAP_ALLOCATE|[68]|Bytes:5
17:14:13.0 (708095362)|SYSTEM_MODE_ENTER|true
17:14:13.0 (708175289)|HEAP_ALLOCATE|[EXTERNAL]|Bytes:44
17:14:13.0 (708192597)|VARIABLE_SCOPE_BEGIN|[73]|this|auMainTopCompCtrl|true|false
17:14:13.0 (708297439)|VARIABLE_ASSIGNMENT|[73]|this|{"currentUser":"0x4016be49","isSAUser":false,"iTypeOfScreen":0,"urlReportsSFA":"https://au-portal.li (77 more) ..."}|0x5868a01d
17:14:13.0 (708331521)|STATEMENT_EXECUTE|[73]
17:14:13.0 (708336116)|STATEMENT_EXECUTE|[74]
17:14:13.0 (708405887)|VARIABLE_ASSIGNMENT|[EXTERNAL]|this|{"currentUser":"0x4016be49","isSAUser":false,"iTypeOfScreen":0,"urlReportsSFA":"https://au-portal.li (77 more) ..."}|0x5868a01d
17:14:13.0 (708500994)|VARIABLE_ASSIGNMENT|[EXTERNAL]|this|{"currentUser":"0x4016be49","isSAUser":false,"iTypeOfScreen":0,"urlReportsSFA":"https://au-portal.li (77 more) ..."}|0x5868a01d
17:14:13.0 (708548733)|HEAP_ALLOCATE|[74]|Bytes:5
17:14:13.0 (708635322)|SYSTEM_MODE_ENTER|true
17:14:13.0 (708709328)|HEAP_ALLOCATE|[EXTERNAL]|Bytes:44
17:14:13.0 (708722808)|VARIABLE_SCOPE_BEGIN|[83]|this|auMainTopCompCtrl|true|false
17:14:13.0 (708808314)|VARIABLE_ASSIGNMENT|[83]|this|{"currentUser":"0x4016be49","isSAUser":false,"iTypeOfScreen":0,"urlReportsSFA":"https://au-portal.li (77 more) ..."}|0x5868a01d
17:14:13.0 (708835309)|STATEMENT_EXECUTE|[83]
17:14:13.0 (708840858)|STATEMENT_EXECUTE|[84]
17:14:13.0 (708908661)|VARIABLE_ASSIGNMENT|[EXTERNAL]|this|{"currentUser":"0x4016be49","isSAUser":false,"iTypeOfScreen":0,"urlReportsSFA":"https://au-portal.li (77 more) ..."}|0x5868a01d
17:14:13.0 (708998432)|VARIABLE_ASSIGNMENT|[EXTERNAL]|this|{"currentUser":"0x4016be49","isSAUser":false,"iTypeOfScreen":0,"urlReportsSFA":"https://au-portal.li (77 more) ..."}|0x5868a01d
17:14:13.0 (709036909)|HEAP_ALLOCATE|[84]|Bytes:5
17:14:13.0 (709124167)|SYSTEM_MODE_ENTER|true
17:14:13.0 (709186554)|HEAP_ALLOCATE|[EXTERNAL]|Bytes:44
17:14:13.0 (709202294)|VARIABLE_SCOPE_BEGIN|[100]|this|auMainTopCompCtrl|true|false
17:14:13.0 (709291030)|VARIABLE_ASSIGNMENT|[100]|this|{"currentUser":"0x4016be49","isSAUser":false,"iTypeOfScreen":0,"urlReportsSFA":"https://au-portal.li (77 more) ..."}|0x5868a01d
17:14:13.0 (709325219)|STATEMENT_EXECUTE|[100]
17:14:13.0 (709328387)|STATEMENT_EXECUTE|[101]
17:14:13.0 (709431192)|VARIABLE_ASSIGNMENT|[EXTERNAL]|this|{"currentUser":"0x4016be49","isSAUser":false,"iTypeOfScreen":0,"urlReportsSFA":"https://au-portal.li (77 more) ..."}|0x5868a01d
17:14:13.0 (709529842)|VARIABLE_ASSIGNMENT|[EXTERNAL]|this|{"currentUser":"0x4016be49","isSAUser":false,"iTypeOfScreen":0,"urlReportsSFA":"https://au-portal.li (77 more) ..."}|0x5868a01d
17:14:13.0 (709643289)|VARIABLE_ASSIGNMENT|[EXTERNAL]|this|{"currentUser":"0x4016be49","isSAUser":false,"iTypeOfScreen":0,"urlReportsSFA":"https://au-portal.li (77 more) ..."}|0x5868a01d
17:14:13.0 (709678235)|HEAP_ALLOCATE|[101]|Bytes:5
17:14:13.0 (740310611)|SYSTEM_MODE_ENTER|true
17:14:13.0 (741182909)|SYSTEM_MODE_ENTER|true
17:14:13.0 (743220966)|VF_SERIALIZE_VIEWSTATE_BEGIN|0666F000006TarA
17:14:13.0 (748662222)|VF_SERIALIZE_VIEWSTATE_END
17:14:13.760 (760334150)|CUMULATIVE_LIMIT_USAGE
17:14:13.760 (760334150)|LIMIT_USAGE_FOR_NS|(default)|
  Number of SOQL queries: 5 out of 100
  Number of query rows: 5 out of 50000
  Number of SOSL queries: 0 out of 20
  Number of DML statements: 0 out of 150
  Number of DML rows: 0 out of 10000
  Maximum CPU time: 0 out of 10000
  Maximum heap size: 0 out of 6000000
  Number of callouts: 0 out of 100
  Number of Email Invocations: 0 out of 10
  Number of future calls: 0 out of 50
  Number of queueable jobs added to the queue: 0 out of 50
  Number of Mobile Apex push calls: 0 out of 10

17:14:13.760 (760334150)|CUMULATIVE_LIMIT_USAGE_END

17:14:13.0 (760410006)|CODE_UNIT_FINISHED|VF: /apex/auSwitchScreenPage
17:14:13.0 (761490192)|EXECUTION_FINISHED
