38.0 APEX_CODE,FINEST;APEX_PROFILING,INFO;CALLOUT,INFO;DB,INFO;SYSTEM,DEBUG;VALIDATION,INFO;VISUALFORCE,INFO;WAVE,INFO;WORKFLOW,INFO
16:25:24.0 (221167)|USER_INFO|[EXTERNAL]|0056F000006PtYl|gwadmin@gw.jp.kddi|日本標準時|GMT+09:00
16:25:24.0 (260819)|EXECUTION_STARTED
16:25:24.0 (266045)|CODE_UNIT_STARTED|[EXTERNAL]|0666F000006TarA|VF: /apex/auSwitchScreenPage
16:25:24.0 (19002757)|SYSTEM_MODE_ENTER|true
16:25:24.0 (19362865)|VARIABLE_SCOPE_BEGIN|[7]|auMainTopCompCtrl.TYPE_SCREEN_CX_SCREEN|Integer|false|true
16:25:24.0 (19377704)|VARIABLE_SCOPE_BEGIN|[8]|auMainTopCompCtrl.TYPE_SCREEN_CX_TIMELINE|Integer|false|true
16:25:24.0 (19385522)|VARIABLE_SCOPE_BEGIN|[9]|auMainTopCompCtrl.TYPE_SCREEN_EVENT_SCHEDULE|Integer|false|true
16:25:24.0 (19392859)|VARIABLE_SCOPE_BEGIN|[10]|auMainTopCompCtrl.TYPE_SCREEN_EVENT_SCHEDULE_LIST|Integer|false|true
16:25:24.0 (19399720)|VARIABLE_SCOPE_BEGIN|[11]|auMainTopCompCtrl.TYPE_SCREEN_KNOWLEDGE_DASHBOARD|Integer|false|true
16:25:24.0 (19407338)|VARIABLE_SCOPE_BEGIN|[12]|auMainTopCompCtrl.TYPE_SCREEN_KNOWLEDGE_LIST|Integer|false|true
16:25:24.0 (19414736)|VARIABLE_SCOPE_BEGIN|[15]|auMainTopCompCtrl.TYPE_SCREEN_SA_CHATTER|Integer|false|true
16:25:24.0 (19421902)|VARIABLE_SCOPE_BEGIN|[16]|auMainTopCompCtrl.TYPE_SCREEN_SA_DAILYREPORT|Integer|false|true
16:25:24.0 (19428831)|VARIABLE_SCOPE_BEGIN|[22]|auMainTopCompCtrl.TYPE_SCREEN_SA_DAILYREPORTLIST|Integer|false|true
16:25:24.0 (19436209)|VARIABLE_SCOPE_BEGIN|[18]|auMainTopCompCtrl.TYPE_SCREEN_SA_DOCUMENTS|Integer|false|true
16:25:24.0 (19443143)|VARIABLE_SCOPE_BEGIN|[17]|auMainTopCompCtrl.TYPE_SCREEN_SA_ENQUETE|Integer|false|true
16:25:24.0 (19450310)|VARIABLE_SCOPE_BEGIN|[20]|auMainTopCompCtrl.TYPE_SCREEN_SA_LINKS|Integer|false|true
16:25:24.0 (19457581)|VARIABLE_SCOPE_BEGIN|[13]|auMainTopCompCtrl.TYPE_SCREEN_SA_MESSAGES|Integer|false|true
16:25:24.0 (19464566)|VARIABLE_SCOPE_BEGIN|[19]|auMainTopCompCtrl.TYPE_SCREEN_SA_RANKING|Integer|false|true
16:25:24.0 (19471619)|VARIABLE_SCOPE_BEGIN|[14]|auMainTopCompCtrl.TYPE_SCREEN_SA_REPORTS|Integer|false|true
16:25:24.0 (19478745)|VARIABLE_SCOPE_BEGIN|[21]|auMainTopCompCtrl.TYPE_SCREEN_SA_USRSETTINGS|Integer|false|true
16:25:24.0 (19485855)|VARIABLE_SCOPE_BEGIN|[4]|auMainTopCompCtrl.TYPE_SCREEN_STPD_EVENT|Integer|false|true
16:25:24.0 (19493197)|VARIABLE_SCOPE_BEGIN|[6]|auMainTopCompCtrl.TYPE_SCREEN_STPD_SCREEN|Integer|false|true
16:25:24.0 (19500428)|VARIABLE_SCOPE_BEGIN|[5]|auMainTopCompCtrl.TYPE_SCREEN_STPD_TIMELINE|Integer|false|true
16:25:24.0 (19508139)|VARIABLE_SCOPE_BEGIN|[3]|auMainTopCompCtrl.TYPE_SCREEN_SWITCH|Integer|false|true
16:25:24.0 (19616667)|HEAP_ALLOCATE|[72]|Bytes:3
16:25:24.0 (19647022)|HEAP_ALLOCATE|[77]|Bytes:152
16:25:24.0 (19659398)|HEAP_ALLOCATE|[342]|Bytes:408
16:25:24.0 (19672664)|HEAP_ALLOCATE|[355]|Bytes:408
16:25:24.0 (19685143)|HEAP_ALLOCATE|[467]|Bytes:48
16:25:24.0 (19709769)|HEAP_ALLOCATE|[139]|Bytes:6
16:25:24.0 (19723703)|HEAP_ALLOCATE|[EXTERNAL]|Bytes:288
16:25:24.0 (19731449)|HEAP_ALLOCATE|[EXTERNAL]|Bytes:114
16:25:24.0 (19749293)|METHOD_ENTRY|[1]|01p6F0000084OtI|auMainTopCompCtrl.auMainTopCompCtrl()
16:25:24.0 (19755403)|STATEMENT_EXECUTE|[1]
16:25:24.0 (19759076)|STATEMENT_EXECUTE|[1]
16:25:24.0 (19760828)|STATEMENT_EXECUTE|[3]
16:25:24.0 (19765933)|HEAP_ALLOCATE|[3]|Bytes:4
16:25:24.0 (19796171)|VARIABLE_ASSIGNMENT|[3]|auMainTopCompCtrl.TYPE_SCREEN_SWITCH|0
16:25:24.0 (19802098)|STATEMENT_EXECUTE|[4]
16:25:24.0 (19804888)|HEAP_ALLOCATE|[4]|Bytes:4
16:25:24.0 (19813486)|VARIABLE_ASSIGNMENT|[4]|auMainTopCompCtrl.TYPE_SCREEN_STPD_EVENT|11
16:25:24.0 (19817842)|STATEMENT_EXECUTE|[5]
16:25:24.0 (19820053)|HEAP_ALLOCATE|[5]|Bytes:4
16:25:24.0 (19827007)|VARIABLE_ASSIGNMENT|[5]|auMainTopCompCtrl.TYPE_SCREEN_STPD_TIMELINE|12
16:25:24.0 (19830868)|STATEMENT_EXECUTE|[6]
16:25:24.0 (19832815)|HEAP_ALLOCATE|[6]|Bytes:4
16:25:24.0 (19839115)|VARIABLE_ASSIGNMENT|[6]|auMainTopCompCtrl.TYPE_SCREEN_STPD_SCREEN|13
16:25:24.0 (19843048)|STATEMENT_EXECUTE|[7]
16:25:24.0 (19845448)|HEAP_ALLOCATE|[7]|Bytes:4
16:25:24.0 (19874876)|VARIABLE_ASSIGNMENT|[7]|auMainTopCompCtrl.TYPE_SCREEN_CX_SCREEN|21
16:25:24.0 (19879596)|STATEMENT_EXECUTE|[8]
16:25:24.0 (19882210)|HEAP_ALLOCATE|[8]|Bytes:4
16:25:24.0 (19888967)|VARIABLE_ASSIGNMENT|[8]|auMainTopCompCtrl.TYPE_SCREEN_CX_TIMELINE|22
16:25:24.0 (19892476)|STATEMENT_EXECUTE|[9]
16:25:24.0 (19894922)|HEAP_ALLOCATE|[9]|Bytes:4
16:25:24.0 (19900292)|VARIABLE_ASSIGNMENT|[9]|auMainTopCompCtrl.TYPE_SCREEN_EVENT_SCHEDULE|31
16:25:24.0 (19904542)|STATEMENT_EXECUTE|[10]
16:25:24.0 (19906913)|HEAP_ALLOCATE|[10]|Bytes:4
16:25:24.0 (19913355)|VARIABLE_ASSIGNMENT|[10]|auMainTopCompCtrl.TYPE_SCREEN_EVENT_SCHEDULE_LIST|32
16:25:24.0 (19917356)|STATEMENT_EXECUTE|[11]
16:25:24.0 (19919597)|HEAP_ALLOCATE|[11]|Bytes:4
16:25:24.0 (19925769)|VARIABLE_ASSIGNMENT|[11]|auMainTopCompCtrl.TYPE_SCREEN_KNOWLEDGE_DASHBOARD|41
16:25:24.0 (19929293)|STATEMENT_EXECUTE|[12]
16:25:24.0 (19931205)|HEAP_ALLOCATE|[12]|Bytes:4
16:25:24.0 (19937309)|VARIABLE_ASSIGNMENT|[12]|auMainTopCompCtrl.TYPE_SCREEN_KNOWLEDGE_LIST|42
16:25:24.0 (19941268)|STATEMENT_EXECUTE|[13]
16:25:24.0 (19943444)|HEAP_ALLOCATE|[13]|Bytes:4
16:25:24.0 (19949615)|VARIABLE_ASSIGNMENT|[13]|auMainTopCompCtrl.TYPE_SCREEN_SA_MESSAGES|51
16:25:24.0 (19953421)|STATEMENT_EXECUTE|[14]
16:25:24.0 (19955664)|HEAP_ALLOCATE|[14]|Bytes:4
16:25:24.0 (19961908)|VARIABLE_ASSIGNMENT|[14]|auMainTopCompCtrl.TYPE_SCREEN_SA_REPORTS|52
16:25:24.0 (19965490)|STATEMENT_EXECUTE|[15]
16:25:24.0 (19967634)|HEAP_ALLOCATE|[15]|Bytes:4
16:25:24.0 (19973535)|VARIABLE_ASSIGNMENT|[15]|auMainTopCompCtrl.TYPE_SCREEN_SA_CHATTER|53
16:25:24.0 (19977789)|STATEMENT_EXECUTE|[16]
16:25:24.0 (19980290)|HEAP_ALLOCATE|[16]|Bytes:4
16:25:24.0 (19985907)|VARIABLE_ASSIGNMENT|[16]|auMainTopCompCtrl.TYPE_SCREEN_SA_DAILYREPORT|54
16:25:24.0 (19989865)|STATEMENT_EXECUTE|[17]
16:25:24.0 (19992039)|HEAP_ALLOCATE|[17]|Bytes:4
16:25:24.0 (19998029)|VARIABLE_ASSIGNMENT|[17]|auMainTopCompCtrl.TYPE_SCREEN_SA_ENQUETE|55
16:25:24.0 (20001831)|STATEMENT_EXECUTE|[18]
16:25:24.0 (20004806)|HEAP_ALLOCATE|[18]|Bytes:4
16:25:24.0 (20011169)|VARIABLE_ASSIGNMENT|[18]|auMainTopCompCtrl.TYPE_SCREEN_SA_DOCUMENTS|56
16:25:24.0 (20015001)|STATEMENT_EXECUTE|[19]
16:25:24.0 (20017006)|HEAP_ALLOCATE|[19]|Bytes:4
16:25:24.0 (20023119)|VARIABLE_ASSIGNMENT|[19]|auMainTopCompCtrl.TYPE_SCREEN_SA_RANKING|57
16:25:24.0 (20026701)|STATEMENT_EXECUTE|[20]
16:25:24.0 (20028967)|HEAP_ALLOCATE|[20]|Bytes:4
16:25:24.0 (20035351)|VARIABLE_ASSIGNMENT|[20]|auMainTopCompCtrl.TYPE_SCREEN_SA_LINKS|58
16:25:24.0 (20039402)|STATEMENT_EXECUTE|[21]
16:25:24.0 (20041434)|HEAP_ALLOCATE|[21]|Bytes:4
16:25:24.0 (20047977)|VARIABLE_ASSIGNMENT|[21]|auMainTopCompCtrl.TYPE_SCREEN_SA_USRSETTINGS|59
16:25:24.0 (20051572)|STATEMENT_EXECUTE|[22]
16:25:24.0 (20053819)|HEAP_ALLOCATE|[22]|Bytes:4
16:25:24.0 (20059384)|VARIABLE_ASSIGNMENT|[22]|auMainTopCompCtrl.TYPE_SCREEN_SA_DAILYREPORTLIST|60
16:25:24.0 (20067691)|METHOD_EXIT|[1]|auMainTopCompCtrl
16:25:24.0 (20128015)|HEAP_ALLOCATE|[EXTERNAL]|Bytes:40
16:25:24.0 (20139465)|VARIABLE_SCOPE_BEGIN|[41]|this|auMainTopCompCtrl|true|false
16:25:24.0 (20209575)|VARIABLE_ASSIGNMENT|[41]|this|{}|0x151d15f
16:25:24.0 (20219341)|STATEMENT_EXECUTE|[1]
16:25:24.0 (20221059)|STATEMENT_EXECUTE|[24]
16:25:24.0 (20222785)|STATEMENT_EXECUTE|[25]
16:25:24.0 (20224169)|STATEMENT_EXECUTE|[26]
16:25:24.0 (20225531)|STATEMENT_EXECUTE|[29]
16:25:24.0 (20226967)|STATEMENT_EXECUTE|[30]
16:25:24.0 (20228331)|STATEMENT_EXECUTE|[31]
16:25:24.0 (20229642)|STATEMENT_EXECUTE|[33]
16:25:24.0 (20230943)|STATEMENT_EXECUTE|[34]
16:25:24.0 (20232437)|STATEMENT_EXECUTE|[36]
16:25:24.0 (20240060)|HEAP_ALLOCATE|[42]|Bytes:6
16:25:24.0 (20306159)|STATEMENT_EXECUTE|[41]
16:25:24.0 (20308448)|STATEMENT_EXECUTE|[42]
16:25:24.0 (20420387)|VARIABLE_ASSIGNMENT|[EXTERNAL]|this|{}|0x151d15f
16:25:24.0 (20432893)|VARIABLE_ASSIGNMENT|[EXTERNAL]|value|0
16:25:24.0 (20439375)|HEAP_ALLOCATE|[29]|Bytes:4
16:25:24.0 (20450703)|VARIABLE_ASSIGNMENT|[29]|this.iTypeOfScreen|0|0x151d15f
16:25:24.0 (20461396)|STATEMENT_EXECUTE|[44]
16:25:24.0 (21814876)|HEAP_ALLOCATE|[44]|Bytes:128
16:25:24.0 (21917486)|VARIABLE_ASSIGNMENT|[EXTERNAL]|this|{"iTypeOfScreen":0}|0x151d15f
16:25:24.0 (21936533)|VARIABLE_ASSIGNMENT|[EXTERNAL]|value|"https://au-portal.li (90 more) ..."
16:25:24.0 (21951723)|VARIABLE_ASSIGNMENT|[34]|this.urlReportsSFA|"https://au-portal.li (90 more) ..."|0x151d15f
16:25:24.0 (21962276)|STATEMENT_EXECUTE|[46]
16:25:24.0 (21966769)|HEAP_ALLOCATE|[46]|Bytes:173
16:25:24.0 (21984598)|HEAP_ALLOCATE|[46]|Bytes:4
16:25:24.0 (21995564)|HEAP_ALLOCATE|[46]|Bytes:7
16:25:24.0 (22031878)|HEAP_ALLOCATE|[50]|Bytes:85
16:25:24.0 (22043035)|SYSTEM_METHOD_ENTRY|[1]|UserInfo.UserInfo()
16:25:24.0 (22047156)|STATEMENT_EXECUTE|[1]
16:25:24.0 (22054151)|SYSTEM_METHOD_EXIT|[1]|UserInfo
16:25:24.0 (22066832)|METHOD_ENTRY|[50]||System.UserInfo.getUserId()
16:25:24.0 (22140641)|METHOD_EXIT|[50]||System.UserInfo.getUserId()
16:25:24.0 (24347602)|SOQL_EXECUTE_BEGIN|[46]|Aggregations:0|SELECT SmallPhotoUrl, Account.Name, Account.RegionalOfficeId__r.RegionalOfficeName__c, Account.BranchId__r.BranchName__c, Name, Department FROM User WHERE User.ID = :tmpVar1
16:25:24.0 (29016830)|SOQL_EXECUTE_END|[46]|Rows:1
16:25:24.0 (29044123)|HEAP_ALLOCATE|[46]|Bytes:8
16:25:24.0 (29067277)|HEAP_ALLOCATE|[46]|Bytes:81
16:25:24.0 (29183579)|HEAP_ALLOCATE|[46]|Bytes:8
16:25:24.0 (29199263)|HEAP_ALLOCATE|[46]|Bytes:30
16:25:24.0 (29240571)|HEAP_ALLOCATE|[46]|Bytes:16
16:25:24.0 (29372911)|VARIABLE_ASSIGNMENT|[EXTERNAL]|this|{"iTypeOfScreen":0,"urlReportsSFA":"https://au-portal.li (90 more) ..."}|0x151d15f
16:25:24.0 (29403896)|VARIABLE_ASSIGNMENT|[EXTERNAL]|value|{"SmallPhotoUrl":"/profilephoto/005/T","Name":"GW Admin","Id":"0056F000006PtYlQAK"}|0x74579834
16:25:24.0 (29431445)|VARIABLE_ASSIGNMENT|[33]|this.currentUser|{"SmallPhotoUrl":"/profilephoto/005/T","Name":"GW Admin","Id":"0056F000006PtYlQAK"}|0x151d15f
16:25:24.0 (43957788)|SYSTEM_MODE_ENTER|true
16:25:24.0 (44037998)|HEAP_ALLOCATE|[EXTERNAL]|Bytes:136
16:25:24.0 (44050475)|HEAP_ALLOCATE|[EXTERNAL]|Bytes:10
16:25:24.0 (44064783)|METHOD_ENTRY|[1]|01p6F0000084OtZ|auSwitchScreenCtrl.auSwitchScreenCtrl()
16:25:24.0 (44071731)|STATEMENT_EXECUTE|[1]
16:25:24.0 (44076620)|STATEMENT_EXECUTE|[1]
16:25:24.0 (44094809)|SYSTEM_MODE_ENTER|false
16:25:24.0 (44110520)|HEAP_ALLOCATE|[EXTERNAL]|Bytes:5
16:25:24.0 (44122890)|SYSTEM_MODE_EXIT|false
16:25:24.0 (44137915)|METHOD_EXIT|[1]|auSwitchScreenCtrl
16:25:24.0 (44159874)|HEAP_ALLOCATE|[EXTERNAL]|Bytes:12
16:25:24.0 (44179295)|VARIABLE_SCOPE_BEGIN|[9]|this|auSwitchScreenCtrl|true|false
16:25:24.0 (44246393)|VARIABLE_ASSIGNMENT|[9]|this|{}|0x7d7bda60
16:25:24.0 (44283581)|SYSTEM_MODE_ENTER|false
16:25:24.0 (44294539)|HEAP_ALLOCATE|[11]|Bytes:5
16:25:24.0 (44301678)|STATEMENT_EXECUTE|[1]
16:25:24.0 (44312746)|HEAP_ALLOCATE|[11]|Bytes:5
16:25:24.0 (44317571)|STATEMENT_EXECUTE|[3]
16:25:24.0 (44319858)|STATEMENT_EXECUTE|[4]
16:25:24.0 (44353576)|STATEMENT_EXECUTE|[9]
16:25:24.0 (44356420)|STATEMENT_EXECUTE|[11]
16:25:24.0 (44361788)|HEAP_ALLOCATE|[11]|Bytes:54
16:25:24.0 (44384155)|HEAP_ALLOCATE|[11]|Bytes:4
16:25:24.0 (44407920)|METHOD_ENTRY|[13]||System.UserInfo.getUserId()
16:25:24.0 (44475763)|METHOD_EXIT|[13]||System.UserInfo.getUserId()
16:25:24.0 (45934511)|SOQL_EXECUTE_BEGIN|[11]|Aggregations:0|SELECT Profile.Name FROM User WHERE User.ID = :tmpVar1
16:25:24.0 (52473953)|SOQL_EXECUTE_END|[11]|Rows:1
16:25:24.0 (52632286)|HEAP_ALLOCATE|[11]|Bytes:8
16:25:24.0 (52672485)|HEAP_ALLOCATE|[11]|Bytes:127
16:25:24.0 (52746289)|HEAP_ALLOCATE|[11]|Bytes:8
16:25:24.0 (52799229)|HEAP_ALLOCATE|[11]|Bytes:16
16:25:24.0 (52829833)|VARIABLE_SCOPE_BEGIN|[11]|currentUser|User|true|false
16:25:24.0 (52888978)|VARIABLE_ASSIGNMENT|[11]|currentUser|{"ProfileId":"00e6F000002RS1oQAG","Id":"0056F000006PtYlQAK","Profile":{"Name":"System Administrator","Id":"00e6F000002RS1oQAG"}}|0x1d8b51fd
16:25:24.0 (52904132)|STATEMENT_EXECUTE|[15]
16:25:24.0 (53474417)|VARIABLE_SCOPE_BEGIN|[52]|auConstantCmn.ACCOUNT_CHANNEL_DAIRITEN|String|false|true
16:25:24.0 (53495103)|VARIABLE_SCOPE_BEGIN|[50]|auConstantCmn.ACCOUNT_CHANNEL_SHOP|String|false|true
16:25:24.0 (53506888)|VARIABLE_SCOPE_BEGIN|[51]|auConstantCmn.ACCOUNT_CHANNEL_UNEIHOJIN|String|false|true
16:25:24.0 (53518139)|VARIABLE_SCOPE_BEGIN|[103]|auConstantCmn.CX_KNOWLEDGE_SHARING_NATIONAL|String|false|true
16:25:24.0 (53530988)|VARIABLE_SCOPE_BEGIN|[102]|auConstantCmn.CX_KNOWLEDGE_SHARING_REGIONAL_OFFICE|String|false|true
16:25:24.0 (53543468)|VARIABLE_SCOPE_BEGIN|[108]|auConstantCmn.CX_KNOWLEDGE_STATUS_APPROVED|String|false|true
16:25:24.0 (53559034)|VARIABLE_SCOPE_BEGIN|[109]|auConstantCmn.CX_KNOWLEDGE_STATUS_NATIONAL_APPROVED|String|false|true
16:25:24.0 (53572822)|VARIABLE_SCOPE_BEGIN|[110]|auConstantCmn.CX_KNOWLEDGE_STATUS_REJECTED|String|false|true
16:25:24.0 (53584969)|VARIABLE_SCOPE_BEGIN|[107]|auConstantCmn.CX_KNOWLEDGE_STATUS_SAVED|String|false|true
16:25:24.0 (53597206)|VARIABLE_SCOPE_BEGIN|[106]|auConstantCmn.CX_KNOWLEDGE_STATUS_TEMPORARY_SAVED|String|false|true
16:25:24.0 (53609312)|VARIABLE_SCOPE_BEGIN|[18]|auConstantCmn.FORGOT_PASSWORD_ERR_MESSAGE001|String|false|true
16:25:24.0 (53621000)|VARIABLE_SCOPE_BEGIN|[114]|auConstantCmn.KDDI_KNOWLEDGE_STATUS_SAVED|String|false|true
16:25:24.0 (53632243)|VARIABLE_SCOPE_BEGIN|[113]|auConstantCmn.KDDI_KNOWLEDGE_STATUS_TEMPORARY_SAVED|String|false|true
16:25:24.0 (53643791)|VARIABLE_SCOPE_BEGIN|[12]|auConstantCmn.LOGIN_ERR_MESSAGE001|String|false|true
16:25:24.0 (53653797)|VARIABLE_SCOPE_BEGIN|[13]|auConstantCmn.LOGIN_ERR_MESSAGE002|String|false|true
16:25:24.0 (53664600)|VARIABLE_SCOPE_BEGIN|[14]|auConstantCmn.LOGIN_ERR_MESSAGE003|String|false|true
16:25:24.0 (53677555)|VARIABLE_SCOPE_BEGIN|[15]|auConstantCmn.LOGIN_ERR_MESSAGE004|String|false|true
16:25:24.0 (53690829)|VARIABLE_SCOPE_BEGIN|[89]|auConstantCmn.PAGE_ALIAS_SHOP_CX|String|false|true
16:25:24.0 (53705255)|VARIABLE_SCOPE_BEGIN|[80]|auConstantCmn.PAGE_ALIAS_SHOP_EVENTS|String|false|true
16:25:24.0 (53718166)|VARIABLE_SCOPE_BEGIN|[66]|auConstantCmn.PAGE_ALIAS_SHOP_FORGOTPW|String|false|true
16:25:24.0 (53730951)|VARIABLE_SCOPE_BEGIN|[70]|auConstantCmn.PAGE_ALIAS_SHOP_FORGOTPWCOMP|String|false|true
16:25:24.0 (53743848)|VARIABLE_SCOPE_BEGIN|[77]|auConstantCmn.PAGE_ALIAS_SHOP_HOME|String|false|true
16:25:24.0 (53756791)|VARIABLE_SCOPE_BEGIN|[58]|auConstantCmn.PAGE_ALIAS_SHOP_LOGIN|String|false|true
16:25:24.0 (53768611)|VARIABLE_SCOPE_BEGIN|[62]|auConstantCmn.PAGE_ALIAS_SHOP_LOGOUT|String|false|true
16:25:24.0 (53787261)|VARIABLE_SCOPE_BEGIN|[74]|auConstantCmn.PAGE_ALIAS_SHOP_PASSWORDSIGNUP|String|false|true
16:25:24.0 (53800861)|VARIABLE_SCOPE_BEGIN|[95]|auConstantCmn.PAGE_ALIAS_SHOP_SCHEDULE|String|false|true
16:25:24.0 (53814313)|VARIABLE_SCOPE_BEGIN|[98]|auConstantCmn.PAGE_ALIAS_SHOP_SCHEDULE_LIST|String|false|true
16:25:24.0 (53831847)|VARIABLE_SCOPE_BEGIN|[83]|auConstantCmn.PAGE_ALIAS_SHOP_STPD|String|false|true
16:25:24.0 (53844729)|VARIABLE_SCOPE_BEGIN|[92]|auConstantCmn.PAGE_ALIAS_SHOP_TIMELINE_CX|String|false|true
16:25:24.0 (53858602)|VARIABLE_SCOPE_BEGIN|[86]|auConstantCmn.PAGE_ALIAS_SHOP_TIMELINE_STPD|String|false|true
16:25:24.0 (53871848)|VARIABLE_SCOPE_BEGIN|[88]|auConstantCmn.PAGE_VF_SHOP_CX|String|false|true
16:25:24.0 (53888333)|VARIABLE_SCOPE_BEGIN|[79]|auConstantCmn.PAGE_VF_SHOP_EVENTS|String|false|true
16:25:24.0 (53907981)|VARIABLE_SCOPE_BEGIN|[65]|auConstantCmn.PAGE_VF_SHOP_FORGOTPW|String|false|true
16:25:24.0 (53925944)|VARIABLE_SCOPE_BEGIN|[69]|auConstantCmn.PAGE_VF_SHOP_FORGOTPWCOMP|String|false|true
16:25:24.0 (53942110)|VARIABLE_SCOPE_BEGIN|[76]|auConstantCmn.PAGE_VF_SHOP_HOME|String|false|true
16:25:24.0 (53957757)|VARIABLE_SCOPE_BEGIN|[57]|auConstantCmn.PAGE_VF_SHOP_LOGIN|String|false|true
16:25:24.0 (53973105)|VARIABLE_SCOPE_BEGIN|[61]|auConstantCmn.PAGE_VF_SHOP_LOGOUT|String|false|true
16:25:24.0 (53994956)|VARIABLE_SCOPE_BEGIN|[73]|auConstantCmn.PAGE_VF_SHOP_PASSWORDSIGNUP|String|false|true
16:25:24.0 (54017323)|VARIABLE_SCOPE_BEGIN|[94]|auConstantCmn.PAGE_VF_SHOP_SCHEDULE|String|false|true
16:25:24.0 (54032437)|VARIABLE_SCOPE_BEGIN|[97]|auConstantCmn.PAGE_VF_SHOP_SCHEDULE_LIST|String|false|true
16:25:24.0 (54047251)|VARIABLE_SCOPE_BEGIN|[82]|auConstantCmn.PAGE_VF_SHOP_STPD|String|false|true
16:25:24.0 (54062734)|VARIABLE_SCOPE_BEGIN|[91]|auConstantCmn.PAGE_VF_SHOP_TIMELINE_CX|String|false|true
16:25:24.0 (54072395)|VARIABLE_SCOPE_BEGIN|[85]|auConstantCmn.PAGE_VF_SHOP_TIMELINE_STPD|String|false|true
16:25:24.0 (54085490)|VARIABLE_SCOPE_BEGIN|[26]|auConstantCmn.PASSWORD_SIGNUP_ERR_EXPIREDURL|String|false|true
16:25:24.0 (54095138)|VARIABLE_SCOPE_BEGIN|[29]|auConstantCmn.PASSWORD_SIGNUP_ERR_INTERNAL|String|false|true
16:25:24.0 (54104879)|VARIABLE_SCOPE_BEGIN|[27]|auConstantCmn.PASSWORD_SIGNUP_ERR_INVALIDURL|String|false|true
16:25:24.0 (54114031)|VARIABLE_SCOPE_BEGIN|[21]|auConstantCmn.PASSWORD_SIGNUP_ERR_MESSAGE001|String|false|true
16:25:24.0 (54123267)|VARIABLE_SCOPE_BEGIN|[22]|auConstantCmn.PASSWORD_SIGNUP_ERR_MESSAGE002|String|false|true
16:25:24.0 (54132945)|VARIABLE_SCOPE_BEGIN|[23]|auConstantCmn.PASSWORD_SIGNUP_ERR_MESSAGE003|String|false|true
16:25:24.0 (54144692)|VARIABLE_SCOPE_BEGIN|[24]|auConstantCmn.PASSWORD_SIGNUP_ERR_MESSAGE004|String|false|true
16:25:24.0 (54154239)|VARIABLE_SCOPE_BEGIN|[25]|auConstantCmn.PASSWORD_SIGNUP_ERR_MESSAGE005|String|false|true
16:25:24.0 (54163575)|VARIABLE_SCOPE_BEGIN|[28]|auConstantCmn.PASSWORD_SIGNUP_ERR_OLDURL|String|false|true
16:25:24.0 (54173565)|VARIABLE_SCOPE_BEGIN|[33]|auConstantCmn.PROFILE_COMMUNITY_MANAGEMENT|String|false|true
16:25:24.0 (54183455)|VARIABLE_SCOPE_BEGIN|[34]|auConstantCmn.PROFILE_COMMUNITY_PRIMARY_AGENT|String|false|true
16:25:24.0 (54195458)|VARIABLE_SCOPE_BEGIN|[32]|auConstantCmn.PROFILE_COMMUNITY_SHOP|String|false|true
16:25:24.0 (54220415)|VARIABLE_SCOPE_BEGIN|[44]|auConstantCmn.PROFILE_EVOLVA_ADMIN_USER|String|false|true
16:25:24.0 (54230986)|VARIABLE_SCOPE_BEGIN|[43]|auConstantCmn.PROFILE_EVOLVA_USER|String|false|true
16:25:24.0 (54241090)|VARIABLE_SCOPE_BEGIN|[35]|auConstantCmn.PROFILE_KDDI_BRANCH|String|false|true
16:25:24.0 (54253702)|VARIABLE_SCOPE_BEGIN|[36]|auConstantCmn.PROFILE_KDDI_BRANCH_V2|String|false|true
16:25:24.0 (54263948)|VARIABLE_SCOPE_BEGIN|[39]|auConstantCmn.PROFILE_KDDI_HEADQUARTERS|String|false|true
16:25:24.0 (54273713)|VARIABLE_SCOPE_BEGIN|[40]|auConstantCmn.PROFILE_KDDI_HEADQUARTERS_V2|String|false|true
16:25:24.0 (54283715)|VARIABLE_SCOPE_BEGIN|[37]|auConstantCmn.PROFILE_KDDI_REGIONAL_OFFICE|String|false|true
16:25:24.0 (54294209)|VARIABLE_SCOPE_BEGIN|[38]|auConstantCmn.PROFILE_KDDI_REGIONAL_OFFICE_V2|String|false|true
16:25:24.0 (54304760)|VARIABLE_SCOPE_BEGIN|[42]|auConstantCmn.PROFILE_SA_USER_CSA|String|false|true
16:25:24.0 (54315037)|VARIABLE_SCOPE_BEGIN|[41]|auConstantCmn.PROFILE_SA_USER_SA|String|false|true
16:25:24.0 (54325245)|VARIABLE_SCOPE_BEGIN|[45]|auConstantCmn.PROFILE_SYSADMIN_CUSTOM|String|false|true
16:25:24.0 (54335655)|VARIABLE_SCOPE_BEGIN|[46]|auConstantCmn.PROFILE_SYSADMIN_DEFAULT_EN|String|false|true
16:25:24.0 (54353108)|VARIABLE_SCOPE_BEGIN|[47]|auConstantCmn.PROFILE_SYSADMIN_DEFAULT_JP|String|false|true
16:25:24.0 (54373819)|VARIABLE_SCOPE_BEGIN|[9]|auConstantCmn.ROLE_CODE_EVOLVA_HONBU|String|false|true
16:25:24.0 (54393914)|VARIABLE_SCOPE_BEGIN|[7]|auConstantCmn.ROLE_CODE_HONBU|String|false|true
16:25:24.0 (54411407)|VARIABLE_SCOPE_BEGIN|[8]|auConstantCmn.ROLE_CODE_SA_HONBU|String|false|true
16:25:24.0 (54431170)|VARIABLE_SCOPE_BEGIN|[119]|auConstantCmn.USER_CLASSIFICATION_CONTRACTOR|String|false|true
16:25:24.0 (54446305)|VARIABLE_SCOPE_BEGIN|[118]|auConstantCmn.USER_CLASSIFICATION_CSA|String|false|true
16:25:24.0 (54457355)|VARIABLE_SCOPE_BEGIN|[117]|auConstantCmn.USER_CLASSIFICATION_SA|String|false|true
16:25:24.0 (54471016)|HEAP_ALLOCATE|[15]|Bytes:5
16:25:24.0 (54495049)|VARIABLE_ASSIGNMENT|[15]|auConstantCmn.ACCOUNT_CHANNEL_DAIRITEN|"一次代理店"
16:25:24.0 (54500839)|HEAP_ALLOCATE|[15]|Bytes:6
16:25:24.0 (54531185)|VARIABLE_ASSIGNMENT|[15]|auConstantCmn.ACCOUNT_CHANNEL_SHOP|"auショップ"
16:25:24.0 (54536460)|HEAP_ALLOCATE|[15]|Bytes:4
16:25:24.0 (54542820)|VARIABLE_ASSIGNMENT|[15]|auConstantCmn.ACCOUNT_CHANNEL_UNEIHOJIN|"運営法人"
16:25:24.0 (54547132)|HEAP_ALLOCATE|[15]|Bytes:8
16:25:24.0 (54553016)|VARIABLE_ASSIGNMENT|[15]|auConstantCmn.CX_KNOWLEDGE_SHARING_NATIONAL|"National"
16:25:24.0 (54557205)|HEAP_ALLOCATE|[15]|Bytes:14
16:25:24.0 (54562799)|VARIABLE_ASSIGNMENT|[15]|auConstantCmn.CX_KNOWLEDGE_SHARING_REGIONAL_OFFICE|"RegionalOffice"
16:25:24.0 (54566978)|HEAP_ALLOCATE|[15]|Bytes:8
16:25:24.0 (54572750)|VARIABLE_ASSIGNMENT|[15]|auConstantCmn.CX_KNOWLEDGE_STATUS_APPROVED|"Approved"
16:25:24.0 (54577247)|HEAP_ALLOCATE|[15]|Bytes:16
16:25:24.0 (54583171)|VARIABLE_ASSIGNMENT|[15]|auConstantCmn.CX_KNOWLEDGE_STATUS_NATIONAL_APPROVED|"NationalApproved"
16:25:24.0 (54587716)|HEAP_ALLOCATE|[15]|Bytes:8
16:25:24.0 (54593698)|VARIABLE_ASSIGNMENT|[15]|auConstantCmn.CX_KNOWLEDGE_STATUS_REJECTED|"Rejected"
16:25:24.0 (54597558)|HEAP_ALLOCATE|[15]|Bytes:5
16:25:24.0 (54606641)|VARIABLE_ASSIGNMENT|[15]|auConstantCmn.CX_KNOWLEDGE_STATUS_SAVED|"Saved"
16:25:24.0 (54610726)|HEAP_ALLOCATE|[15]|Bytes:14
16:25:24.0 (54616740)|VARIABLE_ASSIGNMENT|[15]|auConstantCmn.CX_KNOWLEDGE_STATUS_TEMPORARY_SAVED|"TemporarySaved"
16:25:24.0 (54620657)|HEAP_ALLOCATE|[15]|Bytes:12
16:25:24.0 (54626373)|VARIABLE_ASSIGNMENT|[15]|auConstantCmn.FORGOT_PASSWORD_ERR_MESSAGE001|"IDを入力してください。"
16:25:24.0 (54633675)|HEAP_ALLOCATE|[15]|Bytes:5
16:25:24.0 (54640379)|VARIABLE_ASSIGNMENT|[15]|auConstantCmn.KDDI_KNOWLEDGE_STATUS_SAVED|"Saved"
16:25:24.0 (54644651)|HEAP_ALLOCATE|[15]|Bytes:14
16:25:24.0 (54650771)|VARIABLE_ASSIGNMENT|[15]|auConstantCmn.KDDI_KNOWLEDGE_STATUS_TEMPORARY_SAVED|"TemporarySaved"
16:25:24.0 (54654835)|HEAP_ALLOCATE|[15]|Bytes:15
16:25:24.0 (54661651)|VARIABLE_ASSIGNMENT|[15]|auConstantCmn.LOGIN_ERR_MESSAGE001|"パスワードを入力してください。"
16:25:24.0 (54666012)|HEAP_ALLOCATE|[15]|Bytes:27
16:25:24.0 (54673968)|VARIABLE_ASSIGNMENT|[15]|auConstantCmn.LOGIN_ERR_MESSAGE002|"8文字以上の英数字混在のパスワードを指定 (7 more) ..."
16:25:24.0 (54678184)|HEAP_ALLOCATE|[15]|Bytes:19
16:25:24.0 (54684232)|VARIABLE_ASSIGNMENT|[15]|auConstantCmn.LOGIN_ERR_MESSAGE003|"ID或いはパスワードが間違っています。"
16:25:24.0 (54688303)|HEAP_ALLOCATE|[15]|Bytes:46
16:25:24.0 (54695845)|VARIABLE_ASSIGNMENT|[15]|auConstantCmn.LOGIN_ERR_MESSAGE004|"ログイン失敗回数を超えた為、ロックされま (26 more) ..."
16:25:24.0 (54699970)|HEAP_ALLOCATE|[15]|Bytes:3
16:25:24.0 (54705921)|VARIABLE_ASSIGNMENT|[15]|auConstantCmn.PAGE_ALIAS_SHOP_CX|"/CX"
16:25:24.0 (54709911)|HEAP_ALLOCATE|[15]|Bytes:7
16:25:24.0 (54716009)|VARIABLE_ASSIGNMENT|[15]|auConstantCmn.PAGE_ALIAS_SHOP_EVENTS|"/events"
16:25:24.0 (54722897)|HEAP_ALLOCATE|[15]|Bytes:16
16:25:24.0 (54732194)|VARIABLE_ASSIGNMENT|[15]|auConstantCmn.PAGE_ALIAS_SHOP_FORGOTPW|"/forgot-password"
16:25:24.0 (54739365)|HEAP_ALLOCATE|[15]|Bytes:25
16:25:24.0 (54752183)|VARIABLE_ASSIGNMENT|[15]|auConstantCmn.PAGE_ALIAS_SHOP_FORGOTPWCOMP|"/forgot-password-com (5 more) ..."
16:25:24.0 (54759938)|HEAP_ALLOCATE|[15]|Bytes:5
16:25:24.0 (54771210)|VARIABLE_ASSIGNMENT|[15]|auConstantCmn.PAGE_ALIAS_SHOP_HOME|"/home"
16:25:24.0 (54778011)|HEAP_ALLOCATE|[15]|Bytes:6
16:25:24.0 (54797273)|VARIABLE_ASSIGNMENT|[15]|auConstantCmn.PAGE_ALIAS_SHOP_LOGIN|"/login"
16:25:24.0 (54805124)|HEAP_ALLOCATE|[15]|Bytes:7
16:25:24.0 (54816773)|VARIABLE_ASSIGNMENT|[15]|auConstantCmn.PAGE_ALIAS_SHOP_LOGOUT|"/logout"
16:25:24.0 (54824696)|HEAP_ALLOCATE|[15]|Bytes:16
16:25:24.0 (54838391)|VARIABLE_ASSIGNMENT|[15]|auConstantCmn.PAGE_ALIAS_SHOP_PASSWORDSIGNUP|"/password-signup"
16:25:24.0 (54874874)|HEAP_ALLOCATE|[15]|Bytes:9
16:25:24.0 (54891591)|VARIABLE_ASSIGNMENT|[15]|auConstantCmn.PAGE_ALIAS_SHOP_SCHEDULE|"/calendar"
16:25:24.0 (54904184)|HEAP_ALLOCATE|[15]|Bytes:11
16:25:24.0 (54918820)|VARIABLE_ASSIGNMENT|[15]|auConstantCmn.PAGE_ALIAS_SHOP_SCHEDULE_LIST|"/activities"
16:25:24.0 (54926830)|HEAP_ALLOCATE|[15]|Bytes:5
16:25:24.0 (54941231)|VARIABLE_ASSIGNMENT|[15]|auConstantCmn.PAGE_ALIAS_SHOP_STPD|"/STPD"
16:25:24.0 (54949345)|HEAP_ALLOCATE|[15]|Bytes:11
16:25:24.0 (54962746)|VARIABLE_ASSIGNMENT|[15]|auConstantCmn.PAGE_ALIAS_SHOP_TIMELINE_CX|"/timelineCX"
16:25:24.0 (54970873)|HEAP_ALLOCATE|[15]|Bytes:13
16:25:24.0 (54984491)|VARIABLE_ASSIGNMENT|[15]|auConstantCmn.PAGE_ALIAS_SHOP_TIMELINE_STPD|"/timelineSTPD"
16:25:24.0 (54993021)|HEAP_ALLOCATE|[15]|Bytes:27
16:25:24.0 (55007905)|VARIABLE_ASSIGNMENT|[15]|auConstantCmn.PAGE_VF_SHOP_CX|"/apex/auCXKnowledgeL (7 more) ..."
16:25:24.0 (55017217)|HEAP_ALLOCATE|[15]|Bytes:22
16:25:24.0 (55031483)|VARIABLE_ASSIGNMENT|[15]|auConstantCmn.PAGE_VF_SHOP_EVENTS|"/apex/auEventsListPa (2 more) ..."
16:25:24.0 (55039387)|HEAP_ALLOCATE|[15]|Bytes:21
16:25:24.0 (55054336)|VARIABLE_ASSIGNMENT|[15]|auConstantCmn.PAGE_VF_SHOP_FORGOTPW|"/auForgotPasswordPag (1 more) ..."
16:25:24.0 (55062098)|HEAP_ALLOCATE|[15]|Bytes:29
16:25:24.0 (55076496)|VARIABLE_ASSIGNMENT|[15]|auConstantCmn.PAGE_VF_SHOP_FORGOTPWCOMP|"/auForgotPasswordCom (9 more) ..."
16:25:24.0 (55084936)|HEAP_ALLOCATE|[15]|Bytes:24
16:25:24.0 (55100412)|VARIABLE_ASSIGNMENT|[15]|auConstantCmn.PAGE_VF_SHOP_HOME|"/apex/auSwitchScreen (4 more) ..."
16:25:24.0 (55109736)|HEAP_ALLOCATE|[15]|Bytes:12
16:25:24.0 (55124266)|VARIABLE_ASSIGNMENT|[15]|auConstantCmn.PAGE_VF_SHOP_LOGIN|"/auLoginPage"
16:25:24.0 (55131906)|HEAP_ALLOCATE|[15]|Bytes:13
16:25:24.0 (55144992)|VARIABLE_ASSIGNMENT|[15]|auConstantCmn.PAGE_VF_SHOP_LOGOUT|"/auLogoutPage"
16:25:24.0 (55152619)|HEAP_ALLOCATE|[15]|Bytes:21
16:25:24.0 (55168424)|VARIABLE_ASSIGNMENT|[15]|auConstantCmn.PAGE_VF_SHOP_PASSWORDSIGNUP|"/auPasswordSignupPag (1 more) ..."
16:25:24.0 (55176663)|HEAP_ALLOCATE|[15]|Bytes:16
16:25:24.0 (55190650)|VARIABLE_ASSIGNMENT|[15]|auConstantCmn.PAGE_VF_SHOP_SCHEDULE|"/apex/auSchedule"
16:25:24.0 (55199037)|HEAP_ALLOCATE|[15]|Bytes:20
16:25:24.0 (55212472)|VARIABLE_ASSIGNMENT|[15]|auConstantCmn.PAGE_VF_SHOP_SCHEDULE_LIST|"/apex/auScheduleList"
16:25:24.0 (55220502)|HEAP_ALLOCATE|[15]|Bytes:20
16:25:24.0 (55234528)|VARIABLE_ASSIGNMENT|[15]|auConstantCmn.PAGE_VF_SHOP_STPD|"/apex/auSTPDListPage"
16:25:24.0 (55252619)|HEAP_ALLOCATE|[15]|Bytes:31
16:25:24.0 (55271027)|VARIABLE_ASSIGNMENT|[15]|auConstantCmn.PAGE_VF_SHOP_TIMELINE_CX|"/apex/auCxKnowledgeT (11 more) ..."
16:25:24.0 (55280418)|HEAP_ALLOCATE|[15]|Bytes:24
16:25:24.0 (55298421)|VARIABLE_ASSIGNMENT|[15]|auConstantCmn.PAGE_VF_SHOP_TIMELINE_STPD|"/apex/auSTPDTimeline (4 more) ..."
16:25:24.0 (55306779)|HEAP_ALLOCATE|[15]|Bytes:55
16:25:24.0 (55324235)|VARIABLE_ASSIGNMENT|[15]|auConstantCmn.PASSWORD_SIGNUP_ERR_EXPIREDURL|"パスワードリセットの有効期限が切れていま (35 more) ..."
16:25:24.0 (55334108)|HEAP_ALLOCATE|[15]|Bytes:27
16:25:24.0 (55361476)|VARIABLE_ASSIGNMENT|[15]|auConstantCmn.PASSWORD_SIGNUP_ERR_INTERNAL|"内部エラーが発生しました。サイト管理者に (7 more) ..."
16:25:24.0 (55370765)|HEAP_ALLOCATE|[15]|Bytes:51
16:25:24.0 (55389197)|VARIABLE_ASSIGNMENT|[15]|auConstantCmn.PASSWORD_SIGNUP_ERR_INVALIDURL|"不正なパスワードリセットURLです。\u003Cb (31 more) ..."
16:25:24.0 (55397854)|HEAP_ALLOCATE|[15]|Bytes:15
16:25:24.0 (55412181)|VARIABLE_ASSIGNMENT|[15]|auConstantCmn.PASSWORD_SIGNUP_ERR_MESSAGE001|"パスワードを入力してください。"
16:25:24.0 (55419763)|HEAP_ALLOCATE|[15]|Bytes:19
16:25:24.0 (55433217)|VARIABLE_ASSIGNMENT|[15]|auConstantCmn.PASSWORD_SIGNUP_ERR_MESSAGE002|"確認用のパスワードを入力してください。"
16:25:24.0 (55441124)|HEAP_ALLOCATE|[15]|Bytes:27
16:25:24.0 (55455603)|VARIABLE_ASSIGNMENT|[15]|auConstantCmn.PASSWORD_SIGNUP_ERR_MESSAGE003|"8文字以上の英数字混在のパスワードを指定 (7 more) ..."
16:25:24.0 (55463550)|HEAP_ALLOCATE|[15]|Bytes:22
16:25:24.0 (55477534)|VARIABLE_ASSIGNMENT|[15]|auConstantCmn.PASSWORD_SIGNUP_ERR_MESSAGE004|"パスワードと確認用のパスワードが不一致で (2 more) ..."
16:25:24.0 (55486598)|HEAP_ALLOCATE|[15]|Bytes:21
16:25:24.0 (55521389)|VARIABLE_ASSIGNMENT|[15]|auConstantCmn.PASSWORD_SIGNUP_ERR_MESSAGE005|"以前利用したパスワードはご利用できません (1 more) ..."
16:25:24.0 (55530876)|HEAP_ALLOCATE|[15]|Bytes:46
16:25:24.0 (55549293)|VARIABLE_ASSIGNMENT|[15]|auConstantCmn.PASSWORD_SIGNUP_ERR_OLDURL|"以前のパスワードリセットURLは利用でき (26 more) ..."
16:25:24.0 (55557745)|HEAP_ALLOCATE|[15]|Bytes:14
16:25:24.0 (55570417)|VARIABLE_ASSIGNMENT|[15]|auConstantCmn.PROFILE_COMMUNITY_MANAGEMENT|"au ショップ - 運営法人"
16:25:24.0 (55577833)|HEAP_ALLOCATE|[15]|Bytes:15
16:25:24.0 (55590884)|VARIABLE_ASSIGNMENT|[15]|auConstantCmn.PROFILE_COMMUNITY_PRIMARY_AGENT|"au ショップ - 一次代理店"
16:25:24.0 (55597639)|HEAP_ALLOCATE|[15]|Bytes:12
16:25:24.0 (55609932)|VARIABLE_ASSIGNMENT|[15]|auConstantCmn.PROFILE_COMMUNITY_SHOP|"au ショップ - 店舗"
16:25:24.0 (55616927)|HEAP_ALLOCATE|[15]|Bytes:17
16:25:24.0 (55629191)|VARIABLE_ASSIGNMENT|[15]|auConstantCmn.PROFILE_EVOLVA_ADMIN_USER|"Evolva Admin User"
16:25:24.0 (55635538)|HEAP_ALLOCATE|[15]|Bytes:11
16:25:24.0 (55652024)|VARIABLE_ASSIGNMENT|[15]|auConstantCmn.PROFILE_EVOLVA_USER|"Evolva User"
16:25:24.0 (55659124)|HEAP_ALLOCATE|[15]|Bytes:9
16:25:24.0 (55672533)|VARIABLE_ASSIGNMENT|[15]|auConstantCmn.PROFILE_KDDI_BRANCH|"KDDI - 支店"
16:25:24.0 (55679942)|HEAP_ALLOCATE|[15]|Bytes:12
16:25:24.0 (55693992)|VARIABLE_ASSIGNMENT|[15]|auConstantCmn.PROFILE_KDDI_BRANCH_V2|"KDDI - 支店 v2"
16:25:24.0 (55701318)|HEAP_ALLOCATE|[15]|Bytes:9
16:25:24.0 (55716096)|VARIABLE_ASSIGNMENT|[15]|auConstantCmn.PROFILE_KDDI_HEADQUARTERS|"KDDI - 本部"
16:25:24.0 (55724382)|HEAP_ALLOCATE|[15]|Bytes:12
16:25:24.0 (55741404)|VARIABLE_ASSIGNMENT|[15]|auConstantCmn.PROFILE_KDDI_HEADQUARTERS_V2|"KDDI - 本部 v2"
16:25:24.0 (55748367)|HEAP_ALLOCATE|[15]|Bytes:9
16:25:24.0 (55760484)|VARIABLE_ASSIGNMENT|[15]|auConstantCmn.PROFILE_KDDI_REGIONAL_OFFICE|"KDDI - 支社"
16:25:24.0 (55766530)|HEAP_ALLOCATE|[15]|Bytes:12
16:25:24.0 (55813384)|VARIABLE_ASSIGNMENT|[15]|auConstantCmn.PROFILE_KDDI_REGIONAL_OFFICE_V2|"KDDI - 支社 v2"
16:25:24.0 (55823066)|HEAP_ALLOCATE|[15]|Bytes:13
16:25:24.0 (55840148)|VARIABLE_ASSIGNMENT|[15]|auConstantCmn.PROFILE_SA_USER_CSA|"SA User - CSA"
16:25:24.0 (55847729)|HEAP_ALLOCATE|[15]|Bytes:12
16:25:24.0 (55871487)|VARIABLE_ASSIGNMENT|[15]|auConstantCmn.PROFILE_SA_USER_SA|"SA User - SA"
16:25:24.0 (55880492)|HEAP_ALLOCATE|[15]|Bytes:12
16:25:24.0 (55896919)|VARIABLE_ASSIGNMENT|[15]|auConstantCmn.PROFILE_SYSADMIN_CUSTOM|"System Admin"
16:25:24.0 (55901783)|HEAP_ALLOCATE|[15]|Bytes:20
16:25:24.0 (55911441)|VARIABLE_ASSIGNMENT|[15]|auConstantCmn.PROFILE_SYSADMIN_DEFAULT_EN|"System Administrator"
16:25:24.0 (55915828)|HEAP_ALLOCATE|[15]|Bytes:7
16:25:24.0 (55925311)|VARIABLE_ASSIGNMENT|[15]|auConstantCmn.PROFILE_SYSADMIN_DEFAULT_JP|"システム管理者"
16:25:24.0 (55929880)|HEAP_ALLOCATE|[15]|Bytes:7
16:25:24.0 (55944915)|VARIABLE_ASSIGNMENT|[15]|auConstantCmn.ROLE_CODE_EVOLVA_HONBU|"E000000"
16:25:24.0 (55952427)|HEAP_ALLOCATE|[15]|Bytes:7
16:25:24.0 (55968846)|VARIABLE_ASSIGNMENT|[15]|auConstantCmn.ROLE_CODE_HONBU|"C000000"
16:25:24.0 (55976929)|HEAP_ALLOCATE|[15]|Bytes:7
16:25:24.0 (55991697)|VARIABLE_ASSIGNMENT|[15]|auConstantCmn.ROLE_CODE_SA_HONBU|"S000000"
16:25:24.0 (55996053)|HEAP_ALLOCATE|[15]|Bytes:10
16:25:24.0 (56005467)|VARIABLE_ASSIGNMENT|[15]|auConstantCmn.USER_CLASSIFICATION_CONTRACTOR|"CONTRACTOR"
16:25:24.0 (56010655)|HEAP_ALLOCATE|[15]|Bytes:3
16:25:24.0 (56019827)|VARIABLE_ASSIGNMENT|[15]|auConstantCmn.USER_CLASSIFICATION_CSA|"CSA"
16:25:24.0 (56023918)|HEAP_ALLOCATE|[15]|Bytes:2
16:25:24.0 (56032599)|VARIABLE_ASSIGNMENT|[15]|auConstantCmn.USER_CLASSIFICATION_SA|"SA"
16:25:24.0 (56050000)|METHOD_ENTRY|[4]|01p6F0000084Osz|auConstantCmn.auConstantCmn()
16:25:24.0 (56055540)|STATEMENT_EXECUTE|[4]
16:25:24.0 (56059614)|STATEMENT_EXECUTE|[4]
16:25:24.0 (56081036)|HEAP_ALLOCATE|[15]|Bytes:5
16:25:24.0 (56092444)|METHOD_EXIT|[4]|auConstantCmn
16:25:24.0 (56231891)|VARIABLE_ASSIGNMENT|[EXTERNAL]|this|{}|0x7d7bda60
16:25:24.0 (56247706)|VARIABLE_ASSIGNMENT|[EXTERNAL]|value|false
16:25:24.0 (56255267)|HEAP_ALLOCATE|[3]|Bytes:5
16:25:24.0 (56266650)|VARIABLE_ASSIGNMENT|[3]|this.isCommunityUser|false|0x7d7bda60
16:25:24.0 (56277928)|STATEMENT_EXECUTE|[19]
16:25:24.0 (56352048)|VARIABLE_ASSIGNMENT|[EXTERNAL]|this|{"isCommunityUser":false}|0x7d7bda60
16:25:24.0 (56364021)|VARIABLE_ASSIGNMENT|[EXTERNAL]|value|true
16:25:24.0 (56370683)|HEAP_ALLOCATE|[4]|Bytes:5
16:25:24.0 (56377633)|VARIABLE_ASSIGNMENT|[4]|this.isSystemAdministrator|true|0x7d7bda60
16:25:24.0 (56391797)|SYSTEM_MODE_EXIT|false
16:25:24.0 (56516942)|HEAP_ALLOCATE|[EXTERNAL]|Bytes:12
16:25:24.0 (56528666)|VARIABLE_SCOPE_BEGIN|[25]|this|auSwitchScreenCtrl|true|false
16:25:24.0 (56552421)|VARIABLE_ASSIGNMENT|[25]|this|{"isCommunityUser":false,"isSystemAdministrato (1 more) ...":true}|0x7d7bda60
16:25:24.0 (56571894)|SYSTEM_MODE_ENTER|false
16:25:24.0 (56579055)|HEAP_ALLOCATE|[27]|Bytes:5
16:25:24.0 (56583818)|STATEMENT_EXECUTE|[25]
16:25:24.0 (56585928)|STATEMENT_EXECUTE|[27]
16:25:24.0 (56589279)|HEAP_ALLOCATE|[27]|Bytes:63
16:25:24.0 (56606205)|HEAP_ALLOCATE|[27]|Bytes:4
16:25:24.0 (56623243)|METHOD_ENTRY|[29]||System.UserInfo.getUserId()
16:25:24.0 (56649144)|METHOD_EXIT|[29]||System.UserInfo.getUserId()
16:25:24.0 (56836344)|SOQL_EXECUTE_BEGIN|[27]|Aggregations:0|SELECT ForcePasswordReset__c FROM User WHERE User.ID = :tmpVar1
16:25:24.0 (59947446)|SOQL_EXECUTE_END|[27]|Rows:1
16:25:24.0 (59984486)|HEAP_ALLOCATE|[27]|Bytes:8
16:25:24.0 (60005804)|HEAP_ALLOCATE|[27]|Bytes:58
16:25:24.0 (60064542)|HEAP_ALLOCATE|[27]|Bytes:8
16:25:24.0 (60105199)|HEAP_ALLOCATE|[27]|Bytes:12
16:25:24.0 (60124217)|VARIABLE_SCOPE_BEGIN|[27]|currentUser|User|true|false
16:25:24.0 (60161932)|VARIABLE_ASSIGNMENT|[27]|currentUser|{"ForcePasswordReset__ (1 more) ...":false,"Id":"0056F000006PtYlQAK"}|0x31758f2c
16:25:24.0 (60210741)|STATEMENT_EXECUTE|[31]
16:25:24.0 (60215385)|STATEMENT_EXECUTE|[36]
16:25:24.0 (60222665)|SYSTEM_MODE_EXIT|false
16:25:24.0 (60828876)|SYSTEM_MODE_ENTER|true
16:25:24.0 (60876627)|HEAP_ALLOCATE|[EXTERNAL]|Bytes:40
16:25:24.0 (60890854)|VARIABLE_SCOPE_BEGIN|[41]|this|auMainTopCompCtrl|true|false
16:25:24.0 (60951347)|VARIABLE_ASSIGNMENT|[41]|this|{}|0x508cfb71
16:25:24.0 (60965833)|STATEMENT_EXECUTE|[1]
16:25:24.0 (60968577)|STATEMENT_EXECUTE|[24]
16:25:24.0 (60971594)|STATEMENT_EXECUTE|[25]
16:25:24.0 (60973883)|STATEMENT_EXECUTE|[26]
16:25:24.0 (60976038)|STATEMENT_EXECUTE|[29]
16:25:24.0 (60978341)|STATEMENT_EXECUTE|[30]
16:25:24.0 (60980280)|STATEMENT_EXECUTE|[31]
16:25:24.0 (60982467)|STATEMENT_EXECUTE|[33]
16:25:24.0 (60984516)|STATEMENT_EXECUTE|[34]
16:25:24.0 (60986518)|STATEMENT_EXECUTE|[36]
16:25:24.0 (61016090)|STATEMENT_EXECUTE|[41]
16:25:24.0 (61019543)|STATEMENT_EXECUTE|[42]
16:25:24.0 (61062740)|VARIABLE_ASSIGNMENT|[EXTERNAL]|this|{}|0x508cfb71
16:25:24.0 (61082133)|VARIABLE_ASSIGNMENT|[EXTERNAL]|value|0
16:25:24.0 (61093326)|HEAP_ALLOCATE|[29]|Bytes:4
16:25:24.0 (61110479)|VARIABLE_ASSIGNMENT|[29]|this.iTypeOfScreen|0|0x508cfb71
16:25:24.0 (61128215)|STATEMENT_EXECUTE|[44]
16:25:24.0 (61356685)|HEAP_ALLOCATE|[44]|Bytes:128
16:25:24.0 (61426052)|VARIABLE_ASSIGNMENT|[EXTERNAL]|this|{"iTypeOfScreen":0}|0x508cfb71
16:25:24.0 (61444262)|VARIABLE_ASSIGNMENT|[EXTERNAL]|value|"https://au-portal.li (90 more) ..."
16:25:24.0 (61467127)|VARIABLE_ASSIGNMENT|[34]|this.urlReportsSFA|"https://au-portal.li (90 more) ..."|0x508cfb71
16:25:24.0 (61483125)|STATEMENT_EXECUTE|[46]
16:25:24.0 (61504730)|HEAP_ALLOCATE|[46]|Bytes:4
16:25:24.0 (61528372)|METHOD_ENTRY|[50]||System.UserInfo.getUserId()
16:25:24.0 (61558656)|METHOD_EXIT|[50]||System.UserInfo.getUserId()
16:25:24.0 (62161276)|SOQL_EXECUTE_BEGIN|[46]|Aggregations:0|SELECT SmallPhotoUrl, Account.Name, Account.RegionalOfficeId__r.RegionalOfficeName__c, Account.BranchId__r.BranchName__c, Name, Department FROM User WHERE User.ID = :tmpVar1
16:25:24.0 (66601723)|SOQL_EXECUTE_END|[46]|Rows:1
16:25:24.0 (66645184)|HEAP_ALLOCATE|[46]|Bytes:8
16:25:24.0 (66674665)|HEAP_ALLOCATE|[46]|Bytes:81
16:25:24.0 (66718024)|HEAP_ALLOCATE|[46]|Bytes:8
16:25:24.0 (66749714)|HEAP_ALLOCATE|[46]|Bytes:16
16:25:24.0 (66824040)|VARIABLE_ASSIGNMENT|[EXTERNAL]|this|{"iTypeOfScreen":0,"urlReportsSFA":"https://au-portal.li (90 more) ..."}|0x508cfb71
16:25:24.0 (66842610)|VARIABLE_ASSIGNMENT|[EXTERNAL]|value|{"SmallPhotoUrl":"/profilephoto/005/T","Name":"GW Admin","Id":"0056F000006PtYlQAK"}|0x4bfe885f
16:25:24.0 (66860527)|VARIABLE_ASSIGNMENT|[33]|this.currentUser|{"SmallPhotoUrl":"/profilephoto/005/T","Name":"GW Admin","Id":"0056F000006PtYlQAK"}|0x508cfb71
16:25:24.0 (67427558)|SYSTEM_MODE_ENTER|true
16:25:24.0 (67456179)|HEAP_ALLOCATE|[EXTERNAL]|Bytes:40
16:25:24.0 (67494414)|VARIABLE_ASSIGNMENT|[EXTERNAL]|this.iCountComments|null|0x508cfb71
16:25:24.0 (67565086)|SYSTEM_MODE_ENTER|true
16:25:24.0 (67583128)|HEAP_ALLOCATE|[EXTERNAL]|Bytes:40
16:25:24.0 (67592274)|VARIABLE_ASSIGNMENT|[EXTERNAL]|this.iCountLikes|null|0x508cfb71
16:25:24.0 (67792767)|SYSTEM_MODE_ENTER|true
16:25:24.0 (67847567)|HEAP_ALLOCATE|[EXTERNAL]|Bytes:12
16:25:24.0 (67861248)|VARIABLE_SCOPE_BEGIN|[7]|this|auSwitchScreenCtrl|true|false
16:25:24.0 (67893276)|VARIABLE_ASSIGNMENT|[7]|this|{"isCommunityUser":false,"isSystemAdministrato (1 more) ...":true}|0x7d7bda60
16:25:24.0 (67922834)|SYSTEM_MODE_ENTER|false
16:25:24.0 (67931323)|HEAP_ALLOCATE|[7]|Bytes:5
16:25:24.0 (67936948)|STATEMENT_EXECUTE|[7]
16:25:24.0 (67939056)|STATEMENT_EXECUTE|[7]
16:25:24.0 (67947830)|SYSTEM_MODE_EXIT|false
16:25:24.0 (68021406)|SYSTEM_MODE_ENTER|true
16:25:24.0 (68044682)|HEAP_ALLOCATE|[EXTERNAL]|Bytes:8
16:25:24.0 (68049565)|HEAP_ALLOCATE|[EXTERNAL]|Bytes:40
16:25:24.0 (68058650)|VARIABLE_ASSIGNMENT|[EXTERNAL]|this.iTypeOfScreen|0|0x508cfb71
16:25:24.0 (68235804)|SYSTEM_MODE_ENTER|true
16:25:24.0 (68266558)|HEAP_ALLOCATE|[EXTERNAL]|Bytes:40
16:25:24.0 (68275935)|VARIABLE_SCOPE_BEGIN|[140]|this|auMainTopCompCtrl|true|false
16:25:24.0 (68312577)|VARIABLE_ASSIGNMENT|[140]|this|{"currentUser":"0x4bfe885f","iTypeOfScreen":0,"urlReportsSFA":"https://au-portal.li (90 more) ..."}|0x508cfb71
16:25:24.0 (68322781)|STATEMENT_EXECUTE|[140]
16:25:24.0 (68379338)|VARIABLE_ASSIGNMENT|[EXTERNAL]|this|{"currentUser":"0x4bfe885f","iTypeOfScreen":0,"urlReportsSFA":"https://au-portal.li (90 more) ..."}|0x508cfb71
16:25:24.0 (68447723)|VARIABLE_ASSIGNMENT|[EXTERNAL]|this|{"currentUser":"0x4bfe885f","iTypeOfScreen":0,"urlReportsSFA":"https://au-portal.li (90 more) ..."}|0x508cfb71
16:25:24.0 (68487376)|VARIABLE_ASSIGNMENT|[EXTERNAL]|this|{"currentUser":"0x4bfe885f","iTypeOfScreen":0,"urlReportsSFA":"https://au-portal.li (90 more) ..."}|0x508cfb71
16:25:24.0 (68551842)|VARIABLE_ASSIGNMENT|[EXTERNAL]|this|{"currentUser":"0x4bfe885f","iTypeOfScreen":0,"urlReportsSFA":"https://au-portal.li (90 more) ..."}|0x508cfb71
16:25:24.0 (68620023)|VARIABLE_ASSIGNMENT|[EXTERNAL]|this|{"currentUser":"0x4bfe885f","iTypeOfScreen":0,"urlReportsSFA":"https://au-portal.li (90 more) ..."}|0x508cfb71
16:25:24.0 (68636608)|STATEMENT_EXECUTE|[149]
16:25:24.0 (68638804)|STATEMENT_EXECUTE|[150]
16:25:24.0 (68761107)|SYSTEM_MODE_ENTER|true
16:25:24.0 (68796784)|HEAP_ALLOCATE|[EXTERNAL]|Bytes:40
16:25:24.0 (68806557)|VARIABLE_SCOPE_BEGIN|[154]|this|auMainTopCompCtrl|true|false
16:25:24.0 (68838672)|VARIABLE_ASSIGNMENT|[154]|this|{"currentUser":"0x4bfe885f","iTypeOfScreen":0,"urlReportsSFA":"https://au-portal.li (90 more) ..."}|0x508cfb71
16:25:24.0 (68848643)|STATEMENT_EXECUTE|[154]
16:25:24.0 (68879809)|VARIABLE_ASSIGNMENT|[EXTERNAL]|this|{"currentUser":"0x4bfe885f","iTypeOfScreen":0,"urlReportsSFA":"https://au-portal.li (90 more) ..."}|0x508cfb71
16:25:24.0 (68917287)|VARIABLE_ASSIGNMENT|[EXTERNAL]|this|{"currentUser":"0x4bfe885f","iTypeOfScreen":0,"urlReportsSFA":"https://au-portal.li (90 more) ..."}|0x508cfb71
16:25:24.0 (68947477)|VARIABLE_ASSIGNMENT|[EXTERNAL]|this|{"currentUser":"0x4bfe885f","iTypeOfScreen":0,"urlReportsSFA":"https://au-portal.li (90 more) ..."}|0x508cfb71
16:25:24.0 (68981578)|VARIABLE_ASSIGNMENT|[EXTERNAL]|this|{"currentUser":"0x4bfe885f","iTypeOfScreen":0,"urlReportsSFA":"https://au-portal.li (90 more) ..."}|0x508cfb71
16:25:24.0 (69011777)|VARIABLE_ASSIGNMENT|[EXTERNAL]|this|{"currentUser":"0x4bfe885f","iTypeOfScreen":0,"urlReportsSFA":"https://au-portal.li (90 more) ..."}|0x508cfb71
16:25:24.0 (69023228)|STATEMENT_EXECUTE|[163]
16:25:24.0 (69024869)|STATEMENT_EXECUTE|[164]
16:25:24.0 (70136435)|SYSTEM_MODE_ENTER|true
16:25:24.0 (72279503)|SYSTEM_MODE_ENTER|true
16:25:24.0 (72319388)|HEAP_ALLOCATE|[EXTERNAL]|Bytes:40
16:25:24.0 (72330806)|VARIABLE_SCOPE_BEGIN|[53]|this|auMainTopCompCtrl|true|false
16:25:24.0 (72379372)|VARIABLE_ASSIGNMENT|[53]|this|{"currentUser":"0x4bfe885f","iTypeOfScreen":0,"urlReportsSFA":"https://au-portal.li (90 more) ..."}|0x508cfb71
16:25:24.0 (72396613)|STATEMENT_EXECUTE|[53]
16:25:24.0 (72400175)|STATEMENT_EXECUTE|[54]
16:25:24.0 (72445488)|VARIABLE_ASSIGNMENT|[EXTERNAL]|this|{"currentUser":"0x4bfe885f","iTypeOfScreen":0,"urlReportsSFA":"https://au-portal.li (90 more) ..."}|0x508cfb71
16:25:24.0 (72506366)|VARIABLE_ASSIGNMENT|[EXTERNAL]|this|{"currentUser":"0x4bfe885f","iTypeOfScreen":0,"urlReportsSFA":"https://au-portal.li (90 more) ..."}|0x508cfb71
16:25:24.0 (72549425)|VARIABLE_ASSIGNMENT|[EXTERNAL]|this|{"currentUser":"0x4bfe885f","iTypeOfScreen":0,"urlReportsSFA":"https://au-portal.li (90 more) ..."}|0x508cfb71
16:25:24.0 (72570329)|HEAP_ALLOCATE|[54]|Bytes:5
16:25:24.0 (72675721)|SYSTEM_MODE_ENTER|true
16:25:24.0 (72706032)|HEAP_ALLOCATE|[EXTERNAL]|Bytes:40
16:25:24.0 (72715841)|VARIABLE_SCOPE_BEGIN|[59]|this|auMainTopCompCtrl|true|false
16:25:24.0 (72751173)|VARIABLE_ASSIGNMENT|[59]|this|{"currentUser":"0x4bfe885f","iTypeOfScreen":0,"urlReportsSFA":"https://au-portal.li (90 more) ..."}|0x508cfb71
16:25:24.0 (72761231)|STATEMENT_EXECUTE|[59]
16:25:24.0 (72763166)|STATEMENT_EXECUTE|[60]
16:25:24.0 (72800925)|VARIABLE_ASSIGNMENT|[EXTERNAL]|this|{"currentUser":"0x4bfe885f","iTypeOfScreen":0,"urlReportsSFA":"https://au-portal.li (90 more) ..."}|0x508cfb71
16:25:24.0 (72840303)|VARIABLE_ASSIGNMENT|[EXTERNAL]|this|{"currentUser":"0x4bfe885f","iTypeOfScreen":0,"urlReportsSFA":"https://au-portal.li (90 more) ..."}|0x508cfb71
16:25:24.0 (72859450)|HEAP_ALLOCATE|[60]|Bytes:5
16:25:24.0 (72974650)|SYSTEM_MODE_ENTER|true
16:25:24.0 (73004522)|HEAP_ALLOCATE|[EXTERNAL]|Bytes:40
16:25:24.0 (73014682)|VARIABLE_SCOPE_BEGIN|[69]|this|auMainTopCompCtrl|true|false
16:25:24.0 (73046371)|VARIABLE_ASSIGNMENT|[69]|this|{"currentUser":"0x4bfe885f","iTypeOfScreen":0,"urlReportsSFA":"https://au-portal.li (90 more) ..."}|0x508cfb71
16:25:24.0 (73055797)|STATEMENT_EXECUTE|[69]
16:25:24.0 (73057563)|STATEMENT_EXECUTE|[70]
16:25:24.0 (73095526)|VARIABLE_ASSIGNMENT|[EXTERNAL]|this|{"currentUser":"0x4bfe885f","iTypeOfScreen":0,"urlReportsSFA":"https://au-portal.li (90 more) ..."}|0x508cfb71
16:25:24.0 (73149694)|VARIABLE_ASSIGNMENT|[EXTERNAL]|this|{"currentUser":"0x4bfe885f","iTypeOfScreen":0,"urlReportsSFA":"https://au-portal.li (90 more) ..."}|0x508cfb71
16:25:24.0 (73166046)|HEAP_ALLOCATE|[70]|Bytes:5
16:25:24.0 (73355376)|SYSTEM_MODE_ENTER|true
16:25:24.0 (75633414)|SYSTEM_MODE_ENTER|true
16:25:24.0 (75715067)|HEAP_ALLOCATE|[EXTERNAL]|Bytes:240
16:25:24.0 (75751570)|HEAP_ALLOCATE|[EXTERNAL]|Bytes:14
16:25:24.0 (75769012)|METHOD_ENTRY|[1]|01p6F000006ymET|auSwitchScreenBtmCompCtrl.auSwitchScreenBtmCompCtrl()
16:25:24.0 (75779083)|STATEMENT_EXECUTE|[1]
16:25:24.0 (75784053)|STATEMENT_EXECUTE|[1]
16:25:24.0 (75792731)|METHOD_EXIT|[1]|auSwitchScreenBtmCompCtrl
16:25:24.0 (75816100)|HEAP_ALLOCATE|[EXTERNAL]|Bytes:28
16:25:24.0 (75829108)|VARIABLE_SCOPE_BEGIN|[10]|this|auSwitchScreenBtmCompCtrl|true|false
16:25:24.0 (75895862)|VARIABLE_ASSIGNMENT|[10]|this|{}|0x50b8878
16:25:24.0 (75910857)|STATEMENT_EXECUTE|[1]
16:25:24.0 (75913600)|STATEMENT_EXECUTE|[3]
16:25:24.0 (75915891)|STATEMENT_EXECUTE|[4]
16:25:24.0 (75918009)|STATEMENT_EXECUTE|[5]
16:25:24.0 (75920172)|STATEMENT_EXECUTE|[6]
16:25:24.0 (75922111)|STATEMENT_EXECUTE|[7]
16:25:24.0 (75924273)|STATEMENT_EXECUTE|[8]
16:25:24.0 (75951903)|STATEMENT_EXECUTE|[10]
16:25:24.0 (75955235)|STATEMENT_EXECUTE|[12]
16:25:24.0 (76239504)|HEAP_ALLOCATE|[12]|Bytes:128
16:25:24.0 (76325299)|VARIABLE_ASSIGNMENT|[EXTERNAL]|this|{}|0x50b8878
16:25:24.0 (76343803)|VARIABLE_ASSIGNMENT|[EXTERNAL]|value|"https://c.ap4.conten (102 more) ..."
16:25:24.0 (76357117)|VARIABLE_ASSIGNMENT|[4]|this.urlDailyReportManual|"https://c.ap4.conten (102 more) ..."|0x50b8878
16:25:24.0 (76366965)|STATEMENT_EXECUTE|[13]
16:25:24.0 (76479255)|HEAP_ALLOCATE|[13]|Bytes:128
16:25:24.0 (76565632)|VARIABLE_ASSIGNMENT|[EXTERNAL]|this|{"urlDailyReportManual":"https://c.ap4.conten (102 more) ..."}|0x50b8878
16:25:24.0 (76584785)|VARIABLE_ASSIGNMENT|[EXTERNAL]|value|"https://ap4.salesfor (84 more) ..."
16:25:24.0 (76601816)|VARIABLE_ASSIGNMENT|[5]|this.urlExternalCxSTPDManual|"https://ap4.salesfor (84 more) ..."|0x50b8878
16:25:24.0 (76617919)|STATEMENT_EXECUTE|[14]
16:25:24.0 (76783359)|HEAP_ALLOCATE|[14]|Bytes:128
16:25:24.0 (76879512)|VARIABLE_ASSIGNMENT|[EXTERNAL]|this|{"urlDailyReportManual":"https://c.ap4.conten (102 more) ...","urlExternalCxSTPDMan (3 more) ...":"https://ap4.salesfor (84 more) ..."}|0x50b8878
16:25:24.0 (76903103)|VARIABLE_ASSIGNMENT|[EXTERNAL]|value|"https://c.ap4.conten (102 more) ..."
16:25:24.0 (76922870)|VARIABLE_ASSIGNMENT|[6]|this.urlInternalCxSTPDManual|"https://c.ap4.conten (102 more) ..."|0x50b8878
16:25:24.0 (76940330)|STATEMENT_EXECUTE|[16]
16:25:24.0 (76961177)|HEAP_ALLOCATE|[16]|Bytes:4
16:25:24.0 (76986473)|METHOD_ENTRY|[18]||System.UserInfo.getUserId()
16:25:24.0 (77026137)|METHOD_EXIT|[18]||System.UserInfo.getUserId()
16:25:24.0 (77395607)|SOQL_EXECUTE_BEGIN|[16]|Aggregations:0|SELECT Profile.Name FROM User WHERE User.ID = :tmpVar1
16:25:24.0 (82981229)|SOQL_EXECUTE_END|[16]|Rows:1
16:25:24.0 (83009894)|HEAP_ALLOCATE|[16]|Bytes:8
16:25:24.0 (83033540)|HEAP_ALLOCATE|[16]|Bytes:127
16:25:24.0 (83078920)|HEAP_ALLOCATE|[16]|Bytes:8
16:25:24.0 (83109484)|HEAP_ALLOCATE|[16]|Bytes:16
16:25:24.0 (83124923)|VARIABLE_SCOPE_BEGIN|[16]|currentUser|User|true|false
16:25:24.0 (83158109)|VARIABLE_ASSIGNMENT|[16]|currentUser|{"ProfileId":"00e6F000002RS1oQAG","Id":"0056F000006PtYlQAK","Profile":{"Name":"System Administrator","Id":"00e6F000002RS1oQAG"}}|0x382bde41
16:25:24.0 (83168357)|STATEMENT_EXECUTE|[20]
16:25:24.0 (83392267)|VARIABLE_ASSIGNMENT|[EXTERNAL]|this|{"urlDailyReportManual":"https://c.ap4.conten (102 more) ...","urlExternalCxSTPDMan (3 more) ...":"https://ap4.salesfor (84 more) ...","urlInternalCxSTPDMan (3 more) ...":"https://c.ap4.conten (102 more) ..."}|0x50b8878
16:25:24.0 (83419946)|VARIABLE_ASSIGNMENT|[EXTERNAL]|value|false
16:25:24.0 (83432442)|HEAP_ALLOCATE|[7]|Bytes:5
16:25:24.0 (83448061)|VARIABLE_ASSIGNMENT|[7]|this.isCommunityUser|false|0x50b8878
16:25:24.0 (83465465)|STATEMENT_EXECUTE|[24]
16:25:24.0 (83538707)|VARIABLE_ASSIGNMENT|[EXTERNAL]|this|{"isCommunityUser":false,"urlDailyReportManual":"https://c.ap4.conten (102 more) ...","urlExternalCxSTPDMan (3 more) ...":"https://ap4.salesfor (84 more) ...","urlInternalCxSTPDMan (3 more) ...":"https://c.ap4.conten (102 more) ..."}|0x50b8878
16:25:24.0 (83552690)|VARIABLE_ASSIGNMENT|[EXTERNAL]|value|""
16:25:24.0 (83562874)|VARIABLE_ASSIGNMENT|[3]|this.urlSFDCHome|""|0x50b8878
16:25:24.0 (83605873)|VARIABLE_ASSIGNMENT|[EXTERNAL]|this|{"isCommunityUser":false,"urlDailyReportManual":"https://c.ap4.conten (102 more) ...","urlExternalCxSTPDMan (3 more) ...":"https://ap4.salesfor (84 more) ...","urlInternalCxSTPDMan (3 more) ...":"https://c.ap4.conten (102 more) ...","urlSFDCHome":""}|0x50b8878
16:25:24.0 (83623051)|STATEMENT_EXECUTE|[25]
16:25:24.0 (83624892)|STATEMENT_EXECUTE|[26]
16:25:24.0 (83836960)|HEAP_ALLOCATE|[26]|Bytes:128
16:25:24.0 (83924028)|VARIABLE_ASSIGNMENT|[EXTERNAL]|this|{"isCommunityUser":false,"urlDailyReportManual":"https://c.ap4.conten (102 more) ...","urlExternalCxSTPDMan (3 more) ...":"https://ap4.salesfor (84 more) ...","urlInternalCxSTPDMan (3 more) ...":"https://c.ap4.conten (102 more) ...","urlSFDCHome":""}|0x50b8878
16:25:24.0 (83944342)|VARIABLE_ASSIGNMENT|[EXTERNAL]|value|"https://au-portal.li (49 more) ..."
16:25:24.0 (83960615)|VARIABLE_ASSIGNMENT|[3]|this.urlSFDCHome|"https://au-portal.li (49 more) ..."|0x50b8878
16:25:24.0 (83977671)|STATEMENT_EXECUTE|[27]
16:25:24.0 (84119618)|HEAP_ALLOCATE|[27]|Bytes:128
16:25:24.0 (84215938)|VARIABLE_ASSIGNMENT|[EXTERNAL]|this|{"isCommunityUser":false,"urlDailyReportManual":"https://c.ap4.conten (102 more) ...","urlExternalCxSTPDMan (3 more) ...":"https://ap4.salesfor (84 more) ...","urlInternalCxSTPDMan (3 more) ...":"https://c.ap4.conten (102 more) ...","urlSFDCHome":"https://au-portal.li (49 more) ..."}|0x50b8878
16:25:24.0 (84238125)|VARIABLE_ASSIGNMENT|[EXTERNAL]|value|"http://lucas-idp.kdd (77 more) ..."
16:25:24.0 (84254232)|VARIABLE_ASSIGNMENT|[8]|this.urlSingleSignOn|"http://lucas-idp.kdd (77 more) ..."|0x50b8878
16:25:24.0 (84914132)|SYSTEM_MODE_ENTER|true
16:25:24.0 (85071247)|SYSTEM_MODE_ENTER|true
16:25:24.0 (86925429)|SYSTEM_MODE_ENTER|true
16:25:24.0 (86991682)|HEAP_ALLOCATE|[EXTERNAL]|Bytes:40
16:25:24.0 (87013317)|VARIABLE_ASSIGNMENT|[EXTERNAL]|this.iCountComments|null|0x508cfb71
16:25:24.0 (87124024)|SYSTEM_MODE_ENTER|true
16:25:24.0 (87150897)|HEAP_ALLOCATE|[EXTERNAL]|Bytes:40
16:25:24.0 (87164157)|VARIABLE_ASSIGNMENT|[EXTERNAL]|this.iCountLikes|null|0x508cfb71
16:25:24.0 (87291781)|SYSTEM_MODE_ENTER|true
16:25:24.0 (87325030)|HEAP_ALLOCATE|[EXTERNAL]|Bytes:8
16:25:24.0 (87332938)|HEAP_ALLOCATE|[EXTERNAL]|Bytes:40
16:25:24.0 (87345447)|VARIABLE_ASSIGNMENT|[EXTERNAL]|this.iTypeOfScreen|0|0x508cfb71
16:25:24.0 (87696333)|SYSTEM_MODE_ENTER|true
16:25:24.0 (87758496)|HEAP_ALLOCATE|[EXTERNAL]|Bytes:40
16:25:24.0 (87778204)|VARIABLE_SCOPE_BEGIN|[140]|this|auMainTopCompCtrl|true|false
16:25:24.0 (87837465)|VARIABLE_ASSIGNMENT|[140]|this|{"currentUser":"0x4bfe885f","iTypeOfScreen":0,"urlReportsSFA":"https://au-portal.li (90 more) ..."}|0x508cfb71
16:25:24.0 (87850959)|STATEMENT_EXECUTE|[140]
16:25:24.0 (87884996)|VARIABLE_ASSIGNMENT|[EXTERNAL]|this|{"currentUser":"0x4bfe885f","iTypeOfScreen":0,"urlReportsSFA":"https://au-portal.li (90 more) ..."}|0x508cfb71
16:25:24.0 (87940556)|VARIABLE_ASSIGNMENT|[EXTERNAL]|this|{"currentUser":"0x4bfe885f","iTypeOfScreen":0,"urlReportsSFA":"https://au-portal.li (90 more) ..."}|0x508cfb71
16:25:24.0 (87973047)|VARIABLE_ASSIGNMENT|[EXTERNAL]|this|{"currentUser":"0x4bfe885f","iTypeOfScreen":0,"urlReportsSFA":"https://au-portal.li (90 more) ..."}|0x508cfb71
16:25:24.0 (88004056)|VARIABLE_ASSIGNMENT|[EXTERNAL]|this|{"currentUser":"0x4bfe885f","iTypeOfScreen":0,"urlReportsSFA":"https://au-portal.li (90 more) ..."}|0x508cfb71
16:25:24.0 (88033454)|VARIABLE_ASSIGNMENT|[EXTERNAL]|this|{"currentUser":"0x4bfe885f","iTypeOfScreen":0,"urlReportsSFA":"https://au-portal.li (90 more) ..."}|0x508cfb71
16:25:24.0 (88044626)|STATEMENT_EXECUTE|[149]
16:25:24.0 (88046386)|STATEMENT_EXECUTE|[150]
16:25:24.0 (88137644)|SYSTEM_MODE_ENTER|true
16:25:24.0 (88167059)|HEAP_ALLOCATE|[EXTERNAL]|Bytes:40
16:25:24.0 (88174828)|VARIABLE_SCOPE_BEGIN|[154]|this|auMainTopCompCtrl|true|false
16:25:24.0 (88205658)|VARIABLE_ASSIGNMENT|[154]|this|{"currentUser":"0x4bfe885f","iTypeOfScreen":0,"urlReportsSFA":"https://au-portal.li (90 more) ..."}|0x508cfb71
16:25:24.0 (88214799)|STATEMENT_EXECUTE|[154]
16:25:24.0 (88239898)|VARIABLE_ASSIGNMENT|[EXTERNAL]|this|{"currentUser":"0x4bfe885f","iTypeOfScreen":0,"urlReportsSFA":"https://au-portal.li (90 more) ..."}|0x508cfb71
16:25:24.0 (88295336)|VARIABLE_ASSIGNMENT|[EXTERNAL]|this|{"currentUser":"0x4bfe885f","iTypeOfScreen":0,"urlReportsSFA":"https://au-portal.li (90 more) ..."}|0x508cfb71
16:25:24.0 (88355166)|VARIABLE_ASSIGNMENT|[EXTERNAL]|this|{"currentUser":"0x4bfe885f","iTypeOfScreen":0,"urlReportsSFA":"https://au-portal.li (90 more) ..."}|0x508cfb71
16:25:24.0 (88409474)|VARIABLE_ASSIGNMENT|[EXTERNAL]|this|{"currentUser":"0x4bfe885f","iTypeOfScreen":0,"urlReportsSFA":"https://au-portal.li (90 more) ..."}|0x508cfb71
16:25:24.0 (88441684)|VARIABLE_ASSIGNMENT|[EXTERNAL]|this|{"currentUser":"0x4bfe885f","iTypeOfScreen":0,"urlReportsSFA":"https://au-portal.li (90 more) ..."}|0x508cfb71
16:25:24.0 (88453076)|STATEMENT_EXECUTE|[163]
16:25:24.0 (88455921)|STATEMENT_EXECUTE|[164]
16:25:24.0 (88746600)|SYSTEM_MODE_ENTER|true
16:25:24.0 (96356747)|SYSTEM_MODE_ENTER|true
16:25:24.0 (96414699)|HEAP_ALLOCATE|[EXTERNAL]|Bytes:40
16:25:24.0 (96441114)|VARIABLE_SCOPE_BEGIN|[53]|this|auMainTopCompCtrl|true|false
16:25:24.0 (96525296)|VARIABLE_ASSIGNMENT|[53]|this|{"currentUser":"0x4bfe885f","iTypeOfScreen":0,"urlReportsSFA":"https://au-portal.li (90 more) ..."}|0x508cfb71
16:25:24.0 (96539595)|STATEMENT_EXECUTE|[53]
16:25:24.0 (96541859)|STATEMENT_EXECUTE|[54]
16:25:24.0 (96576997)|VARIABLE_ASSIGNMENT|[EXTERNAL]|this|{"currentUser":"0x4bfe885f","iTypeOfScreen":0,"urlReportsSFA":"https://au-portal.li (90 more) ..."}|0x508cfb71
16:25:24.0 (96615761)|VARIABLE_ASSIGNMENT|[EXTERNAL]|this|{"currentUser":"0x4bfe885f","iTypeOfScreen":0,"urlReportsSFA":"https://au-portal.li (90 more) ..."}|0x508cfb71
16:25:24.0 (96645658)|VARIABLE_ASSIGNMENT|[EXTERNAL]|this|{"currentUser":"0x4bfe885f","iTypeOfScreen":0,"urlReportsSFA":"https://au-portal.li (90 more) ..."}|0x508cfb71
16:25:24.0 (96662761)|HEAP_ALLOCATE|[54]|Bytes:5
16:25:24.0 (96752842)|SYSTEM_MODE_ENTER|true
16:25:24.0 (96786908)|HEAP_ALLOCATE|[EXTERNAL]|Bytes:40
16:25:24.0 (96795350)|VARIABLE_SCOPE_BEGIN|[59]|this|auMainTopCompCtrl|true|false
16:25:24.0 (96826973)|VARIABLE_ASSIGNMENT|[59]|this|{"currentUser":"0x4bfe885f","iTypeOfScreen":0,"urlReportsSFA":"https://au-portal.li (90 more) ..."}|0x508cfb71
16:25:24.0 (96852993)|STATEMENT_EXECUTE|[59]
16:25:24.0 (96855286)|STATEMENT_EXECUTE|[60]
16:25:24.0 (96885537)|VARIABLE_ASSIGNMENT|[EXTERNAL]|this|{"currentUser":"0x4bfe885f","iTypeOfScreen":0,"urlReportsSFA":"https://au-portal.li (90 more) ..."}|0x508cfb71
16:25:24.0 (96920148)|VARIABLE_ASSIGNMENT|[EXTERNAL]|this|{"currentUser":"0x4bfe885f","iTypeOfScreen":0,"urlReportsSFA":"https://au-portal.li (90 more) ..."}|0x508cfb71
16:25:24.0 (96938789)|HEAP_ALLOCATE|[60]|Bytes:5
16:25:24.0 (97030211)|SYSTEM_MODE_ENTER|true
16:25:24.0 (97059214)|HEAP_ALLOCATE|[EXTERNAL]|Bytes:40
16:25:24.0 (97066777)|VARIABLE_SCOPE_BEGIN|[69]|this|auMainTopCompCtrl|true|false
16:25:24.0 (97097709)|VARIABLE_ASSIGNMENT|[69]|this|{"currentUser":"0x4bfe885f","iTypeOfScreen":0,"urlReportsSFA":"https://au-portal.li (90 more) ..."}|0x508cfb71
16:25:24.0 (97106679)|STATEMENT_EXECUTE|[69]
16:25:24.0 (97108381)|STATEMENT_EXECUTE|[70]
16:25:24.0 (97133201)|VARIABLE_ASSIGNMENT|[EXTERNAL]|this|{"currentUser":"0x4bfe885f","iTypeOfScreen":0,"urlReportsSFA":"https://au-portal.li (90 more) ..."}|0x508cfb71
16:25:24.0 (97164098)|VARIABLE_ASSIGNMENT|[EXTERNAL]|this|{"currentUser":"0x4bfe885f","iTypeOfScreen":0,"urlReportsSFA":"https://au-portal.li (90 more) ..."}|0x508cfb71
16:25:24.0 (97177675)|HEAP_ALLOCATE|[70]|Bytes:5
16:25:24.0 (99267578)|SYSTEM_MODE_ENTER|true
16:25:24.0 (99985003)|SYSTEM_MODE_ENTER|true
16:25:24.0 (101726449)|VF_SERIALIZE_VIEWSTATE_BEGIN|0666F000006TarA
16:25:24.0 (104940805)|VF_SERIALIZE_VIEWSTATE_END
16:25:24.113 (113040558)|CUMULATIVE_LIMIT_USAGE
16:25:24.113 (113040558)|LIMIT_USAGE_FOR_NS|(default)|
  Number of SOQL queries: 5 out of 100
  Number of query rows: 5 out of 50000
  Number of SOSL queries: 0 out of 20
  Number of DML statements: 0 out of 150
  Number of DML rows: 0 out of 10000
  Maximum CPU time: 0 out of 10000
  Maximum heap size: 0 out of 6000000
  Number of callouts: 0 out of 100
  Number of Email Invocations: 0 out of 10
  Number of future calls: 0 out of 50
  Number of queueable jobs added to the queue: 0 out of 50
  Number of Mobile Apex push calls: 0 out of 10

16:25:24.113 (113040558)|CUMULATIVE_LIMIT_USAGE_END

16:25:24.0 (113089455)|CODE_UNIT_FINISHED|VF: /apex/auSwitchScreenPage
16:25:24.0 (113998294)|EXECUTION_FINISHED
