42.0 APEX_CODE,FINEST;APEX_PROFILING,INFO;CALLOUT,INFO;DB,INFO;NBA,INFO;SYSTEM,DEBUG;VALIDATION,INFO;VISUALFORCE,INFO;WAVE,INFO;WORKFLOW,INFO
15:47:07.0 (93838)|USER_INFO|[EXTERNAL]|0056F000006PtYl|gwadmin@gw.jp.kddi|日本標準時|GMT+09:00
15:47:07.0 (135461)|EXECUTION_STARTED
15:47:07.0 (139892)|CODE_UNIT_STARTED|[EXTERNAL]|0666F000005wW3R|VF: /apex/saTasks
15:47:07.0 (761652)|VF_DESERIALIZE_VIEWSTATE_BEGIN|0666F000005wW3R
15:47:07.0 (6144900)|HEAP_ALLOCATE|[72]|Bytes:3
15:47:07.0 (6210324)|HEAP_ALLOCATE|[77]|Bytes:152
15:47:07.0 (6226621)|HEAP_ALLOCATE|[342]|Bytes:408
15:47:07.0 (6238006)|HEAP_ALLOCATE|[355]|Bytes:408
15:47:07.0 (6248358)|HEAP_ALLOCATE|[467]|Bytes:48
15:47:07.0 (6277135)|HEAP_ALLOCATE|[139]|Bytes:6
15:47:07.0 (7213847)|HEAP_ALLOCATE|[50]|Bytes:5
15:47:07.0 (7243683)|HEAP_ALLOCATE|[56]|Bytes:5
15:47:07.0 (7253498)|HEAP_ALLOCATE|[64]|Bytes:7
15:47:07.0 (8925579)|VARIABLE_SCOPE_BEGIN|[25]|auMainTopCompCtrl.TYPE_SCREEN_ACCOUNT_LIST|Integer|false|true
15:47:07.0 (9096294)|VARIABLE_SCOPE_BEGIN|[26]|auMainTopCompCtrl.TYPE_SCREEN_ACTIVITY_LIST|Integer|false|true
15:47:07.0 (9105185)|VARIABLE_SCOPE_BEGIN|[7]|auMainTopCompCtrl.TYPE_SCREEN_CX_SCREEN|Integer|false|true
15:47:07.0 (9112632)|VARIABLE_SCOPE_BEGIN|[8]|auMainTopCompCtrl.TYPE_SCREEN_CX_TIMELINE|Integer|false|true
15:47:07.0 (9124206)|VARIABLE_SCOPE_BEGIN|[9]|auMainTopCompCtrl.TYPE_SCREEN_EVENT_SCHEDULE|Integer|false|true
15:47:07.0 (9132223)|VARIABLE_SCOPE_BEGIN|[10]|auMainTopCompCtrl.TYPE_SCREEN_EVENT_SCHEDULE_LIST|Integer|false|true
15:47:07.0 (9138198)|VARIABLE_SCOPE_BEGIN|[27]|auMainTopCompCtrl.TYPE_SCREEN_FILE_LIST|Integer|false|true
15:47:07.0 (9144209)|VARIABLE_SCOPE_BEGIN|[24]|auMainTopCompCtrl.TYPE_SCREEN_HONBU_DIRECT|Integer|false|true
15:47:07.0 (9149823)|VARIABLE_SCOPE_BEGIN|[11]|auMainTopCompCtrl.TYPE_SCREEN_KNOWLEDGE_DASHBOARD|Integer|false|true
15:47:07.0 (9157466)|VARIABLE_SCOPE_BEGIN|[12]|auMainTopCompCtrl.TYPE_SCREEN_KNOWLEDGE_LIST|Integer|false|true
15:47:07.0 (9163228)|VARIABLE_SCOPE_BEGIN|[15]|auMainTopCompCtrl.TYPE_SCREEN_SA_CHATTER|Integer|false|true
15:47:07.0 (9168905)|VARIABLE_SCOPE_BEGIN|[16]|auMainTopCompCtrl.TYPE_SCREEN_SA_DAILYREPORT|Integer|false|true
15:47:07.0 (9174958)|VARIABLE_SCOPE_BEGIN|[22]|auMainTopCompCtrl.TYPE_SCREEN_SA_DAILYREPORTLIST|Integer|false|true
15:47:07.0 (9182040)|VARIABLE_SCOPE_BEGIN|[18]|auMainTopCompCtrl.TYPE_SCREEN_SA_DOCUMENTS|Integer|false|true
15:47:07.0 (9188876)|VARIABLE_SCOPE_BEGIN|[17]|auMainTopCompCtrl.TYPE_SCREEN_SA_ENQUETE|Integer|false|true
15:47:07.0 (9194970)|VARIABLE_SCOPE_BEGIN|[20]|auMainTopCompCtrl.TYPE_SCREEN_SA_LINKS|Integer|false|true
15:47:07.0 (9201048)|VARIABLE_SCOPE_BEGIN|[13]|auMainTopCompCtrl.TYPE_SCREEN_SA_MESSAGES|Integer|false|true
15:47:07.0 (9206940)|VARIABLE_SCOPE_BEGIN|[19]|auMainTopCompCtrl.TYPE_SCREEN_SA_RANKING|Integer|false|true
15:47:07.0 (9213396)|VARIABLE_SCOPE_BEGIN|[14]|auMainTopCompCtrl.TYPE_SCREEN_SA_REPORTS|Integer|false|true
15:47:07.0 (9219974)|VARIABLE_SCOPE_BEGIN|[23]|auMainTopCompCtrl.TYPE_SCREEN_SA_TODO|Integer|false|true
15:47:07.0 (9226490)|VARIABLE_SCOPE_BEGIN|[21]|auMainTopCompCtrl.TYPE_SCREEN_SA_USRSETTINGS|Integer|false|true
15:47:07.0 (9232436)|VARIABLE_SCOPE_BEGIN|[4]|auMainTopCompCtrl.TYPE_SCREEN_STPD_EVENT|Integer|false|true
15:47:07.0 (9238559)|VARIABLE_SCOPE_BEGIN|[6]|auMainTopCompCtrl.TYPE_SCREEN_STPD_SCREEN|Integer|false|true
15:47:07.0 (9245071)|VARIABLE_SCOPE_BEGIN|[5]|auMainTopCompCtrl.TYPE_SCREEN_STPD_TIMELINE|Integer|false|true
15:47:07.0 (9251549)|VARIABLE_SCOPE_BEGIN|[3]|auMainTopCompCtrl.TYPE_SCREEN_SWITCH|Integer|false|true
15:47:07.0 (10756481)|VF_DESERIALIZE_VIEWSTATE_END
15:47:07.0 (13502115)|SYSTEM_MODE_ENTER|true
15:47:07.0 (13540030)|HEAP_ALLOCATE|[EXTERNAL]|Bytes:10
15:47:07.0 (13611041)|HEAP_ALLOCATE|[EXTERNAL]|Bytes:464
15:47:07.0 (13617707)|HEAP_ALLOCATE|[EXTERNAL]|Bytes:78
15:47:07.0 (13645805)|METHOD_ENTRY|[1]|01p6F00000AiTo4|saTasksCtrl.saTasksCtrl()
15:47:07.0 (13654295)|STATEMENT_EXECUTE|[1]
15:47:07.0 (13664672)|STATEMENT_EXECUTE|[1]
15:47:07.0 (13677180)|SYSTEM_MODE_ENTER|false
15:47:07.0 (13689844)|HEAP_ALLOCATE|[EXTERNAL]|Bytes:5
15:47:07.0 (13707077)|STATEMENT_EXECUTE|[188]
15:47:07.0 (13713044)|SYSTEM_MODE_EXIT|false
15:47:07.0 (13735641)|METHOD_EXIT|[1]|saTasksCtrl
15:47:07.0 (13816555)|SYSTEM_MODE_ENTER|true
15:47:07.0 (13881812)|SYSTEM_MODE_ENTER|true
15:47:07.0 (13906622)|HEAP_ALLOCATE|[EXTERNAL]|Bytes:18
15:47:07.0 (13912020)|HEAP_ALLOCATE|[EXTERNAL]|Bytes:72
15:47:07.0 (13966698)|VARIABLE_ASSIGNMENT|[EXTERNAL]|this.idMessage|"a0K6F00000gtrulUAA"|0x77442868
15:47:07.0 (14001814)|SYSTEM_MODE_ENTER|true
15:47:07.0 (14018140)|HEAP_ALLOCATE|[EXTERNAL]|Bytes:72
15:47:07.0 (14028797)|VARIABLE_ASSIGNMENT|[EXTERNAL]|this.currentMessageId|""|0x77442868
15:47:07.0 (14847046)|HEAP_ALLOCATE|[EXTERNAL]|Bytes:72
15:47:07.0 (14867060)|VARIABLE_SCOPE_BEGIN|[120]|this|saTasksCtrl|true|false
15:47:07.0 (14980802)|VARIABLE_ASSIGNMENT|[120]|this|{"currentMessage":"0x4d671e46","currentMessageId":"","idMessage":"a0K6F00000gtrulUAA","isIPhone":false,"isTabMsgRead":true,"lsMsg":"0x56d77369","messageError":"正しいデーターを入れてください。","messageQuestion":"","myUser":"0x7bbabe75"}|0x77442868
15:47:07.0 (15005647)|SYSTEM_MODE_ENTER|false
15:47:07.0 (15015083)|HEAP_ALLOCATE|[122]|Bytes:5
15:47:07.0 (15022480)|STATEMENT_EXECUTE|[120]
15:47:07.0 (15024602)|STATEMENT_EXECUTE|[122]
15:47:07.0 (15131739)|VARIABLE_ASSIGNMENT|[EXTERNAL]|this|{"currentMessage":"0x4d671e46","currentMessageId":"","idMessage":"a0K6F00000gtrulUAA","isIPhone":false,"isTabMsgRead":true,"lsMsg":"0x56d77369","messageError":"正しいデーターを入れてください。","messageQuestion":"","myUser":"0x7bbabe75"}|0x77442868
15:47:07.0 (15148556)|VARIABLE_ASSIGNMENT|[EXTERNAL]|value|false
15:47:07.0 (15156565)|HEAP_ALLOCATE|[34]|Bytes:5
15:47:07.0 (15174095)|VARIABLE_ASSIGNMENT|[34]|this.isTabMsgRead|false|0x77442868
15:47:07.0 (15205704)|STATEMENT_EXECUTE|[124]
15:47:07.0 (15211450)|HEAP_ALLOCATE|[124]|Bytes:464
15:47:07.0 (15241015)|HEAP_ALLOCATE|[124]|Bytes:4
15:47:07.0 (15268314)|HEAP_ALLOCATE|[124]|Bytes:7
15:47:07.0 (15403493)|VARIABLE_SCOPE_BEGIN|[7]|saConstantCmn.PUSH_NOTIFICATION_STATUS_NONE|String|false|true
15:47:07.0 (15419590)|VARIABLE_SCOPE_BEGIN|[9]|saConstantCmn.PUSH_NOTIFICATION_STATUS_RESENDING|String|false|true
15:47:07.0 (15431302)|VARIABLE_SCOPE_BEGIN|[8]|saConstantCmn.PUSH_NOTIFICATION_STATUS_SENDING|String|false|true
15:47:07.0 (15441606)|VARIABLE_SCOPE_BEGIN|[10]|saConstantCmn.PUSH_NOTIFICATION_STATUS_SENT|String|false|true
15:47:07.0 (15449276)|VARIABLE_SCOPE_BEGIN|[24]|saConstantCmn.SA_INQUIRY_TYPE_AU_HEARING|String|false|true
15:47:07.0 (15457703)|VARIABLE_SCOPE_BEGIN|[22]|saConstantCmn.SA_INQUIRY_TYPE_DAILYREPORT|String|false|true
15:47:07.0 (15465147)|VARIABLE_SCOPE_BEGIN|[23]|saConstantCmn.SA_INQUIRY_TYPE_HEARING|String|false|true
15:47:07.0 (15473187)|VARIABLE_SCOPE_BEGIN|[15]|saConstantCmn.SA_MESSAGEDETAIL_TYPE_DONE|String|false|true
15:47:07.0 (15479783)|VARIABLE_SCOPE_BEGIN|[14]|saConstantCmn.SA_MESSAGEDETAIL_TYPE_READ|String|false|true
15:47:07.0 (15489336)|VARIABLE_SCOPE_BEGIN|[13]|saConstantCmn.SA_MESSAGEDETAIL_TYPE_SHARED|String|false|true
15:47:07.0 (15498891)|VARIABLE_SCOPE_BEGIN|[18]|saConstantCmn.SA_MESSAGE_TYPE_MESSAGE|String|false|true
15:47:07.0 (15508410)|VARIABLE_SCOPE_BEGIN|[19]|saConstantCmn.SA_MESSAGE_TYPE_TASK|String|false|true
15:47:07.0 (15516879)|VARIABLE_SCOPE_BEGIN|[41]|saConstantCmn.SA_REPORT_DETAIL_TYPE_LIKE|String|false|true
15:47:07.0 (15523938)|VARIABLE_SCOPE_BEGIN|[42]|saConstantCmn.SA_REPORT_DETAIL_TYPE_VERY_LIKE|String|false|true
15:47:07.0 (15532299)|VARIABLE_SCOPE_BEGIN|[34]|saConstantCmn.SA_REPORT_REPLY_STATUS_REPLYSAVED|String|false|true
15:47:07.0 (15540047)|VARIABLE_SCOPE_BEGIN|[35]|saConstantCmn.SA_REPORT_REPLY_STATUS_REPLYSENT|String|false|true
15:47:07.0 (15549975)|VARIABLE_SCOPE_BEGIN|[33]|saConstantCmn.SA_REPORT_REPLY_STATUS_WAITINGREPLY|String|false|true
15:47:07.0 (15557921)|VARIABLE_SCOPE_BEGIN|[39]|saConstantCmn.SA_REPORT_SOURCE_NEW|String|false|true
15:47:07.0 (15565390)|VARIABLE_SCOPE_BEGIN|[38]|saConstantCmn.SA_REPORT_SOURCE_WEEKLY|String|false|true
15:47:07.0 (15573483)|VARIABLE_SCOPE_BEGIN|[27]|saConstantCmn.SA_REPORT_STATE_DRAFT|String|false|true
15:47:07.0 (15579754)|VARIABLE_SCOPE_BEGIN|[30]|saConstantCmn.SA_REPORT_STATE_PUBLISHED|String|false|true
15:47:07.0 (15585985)|VARIABLE_SCOPE_BEGIN|[29]|saConstantCmn.SA_REPORT_STATE_REJECTED|String|false|true
15:47:07.0 (15592524)|VARIABLE_SCOPE_BEGIN|[28]|saConstantCmn.SA_REPORT_STATE_WAITING_APPROVAL|String|false|true
15:47:07.0 (15602915)|VARIABLE_SCOPE_BEGIN|[45]|saConstantCmn.SOURCE|String|false|true
15:47:07.0 (15610674)|VARIABLE_SCOPE_BEGIN|[46]|saConstantCmn.SOURCE_PREVIEW|String|false|true
15:47:07.0 (15632020)|HEAP_ALLOCATE|[128]|Bytes:4
15:47:07.0 (15688478)|VARIABLE_ASSIGNMENT|[128]|saConstantCmn.PUSH_NOTIFICATION_STATUS_NONE|"NONE"
15:47:07.0 (15699846)|HEAP_ALLOCATE|[128]|Bytes:9
15:47:07.0 (15712595)|VARIABLE_ASSIGNMENT|[128]|saConstantCmn.PUSH_NOTIFICATION_STATUS_RESENDING|"RESENDING"
15:47:07.0 (15721303)|HEAP_ALLOCATE|[128]|Bytes:7
15:47:07.0 (15732450)|VARIABLE_ASSIGNMENT|[128]|saConstantCmn.PUSH_NOTIFICATION_STATUS_SENDING|"SENDING"
15:47:07.0 (15741043)|HEAP_ALLOCATE|[128]|Bytes:4
15:47:07.0 (15752849)|VARIABLE_ASSIGNMENT|[128]|saConstantCmn.PUSH_NOTIFICATION_STATUS_SENT|"SENT"
15:47:07.0 (15760077)|HEAP_ALLOCATE|[128]|Bytes:10
15:47:07.0 (15770734)|VARIABLE_ASSIGNMENT|[128]|saConstantCmn.SA_INQUIRY_TYPE_AU_HEARING|"AU_HEARING"
15:47:07.0 (15778842)|HEAP_ALLOCATE|[128]|Bytes:12
15:47:07.0 (15790168)|VARIABLE_ASSIGNMENT|[128]|saConstantCmn.SA_INQUIRY_TYPE_DAILYREPORT|"DAILY_REPORT"
15:47:07.0 (15798719)|HEAP_ALLOCATE|[128]|Bytes:6
15:47:07.0 (15808779)|VARIABLE_ASSIGNMENT|[128]|saConstantCmn.SA_INQUIRY_TYPE_HEARING|"SURVEY"
15:47:07.0 (15813123)|HEAP_ALLOCATE|[128]|Bytes:4
15:47:07.0 (15819201)|VARIABLE_ASSIGNMENT|[128]|saConstantCmn.SA_MESSAGEDETAIL_TYPE_DONE|"DONE"
15:47:07.0 (15824322)|HEAP_ALLOCATE|[128]|Bytes:4
15:47:07.0 (15830545)|VARIABLE_ASSIGNMENT|[128]|saConstantCmn.SA_MESSAGEDETAIL_TYPE_READ|"READ"
15:47:07.0 (15835026)|HEAP_ALLOCATE|[128]|Bytes:6
15:47:07.0 (15841601)|VARIABLE_ASSIGNMENT|[128]|saConstantCmn.SA_MESSAGEDETAIL_TYPE_SHARED|"SHARED"
15:47:07.0 (15845694)|HEAP_ALLOCATE|[128]|Bytes:7
15:47:07.0 (15853918)|VARIABLE_ASSIGNMENT|[128]|saConstantCmn.SA_MESSAGE_TYPE_MESSAGE|"MESSAGE"
15:47:07.0 (15859799)|HEAP_ALLOCATE|[128]|Bytes:4
15:47:07.0 (15866677)|VARIABLE_ASSIGNMENT|[128]|saConstantCmn.SA_MESSAGE_TYPE_TASK|"TASK"
15:47:07.0 (15872326)|HEAP_ALLOCATE|[128]|Bytes:4
15:47:07.0 (15878257)|VARIABLE_ASSIGNMENT|[128]|saConstantCmn.SA_REPORT_DETAIL_TYPE_LIKE|"LIKE"
15:47:07.0 (15882914)|HEAP_ALLOCATE|[128]|Bytes:9
15:47:07.0 (15889536)|VARIABLE_ASSIGNMENT|[128]|saConstantCmn.SA_REPORT_DETAIL_TYPE_VERY_LIKE|"VERY_LIKE"
15:47:07.0 (15894163)|HEAP_ALLOCATE|[128]|Bytes:11
15:47:07.0 (15900571)|VARIABLE_ASSIGNMENT|[128]|saConstantCmn.SA_REPORT_REPLY_STATUS_REPLYSAVED|"REPLY_SAVED"
15:47:07.0 (15907036)|HEAP_ALLOCATE|[128]|Bytes:10
15:47:07.0 (15919045)|VARIABLE_ASSIGNMENT|[128]|saConstantCmn.SA_REPORT_REPLY_STATUS_REPLYSENT|"REPLY_SENT"
15:47:07.0 (15926375)|HEAP_ALLOCATE|[128]|Bytes:13
15:47:07.0 (15936726)|VARIABLE_ASSIGNMENT|[128]|saConstantCmn.SA_REPORT_REPLY_STATUS_WAITINGREPLY|"WAITING_REPLY"
15:47:07.0 (15945756)|HEAP_ALLOCATE|[128]|Bytes:3
15:47:07.0 (15959411)|VARIABLE_ASSIGNMENT|[128]|saConstantCmn.SA_REPORT_SOURCE_NEW|"New"
15:47:07.0 (15967850)|HEAP_ALLOCATE|[128]|Bytes:6
15:47:07.0 (15980213)|VARIABLE_ASSIGNMENT|[128]|saConstantCmn.SA_REPORT_SOURCE_WEEKLY|"Weekly"
15:47:07.0 (15988586)|HEAP_ALLOCATE|[128]|Bytes:5
15:47:07.0 (16004629)|VARIABLE_ASSIGNMENT|[128]|saConstantCmn.SA_REPORT_STATE_DRAFT|"Draft"
15:47:07.0 (16014736)|HEAP_ALLOCATE|[128]|Bytes:7
15:47:07.0 (16025948)|VARIABLE_ASSIGNMENT|[128]|saConstantCmn.SA_REPORT_STATE_PUBLISHED|"Publish"
15:47:07.0 (16033384)|HEAP_ALLOCATE|[128]|Bytes:6
15:47:07.0 (16044714)|VARIABLE_ASSIGNMENT|[128]|saConstantCmn.SA_REPORT_STATE_REJECTED|"Remand"
15:47:07.0 (16053308)|HEAP_ALLOCATE|[128]|Bytes:7
15:47:07.0 (16065127)|VARIABLE_ASSIGNMENT|[128]|saConstantCmn.SA_REPORT_STATE_WAITING_APPROVAL|"Pending"
15:47:07.0 (16073442)|HEAP_ALLOCATE|[128]|Bytes:3
15:47:07.0 (16084553)|VARIABLE_ASSIGNMENT|[128]|saConstantCmn.SOURCE|"src"
15:47:07.0 (16093352)|HEAP_ALLOCATE|[128]|Bytes:7
15:47:07.0 (16105346)|VARIABLE_ASSIGNMENT|[128]|saConstantCmn.SOURCE_PREVIEW|"preview"
15:47:07.0 (16165675)|METHOD_ENTRY|[4]|01p6F000006sUQj|saConstantCmn.saConstantCmn()
15:47:07.0 (16175052)|STATEMENT_EXECUTE|[4]
15:47:07.0 (16179974)|STATEMENT_EXECUTE|[4]
15:47:07.0 (16189569)|HEAP_ALLOCATE|[128]|Bytes:5
15:47:07.0 (16204086)|METHOD_EXIT|[4]|saConstantCmn
15:47:07.0 (16243091)|HEAP_ALLOCATE|[124]|Bytes:7
15:47:07.0 (16257037)|HEAP_ALLOCATE|[124]|Bytes:7
15:47:07.0 (16315445)|HEAP_ALLOCATE|[129]|Bytes:89
15:47:07.0 (16331282)|SYSTEM_METHOD_ENTRY|[1]|UserInfo.UserInfo()
15:47:07.0 (16337007)|STATEMENT_EXECUTE|[1]
15:47:07.0 (16344631)|SYSTEM_METHOD_EXIT|[1]|UserInfo
15:47:07.0 (16361563)|METHOD_ENTRY|[129]||System.UserInfo.getUserId()
15:47:07.0 (16430141)|METHOD_EXIT|[129]||System.UserInfo.getUserId()
15:47:07.0 (16447735)|HEAP_ALLOCATE|[124]|Bytes:7
15:47:07.0 (16462090)|HEAP_ALLOCATE|[124]|Bytes:7
15:47:07.0 (16473469)|METHOD_ENTRY|[133]||System.UserInfo.getUserId()
15:47:07.0 (16499147)|METHOD_EXIT|[133]||System.UserInfo.getUserId()
15:47:07.0 (16513187)|HEAP_ALLOCATE|[124]|Bytes:7
15:47:07.0 (17508911)|SOQL_EXECUTE_BEGIN|[124]|Aggregations:0|SELECT Id, Title__c, PublishedDatetime__c, DeadlineDatetime__c, Type__c FROM saMessage__c WHERE (Id NOT IN (SELECT saMessage__c FROM saMessageDetail__c WHERE (Type__c IN (:tmpVar1, :tmpVar2) AND User__c = :tmpVar3)) AND Id IN (SELECT saMessage__c FROM saMessageDetail__c WHERE (Type__c = :tmpVar4 AND User__c = :tmpVar5)) AND IsPublished__c = TRUE AND Type__c = :tmpVar6) ORDER BY DeadlineDatetime__c DESC NULLS LAST, PublishedDatetime__c ASC NULLS FIRST LIMIT 200
15:47:07.0 (32380024)|SOQL_EXECUTE_END|[124]|Rows:1
15:47:07.0 (32413878)|HEAP_ALLOCATE|[124]|Bytes:8
15:47:07.0 (32436497)|HEAP_ALLOCATE|[124]|Bytes:115
15:47:07.0 (32504436)|HEAP_ALLOCATE|[124]|Bytes:8
15:47:07.0 (32528960)|VARIABLE_SCOPE_BEGIN|[124]|lsMessages|List<saMessage__c>|true|false
15:47:07.0 (32601382)|VARIABLE_ASSIGNMENT|[124]|lsMessages|[{"Id":"a0K6F00000gtrulUAA","Title__c":"test","PublishedDatetime__c":"2018-06-23T02:02:00.000Z","DeadlineDatetime__c":"2018-06-30T02:02:00.000Z","Type__c":"TASK"}]|0x5e720740
15:47:07.0 (32613126)|STATEMENT_EXECUTE|[138]
15:47:07.0 (32629184)|HEAP_ALLOCATE|[138]|Bytes:4
15:47:07.0 (32861662)|VARIABLE_ASSIGNMENT|[EXTERNAL]|this|{"currentMessage":"0x4d671e46","currentMessageId":"","idMessage":"a0K6F00000gtrulUAA","isIPhone":false,"isTabMsgRead":false,"lsMsg":"0x56d77369","messageError":"正しいデーターを入れてください。","messageQuestion":"","myUser":"0x7bbabe75"}|0x77442868
15:47:07.0 (32887171)|HEAP_ALLOCATE|[EXTERNAL]|Bytes:4
15:47:07.0 (32897934)|VARIABLE_ASSIGNMENT|[EXTERNAL]|value|[]|0x3aff8fc2
15:47:07.0 (32917625)|VARIABLE_ASSIGNMENT|[7]|this.lsMsg|[]|0x77442868
15:47:07.0 (33162156)|HEAP_ALLOCATE|[139]|Bytes:5
15:47:07.0 (33204893)|HEAP_ALLOCATE|[139]|Bytes:24
15:47:07.0 (33218466)|VARIABLE_SCOPE_BEGIN|[139]|msg|saMessage__c|true|false
15:47:07.0 (33252420)|VARIABLE_ASSIGNMENT|[139]|msg|{"Id":"a0K6F00000gtrulUAA","Title__c":"test","PublishedDatetime__c":"2018-06-23T02:02:00.000Z","DeadlineDatetime__c":"2018-06-30T02:02:00.000Z","Type__c":"TASK"}|0x740c4894
15:47:07.0 (33260965)|STATEMENT_EXECUTE|[139]
15:47:07.0 (33263101)|STATEMENT_EXECUTE|[140]
15:47:07.0 (33338455)|VARIABLE_ASSIGNMENT|[EXTERNAL]|this|{"currentMessage":"0x4d671e46","currentMessageId":"","idMessage":"a0K6F00000gtrulUAA","isIPhone":false,"isTabMsgRead":false,"lsMsg":"0x3aff8fc2","messageError":"正しいデーターを入れてください。","messageQuestion":"","myUser":"0x7bbabe75"}|0x77442868
15:47:07.0 (33362814)|HEAP_ALLOCATE|[140]|Bytes:208
15:47:07.0 (33373223)|HEAP_ALLOCATE|[140]|Bytes:43
15:47:07.0 (33385205)|HEAP_ALLOCATE|[140]|Bytes:28
15:47:07.0 (33405306)|CONSTRUCTOR_ENTRY|[140]|01p6F00000AiTo4|<init>(saMessage__c,Boolean)|saTasksCtrl.clsMessage
15:47:07.0 (33437320)|VARIABLE_SCOPE_BEGIN|[238]|this|saTasksCtrl.clsMessage|true|false
15:47:07.0 (33473516)|VARIABLE_ASSIGNMENT|[238]|this|{}|0x324b5848
15:47:07.0 (33483312)|VARIABLE_SCOPE_BEGIN|[238]|msgMsg|saMessage__c|true|false
15:47:07.0 (33513930)|VARIABLE_ASSIGNMENT|[238]|msgMsg|{"Id":"a0K6F00000gtrulUAA","Title__c":"test","PublishedDatetime__c":"2018-06-23T02:02:00.000Z","DeadlineDatetime__c":"2018-06-30T02:02:00.000Z","Type__c":"TASK"}|0x740c4894
15:47:07.0 (33523768)|VARIABLE_SCOPE_BEGIN|[238]|isMsgRead|Boolean|false|false
15:47:07.0 (33533284)|VARIABLE_ASSIGNMENT|[238]|isMsgRead|false
15:47:07.0 (33539714)|STATEMENT_EXECUTE|[188]
15:47:07.0 (33541694)|STATEMENT_EXECUTE|[190]
15:47:07.0 (33544108)|STATEMENT_EXECUTE|[191]
15:47:07.0 (33545672)|STATEMENT_EXECUTE|[192]
15:47:07.0 (33547031)|STATEMENT_EXECUTE|[193]
15:47:07.0 (33548506)|STATEMENT_EXECUTE|[194]
15:47:07.0 (33550012)|STATEMENT_EXECUTE|[195]
15:47:07.0 (33560461)|HEAP_ALLOCATE|[240]|Bytes:6
15:47:07.0 (33614047)|STATEMENT_EXECUTE|[238]
15:47:07.0 (33616300)|STATEMENT_EXECUTE|[240]
15:47:07.0 (33653465)|VARIABLE_ASSIGNMENT|[EXTERNAL]|this|{}|0x324b5848
15:47:07.0 (33681857)|VARIABLE_ASSIGNMENT|[EXTERNAL]|value|{"Id":"a0K6F00000gtrulUAA","Title__c":"test","PublishedDatetime__c":"2018-06-23T02:02:00.000Z","DeadlineDatetime__c":"2018-06-30T02:02:00.000Z","Type__c":"TASK"}|0x740c4894
15:47:07.0 (33705345)|VARIABLE_ASSIGNMENT|[190]|this.msg|{"Id":"a0K6F00000gtrulUAA","Title__c":"test","PublishedDatetime__c":"2018-06-23T02:02:00.000Z","DeadlineDatetime__c":"2018-06-30T02:02:00.000Z","Type__c":"TASK"}|0x324b5848
15:47:07.0 (33747652)|VARIABLE_ASSIGNMENT|[EXTERNAL]|this|{"msg":"0x740c4894"}|0x324b5848
15:47:07.0 (33760128)|STATEMENT_EXECUTE|[241]
15:47:07.0 (33764007)|STATEMENT_EXECUTE|[245]
15:47:07.0 (33785576)|VARIABLE_ASSIGNMENT|[EXTERNAL]|this|{"msg":"0x740c4894"}|0x324b5848
15:47:07.0 (33831023)|STATEMENT_EXECUTE|[247]
15:47:07.0 (33833116)|STATEMENT_EXECUTE|[249]
15:47:07.0 (33857974)|VARIABLE_ASSIGNMENT|[EXTERNAL]|this|{"msg":"0x740c4894"}|0x324b5848
15:47:07.0 (33898898)|HEAP_ALLOCATE|[249]|Bytes:4
15:47:07.0 (33939985)|VARIABLE_SCOPE_BEGIN|[249]|dDateMsg|Date|false|false
15:47:07.0 (33969218)|VARIABLE_ASSIGNMENT|[249]|dDateMsg|"2018-06-30T00:00:00.000Z"
15:47:07.0 (33978665)|STATEMENT_EXECUTE|[251]
15:47:07.0 (34017170)|HEAP_ALLOCATE|[251]|Bytes:4
15:47:07.0 (34038980)|VARIABLE_SCOPE_BEGIN|[251]|iNbDays|Integer|false|false
15:47:07.0 (34048261)|HEAP_ALLOCATE|[251]|Bytes:4
15:47:07.0 (34056480)|VARIABLE_ASSIGNMENT|[251]|iNbDays|-37
15:47:07.0 (34069687)|STATEMENT_EXECUTE|[258]
15:47:07.0 (34071570)|STATEMENT_EXECUTE|[259]
15:47:07.0 (34112118)|HEAP_ALLOCATE|[259]|Bytes:2
15:47:07.0 (34124326)|HEAP_ALLOCATE|[259]|Bytes:2
15:47:07.0 (34135093)|HEAP_ALLOCATE|[259]|Bytes:4
15:47:07.0 (34169115)|VARIABLE_ASSIGNMENT|[EXTERNAL]|this|{"msg":"0x740c4894"}|0x324b5848
15:47:07.0 (34178706)|VARIABLE_ASSIGNMENT|[EXTERNAL]|value|"37日前"
15:47:07.0 (34187883)|VARIABLE_ASSIGNMENT|[192]|this.dateLabel|"37日前"|0x324b5848
15:47:07.0 (34199309)|STATEMENT_EXECUTE|[264]
15:47:07.0 (34201151)|STATEMENT_EXECUTE|[265]
15:47:07.0 (34204028)|HEAP_ALLOCATE|[265]|Bytes:3
15:47:07.0 (34237616)|VARIABLE_ASSIGNMENT|[EXTERNAL]|this|{"dateLabel":"37日前","msg":"0x740c4894"}|0x324b5848
15:47:07.0 (34247523)|VARIABLE_ASSIGNMENT|[EXTERNAL]|value|"red"
15:47:07.0 (34255796)|VARIABLE_ASSIGNMENT|[191]|this.clsNm|"red"|0x324b5848
15:47:07.0 (34265280)|STATEMENT_EXECUTE|[277]
15:47:07.0 (34304980)|HEAP_ALLOCATE|[277]|Bytes:4
15:47:07.0 (34436692)|VARIABLE_ASSIGNMENT|[EXTERNAL]|this|{"clsNm":"red","dateLabel":"37日前","msg":"0x740c4894"}|0x324b5848
15:47:07.0 (34452637)|VARIABLE_ASSIGNMENT|[EXTERNAL]|value|{}|0x44589e6c
15:47:07.0 (34463917)|VARIABLE_ASSIGNMENT|[193]|this.msgDetail|{}|0x324b5848
15:47:07.0 (34474578)|STATEMENT_EXECUTE|[278]
15:47:07.0 (34500732)|VARIABLE_ASSIGNMENT|[EXTERNAL]|this|{"clsNm":"red","dateLabel":"37日前","msg":"0x740c4894","msgDetail":"0x44589e6c"}|0x324b5848
15:47:07.0 (34554864)|VARIABLE_ASSIGNMENT|[EXTERNAL]|this|{"clsNm":"red","dateLabel":"37日前","msg":"0x740c4894","msgDetail":"0x44589e6c"}|0x324b5848
15:47:07.0 (34614668)|VARIABLE_ASSIGNMENT|[EXTERNAL]|this|{"clsNm":"red","dateLabel":"37日前","msg":"0x740c4894","msgDetail":"0x44589e6c"}|0x324b5848
15:47:07.0 (34667761)|VARIABLE_ASSIGNMENT|[EXTERNAL]|this|{"clsNm":"red","dateLabel":"37日前","msg":"0x740c4894","msgDetail":"0x44589e6c"}|0x324b5848
15:47:07.0 (34767996)|VARIABLE_ASSIGNMENT|[278]|this.Type__c|"DONE"|0x44589e6c
15:47:07.0 (34776687)|STATEMENT_EXECUTE|[279]
15:47:07.0 (34810214)|VARIABLE_ASSIGNMENT|[EXTERNAL]|this|{"clsNm":"red","dateLabel":"37日前","msg":"0x740c4894","msgDetail":"0x44589e6c"}|0x324b5848
15:47:07.0 (34863059)|VARIABLE_ASSIGNMENT|[EXTERNAL]|this|{"clsNm":"red","dateLabel":"37日前","msg":"0x740c4894","msgDetail":"0x44589e6c"}|0x324b5848
15:47:07.0 (34919832)|VARIABLE_ASSIGNMENT|[279]|this.saMessage__c|"a0K6F00000gtrulUAA"|0x44589e6c
15:47:07.0 (34927547)|STATEMENT_EXECUTE|[280]
15:47:07.0 (34936633)|METHOD_ENTRY|[280]||System.UserInfo.getUserId()
15:47:07.0 (34962445)|METHOD_EXIT|[280]||System.UserInfo.getUserId()
15:47:07.0 (34976783)|HEAP_ALLOCATE|[280]|Bytes:4
15:47:07.0 (35007691)|VARIABLE_ASSIGNMENT|[EXTERNAL]|this|{"clsNm":"red","dateLabel":"37日前","msg":"0x740c4894","msgDetail":"0x44589e6c"}|0x324b5848
15:47:07.0 (35060332)|VARIABLE_ASSIGNMENT|[280]|this.User__c|"0056F000006PtYlQAK"|0x44589e6c
15:47:07.0 (35078776)|CONSTRUCTOR_EXIT|[140]|01p6F00000AiTo4|<init>(saMessage__c,Boolean)|saTasksCtrl.clsMessage
15:47:07.0 (35098851)|HEAP_ALLOCATE|[EXTERNAL]|Bytes:4
15:47:07.0 (35115936)|HEAP_ALLOCATE|[139]|Bytes:5
15:47:07.0 (35134444)|VARIABLE_ASSIGNMENT|[139]|msg|null|
15:47:07.0 (35144131)|SYSTEM_MODE_EXIT|false
15:47:07.0 (46054828)|SYSTEM_MODE_ENTER|true
15:47:07.0 (46240073)|SYSTEM_MODE_ENTER|true
15:47:07.0 (46272545)|HEAP_ALLOCATE|[EXTERNAL]|Bytes:284
15:47:07.0 (46291117)|HEAP_ALLOCATE|[EXTERNAL]|Bytes:160
15:47:07.0 (46311164)|METHOD_ENTRY|[1]|01p6F0000084OtI|auMainTopCompCtrl.auMainTopCompCtrl()
15:47:07.0 (46319155)|STATEMENT_EXECUTE|[1]
15:47:07.0 (46324604)|STATEMENT_EXECUTE|[1]
15:47:07.0 (46326801)|STATEMENT_EXECUTE|[3]
15:47:07.0 (46331698)|HEAP_ALLOCATE|[3]|Bytes:4
15:47:07.0 (46352811)|VARIABLE_ASSIGNMENT|[3]|auMainTopCompCtrl.TYPE_SCREEN_SWITCH|0
15:47:07.0 (46358149)|STATEMENT_EXECUTE|[4]
15:47:07.0 (46360996)|HEAP_ALLOCATE|[4]|Bytes:4
15:47:07.0 (46369031)|VARIABLE_ASSIGNMENT|[4]|auMainTopCompCtrl.TYPE_SCREEN_STPD_EVENT|11
15:47:07.0 (46390866)|STATEMENT_EXECUTE|[5]
15:47:07.0 (46393861)|HEAP_ALLOCATE|[5]|Bytes:4
15:47:07.0 (46404567)|VARIABLE_ASSIGNMENT|[5]|auMainTopCompCtrl.TYPE_SCREEN_STPD_TIMELINE|12
15:47:07.0 (46409574)|STATEMENT_EXECUTE|[6]
15:47:07.0 (46411607)|HEAP_ALLOCATE|[6]|Bytes:4
15:47:07.0 (46418830)|VARIABLE_ASSIGNMENT|[6]|auMainTopCompCtrl.TYPE_SCREEN_STPD_SCREEN|13
15:47:07.0 (46422686)|STATEMENT_EXECUTE|[7]
15:47:07.0 (46424701)|HEAP_ALLOCATE|[7]|Bytes:4
15:47:07.0 (46430470)|VARIABLE_ASSIGNMENT|[7]|auMainTopCompCtrl.TYPE_SCREEN_CX_SCREEN|21
15:47:07.0 (46434278)|STATEMENT_EXECUTE|[8]
15:47:07.0 (46436243)|HEAP_ALLOCATE|[8]|Bytes:4
15:47:07.0 (46441666)|VARIABLE_ASSIGNMENT|[8]|auMainTopCompCtrl.TYPE_SCREEN_CX_TIMELINE|22
15:47:07.0 (46446872)|STATEMENT_EXECUTE|[9]
15:47:07.0 (46449061)|HEAP_ALLOCATE|[9]|Bytes:4
15:47:07.0 (46454634)|VARIABLE_ASSIGNMENT|[9]|auMainTopCompCtrl.TYPE_SCREEN_EVENT_SCHEDULE|31
15:47:07.0 (46458616)|STATEMENT_EXECUTE|[10]
15:47:07.0 (46460900)|HEAP_ALLOCATE|[10]|Bytes:4
15:47:07.0 (46466782)|VARIABLE_ASSIGNMENT|[10]|auMainTopCompCtrl.TYPE_SCREEN_EVENT_SCHEDULE_LIST|32
15:47:07.0 (46471077)|STATEMENT_EXECUTE|[11]
15:47:07.0 (46473041)|HEAP_ALLOCATE|[11]|Bytes:4
15:47:07.0 (46479598)|VARIABLE_ASSIGNMENT|[11]|auMainTopCompCtrl.TYPE_SCREEN_KNOWLEDGE_DASHBOARD|41
15:47:07.0 (46483615)|STATEMENT_EXECUTE|[12]
15:47:07.0 (46485620)|HEAP_ALLOCATE|[12]|Bytes:4
15:47:07.0 (46491936)|VARIABLE_ASSIGNMENT|[12]|auMainTopCompCtrl.TYPE_SCREEN_KNOWLEDGE_LIST|42
15:47:07.0 (46496232)|STATEMENT_EXECUTE|[13]
15:47:07.0 (46498319)|HEAP_ALLOCATE|[13]|Bytes:4
15:47:07.0 (46504447)|VARIABLE_ASSIGNMENT|[13]|auMainTopCompCtrl.TYPE_SCREEN_SA_MESSAGES|51
15:47:07.0 (46509004)|STATEMENT_EXECUTE|[14]
15:47:07.0 (46511027)|HEAP_ALLOCATE|[14]|Bytes:4
15:47:07.0 (46518151)|VARIABLE_ASSIGNMENT|[14]|auMainTopCompCtrl.TYPE_SCREEN_SA_REPORTS|52
15:47:07.0 (46522465)|STATEMENT_EXECUTE|[15]
15:47:07.0 (46524511)|HEAP_ALLOCATE|[15]|Bytes:4
15:47:07.0 (46530862)|VARIABLE_ASSIGNMENT|[15]|auMainTopCompCtrl.TYPE_SCREEN_SA_CHATTER|53
15:47:07.0 (46534550)|STATEMENT_EXECUTE|[16]
15:47:07.0 (46536532)|HEAP_ALLOCATE|[16]|Bytes:4
15:47:07.0 (46542203)|VARIABLE_ASSIGNMENT|[16]|auMainTopCompCtrl.TYPE_SCREEN_SA_DAILYREPORT|54
15:47:07.0 (46547021)|STATEMENT_EXECUTE|[17]
15:47:07.0 (46548991)|HEAP_ALLOCATE|[17]|Bytes:4
15:47:07.0 (46554979)|VARIABLE_ASSIGNMENT|[17]|auMainTopCompCtrl.TYPE_SCREEN_SA_ENQUETE|55
15:47:07.0 (46560030)|STATEMENT_EXECUTE|[18]
15:47:07.0 (46562175)|HEAP_ALLOCATE|[18]|Bytes:4
15:47:07.0 (46568277)|VARIABLE_ASSIGNMENT|[18]|auMainTopCompCtrl.TYPE_SCREEN_SA_DOCUMENTS|56
15:47:07.0 (46572772)|STATEMENT_EXECUTE|[19]
15:47:07.0 (46574671)|HEAP_ALLOCATE|[19]|Bytes:4
15:47:07.0 (46581051)|VARIABLE_ASSIGNMENT|[19]|auMainTopCompCtrl.TYPE_SCREEN_SA_RANKING|57
15:47:07.0 (46585592)|STATEMENT_EXECUTE|[20]
15:47:07.0 (46587551)|HEAP_ALLOCATE|[20]|Bytes:4
15:47:07.0 (46593593)|VARIABLE_ASSIGNMENT|[20]|auMainTopCompCtrl.TYPE_SCREEN_SA_LINKS|58
15:47:07.0 (46597561)|STATEMENT_EXECUTE|[21]
15:47:07.0 (46599566)|HEAP_ALLOCATE|[21]|Bytes:4
15:47:07.0 (46605517)|VARIABLE_ASSIGNMENT|[21]|auMainTopCompCtrl.TYPE_SCREEN_SA_USRSETTINGS|59
15:47:07.0 (46610112)|STATEMENT_EXECUTE|[22]
15:47:07.0 (46612035)|HEAP_ALLOCATE|[22]|Bytes:4
15:47:07.0 (46618111)|VARIABLE_ASSIGNMENT|[22]|auMainTopCompCtrl.TYPE_SCREEN_SA_DAILYREPORTLIST|60
15:47:07.0 (46622803)|STATEMENT_EXECUTE|[23]
15:47:07.0 (46624849)|HEAP_ALLOCATE|[23]|Bytes:4
15:47:07.0 (46630502)|VARIABLE_ASSIGNMENT|[23]|auMainTopCompCtrl.TYPE_SCREEN_SA_TODO|61
15:47:07.0 (46634478)|STATEMENT_EXECUTE|[24]
15:47:07.0 (46636422)|HEAP_ALLOCATE|[24]|Bytes:4
15:47:07.0 (46642004)|VARIABLE_ASSIGNMENT|[24]|auMainTopCompCtrl.TYPE_SCREEN_HONBU_DIRECT|71
15:47:07.0 (46646809)|STATEMENT_EXECUTE|[25]
15:47:07.0 (46649074)|HEAP_ALLOCATE|[25]|Bytes:4
15:47:07.0 (46654640)|VARIABLE_ASSIGNMENT|[25]|auMainTopCompCtrl.TYPE_SCREEN_ACCOUNT_LIST|81
15:47:07.0 (46658671)|STATEMENT_EXECUTE|[26]
15:47:07.0 (46665619)|HEAP_ALLOCATE|[26]|Bytes:4
15:47:07.0 (46672420)|VARIABLE_ASSIGNMENT|[26]|auMainTopCompCtrl.TYPE_SCREEN_ACTIVITY_LIST|82
15:47:07.0 (46676291)|STATEMENT_EXECUTE|[27]
15:47:07.0 (46678159)|HEAP_ALLOCATE|[27]|Bytes:4
15:47:07.0 (46684544)|VARIABLE_ASSIGNMENT|[27]|auMainTopCompCtrl.TYPE_SCREEN_FILE_LIST|83
15:47:07.0 (46693571)|METHOD_EXIT|[1]|auMainTopCompCtrl
15:47:07.0 (46699305)|HEAP_ALLOCATE|[EXTERNAL]|Bytes:44
15:47:07.0 (46709558)|VARIABLE_ASSIGNMENT|[EXTERNAL]|this.iCountComments|null|0x795d9d67
15:47:07.0 (46773726)|SYSTEM_MODE_ENTER|true
15:47:07.0 (46790638)|HEAP_ALLOCATE|[EXTERNAL]|Bytes:44
15:47:07.0 (46799463)|VARIABLE_ASSIGNMENT|[EXTERNAL]|this.iCountLikes|null|0x795d9d67
15:47:07.0 (46870299)|SYSTEM_MODE_ENTER|true
15:47:07.0 (46924473)|HEAP_ALLOCATE|[EXTERNAL]|Bytes:72
15:47:07.0 (46934692)|VARIABLE_SCOPE_BEGIN|[16]|this|saTasksCtrl|true|false
15:47:07.0 (47017809)|VARIABLE_ASSIGNMENT|[16]|this|{"currentMessage":"0x4d671e46","currentMessageId":"","idMessage":"a0K6F00000gtrulUAA","isIPhone":false,"isTabMsgRead":false,"lsMsg":"0x3aff8fc2","messageError":"正しいデーターを入れてください。","messageQuestion":"","myUser":"0x7bbabe75"}|0x77442868
15:47:07.0 (47040431)|SYSTEM_MODE_ENTER|false
15:47:07.0 (47048165)|HEAP_ALLOCATE|[16]|Bytes:5
15:47:07.0 (47054154)|STATEMENT_EXECUTE|[16]
15:47:07.0 (47056026)|STATEMENT_EXECUTE|[16]
15:47:07.0 (47061190)|SYSTEM_MODE_EXIT|false
15:47:07.0 (47120463)|SYSTEM_MODE_ENTER|true
15:47:07.0 (47139123)|HEAP_ALLOCATE|[EXTERNAL]|Bytes:8
15:47:07.0 (47144192)|HEAP_ALLOCATE|[EXTERNAL]|Bytes:44
15:47:07.0 (47152583)|VARIABLE_ASSIGNMENT|[EXTERNAL]|this.iTypeOfScreen|61|0x795d9d67
15:47:07.0 (47285942)|SYSTEM_MODE_ENTER|true
15:47:07.0 (47321556)|HEAP_ALLOCATE|[EXTERNAL]|Bytes:44
15:47:07.0 (47329926)|VARIABLE_SCOPE_BEGIN|[88]|this|auMainTopCompCtrl|true|false
15:47:07.0 (47371963)|VARIABLE_ASSIGNMENT|[88]|this|{"currentUser":"0x26292b9d","isSAUser":false,"iTypeOfScreen":61,"urlReportsSFA":"https://au-portal.li (77 more) ..."}|0x795d9d67
15:47:07.0 (47382630)|STATEMENT_EXECUTE|[88]
15:47:07.0 (47384542)|STATEMENT_EXECUTE|[89]
15:47:07.0 (47441492)|VARIABLE_ASSIGNMENT|[EXTERNAL]|this|{"currentUser":"0x26292b9d","isSAUser":false,"iTypeOfScreen":61,"urlReportsSFA":"https://au-portal.li (77 more) ..."}|0x795d9d67
15:47:07.0 (47492693)|VARIABLE_ASSIGNMENT|[EXTERNAL]|this|{"currentUser":"0x26292b9d","isSAUser":false,"iTypeOfScreen":61,"urlReportsSFA":"https://au-portal.li (77 more) ..."}|0x795d9d67
15:47:07.0 (47536120)|VARIABLE_ASSIGNMENT|[EXTERNAL]|this|{"currentUser":"0x26292b9d","isSAUser":false,"iTypeOfScreen":61,"urlReportsSFA":"https://au-portal.li (77 more) ..."}|0x795d9d67
15:47:07.0 (47576271)|VARIABLE_ASSIGNMENT|[EXTERNAL]|this|{"currentUser":"0x26292b9d","isSAUser":false,"iTypeOfScreen":61,"urlReportsSFA":"https://au-portal.li (77 more) ..."}|0x795d9d67
15:47:07.0 (47613658)|VARIABLE_ASSIGNMENT|[EXTERNAL]|this|{"currentUser":"0x26292b9d","isSAUser":false,"iTypeOfScreen":61,"urlReportsSFA":"https://au-portal.li (77 more) ..."}|0x795d9d67
15:47:07.0 (47652113)|VARIABLE_ASSIGNMENT|[EXTERNAL]|this|{"currentUser":"0x26292b9d","isSAUser":false,"iTypeOfScreen":61,"urlReportsSFA":"https://au-portal.li (77 more) ..."}|0x795d9d67
15:47:07.0 (47698017)|VARIABLE_ASSIGNMENT|[EXTERNAL]|this|{"currentUser":"0x26292b9d","isSAUser":false,"iTypeOfScreen":61,"urlReportsSFA":"https://au-portal.li (77 more) ..."}|0x795d9d67
15:47:07.0 (47736993)|VARIABLE_ASSIGNMENT|[EXTERNAL]|this|{"currentUser":"0x26292b9d","isSAUser":false,"iTypeOfScreen":61,"urlReportsSFA":"https://au-portal.li (77 more) ..."}|0x795d9d67
15:47:07.0 (47777848)|VARIABLE_ASSIGNMENT|[EXTERNAL]|this|{"currentUser":"0x26292b9d","isSAUser":false,"iTypeOfScreen":61,"urlReportsSFA":"https://au-portal.li (77 more) ..."}|0x795d9d67
15:47:07.0 (47814582)|VARIABLE_ASSIGNMENT|[EXTERNAL]|this|{"currentUser":"0x26292b9d","isSAUser":false,"iTypeOfScreen":61,"urlReportsSFA":"https://au-portal.li (77 more) ..."}|0x795d9d67
15:47:07.0 (47830376)|HEAP_ALLOCATE|[89]|Bytes:5
15:47:07.0 (47942442)|SYSTEM_MODE_ENTER|true
15:47:07.0 (47978749)|HEAP_ALLOCATE|[EXTERNAL]|Bytes:44
15:47:07.0 (47986300)|VARIABLE_SCOPE_BEGIN|[106]|this|auMainTopCompCtrl|true|false
15:47:07.0 (48020522)|VARIABLE_ASSIGNMENT|[106]|this|{"currentUser":"0x26292b9d","isSAUser":false,"iTypeOfScreen":61,"urlReportsSFA":"https://au-portal.li (77 more) ..."}|0x795d9d67
15:47:07.0 (48032134)|STATEMENT_EXECUTE|[106]
15:47:07.0 (48034143)|STATEMENT_EXECUTE|[107]
15:47:07.0 (48069067)|VARIABLE_ASSIGNMENT|[EXTERNAL]|this|{"currentUser":"0x26292b9d","isSAUser":false,"iTypeOfScreen":61,"urlReportsSFA":"https://au-portal.li (77 more) ..."}|0x795d9d67
15:47:07.0 (48084654)|HEAP_ALLOCATE|[107]|Bytes:5
15:47:07.0 (48154004)|SYSTEM_MODE_ENTER|true
15:47:07.0 (48184101)|HEAP_ALLOCATE|[EXTERNAL]|Bytes:44
15:47:07.0 (48190635)|VARIABLE_SCOPE_BEGIN|[110]|this|auMainTopCompCtrl|true|false
15:47:07.0 (48223388)|VARIABLE_ASSIGNMENT|[110]|this|{"currentUser":"0x26292b9d","isSAUser":false,"iTypeOfScreen":61,"urlReportsSFA":"https://au-portal.li (77 more) ..."}|0x795d9d67
15:47:07.0 (48233035)|STATEMENT_EXECUTE|[110]
15:47:07.0 (48234870)|STATEMENT_EXECUTE|[111]
15:47:07.0 (48269097)|VARIABLE_ASSIGNMENT|[EXTERNAL]|this|{"currentUser":"0x26292b9d","isSAUser":false,"iTypeOfScreen":61,"urlReportsSFA":"https://au-portal.li (77 more) ..."}|0x795d9d67
15:47:07.0 (48284636)|HEAP_ALLOCATE|[111]|Bytes:5
15:47:07.0 (48364078)|SYSTEM_MODE_ENTER|true
15:47:07.0 (48392520)|HEAP_ALLOCATE|[EXTERNAL]|Bytes:44
15:47:07.0 (48399403)|VARIABLE_SCOPE_BEGIN|[114]|this|auMainTopCompCtrl|true|false
15:47:07.0 (48431701)|VARIABLE_ASSIGNMENT|[114]|this|{"currentUser":"0x26292b9d","isSAUser":false,"iTypeOfScreen":61,"urlReportsSFA":"https://au-portal.li (77 more) ..."}|0x795d9d67
15:47:07.0 (48441510)|STATEMENT_EXECUTE|[114]
15:47:07.0 (48443260)|STATEMENT_EXECUTE|[115]
15:47:07.0 (48477498)|VARIABLE_ASSIGNMENT|[EXTERNAL]|this|{"currentUser":"0x26292b9d","isSAUser":false,"iTypeOfScreen":61,"urlReportsSFA":"https://au-portal.li (77 more) ..."}|0x795d9d67
15:47:07.0 (48493272)|HEAP_ALLOCATE|[115]|Bytes:5
15:47:07.0 (48579154)|SYSTEM_MODE_ENTER|true
15:47:07.0 (52946389)|SYSTEM_MODE_ENTER|true
15:47:07.0 (53032208)|HEAP_ALLOCATE|[EXTERNAL]|Bytes:72
15:47:07.0 (53118941)|VARIABLE_ASSIGNMENT|[EXTERNAL]|this|{"currentMessage":"0x4d671e46","currentMessageId":"","idMessage":"a0K6F00000gtrulUAA","isIPhone":false,"isTabMsgRead":false,"lsMsg":"0x3aff8fc2","messageError":"正しいデーターを入れてください。","messageQuestion":"","myUser":"0x7bbabe75"}|0x77442868
15:47:07.0 (53140199)|SYSTEM_MODE_ENTER|false
15:47:07.0 (53148334)|HEAP_ALLOCATE|[181]|Bytes:5
15:47:07.0 (53154886)|STATEMENT_EXECUTE|[180]
15:47:07.0 (53157041)|STATEMENT_EXECUTE|[181]
15:47:07.0 (53175727)|METHOD_ENTRY|[181]||System.UserInfo.getTimeZone()
15:47:07.0 (53442596)|METHOD_EXIT|[181]||System.UserInfo.getTimeZone()
15:47:07.0 (53452024)|VARIABLE_SCOPE_BEGIN|[181]|tz|System.TimeZone|true|false
15:47:07.0 (53496875)|VARIABLE_ASSIGNMENT|[181]|tz|{"delegate":"0x71602e52"}|0x298b83e6
15:47:07.0 (53505395)|STATEMENT_EXECUTE|[183]
15:47:07.0 (53554252)|HEAP_ALLOCATE|[183]|Bytes:56
15:47:07.0 (53576854)|METHOD_ENTRY|[183]||System.TimeZone.getOffset(Datetime)
15:47:07.0 (53604044)|METHOD_EXIT|[183]||System.TimeZone.getOffset(Datetime)
15:47:07.0 (53631366)|HEAP_ALLOCATE|[183]|Bytes:28
15:47:07.0 (53640090)|HEAP_ALLOCATE|[183]|Bytes:28
15:47:07.0 (53646231)|HEAP_ALLOCATE|[183]|Bytes:4
15:47:07.0 (53655597)|HEAP_ALLOCATE|[183]|Bytes:28
15:47:07.0 (53700652)|HEAP_ALLOCATE|[183]|Bytes:28
15:47:07.0 (53772585)|HEAP_ALLOCATE|[183]|Bytes:28
15:47:07.0 (53778550)|HEAP_ALLOCATE|[183]|Bytes:28
15:47:07.0 (53796083)|HEAP_ALLOCATE|[183]|Bytes:12
15:47:07.0 (53803955)|SYSTEM_MODE_EXIT|false
15:47:07.0 (55430998)|VF_SERIALIZE_VIEWSTATE_BEGIN|0666F000005wW3R
15:47:07.0 (59446326)|VF_SERIALIZE_VIEWSTATE_END
15:47:07.65 (65633602)|CUMULATIVE_LIMIT_USAGE
15:47:07.65 (65633602)|LIMIT_USAGE_FOR_NS|(default)|
  Number of SOQL queries: 1 out of 100
  Number of query rows: 1 out of 50000
  Number of SOSL queries: 0 out of 20
  Number of DML statements: 0 out of 150
  Number of DML rows: 0 out of 10000
  Maximum CPU time: 0 out of 10000
  Maximum heap size: 0 out of 6000000
  Number of callouts: 0 out of 100
  Number of Email Invocations: 0 out of 10
  Number of future calls: 0 out of 50
  Number of queueable jobs added to the queue: 0 out of 50
  Number of Mobile Apex push calls: 0 out of 10

15:47:07.65 (65633602)|CUMULATIVE_LIMIT_USAGE_END

15:47:07.0 (65689596)|CODE_UNIT_FINISHED|VF: /apex/saTasks
15:47:07.0 (66616331)|EXECUTION_FINISHED
