42.0 APEX_CODE,FINEST;APEX_PROFILING,INFO;CALLOUT,INFO;DB,INFO;NBA,INFO;SYSTEM,DEBUG;VALIDATION,INFO;VISUALFORCE,INFO;WAVE,INFO;WORKFLOW,INFO
15:45:18.0 (102692)|USER_INFO|[EXTERNAL]|0056F000006PtYl|gwadmin@gw.jp.kddi|日本標準時|GMT+09:00
15:45:18.0 (172775)|EXECUTION_STARTED
15:45:18.0 (178847)|CODE_UNIT_STARTED|[EXTERNAL]|0666F000005wW3R|VF: /apex/saTasks
15:45:18.0 (10822001)|SYSTEM_MODE_ENTER|true
15:45:18.0 (11539091)|HEAP_ALLOCATE|[72]|Bytes:3
15:45:18.0 (11605676)|HEAP_ALLOCATE|[77]|Bytes:152
15:45:18.0 (11631118)|HEAP_ALLOCATE|[342]|Bytes:408
15:45:18.0 (11653485)|HEAP_ALLOCATE|[355]|Bytes:408
15:45:18.0 (11675648)|HEAP_ALLOCATE|[467]|Bytes:48
15:45:18.0 (11728158)|HEAP_ALLOCATE|[139]|Bytes:6
15:45:18.0 (11760547)|HEAP_ALLOCATE|[EXTERNAL]|Bytes:10
15:45:18.0 (11782288)|HEAP_ALLOCATE|[EXTERNAL]|Bytes:464
15:45:18.0 (11790606)|HEAP_ALLOCATE|[EXTERNAL]|Bytes:78
15:45:18.0 (11810127)|METHOD_ENTRY|[1]|01p6F00000AiTo4|saTasksCtrl.saTasksCtrl()
15:45:18.0 (11826226)|STATEMENT_EXECUTE|[1]
15:45:18.0 (11833803)|STATEMENT_EXECUTE|[1]
15:45:18.0 (11905519)|HEAP_ALLOCATE|[50]|Bytes:5
15:45:18.0 (11949717)|HEAP_ALLOCATE|[56]|Bytes:5
15:45:18.0 (11967435)|HEAP_ALLOCATE|[64]|Bytes:7
15:45:18.0 (11997936)|SYSTEM_MODE_ENTER|false
15:45:18.0 (12020669)|HEAP_ALLOCATE|[EXTERNAL]|Bytes:5
15:45:18.0 (12036651)|STATEMENT_EXECUTE|[188]
15:45:18.0 (12046079)|SYSTEM_MODE_EXIT|false
15:45:18.0 (12062038)|METHOD_EXIT|[1]|saTasksCtrl
15:45:18.0 (13702706)|HEAP_ALLOCATE|[EXTERNAL]|Bytes:72
15:45:18.0 (13718995)|VARIABLE_SCOPE_BEGIN|[36]|this|saTasksCtrl|true|false
15:45:18.0 (13839294)|VARIABLE_ASSIGNMENT|[36]|this|{}|0x1d0d4d60
15:45:18.0 (13861182)|SYSTEM_MODE_ENTER|false
15:45:18.0 (13871141)|HEAP_ALLOCATE|[38]|Bytes:5
15:45:18.0 (13880423)|STATEMENT_EXECUTE|[1]
15:45:18.0 (13884482)|HEAP_ALLOCATE|[38]|Bytes:5
15:45:18.0 (13888363)|STATEMENT_EXECUTE|[3]
15:45:18.0 (13890976)|STATEMENT_EXECUTE|[4]
15:45:18.0 (13892570)|STATEMENT_EXECUTE|[5]
15:45:18.0 (13894452)|STATEMENT_EXECUTE|[7]
15:45:18.0 (13896073)|STATEMENT_EXECUTE|[8]
15:45:18.0 (13897759)|STATEMENT_EXECUTE|[9]
15:45:18.0 (13899441)|STATEMENT_EXECUTE|[10]
15:45:18.0 (13901263)|STATEMENT_EXECUTE|[12]
15:45:18.0 (13902822)|STATEMENT_EXECUTE|[14]
15:45:18.0 (13904504)|STATEMENT_EXECUTE|[18]
15:45:18.0 (13906083)|STATEMENT_EXECUTE|[19]
15:45:18.0 (13907852)|STATEMENT_EXECUTE|[21]
15:45:18.0 (13909536)|STATEMENT_EXECUTE|[22]
15:45:18.0 (13911392)|STATEMENT_EXECUTE|[24]
15:45:18.0 (13912964)|STATEMENT_EXECUTE|[25]
15:45:18.0 (13914652)|STATEMENT_EXECUTE|[34]
15:45:18.0 (13916303)|STATEMENT_EXECUTE|[179]
15:45:18.0 (13929136)|HEAP_ALLOCATE|[38]|Bytes:6
15:45:18.0 (13977772)|STATEMENT_EXECUTE|[36]
15:45:18.0 (13980208)|STATEMENT_EXECUTE|[38]
15:45:18.0 (13984825)|HEAP_ALLOCATE|[38]|Bytes:16
15:45:18.0 (14122517)|VARIABLE_ASSIGNMENT|[EXTERNAL]|this|{}|0x1d0d4d60
15:45:18.0 (14145374)|VARIABLE_ASSIGNMENT|[EXTERNAL]|value|"正しいデーターを入れてください。"
15:45:18.0 (14161760)|VARIABLE_ASSIGNMENT|[3]|this.messageError|"正しいデーターを入れてください。"|0x1d0d4d60
15:45:18.0 (14175447)|STATEMENT_EXECUTE|[39]
15:45:18.0 (14251977)|VARIABLE_ASSIGNMENT|[EXTERNAL]|this|{"messageError":"正しいデーターを入れてください。"}|0x1d0d4d60
15:45:18.0 (14270945)|VARIABLE_ASSIGNMENT|[EXTERNAL]|value|""
15:45:18.0 (14292662)|VARIABLE_ASSIGNMENT|[4]|this.messageQuestion|""|0x1d0d4d60
15:45:18.0 (14309219)|STATEMENT_EXECUTE|[40]
15:45:18.0 (14396353)|VARIABLE_ASSIGNMENT|[EXTERNAL]|this|{"messageError":"正しいデーターを入れてください。","messageQuestion":""}|0x1d0d4d60
15:45:18.0 (14421861)|VARIABLE_ASSIGNMENT|[EXTERNAL]|value|false
15:45:18.0 (14433908)|HEAP_ALLOCATE|[34]|Bytes:5
15:45:18.0 (14447881)|VARIABLE_ASSIGNMENT|[34]|this.isTabMsgRead|false|0x1d0d4d60
15:45:18.0 (14468902)|STATEMENT_EXECUTE|[42]
15:45:18.0 (14574018)|HEAP_ALLOCATE|[42]|Bytes:17
15:45:18.0 (14672254)|HEAP_ALLOCATE|[42]|Bytes:579
15:45:18.0 (14743540)|HEAP_ALLOCATE|[42]|Bytes:10
15:45:18.0 (14798429)|VARIABLE_SCOPE_BEGIN|[42]|userAgent|String|false|false
15:45:18.0 (14823836)|VARIABLE_ASSIGNMENT|[42]|userAgent|"Mozilla/5.0 (Windows (94 more) ..."
15:45:18.0 (14832752)|STATEMENT_EXECUTE|[43]
15:45:18.0 (14838906)|HEAP_ALLOCATE|[43]|Bytes:6
15:45:18.0 (14994958)|VARIABLE_ASSIGNMENT|[EXTERNAL]|this|{"isTabMsgRead":false,"messageError":"正しいデーターを入れてください。","messageQuestion":""}|0x1d0d4d60
15:45:18.0 (15024403)|VARIABLE_ASSIGNMENT|[EXTERNAL]|value|false
15:45:18.0 (15038325)|HEAP_ALLOCATE|[5]|Bytes:5
15:45:18.0 (15052777)|VARIABLE_ASSIGNMENT|[5]|this.isIPhone|false|0x1d0d4d60
15:45:18.0 (15069839)|STATEMENT_EXECUTE|[45]
15:45:18.0 (15076258)|HEAP_ALLOCATE|[45]|Bytes:211
15:45:18.0 (15107394)|HEAP_ALLOCATE|[45]|Bytes:4
15:45:18.0 (15128493)|HEAP_ALLOCATE|[45]|Bytes:7
15:45:18.0 (15181447)|HEAP_ALLOCATE|[48]|Bytes:89
15:45:18.0 (15201296)|SYSTEM_METHOD_ENTRY|[1]|UserInfo.UserInfo()
15:45:18.0 (15208260)|STATEMENT_EXECUTE|[1]
15:45:18.0 (15218856)|SYSTEM_METHOD_EXIT|[1]|UserInfo
15:45:18.0 (15238802)|METHOD_ENTRY|[48]||System.UserInfo.getUserId()
15:45:18.0 (15309949)|METHOD_EXIT|[48]||System.UserInfo.getUserId()
15:45:18.0 (17496574)|SOQL_EXECUTE_BEGIN|[45]|Aggregations:0|SELECT Id, Name, UserRole.DeveloperName, UserRole.ParentRoleId, Department, Signature, EmailHeader__c, SmallPhotoUrl, PushNotificationCountTotal__c, PushNotificationCountMessages__c FROM USER WHERE Id = :tmpVar1
15:45:18.0 (29871425)|SOQL_EXECUTE_END|[45]|Rows:1
15:45:18.0 (29942098)|HEAP_ALLOCATE|[45]|Bytes:8
15:45:18.0 (29973221)|HEAP_ALLOCATE|[45]|Bytes:290
15:45:18.0 (30119263)|HEAP_ALLOCATE|[45]|Bytes:8
15:45:18.0 (30167287)|HEAP_ALLOCATE|[45]|Bytes:30
15:45:18.0 (30255120)|HEAP_ALLOCATE|[45]|Bytes:32
15:45:18.0 (30450667)|VARIABLE_ASSIGNMENT|[EXTERNAL]|this|{"isIPhone":false,"isTabMsgRead":false,"messageError":"正しいデーターを入れてください。","messageQuestion":""}|0x1d0d4d60
15:45:18.0 (30513421)|VARIABLE_ASSIGNMENT|[EXTERNAL]|value|{"Id":"0056F000006PtYlQAK","Name":"auPortal システム開発","UserRoleId":"00E6F000001SEaUUAW","EmailHeader__c":"test attached files","SmallPhotoUrl":"/profilephoto/005/T","PushNotificationCountTotal__c":1,"UserRole":{"DeveloperName":"C000000","Id":"00E6F000001SEaUUAW"}}|0x2b4370cf
15:45:18.0 (30590780)|VARIABLE_ASSIGNMENT|[14]|this.myUser|{"Id":"0056F000006PtYlQAK","Name":"auPortal システム開発","UserRoleId":"00E6F000001SEaUUAW","EmailHeader__c":"test attached files","SmallPhotoUrl":"/profilephoto/005/T","PushNotificationCountTotal__c":1,"UserRole":{"DeveloperName":"C000000","Id":"00E6F000001SEaUUAW"}}|0x1d0d4d60
15:45:18.0 (30624854)|STATEMENT_EXECUTE|[50]
15:45:18.0 (30702715)|METHOD_ENTRY|[50]|01p6F00000AiTo4|saTasksCtrl.showMessagesUnreadList()
15:45:18.0 (30782676)|VARIABLE_SCOPE_BEGIN|[120]|this|saTasksCtrl|true|false
15:45:18.0 (30861293)|VARIABLE_ASSIGNMENT|[120]|this|{"isIPhone":false,"isTabMsgRead":false,"messageError":"正しいデーターを入れてください。","messageQuestion":"","myUser":"0x2b4370cf"}|0x1d0d4d60
15:45:18.0 (30903173)|HEAP_ALLOCATE|[122]|Bytes:5
15:45:18.0 (30914362)|STATEMENT_EXECUTE|[120]
15:45:18.0 (30917533)|STATEMENT_EXECUTE|[122]
15:45:18.0 (31009553)|VARIABLE_ASSIGNMENT|[EXTERNAL]|this|{"isIPhone":false,"isTabMsgRead":false,"messageError":"正しいデーターを入れてください。","messageQuestion":"","myUser":"0x2b4370cf"}|0x1d0d4d60
15:45:18.0 (31035527)|VARIABLE_ASSIGNMENT|[EXTERNAL]|value|false
15:45:18.0 (31048105)|HEAP_ALLOCATE|[34]|Bytes:5
15:45:18.0 (31069704)|VARIABLE_ASSIGNMENT|[34]|this.isTabMsgRead|false|0x1d0d4d60
15:45:18.0 (31089473)|STATEMENT_EXECUTE|[124]
15:45:18.0 (31096110)|HEAP_ALLOCATE|[124]|Bytes:464
15:45:18.0 (31129580)|HEAP_ALLOCATE|[124]|Bytes:4
15:45:18.0 (31465234)|VARIABLE_SCOPE_BEGIN|[7]|saConstantCmn.PUSH_NOTIFICATION_STATUS_NONE|String|false|true
15:45:18.0 (31493923)|VARIABLE_SCOPE_BEGIN|[9]|saConstantCmn.PUSH_NOTIFICATION_STATUS_RESENDING|String|false|true
15:45:18.0 (31510576)|VARIABLE_SCOPE_BEGIN|[8]|saConstantCmn.PUSH_NOTIFICATION_STATUS_SENDING|String|false|true
15:45:18.0 (31529608)|VARIABLE_SCOPE_BEGIN|[10]|saConstantCmn.PUSH_NOTIFICATION_STATUS_SENT|String|false|true
15:45:18.0 (31545764)|VARIABLE_SCOPE_BEGIN|[24]|saConstantCmn.SA_INQUIRY_TYPE_AU_HEARING|String|false|true
15:45:18.0 (31568601)|VARIABLE_SCOPE_BEGIN|[22]|saConstantCmn.SA_INQUIRY_TYPE_DAILYREPORT|String|false|true
15:45:18.0 (31585232)|VARIABLE_SCOPE_BEGIN|[23]|saConstantCmn.SA_INQUIRY_TYPE_HEARING|String|false|true
15:45:18.0 (31606685)|VARIABLE_SCOPE_BEGIN|[15]|saConstantCmn.SA_MESSAGEDETAIL_TYPE_DONE|String|false|true
15:45:18.0 (31622607)|VARIABLE_SCOPE_BEGIN|[14]|saConstantCmn.SA_MESSAGEDETAIL_TYPE_READ|String|false|true
15:45:18.0 (31641198)|VARIABLE_SCOPE_BEGIN|[13]|saConstantCmn.SA_MESSAGEDETAIL_TYPE_SHARED|String|false|true
15:45:18.0 (31659153)|VARIABLE_SCOPE_BEGIN|[18]|saConstantCmn.SA_MESSAGE_TYPE_MESSAGE|String|false|true
15:45:18.0 (31674147)|VARIABLE_SCOPE_BEGIN|[19]|saConstantCmn.SA_MESSAGE_TYPE_TASK|String|false|true
15:45:18.0 (31693492)|VARIABLE_SCOPE_BEGIN|[41]|saConstantCmn.SA_REPORT_DETAIL_TYPE_LIKE|String|false|true
15:45:18.0 (31708093)|VARIABLE_SCOPE_BEGIN|[42]|saConstantCmn.SA_REPORT_DETAIL_TYPE_VERY_LIKE|String|false|true
15:45:18.0 (31727908)|VARIABLE_SCOPE_BEGIN|[34]|saConstantCmn.SA_REPORT_REPLY_STATUS_REPLYSAVED|String|false|true
15:45:18.0 (31748715)|VARIABLE_SCOPE_BEGIN|[35]|saConstantCmn.SA_REPORT_REPLY_STATUS_REPLYSENT|String|false|true
15:45:18.0 (31767631)|VARIABLE_SCOPE_BEGIN|[33]|saConstantCmn.SA_REPORT_REPLY_STATUS_WAITINGREPLY|String|false|true
15:45:18.0 (31797376)|VARIABLE_SCOPE_BEGIN|[39]|saConstantCmn.SA_REPORT_SOURCE_NEW|String|false|true
15:45:18.0 (31814594)|VARIABLE_SCOPE_BEGIN|[38]|saConstantCmn.SA_REPORT_SOURCE_WEEKLY|String|false|true
15:45:18.0 (31836843)|VARIABLE_SCOPE_BEGIN|[27]|saConstantCmn.SA_REPORT_STATE_DRAFT|String|false|true
15:45:18.0 (31855198)|VARIABLE_SCOPE_BEGIN|[30]|saConstantCmn.SA_REPORT_STATE_PUBLISHED|String|false|true
15:45:18.0 (31876300)|VARIABLE_SCOPE_BEGIN|[29]|saConstantCmn.SA_REPORT_STATE_REJECTED|String|false|true
15:45:18.0 (31891901)|VARIABLE_SCOPE_BEGIN|[28]|saConstantCmn.SA_REPORT_STATE_WAITING_APPROVAL|String|false|true
15:45:18.0 (31913984)|VARIABLE_SCOPE_BEGIN|[45]|saConstantCmn.SOURCE|String|false|true
15:45:18.0 (31931154)|VARIABLE_SCOPE_BEGIN|[46]|saConstantCmn.SOURCE_PREVIEW|String|false|true
15:45:18.0 (31960574)|HEAP_ALLOCATE|[128]|Bytes:4
15:45:18.0 (32036624)|VARIABLE_ASSIGNMENT|[128]|saConstantCmn.PUSH_NOTIFICATION_STATUS_NONE|"NONE"
15:45:18.0 (32050411)|HEAP_ALLOCATE|[128]|Bytes:9
15:45:18.0 (32065962)|VARIABLE_ASSIGNMENT|[128]|saConstantCmn.PUSH_NOTIFICATION_STATUS_RESENDING|"RESENDING"
15:45:18.0 (32080196)|HEAP_ALLOCATE|[128]|Bytes:7
15:45:18.0 (32092867)|VARIABLE_ASSIGNMENT|[128]|saConstantCmn.PUSH_NOTIFICATION_STATUS_SENDING|"SENDING"
15:45:18.0 (32101692)|HEAP_ALLOCATE|[128]|Bytes:4
15:45:18.0 (32112858)|VARIABLE_ASSIGNMENT|[128]|saConstantCmn.PUSH_NOTIFICATION_STATUS_SENT|"SENT"
15:45:18.0 (32125075)|HEAP_ALLOCATE|[128]|Bytes:10
15:45:18.0 (32138111)|VARIABLE_ASSIGNMENT|[128]|saConstantCmn.SA_INQUIRY_TYPE_AU_HEARING|"AU_HEARING"
15:45:18.0 (32146612)|HEAP_ALLOCATE|[128]|Bytes:12
15:45:18.0 (32161046)|VARIABLE_ASSIGNMENT|[128]|saConstantCmn.SA_INQUIRY_TYPE_DAILYREPORT|"DAILY_REPORT"
15:45:18.0 (32174034)|HEAP_ALLOCATE|[128]|Bytes:6
15:45:18.0 (32187004)|VARIABLE_ASSIGNMENT|[128]|saConstantCmn.SA_INQUIRY_TYPE_HEARING|"SURVEY"
15:45:18.0 (32194984)|HEAP_ALLOCATE|[128]|Bytes:4
15:45:18.0 (32203547)|VARIABLE_ASSIGNMENT|[128]|saConstantCmn.SA_MESSAGEDETAIL_TYPE_DONE|"DONE"
15:45:18.0 (32211037)|HEAP_ALLOCATE|[128]|Bytes:4
15:45:18.0 (32218380)|VARIABLE_ASSIGNMENT|[128]|saConstantCmn.SA_MESSAGEDETAIL_TYPE_READ|"READ"
15:45:18.0 (32222685)|HEAP_ALLOCATE|[128]|Bytes:6
15:45:18.0 (32230717)|VARIABLE_ASSIGNMENT|[128]|saConstantCmn.SA_MESSAGEDETAIL_TYPE_SHARED|"SHARED"
15:45:18.0 (32235656)|HEAP_ALLOCATE|[128]|Bytes:7
15:45:18.0 (32245158)|VARIABLE_ASSIGNMENT|[128]|saConstantCmn.SA_MESSAGE_TYPE_MESSAGE|"MESSAGE"
15:45:18.0 (32249829)|HEAP_ALLOCATE|[128]|Bytes:4
15:45:18.0 (32256269)|VARIABLE_ASSIGNMENT|[128]|saConstantCmn.SA_MESSAGE_TYPE_TASK|"TASK"
15:45:18.0 (32261255)|HEAP_ALLOCATE|[128]|Bytes:4
15:45:18.0 (32270828)|VARIABLE_ASSIGNMENT|[128]|saConstantCmn.SA_REPORT_DETAIL_TYPE_LIKE|"LIKE"
15:45:18.0 (32275811)|HEAP_ALLOCATE|[128]|Bytes:9
15:45:18.0 (32283895)|VARIABLE_ASSIGNMENT|[128]|saConstantCmn.SA_REPORT_DETAIL_TYPE_VERY_LIKE|"VERY_LIKE"
15:45:18.0 (32288703)|HEAP_ALLOCATE|[128]|Bytes:11
15:45:18.0 (32299717)|VARIABLE_ASSIGNMENT|[128]|saConstantCmn.SA_REPORT_REPLY_STATUS_REPLYSAVED|"REPLY_SAVED"
15:45:18.0 (32304947)|HEAP_ALLOCATE|[128]|Bytes:10
15:45:18.0 (32312489)|VARIABLE_ASSIGNMENT|[128]|saConstantCmn.SA_REPORT_REPLY_STATUS_REPLYSENT|"REPLY_SENT"
15:45:18.0 (32319488)|HEAP_ALLOCATE|[128]|Bytes:13
15:45:18.0 (32327340)|VARIABLE_ASSIGNMENT|[128]|saConstantCmn.SA_REPORT_REPLY_STATUS_WAITINGREPLY|"WAITING_REPLY"
15:45:18.0 (32332788)|HEAP_ALLOCATE|[128]|Bytes:3
15:45:18.0 (32344305)|VARIABLE_ASSIGNMENT|[128]|saConstantCmn.SA_REPORT_SOURCE_NEW|"New"
15:45:18.0 (32351688)|HEAP_ALLOCATE|[128]|Bytes:6
15:45:18.0 (32359701)|VARIABLE_ASSIGNMENT|[128]|saConstantCmn.SA_REPORT_SOURCE_WEEKLY|"Weekly"
15:45:18.0 (32364443)|HEAP_ALLOCATE|[128]|Bytes:5
15:45:18.0 (32373763)|VARIABLE_ASSIGNMENT|[128]|saConstantCmn.SA_REPORT_STATE_DRAFT|"Draft"
15:45:18.0 (32383191)|HEAP_ALLOCATE|[128]|Bytes:7
15:45:18.0 (32391967)|VARIABLE_ASSIGNMENT|[128]|saConstantCmn.SA_REPORT_STATE_PUBLISHED|"Publish"
15:45:18.0 (32396994)|HEAP_ALLOCATE|[128]|Bytes:6
15:45:18.0 (32406963)|VARIABLE_ASSIGNMENT|[128]|saConstantCmn.SA_REPORT_STATE_REJECTED|"Remand"
15:45:18.0 (32412576)|HEAP_ALLOCATE|[128]|Bytes:7
15:45:18.0 (32421914)|VARIABLE_ASSIGNMENT|[128]|saConstantCmn.SA_REPORT_STATE_WAITING_APPROVAL|"Pending"
15:45:18.0 (32427921)|HEAP_ALLOCATE|[128]|Bytes:3
15:45:18.0 (32439108)|VARIABLE_ASSIGNMENT|[128]|saConstantCmn.SOURCE|"src"
15:45:18.0 (32444546)|HEAP_ALLOCATE|[128]|Bytes:7
15:45:18.0 (32453103)|VARIABLE_ASSIGNMENT|[128]|saConstantCmn.SOURCE_PREVIEW|"preview"
15:45:18.0 (32484292)|METHOD_ENTRY|[4]|01p6F000006sUQj|saConstantCmn.saConstantCmn()
15:45:18.0 (32495235)|STATEMENT_EXECUTE|[4]
15:45:18.0 (32500049)|STATEMENT_EXECUTE|[4]
15:45:18.0 (32512246)|HEAP_ALLOCATE|[128]|Bytes:5
15:45:18.0 (32528185)|METHOD_EXIT|[4]|saConstantCmn
15:45:18.0 (32549922)|HEAP_ALLOCATE|[124]|Bytes:7
15:45:18.0 (32559932)|HEAP_ALLOCATE|[124]|Bytes:7
15:45:18.0 (32577790)|METHOD_ENTRY|[129]||System.UserInfo.getUserId()
15:45:18.0 (32623875)|METHOD_EXIT|[129]||System.UserInfo.getUserId()
15:45:18.0 (32635626)|HEAP_ALLOCATE|[124]|Bytes:7
15:45:18.0 (32645052)|HEAP_ALLOCATE|[124]|Bytes:7
15:45:18.0 (32652281)|METHOD_ENTRY|[133]||System.UserInfo.getUserId()
15:45:18.0 (32669343)|METHOD_EXIT|[133]||System.UserInfo.getUserId()
15:45:18.0 (32680528)|HEAP_ALLOCATE|[124]|Bytes:7
15:45:18.0 (34251296)|SOQL_EXECUTE_BEGIN|[124]|Aggregations:0|SELECT Id, Title__c, PublishedDatetime__c, DeadlineDatetime__c, Type__c FROM saMessage__c WHERE (Id NOT IN (SELECT saMessage__c FROM saMessageDetail__c WHERE (Type__c IN (:tmpVar1, :tmpVar2) AND User__c = :tmpVar3)) AND Id IN (SELECT saMessage__c FROM saMessageDetail__c WHERE (Type__c = :tmpVar4 AND User__c = :tmpVar5)) AND IsPublished__c = TRUE AND Type__c = :tmpVar6) ORDER BY DeadlineDatetime__c DESC NULLS LAST, PublishedDatetime__c ASC NULLS FIRST LIMIT 200
15:45:18.0 (86200498)|SOQL_EXECUTE_END|[124]|Rows:1
15:45:18.0 (86240591)|HEAP_ALLOCATE|[124]|Bytes:8
15:45:18.0 (86263987)|HEAP_ALLOCATE|[124]|Bytes:115
15:45:18.0 (86353525)|HEAP_ALLOCATE|[124]|Bytes:8
15:45:18.0 (86381700)|VARIABLE_SCOPE_BEGIN|[124]|lsMessages|List<saMessage__c>|true|false
15:45:18.0 (86449796)|VARIABLE_ASSIGNMENT|[124]|lsMessages|[{"Id":"a0K6F00000gtrulUAA","Title__c":"test","PublishedDatetime__c":"2018-06-23T02:02:00.000Z","DeadlineDatetime__c":"2018-06-30T02:02:00.000Z","Type__c":"TASK"}]|0x548dce55
15:45:18.0 (86463731)|STATEMENT_EXECUTE|[138]
15:45:18.0 (86480035)|HEAP_ALLOCATE|[138]|Bytes:4
15:45:18.0 (86665537)|VARIABLE_ASSIGNMENT|[EXTERNAL]|this|{"isIPhone":false,"isTabMsgRead":false,"messageError":"正しいデーターを入れてください。","messageQuestion":"","myUser":"0x2b4370cf"}|0x1d0d4d60
15:45:18.0 (86692006)|HEAP_ALLOCATE|[EXTERNAL]|Bytes:4
15:45:18.0 (86707196)|VARIABLE_ASSIGNMENT|[EXTERNAL]|value|[]|0x4aac15c1
15:45:18.0 (86728246)|VARIABLE_ASSIGNMENT|[7]|this.lsMsg|[]|0x1d0d4d60
15:45:18.0 (86989187)|HEAP_ALLOCATE|[139]|Bytes:5
15:45:18.0 (87026431)|HEAP_ALLOCATE|[139]|Bytes:24
15:45:18.0 (87045293)|VARIABLE_SCOPE_BEGIN|[139]|msg|saMessage__c|true|false
15:45:18.0 (87097408)|VARIABLE_ASSIGNMENT|[139]|msg|{"Id":"a0K6F00000gtrulUAA","Title__c":"test","PublishedDatetime__c":"2018-06-23T02:02:00.000Z","DeadlineDatetime__c":"2018-06-30T02:02:00.000Z","Type__c":"TASK"}|0x331d86c7
15:45:18.0 (87107823)|STATEMENT_EXECUTE|[139]
15:45:18.0 (87114344)|STATEMENT_EXECUTE|[140]
15:45:18.0 (87187090)|VARIABLE_ASSIGNMENT|[EXTERNAL]|this|{"isIPhone":false,"isTabMsgRead":false,"lsMsg":"0x4aac15c1","messageError":"正しいデーターを入れてください。","messageQuestion":"","myUser":"0x2b4370cf"}|0x1d0d4d60
15:45:18.0 (87216087)|HEAP_ALLOCATE|[140]|Bytes:208
15:45:18.0 (87229007)|HEAP_ALLOCATE|[140]|Bytes:43
15:45:18.0 (87290508)|HEAP_ALLOCATE|[140]|Bytes:28
15:45:18.0 (87331880)|CONSTRUCTOR_ENTRY|[140]|01p6F00000AiTo4|<init>(saMessage__c,Boolean)|saTasksCtrl.clsMessage
15:45:18.0 (87362062)|VARIABLE_SCOPE_BEGIN|[238]|this|saTasksCtrl.clsMessage|true|false
15:45:18.0 (87430397)|VARIABLE_ASSIGNMENT|[238]|this|{}|0xf634999
15:45:18.0 (87445932)|VARIABLE_SCOPE_BEGIN|[238]|msgMsg|saMessage__c|true|false
15:45:18.0 (87498715)|VARIABLE_ASSIGNMENT|[238]|msgMsg|{"Id":"a0K6F00000gtrulUAA","Title__c":"test","PublishedDatetime__c":"2018-06-23T02:02:00.000Z","DeadlineDatetime__c":"2018-06-30T02:02:00.000Z","Type__c":"TASK"}|0x331d86c7
15:45:18.0 (87519038)|VARIABLE_SCOPE_BEGIN|[238]|isMsgRead|Boolean|false|false
15:45:18.0 (87540614)|VARIABLE_ASSIGNMENT|[238]|isMsgRead|false
15:45:18.0 (87553144)|STATEMENT_EXECUTE|[188]
15:45:18.0 (87556516)|STATEMENT_EXECUTE|[190]
15:45:18.0 (87559361)|STATEMENT_EXECUTE|[191]
15:45:18.0 (87561709)|STATEMENT_EXECUTE|[192]
15:45:18.0 (87564355)|STATEMENT_EXECUTE|[193]
15:45:18.0 (87566751)|STATEMENT_EXECUTE|[194]
15:45:18.0 (87569141)|STATEMENT_EXECUTE|[195]
15:45:18.0 (87599086)|STATEMENT_EXECUTE|[238]
15:45:18.0 (87602315)|STATEMENT_EXECUTE|[240]
15:45:18.0 (87766335)|VARIABLE_ASSIGNMENT|[EXTERNAL]|this|{}|0xf634999
15:45:18.0 (87819308)|VARIABLE_ASSIGNMENT|[EXTERNAL]|value|{"Id":"a0K6F00000gtrulUAA","Title__c":"test","PublishedDatetime__c":"2018-06-23T02:02:00.000Z","DeadlineDatetime__c":"2018-06-30T02:02:00.000Z","Type__c":"TASK"}|0x331d86c7
15:45:18.0 (87863874)|VARIABLE_ASSIGNMENT|[190]|this.msg|{"Id":"a0K6F00000gtrulUAA","Title__c":"test","PublishedDatetime__c":"2018-06-23T02:02:00.000Z","DeadlineDatetime__c":"2018-06-30T02:02:00.000Z","Type__c":"TASK"}|0xf634999
15:45:18.0 (87950955)|VARIABLE_ASSIGNMENT|[EXTERNAL]|this|{"msg":"0x331d86c7"}|0xf634999
15:45:18.0 (87976543)|STATEMENT_EXECUTE|[241]
15:45:18.0 (87983374)|STATEMENT_EXECUTE|[245]
15:45:18.0 (88033920)|VARIABLE_ASSIGNMENT|[EXTERNAL]|this|{"msg":"0x331d86c7"}|0xf634999
15:45:18.0 (88099391)|STATEMENT_EXECUTE|[247]
15:45:18.0 (88103163)|STATEMENT_EXECUTE|[249]
15:45:18.0 (88152828)|VARIABLE_ASSIGNMENT|[EXTERNAL]|this|{"msg":"0x331d86c7"}|0xf634999
15:45:18.0 (88228650)|HEAP_ALLOCATE|[249]|Bytes:4
15:45:18.0 (88260144)|VARIABLE_SCOPE_BEGIN|[249]|dDateMsg|Date|false|false
15:45:18.0 (88299467)|VARIABLE_ASSIGNMENT|[249]|dDateMsg|"2018-06-30T00:00:00.000Z"
15:45:18.0 (88309776)|STATEMENT_EXECUTE|[251]
15:45:18.0 (88366851)|HEAP_ALLOCATE|[251]|Bytes:4
15:45:18.0 (88404153)|VARIABLE_SCOPE_BEGIN|[251]|iNbDays|Integer|false|false
15:45:18.0 (88425524)|HEAP_ALLOCATE|[251]|Bytes:4
15:45:18.0 (88437768)|VARIABLE_ASSIGNMENT|[251]|iNbDays|-37
15:45:18.0 (88454625)|STATEMENT_EXECUTE|[258]
15:45:18.0 (88457348)|STATEMENT_EXECUTE|[259]
15:45:18.0 (88517503)|HEAP_ALLOCATE|[259]|Bytes:2
15:45:18.0 (88541864)|HEAP_ALLOCATE|[259]|Bytes:2
15:45:18.0 (88558121)|HEAP_ALLOCATE|[259]|Bytes:4
15:45:18.0 (88606938)|VARIABLE_ASSIGNMENT|[EXTERNAL]|this|{"msg":"0x331d86c7"}|0xf634999
15:45:18.0 (88626591)|VARIABLE_ASSIGNMENT|[EXTERNAL]|value|"37日前"
15:45:18.0 (88642876)|VARIABLE_ASSIGNMENT|[192]|this.dateLabel|"37日前"|0xf634999
15:45:18.0 (88661980)|STATEMENT_EXECUTE|[264]
15:45:18.0 (88664966)|STATEMENT_EXECUTE|[265]
15:45:18.0 (88669943)|HEAP_ALLOCATE|[265]|Bytes:3
15:45:18.0 (88743082)|VARIABLE_ASSIGNMENT|[EXTERNAL]|this|{"dateLabel":"37日前","msg":"0x331d86c7"}|0xf634999
15:45:18.0 (88760282)|VARIABLE_ASSIGNMENT|[EXTERNAL]|value|"red"
15:45:18.0 (88774163)|VARIABLE_ASSIGNMENT|[191]|this.clsNm|"red"|0xf634999
15:45:18.0 (88793762)|STATEMENT_EXECUTE|[277]
15:45:18.0 (88820370)|HEAP_ALLOCATE|[277]|Bytes:4
15:45:18.0 (89016990)|VARIABLE_ASSIGNMENT|[EXTERNAL]|this|{"clsNm":"red","dateLabel":"37日前","msg":"0x331d86c7"}|0xf634999
15:45:18.0 (89044310)|VARIABLE_ASSIGNMENT|[EXTERNAL]|value|{}|0x140eccc
15:45:18.0 (89066513)|VARIABLE_ASSIGNMENT|[193]|this.msgDetail|{}|0xf634999
15:45:18.0 (89082691)|STATEMENT_EXECUTE|[278]
15:45:18.0 (89127097)|VARIABLE_ASSIGNMENT|[EXTERNAL]|this|{"clsNm":"red","dateLabel":"37日前","msg":"0x331d86c7","msgDetail":"0x140eccc"}|0xf634999
15:45:18.0 (89212768)|VARIABLE_ASSIGNMENT|[EXTERNAL]|this|{"clsNm":"red","dateLabel":"37日前","msg":"0x331d86c7","msgDetail":"0x140eccc"}|0xf634999
15:45:18.0 (89320657)|VARIABLE_ASSIGNMENT|[EXTERNAL]|this|{"clsNm":"red","dateLabel":"37日前","msg":"0x331d86c7","msgDetail":"0x140eccc"}|0xf634999
15:45:18.0 (89413570)|VARIABLE_ASSIGNMENT|[EXTERNAL]|this|{"clsNm":"red","dateLabel":"37日前","msg":"0x331d86c7","msgDetail":"0x140eccc"}|0xf634999
15:45:18.0 (89537560)|VARIABLE_ASSIGNMENT|[278]|this.Type__c|"DONE"|0x140eccc
15:45:18.0 (89550683)|STATEMENT_EXECUTE|[279]
15:45:18.0 (89604663)|VARIABLE_ASSIGNMENT|[EXTERNAL]|this|{"clsNm":"red","dateLabel":"37日前","msg":"0x331d86c7","msgDetail":"0x140eccc"}|0xf634999
15:45:18.0 (89668371)|VARIABLE_ASSIGNMENT|[EXTERNAL]|this|{"clsNm":"red","dateLabel":"37日前","msg":"0x331d86c7","msgDetail":"0x140eccc"}|0xf634999
15:45:18.0 (89740476)|VARIABLE_ASSIGNMENT|[279]|this.saMessage__c|"a0K6F00000gtrulUAA"|0x140eccc
15:45:18.0 (89749288)|STATEMENT_EXECUTE|[280]
15:45:18.0 (89760101)|METHOD_ENTRY|[280]||System.UserInfo.getUserId()
15:45:18.0 (89795025)|METHOD_EXIT|[280]||System.UserInfo.getUserId()
15:45:18.0 (89818411)|HEAP_ALLOCATE|[280]|Bytes:4
15:45:18.0 (89850610)|VARIABLE_ASSIGNMENT|[EXTERNAL]|this|{"clsNm":"red","dateLabel":"37日前","msg":"0x331d86c7","msgDetail":"0x140eccc"}|0xf634999
15:45:18.0 (89909544)|VARIABLE_ASSIGNMENT|[280]|this.User__c|"0056F000006PtYlQAK"|0x140eccc
15:45:18.0 (89928698)|CONSTRUCTOR_EXIT|[140]|01p6F00000AiTo4|<init>(saMessage__c,Boolean)|saTasksCtrl.clsMessage
15:45:18.0 (89951443)|HEAP_ALLOCATE|[EXTERNAL]|Bytes:4
15:45:18.0 (89973934)|HEAP_ALLOCATE|[139]|Bytes:5
15:45:18.0 (89992590)|VARIABLE_ASSIGNMENT|[139]|msg|null|
15:45:18.0 (90008710)|METHOD_EXIT|[50]|01p6F00000AiTo4|saTasksCtrl.showMessagesUnreadList()
15:45:18.0 (90015231)|STATEMENT_EXECUTE|[51]
15:45:18.0 (90022101)|HEAP_ALLOCATE|[51]|Bytes:28
15:45:18.0 (90032413)|CONSTRUCTOR_ENTRY|[51]|01p6F00000AiTo4|<init>()|saTasksCtrl.clsMessage
15:45:18.0 (90060548)|VARIABLE_SCOPE_BEGIN|[197]|this|saTasksCtrl.clsMessage|true|false
15:45:18.0 (90084374)|VARIABLE_ASSIGNMENT|[197]|this|{}|0x3fca3579
15:45:18.0 (90091747)|STATEMENT_EXECUTE|[188]
15:45:18.0 (90095961)|STATEMENT_EXECUTE|[190]
15:45:18.0 (90097956)|STATEMENT_EXECUTE|[191]
15:45:18.0 (90099768)|STATEMENT_EXECUTE|[192]
15:45:18.0 (90101353)|STATEMENT_EXECUTE|[193]
15:45:18.0 (90103020)|STATEMENT_EXECUTE|[194]
15:45:18.0 (90105038)|STATEMENT_EXECUTE|[195]
15:45:18.0 (90120143)|STATEMENT_EXECUTE|[197]
15:45:18.0 (90122258)|STATEMENT_EXECUTE|[198]
15:45:18.0 (90143042)|HEAP_ALLOCATE|[198]|Bytes:4
15:45:18.0 (90242001)|VARIABLE_ASSIGNMENT|[EXTERNAL]|this|{}|0x3fca3579
15:45:18.0 (90263336)|VARIABLE_ASSIGNMENT|[EXTERNAL]|value|{}|0x1efe0190
15:45:18.0 (90276582)|VARIABLE_ASSIGNMENT|[190]|this.msg|{}|0x3fca3579
15:45:18.0 (90291492)|STATEMENT_EXECUTE|[199]
15:45:18.0 (90325828)|VARIABLE_ASSIGNMENT|[EXTERNAL]|this|{"msg":"0x1efe0190"}|0x3fca3579
15:45:18.0 (90336440)|VARIABLE_ASSIGNMENT|[EXTERNAL]|value|""
15:45:18.0 (90347975)|VARIABLE_ASSIGNMENT|[191]|this.clsNm|""|0x3fca3579
15:45:18.0 (90357213)|STATEMENT_EXECUTE|[200]
15:45:18.0 (90394651)|VARIABLE_ASSIGNMENT|[EXTERNAL]|this|{"clsNm":"","msg":"0x1efe0190"}|0x3fca3579
15:45:18.0 (90408109)|VARIABLE_ASSIGNMENT|[EXTERNAL]|value|""
15:45:18.0 (90417495)|VARIABLE_ASSIGNMENT|[192]|this.dateLabel|""|0x3fca3579
15:45:18.0 (90428990)|CONSTRUCTOR_EXIT|[51]|01p6F00000AiTo4|<init>()|saTasksCtrl.clsMessage
15:45:18.0 (90494092)|VARIABLE_ASSIGNMENT|[EXTERNAL]|this|{"isIPhone":false,"isTabMsgRead":false,"lsMsg":"0x4aac15c1","messageError":"正しいデーターを入れてください。","messageQuestion":"","myUser":"0x2b4370cf"}|0x1d0d4d60
15:45:18.0 (90519318)|VARIABLE_ASSIGNMENT|[EXTERNAL]|value|{"clsNm":"","dateLabel":"","msg":"0x1efe0190"}|0x3fca3579
15:45:18.0 (90531087)|VARIABLE_ASSIGNMENT|[8]|this.currentMessage|0x3fca3579|0x1d0d4d60
15:45:18.0 (90544495)|SYSTEM_MODE_EXIT|false
15:45:18.0 (103992066)|HEAP_ALLOCATE|[EXTERNAL]|Bytes:72
15:45:18.0 (104023973)|VARIABLE_SCOPE_BEGIN|[92]|this|saTasksCtrl|true|false
15:45:18.0 (104149775)|VARIABLE_ASSIGNMENT|[92]|this|{"currentMessage":"0x3fca3579","isIPhone":false,"isTabMsgRead":false,"lsMsg":"0x4aac15c1","messageError":"正しいデーターを入れてください。","messageQuestion":"","myUser":"0x2b4370cf"}|0x1d0d4d60
15:45:18.0 (104183352)|SYSTEM_MODE_ENTER|false
15:45:18.0 (104198594)|HEAP_ALLOCATE|[93]|Bytes:5
15:45:18.0 (104215866)|STATEMENT_EXECUTE|[92]
15:45:18.0 (104219666)|STATEMENT_EXECUTE|[93]
15:45:18.0 (109333398)|HEAP_ALLOCATE|[93]|Bytes:33
15:45:18.0 (109356536)|HEAP_ALLOCATE|[93]|Bytes:3
15:45:18.0 (109393684)|METHOD_ENTRY|[1]|01p6F00000AiTo2|auUtilPushNotifications.auUtilPushNotifications()
15:45:18.0 (109403226)|STATEMENT_EXECUTE|[1]
15:45:18.0 (109409380)|STATEMENT_EXECUTE|[1]
15:45:18.0 (109417702)|SYSTEM_MODE_ENTER|true
15:45:18.0 (109427434)|HEAP_ALLOCATE|[93]|Bytes:5
15:45:18.0 (109435376)|SYSTEM_MODE_EXIT|true
15:45:18.0 (109447884)|METHOD_EXIT|[1]|auUtilPushNotifications
15:45:18.0 (109482322)|METHOD_ENTRY|[93]|01p6F00000AiTo2|auUtilPushNotifications.resetPushtNotificationToDo()
15:45:18.0 (109536634)|SYSTEM_MODE_ENTER|true
15:45:18.0 (109544270)|HEAP_ALLOCATE|[344]|Bytes:5
15:45:18.0 (109550930)|STATEMENT_EXECUTE|[342]
15:45:18.0 (109553049)|STATEMENT_EXECUTE|[344]
15:45:18.0 (109557665)|HEAP_ALLOCATE|[344]|Bytes:107
15:45:18.0 (109583304)|HEAP_ALLOCATE|[344]|Bytes:4
15:45:18.0 (109603958)|METHOD_ENTRY|[346]||System.UserInfo.getUserId()
15:45:18.0 (109674572)|METHOD_EXIT|[346]||System.UserInfo.getUserId()
15:45:18.0 (109985977)|SOQL_EXECUTE_BEGIN|[344]|Aggregations:0|SELECT Id, Name, PushNotificationCountTotal__c, PushNotificationCountTasks__c FROM USER WHERE Id = :tmpVar1
15:45:18.0 (116557228)|SOQL_EXECUTE_END|[344]|Rows:1
15:45:18.0 (116619443)|HEAP_ALLOCATE|[344]|Bytes:8
15:45:18.0 (116657217)|HEAP_ALLOCATE|[344]|Bytes:121
15:45:18.0 (116718425)|HEAP_ALLOCATE|[344]|Bytes:8
15:45:18.0 (116767020)|HEAP_ALLOCATE|[344]|Bytes:16
15:45:18.0 (116801260)|VARIABLE_SCOPE_BEGIN|[344]|myUser|User|true|false
15:45:18.0 (116865997)|VARIABLE_ASSIGNMENT|[344]|myUser|{"Id":"0056F000006PtYlQAK","Name":"auPortal システム開発","PushNotificationCountTotal__c":1}|0x1fa85f8c
15:45:18.0 (116892642)|STATEMENT_EXECUTE|[348]
15:45:18.0 (116896829)|STATEMENT_EXECUTE|[349]
15:45:18.0 (116906765)|SYSTEM_MODE_EXIT|true
15:45:18.0 (117360793)|METHOD_EXIT|[93]|01p6F00000AiTo2|auUtilPushNotifications.resetPushtNotificationToDo()
15:45:18.0 (117374787)|STATEMENT_EXECUTE|[94]
15:45:18.0 (117381387)|SYSTEM_MODE_EXIT|false
15:45:18.0 (117884292)|SYSTEM_MODE_ENTER|true
15:45:18.0 (118209510)|SYSTEM_MODE_ENTER|true
15:45:18.0 (118255901)|VARIABLE_SCOPE_BEGIN|[25]|auMainTopCompCtrl.TYPE_SCREEN_ACCOUNT_LIST|Integer|false|true
15:45:18.0 (118270867)|VARIABLE_SCOPE_BEGIN|[26]|auMainTopCompCtrl.TYPE_SCREEN_ACTIVITY_LIST|Integer|false|true
15:45:18.0 (118278700)|VARIABLE_SCOPE_BEGIN|[7]|auMainTopCompCtrl.TYPE_SCREEN_CX_SCREEN|Integer|false|true
15:45:18.0 (118286561)|VARIABLE_SCOPE_BEGIN|[8]|auMainTopCompCtrl.TYPE_SCREEN_CX_TIMELINE|Integer|false|true
15:45:18.0 (118295591)|VARIABLE_SCOPE_BEGIN|[9]|auMainTopCompCtrl.TYPE_SCREEN_EVENT_SCHEDULE|Integer|false|true
15:45:18.0 (118303404)|VARIABLE_SCOPE_BEGIN|[10]|auMainTopCompCtrl.TYPE_SCREEN_EVENT_SCHEDULE_LIST|Integer|false|true
15:45:18.0 (118314692)|VARIABLE_SCOPE_BEGIN|[27]|auMainTopCompCtrl.TYPE_SCREEN_FILE_LIST|Integer|false|true
15:45:18.0 (118322999)|VARIABLE_SCOPE_BEGIN|[24]|auMainTopCompCtrl.TYPE_SCREEN_HONBU_DIRECT|Integer|false|true
15:45:18.0 (118333208)|VARIABLE_SCOPE_BEGIN|[11]|auMainTopCompCtrl.TYPE_SCREEN_KNOWLEDGE_DASHBOARD|Integer|false|true
15:45:18.0 (118340888)|VARIABLE_SCOPE_BEGIN|[12]|auMainTopCompCtrl.TYPE_SCREEN_KNOWLEDGE_LIST|Integer|false|true
15:45:18.0 (118350821)|VARIABLE_SCOPE_BEGIN|[15]|auMainTopCompCtrl.TYPE_SCREEN_SA_CHATTER|Integer|false|true
15:45:18.0 (118358791)|VARIABLE_SCOPE_BEGIN|[16]|auMainTopCompCtrl.TYPE_SCREEN_SA_DAILYREPORT|Integer|false|true
15:45:18.0 (118369385)|VARIABLE_SCOPE_BEGIN|[22]|auMainTopCompCtrl.TYPE_SCREEN_SA_DAILYREPORTLIST|Integer|false|true
15:45:18.0 (118379152)|VARIABLE_SCOPE_BEGIN|[18]|auMainTopCompCtrl.TYPE_SCREEN_SA_DOCUMENTS|Integer|false|true
15:45:18.0 (118388583)|VARIABLE_SCOPE_BEGIN|[17]|auMainTopCompCtrl.TYPE_SCREEN_SA_ENQUETE|Integer|false|true
15:45:18.0 (118396721)|VARIABLE_SCOPE_BEGIN|[20]|auMainTopCompCtrl.TYPE_SCREEN_SA_LINKS|Integer|false|true
15:45:18.0 (118407520)|VARIABLE_SCOPE_BEGIN|[13]|auMainTopCompCtrl.TYPE_SCREEN_SA_MESSAGES|Integer|false|true
15:45:18.0 (118415950)|VARIABLE_SCOPE_BEGIN|[19]|auMainTopCompCtrl.TYPE_SCREEN_SA_RANKING|Integer|false|true
15:45:18.0 (118426727)|VARIABLE_SCOPE_BEGIN|[14]|auMainTopCompCtrl.TYPE_SCREEN_SA_REPORTS|Integer|false|true
15:45:18.0 (118439485)|VARIABLE_SCOPE_BEGIN|[23]|auMainTopCompCtrl.TYPE_SCREEN_SA_TODO|Integer|false|true
15:45:18.0 (118449452)|VARIABLE_SCOPE_BEGIN|[21]|auMainTopCompCtrl.TYPE_SCREEN_SA_USRSETTINGS|Integer|false|true
15:45:18.0 (118459699)|VARIABLE_SCOPE_BEGIN|[4]|auMainTopCompCtrl.TYPE_SCREEN_STPD_EVENT|Integer|false|true
15:45:18.0 (118468648)|VARIABLE_SCOPE_BEGIN|[6]|auMainTopCompCtrl.TYPE_SCREEN_STPD_SCREEN|Integer|false|true
15:45:18.0 (118479650)|VARIABLE_SCOPE_BEGIN|[5]|auMainTopCompCtrl.TYPE_SCREEN_STPD_TIMELINE|Integer|false|true
15:45:18.0 (118488720)|VARIABLE_SCOPE_BEGIN|[3]|auMainTopCompCtrl.TYPE_SCREEN_SWITCH|Integer|false|true
15:45:18.0 (118531800)|HEAP_ALLOCATE|[EXTERNAL]|Bytes:284
15:45:18.0 (118544839)|HEAP_ALLOCATE|[EXTERNAL]|Bytes:160
15:45:18.0 (118562494)|METHOD_ENTRY|[1]|01p6F0000084OtI|auMainTopCompCtrl.auMainTopCompCtrl()
15:45:18.0 (118571379)|STATEMENT_EXECUTE|[1]
15:45:18.0 (118576403)|STATEMENT_EXECUTE|[1]
15:45:18.0 (118578443)|STATEMENT_EXECUTE|[3]
15:45:18.0 (118584562)|HEAP_ALLOCATE|[3]|Bytes:4
15:45:18.0 (118603576)|VARIABLE_ASSIGNMENT|[3]|auMainTopCompCtrl.TYPE_SCREEN_SWITCH|0
15:45:18.0 (118608975)|STATEMENT_EXECUTE|[4]
15:45:18.0 (118612552)|HEAP_ALLOCATE|[4]|Bytes:4
15:45:18.0 (118624518)|VARIABLE_ASSIGNMENT|[4]|auMainTopCompCtrl.TYPE_SCREEN_STPD_EVENT|11
15:45:18.0 (118629783)|STATEMENT_EXECUTE|[5]
15:45:18.0 (118632088)|HEAP_ALLOCATE|[5]|Bytes:4
15:45:18.0 (118640065)|VARIABLE_ASSIGNMENT|[5]|auMainTopCompCtrl.TYPE_SCREEN_STPD_TIMELINE|12
15:45:18.0 (118644621)|STATEMENT_EXECUTE|[6]
15:45:18.0 (118646860)|HEAP_ALLOCATE|[6]|Bytes:4
15:45:18.0 (118657663)|VARIABLE_ASSIGNMENT|[6]|auMainTopCompCtrl.TYPE_SCREEN_STPD_SCREEN|13
15:45:18.0 (118662378)|STATEMENT_EXECUTE|[7]
15:45:18.0 (118664656)|HEAP_ALLOCATE|[7]|Bytes:4
15:45:18.0 (118670769)|VARIABLE_ASSIGNMENT|[7]|auMainTopCompCtrl.TYPE_SCREEN_CX_SCREEN|21
15:45:18.0 (118675600)|STATEMENT_EXECUTE|[8]
15:45:18.0 (118680298)|HEAP_ALLOCATE|[8]|Bytes:4
15:45:18.0 (118686838)|VARIABLE_ASSIGNMENT|[8]|auMainTopCompCtrl.TYPE_SCREEN_CX_TIMELINE|22
15:45:18.0 (118690672)|STATEMENT_EXECUTE|[9]
15:45:18.0 (118693273)|HEAP_ALLOCATE|[9]|Bytes:4
15:45:18.0 (118699696)|VARIABLE_ASSIGNMENT|[9]|auMainTopCompCtrl.TYPE_SCREEN_EVENT_SCHEDULE|31
15:45:18.0 (118704224)|STATEMENT_EXECUTE|[10]
15:45:18.0 (118708172)|HEAP_ALLOCATE|[10]|Bytes:4
15:45:18.0 (118714780)|VARIABLE_ASSIGNMENT|[10]|auMainTopCompCtrl.TYPE_SCREEN_EVENT_SCHEDULE_LIST|32
15:45:18.0 (118718962)|STATEMENT_EXECUTE|[11]
15:45:18.0 (118721481)|HEAP_ALLOCATE|[11]|Bytes:4
15:45:18.0 (118728731)|VARIABLE_ASSIGNMENT|[11]|auMainTopCompCtrl.TYPE_SCREEN_KNOWLEDGE_DASHBOARD|41
15:45:18.0 (118733139)|STATEMENT_EXECUTE|[12]
15:45:18.0 (118737680)|HEAP_ALLOCATE|[12]|Bytes:4
15:45:18.0 (118745775)|VARIABLE_ASSIGNMENT|[12]|auMainTopCompCtrl.TYPE_SCREEN_KNOWLEDGE_LIST|42
15:45:18.0 (118749760)|STATEMENT_EXECUTE|[13]
15:45:18.0 (118752194)|HEAP_ALLOCATE|[13]|Bytes:4
15:45:18.0 (118759528)|VARIABLE_ASSIGNMENT|[13]|auMainTopCompCtrl.TYPE_SCREEN_SA_MESSAGES|51
15:45:18.0 (118764835)|STATEMENT_EXECUTE|[14]
15:45:18.0 (118767174)|HEAP_ALLOCATE|[14]|Bytes:4
15:45:18.0 (118775324)|VARIABLE_ASSIGNMENT|[14]|auMainTopCompCtrl.TYPE_SCREEN_SA_REPORTS|52
15:45:18.0 (118781671)|STATEMENT_EXECUTE|[15]
15:45:18.0 (118784144)|HEAP_ALLOCATE|[15]|Bytes:4
15:45:18.0 (118791103)|VARIABLE_ASSIGNMENT|[15]|auMainTopCompCtrl.TYPE_SCREEN_SA_CHATTER|53
15:45:18.0 (118797438)|STATEMENT_EXECUTE|[16]
15:45:18.0 (118799638)|HEAP_ALLOCATE|[16]|Bytes:4
15:45:18.0 (118806947)|VARIABLE_ASSIGNMENT|[16]|auMainTopCompCtrl.TYPE_SCREEN_SA_DAILYREPORT|54
15:45:18.0 (118811631)|STATEMENT_EXECUTE|[17]
15:45:18.0 (118813937)|HEAP_ALLOCATE|[17]|Bytes:4
15:45:18.0 (118821139)|VARIABLE_ASSIGNMENT|[17]|auMainTopCompCtrl.TYPE_SCREEN_SA_ENQUETE|55
15:45:18.0 (118826951)|STATEMENT_EXECUTE|[18]
15:45:18.0 (118829502)|HEAP_ALLOCATE|[18]|Bytes:4
15:45:18.0 (118841686)|VARIABLE_ASSIGNMENT|[18]|auMainTopCompCtrl.TYPE_SCREEN_SA_DOCUMENTS|56
15:45:18.0 (118846363)|STATEMENT_EXECUTE|[19]
15:45:18.0 (118848700)|HEAP_ALLOCATE|[19]|Bytes:4
15:45:18.0 (118858959)|VARIABLE_ASSIGNMENT|[19]|auMainTopCompCtrl.TYPE_SCREEN_SA_RANKING|57
15:45:18.0 (118863709)|STATEMENT_EXECUTE|[20]
15:45:18.0 (118866069)|HEAP_ALLOCATE|[20]|Bytes:4
15:45:18.0 (118872833)|VARIABLE_ASSIGNMENT|[20]|auMainTopCompCtrl.TYPE_SCREEN_SA_LINKS|58
15:45:18.0 (118877406)|STATEMENT_EXECUTE|[21]
15:45:18.0 (118879782)|HEAP_ALLOCATE|[21]|Bytes:4
15:45:18.0 (118888759)|VARIABLE_ASSIGNMENT|[21]|auMainTopCompCtrl.TYPE_SCREEN_SA_USRSETTINGS|59
15:45:18.0 (118893701)|STATEMENT_EXECUTE|[22]
15:45:18.0 (118896113)|HEAP_ALLOCATE|[22]|Bytes:4
15:45:18.0 (118903511)|VARIABLE_ASSIGNMENT|[22]|auMainTopCompCtrl.TYPE_SCREEN_SA_DAILYREPORTLIST|60
15:45:18.0 (118908160)|STATEMENT_EXECUTE|[23]
15:45:18.0 (118910438)|HEAP_ALLOCATE|[23]|Bytes:4
15:45:18.0 (118919688)|VARIABLE_ASSIGNMENT|[23]|auMainTopCompCtrl.TYPE_SCREEN_SA_TODO|61
15:45:18.0 (118923968)|STATEMENT_EXECUTE|[24]
15:45:18.0 (118926504)|HEAP_ALLOCATE|[24]|Bytes:4
15:45:18.0 (118933536)|VARIABLE_ASSIGNMENT|[24]|auMainTopCompCtrl.TYPE_SCREEN_HONBU_DIRECT|71
15:45:18.0 (118939435)|STATEMENT_EXECUTE|[25]
15:45:18.0 (118941835)|HEAP_ALLOCATE|[25]|Bytes:4
15:45:18.0 (118948647)|VARIABLE_ASSIGNMENT|[25]|auMainTopCompCtrl.TYPE_SCREEN_ACCOUNT_LIST|81
15:45:18.0 (118952592)|STATEMENT_EXECUTE|[26]
15:45:18.0 (118954812)|HEAP_ALLOCATE|[26]|Bytes:4
15:45:18.0 (118961483)|VARIABLE_ASSIGNMENT|[26]|auMainTopCompCtrl.TYPE_SCREEN_ACTIVITY_LIST|82
15:45:18.0 (118966082)|STATEMENT_EXECUTE|[27]
15:45:18.0 (118970609)|HEAP_ALLOCATE|[27]|Bytes:4
15:45:18.0 (118977914)|VARIABLE_ASSIGNMENT|[27]|auMainTopCompCtrl.TYPE_SCREEN_FILE_LIST|83
15:45:18.0 (118988199)|METHOD_EXIT|[1]|auMainTopCompCtrl
15:45:18.0 (118997257)|HEAP_ALLOCATE|[EXTERNAL]|Bytes:44
15:45:18.0 (119004214)|VARIABLE_SCOPE_BEGIN|[48]|this|auMainTopCompCtrl|true|false
15:45:18.0 (119081705)|VARIABLE_ASSIGNMENT|[48]|this|{}|0x67a03538
15:45:18.0 (119093363)|STATEMENT_EXECUTE|[1]
15:45:18.0 (119099358)|STATEMENT_EXECUTE|[29]
15:45:18.0 (119101293)|STATEMENT_EXECUTE|[30]
15:45:18.0 (119103082)|STATEMENT_EXECUTE|[31]
15:45:18.0 (119105006)|STATEMENT_EXECUTE|[34]
15:45:18.0 (119106725)|STATEMENT_EXECUTE|[35]
15:45:18.0 (119108296)|STATEMENT_EXECUTE|[36]
15:45:18.0 (119109978)|STATEMENT_EXECUTE|[38]
15:45:18.0 (119111557)|STATEMENT_EXECUTE|[39]
15:45:18.0 (119113435)|STATEMENT_EXECUTE|[41]
15:45:18.0 (119115021)|STATEMENT_EXECUTE|[46]
15:45:18.0 (119123931)|HEAP_ALLOCATE|[46]|Bytes:5
15:45:18.0 (119137248)|VARIABLE_ASSIGNMENT|[46]|this.isSAUser|false|0x67a03538
15:45:18.0 (119165527)|STATEMENT_EXECUTE|[48]
15:45:18.0 (119167630)|STATEMENT_EXECUTE|[49]
15:45:18.0 (119241461)|VARIABLE_ASSIGNMENT|[EXTERNAL]|this|{"isSAUser":false}|0x67a03538
15:45:18.0 (119254209)|VARIABLE_ASSIGNMENT|[EXTERNAL]|value|0
15:45:18.0 (119263807)|HEAP_ALLOCATE|[34]|Bytes:4
15:45:18.0 (119271349)|VARIABLE_ASSIGNMENT|[34]|this.iTypeOfScreen|0|0x67a03538
15:45:18.0 (119282803)|STATEMENT_EXECUTE|[51]
15:45:18.0 (120868815)|HEAP_ALLOCATE|[51]|Bytes:156
15:45:18.0 (120993198)|VARIABLE_ASSIGNMENT|[EXTERNAL]|this|{"isSAUser":false,"iTypeOfScreen":0}|0x67a03538
15:45:18.0 (121013895)|VARIABLE_ASSIGNMENT|[EXTERNAL]|value|"https://au-portal.li (77 more) ..."
15:45:18.0 (121038531)|VARIABLE_ASSIGNMENT|[39]|this.urlReportsSFA|"https://au-portal.li (77 more) ..."|0x67a03538
15:45:18.0 (121051182)|STATEMENT_EXECUTE|[53]
15:45:18.0 (121057399)|HEAP_ALLOCATE|[53]|Bytes:202
15:45:18.0 (121082747)|HEAP_ALLOCATE|[53]|Bytes:4
15:45:18.0 (121107750)|METHOD_ENTRY|[58]||System.UserInfo.getUserId()
15:45:18.0 (121146745)|METHOD_EXIT|[58]||System.UserInfo.getUserId()
15:45:18.0 (123272844)|SOQL_EXECUTE_BEGIN|[53]|Aggregations:0|SELECT SmallPhotoUrl, Account.Name, Account.RegionalOfficeId__r.RegionalOfficeName__c, Account.BranchId__r.BranchName__c, Name, Department, UserRole.Name, Profile.Name FROM User WHERE User.ID = :tmpVar1
15:45:18.0 (134405726)|SOQL_EXECUTE_END|[53]|Rows:1
15:45:18.0 (134461039)|HEAP_ALLOCATE|[53]|Bytes:8
15:45:18.0 (134526736)|HEAP_ALLOCATE|[53]|Bytes:276
15:45:18.0 (134600479)|HEAP_ALLOCATE|[53]|Bytes:8
15:45:18.0 (134655974)|HEAP_ALLOCATE|[53]|Bytes:32
15:45:18.0 (134822794)|VARIABLE_ASSIGNMENT|[EXTERNAL]|this|{"isSAUser":false,"iTypeOfScreen":0,"urlReportsSFA":"https://au-portal.li (77 more) ..."}|0x67a03538
15:45:18.0 (134882626)|VARIABLE_ASSIGNMENT|[EXTERNAL]|value|{"SmallPhotoUrl":"/profilephoto/005/T","Name":"auPortal システム開発","UserRoleId":"00E6F000001SEaUUAW","ProfileId":"00e6F000002RS1oQAG","Id":"0056F000006PtYlQAK","UserRole":{"Name":"コンシューマ事業本部","Id":"00E6F000001SEaUUAW"},"Profile":{"Name":"System Administrator","Id":"00e6F000002RS1oQAG"}}|0x3bcb9cb
15:45:18.0 (134948295)|VARIABLE_ASSIGNMENT|[38]|this.currentUser|{"SmallPhotoUrl":"/profilephoto/005/T","Name":"auPortal システム開発","UserRoleId":"00E6F000001SEaUUAW","ProfileId":"00e6F000002RS1oQAG","Id":"0056F000006PtYlQAK","UserRole":{"Name":"コンシューマ事業本部","Id":"00E6F000001SEaUUAW"},"Profile":{"Name":"System Administrator","Id":"00e6F000002RS1oQAG"}}|0x67a03538
15:45:18.0 (134979099)|STATEMENT_EXECUTE|[60]
15:45:18.0 (135081494)|VARIABLE_ASSIGNMENT|[EXTERNAL]|this|{"currentUser":"0x3bcb9cb","isSAUser":false,"iTypeOfScreen":0,"urlReportsSFA":"https://au-portal.li (77 more) ..."}|0x67a03538
15:45:18.0 (135594060)|VARIABLE_SCOPE_BEGIN|[131]|auConstantCmn.ACCESS_TYPE_KDDI|String|false|true
15:45:18.0 (135622142)|VARIABLE_SCOPE_BEGIN|[130]|auConstantCmn.ACCESS_TYPE_SA|String|false|true
15:45:18.0 (135636358)|VARIABLE_SCOPE_BEGIN|[132]|auConstantCmn.ACCESS_TYPE_SHOP|String|false|true
15:45:18.0 (135651815)|VARIABLE_SCOPE_BEGIN|[56]|auConstantCmn.ACCOUNT_CHANNEL_DAIRITEN|String|false|true
15:45:18.0 (135665857)|VARIABLE_SCOPE_BEGIN|[54]|auConstantCmn.ACCOUNT_CHANNEL_SHOP|String|false|true
15:45:18.0 (135679131)|VARIABLE_SCOPE_BEGIN|[55]|auConstantCmn.ACCOUNT_CHANNEL_UNEIHOJIN|String|false|true
15:45:18.0 (135696993)|VARIABLE_SCOPE_BEGIN|[107]|auConstantCmn.CX_KNOWLEDGE_SHARING_NATIONAL|String|false|true
15:45:18.0 (135711179)|VARIABLE_SCOPE_BEGIN|[106]|auConstantCmn.CX_KNOWLEDGE_SHARING_REGIONAL_OFFICE|String|false|true
15:45:18.0 (135727261)|VARIABLE_SCOPE_BEGIN|[112]|auConstantCmn.CX_KNOWLEDGE_STATUS_APPROVED|String|false|true
15:45:18.0 (135742324)|VARIABLE_SCOPE_BEGIN|[113]|auConstantCmn.CX_KNOWLEDGE_STATUS_NATIONAL_APPROVED|String|false|true
15:45:18.0 (135766101)|VARIABLE_SCOPE_BEGIN|[114]|auConstantCmn.CX_KNOWLEDGE_STATUS_REJECTED|String|false|true
15:45:18.0 (135780207)|VARIABLE_SCOPE_BEGIN|[111]|auConstantCmn.CX_KNOWLEDGE_STATUS_SAVED|String|false|true
15:45:18.0 (135796646)|VARIABLE_SCOPE_BEGIN|[110]|auConstantCmn.CX_KNOWLEDGE_STATUS_TEMPORARY_SAVED|String|false|true
15:45:18.0 (135809194)|VARIABLE_SCOPE_BEGIN|[20]|auConstantCmn.FORGOT_PASSWORD_ERR_MESSAGE001|String|false|true
15:45:18.0 (135826375)|VARIABLE_SCOPE_BEGIN|[127]|auConstantCmn.HONBU_DIRECT_DETAIL_TYPE_FAVORITE|String|false|true
15:45:18.0 (135842930)|VARIABLE_SCOPE_BEGIN|[126]|auConstantCmn.HONBU_DIRECT_DETAIL_TYPE_READ|String|false|true
15:45:18.0 (135863832)|VARIABLE_SCOPE_BEGIN|[118]|auConstantCmn.KDDI_KNOWLEDGE_STATUS_SAVED|String|false|true
15:45:18.0 (135877855)|VARIABLE_SCOPE_BEGIN|[117]|auConstantCmn.KDDI_KNOWLEDGE_STATUS_TEMPORARY_SAVED|String|false|true
15:45:18.0 (135898936)|VARIABLE_SCOPE_BEGIN|[14]|auConstantCmn.LOGIN_ERR_MESSAGE001|String|false|true
15:45:18.0 (135918717)|VARIABLE_SCOPE_BEGIN|[15]|auConstantCmn.LOGIN_ERR_MESSAGE002|String|false|true
15:45:18.0 (135932957)|VARIABLE_SCOPE_BEGIN|[16]|auConstantCmn.LOGIN_ERR_MESSAGE003|String|false|true
15:45:18.0 (135951194)|VARIABLE_SCOPE_BEGIN|[17]|auConstantCmn.LOGIN_ERR_MESSAGE004|String|false|true
15:45:18.0 (135969055)|VARIABLE_SCOPE_BEGIN|[93]|auConstantCmn.PAGE_ALIAS_SHOP_CX|String|false|true
15:45:18.0 (135987597)|VARIABLE_SCOPE_BEGIN|[84]|auConstantCmn.PAGE_ALIAS_SHOP_EVENTS|String|false|true
15:45:18.0 (136003483)|VARIABLE_SCOPE_BEGIN|[70]|auConstantCmn.PAGE_ALIAS_SHOP_FORGOTPW|String|false|true
15:45:18.0 (136026353)|VARIABLE_SCOPE_BEGIN|[74]|auConstantCmn.PAGE_ALIAS_SHOP_FORGOTPWCOMP|String|false|true
15:45:18.0 (136041528)|VARIABLE_SCOPE_BEGIN|[81]|auConstantCmn.PAGE_ALIAS_SHOP_HOME|String|false|true
15:45:18.0 (136060548)|VARIABLE_SCOPE_BEGIN|[62]|auConstantCmn.PAGE_ALIAS_SHOP_LOGIN|String|false|true
15:45:18.0 (136081836)|VARIABLE_SCOPE_BEGIN|[66]|auConstantCmn.PAGE_ALIAS_SHOP_LOGOUT|String|false|true
15:45:18.0 (136098355)|VARIABLE_SCOPE_BEGIN|[78]|auConstantCmn.PAGE_ALIAS_SHOP_PASSWORDSIGNUP|String|false|true
15:45:18.0 (136118750)|VARIABLE_SCOPE_BEGIN|[99]|auConstantCmn.PAGE_ALIAS_SHOP_SCHEDULE|String|false|true
15:45:18.0 (136135385)|VARIABLE_SCOPE_BEGIN|[102]|auConstantCmn.PAGE_ALIAS_SHOP_SCHEDULE_LIST|String|false|true
15:45:18.0 (136155330)|VARIABLE_SCOPE_BEGIN|[87]|auConstantCmn.PAGE_ALIAS_SHOP_STPD|String|false|true
15:45:18.0 (136175977)|VARIABLE_SCOPE_BEGIN|[96]|auConstantCmn.PAGE_ALIAS_SHOP_TIMELINE_CX|String|false|true
15:45:18.0 (136192612)|VARIABLE_SCOPE_BEGIN|[90]|auConstantCmn.PAGE_ALIAS_SHOP_TIMELINE_STPD|String|false|true
15:45:18.0 (136212241)|VARIABLE_SCOPE_BEGIN|[92]|auConstantCmn.PAGE_VF_SHOP_CX|String|false|true
15:45:18.0 (136230140)|VARIABLE_SCOPE_BEGIN|[83]|auConstantCmn.PAGE_VF_SHOP_EVENTS|String|false|true
15:45:18.0 (136249304)|VARIABLE_SCOPE_BEGIN|[69]|auConstantCmn.PAGE_VF_SHOP_FORGOTPW|String|false|true
15:45:18.0 (136271707)|VARIABLE_SCOPE_BEGIN|[73]|auConstantCmn.PAGE_VF_SHOP_FORGOTPWCOMP|String|false|true
15:45:18.0 (136289086)|VARIABLE_SCOPE_BEGIN|[80]|auConstantCmn.PAGE_VF_SHOP_HOME|String|false|true
15:45:18.0 (136311323)|VARIABLE_SCOPE_BEGIN|[61]|auConstantCmn.PAGE_VF_SHOP_LOGIN|String|false|true
15:45:18.0 (136330051)|VARIABLE_SCOPE_BEGIN|[65]|auConstantCmn.PAGE_VF_SHOP_LOGOUT|String|false|true
15:45:18.0 (136346219)|VARIABLE_SCOPE_BEGIN|[77]|auConstantCmn.PAGE_VF_SHOP_PASSWORDSIGNUP|String|false|true
15:45:18.0 (136364977)|VARIABLE_SCOPE_BEGIN|[98]|auConstantCmn.PAGE_VF_SHOP_SCHEDULE|String|false|true
15:45:18.0 (136381525)|VARIABLE_SCOPE_BEGIN|[101]|auConstantCmn.PAGE_VF_SHOP_SCHEDULE_LIST|String|false|true
15:45:18.0 (136400175)|VARIABLE_SCOPE_BEGIN|[86]|auConstantCmn.PAGE_VF_SHOP_STPD|String|false|true
15:45:18.0 (136422366)|VARIABLE_SCOPE_BEGIN|[95]|auConstantCmn.PAGE_VF_SHOP_TIMELINE_CX|String|false|true
15:45:18.0 (136438993)|VARIABLE_SCOPE_BEGIN|[89]|auConstantCmn.PAGE_VF_SHOP_TIMELINE_STPD|String|false|true
15:45:18.0 (136458206)|VARIABLE_SCOPE_BEGIN|[28]|auConstantCmn.PASSWORD_SIGNUP_ERR_EXPIREDURL|String|false|true
15:45:18.0 (136477482)|VARIABLE_SCOPE_BEGIN|[31]|auConstantCmn.PASSWORD_SIGNUP_ERR_INTERNAL|String|false|true
15:45:18.0 (136494234)|VARIABLE_SCOPE_BEGIN|[29]|auConstantCmn.PASSWORD_SIGNUP_ERR_INVALIDURL|String|false|true
15:45:18.0 (136517816)|VARIABLE_SCOPE_BEGIN|[23]|auConstantCmn.PASSWORD_SIGNUP_ERR_MESSAGE001|String|false|true
15:45:18.0 (136541010)|VARIABLE_SCOPE_BEGIN|[24]|auConstantCmn.PASSWORD_SIGNUP_ERR_MESSAGE002|String|false|true
15:45:18.0 (136561723)|VARIABLE_SCOPE_BEGIN|[25]|auConstantCmn.PASSWORD_SIGNUP_ERR_MESSAGE003|String|false|true
15:45:18.0 (136580668)|VARIABLE_SCOPE_BEGIN|[26]|auConstantCmn.PASSWORD_SIGNUP_ERR_MESSAGE004|String|false|true
15:45:18.0 (136601105)|VARIABLE_SCOPE_BEGIN|[27]|auConstantCmn.PASSWORD_SIGNUP_ERR_MESSAGE005|String|false|true
15:45:18.0 (136621073)|VARIABLE_SCOPE_BEGIN|[30]|auConstantCmn.PASSWORD_SIGNUP_ERR_OLDURL|String|false|true
15:45:18.0 (136637292)|VARIABLE_SCOPE_BEGIN|[35]|auConstantCmn.PROFILE_COMMUNITY_MANAGEMENT|String|false|true
15:45:18.0 (136656332)|VARIABLE_SCOPE_BEGIN|[36]|auConstantCmn.PROFILE_COMMUNITY_PRIMARY_AGENT|String|false|true
15:45:18.0 (136675998)|VARIABLE_SCOPE_BEGIN|[34]|auConstantCmn.PROFILE_COMMUNITY_SHOP|String|false|true
15:45:18.0 (136696197)|VARIABLE_SCOPE_BEGIN|[48]|auConstantCmn.PROFILE_EVOLVA_ADMIN_USER|String|false|true
15:45:18.0 (136714044)|VARIABLE_SCOPE_BEGIN|[47]|auConstantCmn.PROFILE_EVOLVA_USER|String|false|true
15:45:18.0 (136736935)|VARIABLE_SCOPE_BEGIN|[37]|auConstantCmn.PROFILE_KDDI_BRANCH|String|false|true
15:45:18.0 (136770286)|VARIABLE_SCOPE_BEGIN|[38]|auConstantCmn.PROFILE_KDDI_BRANCH_V2|String|false|true
15:45:18.0 (136797628)|VARIABLE_SCOPE_BEGIN|[41]|auConstantCmn.PROFILE_KDDI_HEADQUARTERS|String|false|true
15:45:18.0 (136812607)|VARIABLE_SCOPE_BEGIN|[42]|auConstantCmn.PROFILE_KDDI_HEADQUARTERS_V2|String|false|true
15:45:18.0 (136828533)|VARIABLE_SCOPE_BEGIN|[44]|auConstantCmn.PROFILE_KDDI_KNOWLEDGE_ACTIVITIES|String|false|true
15:45:18.0 (136844715)|VARIABLE_SCOPE_BEGIN|[43]|auConstantCmn.PROFILE_KDDI_KNOWLEDGE_ONLY|String|false|true
15:45:18.0 (136869458)|VARIABLE_SCOPE_BEGIN|[39]|auConstantCmn.PROFILE_KDDI_REGIONAL_OFFICE|String|false|true
15:45:18.0 (136894382)|VARIABLE_SCOPE_BEGIN|[40]|auConstantCmn.PROFILE_KDDI_REGIONAL_OFFICE_V2|String|false|true
15:45:18.0 (136921724)|VARIABLE_SCOPE_BEGIN|[46]|auConstantCmn.PROFILE_SA_USER_CSA|String|false|true
15:45:18.0 (136947670)|VARIABLE_SCOPE_BEGIN|[45]|auConstantCmn.PROFILE_SA_USER_SA|String|false|true
15:45:18.0 (136973520)|VARIABLE_SCOPE_BEGIN|[49]|auConstantCmn.PROFILE_SYSADMIN_CUSTOM|String|false|true
15:45:18.0 (137000542)|VARIABLE_SCOPE_BEGIN|[50]|auConstantCmn.PROFILE_SYSADMIN_DEFAULT_EN|String|false|true
15:45:18.0 (137020875)|VARIABLE_SCOPE_BEGIN|[51]|auConstantCmn.PROFILE_SYSADMIN_DEFAULT_JP|String|false|true
15:45:18.0 (137043280)|VARIABLE_SCOPE_BEGIN|[9]|auConstantCmn.ROLE_CODE_EVOLVA_HONBU|String|false|true
15:45:18.0 (137067728)|VARIABLE_SCOPE_BEGIN|[10]|auConstantCmn.ROLE_CODE_EVOLVA_SHISHA|String|false|true
15:45:18.0 (137093025)|VARIABLE_SCOPE_BEGIN|[11]|auConstantCmn.ROLE_CODE_EVOLVA_SHITEN|String|false|true
15:45:18.0 (137117131)|VARIABLE_SCOPE_BEGIN|[7]|auConstantCmn.ROLE_CODE_HONBU|String|false|true
15:45:18.0 (137138833)|VARIABLE_SCOPE_BEGIN|[8]|auConstantCmn.ROLE_CODE_SA_HONBU|String|false|true
15:45:18.0 (137162830)|VARIABLE_SCOPE_BEGIN|[123]|auConstantCmn.USER_CLASSIFICATION_CONTRACTOR|String|false|true
15:45:18.0 (137187045)|VARIABLE_SCOPE_BEGIN|[122]|auConstantCmn.USER_CLASSIFICATION_CSA|String|false|true
15:45:18.0 (137211624)|VARIABLE_SCOPE_BEGIN|[121]|auConstantCmn.USER_CLASSIFICATION_SA|String|false|true
15:45:18.0 (137234524)|HEAP_ALLOCATE|[60]|Bytes:11
15:45:18.0 (137268321)|VARIABLE_ASSIGNMENT|[60]|auConstantCmn.ACCESS_TYPE_KDDI|"KDDI_ACCESS"
15:45:18.0 (137278857)|HEAP_ALLOCATE|[60]|Bytes:9
15:45:18.0 (137291611)|VARIABLE_ASSIGNMENT|[60]|auConstantCmn.ACCESS_TYPE_SA|"SA_ACCESS"
15:45:18.0 (137298906)|HEAP_ALLOCATE|[60]|Bytes:11
15:45:18.0 (137310324)|VARIABLE_ASSIGNMENT|[60]|auConstantCmn.ACCESS_TYPE_SHOP|"SHOP_ACCESS"
15:45:18.0 (137321911)|HEAP_ALLOCATE|[60]|Bytes:5
15:45:18.0 (137334356)|VARIABLE_ASSIGNMENT|[60]|auConstantCmn.ACCOUNT_CHANNEL_DAIRITEN|"一次代理店"
15:45:18.0 (137341615)|HEAP_ALLOCATE|[60]|Bytes:6
15:45:18.0 (137352921)|VARIABLE_ASSIGNMENT|[60]|auConstantCmn.ACCOUNT_CHANNEL_SHOP|"auショップ"
15:45:18.0 (137365059)|HEAP_ALLOCATE|[60]|Bytes:4
15:45:18.0 (137376299)|VARIABLE_ASSIGNMENT|[60]|auConstantCmn.ACCOUNT_CHANNEL_UNEIHOJIN|"運営法人"
15:45:18.0 (137383756)|HEAP_ALLOCATE|[60]|Bytes:8
15:45:18.0 (137396474)|VARIABLE_ASSIGNMENT|[60]|auConstantCmn.CX_KNOWLEDGE_SHARING_NATIONAL|"National"
15:45:18.0 (137407391)|HEAP_ALLOCATE|[60]|Bytes:14
15:45:18.0 (137420789)|VARIABLE_ASSIGNMENT|[60]|auConstantCmn.CX_KNOWLEDGE_SHARING_REGIONAL_OFFICE|"RegionalOffice"
15:45:18.0 (137427895)|HEAP_ALLOCATE|[60]|Bytes:8
15:45:18.0 (137438176)|VARIABLE_ASSIGNMENT|[60]|auConstantCmn.CX_KNOWLEDGE_STATUS_APPROVED|"Approved"
15:45:18.0 (137445440)|HEAP_ALLOCATE|[60]|Bytes:16
15:45:18.0 (137482359)|VARIABLE_ASSIGNMENT|[60]|auConstantCmn.CX_KNOWLEDGE_STATUS_NATIONAL_APPROVED|"NationalApproved"
15:45:18.0 (137492362)|HEAP_ALLOCATE|[60]|Bytes:8
15:45:18.0 (137501280)|VARIABLE_ASSIGNMENT|[60]|auConstantCmn.CX_KNOWLEDGE_STATUS_REJECTED|"Rejected"
15:45:18.0 (137511231)|HEAP_ALLOCATE|[60]|Bytes:5
15:45:18.0 (137519250)|VARIABLE_ASSIGNMENT|[60]|auConstantCmn.CX_KNOWLEDGE_STATUS_SAVED|"Saved"
15:45:18.0 (137523728)|HEAP_ALLOCATE|[60]|Bytes:14
15:45:18.0 (137530803)|VARIABLE_ASSIGNMENT|[60]|auConstantCmn.CX_KNOWLEDGE_STATUS_TEMPORARY_SAVED|"TemporarySaved"
15:45:18.0 (137539375)|HEAP_ALLOCATE|[60]|Bytes:12
15:45:18.0 (137552360)|VARIABLE_ASSIGNMENT|[60]|auConstantCmn.FORGOT_PASSWORD_ERR_MESSAGE001|"IDを入力してください。"
15:45:18.0 (137560787)|HEAP_ALLOCATE|[60]|Bytes:8
15:45:18.0 (137573433)|VARIABLE_ASSIGNMENT|[60]|auConstantCmn.HONBU_DIRECT_DETAIL_TYPE_FAVORITE|"FAVORITE"
15:45:18.0 (137587900)|HEAP_ALLOCATE|[60]|Bytes:4
15:45:18.0 (137600411)|VARIABLE_ASSIGNMENT|[60]|auConstantCmn.HONBU_DIRECT_DETAIL_TYPE_READ|"READ"
15:45:18.0 (137606298)|HEAP_ALLOCATE|[60]|Bytes:5
15:45:18.0 (137614794)|VARIABLE_ASSIGNMENT|[60]|auConstantCmn.KDDI_KNOWLEDGE_STATUS_SAVED|"Saved"
15:45:18.0 (137622686)|HEAP_ALLOCATE|[60]|Bytes:14
15:45:18.0 (137632304)|VARIABLE_ASSIGNMENT|[60]|auConstantCmn.KDDI_KNOWLEDGE_STATUS_TEMPORARY_SAVED|"TemporarySaved"
15:45:18.0 (137637456)|HEAP_ALLOCATE|[60]|Bytes:15
15:45:18.0 (137648570)|VARIABLE_ASSIGNMENT|[60]|auConstantCmn.LOGIN_ERR_MESSAGE001|"パスワードを入力してください。"
15:45:18.0 (137654209)|HEAP_ALLOCATE|[60]|Bytes:27
15:45:18.0 (137665291)|VARIABLE_ASSIGNMENT|[60]|auConstantCmn.LOGIN_ERR_MESSAGE002|"8文字以上の英数字混在のパスワードを指定 (7 more) ..."
15:45:18.0 (137671294)|HEAP_ALLOCATE|[60]|Bytes:19
15:45:18.0 (137682751)|VARIABLE_ASSIGNMENT|[60]|auConstantCmn.LOGIN_ERR_MESSAGE003|"ID或いはパスワードが間違っています。"
15:45:18.0 (137688488)|HEAP_ALLOCATE|[60]|Bytes:46
15:45:18.0 (137698604)|VARIABLE_ASSIGNMENT|[60]|auConstantCmn.LOGIN_ERR_MESSAGE004|"ログイン失敗回数を超えた為、ロックされま (26 more) ..."
15:45:18.0 (137705301)|HEAP_ALLOCATE|[60]|Bytes:3
15:45:18.0 (137714583)|VARIABLE_ASSIGNMENT|[60]|auConstantCmn.PAGE_ALIAS_SHOP_CX|"/CX"
15:45:18.0 (137720138)|HEAP_ALLOCATE|[60]|Bytes:7
15:45:18.0 (137728615)|VARIABLE_ASSIGNMENT|[60]|auConstantCmn.PAGE_ALIAS_SHOP_EVENTS|"/events"
15:45:18.0 (137735069)|HEAP_ALLOCATE|[60]|Bytes:16
15:45:18.0 (137743844)|VARIABLE_ASSIGNMENT|[60]|auConstantCmn.PAGE_ALIAS_SHOP_FORGOTPW|"/forgot-password"
15:45:18.0 (137748957)|HEAP_ALLOCATE|[60]|Bytes:25
15:45:18.0 (137765304)|VARIABLE_ASSIGNMENT|[60]|auConstantCmn.PAGE_ALIAS_SHOP_FORGOTPWCOMP|"/forgot-password-com (5 more) ..."
15:45:18.0 (137771684)|HEAP_ALLOCATE|[60]|Bytes:5
15:45:18.0 (137780464)|VARIABLE_ASSIGNMENT|[60]|auConstantCmn.PAGE_ALIAS_SHOP_HOME|"/home"
15:45:18.0 (137786000)|HEAP_ALLOCATE|[60]|Bytes:6
15:45:18.0 (137796097)|VARIABLE_ASSIGNMENT|[60]|auConstantCmn.PAGE_ALIAS_SHOP_LOGIN|"/login"
15:45:18.0 (137801638)|HEAP_ALLOCATE|[60]|Bytes:7
15:45:18.0 (137812185)|VARIABLE_ASSIGNMENT|[60]|auConstantCmn.PAGE_ALIAS_SHOP_LOGOUT|"/logout"
15:45:18.0 (137816876)|HEAP_ALLOCATE|[60]|Bytes:16
15:45:18.0 (137829478)|VARIABLE_ASSIGNMENT|[60]|auConstantCmn.PAGE_ALIAS_SHOP_PASSWORDSIGNUP|"/password-signup"
15:45:18.0 (137835479)|HEAP_ALLOCATE|[60]|Bytes:9
15:45:18.0 (137843876)|VARIABLE_ASSIGNMENT|[60]|auConstantCmn.PAGE_ALIAS_SHOP_SCHEDULE|"/calendar"
15:45:18.0 (137850659)|HEAP_ALLOCATE|[60]|Bytes:11
15:45:18.0 (137860095)|VARIABLE_ASSIGNMENT|[60]|auConstantCmn.PAGE_ALIAS_SHOP_SCHEDULE_LIST|"/activities"
15:45:18.0 (137864722)|HEAP_ALLOCATE|[60]|Bytes:5
15:45:18.0 (137874967)|VARIABLE_ASSIGNMENT|[60]|auConstantCmn.PAGE_ALIAS_SHOP_STPD|"/STPD"
15:45:18.0 (137880818)|HEAP_ALLOCATE|[60]|Bytes:11
15:45:18.0 (137889543)|VARIABLE_ASSIGNMENT|[60]|auConstantCmn.PAGE_ALIAS_SHOP_TIMELINE_CX|"/timelineCX"
15:45:18.0 (137894057)|HEAP_ALLOCATE|[60]|Bytes:13
15:45:18.0 (137905265)|VARIABLE_ASSIGNMENT|[60]|auConstantCmn.PAGE_ALIAS_SHOP_TIMELINE_STPD|"/timelineSTPD"
15:45:18.0 (137910077)|HEAP_ALLOCATE|[60]|Bytes:27
15:45:18.0 (137922191)|VARIABLE_ASSIGNMENT|[60]|auConstantCmn.PAGE_VF_SHOP_CX|"/apex/auCXKnowledgeL (7 more) ..."
15:45:18.0 (137930247)|HEAP_ALLOCATE|[60]|Bytes:22
15:45:18.0 (137941312)|VARIABLE_ASSIGNMENT|[60]|auConstantCmn.PAGE_VF_SHOP_EVENTS|"/apex/auEventsListPa (2 more) ..."
15:45:18.0 (137946753)|HEAP_ALLOCATE|[60]|Bytes:21
15:45:18.0 (137959847)|VARIABLE_ASSIGNMENT|[60]|auConstantCmn.PAGE_VF_SHOP_FORGOTPW|"/auForgotPasswordPag (1 more) ..."
15:45:18.0 (137965333)|HEAP_ALLOCATE|[60]|Bytes:29
15:45:18.0 (137975549)|VARIABLE_ASSIGNMENT|[60]|auConstantCmn.PAGE_VF_SHOP_FORGOTPWCOMP|"/auForgotPasswordCom (9 more) ..."
15:45:18.0 (137982492)|HEAP_ALLOCATE|[60]|Bytes:24
15:45:18.0 (137992486)|VARIABLE_ASSIGNMENT|[60]|auConstantCmn.PAGE_VF_SHOP_HOME|"/apex/auSwitchScreen (4 more) ..."
15:45:18.0 (137997968)|HEAP_ALLOCATE|[60]|Bytes:12
15:45:18.0 (138010696)|VARIABLE_ASSIGNMENT|[60]|auConstantCmn.PAGE_VF_SHOP_LOGIN|"/auLoginPage"
15:45:18.0 (138016743)|HEAP_ALLOCATE|[60]|Bytes:13
15:45:18.0 (138025690)|VARIABLE_ASSIGNMENT|[60]|auConstantCmn.PAGE_VF_SHOP_LOGOUT|"/auLogoutPage"
15:45:18.0 (138032169)|HEAP_ALLOCATE|[60]|Bytes:21
15:45:18.0 (138043759)|VARIABLE_ASSIGNMENT|[60]|auConstantCmn.PAGE_VF_SHOP_PASSWORDSIGNUP|"/auPasswordSignupPag (1 more) ..."
15:45:18.0 (138048660)|HEAP_ALLOCATE|[60]|Bytes:16
15:45:18.0 (138060988)|VARIABLE_ASSIGNMENT|[60]|auConstantCmn.PAGE_VF_SHOP_SCHEDULE|"/apex/auSchedule"
15:45:18.0 (138066456)|HEAP_ALLOCATE|[60]|Bytes:20
15:45:18.0 (138076247)|VARIABLE_ASSIGNMENT|[60]|auConstantCmn.PAGE_VF_SHOP_SCHEDULE_LIST|"/apex/auScheduleList"
15:45:18.0 (138082935)|HEAP_ALLOCATE|[60]|Bytes:20
15:45:18.0 (138092802)|VARIABLE_ASSIGNMENT|[60]|auConstantCmn.PAGE_VF_SHOP_STPD|"/apex/auSTPDListPage"
15:45:18.0 (138097186)|HEAP_ALLOCATE|[60]|Bytes:31
15:45:18.0 (138109040)|VARIABLE_ASSIGNMENT|[60]|auConstantCmn.PAGE_VF_SHOP_TIMELINE_CX|"/apex/auCxKnowledgeT (11 more) ..."
15:45:18.0 (138114346)|HEAP_ALLOCATE|[60]|Bytes:24
15:45:18.0 (138125005)|VARIABLE_ASSIGNMENT|[60]|auConstantCmn.PAGE_VF_SHOP_TIMELINE_STPD|"/apex/auSTPDTimeline (4 more) ..."
15:45:18.0 (138131994)|HEAP_ALLOCATE|[60]|Bytes:55
15:45:18.0 (138143429)|VARIABLE_ASSIGNMENT|[60]|auConstantCmn.PASSWORD_SIGNUP_ERR_EXPIREDURL|"パスワードリセットの有効期限が切れていま (35 more) ..."
15:45:18.0 (138150506)|HEAP_ALLOCATE|[60]|Bytes:27
15:45:18.0 (138164302)|VARIABLE_ASSIGNMENT|[60]|auConstantCmn.PASSWORD_SIGNUP_ERR_INTERNAL|"内部エラーが発生しました。サイト管理者に (7 more) ..."
15:45:18.0 (138169606)|HEAP_ALLOCATE|[60]|Bytes:51
15:45:18.0 (138183248)|VARIABLE_ASSIGNMENT|[60]|auConstantCmn.PASSWORD_SIGNUP_ERR_INVALIDURL|"不正なパスワードリセットURLです。<b (31 more) ..."
15:45:18.0 (138188596)|HEAP_ALLOCATE|[60]|Bytes:15
15:45:18.0 (138199061)|VARIABLE_ASSIGNMENT|[60]|auConstantCmn.PASSWORD_SIGNUP_ERR_MESSAGE001|"パスワードを入力してください。"
15:45:18.0 (138206060)|HEAP_ALLOCATE|[60]|Bytes:19
15:45:18.0 (138216580)|VARIABLE_ASSIGNMENT|[60]|auConstantCmn.PASSWORD_SIGNUP_ERR_MESSAGE002|"確認用のパスワードを入力してください。"
15:45:18.0 (138221674)|HEAP_ALLOCATE|[60]|Bytes:27
15:45:18.0 (138234150)|VARIABLE_ASSIGNMENT|[60]|auConstantCmn.PASSWORD_SIGNUP_ERR_MESSAGE003|"8文字以上の英数字混在のパスワードを指定 (7 more) ..."
15:45:18.0 (138239081)|HEAP_ALLOCATE|[60]|Bytes:22
15:45:18.0 (138251670)|VARIABLE_ASSIGNMENT|[60]|auConstantCmn.PASSWORD_SIGNUP_ERR_MESSAGE004|"パスワードと確認用のパスワードが不一致で (2 more) ..."
15:45:18.0 (138257239)|HEAP_ALLOCATE|[60]|Bytes:21
15:45:18.0 (138268495)|VARIABLE_ASSIGNMENT|[60]|auConstantCmn.PASSWORD_SIGNUP_ERR_MESSAGE005|"以前利用したパスワードはご利用できません (1 more) ..."
15:45:18.0 (138275790)|HEAP_ALLOCATE|[60]|Bytes:46
15:45:18.0 (138287534)|VARIABLE_ASSIGNMENT|[60]|auConstantCmn.PASSWORD_SIGNUP_ERR_OLDURL|"以前のパスワードリセットURLは利用でき (26 more) ..."
15:45:18.0 (138294356)|HEAP_ALLOCATE|[60]|Bytes:14
15:45:18.0 (138304783)|VARIABLE_ASSIGNMENT|[60]|auConstantCmn.PROFILE_COMMUNITY_MANAGEMENT|"au ショップ - 運営法人"
15:45:18.0 (138310493)|HEAP_ALLOCATE|[60]|Bytes:15
15:45:18.0 (138323566)|VARIABLE_ASSIGNMENT|[60]|auConstantCmn.PROFILE_COMMUNITY_PRIMARY_AGENT|"au ショップ - 一次代理店"
15:45:18.0 (138329083)|HEAP_ALLOCATE|[60]|Bytes:12
15:45:18.0 (138342486)|VARIABLE_ASSIGNMENT|[60]|auConstantCmn.PROFILE_COMMUNITY_SHOP|"au ショップ - 店舗"
15:45:18.0 (138347944)|HEAP_ALLOCATE|[60]|Bytes:17
15:45:18.0 (138359258)|VARIABLE_ASSIGNMENT|[60]|auConstantCmn.PROFILE_EVOLVA_ADMIN_USER|"Evolva Admin User"
15:45:18.0 (138366395)|HEAP_ALLOCATE|[60]|Bytes:11
15:45:18.0 (138377641)|VARIABLE_ASSIGNMENT|[60]|auConstantCmn.PROFILE_EVOLVA_USER|"Evolva User"
15:45:18.0 (138382893)|HEAP_ALLOCATE|[60]|Bytes:9
15:45:18.0 (138395948)|VARIABLE_ASSIGNMENT|[60]|auConstantCmn.PROFILE_KDDI_BRANCH|"KDDI - 支店"
15:45:18.0 (138400923)|HEAP_ALLOCATE|[60]|Bytes:12
15:45:18.0 (138411354)|VARIABLE_ASSIGNMENT|[60]|auConstantCmn.PROFILE_KDDI_BRANCH_V2|"KDDI - 支店 v2"
15:45:18.0 (138417778)|HEAP_ALLOCATE|[60]|Bytes:9
15:45:18.0 (138428418)|VARIABLE_ASSIGNMENT|[60]|auConstantCmn.PROFILE_KDDI_HEADQUARTERS|"KDDI - 本部"
15:45:18.0 (138434094)|HEAP_ALLOCATE|[60]|Bytes:12
15:45:18.0 (138447226)|VARIABLE_ASSIGNMENT|[60]|auConstantCmn.PROFILE_KDDI_HEADQUARTERS_V2|"KDDI - 本部 v2"
15:45:18.0 (138452735)|HEAP_ALLOCATE|[60]|Bytes:29
15:45:18.0 (138466194)|VARIABLE_ASSIGNMENT|[60]|auConstantCmn.PROFILE_KDDI_KNOWLEDGE_ACTIVITIES|"KDDI - Knowledge & A (9 more) ..."
15:45:18.0 (138471811)|HEAP_ALLOCATE|[60]|Bytes:21
15:45:18.0 (138485795)|VARIABLE_ASSIGNMENT|[60]|auConstantCmn.PROFILE_KDDI_KNOWLEDGE_ONLY|"KDDI - Knowledge onl (1 more) ..."
15:45:18.0 (138491044)|HEAP_ALLOCATE|[60]|Bytes:9
15:45:18.0 (138502230)|VARIABLE_ASSIGNMENT|[60]|auConstantCmn.PROFILE_KDDI_REGIONAL_OFFICE|"KDDI - 支社"
15:45:18.0 (138509181)|HEAP_ALLOCATE|[60]|Bytes:12
15:45:18.0 (138519933)|VARIABLE_ASSIGNMENT|[60]|auConstantCmn.PROFILE_KDDI_REGIONAL_OFFICE_V2|"KDDI - 支社 v2"
15:45:18.0 (138524852)|HEAP_ALLOCATE|[60]|Bytes:13
15:45:18.0 (138538453)|VARIABLE_ASSIGNMENT|[60]|auConstantCmn.PROFILE_SA_USER_CSA|"SA User - CSA"
15:45:18.0 (138543631)|HEAP_ALLOCATE|[60]|Bytes:12
15:45:18.0 (138556100)|VARIABLE_ASSIGNMENT|[60]|auConstantCmn.PROFILE_SA_USER_SA|"SA User - SA"
15:45:18.0 (138561740)|HEAP_ALLOCATE|[60]|Bytes:12
15:45:18.0 (138574794)|VARIABLE_ASSIGNMENT|[60]|auConstantCmn.PROFILE_SYSADMIN_CUSTOM|"System Admin"
15:45:18.0 (138579860)|HEAP_ALLOCATE|[60]|Bytes:20
15:45:18.0 (138591967)|VARIABLE_ASSIGNMENT|[60]|auConstantCmn.PROFILE_SYSADMIN_DEFAULT_EN|"System Administrator"
15:45:18.0 (138599432)|HEAP_ALLOCATE|[60]|Bytes:7
15:45:18.0 (138610335)|VARIABLE_ASSIGNMENT|[60]|auConstantCmn.PROFILE_SYSADMIN_DEFAULT_JP|"システム管理者"
15:45:18.0 (138615713)|HEAP_ALLOCATE|[60]|Bytes:7
15:45:18.0 (138628052)|VARIABLE_ASSIGNMENT|[60]|auConstantCmn.ROLE_CODE_EVOLVA_HONBU|"E000000"
15:45:18.0 (138632923)|HEAP_ALLOCATE|[60]|Bytes:6
15:45:18.0 (138646585)|VARIABLE_ASSIGNMENT|[60]|auConstantCmn.ROLE_CODE_EVOLVA_SHISHA|"EKEV01"
15:45:18.0 (138651515)|HEAP_ALLOCATE|[60]|Bytes:8
15:45:18.0 (138664458)|VARIABLE_ASSIGNMENT|[60]|auConstantCmn.ROLE_CODE_EVOLVA_SHITEN|"EKEV0101"
15:45:18.0 (138669652)|HEAP_ALLOCATE|[60]|Bytes:7
15:45:18.0 (138681164)|VARIABLE_ASSIGNMENT|[60]|auConstantCmn.ROLE_CODE_HONBU|"C000000"
15:45:18.0 (138687646)|HEAP_ALLOCATE|[60]|Bytes:7
15:45:18.0 (138699041)|VARIABLE_ASSIGNMENT|[60]|auConstantCmn.ROLE_CODE_SA_HONBU|"S000000"
15:45:18.0 (138703972)|HEAP_ALLOCATE|[60]|Bytes:10
15:45:18.0 (138716879)|VARIABLE_ASSIGNMENT|[60]|auConstantCmn.USER_CLASSIFICATION_CONTRACTOR|"CONTRACTOR"
15:45:18.0 (138722113)|HEAP_ALLOCATE|[60]|Bytes:3
15:45:18.0 (138734441)|VARIABLE_ASSIGNMENT|[60]|auConstantCmn.USER_CLASSIFICATION_CSA|"CSA"
15:45:18.0 (138739631)|HEAP_ALLOCATE|[60]|Bytes:2
15:45:18.0 (138755239)|VARIABLE_ASSIGNMENT|[60]|auConstantCmn.USER_CLASSIFICATION_SA|"SA"
15:45:18.0 (138797966)|METHOD_ENTRY|[4]|01p6F0000084Osz|auConstantCmn.auConstantCmn()
15:45:18.0 (138809397)|STATEMENT_EXECUTE|[4]
15:45:18.0 (138816242)|STATEMENT_EXECUTE|[4]
15:45:18.0 (139353917)|SYSTEM_MODE_ENTER|false
15:45:18.0 (139373769)|HEAP_ALLOCATE|[60]|Bytes:5
15:45:18.0 (139386237)|SYSTEM_MODE_EXIT|false
15:45:18.0 (139404228)|METHOD_EXIT|[4]|auConstantCmn
15:45:18.0 (139590575)|VARIABLE_ASSIGNMENT|[EXTERNAL]|this|{"currentUser":"0x3bcb9cb","isSAUser":false,"iTypeOfScreen":0,"urlReportsSFA":"https://au-portal.li (77 more) ..."}|0x67a03538
15:45:18.0 (139732524)|VARIABLE_ASSIGNMENT|[EXTERNAL]|this|{"currentUser":"0x3bcb9cb","isSAUser":false,"iTypeOfScreen":0,"urlReportsSFA":"https://au-portal.li (77 more) ..."}|0x67a03538
15:45:18.0 (139833600)|VARIABLE_ASSIGNMENT|[EXTERNAL]|this|{"currentUser":"0x3bcb9cb","isSAUser":false,"iTypeOfScreen":0,"urlReportsSFA":"https://au-portal.li (77 more) ..."}|0x67a03538
15:45:18.0 (139889864)|HEAP_ALLOCATE|[60]|Bytes:5
15:45:18.0 (139918576)|VARIABLE_ASSIGNMENT|[60]|this.isSAUser|false|0x67a03538
15:45:18.0 (140106529)|SYSTEM_MODE_ENTER|true
15:45:18.0 (140155698)|HEAP_ALLOCATE|[EXTERNAL]|Bytes:44
15:45:18.0 (140172120)|VARIABLE_ASSIGNMENT|[EXTERNAL]|this.iCountComments|null|0x67a03538
15:45:18.0 (140267765)|SYSTEM_MODE_ENTER|true
15:45:18.0 (140295200)|HEAP_ALLOCATE|[EXTERNAL]|Bytes:44
15:45:18.0 (140310208)|VARIABLE_ASSIGNMENT|[EXTERNAL]|this.iCountLikes|null|0x67a03538
15:45:18.0 (140476446)|SYSTEM_MODE_ENTER|true
15:45:18.0 (140562544)|HEAP_ALLOCATE|[EXTERNAL]|Bytes:72
15:45:18.0 (140585866)|VARIABLE_SCOPE_BEGIN|[16]|this|saTasksCtrl|true|false
15:45:18.0 (140688425)|VARIABLE_ASSIGNMENT|[16]|this|{"currentMessage":"0x3fca3579","isIPhone":false,"isTabMsgRead":false,"lsMsg":"0x4aac15c1","messageError":"正しいデーターを入れてください。","messageQuestion":"","myUser":"0x2b4370cf"}|0x1d0d4d60
15:45:18.0 (140732640)|SYSTEM_MODE_ENTER|false
15:45:18.0 (140745181)|HEAP_ALLOCATE|[16]|Bytes:5
15:45:18.0 (140751939)|STATEMENT_EXECUTE|[16]
15:45:18.0 (140754482)|STATEMENT_EXECUTE|[16]
15:45:18.0 (140770328)|SYSTEM_MODE_EXIT|false
15:45:18.0 (140859618)|SYSTEM_MODE_ENTER|true
15:45:18.0 (140895958)|HEAP_ALLOCATE|[EXTERNAL]|Bytes:8
15:45:18.0 (140904263)|HEAP_ALLOCATE|[EXTERNAL]|Bytes:44
15:45:18.0 (140915871)|VARIABLE_ASSIGNMENT|[EXTERNAL]|this.iTypeOfScreen|61|0x67a03538
15:45:18.0 (141108078)|SYSTEM_MODE_ENTER|true
15:45:18.0 (141178146)|HEAP_ALLOCATE|[EXTERNAL]|Bytes:44
15:45:18.0 (141193894)|VARIABLE_SCOPE_BEGIN|[88]|this|auMainTopCompCtrl|true|false
15:45:18.0 (141258996)|VARIABLE_ASSIGNMENT|[88]|this|{"currentUser":"0x3bcb9cb","isSAUser":false,"iTypeOfScreen":61,"urlReportsSFA":"https://au-portal.li (77 more) ..."}|0x67a03538
15:45:18.0 (141284888)|STATEMENT_EXECUTE|[88]
15:45:18.0 (141288069)|STATEMENT_EXECUTE|[89]
15:45:18.0 (141368382)|VARIABLE_ASSIGNMENT|[EXTERNAL]|this|{"currentUser":"0x3bcb9cb","isSAUser":false,"iTypeOfScreen":61,"urlReportsSFA":"https://au-portal.li (77 more) ..."}|0x67a03538
15:45:18.0 (141452230)|VARIABLE_ASSIGNMENT|[EXTERNAL]|this|{"currentUser":"0x3bcb9cb","isSAUser":false,"iTypeOfScreen":61,"urlReportsSFA":"https://au-portal.li (77 more) ..."}|0x67a03538
15:45:18.0 (141507121)|VARIABLE_ASSIGNMENT|[EXTERNAL]|this|{"currentUser":"0x3bcb9cb","isSAUser":false,"iTypeOfScreen":61,"urlReportsSFA":"https://au-portal.li (77 more) ..."}|0x67a03538
15:45:18.0 (141554502)|VARIABLE_ASSIGNMENT|[EXTERNAL]|this|{"currentUser":"0x3bcb9cb","isSAUser":false,"iTypeOfScreen":61,"urlReportsSFA":"https://au-portal.li (77 more) ..."}|0x67a03538
15:45:18.0 (141604417)|VARIABLE_ASSIGNMENT|[EXTERNAL]|this|{"currentUser":"0x3bcb9cb","isSAUser":false,"iTypeOfScreen":61,"urlReportsSFA":"https://au-portal.li (77 more) ..."}|0x67a03538
15:45:18.0 (141657212)|VARIABLE_ASSIGNMENT|[EXTERNAL]|this|{"currentUser":"0x3bcb9cb","isSAUser":false,"iTypeOfScreen":61,"urlReportsSFA":"https://au-portal.li (77 more) ..."}|0x67a03538
15:45:18.0 (141706695)|VARIABLE_ASSIGNMENT|[EXTERNAL]|this|{"currentUser":"0x3bcb9cb","isSAUser":false,"iTypeOfScreen":61,"urlReportsSFA":"https://au-portal.li (77 more) ..."}|0x67a03538
15:45:18.0 (141752719)|VARIABLE_ASSIGNMENT|[EXTERNAL]|this|{"currentUser":"0x3bcb9cb","isSAUser":false,"iTypeOfScreen":61,"urlReportsSFA":"https://au-portal.li (77 more) ..."}|0x67a03538
15:45:18.0 (141805072)|VARIABLE_ASSIGNMENT|[EXTERNAL]|this|{"currentUser":"0x3bcb9cb","isSAUser":false,"iTypeOfScreen":61,"urlReportsSFA":"https://au-portal.li (77 more) ..."}|0x67a03538
15:45:18.0 (141858531)|VARIABLE_ASSIGNMENT|[EXTERNAL]|this|{"currentUser":"0x3bcb9cb","isSAUser":false,"iTypeOfScreen":61,"urlReportsSFA":"https://au-portal.li (77 more) ..."}|0x67a03538
15:45:18.0 (141880050)|HEAP_ALLOCATE|[89]|Bytes:5
15:45:18.0 (141987800)|SYSTEM_MODE_ENTER|true
15:45:18.0 (142038402)|HEAP_ALLOCATE|[EXTERNAL]|Bytes:44
15:45:18.0 (142053181)|VARIABLE_SCOPE_BEGIN|[106]|this|auMainTopCompCtrl|true|false
15:45:18.0 (142091746)|VARIABLE_ASSIGNMENT|[106]|this|{"currentUser":"0x3bcb9cb","isSAUser":false,"iTypeOfScreen":61,"urlReportsSFA":"https://au-portal.li (77 more) ..."}|0x67a03538
15:45:18.0 (142105961)|STATEMENT_EXECUTE|[106]
15:45:18.0 (142108182)|STATEMENT_EXECUTE|[107]
15:45:18.0 (142149497)|VARIABLE_ASSIGNMENT|[EXTERNAL]|this|{"currentUser":"0x3bcb9cb","isSAUser":false,"iTypeOfScreen":61,"urlReportsSFA":"https://au-portal.li (77 more) ..."}|0x67a03538
15:45:18.0 (142169154)|HEAP_ALLOCATE|[107]|Bytes:5
15:45:18.0 (142257692)|SYSTEM_MODE_ENTER|true
15:45:18.0 (142301460)|HEAP_ALLOCATE|[EXTERNAL]|Bytes:44
15:45:18.0 (142324075)|VARIABLE_SCOPE_BEGIN|[110]|this|auMainTopCompCtrl|true|false
15:45:18.0 (142364042)|VARIABLE_ASSIGNMENT|[110]|this|{"currentUser":"0x3bcb9cb","isSAUser":false,"iTypeOfScreen":61,"urlReportsSFA":"https://au-portal.li (77 more) ..."}|0x67a03538
15:45:18.0 (142377597)|STATEMENT_EXECUTE|[110]
15:45:18.0 (142379977)|STATEMENT_EXECUTE|[111]
15:45:18.0 (142421277)|VARIABLE_ASSIGNMENT|[EXTERNAL]|this|{"currentUser":"0x3bcb9cb","isSAUser":false,"iTypeOfScreen":61,"urlReportsSFA":"https://au-portal.li (77 more) ..."}|0x67a03538
15:45:18.0 (142440429)|HEAP_ALLOCATE|[111]|Bytes:5
15:45:18.0 (142547982)|SYSTEM_MODE_ENTER|true
15:45:18.0 (142589196)|HEAP_ALLOCATE|[EXTERNAL]|Bytes:44
15:45:18.0 (142601337)|VARIABLE_SCOPE_BEGIN|[114]|this|auMainTopCompCtrl|true|false
15:45:18.0 (142637699)|VARIABLE_ASSIGNMENT|[114]|this|{"currentUser":"0x3bcb9cb","isSAUser":false,"iTypeOfScreen":61,"urlReportsSFA":"https://au-portal.li (77 more) ..."}|0x67a03538
15:45:18.0 (142651025)|STATEMENT_EXECUTE|[114]
15:45:18.0 (142653436)|STATEMENT_EXECUTE|[115]
15:45:18.0 (142694565)|VARIABLE_ASSIGNMENT|[EXTERNAL]|this|{"currentUser":"0x3bcb9cb","isSAUser":false,"iTypeOfScreen":61,"urlReportsSFA":"https://au-portal.li (77 more) ..."}|0x67a03538
15:45:18.0 (142713619)|HEAP_ALLOCATE|[115]|Bytes:5
15:45:18.0 (142832613)|SYSTEM_MODE_ENTER|true
15:45:18.0 (147199834)|SYSTEM_MODE_ENTER|true
15:45:18.0 (147361595)|SYSTEM_MODE_ENTER|true
15:45:18.0 (147482272)|SYSTEM_MODE_ENTER|true
15:45:18.0 (148066819)|SYSTEM_MODE_ENTER|true
15:45:18.0 (148162021)|SYSTEM_MODE_ENTER|true
15:45:18.0 (148570729)|SYSTEM_MODE_ENTER|true
15:45:18.0 (148606655)|HEAP_ALLOCATE|[EXTERNAL]|Bytes:44
15:45:18.0 (148648613)|VARIABLE_ASSIGNMENT|[EXTERNAL]|this.iCountComments|null|0x67a03538
15:45:18.0 (148721530)|SYSTEM_MODE_ENTER|true
15:45:18.0 (148745707)|HEAP_ALLOCATE|[EXTERNAL]|Bytes:44
15:45:18.0 (148757947)|VARIABLE_ASSIGNMENT|[EXTERNAL]|this.iCountLikes|null|0x67a03538
15:45:18.0 (148853831)|SYSTEM_MODE_ENTER|true
15:45:18.0 (148877290)|HEAP_ALLOCATE|[EXTERNAL]|Bytes:8
15:45:18.0 (148882891)|HEAP_ALLOCATE|[EXTERNAL]|Bytes:44
15:45:18.0 (148897946)|VARIABLE_ASSIGNMENT|[EXTERNAL]|this.iTypeOfScreen|61|0x67a03538
15:45:18.0 (149032118)|SYSTEM_MODE_ENTER|true
15:45:18.0 (149139989)|HEAP_ALLOCATE|[EXTERNAL]|Bytes:44
15:45:18.0 (149160890)|VARIABLE_SCOPE_BEGIN|[88]|this|auMainTopCompCtrl|true|false
15:45:18.0 (149250176)|VARIABLE_ASSIGNMENT|[88]|this|{"currentUser":"0x3bcb9cb","isSAUser":false,"iTypeOfScreen":61,"urlReportsSFA":"https://au-portal.li (77 more) ..."}|0x67a03538
15:45:18.0 (149266831)|STATEMENT_EXECUTE|[88]
15:45:18.0 (149269455)|STATEMENT_EXECUTE|[89]
15:45:18.0 (149316067)|VARIABLE_ASSIGNMENT|[EXTERNAL]|this|{"currentUser":"0x3bcb9cb","isSAUser":false,"iTypeOfScreen":61,"urlReportsSFA":"https://au-portal.li (77 more) ..."}|0x67a03538
15:45:18.0 (149394381)|VARIABLE_ASSIGNMENT|[EXTERNAL]|this|{"currentUser":"0x3bcb9cb","isSAUser":false,"iTypeOfScreen":61,"urlReportsSFA":"https://au-portal.li (77 more) ..."}|0x67a03538
15:45:18.0 (149450355)|VARIABLE_ASSIGNMENT|[EXTERNAL]|this|{"currentUser":"0x3bcb9cb","isSAUser":false,"iTypeOfScreen":61,"urlReportsSFA":"https://au-portal.li (77 more) ..."}|0x67a03538
15:45:18.0 (149491194)|VARIABLE_ASSIGNMENT|[EXTERNAL]|this|{"currentUser":"0x3bcb9cb","isSAUser":false,"iTypeOfScreen":61,"urlReportsSFA":"https://au-portal.li (77 more) ..."}|0x67a03538
15:45:18.0 (149535829)|VARIABLE_ASSIGNMENT|[EXTERNAL]|this|{"currentUser":"0x3bcb9cb","isSAUser":false,"iTypeOfScreen":61,"urlReportsSFA":"https://au-portal.li (77 more) ..."}|0x67a03538
15:45:18.0 (149577954)|VARIABLE_ASSIGNMENT|[EXTERNAL]|this|{"currentUser":"0x3bcb9cb","isSAUser":false,"iTypeOfScreen":61,"urlReportsSFA":"https://au-portal.li (77 more) ..."}|0x67a03538
15:45:18.0 (149615359)|VARIABLE_ASSIGNMENT|[EXTERNAL]|this|{"currentUser":"0x3bcb9cb","isSAUser":false,"iTypeOfScreen":61,"urlReportsSFA":"https://au-portal.li (77 more) ..."}|0x67a03538
15:45:18.0 (149654882)|VARIABLE_ASSIGNMENT|[EXTERNAL]|this|{"currentUser":"0x3bcb9cb","isSAUser":false,"iTypeOfScreen":61,"urlReportsSFA":"https://au-portal.li (77 more) ..."}|0x67a03538
15:45:18.0 (149694270)|VARIABLE_ASSIGNMENT|[EXTERNAL]|this|{"currentUser":"0x3bcb9cb","isSAUser":false,"iTypeOfScreen":61,"urlReportsSFA":"https://au-portal.li (77 more) ..."}|0x67a03538
15:45:18.0 (149729453)|VARIABLE_ASSIGNMENT|[EXTERNAL]|this|{"currentUser":"0x3bcb9cb","isSAUser":false,"iTypeOfScreen":61,"urlReportsSFA":"https://au-portal.li (77 more) ..."}|0x67a03538
15:45:18.0 (149750704)|HEAP_ALLOCATE|[89]|Bytes:5
15:45:18.0 (149842023)|SYSTEM_MODE_ENTER|true
15:45:18.0 (149892803)|HEAP_ALLOCATE|[EXTERNAL]|Bytes:44
15:45:18.0 (149902553)|VARIABLE_SCOPE_BEGIN|[106]|this|auMainTopCompCtrl|true|false
15:45:18.0 (149942167)|VARIABLE_ASSIGNMENT|[106]|this|{"currentUser":"0x3bcb9cb","isSAUser":false,"iTypeOfScreen":61,"urlReportsSFA":"https://au-portal.li (77 more) ..."}|0x67a03538
15:45:18.0 (149957776)|STATEMENT_EXECUTE|[106]
15:45:18.0 (149959957)|STATEMENT_EXECUTE|[107]
15:45:18.0 (149992884)|VARIABLE_ASSIGNMENT|[EXTERNAL]|this|{"currentUser":"0x3bcb9cb","isSAUser":false,"iTypeOfScreen":61,"urlReportsSFA":"https://au-portal.li (77 more) ..."}|0x67a03538
15:45:18.0 (150015599)|HEAP_ALLOCATE|[107]|Bytes:5
15:45:18.0 (150084733)|SYSTEM_MODE_ENTER|true
15:45:18.0 (150125526)|HEAP_ALLOCATE|[EXTERNAL]|Bytes:44
15:45:18.0 (150133487)|VARIABLE_SCOPE_BEGIN|[110]|this|auMainTopCompCtrl|true|false
15:45:18.0 (150173416)|VARIABLE_ASSIGNMENT|[110]|this|{"currentUser":"0x3bcb9cb","isSAUser":false,"iTypeOfScreen":61,"urlReportsSFA":"https://au-portal.li (77 more) ..."}|0x67a03538
15:45:18.0 (150189686)|STATEMENT_EXECUTE|[110]
15:45:18.0 (150192310)|STATEMENT_EXECUTE|[111]
15:45:18.0 (150224885)|VARIABLE_ASSIGNMENT|[EXTERNAL]|this|{"currentUser":"0x3bcb9cb","isSAUser":false,"iTypeOfScreen":61,"urlReportsSFA":"https://au-portal.li (77 more) ..."}|0x67a03538
15:45:18.0 (150243971)|HEAP_ALLOCATE|[111]|Bytes:5
15:45:18.0 (150484000)|SYSTEM_MODE_ENTER|true
15:45:18.0 (150533745)|HEAP_ALLOCATE|[EXTERNAL]|Bytes:44
15:45:18.0 (150543940)|VARIABLE_SCOPE_BEGIN|[187]|this|auMainTopCompCtrl|true|false
15:45:18.0 (150583159)|VARIABLE_ASSIGNMENT|[187]|this|{"currentUser":"0x3bcb9cb","isSAUser":false,"iTypeOfScreen":61,"urlReportsSFA":"https://au-portal.li (77 more) ..."}|0x67a03538
15:45:18.0 (150598223)|STATEMENT_EXECUTE|[187]
15:45:18.0 (150600599)|STATEMENT_EXECUTE|[188]
15:45:18.0 (150649683)|VARIABLE_ASSIGNMENT|[EXTERNAL]|this|{"currentUser":"0x3bcb9cb","isSAUser":false,"iTypeOfScreen":61,"urlReportsSFA":"https://au-portal.li (77 more) ..."}|0x67a03538
15:45:18.0 (150676653)|HEAP_ALLOCATE|[188]|Bytes:5
15:45:18.0 (150875641)|SYSTEM_MODE_ENTER|true
15:45:18.0 (152776800)|SYSTEM_MODE_ENTER|true
15:45:18.0 (152841683)|HEAP_ALLOCATE|[EXTERNAL]|Bytes:44
15:45:18.0 (152852954)|VARIABLE_SCOPE_BEGIN|[114]|this|auMainTopCompCtrl|true|false
15:45:18.0 (152905581)|VARIABLE_ASSIGNMENT|[114]|this|{"currentUser":"0x3bcb9cb","isSAUser":false,"iTypeOfScreen":61,"urlReportsSFA":"https://au-portal.li (77 more) ..."}|0x67a03538
15:45:18.0 (152918087)|STATEMENT_EXECUTE|[114]
15:45:18.0 (152920790)|STATEMENT_EXECUTE|[115]
15:45:18.0 (152958832)|VARIABLE_ASSIGNMENT|[EXTERNAL]|this|{"currentUser":"0x3bcb9cb","isSAUser":false,"iTypeOfScreen":61,"urlReportsSFA":"https://au-portal.li (77 more) ..."}|0x67a03538
15:45:18.0 (152985994)|HEAP_ALLOCATE|[115]|Bytes:5
15:45:18.0 (154146619)|SYSTEM_MODE_ENTER|true
15:45:18.0 (154203266)|HEAP_ALLOCATE|[EXTERNAL]|Bytes:72
15:45:18.0 (154293148)|VARIABLE_ASSIGNMENT|[EXTERNAL]|this|{"currentMessage":"0x3fca3579","isIPhone":false,"isTabMsgRead":false,"lsMsg":"0x4aac15c1","messageError":"正しいデーターを入れてください。","messageQuestion":"","myUser":"0x2b4370cf"}|0x1d0d4d60
15:45:18.0 (154324140)|SYSTEM_MODE_ENTER|false
15:45:18.0 (154345767)|HEAP_ALLOCATE|[181]|Bytes:5
15:45:18.0 (154356362)|STATEMENT_EXECUTE|[180]
15:45:18.0 (154359316)|STATEMENT_EXECUTE|[181]
15:45:18.0 (154383592)|METHOD_ENTRY|[181]||System.UserInfo.getTimeZone()
15:45:18.0 (154747056)|METHOD_EXIT|[181]||System.UserInfo.getTimeZone()
15:45:18.0 (154768912)|VARIABLE_SCOPE_BEGIN|[181]|tz|System.TimeZone|true|false
15:45:18.0 (154807284)|VARIABLE_ASSIGNMENT|[181]|tz|{"delegate":"0x548616eb"}|0x7cfe7300
15:45:18.0 (154824698)|STATEMENT_EXECUTE|[183]
15:45:18.0 (154892012)|HEAP_ALLOCATE|[183]|Bytes:56
15:45:18.0 (154919800)|METHOD_ENTRY|[183]||System.TimeZone.getOffset(Datetime)
15:45:18.0 (154951176)|METHOD_EXIT|[183]||System.TimeZone.getOffset(Datetime)
15:45:18.0 (155012202)|HEAP_ALLOCATE|[183]|Bytes:28
15:45:18.0 (155034457)|HEAP_ALLOCATE|[183]|Bytes:28
15:45:18.0 (155043778)|HEAP_ALLOCATE|[183]|Bytes:4
15:45:18.0 (155059296)|HEAP_ALLOCATE|[183]|Bytes:28
15:45:18.0 (155118429)|HEAP_ALLOCATE|[183]|Bytes:28
15:45:18.0 (155241162)|HEAP_ALLOCATE|[183]|Bytes:28
15:45:18.0 (155256376)|HEAP_ALLOCATE|[183]|Bytes:28
15:45:18.0 (155284827)|HEAP_ALLOCATE|[183]|Bytes:12
15:45:18.0 (155296801)|SYSTEM_MODE_EXIT|false
15:45:18.0 (161246013)|VF_SERIALIZE_VIEWSTATE_BEGIN|0666F000005wW3R
15:45:18.0 (166391893)|VF_SERIALIZE_VIEWSTATE_END
15:45:18.174 (174411393)|CUMULATIVE_LIMIT_USAGE
15:45:18.174 (174411393)|LIMIT_USAGE_FOR_NS|(default)|
  Number of SOQL queries: 4 out of 100
  Number of query rows: 4 out of 50000
  Number of SOSL queries: 0 out of 20
  Number of DML statements: 0 out of 150
  Number of DML rows: 0 out of 10000
  Maximum CPU time: 0 out of 10000
  Maximum heap size: 0 out of 6000000
  Number of callouts: 0 out of 100
  Number of Email Invocations: 0 out of 10
  Number of future calls: 0 out of 50
  Number of queueable jobs added to the queue: 0 out of 50
  Number of Mobile Apex push calls: 0 out of 10

15:45:18.174 (174411393)|CUMULATIVE_LIMIT_USAGE_END

15:45:18.0 (174477671)|CODE_UNIT_FINISHED|VF: /apex/saTasks
15:45:18.0 (175940749)|EXECUTION_FINISHED
