41.0 APEX_CODE,FINEST;APEX_PROFILING,INFO;CALLOUT,INFO;DB,INFO;SYSTEM,DEBUG;VALIDATION,INFO;VISUALFORCE,INFO;WAVE,INFO;WORKFLOW,INFO
11:49:44.0 (71690)|USER_INFO|[EXTERNAL]|0056F000006PtYl|gwadmin@gw.jp.kddi|日本標準時|GMT+09:00
11:49:44.0 (279704)|EXECUTION_STARTED
11:49:44.0 (285431)|CODE_UNIT_STARTED|[EXTERNAL]|0666F000006A0wk|VF: /apex/auDailyReport
11:49:44.0 (4074319)|SYSTEM_MODE_ENTER|true
11:49:44.0 (4714253)|HEAP_ALLOCATE|[72]|Bytes:3
11:49:44.0 (4826767)|HEAP_ALLOCATE|[77]|Bytes:152
11:49:44.0 (4855646)|HEAP_ALLOCATE|[342]|Bytes:408
11:49:44.0 (4878998)|HEAP_ALLOCATE|[355]|Bytes:408
11:49:44.0 (4899634)|HEAP_ALLOCATE|[467]|Bytes:48
11:49:44.0 (4984820)|HEAP_ALLOCATE|[139]|Bytes:6
11:49:44.0 (5017733)|HEAP_ALLOCATE|[EXTERNAL]|Bytes:3
11:49:44.0 (5076793)|METHOD_ENTRY|[1]|01p6F000006ymEM|auDailyReportCtrl.auDailyReportCtrl()
11:49:44.0 (5088267)|STATEMENT_EXECUTE|[1]
11:49:44.0 (5096494)|STATEMENT_EXECUTE|[1]
11:49:44.0 (5145202)|HEAP_ALLOCATE|[50]|Bytes:5
11:49:44.0 (5183342)|HEAP_ALLOCATE|[56]|Bytes:5
11:49:44.0 (5199693)|HEAP_ALLOCATE|[64]|Bytes:7
11:49:44.0 (5246182)|SYSTEM_MODE_ENTER|false
11:49:44.0 (5269013)|HEAP_ALLOCATE|[EXTERNAL]|Bytes:5
11:49:44.0 (5282155)|SYSTEM_MODE_EXIT|false
11:49:44.0 (5314631)|METHOD_EXIT|[1]|auDailyReportCtrl
11:49:44.0 (5337608)|HEAP_ALLOCATE|[EXTERNAL]|Bytes:4
11:49:44.0 (5351256)|VARIABLE_SCOPE_BEGIN|[3]|this|auDailyReportCtrl|true|false
11:49:44.0 (5426207)|VARIABLE_ASSIGNMENT|[3]|this|{}|0xfcd798d
11:49:44.0 (5455841)|SYSTEM_MODE_ENTER|false
11:49:44.0 (5466688)|HEAP_ALLOCATE|[EXTERNAL]|Bytes:5
11:49:44.0 (5474851)|STATEMENT_EXECUTE|[1]
11:49:44.0 (5484710)|HEAP_ALLOCATE|[EXTERNAL]|Bytes:5
11:49:44.0 (5500704)|HEAP_ALLOCATE|[EXTERNAL]|Bytes:6
11:49:44.0 (5548459)|STATEMENT_EXECUTE|[3]
11:49:44.0 (5571174)|SYSTEM_MODE_EXIT|false
11:49:44.0 (5747512)|HEAP_ALLOCATE|[EXTERNAL]|Bytes:4
11:49:44.0 (5761890)|VARIABLE_SCOPE_BEGIN|[7]|this|auDailyReportCtrl|true|false
11:49:44.0 (5794266)|VARIABLE_ASSIGNMENT|[7]|this|{}|0xfcd798d
11:49:44.0 (5822400)|SYSTEM_MODE_ENTER|false
11:49:44.0 (5833476)|HEAP_ALLOCATE|[9]|Bytes:5
11:49:44.0 (5841598)|STATEMENT_EXECUTE|[7]
11:49:44.0 (5844459)|STATEMENT_EXECUTE|[9]
11:49:44.0 (6968210)|HEAP_ALLOCATE|[9]|Bytes:136
11:49:44.0 (7103508)|SYSTEM_MODE_EXIT|false
11:49:44.9 (9038623)|CUMULATIVE_LIMIT_USAGE
11:49:44.9 (9038623)|LIMIT_USAGE_FOR_NS|(default)|
  Number of SOQL queries: 0 out of 100
  Number of query rows: 0 out of 50000
  Number of SOSL queries: 0 out of 20
  Number of DML statements: 0 out of 150
  Number of DML rows: 0 out of 10000
  Maximum CPU time: 0 out of 10000
  Maximum heap size: 0 out of 6000000
  Number of callouts: 0 out of 100
  Number of Email Invocations: 0 out of 10
  Number of future calls: 0 out of 50
  Number of queueable jobs added to the queue: 0 out of 50
  Number of Mobile Apex push calls: 0 out of 10

11:49:44.9 (9038623)|CUMULATIVE_LIMIT_USAGE_END

11:49:44.0 (9071662)|CODE_UNIT_FINISHED|VF: /apex/auDailyReport
11:49:44.0 (9926897)|EXECUTION_FINISHED
