42.0 APEX_CODE,FINEST;APEX_PROFILING,INFO;CALLOUT,INFO;DB,INFO;SYSTEM,DEBUG;VALIDATION,INFO;VISUALFORCE,INFO;WAVE,INFO;WORKFLOW,INFO
Execute Anonymous: List<User> lsUsr = [Select Id, ForcePasswordReset__c From USer Where CreatedDate=TODAY AND KDDIEmployeeId__c!=NULL LIMIT 110];
Execute Anonymous: 
Execute Anonymous: For (User usr : lsUsr) {
Execute Anonymous: 	System.setPassword(usr.Id, 'aU000000');
Execute Anonymous: }
Execute Anonymous: 
Execute Anonymous: Update lsUsr;
17:34:11.0 (814093)|USER_INFO|[EXTERNAL]|0056F000006PtYl|gwadmin@gw.jp.kddi|日本標準時|GMT+09:00
17:34:11.0 (835232)|EXECUTION_STARTED
17:34:11.0 (840215)|CODE_UNIT_STARTED|[EXTERNAL]|execute_anonymous_apex
17:34:11.0 (1001911)|VARIABLE_SCOPE_BEGIN|[1]|lsUsr|List<User>|true|false
17:34:11.0 (1123727)|HEAP_ALLOCATE|[72]|Bytes:3
17:34:11.0 (1169181)|HEAP_ALLOCATE|[77]|Bytes:152
17:34:11.0 (1183207)|HEAP_ALLOCATE|[342]|Bytes:408
17:34:11.0 (1194979)|HEAP_ALLOCATE|[355]|Bytes:408
17:34:11.0 (1205979)|HEAP_ALLOCATE|[467]|Bytes:48
17:34:11.0 (1231321)|HEAP_ALLOCATE|[139]|Bytes:6
17:34:11.0 (1251639)|HEAP_ALLOCATE|[EXTERNAL]|Bytes:7
17:34:11.0 (1387526)|STATEMENT_EXECUTE|[1]
17:34:11.0 (1390440)|STATEMENT_EXECUTE|[1]
17:34:11.0 (1393923)|HEAP_ALLOCATE|[1]|Bytes:110
17:34:11.0 (1409141)|HEAP_ALLOCATE|[1]|Bytes:4
17:34:11.0 (1443620)|HEAP_ALLOCATE|[50]|Bytes:5
17:34:11.0 (1460738)|HEAP_ALLOCATE|[56]|Bytes:5
17:34:11.0 (1467587)|HEAP_ALLOCATE|[64]|Bytes:7
17:34:11.0 (1901071)|SOQL_EXECUTE_BEGIN|[1]|Aggregations:0|SELECT Id, ForcePasswordReset__c FROM USer WHERE (CreatedDate = TODAY AND KDDIEmployeeId__c != NULL) LIMIT 110
17:34:11.0 (25313282)|SOQL_EXECUTE_END|[1]|Rows:3
17:34:11.0 (25343519)|HEAP_ALLOCATE|[1]|Bytes:16
17:34:11.0 (25359460)|HEAP_ALLOCATE|[1]|Bytes:174
17:34:11.0 (25396283)|HEAP_ALLOCATE|[1]|Bytes:16
17:34:11.0 (25490922)|VARIABLE_ASSIGNMENT|[1]|lsUsr|[{"Id":"0056F000007eVmoQAE","ForcePasswordReset__ (1 more) ...":false},{"Id":"0056F000007eVmpQAE","ForcePasswordReset__ (1 more) ...":false},{"Id":"0056F000007eVmqQAE","ForcePasswordReset__ (1 more) ...":false}]|0x1dac5c93
17:34:11.0 (25693317)|HEAP_ALLOCATE|[3]|Bytes:5
17:34:11.0 (25725302)|HEAP_ALLOCATE|[3]|Bytes:12
17:34:11.0 (25735626)|VARIABLE_SCOPE_BEGIN|[3]|usr|User|true|false
17:34:11.0 (25754686)|VARIABLE_ASSIGNMENT|[3]|usr|{"Id":"0056F000007eVmoQAE","ForcePasswordReset__ (1 more) ...":false}|0x2dadf838
17:34:11.0 (25762533)|STATEMENT_EXECUTE|[3]
17:34:11.0 (25765028)|STATEMENT_EXECUTE|[4]
17:34:11.0 (25789921)|HEAP_ALLOCATE|[4]|Bytes:8
17:34:11.0 (25876985)|DML_BEGIN|[4]|Op:setPassword|Type:User|Rows:1
17:34:11.0 (76660066)|DML_END|[4]
17:34:11.0 (76711317)|HEAP_ALLOCATE|[3]|Bytes:5
17:34:11.0 (76736478)|HEAP_ALLOCATE|[3]|Bytes:12
17:34:11.0 (76747088)|VARIABLE_SCOPE_BEGIN|[3]|usr|User|true|false
17:34:11.0 (76783510)|VARIABLE_ASSIGNMENT|[3]|usr|{"Id":"0056F000007eVmpQAE","ForcePasswordReset__ (1 more) ...":false}|0x7c1ff2d1
17:34:11.0 (76791863)|STATEMENT_EXECUTE|[3]
17:34:11.0 (76794268)|STATEMENT_EXECUTE|[4]
17:34:11.0 (76835830)|DML_BEGIN|[4]|Op:setPassword|Type:User|Rows:1
17:34:11.0 (121403022)|DML_END|[4]
17:34:11.0 (121447421)|HEAP_ALLOCATE|[3]|Bytes:5
17:34:11.0 (121468737)|HEAP_ALLOCATE|[3]|Bytes:12
17:34:11.0 (121478682)|VARIABLE_SCOPE_BEGIN|[3]|usr|User|true|false
17:34:11.0 (121512302)|VARIABLE_ASSIGNMENT|[3]|usr|{"Id":"0056F000007eVmqQAE","ForcePasswordReset__ (1 more) ...":false}|0x4d16fac7
17:34:11.0 (121521071)|STATEMENT_EXECUTE|[3]
17:34:11.0 (121523707)|STATEMENT_EXECUTE|[4]
17:34:11.0 (121559711)|DML_BEGIN|[4]|Op:setPassword|Type:User|Rows:1
17:34:11.0 (163150586)|DML_END|[4]
17:34:11.0 (163194696)|HEAP_ALLOCATE|[3]|Bytes:5
17:34:11.0 (163222988)|VARIABLE_ASSIGNMENT|[3]|usr|null|
17:34:11.0 (163230024)|STATEMENT_EXECUTE|[7]
17:34:11.0 (163281014)|DML_BEGIN|[7]|Op:Update|Type:User|Rows:3
17:34:11.0 (163301901)|HEAP_ALLOCATE|[EXTERNAL]|Bytes:16
17:34:11.0 (240900781)|DML_END|[7]
17:34:11.0 (240965948)|HEAP_ALLOCATE|[EXTERNAL]|Bytes:16
17:34:11.254 (254721891)|CUMULATIVE_LIMIT_USAGE
17:34:11.254 (254721891)|LIMIT_USAGE_FOR_NS|(default)|
  Number of SOQL queries: 1 out of 100
  Number of query rows: 3 out of 50000
  Number of SOSL queries: 0 out of 20
  Number of DML statements: 4 out of 150
  Number of DML rows: 6 out of 10000
  Maximum CPU time: 0 out of 10000
  Maximum heap size: 0 out of 6000000
  Number of callouts: 0 out of 100
  Number of Email Invocations: 0 out of 10
  Number of future calls: 0 out of 50
  Number of queueable jobs added to the queue: 0 out of 50
  Number of Mobile Apex push calls: 0 out of 10

17:34:11.254 (254721891)|CUMULATIVE_LIMIT_USAGE_END

17:34:11.0 (254773511)|CODE_UNIT_FINISHED|execute_anonymous_apex
17:34:11.0 (255648003)|EXECUTION_FINISHED
