38.0 APEX_CODE,FINEST;APEX_PROFILING,INFO;CALLOUT,INFO;DB,INFO;SYSTEM,DEBUG;VALIDATION,INFO;VISUALFORCE,INFO;WAVE,INFO;WORKFLOW,INFO
16:25:02.0 (64226)|USER_INFO|[EXTERNAL]|0056F000006PtYl|gwadmin@gw.jp.kddi|日本標準時|GMT+09:00
16:25:02.0 (100089)|EXECUTION_STARTED
16:25:02.0 (104282)|CODE_UNIT_STARTED|[EXTERNAL]|0666F000006TarA|VF: /apex/auSwitchScreenPage
16:25:02.0 (17301411)|SYSTEM_MODE_ENTER|true
16:25:02.0 (17605975)|VARIABLE_SCOPE_BEGIN|[7]|auMainTopCompCtrl.TYPE_SCREEN_CX_SCREEN|Integer|false|true
16:25:02.0 (17619443)|VARIABLE_SCOPE_BEGIN|[8]|auMainTopCompCtrl.TYPE_SCREEN_CX_TIMELINE|Integer|false|true
16:25:02.0 (17626910)|VARIABLE_SCOPE_BEGIN|[9]|auMainTopCompCtrl.TYPE_SCREEN_EVENT_SCHEDULE|Integer|false|true
16:25:02.0 (17634374)|VARIABLE_SCOPE_BEGIN|[10]|auMainTopCompCtrl.TYPE_SCREEN_EVENT_SCHEDULE_LIST|Integer|false|true
16:25:02.0 (17641817)|VARIABLE_SCOPE_BEGIN|[11]|auMainTopCompCtrl.TYPE_SCREEN_KNOWLEDGE_DASHBOARD|Integer|false|true
16:25:02.0 (17648865)|VARIABLE_SCOPE_BEGIN|[12]|auMainTopCompCtrl.TYPE_SCREEN_KNOWLEDGE_LIST|Integer|false|true
16:25:02.0 (17655685)|VARIABLE_SCOPE_BEGIN|[15]|auMainTopCompCtrl.TYPE_SCREEN_SA_CHATTER|Integer|false|true
16:25:02.0 (17662542)|VARIABLE_SCOPE_BEGIN|[16]|auMainTopCompCtrl.TYPE_SCREEN_SA_DAILYREPORT|Integer|false|true
16:25:02.0 (17669588)|VARIABLE_SCOPE_BEGIN|[22]|auMainTopCompCtrl.TYPE_SCREEN_SA_DAILYREPORTLIST|Integer|false|true
16:25:02.0 (17676938)|VARIABLE_SCOPE_BEGIN|[18]|auMainTopCompCtrl.TYPE_SCREEN_SA_DOCUMENTS|Integer|false|true
16:25:02.0 (17683798)|VARIABLE_SCOPE_BEGIN|[17]|auMainTopCompCtrl.TYPE_SCREEN_SA_ENQUETE|Integer|false|true
16:25:02.0 (17690869)|VARIABLE_SCOPE_BEGIN|[20]|auMainTopCompCtrl.TYPE_SCREEN_SA_LINKS|Integer|false|true
16:25:02.0 (17697722)|VARIABLE_SCOPE_BEGIN|[13]|auMainTopCompCtrl.TYPE_SCREEN_SA_MESSAGES|Integer|false|true
16:25:02.0 (17704648)|VARIABLE_SCOPE_BEGIN|[19]|auMainTopCompCtrl.TYPE_SCREEN_SA_RANKING|Integer|false|true
16:25:02.0 (17711808)|VARIABLE_SCOPE_BEGIN|[14]|auMainTopCompCtrl.TYPE_SCREEN_SA_REPORTS|Integer|false|true
16:25:02.0 (17718963)|VARIABLE_SCOPE_BEGIN|[21]|auMainTopCompCtrl.TYPE_SCREEN_SA_USRSETTINGS|Integer|false|true
16:25:02.0 (17726005)|VARIABLE_SCOPE_BEGIN|[4]|auMainTopCompCtrl.TYPE_SCREEN_STPD_EVENT|Integer|false|true
16:25:02.0 (17733214)|VARIABLE_SCOPE_BEGIN|[6]|auMainTopCompCtrl.TYPE_SCREEN_STPD_SCREEN|Integer|false|true
16:25:02.0 (17740384)|VARIABLE_SCOPE_BEGIN|[5]|auMainTopCompCtrl.TYPE_SCREEN_STPD_TIMELINE|Integer|false|true
16:25:02.0 (17748345)|VARIABLE_SCOPE_BEGIN|[3]|auMainTopCompCtrl.TYPE_SCREEN_SWITCH|Integer|false|true
16:25:02.0 (17858891)|HEAP_ALLOCATE|[72]|Bytes:3
16:25:02.0 (17889475)|HEAP_ALLOCATE|[77]|Bytes:152
16:25:02.0 (17901103)|HEAP_ALLOCATE|[342]|Bytes:408
16:25:02.0 (17913018)|HEAP_ALLOCATE|[355]|Bytes:408
16:25:02.0 (17924928)|HEAP_ALLOCATE|[467]|Bytes:48
16:25:02.0 (17951259)|HEAP_ALLOCATE|[139]|Bytes:6
16:25:02.0 (17966178)|HEAP_ALLOCATE|[EXTERNAL]|Bytes:288
16:25:02.0 (17973740)|HEAP_ALLOCATE|[EXTERNAL]|Bytes:114
16:25:02.0 (17985523)|METHOD_ENTRY|[1]|01p6F0000084OtI|auMainTopCompCtrl.auMainTopCompCtrl()
16:25:02.0 (17992530)|STATEMENT_EXECUTE|[1]
16:25:02.0 (17996286)|STATEMENT_EXECUTE|[1]
16:25:02.0 (17997881)|STATEMENT_EXECUTE|[3]
16:25:02.0 (18002975)|HEAP_ALLOCATE|[3]|Bytes:4
16:25:02.0 (18025706)|VARIABLE_ASSIGNMENT|[3]|auMainTopCompCtrl.TYPE_SCREEN_SWITCH|0
16:25:02.0 (18031023)|STATEMENT_EXECUTE|[4]
16:25:02.0 (18033975)|HEAP_ALLOCATE|[4]|Bytes:4
16:25:02.0 (18041547)|VARIABLE_ASSIGNMENT|[4]|auMainTopCompCtrl.TYPE_SCREEN_STPD_EVENT|11
16:25:02.0 (18045905)|STATEMENT_EXECUTE|[5]
16:25:02.0 (18048535)|HEAP_ALLOCATE|[5]|Bytes:4
16:25:02.0 (18054854)|VARIABLE_ASSIGNMENT|[5]|auMainTopCompCtrl.TYPE_SCREEN_STPD_TIMELINE|12
16:25:02.0 (18058866)|STATEMENT_EXECUTE|[6]
16:25:02.0 (18061007)|HEAP_ALLOCATE|[6]|Bytes:4
16:25:02.0 (18067102)|VARIABLE_ASSIGNMENT|[6]|auMainTopCompCtrl.TYPE_SCREEN_STPD_SCREEN|13
16:25:02.0 (18070752)|STATEMENT_EXECUTE|[7]
16:25:02.0 (18073138)|HEAP_ALLOCATE|[7]|Bytes:4
16:25:02.0 (18078256)|VARIABLE_ASSIGNMENT|[7]|auMainTopCompCtrl.TYPE_SCREEN_CX_SCREEN|21
16:25:02.0 (18082073)|STATEMENT_EXECUTE|[8]
16:25:02.0 (18084170)|HEAP_ALLOCATE|[8]|Bytes:4
16:25:02.0 (18089312)|VARIABLE_ASSIGNMENT|[8]|auMainTopCompCtrl.TYPE_SCREEN_CX_TIMELINE|22
16:25:02.0 (18093082)|STATEMENT_EXECUTE|[9]
16:25:02.0 (18095346)|HEAP_ALLOCATE|[9]|Bytes:4
16:25:02.0 (18100623)|VARIABLE_ASSIGNMENT|[9]|auMainTopCompCtrl.TYPE_SCREEN_EVENT_SCHEDULE|31
16:25:02.0 (18104518)|STATEMENT_EXECUTE|[10]
16:25:02.0 (18106811)|HEAP_ALLOCATE|[10]|Bytes:4
16:25:02.0 (18112543)|VARIABLE_ASSIGNMENT|[10]|auMainTopCompCtrl.TYPE_SCREEN_EVENT_SCHEDULE_LIST|32
16:25:02.0 (18116275)|STATEMENT_EXECUTE|[11]
16:25:02.0 (18118567)|HEAP_ALLOCATE|[11]|Bytes:4
16:25:02.0 (18123948)|VARIABLE_ASSIGNMENT|[11]|auMainTopCompCtrl.TYPE_SCREEN_KNOWLEDGE_DASHBOARD|41
16:25:02.0 (18127673)|STATEMENT_EXECUTE|[12]
16:25:02.0 (18129664)|HEAP_ALLOCATE|[12]|Bytes:4
16:25:02.0 (18135136)|VARIABLE_ASSIGNMENT|[12]|auMainTopCompCtrl.TYPE_SCREEN_KNOWLEDGE_LIST|42
16:25:02.0 (18138677)|STATEMENT_EXECUTE|[13]
16:25:02.0 (18140859)|HEAP_ALLOCATE|[13]|Bytes:4
16:25:02.0 (18146720)|VARIABLE_ASSIGNMENT|[13]|auMainTopCompCtrl.TYPE_SCREEN_SA_MESSAGES|51
16:25:02.0 (18150468)|STATEMENT_EXECUTE|[14]
16:25:02.0 (18152722)|HEAP_ALLOCATE|[14]|Bytes:4
16:25:02.0 (18158571)|VARIABLE_ASSIGNMENT|[14]|auMainTopCompCtrl.TYPE_SCREEN_SA_REPORTS|52
16:25:02.0 (18167404)|STATEMENT_EXECUTE|[15]
16:25:02.0 (18169912)|HEAP_ALLOCATE|[15]|Bytes:4
16:25:02.0 (18175616)|VARIABLE_ASSIGNMENT|[15]|auMainTopCompCtrl.TYPE_SCREEN_SA_CHATTER|53
16:25:02.0 (18179660)|STATEMENT_EXECUTE|[16]
16:25:02.0 (18181797)|HEAP_ALLOCATE|[16]|Bytes:4
16:25:02.0 (18187357)|VARIABLE_ASSIGNMENT|[16]|auMainTopCompCtrl.TYPE_SCREEN_SA_DAILYREPORT|54
16:25:02.0 (18191352)|STATEMENT_EXECUTE|[17]
16:25:02.0 (18193489)|HEAP_ALLOCATE|[17]|Bytes:4
16:25:02.0 (18198781)|VARIABLE_ASSIGNMENT|[17]|auMainTopCompCtrl.TYPE_SCREEN_SA_ENQUETE|55
16:25:02.0 (18202401)|STATEMENT_EXECUTE|[18]
16:25:02.0 (18204435)|HEAP_ALLOCATE|[18]|Bytes:4
16:25:02.0 (18209896)|VARIABLE_ASSIGNMENT|[18]|auMainTopCompCtrl.TYPE_SCREEN_SA_DOCUMENTS|56
16:25:02.0 (18213343)|STATEMENT_EXECUTE|[19]
16:25:02.0 (18215307)|HEAP_ALLOCATE|[19]|Bytes:4
16:25:02.0 (18221024)|VARIABLE_ASSIGNMENT|[19]|auMainTopCompCtrl.TYPE_SCREEN_SA_RANKING|57
16:25:02.0 (18224539)|STATEMENT_EXECUTE|[20]
16:25:02.0 (18226640)|HEAP_ALLOCATE|[20]|Bytes:4
16:25:02.0 (18232118)|VARIABLE_ASSIGNMENT|[20]|auMainTopCompCtrl.TYPE_SCREEN_SA_LINKS|58
16:25:02.0 (18235604)|STATEMENT_EXECUTE|[21]
16:25:02.0 (18237685)|HEAP_ALLOCATE|[21]|Bytes:4
16:25:02.0 (18243844)|VARIABLE_ASSIGNMENT|[21]|auMainTopCompCtrl.TYPE_SCREEN_SA_USRSETTINGS|59
16:25:02.0 (18247315)|STATEMENT_EXECUTE|[22]
16:25:02.0 (18249495)|HEAP_ALLOCATE|[22]|Bytes:4
16:25:02.0 (18255382)|VARIABLE_ASSIGNMENT|[22]|auMainTopCompCtrl.TYPE_SCREEN_SA_DAILYREPORTLIST|60
16:25:02.0 (18262644)|METHOD_EXIT|[1]|auMainTopCompCtrl
16:25:02.0 (18317307)|HEAP_ALLOCATE|[EXTERNAL]|Bytes:40
16:25:02.0 (18325886)|VARIABLE_SCOPE_BEGIN|[41]|this|auMainTopCompCtrl|true|false
16:25:02.0 (18382241)|VARIABLE_ASSIGNMENT|[41]|this|{}|0x5677ea17
16:25:02.0 (18391025)|STATEMENT_EXECUTE|[1]
16:25:02.0 (18392891)|STATEMENT_EXECUTE|[24]
16:25:02.0 (18394614)|STATEMENT_EXECUTE|[25]
16:25:02.0 (18395953)|STATEMENT_EXECUTE|[26]
16:25:02.0 (18397330)|STATEMENT_EXECUTE|[29]
16:25:02.0 (18398730)|STATEMENT_EXECUTE|[30]
16:25:02.0 (18400130)|STATEMENT_EXECUTE|[31]
16:25:02.0 (18401498)|STATEMENT_EXECUTE|[33]
16:25:02.0 (18402841)|STATEMENT_EXECUTE|[34]
16:25:02.0 (18404322)|STATEMENT_EXECUTE|[36]
16:25:02.0 (18411745)|HEAP_ALLOCATE|[42]|Bytes:6
16:25:02.0 (18465291)|STATEMENT_EXECUTE|[41]
16:25:02.0 (18467295)|STATEMENT_EXECUTE|[42]
16:25:02.0 (18577157)|VARIABLE_ASSIGNMENT|[EXTERNAL]|this|{}|0x5677ea17
16:25:02.0 (18589606)|VARIABLE_ASSIGNMENT|[EXTERNAL]|value|0
16:25:02.0 (18600846)|HEAP_ALLOCATE|[29]|Bytes:4
16:25:02.0 (18610957)|VARIABLE_ASSIGNMENT|[29]|this.iTypeOfScreen|0|0x5677ea17
16:25:02.0 (18621774)|STATEMENT_EXECUTE|[44]
16:25:02.0 (19372039)|HEAP_ALLOCATE|[44]|Bytes:128
16:25:02.0 (19461771)|VARIABLE_ASSIGNMENT|[EXTERNAL]|this|{"iTypeOfScreen":0}|0x5677ea17
16:25:02.0 (19475955)|VARIABLE_ASSIGNMENT|[EXTERNAL]|value|"https://au-portal.li (90 more) ..."
16:25:02.0 (19489345)|VARIABLE_ASSIGNMENT|[34]|this.urlReportsSFA|"https://au-portal.li (90 more) ..."|0x5677ea17
16:25:02.0 (19500007)|STATEMENT_EXECUTE|[46]
16:25:02.0 (19504092)|HEAP_ALLOCATE|[46]|Bytes:173
16:25:02.0 (19520537)|HEAP_ALLOCATE|[46]|Bytes:4
16:25:02.0 (19530577)|HEAP_ALLOCATE|[46]|Bytes:7
16:25:02.0 (19565413)|HEAP_ALLOCATE|[50]|Bytes:85
16:25:02.0 (19576125)|SYSTEM_METHOD_ENTRY|[1]|UserInfo.UserInfo()
16:25:02.0 (19580422)|STATEMENT_EXECUTE|[1]
16:25:02.0 (19586581)|SYSTEM_METHOD_EXIT|[1]|UserInfo
16:25:02.0 (19603396)|METHOD_ENTRY|[50]||System.UserInfo.getUserId()
16:25:02.0 (19673842)|METHOD_EXIT|[50]||System.UserInfo.getUserId()
16:25:02.0 (21895786)|SOQL_EXECUTE_BEGIN|[46]|Aggregations:0|SELECT SmallPhotoUrl, Account.Name, Account.RegionalOfficeId__r.RegionalOfficeName__c, Account.BranchId__r.BranchName__c, Name, Department FROM User WHERE User.ID = :tmpVar1
16:25:02.0 (26507559)|SOQL_EXECUTE_END|[46]|Rows:1
16:25:02.0 (26563614)|HEAP_ALLOCATE|[46]|Bytes:8
16:25:02.0 (26591536)|HEAP_ALLOCATE|[46]|Bytes:81
16:25:02.0 (26690782)|HEAP_ALLOCATE|[46]|Bytes:8
16:25:02.0 (26715779)|HEAP_ALLOCATE|[46]|Bytes:30
16:25:02.0 (26779129)|HEAP_ALLOCATE|[46]|Bytes:16
16:25:02.0 (26864039)|VARIABLE_ASSIGNMENT|[EXTERNAL]|this|{"iTypeOfScreen":0,"urlReportsSFA":"https://au-portal.li (90 more) ..."}|0x5677ea17
16:25:02.0 (26883073)|VARIABLE_ASSIGNMENT|[EXTERNAL]|value|{"SmallPhotoUrl":"/profilephoto/005/T","Name":"GW Admin","Id":"0056F000006PtYlQAK"}|0x7f4085af
16:25:02.0 (26899926)|VARIABLE_ASSIGNMENT|[33]|this.currentUser|{"SmallPhotoUrl":"/profilephoto/005/T","Name":"GW Admin","Id":"0056F000006PtYlQAK"}|0x5677ea17
16:25:02.0 (39776738)|SYSTEM_MODE_ENTER|true
16:25:02.0 (39847899)|HEAP_ALLOCATE|[EXTERNAL]|Bytes:136
16:25:02.0 (39858185)|HEAP_ALLOCATE|[EXTERNAL]|Bytes:10
16:25:02.0 (39868952)|METHOD_ENTRY|[1]|01p6F0000084OtZ|auSwitchScreenCtrl.auSwitchScreenCtrl()
16:25:02.0 (39875903)|STATEMENT_EXECUTE|[1]
16:25:02.0 (39880169)|STATEMENT_EXECUTE|[1]
16:25:02.0 (39890028)|SYSTEM_MODE_ENTER|false
16:25:02.0 (39899709)|HEAP_ALLOCATE|[EXTERNAL]|Bytes:5
16:25:02.0 (39906592)|SYSTEM_MODE_EXIT|false
16:25:02.0 (39914888)|METHOD_EXIT|[1]|auSwitchScreenCtrl
16:25:02.0 (39928430)|HEAP_ALLOCATE|[EXTERNAL]|Bytes:12
16:25:02.0 (39936505)|VARIABLE_SCOPE_BEGIN|[9]|this|auSwitchScreenCtrl|true|false
16:25:02.0 (39978023)|VARIABLE_ASSIGNMENT|[9]|this|{}|0x3aedefdd
16:25:02.0 (39999517)|SYSTEM_MODE_ENTER|false
16:25:02.0 (40009258)|HEAP_ALLOCATE|[11]|Bytes:5
16:25:02.0 (40017315)|STATEMENT_EXECUTE|[1]
16:25:02.0 (40025575)|HEAP_ALLOCATE|[11]|Bytes:5
16:25:02.0 (40031037)|STATEMENT_EXECUTE|[3]
16:25:02.0 (40034185)|STATEMENT_EXECUTE|[4]
16:25:02.0 (40064700)|STATEMENT_EXECUTE|[9]
16:25:02.0 (40067648)|STATEMENT_EXECUTE|[11]
16:25:02.0 (40072865)|HEAP_ALLOCATE|[11]|Bytes:54
16:25:02.0 (40092735)|HEAP_ALLOCATE|[11]|Bytes:4
16:25:02.0 (40116466)|METHOD_ENTRY|[13]||System.UserInfo.getUserId()
16:25:02.0 (40183089)|METHOD_EXIT|[13]||System.UserInfo.getUserId()
16:25:02.0 (41290680)|SOQL_EXECUTE_BEGIN|[11]|Aggregations:0|SELECT Profile.Name FROM User WHERE User.ID = :tmpVar1
16:25:02.0 (48094578)|SOQL_EXECUTE_END|[11]|Rows:1
16:25:02.0 (48118817)|HEAP_ALLOCATE|[11]|Bytes:8
16:25:02.0 (48135784)|HEAP_ALLOCATE|[11]|Bytes:127
16:25:02.0 (48163389)|HEAP_ALLOCATE|[11]|Bytes:8
16:25:02.0 (48183737)|HEAP_ALLOCATE|[11]|Bytes:16
16:25:02.0 (48190951)|VARIABLE_SCOPE_BEGIN|[11]|currentUser|User|true|false
16:25:02.0 (48212944)|VARIABLE_ASSIGNMENT|[11]|currentUser|{"ProfileId":"00e6F000002RS1oQAG","Id":"0056F000006PtYlQAK","Profile":{"Name":"System Administrator","Id":"00e6F000002RS1oQAG"}}|0x32c6b8fb
16:25:02.0 (48220382)|STATEMENT_EXECUTE|[15]
16:25:02.0 (48480399)|VARIABLE_SCOPE_BEGIN|[52]|auConstantCmn.ACCOUNT_CHANNEL_DAIRITEN|String|false|true
16:25:02.0 (48491917)|VARIABLE_SCOPE_BEGIN|[50]|auConstantCmn.ACCOUNT_CHANNEL_SHOP|String|false|true
16:25:02.0 (48498680)|VARIABLE_SCOPE_BEGIN|[51]|auConstantCmn.ACCOUNT_CHANNEL_UNEIHOJIN|String|false|true
16:25:02.0 (48506809)|VARIABLE_SCOPE_BEGIN|[103]|auConstantCmn.CX_KNOWLEDGE_SHARING_NATIONAL|String|false|true
16:25:02.0 (48518652)|VARIABLE_SCOPE_BEGIN|[102]|auConstantCmn.CX_KNOWLEDGE_SHARING_REGIONAL_OFFICE|String|false|true
16:25:02.0 (48529531)|VARIABLE_SCOPE_BEGIN|[108]|auConstantCmn.CX_KNOWLEDGE_STATUS_APPROVED|String|false|true
16:25:02.0 (48540848)|VARIABLE_SCOPE_BEGIN|[109]|auConstantCmn.CX_KNOWLEDGE_STATUS_NATIONAL_APPROVED|String|false|true
16:25:02.0 (48553131)|VARIABLE_SCOPE_BEGIN|[110]|auConstantCmn.CX_KNOWLEDGE_STATUS_REJECTED|String|false|true
16:25:02.0 (48563598)|VARIABLE_SCOPE_BEGIN|[107]|auConstantCmn.CX_KNOWLEDGE_STATUS_SAVED|String|false|true
16:25:02.0 (48570818)|VARIABLE_SCOPE_BEGIN|[106]|auConstantCmn.CX_KNOWLEDGE_STATUS_TEMPORARY_SAVED|String|false|true
16:25:02.0 (48582624)|VARIABLE_SCOPE_BEGIN|[18]|auConstantCmn.FORGOT_PASSWORD_ERR_MESSAGE001|String|false|true
16:25:02.0 (48590293)|VARIABLE_SCOPE_BEGIN|[114]|auConstantCmn.KDDI_KNOWLEDGE_STATUS_SAVED|String|false|true
16:25:02.0 (48597660)|VARIABLE_SCOPE_BEGIN|[113]|auConstantCmn.KDDI_KNOWLEDGE_STATUS_TEMPORARY_SAVED|String|false|true
16:25:02.0 (48605166)|VARIABLE_SCOPE_BEGIN|[12]|auConstantCmn.LOGIN_ERR_MESSAGE001|String|false|true
16:25:02.0 (48613392)|VARIABLE_SCOPE_BEGIN|[13]|auConstantCmn.LOGIN_ERR_MESSAGE002|String|false|true
16:25:02.0 (48625168)|VARIABLE_SCOPE_BEGIN|[14]|auConstantCmn.LOGIN_ERR_MESSAGE003|String|false|true
16:25:02.0 (48637316)|VARIABLE_SCOPE_BEGIN|[15]|auConstantCmn.LOGIN_ERR_MESSAGE004|String|false|true
16:25:02.0 (48650076)|VARIABLE_SCOPE_BEGIN|[89]|auConstantCmn.PAGE_ALIAS_SHOP_CX|String|false|true
16:25:02.0 (48663055)|VARIABLE_SCOPE_BEGIN|[80]|auConstantCmn.PAGE_ALIAS_SHOP_EVENTS|String|false|true
16:25:02.0 (48671810)|VARIABLE_SCOPE_BEGIN|[66]|auConstantCmn.PAGE_ALIAS_SHOP_FORGOTPW|String|false|true
16:25:02.0 (48679053)|VARIABLE_SCOPE_BEGIN|[70]|auConstantCmn.PAGE_ALIAS_SHOP_FORGOTPWCOMP|String|false|true
16:25:02.0 (48686841)|VARIABLE_SCOPE_BEGIN|[77]|auConstantCmn.PAGE_ALIAS_SHOP_HOME|String|false|true
16:25:02.0 (48694175)|VARIABLE_SCOPE_BEGIN|[58]|auConstantCmn.PAGE_ALIAS_SHOP_LOGIN|String|false|true
16:25:02.0 (48709350)|VARIABLE_SCOPE_BEGIN|[62]|auConstantCmn.PAGE_ALIAS_SHOP_LOGOUT|String|false|true
16:25:02.0 (48719366)|VARIABLE_SCOPE_BEGIN|[74]|auConstantCmn.PAGE_ALIAS_SHOP_PASSWORDSIGNUP|String|false|true
16:25:02.0 (48726927)|VARIABLE_SCOPE_BEGIN|[95]|auConstantCmn.PAGE_ALIAS_SHOP_SCHEDULE|String|false|true
16:25:02.0 (48735121)|VARIABLE_SCOPE_BEGIN|[98]|auConstantCmn.PAGE_ALIAS_SHOP_SCHEDULE_LIST|String|false|true
16:25:02.0 (48743255)|VARIABLE_SCOPE_BEGIN|[83]|auConstantCmn.PAGE_ALIAS_SHOP_STPD|String|false|true
16:25:02.0 (48751430)|VARIABLE_SCOPE_BEGIN|[92]|auConstantCmn.PAGE_ALIAS_SHOP_TIMELINE_CX|String|false|true
16:25:02.0 (48759043)|VARIABLE_SCOPE_BEGIN|[86]|auConstantCmn.PAGE_ALIAS_SHOP_TIMELINE_STPD|String|false|true
16:25:02.0 (48766774)|VARIABLE_SCOPE_BEGIN|[88]|auConstantCmn.PAGE_VF_SHOP_CX|String|false|true
16:25:02.0 (48774557)|VARIABLE_SCOPE_BEGIN|[79]|auConstantCmn.PAGE_VF_SHOP_EVENTS|String|false|true
16:25:02.0 (48782531)|VARIABLE_SCOPE_BEGIN|[65]|auConstantCmn.PAGE_VF_SHOP_FORGOTPW|String|false|true
16:25:02.0 (48790506)|VARIABLE_SCOPE_BEGIN|[69]|auConstantCmn.PAGE_VF_SHOP_FORGOTPWCOMP|String|false|true
16:25:02.0 (48798255)|VARIABLE_SCOPE_BEGIN|[76]|auConstantCmn.PAGE_VF_SHOP_HOME|String|false|true
16:25:02.0 (48806132)|VARIABLE_SCOPE_BEGIN|[57]|auConstantCmn.PAGE_VF_SHOP_LOGIN|String|false|true
16:25:02.0 (48814325)|VARIABLE_SCOPE_BEGIN|[61]|auConstantCmn.PAGE_VF_SHOP_LOGOUT|String|false|true
16:25:02.0 (48822307)|VARIABLE_SCOPE_BEGIN|[73]|auConstantCmn.PAGE_VF_SHOP_PASSWORDSIGNUP|String|false|true
16:25:02.0 (48830321)|VARIABLE_SCOPE_BEGIN|[94]|auConstantCmn.PAGE_VF_SHOP_SCHEDULE|String|false|true
16:25:02.0 (48838279)|VARIABLE_SCOPE_BEGIN|[97]|auConstantCmn.PAGE_VF_SHOP_SCHEDULE_LIST|String|false|true
16:25:02.0 (48846284)|VARIABLE_SCOPE_BEGIN|[82]|auConstantCmn.PAGE_VF_SHOP_STPD|String|false|true
16:25:02.0 (48854470)|VARIABLE_SCOPE_BEGIN|[91]|auConstantCmn.PAGE_VF_SHOP_TIMELINE_CX|String|false|true
16:25:02.0 (48862601)|VARIABLE_SCOPE_BEGIN|[85]|auConstantCmn.PAGE_VF_SHOP_TIMELINE_STPD|String|false|true
16:25:02.0 (48870973)|VARIABLE_SCOPE_BEGIN|[26]|auConstantCmn.PASSWORD_SIGNUP_ERR_EXPIREDURL|String|false|true
16:25:02.0 (48879523)|VARIABLE_SCOPE_BEGIN|[29]|auConstantCmn.PASSWORD_SIGNUP_ERR_INTERNAL|String|false|true
16:25:02.0 (48888062)|VARIABLE_SCOPE_BEGIN|[27]|auConstantCmn.PASSWORD_SIGNUP_ERR_INVALIDURL|String|false|true
16:25:02.0 (48896668)|VARIABLE_SCOPE_BEGIN|[21]|auConstantCmn.PASSWORD_SIGNUP_ERR_MESSAGE001|String|false|true
16:25:02.0 (48905200)|VARIABLE_SCOPE_BEGIN|[22]|auConstantCmn.PASSWORD_SIGNUP_ERR_MESSAGE002|String|false|true
16:25:02.0 (48913448)|VARIABLE_SCOPE_BEGIN|[23]|auConstantCmn.PASSWORD_SIGNUP_ERR_MESSAGE003|String|false|true
16:25:02.0 (48922058)|VARIABLE_SCOPE_BEGIN|[24]|auConstantCmn.PASSWORD_SIGNUP_ERR_MESSAGE004|String|false|true
16:25:02.0 (48932455)|VARIABLE_SCOPE_BEGIN|[25]|auConstantCmn.PASSWORD_SIGNUP_ERR_MESSAGE005|String|false|true
16:25:02.0 (48941553)|VARIABLE_SCOPE_BEGIN|[28]|auConstantCmn.PASSWORD_SIGNUP_ERR_OLDURL|String|false|true
16:25:02.0 (48950516)|VARIABLE_SCOPE_BEGIN|[33]|auConstantCmn.PROFILE_COMMUNITY_MANAGEMENT|String|false|true
16:25:02.0 (48959479)|VARIABLE_SCOPE_BEGIN|[34]|auConstantCmn.PROFILE_COMMUNITY_PRIMARY_AGENT|String|false|true
16:25:02.0 (48968923)|VARIABLE_SCOPE_BEGIN|[32]|auConstantCmn.PROFILE_COMMUNITY_SHOP|String|false|true
16:25:02.0 (48978313)|VARIABLE_SCOPE_BEGIN|[44]|auConstantCmn.PROFILE_EVOLVA_ADMIN_USER|String|false|true
16:25:02.0 (48987464)|VARIABLE_SCOPE_BEGIN|[43]|auConstantCmn.PROFILE_EVOLVA_USER|String|false|true
16:25:02.0 (48996530)|VARIABLE_SCOPE_BEGIN|[35]|auConstantCmn.PROFILE_KDDI_BRANCH|String|false|true
16:25:02.0 (49005678)|VARIABLE_SCOPE_BEGIN|[36]|auConstantCmn.PROFILE_KDDI_BRANCH_V2|String|false|true
16:25:02.0 (49016261)|VARIABLE_SCOPE_BEGIN|[39]|auConstantCmn.PROFILE_KDDI_HEADQUARTERS|String|false|true
16:25:02.0 (49025770)|VARIABLE_SCOPE_BEGIN|[40]|auConstantCmn.PROFILE_KDDI_HEADQUARTERS_V2|String|false|true
16:25:02.0 (49035115)|VARIABLE_SCOPE_BEGIN|[37]|auConstantCmn.PROFILE_KDDI_REGIONAL_OFFICE|String|false|true
16:25:02.0 (49044395)|VARIABLE_SCOPE_BEGIN|[38]|auConstantCmn.PROFILE_KDDI_REGIONAL_OFFICE_V2|String|false|true
16:25:02.0 (49053809)|VARIABLE_SCOPE_BEGIN|[42]|auConstantCmn.PROFILE_SA_USER_CSA|String|false|true
16:25:02.0 (49063572)|VARIABLE_SCOPE_BEGIN|[41]|auConstantCmn.PROFILE_SA_USER_SA|String|false|true
16:25:02.0 (49073130)|VARIABLE_SCOPE_BEGIN|[45]|auConstantCmn.PROFILE_SYSADMIN_CUSTOM|String|false|true
16:25:02.0 (49084388)|VARIABLE_SCOPE_BEGIN|[46]|auConstantCmn.PROFILE_SYSADMIN_DEFAULT_EN|String|false|true
16:25:02.0 (49094733)|VARIABLE_SCOPE_BEGIN|[47]|auConstantCmn.PROFILE_SYSADMIN_DEFAULT_JP|String|false|true
16:25:02.0 (49104746)|VARIABLE_SCOPE_BEGIN|[9]|auConstantCmn.ROLE_CODE_EVOLVA_HONBU|String|false|true
16:25:02.0 (49114457)|VARIABLE_SCOPE_BEGIN|[7]|auConstantCmn.ROLE_CODE_HONBU|String|false|true
16:25:02.0 (49124247)|VARIABLE_SCOPE_BEGIN|[8]|auConstantCmn.ROLE_CODE_SA_HONBU|String|false|true
16:25:02.0 (49135216)|VARIABLE_SCOPE_BEGIN|[119]|auConstantCmn.USER_CLASSIFICATION_CONTRACTOR|String|false|true
16:25:02.0 (49145696)|VARIABLE_SCOPE_BEGIN|[118]|auConstantCmn.USER_CLASSIFICATION_CSA|String|false|true
16:25:02.0 (49155627)|VARIABLE_SCOPE_BEGIN|[117]|auConstantCmn.USER_CLASSIFICATION_SA|String|false|true
16:25:02.0 (49168147)|HEAP_ALLOCATE|[15]|Bytes:5
16:25:02.0 (49202969)|VARIABLE_ASSIGNMENT|[15]|auConstantCmn.ACCOUNT_CHANNEL_DAIRITEN|"一次代理店"
16:25:02.0 (49209023)|HEAP_ALLOCATE|[15]|Bytes:6
16:25:02.0 (49215401)|VARIABLE_ASSIGNMENT|[15]|auConstantCmn.ACCOUNT_CHANNEL_SHOP|"auショップ"
16:25:02.0 (49219716)|HEAP_ALLOCATE|[15]|Bytes:4
16:25:02.0 (49225121)|VARIABLE_ASSIGNMENT|[15]|auConstantCmn.ACCOUNT_CHANNEL_UNEIHOJIN|"運営法人"
16:25:02.0 (49229474)|HEAP_ALLOCATE|[15]|Bytes:8
16:25:02.0 (49235039)|VARIABLE_ASSIGNMENT|[15]|auConstantCmn.CX_KNOWLEDGE_SHARING_NATIONAL|"National"
16:25:02.0 (49239613)|HEAP_ALLOCATE|[15]|Bytes:14
16:25:02.0 (49245507)|VARIABLE_ASSIGNMENT|[15]|auConstantCmn.CX_KNOWLEDGE_SHARING_REGIONAL_OFFICE|"RegionalOffice"
16:25:02.0 (49249785)|HEAP_ALLOCATE|[15]|Bytes:8
16:25:02.0 (49255872)|VARIABLE_ASSIGNMENT|[15]|auConstantCmn.CX_KNOWLEDGE_STATUS_APPROVED|"Approved"
16:25:02.0 (49260153)|HEAP_ALLOCATE|[15]|Bytes:16
16:25:02.0 (49266230)|VARIABLE_ASSIGNMENT|[15]|auConstantCmn.CX_KNOWLEDGE_STATUS_NATIONAL_APPROVED|"NationalApproved"
16:25:02.0 (49271117)|HEAP_ALLOCATE|[15]|Bytes:8
16:25:02.0 (49277114)|VARIABLE_ASSIGNMENT|[15]|auConstantCmn.CX_KNOWLEDGE_STATUS_REJECTED|"Rejected"
16:25:02.0 (49281072)|HEAP_ALLOCATE|[15]|Bytes:5
16:25:02.0 (49286946)|VARIABLE_ASSIGNMENT|[15]|auConstantCmn.CX_KNOWLEDGE_STATUS_SAVED|"Saved"
16:25:02.0 (49291164)|HEAP_ALLOCATE|[15]|Bytes:14
16:25:02.0 (49297245)|VARIABLE_ASSIGNMENT|[15]|auConstantCmn.CX_KNOWLEDGE_STATUS_TEMPORARY_SAVED|"TemporarySaved"
16:25:02.0 (49304127)|HEAP_ALLOCATE|[15]|Bytes:12
16:25:02.0 (49314096)|VARIABLE_ASSIGNMENT|[15]|auConstantCmn.FORGOT_PASSWORD_ERR_MESSAGE001|"IDを入力してください。"
16:25:02.0 (49321453)|HEAP_ALLOCATE|[15]|Bytes:5
16:25:02.0 (49332646)|VARIABLE_ASSIGNMENT|[15]|auConstantCmn.KDDI_KNOWLEDGE_STATUS_SAVED|"Saved"
16:25:02.0 (49340110)|HEAP_ALLOCATE|[15]|Bytes:14
16:25:02.0 (49350073)|VARIABLE_ASSIGNMENT|[15]|auConstantCmn.KDDI_KNOWLEDGE_STATUS_TEMPORARY_SAVED|"TemporarySaved"
16:25:02.0 (49357277)|HEAP_ALLOCATE|[15]|Bytes:15
16:25:02.0 (49364692)|VARIABLE_ASSIGNMENT|[15]|auConstantCmn.LOGIN_ERR_MESSAGE001|"パスワードを入力してください。"
16:25:02.0 (49369124)|HEAP_ALLOCATE|[15]|Bytes:27
16:25:02.0 (49376604)|VARIABLE_ASSIGNMENT|[15]|auConstantCmn.LOGIN_ERR_MESSAGE002|"8文字以上の英数字混在のパスワードを指定 (7 more) ..."
16:25:02.0 (49381178)|HEAP_ALLOCATE|[15]|Bytes:19
16:25:02.0 (49387695)|VARIABLE_ASSIGNMENT|[15]|auConstantCmn.LOGIN_ERR_MESSAGE003|"ID或いはパスワードが間違っています。"
16:25:02.0 (49392150)|HEAP_ALLOCATE|[15]|Bytes:46
16:25:02.0 (49400840)|VARIABLE_ASSIGNMENT|[15]|auConstantCmn.LOGIN_ERR_MESSAGE004|"ログイン失敗回数を超えた為、ロックされま (26 more) ..."
16:25:02.0 (49408401)|HEAP_ALLOCATE|[15]|Bytes:3
16:25:02.0 (49416004)|VARIABLE_ASSIGNMENT|[15]|auConstantCmn.PAGE_ALIAS_SHOP_CX|"/CX"
16:25:02.0 (49420295)|HEAP_ALLOCATE|[15]|Bytes:7
16:25:02.0 (49426470)|VARIABLE_ASSIGNMENT|[15]|auConstantCmn.PAGE_ALIAS_SHOP_EVENTS|"/events"
16:25:02.0 (49430963)|HEAP_ALLOCATE|[15]|Bytes:16
16:25:02.0 (49437743)|VARIABLE_ASSIGNMENT|[15]|auConstantCmn.PAGE_ALIAS_SHOP_FORGOTPW|"/forgot-password"
16:25:02.0 (49441723)|HEAP_ALLOCATE|[15]|Bytes:25
16:25:02.0 (49448608)|VARIABLE_ASSIGNMENT|[15]|auConstantCmn.PAGE_ALIAS_SHOP_FORGOTPWCOMP|"/forgot-password-com (5 more) ..."
16:25:02.0 (49452660)|HEAP_ALLOCATE|[15]|Bytes:5
16:25:02.0 (49459480)|VARIABLE_ASSIGNMENT|[15]|auConstantCmn.PAGE_ALIAS_SHOP_HOME|"/home"
16:25:02.0 (49463429)|HEAP_ALLOCATE|[15]|Bytes:6
16:25:02.0 (49469640)|VARIABLE_ASSIGNMENT|[15]|auConstantCmn.PAGE_ALIAS_SHOP_LOGIN|"/login"
16:25:02.0 (49473501)|HEAP_ALLOCATE|[15]|Bytes:7
16:25:02.0 (49479708)|VARIABLE_ASSIGNMENT|[15]|auConstantCmn.PAGE_ALIAS_SHOP_LOGOUT|"/logout"
16:25:02.0 (49483645)|HEAP_ALLOCATE|[15]|Bytes:16
16:25:02.0 (49490002)|VARIABLE_ASSIGNMENT|[15]|auConstantCmn.PAGE_ALIAS_SHOP_PASSWORDSIGNUP|"/password-signup"
16:25:02.0 (49494257)|HEAP_ALLOCATE|[15]|Bytes:9
16:25:02.0 (49500951)|VARIABLE_ASSIGNMENT|[15]|auConstantCmn.PAGE_ALIAS_SHOP_SCHEDULE|"/calendar"
16:25:02.0 (49505319)|HEAP_ALLOCATE|[15]|Bytes:11
16:25:02.0 (49511797)|VARIABLE_ASSIGNMENT|[15]|auConstantCmn.PAGE_ALIAS_SHOP_SCHEDULE_LIST|"/activities"
16:25:02.0 (49515767)|HEAP_ALLOCATE|[15]|Bytes:5
16:25:02.0 (49522339)|VARIABLE_ASSIGNMENT|[15]|auConstantCmn.PAGE_ALIAS_SHOP_STPD|"/STPD"
16:25:02.0 (49526422)|HEAP_ALLOCATE|[15]|Bytes:11
16:25:02.0 (49533174)|VARIABLE_ASSIGNMENT|[15]|auConstantCmn.PAGE_ALIAS_SHOP_TIMELINE_CX|"/timelineCX"
16:25:02.0 (49537344)|HEAP_ALLOCATE|[15]|Bytes:13
16:25:02.0 (49544047)|VARIABLE_ASSIGNMENT|[15]|auConstantCmn.PAGE_ALIAS_SHOP_TIMELINE_STPD|"/timelineSTPD"
16:25:02.0 (49548169)|HEAP_ALLOCATE|[15]|Bytes:27
16:25:02.0 (49555930)|VARIABLE_ASSIGNMENT|[15]|auConstantCmn.PAGE_VF_SHOP_CX|"/apex/auCXKnowledgeL (7 more) ..."
16:25:02.0 (49560351)|HEAP_ALLOCATE|[15]|Bytes:22
16:25:02.0 (49567688)|VARIABLE_ASSIGNMENT|[15]|auConstantCmn.PAGE_VF_SHOP_EVENTS|"/apex/auEventsListPa (2 more) ..."
16:25:02.0 (49571798)|HEAP_ALLOCATE|[15]|Bytes:21
16:25:02.0 (49583859)|VARIABLE_ASSIGNMENT|[15]|auConstantCmn.PAGE_VF_SHOP_FORGOTPW|"/auForgotPasswordPag (1 more) ..."
16:25:02.0 (49588260)|HEAP_ALLOCATE|[15]|Bytes:29
16:25:02.0 (49595722)|VARIABLE_ASSIGNMENT|[15]|auConstantCmn.PAGE_VF_SHOP_FORGOTPWCOMP|"/auForgotPasswordCom (9 more) ..."
16:25:02.0 (49599830)|HEAP_ALLOCATE|[15]|Bytes:24
16:25:02.0 (49607212)|VARIABLE_ASSIGNMENT|[15]|auConstantCmn.PAGE_VF_SHOP_HOME|"/apex/auSwitchScreen (4 more) ..."
16:25:02.0 (49611397)|HEAP_ALLOCATE|[15]|Bytes:12
16:25:02.0 (49618434)|VARIABLE_ASSIGNMENT|[15]|auConstantCmn.PAGE_VF_SHOP_LOGIN|"/auLoginPage"
16:25:02.0 (49622368)|HEAP_ALLOCATE|[15]|Bytes:13
16:25:02.0 (49629259)|VARIABLE_ASSIGNMENT|[15]|auConstantCmn.PAGE_VF_SHOP_LOGOUT|"/auLogoutPage"
16:25:02.0 (49633323)|HEAP_ALLOCATE|[15]|Bytes:21
16:25:02.0 (49641673)|VARIABLE_ASSIGNMENT|[15]|auConstantCmn.PAGE_VF_SHOP_PASSWORDSIGNUP|"/auPasswordSignupPag (1 more) ..."
16:25:02.0 (49647237)|HEAP_ALLOCATE|[15]|Bytes:16
16:25:02.0 (49654870)|VARIABLE_ASSIGNMENT|[15]|auConstantCmn.PAGE_VF_SHOP_SCHEDULE|"/apex/auSchedule"
16:25:02.0 (49659356)|HEAP_ALLOCATE|[15]|Bytes:20
16:25:02.0 (49666546)|VARIABLE_ASSIGNMENT|[15]|auConstantCmn.PAGE_VF_SHOP_SCHEDULE_LIST|"/apex/auScheduleList"
16:25:02.0 (49670722)|HEAP_ALLOCATE|[15]|Bytes:20
16:25:02.0 (49677735)|VARIABLE_ASSIGNMENT|[15]|auConstantCmn.PAGE_VF_SHOP_STPD|"/apex/auSTPDListPage"
16:25:02.0 (49681779)|HEAP_ALLOCATE|[15]|Bytes:31
16:25:02.0 (49689698)|VARIABLE_ASSIGNMENT|[15]|auConstantCmn.PAGE_VF_SHOP_TIMELINE_CX|"/apex/auCxKnowledgeT (11 more) ..."
16:25:02.0 (49694173)|HEAP_ALLOCATE|[15]|Bytes:24
16:25:02.0 (49702057)|VARIABLE_ASSIGNMENT|[15]|auConstantCmn.PAGE_VF_SHOP_TIMELINE_STPD|"/apex/auSTPDTimeline (4 more) ..."
16:25:02.0 (49706227)|HEAP_ALLOCATE|[15]|Bytes:55
16:25:02.0 (49714501)|VARIABLE_ASSIGNMENT|[15]|auConstantCmn.PASSWORD_SIGNUP_ERR_EXPIREDURL|"パスワードリセットの有効期限が切れていま (35 more) ..."
16:25:02.0 (49719097)|HEAP_ALLOCATE|[15]|Bytes:27
16:25:02.0 (49732045)|VARIABLE_ASSIGNMENT|[15]|auConstantCmn.PASSWORD_SIGNUP_ERR_INTERNAL|"内部エラーが発生しました。サイト管理者に (7 more) ..."
16:25:02.0 (49737159)|HEAP_ALLOCATE|[15]|Bytes:51
16:25:02.0 (49747464)|VARIABLE_ASSIGNMENT|[15]|auConstantCmn.PASSWORD_SIGNUP_ERR_INVALIDURL|"不正なパスワードリセットURLです。\u003Cb (31 more) ..."
16:25:02.0 (49752205)|HEAP_ALLOCATE|[15]|Bytes:15
16:25:02.0 (49760373)|VARIABLE_ASSIGNMENT|[15]|auConstantCmn.PASSWORD_SIGNUP_ERR_MESSAGE001|"パスワードを入力してください。"
16:25:02.0 (49764578)|HEAP_ALLOCATE|[15]|Bytes:19
16:25:02.0 (49772452)|VARIABLE_ASSIGNMENT|[15]|auConstantCmn.PASSWORD_SIGNUP_ERR_MESSAGE002|"確認用のパスワードを入力してください。"
16:25:02.0 (49776876)|HEAP_ALLOCATE|[15]|Bytes:27
16:25:02.0 (49785217)|VARIABLE_ASSIGNMENT|[15]|auConstantCmn.PASSWORD_SIGNUP_ERR_MESSAGE003|"8文字以上の英数字混在のパスワードを指定 (7 more) ..."
16:25:02.0 (49789755)|HEAP_ALLOCATE|[15]|Bytes:22
16:25:02.0 (49798357)|VARIABLE_ASSIGNMENT|[15]|auConstantCmn.PASSWORD_SIGNUP_ERR_MESSAGE004|"パスワードと確認用のパスワードが不一致で (2 more) ..."
16:25:02.0 (49802710)|HEAP_ALLOCATE|[15]|Bytes:21
16:25:02.0 (49811071)|VARIABLE_ASSIGNMENT|[15]|auConstantCmn.PASSWORD_SIGNUP_ERR_MESSAGE005|"以前利用したパスワードはご利用できません (1 more) ..."
16:25:02.0 (49815342)|HEAP_ALLOCATE|[15]|Bytes:46
16:25:02.0 (49824170)|VARIABLE_ASSIGNMENT|[15]|auConstantCmn.PASSWORD_SIGNUP_ERR_OLDURL|"以前のパスワードリセットURLは利用でき (26 more) ..."
16:25:02.0 (49828336)|HEAP_ALLOCATE|[15]|Bytes:14
16:25:02.0 (49836507)|VARIABLE_ASSIGNMENT|[15]|auConstantCmn.PROFILE_COMMUNITY_MANAGEMENT|"au ショップ - 運営法人"
16:25:02.0 (49840739)|HEAP_ALLOCATE|[15]|Bytes:15
16:25:02.0 (49848503)|VARIABLE_ASSIGNMENT|[15]|auConstantCmn.PROFILE_COMMUNITY_PRIMARY_AGENT|"au ショップ - 一次代理店"
16:25:02.0 (49852747)|HEAP_ALLOCATE|[15]|Bytes:12
16:25:02.0 (49860695)|VARIABLE_ASSIGNMENT|[15]|auConstantCmn.PROFILE_COMMUNITY_SHOP|"au ショップ - 店舗"
16:25:02.0 (49865016)|HEAP_ALLOCATE|[15]|Bytes:17
16:25:02.0 (49873642)|VARIABLE_ASSIGNMENT|[15]|auConstantCmn.PROFILE_EVOLVA_ADMIN_USER|"Evolva Admin User"
16:25:02.0 (49878076)|HEAP_ALLOCATE|[15]|Bytes:11
16:25:02.0 (49886259)|VARIABLE_ASSIGNMENT|[15]|auConstantCmn.PROFILE_EVOLVA_USER|"Evolva User"
16:25:02.0 (49890271)|HEAP_ALLOCATE|[15]|Bytes:9
16:25:02.0 (49898412)|VARIABLE_ASSIGNMENT|[15]|auConstantCmn.PROFILE_KDDI_BRANCH|"KDDI - 支店"
16:25:02.0 (49902460)|HEAP_ALLOCATE|[15]|Bytes:12
16:25:02.0 (49910516)|VARIABLE_ASSIGNMENT|[15]|auConstantCmn.PROFILE_KDDI_BRANCH_V2|"KDDI - 支店 v2"
16:25:02.0 (49914346)|HEAP_ALLOCATE|[15]|Bytes:9
16:25:02.0 (49922717)|VARIABLE_ASSIGNMENT|[15]|auConstantCmn.PROFILE_KDDI_HEADQUARTERS|"KDDI - 本部"
16:25:02.0 (49926519)|HEAP_ALLOCATE|[15]|Bytes:12
16:25:02.0 (49934919)|VARIABLE_ASSIGNMENT|[15]|auConstantCmn.PROFILE_KDDI_HEADQUARTERS_V2|"KDDI - 本部 v2"
16:25:02.0 (49939097)|HEAP_ALLOCATE|[15]|Bytes:9
16:25:02.0 (49947645)|VARIABLE_ASSIGNMENT|[15]|auConstantCmn.PROFILE_KDDI_REGIONAL_OFFICE|"KDDI - 支社"
16:25:02.0 (49951660)|HEAP_ALLOCATE|[15]|Bytes:12
16:25:02.0 (49959941)|VARIABLE_ASSIGNMENT|[15]|auConstantCmn.PROFILE_KDDI_REGIONAL_OFFICE_V2|"KDDI - 支社 v2"
16:25:02.0 (49963805)|HEAP_ALLOCATE|[15]|Bytes:13
16:25:02.0 (49972484)|VARIABLE_ASSIGNMENT|[15]|auConstantCmn.PROFILE_SA_USER_CSA|"SA User - CSA"
16:25:02.0 (49976283)|HEAP_ALLOCATE|[15]|Bytes:12
16:25:02.0 (49985153)|VARIABLE_ASSIGNMENT|[15]|auConstantCmn.PROFILE_SA_USER_SA|"SA User - SA"
16:25:02.0 (49988878)|HEAP_ALLOCATE|[15]|Bytes:12
16:25:02.0 (49997066)|VARIABLE_ASSIGNMENT|[15]|auConstantCmn.PROFILE_SYSADMIN_CUSTOM|"System Admin"
16:25:02.0 (50004349)|HEAP_ALLOCATE|[15]|Bytes:20
16:25:02.0 (50015425)|VARIABLE_ASSIGNMENT|[15]|auConstantCmn.PROFILE_SYSADMIN_DEFAULT_EN|"System Administrator"
16:25:02.0 (50019431)|HEAP_ALLOCATE|[15]|Bytes:7
16:25:02.0 (50028531)|VARIABLE_ASSIGNMENT|[15]|auConstantCmn.PROFILE_SYSADMIN_DEFAULT_JP|"システム管理者"
16:25:02.0 (50032733)|HEAP_ALLOCATE|[15]|Bytes:7
16:25:02.0 (50041407)|VARIABLE_ASSIGNMENT|[15]|auConstantCmn.ROLE_CODE_EVOLVA_HONBU|"E000000"
16:25:02.0 (50045650)|HEAP_ALLOCATE|[15]|Bytes:7
16:25:02.0 (50054294)|VARIABLE_ASSIGNMENT|[15]|auConstantCmn.ROLE_CODE_HONBU|"C000000"
16:25:02.0 (50058327)|HEAP_ALLOCATE|[15]|Bytes:7
16:25:02.0 (50067122)|VARIABLE_ASSIGNMENT|[15]|auConstantCmn.ROLE_CODE_SA_HONBU|"S000000"
16:25:02.0 (50071114)|HEAP_ALLOCATE|[15]|Bytes:10
16:25:02.0 (50080226)|VARIABLE_ASSIGNMENT|[15]|auConstantCmn.USER_CLASSIFICATION_CONTRACTOR|"CONTRACTOR"
16:25:02.0 (50084262)|HEAP_ALLOCATE|[15]|Bytes:3
16:25:02.0 (50093047)|VARIABLE_ASSIGNMENT|[15]|auConstantCmn.USER_CLASSIFICATION_CSA|"CSA"
16:25:02.0 (50097002)|HEAP_ALLOCATE|[15]|Bytes:2
16:25:02.0 (50105714)|VARIABLE_ASSIGNMENT|[15]|auConstantCmn.USER_CLASSIFICATION_SA|"SA"
16:25:02.0 (50120509)|METHOD_ENTRY|[4]|01p6F0000084Osz|auConstantCmn.auConstantCmn()
16:25:02.0 (50126102)|STATEMENT_EXECUTE|[4]
16:25:02.0 (50129687)|STATEMENT_EXECUTE|[4]
16:25:02.0 (50143165)|HEAP_ALLOCATE|[15]|Bytes:5
16:25:02.0 (50153223)|METHOD_EXIT|[4]|auConstantCmn
16:25:02.0 (50273012)|VARIABLE_ASSIGNMENT|[EXTERNAL]|this|{}|0x3aedefdd
16:25:02.0 (50293769)|VARIABLE_ASSIGNMENT|[EXTERNAL]|value|false
16:25:02.0 (50305348)|HEAP_ALLOCATE|[3]|Bytes:5
16:25:02.0 (50314676)|VARIABLE_ASSIGNMENT|[3]|this.isCommunityUser|false|0x3aedefdd
16:25:02.0 (50328127)|STATEMENT_EXECUTE|[19]
16:25:02.0 (50428508)|VARIABLE_ASSIGNMENT|[EXTERNAL]|this|{"isCommunityUser":false}|0x3aedefdd
16:25:02.0 (50443689)|VARIABLE_ASSIGNMENT|[EXTERNAL]|value|true
16:25:02.0 (50454439)|HEAP_ALLOCATE|[4]|Bytes:5
16:25:02.0 (50466877)|VARIABLE_ASSIGNMENT|[4]|this.isSystemAdministrator|true|0x3aedefdd
16:25:02.0 (50487100)|SYSTEM_MODE_EXIT|false
16:25:02.0 (50604151)|HEAP_ALLOCATE|[EXTERNAL]|Bytes:12
16:25:02.0 (50614732)|VARIABLE_SCOPE_BEGIN|[25]|this|auSwitchScreenCtrl|true|false
16:25:02.0 (50636251)|VARIABLE_ASSIGNMENT|[25]|this|{"isCommunityUser":false,"isSystemAdministrato (1 more) ...":true}|0x3aedefdd
16:25:02.0 (50654650)|SYSTEM_MODE_ENTER|false
16:25:02.0 (50661511)|HEAP_ALLOCATE|[27]|Bytes:5
16:25:02.0 (50666552)|STATEMENT_EXECUTE|[25]
16:25:02.0 (50668532)|STATEMENT_EXECUTE|[27]
16:25:02.0 (50671868)|HEAP_ALLOCATE|[27]|Bytes:63
16:25:02.0 (50685223)|HEAP_ALLOCATE|[27]|Bytes:4
16:25:02.0 (50700634)|METHOD_ENTRY|[29]||System.UserInfo.getUserId()
16:25:02.0 (50727224)|METHOD_EXIT|[29]||System.UserInfo.getUserId()
16:25:02.0 (50925051)|SOQL_EXECUTE_BEGIN|[27]|Aggregations:0|SELECT ForcePasswordReset__c FROM User WHERE User.ID = :tmpVar1
16:25:02.0 (53488420)|SOQL_EXECUTE_END|[27]|Rows:1
16:25:02.0 (53510992)|HEAP_ALLOCATE|[27]|Bytes:8
16:25:02.0 (53524938)|HEAP_ALLOCATE|[27]|Bytes:58
16:25:02.0 (53552540)|HEAP_ALLOCATE|[27]|Bytes:8
16:25:02.0 (53572432)|HEAP_ALLOCATE|[27]|Bytes:12
16:25:02.0 (53585897)|VARIABLE_SCOPE_BEGIN|[27]|currentUser|User|true|false
16:25:02.0 (53605674)|VARIABLE_ASSIGNMENT|[27]|currentUser|{"ForcePasswordReset__ (1 more) ...":false,"Id":"0056F000006PtYlQAK"}|0x25625907
16:25:02.0 (53634713)|STATEMENT_EXECUTE|[31]
16:25:02.0 (53637372)|STATEMENT_EXECUTE|[36]
16:25:02.0 (53642478)|SYSTEM_MODE_EXIT|false
16:25:02.0 (54080605)|SYSTEM_MODE_ENTER|true
16:25:02.0 (54103214)|HEAP_ALLOCATE|[EXTERNAL]|Bytes:40
16:25:02.0 (54111001)|VARIABLE_SCOPE_BEGIN|[41]|this|auMainTopCompCtrl|true|false
16:25:02.0 (54140921)|VARIABLE_ASSIGNMENT|[41]|this|{}|0x69434596
16:25:02.0 (54149403)|STATEMENT_EXECUTE|[1]
16:25:02.0 (54151440)|STATEMENT_EXECUTE|[24]
16:25:02.0 (54153282)|STATEMENT_EXECUTE|[25]
16:25:02.0 (54154688)|STATEMENT_EXECUTE|[26]
16:25:02.0 (54156119)|STATEMENT_EXECUTE|[29]
16:25:02.0 (54157497)|STATEMENT_EXECUTE|[30]
16:25:02.0 (54158854)|STATEMENT_EXECUTE|[31]
16:25:02.0 (54160224)|STATEMENT_EXECUTE|[33]
16:25:02.0 (54161560)|STATEMENT_EXECUTE|[34]
16:25:02.0 (54162968)|STATEMENT_EXECUTE|[36]
16:25:02.0 (54176478)|STATEMENT_EXECUTE|[41]
16:25:02.0 (54178077)|STATEMENT_EXECUTE|[42]
16:25:02.0 (54200647)|VARIABLE_ASSIGNMENT|[EXTERNAL]|this|{}|0x69434596
16:25:02.0 (54210649)|VARIABLE_ASSIGNMENT|[EXTERNAL]|value|0
16:25:02.0 (54215882)|HEAP_ALLOCATE|[29]|Bytes:4
16:25:02.0 (54224118)|VARIABLE_ASSIGNMENT|[29]|this.iTypeOfScreen|0|0x69434596
16:25:02.0 (54233286)|STATEMENT_EXECUTE|[44]
16:25:02.0 (54397967)|HEAP_ALLOCATE|[44]|Bytes:128
16:25:02.0 (54443218)|VARIABLE_ASSIGNMENT|[EXTERNAL]|this|{"iTypeOfScreen":0}|0x69434596
16:25:02.0 (54454325)|VARIABLE_ASSIGNMENT|[EXTERNAL]|value|"https://au-portal.li (90 more) ..."
16:25:02.0 (54468194)|VARIABLE_ASSIGNMENT|[34]|this.urlReportsSFA|"https://au-portal.li (90 more) ..."|0x69434596
16:25:02.0 (54477030)|STATEMENT_EXECUTE|[46]
16:25:02.0 (54490275)|HEAP_ALLOCATE|[46]|Bytes:4
16:25:02.0 (54506947)|METHOD_ENTRY|[50]||System.UserInfo.getUserId()
16:25:02.0 (54528986)|METHOD_EXIT|[50]||System.UserInfo.getUserId()
16:25:02.0 (54904837)|SOQL_EXECUTE_BEGIN|[46]|Aggregations:0|SELECT SmallPhotoUrl, Account.Name, Account.RegionalOfficeId__r.RegionalOfficeName__c, Account.BranchId__r.BranchName__c, Name, Department FROM User WHERE User.ID = :tmpVar1
16:25:02.0 (58280083)|SOQL_EXECUTE_END|[46]|Rows:1
16:25:02.0 (58303268)|HEAP_ALLOCATE|[46]|Bytes:8
16:25:02.0 (58322254)|HEAP_ALLOCATE|[46]|Bytes:81
16:25:02.0 (58352005)|HEAP_ALLOCATE|[46]|Bytes:8
16:25:02.0 (58370659)|HEAP_ALLOCATE|[46]|Bytes:16
16:25:02.0 (58412022)|VARIABLE_ASSIGNMENT|[EXTERNAL]|this|{"iTypeOfScreen":0,"urlReportsSFA":"https://au-portal.li (90 more) ..."}|0x69434596
16:25:02.0 (58426977)|VARIABLE_ASSIGNMENT|[EXTERNAL]|value|{"SmallPhotoUrl":"/profilephoto/005/T","Name":"GW Admin","Id":"0056F000006PtYlQAK"}|0x251fcc36
16:25:02.0 (58442610)|VARIABLE_ASSIGNMENT|[33]|this.currentUser|{"SmallPhotoUrl":"/profilephoto/005/T","Name":"GW Admin","Id":"0056F000006PtYlQAK"}|0x69434596
16:25:02.0 (58904277)|SYSTEM_MODE_ENTER|true
16:25:02.0 (58935422)|HEAP_ALLOCATE|[EXTERNAL]|Bytes:40
16:25:02.0 (58945969)|VARIABLE_ASSIGNMENT|[EXTERNAL]|this.iCountComments|null|0x69434596
16:25:02.0 (58999943)|SYSTEM_MODE_ENTER|true
16:25:02.0 (59015699)|HEAP_ALLOCATE|[EXTERNAL]|Bytes:40
16:25:02.0 (59024207)|VARIABLE_ASSIGNMENT|[EXTERNAL]|this.iCountLikes|null|0x69434596
16:25:02.0 (59197863)|SYSTEM_MODE_ENTER|true
16:25:02.0 (59236277)|HEAP_ALLOCATE|[EXTERNAL]|Bytes:12
16:25:02.0 (59246178)|VARIABLE_SCOPE_BEGIN|[7]|this|auSwitchScreenCtrl|true|false
16:25:02.0 (59269777)|VARIABLE_ASSIGNMENT|[7]|this|{"isCommunityUser":false,"isSystemAdministrato (1 more) ...":true}|0x3aedefdd
16:25:02.0 (59286632)|SYSTEM_MODE_ENTER|false
16:25:02.0 (59294111)|HEAP_ALLOCATE|[7]|Bytes:5
16:25:02.0 (59299572)|STATEMENT_EXECUTE|[7]
16:25:02.0 (59301452)|STATEMENT_EXECUTE|[7]
16:25:02.0 (59309840)|SYSTEM_MODE_EXIT|false
16:25:02.0 (59373841)|SYSTEM_MODE_ENTER|true
16:25:02.0 (59393469)|HEAP_ALLOCATE|[EXTERNAL]|Bytes:8
16:25:02.0 (59398009)|HEAP_ALLOCATE|[EXTERNAL]|Bytes:40
16:25:02.0 (59406764)|VARIABLE_ASSIGNMENT|[EXTERNAL]|this.iTypeOfScreen|0|0x69434596
16:25:02.0 (59569602)|SYSTEM_MODE_ENTER|true
16:25:02.0 (59604035)|HEAP_ALLOCATE|[EXTERNAL]|Bytes:40
16:25:02.0 (59611831)|VARIABLE_SCOPE_BEGIN|[140]|this|auMainTopCompCtrl|true|false
16:25:02.0 (59643596)|VARIABLE_ASSIGNMENT|[140]|this|{"currentUser":"0x251fcc36","iTypeOfScreen":0,"urlReportsSFA":"https://au-portal.li (90 more) ..."}|0x69434596
16:25:02.0 (59655664)|STATEMENT_EXECUTE|[140]
16:25:02.0 (59702901)|VARIABLE_ASSIGNMENT|[EXTERNAL]|this|{"currentUser":"0x251fcc36","iTypeOfScreen":0,"urlReportsSFA":"https://au-portal.li (90 more) ..."}|0x69434596
16:25:02.0 (59746351)|VARIABLE_ASSIGNMENT|[EXTERNAL]|this|{"currentUser":"0x251fcc36","iTypeOfScreen":0,"urlReportsSFA":"https://au-portal.li (90 more) ..."}|0x69434596
16:25:02.0 (59776189)|VARIABLE_ASSIGNMENT|[EXTERNAL]|this|{"currentUser":"0x251fcc36","iTypeOfScreen":0,"urlReportsSFA":"https://au-portal.li (90 more) ..."}|0x69434596
16:25:02.0 (59809590)|VARIABLE_ASSIGNMENT|[EXTERNAL]|this|{"currentUser":"0x251fcc36","iTypeOfScreen":0,"urlReportsSFA":"https://au-portal.li (90 more) ..."}|0x69434596
16:25:02.0 (59842664)|VARIABLE_ASSIGNMENT|[EXTERNAL]|this|{"currentUser":"0x251fcc36","iTypeOfScreen":0,"urlReportsSFA":"https://au-portal.li (90 more) ..."}|0x69434596
16:25:02.0 (59854284)|STATEMENT_EXECUTE|[149]
16:25:02.0 (59855971)|STATEMENT_EXECUTE|[150]
16:25:02.0 (59958686)|SYSTEM_MODE_ENTER|true
16:25:02.0 (59987389)|HEAP_ALLOCATE|[EXTERNAL]|Bytes:40
16:25:02.0 (59994886)|VARIABLE_SCOPE_BEGIN|[154]|this|auMainTopCompCtrl|true|false
16:25:02.0 (60021857)|VARIABLE_ASSIGNMENT|[154]|this|{"currentUser":"0x251fcc36","iTypeOfScreen":0,"urlReportsSFA":"https://au-portal.li (90 more) ..."}|0x69434596
16:25:02.0 (60031352)|STATEMENT_EXECUTE|[154]
16:25:02.0 (60060187)|VARIABLE_ASSIGNMENT|[EXTERNAL]|this|{"currentUser":"0x251fcc36","iTypeOfScreen":0,"urlReportsSFA":"https://au-portal.li (90 more) ..."}|0x69434596
16:25:02.0 (60093647)|VARIABLE_ASSIGNMENT|[EXTERNAL]|this|{"currentUser":"0x251fcc36","iTypeOfScreen":0,"urlReportsSFA":"https://au-portal.li (90 more) ..."}|0x69434596
16:25:02.0 (60120555)|VARIABLE_ASSIGNMENT|[EXTERNAL]|this|{"currentUser":"0x251fcc36","iTypeOfScreen":0,"urlReportsSFA":"https://au-portal.li (90 more) ..."}|0x69434596
16:25:02.0 (60151803)|VARIABLE_ASSIGNMENT|[EXTERNAL]|this|{"currentUser":"0x251fcc36","iTypeOfScreen":0,"urlReportsSFA":"https://au-portal.li (90 more) ..."}|0x69434596
16:25:02.0 (60178418)|VARIABLE_ASSIGNMENT|[EXTERNAL]|this|{"currentUser":"0x251fcc36","iTypeOfScreen":0,"urlReportsSFA":"https://au-portal.li (90 more) ..."}|0x69434596
16:25:02.0 (60188694)|STATEMENT_EXECUTE|[163]
16:25:02.0 (60190336)|STATEMENT_EXECUTE|[164]
16:25:02.0 (61175744)|SYSTEM_MODE_ENTER|true
16:25:02.0 (62982792)|SYSTEM_MODE_ENTER|true
16:25:02.0 (63017226)|HEAP_ALLOCATE|[EXTERNAL]|Bytes:40
16:25:02.0 (63026576)|VARIABLE_SCOPE_BEGIN|[53]|this|auMainTopCompCtrl|true|false
16:25:02.0 (63060296)|VARIABLE_ASSIGNMENT|[53]|this|{"currentUser":"0x251fcc36","iTypeOfScreen":0,"urlReportsSFA":"https://au-portal.li (90 more) ..."}|0x69434596
16:25:02.0 (63070358)|STATEMENT_EXECUTE|[53]
16:25:02.0 (63072553)|STATEMENT_EXECUTE|[54]
16:25:02.0 (63108010)|VARIABLE_ASSIGNMENT|[EXTERNAL]|this|{"currentUser":"0x251fcc36","iTypeOfScreen":0,"urlReportsSFA":"https://au-portal.li (90 more) ..."}|0x69434596
16:25:02.0 (63150219)|VARIABLE_ASSIGNMENT|[EXTERNAL]|this|{"currentUser":"0x251fcc36","iTypeOfScreen":0,"urlReportsSFA":"https://au-portal.li (90 more) ..."}|0x69434596
16:25:02.0 (63184519)|VARIABLE_ASSIGNMENT|[EXTERNAL]|this|{"currentUser":"0x251fcc36","iTypeOfScreen":0,"urlReportsSFA":"https://au-portal.li (90 more) ..."}|0x69434596
16:25:02.0 (63199678)|HEAP_ALLOCATE|[54]|Bytes:5
16:25:02.0 (63287482)|SYSTEM_MODE_ENTER|true
16:25:02.0 (63315944)|HEAP_ALLOCATE|[EXTERNAL]|Bytes:40
16:25:02.0 (63323508)|VARIABLE_SCOPE_BEGIN|[59]|this|auMainTopCompCtrl|true|false
16:25:02.0 (63351478)|VARIABLE_ASSIGNMENT|[59]|this|{"currentUser":"0x251fcc36","iTypeOfScreen":0,"urlReportsSFA":"https://au-portal.li (90 more) ..."}|0x69434596
16:25:02.0 (63361155)|STATEMENT_EXECUTE|[59]
16:25:02.0 (63362934)|STATEMENT_EXECUTE|[60]
16:25:02.0 (63397638)|VARIABLE_ASSIGNMENT|[EXTERNAL]|this|{"currentUser":"0x251fcc36","iTypeOfScreen":0,"urlReportsSFA":"https://au-portal.li (90 more) ..."}|0x69434596
16:25:02.0 (63454099)|VARIABLE_ASSIGNMENT|[EXTERNAL]|this|{"currentUser":"0x251fcc36","iTypeOfScreen":0,"urlReportsSFA":"https://au-portal.li (90 more) ..."}|0x69434596
16:25:02.0 (63474322)|HEAP_ALLOCATE|[60]|Bytes:5
16:25:02.0 (63598071)|SYSTEM_MODE_ENTER|true
16:25:02.0 (63639017)|HEAP_ALLOCATE|[EXTERNAL]|Bytes:40
16:25:02.0 (63651097)|VARIABLE_SCOPE_BEGIN|[69]|this|auMainTopCompCtrl|true|false
16:25:02.0 (63690741)|VARIABLE_ASSIGNMENT|[69]|this|{"currentUser":"0x251fcc36","iTypeOfScreen":0,"urlReportsSFA":"https://au-portal.li (90 more) ..."}|0x69434596
16:25:02.0 (63705604)|STATEMENT_EXECUTE|[69]
16:25:02.0 (63707821)|STATEMENT_EXECUTE|[70]
16:25:02.0 (63756638)|VARIABLE_ASSIGNMENT|[EXTERNAL]|this|{"currentUser":"0x251fcc36","iTypeOfScreen":0,"urlReportsSFA":"https://au-portal.li (90 more) ..."}|0x69434596
16:25:02.0 (63816954)|VARIABLE_ASSIGNMENT|[EXTERNAL]|this|{"currentUser":"0x251fcc36","iTypeOfScreen":0,"urlReportsSFA":"https://au-portal.li (90 more) ..."}|0x69434596
16:25:02.0 (63844868)|HEAP_ALLOCATE|[70]|Bytes:5
16:25:02.0 (64006898)|SYSTEM_MODE_ENTER|true
16:25:02.0 (66047918)|SYSTEM_MODE_ENTER|true
16:25:02.0 (66097088)|HEAP_ALLOCATE|[EXTERNAL]|Bytes:240
16:25:02.0 (66105869)|HEAP_ALLOCATE|[EXTERNAL]|Bytes:14
16:25:02.0 (66115996)|METHOD_ENTRY|[1]|01p6F000006ymET|auSwitchScreenBtmCompCtrl.auSwitchScreenBtmCompCtrl()
16:25:02.0 (66121569)|STATEMENT_EXECUTE|[1]
16:25:02.0 (66124669)|STATEMENT_EXECUTE|[1]
16:25:02.0 (66129937)|METHOD_EXIT|[1]|auSwitchScreenBtmCompCtrl
16:25:02.0 (66143848)|HEAP_ALLOCATE|[EXTERNAL]|Bytes:28
16:25:02.0 (66149643)|VARIABLE_SCOPE_BEGIN|[10]|this|auSwitchScreenBtmCompCtrl|true|false
16:25:02.0 (66184326)|VARIABLE_ASSIGNMENT|[10]|this|{}|0x40ae2dfd
16:25:02.0 (66192438)|STATEMENT_EXECUTE|[1]
16:25:02.0 (66194121)|STATEMENT_EXECUTE|[3]
16:25:02.0 (66195861)|STATEMENT_EXECUTE|[4]
16:25:02.0 (66197278)|STATEMENT_EXECUTE|[5]
16:25:02.0 (66198619)|STATEMENT_EXECUTE|[6]
16:25:02.0 (66200000)|STATEMENT_EXECUTE|[7]
16:25:02.0 (66201343)|STATEMENT_EXECUTE|[8]
16:25:02.0 (66215514)|STATEMENT_EXECUTE|[10]
16:25:02.0 (66217559)|STATEMENT_EXECUTE|[12]
16:25:02.0 (66394602)|HEAP_ALLOCATE|[12]|Bytes:128
16:25:02.0 (66457920)|VARIABLE_ASSIGNMENT|[EXTERNAL]|this|{}|0x40ae2dfd
16:25:02.0 (66471457)|VARIABLE_ASSIGNMENT|[EXTERNAL]|value|"https://c.ap4.conten (102 more) ..."
16:25:02.0 (66482415)|VARIABLE_ASSIGNMENT|[4]|this.urlDailyReportManual|"https://c.ap4.conten (102 more) ..."|0x40ae2dfd
16:25:02.0 (66491703)|STATEMENT_EXECUTE|[13]
16:25:02.0 (66596903)|HEAP_ALLOCATE|[13]|Bytes:128
16:25:02.0 (66653517)|VARIABLE_ASSIGNMENT|[EXTERNAL]|this|{"urlDailyReportManual":"https://c.ap4.conten (102 more) ..."}|0x40ae2dfd
16:25:02.0 (66664716)|VARIABLE_ASSIGNMENT|[EXTERNAL]|value|"https://ap4.salesfor (84 more) ..."
16:25:02.0 (66674748)|VARIABLE_ASSIGNMENT|[5]|this.urlExternalCxSTPDManual|"https://ap4.salesfor (84 more) ..."|0x40ae2dfd
16:25:02.0 (66683909)|STATEMENT_EXECUTE|[14]
16:25:02.0 (66777375)|HEAP_ALLOCATE|[14]|Bytes:128
16:25:02.0 (66829876)|VARIABLE_ASSIGNMENT|[EXTERNAL]|this|{"urlDailyReportManual":"https://c.ap4.conten (102 more) ...","urlExternalCxSTPDMan (3 more) ...":"https://ap4.salesfor (84 more) ..."}|0x40ae2dfd
16:25:02.0 (66841906)|VARIABLE_ASSIGNMENT|[EXTERNAL]|value|"https://c.ap4.conten (102 more) ..."
16:25:02.0 (66851255)|VARIABLE_ASSIGNMENT|[6]|this.urlInternalCxSTPDManual|"https://c.ap4.conten (102 more) ..."|0x40ae2dfd
16:25:02.0 (66859947)|STATEMENT_EXECUTE|[16]
16:25:02.0 (66872398)|HEAP_ALLOCATE|[16]|Bytes:4
16:25:02.0 (66886489)|METHOD_ENTRY|[18]||System.UserInfo.getUserId()
16:25:02.0 (66910068)|METHOD_EXIT|[18]||System.UserInfo.getUserId()
16:25:02.0 (67161702)|SOQL_EXECUTE_BEGIN|[16]|Aggregations:0|SELECT Profile.Name FROM User WHERE User.ID = :tmpVar1
16:25:02.0 (72214018)|SOQL_EXECUTE_END|[16]|Rows:1
16:25:02.0 (72239005)|HEAP_ALLOCATE|[16]|Bytes:8
16:25:02.0 (72256673)|HEAP_ALLOCATE|[16]|Bytes:127
16:25:02.0 (72287274)|HEAP_ALLOCATE|[16]|Bytes:8
16:25:02.0 (72310654)|HEAP_ALLOCATE|[16]|Bytes:16
16:25:02.0 (72318520)|VARIABLE_SCOPE_BEGIN|[16]|currentUser|User|true|false
16:25:02.0 (72339989)|VARIABLE_ASSIGNMENT|[16]|currentUser|{"ProfileId":"00e6F000002RS1oQAG","Id":"0056F000006PtYlQAK","Profile":{"Name":"System Administrator","Id":"00e6F000002RS1oQAG"}}|0x4ea18a41
16:25:02.0 (72347830)|STATEMENT_EXECUTE|[20]
16:25:02.0 (72507376)|VARIABLE_ASSIGNMENT|[EXTERNAL]|this|{"urlDailyReportManual":"https://c.ap4.conten (102 more) ...","urlExternalCxSTPDMan (3 more) ...":"https://ap4.salesfor (84 more) ...","urlInternalCxSTPDMan (3 more) ...":"https://c.ap4.conten (102 more) ..."}|0x40ae2dfd
16:25:02.0 (72525759)|VARIABLE_ASSIGNMENT|[EXTERNAL]|value|false
16:25:02.0 (72534102)|HEAP_ALLOCATE|[7]|Bytes:5
16:25:02.0 (72542992)|VARIABLE_ASSIGNMENT|[7]|this.isCommunityUser|false|0x40ae2dfd
16:25:02.0 (72553879)|STATEMENT_EXECUTE|[24]
16:25:02.0 (72608990)|VARIABLE_ASSIGNMENT|[EXTERNAL]|this|{"isCommunityUser":false,"urlDailyReportManual":"https://c.ap4.conten (102 more) ...","urlExternalCxSTPDMan (3 more) ...":"https://ap4.salesfor (84 more) ...","urlInternalCxSTPDMan (3 more) ...":"https://c.ap4.conten (102 more) ..."}|0x40ae2dfd
16:25:02.0 (72621795)|VARIABLE_ASSIGNMENT|[EXTERNAL]|value|""
16:25:02.0 (72631352)|VARIABLE_ASSIGNMENT|[3]|this.urlSFDCHome|""|0x40ae2dfd
16:25:02.0 (72672302)|VARIABLE_ASSIGNMENT|[EXTERNAL]|this|{"isCommunityUser":false,"urlDailyReportManual":"https://c.ap4.conten (102 more) ...","urlExternalCxSTPDMan (3 more) ...":"https://ap4.salesfor (84 more) ...","urlInternalCxSTPDMan (3 more) ...":"https://c.ap4.conten (102 more) ...","urlSFDCHome":""}|0x40ae2dfd
16:25:02.0 (72688591)|STATEMENT_EXECUTE|[25]
16:25:02.0 (72690470)|STATEMENT_EXECUTE|[26]
16:25:02.0 (72825871)|HEAP_ALLOCATE|[26]|Bytes:128
16:25:02.0 (72882745)|VARIABLE_ASSIGNMENT|[EXTERNAL]|this|{"isCommunityUser":false,"urlDailyReportManual":"https://c.ap4.conten (102 more) ...","urlExternalCxSTPDMan (3 more) ...":"https://ap4.salesfor (84 more) ...","urlInternalCxSTPDMan (3 more) ...":"https://c.ap4.conten (102 more) ...","urlSFDCHome":""}|0x40ae2dfd
16:25:02.0 (72894588)|VARIABLE_ASSIGNMENT|[EXTERNAL]|value|"https://au-portal.li (49 more) ..."
16:25:02.0 (72903900)|VARIABLE_ASSIGNMENT|[3]|this.urlSFDCHome|"https://au-portal.li (49 more) ..."|0x40ae2dfd
16:25:02.0 (72912842)|STATEMENT_EXECUTE|[27]
16:25:02.0 (73010590)|HEAP_ALLOCATE|[27]|Bytes:128
16:25:02.0 (73072098)|VARIABLE_ASSIGNMENT|[EXTERNAL]|this|{"isCommunityUser":false,"urlDailyReportManual":"https://c.ap4.conten (102 more) ...","urlExternalCxSTPDMan (3 more) ...":"https://ap4.salesfor (84 more) ...","urlInternalCxSTPDMan (3 more) ...":"https://c.ap4.conten (102 more) ...","urlSFDCHome":"https://au-portal.li (49 more) ..."}|0x40ae2dfd
16:25:02.0 (73088058)|VARIABLE_ASSIGNMENT|[EXTERNAL]|value|"http://lucas-idp.kdd (77 more) ..."
16:25:02.0 (73098807)|VARIABLE_ASSIGNMENT|[8]|this.urlSingleSignOn|"http://lucas-idp.kdd (77 more) ..."|0x40ae2dfd
16:25:02.0 (73699648)|SYSTEM_MODE_ENTER|true
16:25:02.0 (73883947)|SYSTEM_MODE_ENTER|true
16:25:02.0 (75143085)|SYSTEM_MODE_ENTER|true
16:25:02.0 (75171436)|HEAP_ALLOCATE|[EXTERNAL]|Bytes:40
16:25:02.0 (75183300)|VARIABLE_ASSIGNMENT|[EXTERNAL]|this.iCountComments|null|0x69434596
16:25:02.0 (75232399)|SYSTEM_MODE_ENTER|true
16:25:02.0 (75248667)|HEAP_ALLOCATE|[EXTERNAL]|Bytes:40
16:25:02.0 (75256663)|VARIABLE_ASSIGNMENT|[EXTERNAL]|this.iCountLikes|null|0x69434596
16:25:02.0 (75332095)|SYSTEM_MODE_ENTER|true
16:25:02.0 (75353381)|HEAP_ALLOCATE|[EXTERNAL]|Bytes:8
16:25:02.0 (75357964)|HEAP_ALLOCATE|[EXTERNAL]|Bytes:40
16:25:02.0 (75366952)|VARIABLE_ASSIGNMENT|[EXTERNAL]|this.iTypeOfScreen|0|0x69434596
16:25:02.0 (75585314)|SYSTEM_MODE_ENTER|true
16:25:02.0 (75624977)|HEAP_ALLOCATE|[EXTERNAL]|Bytes:40
16:25:02.0 (75633141)|VARIABLE_SCOPE_BEGIN|[140]|this|auMainTopCompCtrl|true|false
16:25:02.0 (75672131)|VARIABLE_ASSIGNMENT|[140]|this|{"currentUser":"0x251fcc36","iTypeOfScreen":0,"urlReportsSFA":"https://au-portal.li (90 more) ..."}|0x69434596
16:25:02.0 (75682384)|STATEMENT_EXECUTE|[140]
16:25:02.0 (75710597)|VARIABLE_ASSIGNMENT|[EXTERNAL]|this|{"currentUser":"0x251fcc36","iTypeOfScreen":0,"urlReportsSFA":"https://au-portal.li (90 more) ..."}|0x69434596
16:25:02.0 (75746145)|VARIABLE_ASSIGNMENT|[EXTERNAL]|this|{"currentUser":"0x251fcc36","iTypeOfScreen":0,"urlReportsSFA":"https://au-portal.li (90 more) ..."}|0x69434596
16:25:02.0 (75785999)|VARIABLE_ASSIGNMENT|[EXTERNAL]|this|{"currentUser":"0x251fcc36","iTypeOfScreen":0,"urlReportsSFA":"https://au-portal.li (90 more) ..."}|0x69434596
16:25:02.0 (75842854)|VARIABLE_ASSIGNMENT|[EXTERNAL]|this|{"currentUser":"0x251fcc36","iTypeOfScreen":0,"urlReportsSFA":"https://au-portal.li (90 more) ..."}|0x69434596
16:25:02.0 (75893778)|VARIABLE_ASSIGNMENT|[EXTERNAL]|this|{"currentUser":"0x251fcc36","iTypeOfScreen":0,"urlReportsSFA":"https://au-portal.li (90 more) ..."}|0x69434596
16:25:02.0 (75914544)|STATEMENT_EXECUTE|[149]
16:25:02.0 (75917555)|STATEMENT_EXECUTE|[150]
16:25:02.0 (76027370)|SYSTEM_MODE_ENTER|true
16:25:02.0 (76068021)|HEAP_ALLOCATE|[EXTERNAL]|Bytes:40
16:25:02.0 (76077814)|VARIABLE_SCOPE_BEGIN|[154]|this|auMainTopCompCtrl|true|false
16:25:02.0 (76118715)|VARIABLE_ASSIGNMENT|[154]|this|{"currentUser":"0x251fcc36","iTypeOfScreen":0,"urlReportsSFA":"https://au-portal.li (90 more) ..."}|0x69434596
16:25:02.0 (76132424)|STATEMENT_EXECUTE|[154]
16:25:02.0 (76167914)|VARIABLE_ASSIGNMENT|[EXTERNAL]|this|{"currentUser":"0x251fcc36","iTypeOfScreen":0,"urlReportsSFA":"https://au-portal.li (90 more) ..."}|0x69434596
16:25:02.0 (76216626)|VARIABLE_ASSIGNMENT|[EXTERNAL]|this|{"currentUser":"0x251fcc36","iTypeOfScreen":0,"urlReportsSFA":"https://au-portal.li (90 more) ..."}|0x69434596
16:25:02.0 (76266334)|VARIABLE_ASSIGNMENT|[EXTERNAL]|this|{"currentUser":"0x251fcc36","iTypeOfScreen":0,"urlReportsSFA":"https://au-portal.li (90 more) ..."}|0x69434596
16:25:02.0 (76320187)|VARIABLE_ASSIGNMENT|[EXTERNAL]|this|{"currentUser":"0x251fcc36","iTypeOfScreen":0,"urlReportsSFA":"https://au-portal.li (90 more) ..."}|0x69434596
16:25:02.0 (76372711)|VARIABLE_ASSIGNMENT|[EXTERNAL]|this|{"currentUser":"0x251fcc36","iTypeOfScreen":0,"urlReportsSFA":"https://au-portal.li (90 more) ..."}|0x69434596
16:25:02.0 (76394383)|STATEMENT_EXECUTE|[163]
16:25:02.0 (76397294)|STATEMENT_EXECUTE|[164]
16:25:02.0 (76709644)|SYSTEM_MODE_ENTER|true
16:25:02.0 (84371895)|SYSTEM_MODE_ENTER|true
16:25:02.0 (84435426)|HEAP_ALLOCATE|[EXTERNAL]|Bytes:40
16:25:02.0 (84450235)|VARIABLE_SCOPE_BEGIN|[53]|this|auMainTopCompCtrl|true|false
16:25:02.0 (84506013)|VARIABLE_ASSIGNMENT|[53]|this|{"currentUser":"0x251fcc36","iTypeOfScreen":0,"urlReportsSFA":"https://au-portal.li (90 more) ..."}|0x69434596
16:25:02.0 (84522910)|STATEMENT_EXECUTE|[53]
16:25:02.0 (84525678)|STATEMENT_EXECUTE|[54]
16:25:02.0 (84587286)|VARIABLE_ASSIGNMENT|[EXTERNAL]|this|{"currentUser":"0x251fcc36","iTypeOfScreen":0,"urlReportsSFA":"https://au-portal.li (90 more) ..."}|0x69434596
16:25:02.0 (84647090)|VARIABLE_ASSIGNMENT|[EXTERNAL]|this|{"currentUser":"0x251fcc36","iTypeOfScreen":0,"urlReportsSFA":"https://au-portal.li (90 more) ..."}|0x69434596
16:25:02.0 (84681123)|VARIABLE_ASSIGNMENT|[EXTERNAL]|this|{"currentUser":"0x251fcc36","iTypeOfScreen":0,"urlReportsSFA":"https://au-portal.li (90 more) ..."}|0x69434596
16:25:02.0 (84696254)|HEAP_ALLOCATE|[54]|Bytes:5
16:25:02.0 (84788247)|SYSTEM_MODE_ENTER|true
16:25:02.0 (84821712)|HEAP_ALLOCATE|[EXTERNAL]|Bytes:40
16:25:02.0 (84829239)|VARIABLE_SCOPE_BEGIN|[59]|this|auMainTopCompCtrl|true|false
16:25:02.0 (84859702)|VARIABLE_ASSIGNMENT|[59]|this|{"currentUser":"0x251fcc36","iTypeOfScreen":0,"urlReportsSFA":"https://au-portal.li (90 more) ..."}|0x69434596
16:25:02.0 (84869954)|STATEMENT_EXECUTE|[59]
16:25:02.0 (84872058)|STATEMENT_EXECUTE|[60]
16:25:02.0 (84897303)|VARIABLE_ASSIGNMENT|[EXTERNAL]|this|{"currentUser":"0x251fcc36","iTypeOfScreen":0,"urlReportsSFA":"https://au-portal.li (90 more) ..."}|0x69434596
16:25:02.0 (84927323)|VARIABLE_ASSIGNMENT|[EXTERNAL]|this|{"currentUser":"0x251fcc36","iTypeOfScreen":0,"urlReportsSFA":"https://au-portal.li (90 more) ..."}|0x69434596
16:25:02.0 (84940947)|HEAP_ALLOCATE|[60]|Bytes:5
16:25:02.0 (85012230)|SYSTEM_MODE_ENTER|true
16:25:02.0 (85040874)|HEAP_ALLOCATE|[EXTERNAL]|Bytes:40
16:25:02.0 (85047114)|VARIABLE_SCOPE_BEGIN|[69]|this|auMainTopCompCtrl|true|false
16:25:02.0 (85075728)|VARIABLE_ASSIGNMENT|[69]|this|{"currentUser":"0x251fcc36","iTypeOfScreen":0,"urlReportsSFA":"https://au-portal.li (90 more) ..."}|0x69434596
16:25:02.0 (85084924)|STATEMENT_EXECUTE|[69]
16:25:02.0 (85086823)|STATEMENT_EXECUTE|[70]
16:25:02.0 (85110656)|VARIABLE_ASSIGNMENT|[EXTERNAL]|this|{"currentUser":"0x251fcc36","iTypeOfScreen":0,"urlReportsSFA":"https://au-portal.li (90 more) ..."}|0x69434596
16:25:02.0 (85139430)|VARIABLE_ASSIGNMENT|[EXTERNAL]|this|{"currentUser":"0x251fcc36","iTypeOfScreen":0,"urlReportsSFA":"https://au-portal.li (90 more) ..."}|0x69434596
16:25:02.0 (85152410)|HEAP_ALLOCATE|[70]|Bytes:5
16:25:02.0 (86759039)|SYSTEM_MODE_ENTER|true
16:25:02.0 (87340484)|SYSTEM_MODE_ENTER|true
16:25:02.0 (88779263)|VF_SERIALIZE_VIEWSTATE_BEGIN|0666F000006TarA
16:25:02.0 (92155927)|VF_SERIALIZE_VIEWSTATE_END
16:25:02.99 (99735834)|CUMULATIVE_LIMIT_USAGE
16:25:02.99 (99735834)|LIMIT_USAGE_FOR_NS|(default)|
  Number of SOQL queries: 5 out of 100
  Number of query rows: 5 out of 50000
  Number of SOSL queries: 0 out of 20
  Number of DML statements: 0 out of 150
  Number of DML rows: 0 out of 10000
  Maximum CPU time: 0 out of 10000
  Maximum heap size: 0 out of 6000000
  Number of callouts: 0 out of 100
  Number of Email Invocations: 0 out of 10
  Number of future calls: 0 out of 50
  Number of queueable jobs added to the queue: 0 out of 50
  Number of Mobile Apex push calls: 0 out of 10

16:25:02.99 (99735834)|CUMULATIVE_LIMIT_USAGE_END

16:25:02.0 (99769669)|CODE_UNIT_FINISHED|VF: /apex/auSwitchScreenPage
16:25:02.0 (100631942)|EXECUTION_FINISHED
