38.0 APEX_CODE,FINEST;APEX_PROFILING,INFO;CALLOUT,INFO;DB,INFO;NBA,INFO;SYSTEM,DEBUG;VALIDATION,INFO;VISUALFORCE,INFO;WAVE,INFO;WORKFLOW,INFO
15:45:15.0 (110348)|USER_INFO|[EXTERNAL]|0056F000006PtYl|gwadmin@gw.jp.kddi|日本標準時|GMT+09:00
15:45:15.0 (166982)|EXECUTION_STARTED
15:45:15.0 (173738)|CODE_UNIT_STARTED|[EXTERNAL]|0666F000006TarA|VF: /apex/auSwitchScreenPage
15:45:15.0 (25931006)|SYSTEM_MODE_ENTER|true
15:45:15.0 (26354208)|VARIABLE_SCOPE_BEGIN|[25]|auMainTopCompCtrl.TYPE_SCREEN_ACCOUNT_LIST|Integer|false|true
15:45:15.0 (26381947)|VARIABLE_SCOPE_BEGIN|[26]|auMainTopCompCtrl.TYPE_SCREEN_ACTIVITY_LIST|Integer|false|true
15:45:15.0 (26398726)|VARIABLE_SCOPE_BEGIN|[7]|auMainTopCompCtrl.TYPE_SCREEN_CX_SCREEN|Integer|false|true
15:45:15.0 (26414463)|VARIABLE_SCOPE_BEGIN|[8]|auMainTopCompCtrl.TYPE_SCREEN_CX_TIMELINE|Integer|false|true
15:45:15.0 (26432988)|VARIABLE_SCOPE_BEGIN|[9]|auMainTopCompCtrl.TYPE_SCREEN_EVENT_SCHEDULE|Integer|false|true
15:45:15.0 (26452891)|VARIABLE_SCOPE_BEGIN|[10]|auMainTopCompCtrl.TYPE_SCREEN_EVENT_SCHEDULE_LIST|Integer|false|true
15:45:15.0 (26472288)|VARIABLE_SCOPE_BEGIN|[27]|auMainTopCompCtrl.TYPE_SCREEN_FILE_LIST|Integer|false|true
15:45:15.0 (26491970)|VARIABLE_SCOPE_BEGIN|[24]|auMainTopCompCtrl.TYPE_SCREEN_HONBU_DIRECT|Integer|false|true
15:45:15.0 (26508246)|VARIABLE_SCOPE_BEGIN|[11]|auMainTopCompCtrl.TYPE_SCREEN_KNOWLEDGE_DASHBOARD|Integer|false|true
15:45:15.0 (26529602)|VARIABLE_SCOPE_BEGIN|[12]|auMainTopCompCtrl.TYPE_SCREEN_KNOWLEDGE_LIST|Integer|false|true
15:45:15.0 (26546629)|VARIABLE_SCOPE_BEGIN|[15]|auMainTopCompCtrl.TYPE_SCREEN_SA_CHATTER|Integer|false|true
15:45:15.0 (26566143)|VARIABLE_SCOPE_BEGIN|[16]|auMainTopCompCtrl.TYPE_SCREEN_SA_DAILYREPORT|Integer|false|true
15:45:15.0 (26584716)|VARIABLE_SCOPE_BEGIN|[22]|auMainTopCompCtrl.TYPE_SCREEN_SA_DAILYREPORTLIST|Integer|false|true
15:45:15.0 (26600414)|VARIABLE_SCOPE_BEGIN|[18]|auMainTopCompCtrl.TYPE_SCREEN_SA_DOCUMENTS|Integer|false|true
15:45:15.0 (26619538)|VARIABLE_SCOPE_BEGIN|[17]|auMainTopCompCtrl.TYPE_SCREEN_SA_ENQUETE|Integer|false|true
15:45:15.0 (26637395)|VARIABLE_SCOPE_BEGIN|[20]|auMainTopCompCtrl.TYPE_SCREEN_SA_LINKS|Integer|false|true
15:45:15.0 (26653915)|VARIABLE_SCOPE_BEGIN|[13]|auMainTopCompCtrl.TYPE_SCREEN_SA_MESSAGES|Integer|false|true
15:45:15.0 (26671878)|VARIABLE_SCOPE_BEGIN|[19]|auMainTopCompCtrl.TYPE_SCREEN_SA_RANKING|Integer|false|true
15:45:15.0 (26690016)|VARIABLE_SCOPE_BEGIN|[14]|auMainTopCompCtrl.TYPE_SCREEN_SA_REPORTS|Integer|false|true
15:45:15.0 (26706403)|VARIABLE_SCOPE_BEGIN|[23]|auMainTopCompCtrl.TYPE_SCREEN_SA_TODO|Integer|false|true
15:45:15.0 (26730417)|VARIABLE_SCOPE_BEGIN|[21]|auMainTopCompCtrl.TYPE_SCREEN_SA_USRSETTINGS|Integer|false|true
15:45:15.0 (26746488)|VARIABLE_SCOPE_BEGIN|[4]|auMainTopCompCtrl.TYPE_SCREEN_STPD_EVENT|Integer|false|true
15:45:15.0 (26762623)|VARIABLE_SCOPE_BEGIN|[6]|auMainTopCompCtrl.TYPE_SCREEN_STPD_SCREEN|Integer|false|true
15:45:15.0 (26775900)|VARIABLE_SCOPE_BEGIN|[5]|auMainTopCompCtrl.TYPE_SCREEN_STPD_TIMELINE|Integer|false|true
15:45:15.0 (26796038)|VARIABLE_SCOPE_BEGIN|[3]|auMainTopCompCtrl.TYPE_SCREEN_SWITCH|Integer|false|true
15:45:15.0 (27020747)|HEAP_ALLOCATE|[72]|Bytes:3
15:45:15.0 (27085218)|HEAP_ALLOCATE|[77]|Bytes:152
15:45:15.0 (27112634)|HEAP_ALLOCATE|[342]|Bytes:408
15:45:15.0 (27136934)|HEAP_ALLOCATE|[355]|Bytes:408
15:45:15.0 (27157510)|HEAP_ALLOCATE|[467]|Bytes:48
15:45:15.0 (27205851)|HEAP_ALLOCATE|[139]|Bytes:6
15:45:15.0 (27234788)|HEAP_ALLOCATE|[EXTERNAL]|Bytes:284
15:45:15.0 (27250203)|HEAP_ALLOCATE|[EXTERNAL]|Bytes:160
15:45:15.0 (27274577)|METHOD_ENTRY|[1]|01p6F0000084OtI|auMainTopCompCtrl.auMainTopCompCtrl()
15:45:15.0 (27289406)|STATEMENT_EXECUTE|[1]
15:45:15.0 (27297346)|STATEMENT_EXECUTE|[1]
15:45:15.0 (27300102)|STATEMENT_EXECUTE|[3]
15:45:15.0 (27310870)|HEAP_ALLOCATE|[3]|Bytes:4
15:45:15.0 (27353004)|VARIABLE_ASSIGNMENT|[3]|auMainTopCompCtrl.TYPE_SCREEN_SWITCH|0
15:45:15.0 (27362379)|STATEMENT_EXECUTE|[4]
15:45:15.0 (27366898)|HEAP_ALLOCATE|[4]|Bytes:4
15:45:15.0 (27381698)|VARIABLE_ASSIGNMENT|[4]|auMainTopCompCtrl.TYPE_SCREEN_STPD_EVENT|11
15:45:15.0 (27390263)|STATEMENT_EXECUTE|[5]
15:45:15.0 (27394087)|HEAP_ALLOCATE|[5]|Bytes:4
15:45:15.0 (27407022)|VARIABLE_ASSIGNMENT|[5]|auMainTopCompCtrl.TYPE_SCREEN_STPD_TIMELINE|12
15:45:15.0 (27414428)|STATEMENT_EXECUTE|[6]
15:45:15.0 (27418079)|HEAP_ALLOCATE|[6]|Bytes:4
15:45:15.0 (27430638)|VARIABLE_ASSIGNMENT|[6]|auMainTopCompCtrl.TYPE_SCREEN_STPD_SCREEN|13
15:45:15.0 (27437741)|STATEMENT_EXECUTE|[7]
15:45:15.0 (27440965)|HEAP_ALLOCATE|[7]|Bytes:4
15:45:15.0 (27451274)|VARIABLE_ASSIGNMENT|[7]|auMainTopCompCtrl.TYPE_SCREEN_CX_SCREEN|21
15:45:15.0 (27460733)|STATEMENT_EXECUTE|[8]
15:45:15.0 (27464178)|HEAP_ALLOCATE|[8]|Bytes:4
15:45:15.0 (27475019)|VARIABLE_ASSIGNMENT|[8]|auMainTopCompCtrl.TYPE_SCREEN_CX_TIMELINE|22
15:45:15.0 (27482384)|STATEMENT_EXECUTE|[9]
15:45:15.0 (27485652)|HEAP_ALLOCATE|[9]|Bytes:4
15:45:15.0 (27495849)|VARIABLE_ASSIGNMENT|[9]|auMainTopCompCtrl.TYPE_SCREEN_EVENT_SCHEDULE|31
15:45:15.0 (27504319)|STATEMENT_EXECUTE|[10]
15:45:15.0 (27507928)|HEAP_ALLOCATE|[10]|Bytes:4
15:45:15.0 (27519066)|VARIABLE_ASSIGNMENT|[10]|auMainTopCompCtrl.TYPE_SCREEN_EVENT_SCHEDULE_LIST|32
15:45:15.0 (27526148)|STATEMENT_EXECUTE|[11]
15:45:15.0 (27529189)|HEAP_ALLOCATE|[11]|Bytes:4
15:45:15.0 (27539372)|VARIABLE_ASSIGNMENT|[11]|auMainTopCompCtrl.TYPE_SCREEN_KNOWLEDGE_DASHBOARD|41
15:45:15.0 (27547974)|STATEMENT_EXECUTE|[12]
15:45:15.0 (27551197)|HEAP_ALLOCATE|[12]|Bytes:4
15:45:15.0 (27563220)|VARIABLE_ASSIGNMENT|[12]|auMainTopCompCtrl.TYPE_SCREEN_KNOWLEDGE_LIST|42
15:45:15.0 (27573058)|STATEMENT_EXECUTE|[13]
15:45:15.0 (27576185)|HEAP_ALLOCATE|[13]|Bytes:4
15:45:15.0 (27588533)|VARIABLE_ASSIGNMENT|[13]|auMainTopCompCtrl.TYPE_SCREEN_SA_MESSAGES|51
15:45:15.0 (27595815)|STATEMENT_EXECUTE|[14]
15:45:15.0 (27599085)|HEAP_ALLOCATE|[14]|Bytes:4
15:45:15.0 (27610020)|VARIABLE_ASSIGNMENT|[14]|auMainTopCompCtrl.TYPE_SCREEN_SA_REPORTS|52
15:45:15.0 (27616542)|STATEMENT_EXECUTE|[15]
15:45:15.0 (27619644)|HEAP_ALLOCATE|[15]|Bytes:4
15:45:15.0 (27629928)|VARIABLE_ASSIGNMENT|[15]|auMainTopCompCtrl.TYPE_SCREEN_SA_CHATTER|53
15:45:15.0 (27636681)|STATEMENT_EXECUTE|[16]
15:45:15.0 (27639568)|HEAP_ALLOCATE|[16]|Bytes:4
15:45:15.0 (27650066)|VARIABLE_ASSIGNMENT|[16]|auMainTopCompCtrl.TYPE_SCREEN_SA_DAILYREPORT|54
15:45:15.0 (27656659)|STATEMENT_EXECUTE|[17]
15:45:15.0 (27659353)|HEAP_ALLOCATE|[17]|Bytes:4
15:45:15.0 (27668165)|VARIABLE_ASSIGNMENT|[17]|auMainTopCompCtrl.TYPE_SCREEN_SA_ENQUETE|55
15:45:15.0 (27675497)|STATEMENT_EXECUTE|[18]
15:45:15.0 (27679002)|HEAP_ALLOCATE|[18]|Bytes:4
15:45:15.0 (27690510)|VARIABLE_ASSIGNMENT|[18]|auMainTopCompCtrl.TYPE_SCREEN_SA_DOCUMENTS|56
15:45:15.0 (27696674)|STATEMENT_EXECUTE|[19]
15:45:15.0 (27699745)|HEAP_ALLOCATE|[19]|Bytes:4
15:45:15.0 (27710219)|VARIABLE_ASSIGNMENT|[19]|auMainTopCompCtrl.TYPE_SCREEN_SA_RANKING|57
15:45:15.0 (27716355)|STATEMENT_EXECUTE|[20]
15:45:15.0 (27719283)|HEAP_ALLOCATE|[20]|Bytes:4
15:45:15.0 (27734965)|VARIABLE_ASSIGNMENT|[20]|auMainTopCompCtrl.TYPE_SCREEN_SA_LINKS|58
15:45:15.0 (27740765)|STATEMENT_EXECUTE|[21]
15:45:15.0 (27743775)|HEAP_ALLOCATE|[21]|Bytes:4
15:45:15.0 (27753869)|VARIABLE_ASSIGNMENT|[21]|auMainTopCompCtrl.TYPE_SCREEN_SA_USRSETTINGS|59
15:45:15.0 (27760218)|STATEMENT_EXECUTE|[22]
15:45:15.0 (27762979)|HEAP_ALLOCATE|[22]|Bytes:4
15:45:15.0 (27772661)|VARIABLE_ASSIGNMENT|[22]|auMainTopCompCtrl.TYPE_SCREEN_SA_DAILYREPORTLIST|60
15:45:15.0 (27779331)|STATEMENT_EXECUTE|[23]
15:45:15.0 (27782344)|HEAP_ALLOCATE|[23]|Bytes:4
15:45:15.0 (27792306)|VARIABLE_ASSIGNMENT|[23]|auMainTopCompCtrl.TYPE_SCREEN_SA_TODO|61
15:45:15.0 (27799703)|STATEMENT_EXECUTE|[24]
15:45:15.0 (27802725)|HEAP_ALLOCATE|[24]|Bytes:4
15:45:15.0 (27812782)|VARIABLE_ASSIGNMENT|[24]|auMainTopCompCtrl.TYPE_SCREEN_HONBU_DIRECT|71
15:45:15.0 (27819865)|STATEMENT_EXECUTE|[25]
15:45:15.0 (27823038)|HEAP_ALLOCATE|[25]|Bytes:4
15:45:15.0 (27832897)|VARIABLE_ASSIGNMENT|[25]|auMainTopCompCtrl.TYPE_SCREEN_ACCOUNT_LIST|81
15:45:15.0 (27839857)|STATEMENT_EXECUTE|[26]
15:45:15.0 (27843403)|HEAP_ALLOCATE|[26]|Bytes:4
15:45:15.0 (27852416)|VARIABLE_ASSIGNMENT|[26]|auMainTopCompCtrl.TYPE_SCREEN_ACTIVITY_LIST|82
15:45:15.0 (27860204)|STATEMENT_EXECUTE|[27]
15:45:15.0 (27863584)|HEAP_ALLOCATE|[27]|Bytes:4
15:45:15.0 (27876405)|VARIABLE_ASSIGNMENT|[27]|auMainTopCompCtrl.TYPE_SCREEN_FILE_LIST|83
15:45:15.0 (27890952)|METHOD_EXIT|[1]|auMainTopCompCtrl
15:45:15.0 (27902590)|HEAP_ALLOCATE|[EXTERNAL]|Bytes:44
15:45:15.0 (27913890)|VARIABLE_SCOPE_BEGIN|[48]|this|auMainTopCompCtrl|true|false
15:45:15.0 (28019528)|VARIABLE_ASSIGNMENT|[48]|this|{}|0x415fa0b7
15:45:15.0 (28037478)|STATEMENT_EXECUTE|[1]
15:45:15.0 (28040086)|STATEMENT_EXECUTE|[29]
15:45:15.0 (28043320)|STATEMENT_EXECUTE|[30]
15:45:15.0 (28045747)|STATEMENT_EXECUTE|[31]
15:45:15.0 (28047841)|STATEMENT_EXECUTE|[34]
15:45:15.0 (28050017)|STATEMENT_EXECUTE|[35]
15:45:15.0 (28052204)|STATEMENT_EXECUTE|[36]
15:45:15.0 (28054433)|STATEMENT_EXECUTE|[38]
15:45:15.0 (28056270)|STATEMENT_EXECUTE|[39]
15:45:15.0 (28058636)|STATEMENT_EXECUTE|[41]
15:45:15.0 (28060929)|STATEMENT_EXECUTE|[46]
15:45:15.0 (28118984)|HEAP_ALLOCATE|[50]|Bytes:5
15:45:15.0 (28153065)|HEAP_ALLOCATE|[56]|Bytes:5
15:45:15.0 (28167382)|HEAP_ALLOCATE|[64]|Bytes:7
15:45:15.0 (28194478)|HEAP_ALLOCATE|[46]|Bytes:5
15:45:15.0 (28212293)|VARIABLE_ASSIGNMENT|[46]|this.isSAUser|false|0x415fa0b7
15:45:15.0 (28227418)|HEAP_ALLOCATE|[46]|Bytes:6
15:45:15.0 (28280183)|STATEMENT_EXECUTE|[48]
15:45:15.0 (28283396)|STATEMENT_EXECUTE|[49]
15:45:15.0 (28386626)|VARIABLE_ASSIGNMENT|[EXTERNAL]|this|{"isSAUser":false}|0x415fa0b7
15:45:15.0 (28408182)|VARIABLE_ASSIGNMENT|[EXTERNAL]|value|0
15:45:15.0 (28418279)|HEAP_ALLOCATE|[34]|Bytes:4
15:45:15.0 (28430541)|VARIABLE_ASSIGNMENT|[34]|this.iTypeOfScreen|0|0x415fa0b7
15:45:15.0 (28450709)|STATEMENT_EXECUTE|[51]
15:45:15.0 (49883348)|HEAP_ALLOCATE|[51]|Bytes:156
15:45:15.0 (50105324)|VARIABLE_ASSIGNMENT|[EXTERNAL]|this|{"isSAUser":false,"iTypeOfScreen":0}|0x415fa0b7
15:45:15.0 (50137457)|VARIABLE_ASSIGNMENT|[EXTERNAL]|value|"https://au-portal.li (77 more) ..."
15:45:15.0 (50175503)|VARIABLE_ASSIGNMENT|[39]|this.urlReportsSFA|"https://au-portal.li (77 more) ..."|0x415fa0b7
15:45:15.0 (50194010)|STATEMENT_EXECUTE|[53]
15:45:15.0 (50201782)|HEAP_ALLOCATE|[53]|Bytes:202
15:45:15.0 (50247159)|HEAP_ALLOCATE|[53]|Bytes:4
15:45:15.0 (50266170)|HEAP_ALLOCATE|[53]|Bytes:7
15:45:15.0 (50336536)|HEAP_ALLOCATE|[58]|Bytes:89
15:45:15.0 (50356553)|SYSTEM_METHOD_ENTRY|[1]|UserInfo.UserInfo()
15:45:15.0 (50362005)|STATEMENT_EXECUTE|[1]
15:45:15.0 (50372124)|SYSTEM_METHOD_EXIT|[1]|UserInfo
15:45:15.0 (50389854)|METHOD_ENTRY|[58]||System.UserInfo.getUserId()
15:45:15.0 (50458639)|METHOD_EXIT|[58]||System.UserInfo.getUserId()
15:45:15.0 (53822519)|SOQL_EXECUTE_BEGIN|[53]|Aggregations:0|SELECT SmallPhotoUrl, Account.Name, Account.RegionalOfficeId__r.RegionalOfficeName__c, Account.BranchId__r.BranchName__c, Name, Department, UserRole.Name, Profile.Name FROM User WHERE User.ID = :tmpVar1
15:45:15.0 (64200652)|SOQL_EXECUTE_END|[53]|Rows:1
15:45:15.0 (64240638)|HEAP_ALLOCATE|[53]|Bytes:8
15:45:15.0 (64281851)|HEAP_ALLOCATE|[53]|Bytes:276
15:45:15.0 (64388130)|HEAP_ALLOCATE|[53]|Bytes:8
15:45:15.0 (64407959)|HEAP_ALLOCATE|[53]|Bytes:30
15:45:15.0 (64458740)|HEAP_ALLOCATE|[53]|Bytes:32
15:45:15.0 (64572425)|VARIABLE_ASSIGNMENT|[EXTERNAL]|this|{"isSAUser":false,"iTypeOfScreen":0,"urlReportsSFA":"https://au-portal.li (77 more) ..."}|0x415fa0b7
15:45:15.0 (64623507)|VARIABLE_ASSIGNMENT|[EXTERNAL]|value|{"SmallPhotoUrl":"/profilephoto/005/T","Name":"auPortal システム開発","UserRoleId":"00E6F000001SEaUUAW","ProfileId":"00e6F000002RS1oQAG","Id":"0056F000006PtYlQAK","UserRole":{"Name":"コンシューマ事業本部","Id":"00E6F000001SEaUUAW"},"Profile":{"Name":"System Administrator","Id":"00e6F000002RS1oQAG"}}|0x3113f480
15:45:15.0 (64677921)|VARIABLE_ASSIGNMENT|[38]|this.currentUser|{"SmallPhotoUrl":"/profilephoto/005/T","Name":"auPortal システム開発","UserRoleId":"00E6F000001SEaUUAW","ProfileId":"00e6F000002RS1oQAG","Id":"0056F000006PtYlQAK","UserRole":{"Name":"コンシューマ事業本部","Id":"00E6F000001SEaUUAW"},"Profile":{"Name":"System Administrator","Id":"00e6F000002RS1oQAG"}}|0x415fa0b7
15:45:15.0 (64698001)|STATEMENT_EXECUTE|[60]
15:45:15.0 (64793285)|VARIABLE_ASSIGNMENT|[EXTERNAL]|this|{"currentUser":"0x3113f480","isSAUser":false,"iTypeOfScreen":0,"urlReportsSFA":"https://au-portal.li (77 more) ..."}|0x415fa0b7
15:45:15.0 (65267576)|VARIABLE_SCOPE_BEGIN|[131]|auConstantCmn.ACCESS_TYPE_KDDI|String|false|true
15:45:15.0 (65291885)|VARIABLE_SCOPE_BEGIN|[130]|auConstantCmn.ACCESS_TYPE_SA|String|false|true
15:45:15.0 (65307172)|VARIABLE_SCOPE_BEGIN|[132]|auConstantCmn.ACCESS_TYPE_SHOP|String|false|true
15:45:15.0 (65320191)|VARIABLE_SCOPE_BEGIN|[56]|auConstantCmn.ACCOUNT_CHANNEL_DAIRITEN|String|false|true
15:45:15.0 (65335540)|VARIABLE_SCOPE_BEGIN|[54]|auConstantCmn.ACCOUNT_CHANNEL_SHOP|String|false|true
15:45:15.0 (65350441)|VARIABLE_SCOPE_BEGIN|[55]|auConstantCmn.ACCOUNT_CHANNEL_UNEIHOJIN|String|false|true
15:45:15.0 (65362475)|VARIABLE_SCOPE_BEGIN|[107]|auConstantCmn.CX_KNOWLEDGE_SHARING_NATIONAL|String|false|true
15:45:15.0 (65377394)|VARIABLE_SCOPE_BEGIN|[106]|auConstantCmn.CX_KNOWLEDGE_SHARING_REGIONAL_OFFICE|String|false|true
15:45:15.0 (65391830)|VARIABLE_SCOPE_BEGIN|[112]|auConstantCmn.CX_KNOWLEDGE_STATUS_APPROVED|String|false|true
15:45:15.0 (65422130)|VARIABLE_SCOPE_BEGIN|[113]|auConstantCmn.CX_KNOWLEDGE_STATUS_NATIONAL_APPROVED|String|false|true
15:45:15.0 (65438426)|VARIABLE_SCOPE_BEGIN|[114]|auConstantCmn.CX_KNOWLEDGE_STATUS_REJECTED|String|false|true
15:45:15.0 (65453652)|VARIABLE_SCOPE_BEGIN|[111]|auConstantCmn.CX_KNOWLEDGE_STATUS_SAVED|String|false|true
15:45:15.0 (65470501)|VARIABLE_SCOPE_BEGIN|[110]|auConstantCmn.CX_KNOWLEDGE_STATUS_TEMPORARY_SAVED|String|false|true
15:45:15.0 (65492527)|VARIABLE_SCOPE_BEGIN|[20]|auConstantCmn.FORGOT_PASSWORD_ERR_MESSAGE001|String|false|true
15:45:15.0 (65508511)|VARIABLE_SCOPE_BEGIN|[127]|auConstantCmn.HONBU_DIRECT_DETAIL_TYPE_FAVORITE|String|false|true
15:45:15.0 (65522087)|VARIABLE_SCOPE_BEGIN|[126]|auConstantCmn.HONBU_DIRECT_DETAIL_TYPE_READ|String|false|true
15:45:15.0 (65536507)|VARIABLE_SCOPE_BEGIN|[118]|auConstantCmn.KDDI_KNOWLEDGE_STATUS_SAVED|String|false|true
15:45:15.0 (65550845)|VARIABLE_SCOPE_BEGIN|[117]|auConstantCmn.KDDI_KNOWLEDGE_STATUS_TEMPORARY_SAVED|String|false|true
15:45:15.0 (65563662)|VARIABLE_SCOPE_BEGIN|[14]|auConstantCmn.LOGIN_ERR_MESSAGE001|String|false|true
15:45:15.0 (65576217)|VARIABLE_SCOPE_BEGIN|[15]|auConstantCmn.LOGIN_ERR_MESSAGE002|String|false|true
15:45:15.0 (65589284)|VARIABLE_SCOPE_BEGIN|[16]|auConstantCmn.LOGIN_ERR_MESSAGE003|String|false|true
15:45:15.0 (65606450)|VARIABLE_SCOPE_BEGIN|[17]|auConstantCmn.LOGIN_ERR_MESSAGE004|String|false|true
15:45:15.0 (65622669)|VARIABLE_SCOPE_BEGIN|[93]|auConstantCmn.PAGE_ALIAS_SHOP_CX|String|false|true
15:45:15.0 (65643703)|VARIABLE_SCOPE_BEGIN|[84]|auConstantCmn.PAGE_ALIAS_SHOP_EVENTS|String|false|true
15:45:15.0 (65661350)|VARIABLE_SCOPE_BEGIN|[70]|auConstantCmn.PAGE_ALIAS_SHOP_FORGOTPW|String|false|true
15:45:15.0 (65679249)|VARIABLE_SCOPE_BEGIN|[74]|auConstantCmn.PAGE_ALIAS_SHOP_FORGOTPWCOMP|String|false|true
15:45:15.0 (65697634)|VARIABLE_SCOPE_BEGIN|[81]|auConstantCmn.PAGE_ALIAS_SHOP_HOME|String|false|true
15:45:15.0 (65719802)|VARIABLE_SCOPE_BEGIN|[62]|auConstantCmn.PAGE_ALIAS_SHOP_LOGIN|String|false|true
15:45:15.0 (65737185)|VARIABLE_SCOPE_BEGIN|[66]|auConstantCmn.PAGE_ALIAS_SHOP_LOGOUT|String|false|true
15:45:15.0 (65752233)|VARIABLE_SCOPE_BEGIN|[78]|auConstantCmn.PAGE_ALIAS_SHOP_PASSWORDSIGNUP|String|false|true
15:45:15.0 (65768966)|VARIABLE_SCOPE_BEGIN|[99]|auConstantCmn.PAGE_ALIAS_SHOP_SCHEDULE|String|false|true
15:45:15.0 (65784823)|VARIABLE_SCOPE_BEGIN|[102]|auConstantCmn.PAGE_ALIAS_SHOP_SCHEDULE_LIST|String|false|true
15:45:15.0 (65802393)|VARIABLE_SCOPE_BEGIN|[87]|auConstantCmn.PAGE_ALIAS_SHOP_STPD|String|false|true
15:45:15.0 (65825899)|VARIABLE_SCOPE_BEGIN|[96]|auConstantCmn.PAGE_ALIAS_SHOP_TIMELINE_CX|String|false|true
15:45:15.0 (65845143)|VARIABLE_SCOPE_BEGIN|[90]|auConstantCmn.PAGE_ALIAS_SHOP_TIMELINE_STPD|String|false|true
15:45:15.0 (65874612)|VARIABLE_SCOPE_BEGIN|[92]|auConstantCmn.PAGE_VF_SHOP_CX|String|false|true
15:45:15.0 (65893710)|VARIABLE_SCOPE_BEGIN|[83]|auConstantCmn.PAGE_VF_SHOP_EVENTS|String|false|true
15:45:15.0 (65912267)|VARIABLE_SCOPE_BEGIN|[69]|auConstantCmn.PAGE_VF_SHOP_FORGOTPW|String|false|true
15:45:15.0 (65930406)|VARIABLE_SCOPE_BEGIN|[73]|auConstantCmn.PAGE_VF_SHOP_FORGOTPWCOMP|String|false|true
15:45:15.0 (65965642)|VARIABLE_SCOPE_BEGIN|[80]|auConstantCmn.PAGE_VF_SHOP_HOME|String|false|true
15:45:15.0 (65984230)|VARIABLE_SCOPE_BEGIN|[61]|auConstantCmn.PAGE_VF_SHOP_LOGIN|String|false|true
15:45:15.0 (66005306)|VARIABLE_SCOPE_BEGIN|[65]|auConstantCmn.PAGE_VF_SHOP_LOGOUT|String|false|true
15:45:15.0 (66025080)|VARIABLE_SCOPE_BEGIN|[77]|auConstantCmn.PAGE_VF_SHOP_PASSWORDSIGNUP|String|false|true
15:45:15.0 (66045065)|VARIABLE_SCOPE_BEGIN|[98]|auConstantCmn.PAGE_VF_SHOP_SCHEDULE|String|false|true
15:45:15.0 (66068907)|VARIABLE_SCOPE_BEGIN|[101]|auConstantCmn.PAGE_VF_SHOP_SCHEDULE_LIST|String|false|true
15:45:15.0 (66089604)|VARIABLE_SCOPE_BEGIN|[86]|auConstantCmn.PAGE_VF_SHOP_STPD|String|false|true
15:45:15.0 (66127520)|VARIABLE_SCOPE_BEGIN|[95]|auConstantCmn.PAGE_VF_SHOP_TIMELINE_CX|String|false|true
15:45:15.0 (66144333)|VARIABLE_SCOPE_BEGIN|[89]|auConstantCmn.PAGE_VF_SHOP_TIMELINE_STPD|String|false|true
15:45:15.0 (66158953)|VARIABLE_SCOPE_BEGIN|[28]|auConstantCmn.PASSWORD_SIGNUP_ERR_EXPIREDURL|String|false|true
15:45:15.0 (66172097)|VARIABLE_SCOPE_BEGIN|[31]|auConstantCmn.PASSWORD_SIGNUP_ERR_INTERNAL|String|false|true
15:45:15.0 (66187091)|VARIABLE_SCOPE_BEGIN|[29]|auConstantCmn.PASSWORD_SIGNUP_ERR_INVALIDURL|String|false|true
15:45:15.0 (66203279)|VARIABLE_SCOPE_BEGIN|[23]|auConstantCmn.PASSWORD_SIGNUP_ERR_MESSAGE001|String|false|true
15:45:15.0 (66214564)|VARIABLE_SCOPE_BEGIN|[24]|auConstantCmn.PASSWORD_SIGNUP_ERR_MESSAGE002|String|false|true
15:45:15.0 (66231897)|VARIABLE_SCOPE_BEGIN|[25]|auConstantCmn.PASSWORD_SIGNUP_ERR_MESSAGE003|String|false|true
15:45:15.0 (66250924)|VARIABLE_SCOPE_BEGIN|[26]|auConstantCmn.PASSWORD_SIGNUP_ERR_MESSAGE004|String|false|true
15:45:15.0 (66270300)|VARIABLE_SCOPE_BEGIN|[27]|auConstantCmn.PASSWORD_SIGNUP_ERR_MESSAGE005|String|false|true
15:45:15.0 (66292282)|VARIABLE_SCOPE_BEGIN|[30]|auConstantCmn.PASSWORD_SIGNUP_ERR_OLDURL|String|false|true
15:45:15.0 (66312027)|VARIABLE_SCOPE_BEGIN|[35]|auConstantCmn.PROFILE_COMMUNITY_MANAGEMENT|String|false|true
15:45:15.0 (66330901)|VARIABLE_SCOPE_BEGIN|[36]|auConstantCmn.PROFILE_COMMUNITY_PRIMARY_AGENT|String|false|true
15:45:15.0 (66351552)|VARIABLE_SCOPE_BEGIN|[34]|auConstantCmn.PROFILE_COMMUNITY_SHOP|String|false|true
15:45:15.0 (66371552)|VARIABLE_SCOPE_BEGIN|[48]|auConstantCmn.PROFILE_EVOLVA_ADMIN_USER|String|false|true
15:45:15.0 (66406441)|VARIABLE_SCOPE_BEGIN|[47]|auConstantCmn.PROFILE_EVOLVA_USER|String|false|true
15:45:15.0 (66426779)|VARIABLE_SCOPE_BEGIN|[37]|auConstantCmn.PROFILE_KDDI_BRANCH|String|false|true
15:45:15.0 (66449969)|VARIABLE_SCOPE_BEGIN|[38]|auConstantCmn.PROFILE_KDDI_BRANCH_V2|String|false|true
15:45:15.0 (66469423)|VARIABLE_SCOPE_BEGIN|[41]|auConstantCmn.PROFILE_KDDI_HEADQUARTERS|String|false|true
15:45:15.0 (66488270)|VARIABLE_SCOPE_BEGIN|[42]|auConstantCmn.PROFILE_KDDI_HEADQUARTERS_V2|String|false|true
15:45:15.0 (66503924)|VARIABLE_SCOPE_BEGIN|[44]|auConstantCmn.PROFILE_KDDI_KNOWLEDGE_ACTIVITIES|String|false|true
15:45:15.0 (66519365)|VARIABLE_SCOPE_BEGIN|[43]|auConstantCmn.PROFILE_KDDI_KNOWLEDGE_ONLY|String|false|true
15:45:15.0 (66535115)|VARIABLE_SCOPE_BEGIN|[39]|auConstantCmn.PROFILE_KDDI_REGIONAL_OFFICE|String|false|true
15:45:15.0 (66553158)|VARIABLE_SCOPE_BEGIN|[40]|auConstantCmn.PROFILE_KDDI_REGIONAL_OFFICE_V2|String|false|true
15:45:15.0 (66571127)|VARIABLE_SCOPE_BEGIN|[46]|auConstantCmn.PROFILE_SA_USER_CSA|String|false|true
15:45:15.0 (66587187)|VARIABLE_SCOPE_BEGIN|[45]|auConstantCmn.PROFILE_SA_USER_SA|String|false|true
15:45:15.0 (66606270)|VARIABLE_SCOPE_BEGIN|[49]|auConstantCmn.PROFILE_SYSADMIN_CUSTOM|String|false|true
15:45:15.0 (66626093)|VARIABLE_SCOPE_BEGIN|[50]|auConstantCmn.PROFILE_SYSADMIN_DEFAULT_EN|String|false|true
15:45:15.0 (66647311)|VARIABLE_SCOPE_BEGIN|[51]|auConstantCmn.PROFILE_SYSADMIN_DEFAULT_JP|String|false|true
15:45:15.0 (66667233)|VARIABLE_SCOPE_BEGIN|[9]|auConstantCmn.ROLE_CODE_EVOLVA_HONBU|String|false|true
15:45:15.0 (66685934)|VARIABLE_SCOPE_BEGIN|[10]|auConstantCmn.ROLE_CODE_EVOLVA_SHISHA|String|false|true
15:45:15.0 (66706494)|VARIABLE_SCOPE_BEGIN|[11]|auConstantCmn.ROLE_CODE_EVOLVA_SHITEN|String|false|true
15:45:15.0 (66724379)|VARIABLE_SCOPE_BEGIN|[7]|auConstantCmn.ROLE_CODE_HONBU|String|false|true
15:45:15.0 (66746015)|VARIABLE_SCOPE_BEGIN|[8]|auConstantCmn.ROLE_CODE_SA_HONBU|String|false|true
15:45:15.0 (66777958)|VARIABLE_SCOPE_BEGIN|[123]|auConstantCmn.USER_CLASSIFICATION_CONTRACTOR|String|false|true
15:45:15.0 (66791880)|VARIABLE_SCOPE_BEGIN|[122]|auConstantCmn.USER_CLASSIFICATION_CSA|String|false|true
15:45:15.0 (66803847)|VARIABLE_SCOPE_BEGIN|[121]|auConstantCmn.USER_CLASSIFICATION_SA|String|false|true
15:45:15.0 (66823480)|HEAP_ALLOCATE|[60]|Bytes:11
15:45:15.0 (66870567)|VARIABLE_ASSIGNMENT|[60]|auConstantCmn.ACCESS_TYPE_KDDI|"KDDI_ACCESS"
15:45:15.0 (66878376)|HEAP_ALLOCATE|[60]|Bytes:9
15:45:15.0 (66886628)|VARIABLE_ASSIGNMENT|[60]|auConstantCmn.ACCESS_TYPE_SA|"SA_ACCESS"
15:45:15.0 (66891933)|HEAP_ALLOCATE|[60]|Bytes:11
15:45:15.0 (66898285)|VARIABLE_ASSIGNMENT|[60]|auConstantCmn.ACCESS_TYPE_SHOP|"SHOP_ACCESS"
15:45:15.0 (66903531)|HEAP_ALLOCATE|[60]|Bytes:5
15:45:15.0 (66909546)|VARIABLE_ASSIGNMENT|[60]|auConstantCmn.ACCOUNT_CHANNEL_DAIRITEN|"一次代理店"
15:45:15.0 (66914060)|HEAP_ALLOCATE|[60]|Bytes:6
15:45:15.0 (66919443)|VARIABLE_ASSIGNMENT|[60]|auConstantCmn.ACCOUNT_CHANNEL_SHOP|"auショップ"
15:45:15.0 (66924179)|HEAP_ALLOCATE|[60]|Bytes:4
15:45:15.0 (66930472)|VARIABLE_ASSIGNMENT|[60]|auConstantCmn.ACCOUNT_CHANNEL_UNEIHOJIN|"運営法人"
15:45:15.0 (66934594)|HEAP_ALLOCATE|[60]|Bytes:8
15:45:15.0 (66940559)|VARIABLE_ASSIGNMENT|[60]|auConstantCmn.CX_KNOWLEDGE_SHARING_NATIONAL|"National"
15:45:15.0 (66945806)|HEAP_ALLOCATE|[60]|Bytes:14
15:45:15.0 (66951892)|VARIABLE_ASSIGNMENT|[60]|auConstantCmn.CX_KNOWLEDGE_SHARING_REGIONAL_OFFICE|"RegionalOffice"
15:45:15.0 (66956806)|HEAP_ALLOCATE|[60]|Bytes:8
15:45:15.0 (66963851)|VARIABLE_ASSIGNMENT|[60]|auConstantCmn.CX_KNOWLEDGE_STATUS_APPROVED|"Approved"
15:45:15.0 (66968233)|HEAP_ALLOCATE|[60]|Bytes:16
15:45:15.0 (66975249)|VARIABLE_ASSIGNMENT|[60]|auConstantCmn.CX_KNOWLEDGE_STATUS_NATIONAL_APPROVED|"NationalApproved"
15:45:15.0 (66980816)|HEAP_ALLOCATE|[60]|Bytes:8
15:45:15.0 (66987165)|VARIABLE_ASSIGNMENT|[60]|auConstantCmn.CX_KNOWLEDGE_STATUS_REJECTED|"Rejected"
15:45:15.0 (66991734)|HEAP_ALLOCATE|[60]|Bytes:5
15:45:15.0 (66998298)|VARIABLE_ASSIGNMENT|[60]|auConstantCmn.CX_KNOWLEDGE_STATUS_SAVED|"Saved"
15:45:15.0 (67003282)|HEAP_ALLOCATE|[60]|Bytes:14
15:45:15.0 (67011165)|VARIABLE_ASSIGNMENT|[60]|auConstantCmn.CX_KNOWLEDGE_STATUS_TEMPORARY_SAVED|"TemporarySaved"
15:45:15.0 (67016914)|HEAP_ALLOCATE|[60]|Bytes:12
15:45:15.0 (67023333)|VARIABLE_ASSIGNMENT|[60]|auConstantCmn.FORGOT_PASSWORD_ERR_MESSAGE001|"IDを入力してください。"
15:45:15.0 (67028863)|HEAP_ALLOCATE|[60]|Bytes:8
15:45:15.0 (67035657)|VARIABLE_ASSIGNMENT|[60]|auConstantCmn.HONBU_DIRECT_DETAIL_TYPE_FAVORITE|"FAVORITE"
15:45:15.0 (67040744)|HEAP_ALLOCATE|[60]|Bytes:4
15:45:15.0 (67047333)|VARIABLE_ASSIGNMENT|[60]|auConstantCmn.HONBU_DIRECT_DETAIL_TYPE_READ|"READ"
15:45:15.0 (67052206)|HEAP_ALLOCATE|[60]|Bytes:5
15:45:15.0 (67059048)|VARIABLE_ASSIGNMENT|[60]|auConstantCmn.KDDI_KNOWLEDGE_STATUS_SAVED|"Saved"
15:45:15.0 (67063385)|HEAP_ALLOCATE|[60]|Bytes:14
15:45:15.0 (67071051)|VARIABLE_ASSIGNMENT|[60]|auConstantCmn.KDDI_KNOWLEDGE_STATUS_TEMPORARY_SAVED|"TemporarySaved"
15:45:15.0 (67076058)|HEAP_ALLOCATE|[60]|Bytes:15
15:45:15.0 (67083989)|VARIABLE_ASSIGNMENT|[60]|auConstantCmn.LOGIN_ERR_MESSAGE001|"パスワードを入力してください。"
15:45:15.0 (67089098)|HEAP_ALLOCATE|[60]|Bytes:27
15:45:15.0 (67098492)|VARIABLE_ASSIGNMENT|[60]|auConstantCmn.LOGIN_ERR_MESSAGE002|"8文字以上の英数字混在のパスワードを指定 (7 more) ..."
15:45:15.0 (67105296)|HEAP_ALLOCATE|[60]|Bytes:19
15:45:15.0 (67116818)|VARIABLE_ASSIGNMENT|[60]|auConstantCmn.LOGIN_ERR_MESSAGE003|"ID或いはパスワードが間違っています。"
15:45:15.0 (67124723)|HEAP_ALLOCATE|[60]|Bytes:46
15:45:15.0 (67138130)|VARIABLE_ASSIGNMENT|[60]|auConstantCmn.LOGIN_ERR_MESSAGE004|"ログイン失敗回数を超えた為、ロックされま (26 more) ..."
15:45:15.0 (67146319)|HEAP_ALLOCATE|[60]|Bytes:3
15:45:15.0 (67158205)|VARIABLE_ASSIGNMENT|[60]|auConstantCmn.PAGE_ALIAS_SHOP_CX|"/CX"
15:45:15.0 (67164698)|HEAP_ALLOCATE|[60]|Bytes:7
15:45:15.0 (67173266)|VARIABLE_ASSIGNMENT|[60]|auConstantCmn.PAGE_ALIAS_SHOP_EVENTS|"/events"
15:45:15.0 (67177887)|HEAP_ALLOCATE|[60]|Bytes:16
15:45:15.0 (67186470)|VARIABLE_ASSIGNMENT|[60]|auConstantCmn.PAGE_ALIAS_SHOP_FORGOTPW|"/forgot-password"
15:45:15.0 (67191397)|HEAP_ALLOCATE|[60]|Bytes:25
15:45:15.0 (67200164)|VARIABLE_ASSIGNMENT|[60]|auConstantCmn.PAGE_ALIAS_SHOP_FORGOTPWCOMP|"/forgot-password-com (5 more) ..."
15:45:15.0 (67205605)|HEAP_ALLOCATE|[60]|Bytes:5
15:45:15.0 (67212628)|VARIABLE_ASSIGNMENT|[60]|auConstantCmn.PAGE_ALIAS_SHOP_HOME|"/home"
15:45:15.0 (67217187)|HEAP_ALLOCATE|[60]|Bytes:6
15:45:15.0 (67224407)|VARIABLE_ASSIGNMENT|[60]|auConstantCmn.PAGE_ALIAS_SHOP_LOGIN|"/login"
15:45:15.0 (67229163)|HEAP_ALLOCATE|[60]|Bytes:7
15:45:15.0 (67239702)|VARIABLE_ASSIGNMENT|[60]|auConstantCmn.PAGE_ALIAS_SHOP_LOGOUT|"/logout"
15:45:15.0 (67247737)|HEAP_ALLOCATE|[60]|Bytes:16
15:45:15.0 (67262047)|VARIABLE_ASSIGNMENT|[60]|auConstantCmn.PAGE_ALIAS_SHOP_PASSWORDSIGNUP|"/password-signup"
15:45:15.0 (67270567)|HEAP_ALLOCATE|[60]|Bytes:9
15:45:15.0 (67280721)|VARIABLE_ASSIGNMENT|[60]|auConstantCmn.PAGE_ALIAS_SHOP_SCHEDULE|"/calendar"
15:45:15.0 (67286323)|HEAP_ALLOCATE|[60]|Bytes:11
15:45:15.0 (67294455)|VARIABLE_ASSIGNMENT|[60]|auConstantCmn.PAGE_ALIAS_SHOP_SCHEDULE_LIST|"/activities"
15:45:15.0 (67299054)|HEAP_ALLOCATE|[60]|Bytes:5
15:45:15.0 (67306625)|VARIABLE_ASSIGNMENT|[60]|auConstantCmn.PAGE_ALIAS_SHOP_STPD|"/STPD"
15:45:15.0 (67311052)|HEAP_ALLOCATE|[60]|Bytes:11
15:45:15.0 (67319801)|VARIABLE_ASSIGNMENT|[60]|auConstantCmn.PAGE_ALIAS_SHOP_TIMELINE_CX|"/timelineCX"
15:45:15.0 (67325495)|HEAP_ALLOCATE|[60]|Bytes:13
15:45:15.0 (67333139)|VARIABLE_ASSIGNMENT|[60]|auConstantCmn.PAGE_ALIAS_SHOP_TIMELINE_STPD|"/timelineSTPD"
15:45:15.0 (67338209)|HEAP_ALLOCATE|[60]|Bytes:27
15:45:15.0 (67346860)|VARIABLE_ASSIGNMENT|[60]|auConstantCmn.PAGE_VF_SHOP_CX|"/apex/auCXKnowledgeL (7 more) ..."
15:45:15.0 (67352276)|HEAP_ALLOCATE|[60]|Bytes:22
15:45:15.0 (67360896)|VARIABLE_ASSIGNMENT|[60]|auConstantCmn.PAGE_VF_SHOP_EVENTS|"/apex/auEventsListPa (2 more) ..."
15:45:15.0 (67366250)|HEAP_ALLOCATE|[60]|Bytes:21
15:45:15.0 (67375585)|VARIABLE_ASSIGNMENT|[60]|auConstantCmn.PAGE_VF_SHOP_FORGOTPW|"/auForgotPasswordPag (1 more) ..."
15:45:15.0 (67381118)|HEAP_ALLOCATE|[60]|Bytes:29
15:45:15.0 (67389886)|VARIABLE_ASSIGNMENT|[60]|auConstantCmn.PAGE_VF_SHOP_FORGOTPWCOMP|"/auForgotPasswordCom (9 more) ..."
15:45:15.0 (67394359)|HEAP_ALLOCATE|[60]|Bytes:24
15:45:15.0 (67404057)|VARIABLE_ASSIGNMENT|[60]|auConstantCmn.PAGE_VF_SHOP_HOME|"/apex/auSwitchScreen (4 more) ..."
15:45:15.0 (67408690)|HEAP_ALLOCATE|[60]|Bytes:12
15:45:15.0 (67417043)|VARIABLE_ASSIGNMENT|[60]|auConstantCmn.PAGE_VF_SHOP_LOGIN|"/auLoginPage"
15:45:15.0 (67421655)|HEAP_ALLOCATE|[60]|Bytes:13
15:45:15.0 (67436696)|VARIABLE_ASSIGNMENT|[60]|auConstantCmn.PAGE_VF_SHOP_LOGOUT|"/auLogoutPage"
15:45:15.0 (67442123)|HEAP_ALLOCATE|[60]|Bytes:21
15:45:15.0 (67451230)|VARIABLE_ASSIGNMENT|[60]|auConstantCmn.PAGE_VF_SHOP_PASSWORDSIGNUP|"/auPasswordSignupPag (1 more) ..."
15:45:15.0 (67456337)|HEAP_ALLOCATE|[60]|Bytes:16
15:45:15.0 (67465690)|VARIABLE_ASSIGNMENT|[60]|auConstantCmn.PAGE_VF_SHOP_SCHEDULE|"/apex/auSchedule"
15:45:15.0 (67469575)|HEAP_ALLOCATE|[60]|Bytes:20
15:45:15.0 (67477891)|VARIABLE_ASSIGNMENT|[60]|auConstantCmn.PAGE_VF_SHOP_SCHEDULE_LIST|"/apex/auScheduleList"
15:45:15.0 (67483535)|HEAP_ALLOCATE|[60]|Bytes:20
15:45:15.0 (67491947)|VARIABLE_ASSIGNMENT|[60]|auConstantCmn.PAGE_VF_SHOP_STPD|"/apex/auSTPDListPage"
15:45:15.0 (67496479)|HEAP_ALLOCATE|[60]|Bytes:31
15:45:15.0 (67506831)|VARIABLE_ASSIGNMENT|[60]|auConstantCmn.PAGE_VF_SHOP_TIMELINE_CX|"/apex/auCxKnowledgeT (11 more) ..."
15:45:15.0 (67511906)|HEAP_ALLOCATE|[60]|Bytes:24
15:45:15.0 (67521663)|VARIABLE_ASSIGNMENT|[60]|auConstantCmn.PAGE_VF_SHOP_TIMELINE_STPD|"/apex/auSTPDTimeline (4 more) ..."
15:45:15.0 (67527382)|HEAP_ALLOCATE|[60]|Bytes:55
15:45:15.0 (67537249)|VARIABLE_ASSIGNMENT|[60]|auConstantCmn.PASSWORD_SIGNUP_ERR_EXPIREDURL|"パスワードリセットの有効期限が切れていま (35 more) ..."
15:45:15.0 (67545346)|HEAP_ALLOCATE|[60]|Bytes:27
15:45:15.0 (67563475)|VARIABLE_ASSIGNMENT|[60]|auConstantCmn.PASSWORD_SIGNUP_ERR_INTERNAL|"内部エラーが発生しました。サイト管理者に (7 more) ..."
15:45:15.0 (67573647)|HEAP_ALLOCATE|[60]|Bytes:51
15:45:15.0 (67590620)|VARIABLE_ASSIGNMENT|[60]|auConstantCmn.PASSWORD_SIGNUP_ERR_INVALIDURL|"不正なパスワードリセットURLです。<b (31 more) ..."
15:45:15.0 (67598531)|HEAP_ALLOCATE|[60]|Bytes:15
15:45:15.0 (67617260)|VARIABLE_ASSIGNMENT|[60]|auConstantCmn.PASSWORD_SIGNUP_ERR_MESSAGE001|"パスワードを入力してください。"
15:45:15.0 (67626364)|HEAP_ALLOCATE|[60]|Bytes:19
15:45:15.0 (67637996)|VARIABLE_ASSIGNMENT|[60]|auConstantCmn.PASSWORD_SIGNUP_ERR_MESSAGE002|"確認用のパスワードを入力してください。"
15:45:15.0 (67643952)|HEAP_ALLOCATE|[60]|Bytes:27
15:45:15.0 (67653248)|VARIABLE_ASSIGNMENT|[60]|auConstantCmn.PASSWORD_SIGNUP_ERR_MESSAGE003|"8文字以上の英数字混在のパスワードを指定 (7 more) ..."
15:45:15.0 (67658497)|HEAP_ALLOCATE|[60]|Bytes:22
15:45:15.0 (67668426)|VARIABLE_ASSIGNMENT|[60]|auConstantCmn.PASSWORD_SIGNUP_ERR_MESSAGE004|"パスワードと確認用のパスワードが不一致で (2 more) ..."
15:45:15.0 (67673513)|HEAP_ALLOCATE|[60]|Bytes:21
15:45:15.0 (67683447)|VARIABLE_ASSIGNMENT|[60]|auConstantCmn.PASSWORD_SIGNUP_ERR_MESSAGE005|"以前利用したパスワードはご利用できません (1 more) ..."
15:45:15.0 (67688772)|HEAP_ALLOCATE|[60]|Bytes:46
15:45:15.0 (67700328)|VARIABLE_ASSIGNMENT|[60]|auConstantCmn.PASSWORD_SIGNUP_ERR_OLDURL|"以前のパスワードリセットURLは利用でき (26 more) ..."
15:45:15.0 (67706676)|HEAP_ALLOCATE|[60]|Bytes:14
15:45:15.0 (67721219)|VARIABLE_ASSIGNMENT|[60]|auConstantCmn.PROFILE_COMMUNITY_MANAGEMENT|"au ショップ - 運営法人"
15:45:15.0 (67729370)|HEAP_ALLOCATE|[60]|Bytes:15
15:45:15.0 (67744595)|VARIABLE_ASSIGNMENT|[60]|auConstantCmn.PROFILE_COMMUNITY_PRIMARY_AGENT|"au ショップ - 一次代理店"
15:45:15.0 (67752749)|HEAP_ALLOCATE|[60]|Bytes:12
15:45:15.0 (67769670)|VARIABLE_ASSIGNMENT|[60]|auConstantCmn.PROFILE_COMMUNITY_SHOP|"au ショップ - 店舗"
15:45:15.0 (67777764)|HEAP_ALLOCATE|[60]|Bytes:17
15:45:15.0 (67794317)|VARIABLE_ASSIGNMENT|[60]|auConstantCmn.PROFILE_EVOLVA_ADMIN_USER|"Evolva Admin User"
15:45:15.0 (67802923)|HEAP_ALLOCATE|[60]|Bytes:11
15:45:15.0 (67823412)|VARIABLE_ASSIGNMENT|[60]|auConstantCmn.PROFILE_EVOLVA_USER|"Evolva User"
15:45:15.0 (67832495)|HEAP_ALLOCATE|[60]|Bytes:9
15:45:15.0 (67846935)|VARIABLE_ASSIGNMENT|[60]|auConstantCmn.PROFILE_KDDI_BRANCH|"KDDI - 支店"
15:45:15.0 (67853076)|HEAP_ALLOCATE|[60]|Bytes:12
15:45:15.0 (67862619)|VARIABLE_ASSIGNMENT|[60]|auConstantCmn.PROFILE_KDDI_BRANCH_V2|"KDDI - 支店 v2"
15:45:15.0 (67867732)|HEAP_ALLOCATE|[60]|Bytes:9
15:45:15.0 (67877181)|VARIABLE_ASSIGNMENT|[60]|auConstantCmn.PROFILE_KDDI_HEADQUARTERS|"KDDI - 本部"
15:45:15.0 (67882335)|HEAP_ALLOCATE|[60]|Bytes:12
15:45:15.0 (67892490)|VARIABLE_ASSIGNMENT|[60]|auConstantCmn.PROFILE_KDDI_HEADQUARTERS_V2|"KDDI - 本部 v2"
15:45:15.0 (67899125)|HEAP_ALLOCATE|[60]|Bytes:29
15:45:15.0 (67910232)|VARIABLE_ASSIGNMENT|[60]|auConstantCmn.PROFILE_KDDI_KNOWLEDGE_ACTIVITIES|"KDDI - Knowledge & A (9 more) ..."
15:45:15.0 (67915162)|HEAP_ALLOCATE|[60]|Bytes:21
15:45:15.0 (67926214)|VARIABLE_ASSIGNMENT|[60]|auConstantCmn.PROFILE_KDDI_KNOWLEDGE_ONLY|"KDDI - Knowledge onl (1 more) ..."
15:45:15.0 (67931935)|HEAP_ALLOCATE|[60]|Bytes:9
15:45:15.0 (67942525)|VARIABLE_ASSIGNMENT|[60]|auConstantCmn.PROFILE_KDDI_REGIONAL_OFFICE|"KDDI - 支社"
15:45:15.0 (67948549)|HEAP_ALLOCATE|[60]|Bytes:12
15:45:15.0 (67957984)|VARIABLE_ASSIGNMENT|[60]|auConstantCmn.PROFILE_KDDI_REGIONAL_OFFICE_V2|"KDDI - 支社 v2"
15:45:15.0 (67965983)|HEAP_ALLOCATE|[60]|Bytes:13
15:45:15.0 (67976977)|VARIABLE_ASSIGNMENT|[60]|auConstantCmn.PROFILE_SA_USER_CSA|"SA User - CSA"
15:45:15.0 (67982579)|HEAP_ALLOCATE|[60]|Bytes:12
15:45:15.0 (67992493)|VARIABLE_ASSIGNMENT|[60]|auConstantCmn.PROFILE_SA_USER_SA|"SA User - SA"
15:45:15.0 (67997525)|HEAP_ALLOCATE|[60]|Bytes:12
15:45:15.0 (68007015)|VARIABLE_ASSIGNMENT|[60]|auConstantCmn.PROFILE_SYSADMIN_CUSTOM|"System Admin"
15:45:15.0 (68012752)|HEAP_ALLOCATE|[60]|Bytes:20
15:45:15.0 (68023936)|VARIABLE_ASSIGNMENT|[60]|auConstantCmn.PROFILE_SYSADMIN_DEFAULT_EN|"System Administrator"
15:45:15.0 (68029674)|HEAP_ALLOCATE|[60]|Bytes:7
15:45:15.0 (68046233)|VARIABLE_ASSIGNMENT|[60]|auConstantCmn.PROFILE_SYSADMIN_DEFAULT_JP|"システム管理者"
15:45:15.0 (68054799)|HEAP_ALLOCATE|[60]|Bytes:7
15:45:15.0 (68072107)|VARIABLE_ASSIGNMENT|[60]|auConstantCmn.ROLE_CODE_EVOLVA_HONBU|"E000000"
15:45:15.0 (68081122)|HEAP_ALLOCATE|[60]|Bytes:6
15:45:15.0 (68097705)|VARIABLE_ASSIGNMENT|[60]|auConstantCmn.ROLE_CODE_EVOLVA_SHISHA|"EKEV01"
15:45:15.0 (68123516)|HEAP_ALLOCATE|[60]|Bytes:8
15:45:15.0 (68141299)|VARIABLE_ASSIGNMENT|[60]|auConstantCmn.ROLE_CODE_EVOLVA_SHITEN|"EKEV0101"
15:45:15.0 (68146705)|HEAP_ALLOCATE|[60]|Bytes:7
15:45:15.0 (68158102)|VARIABLE_ASSIGNMENT|[60]|auConstantCmn.ROLE_CODE_HONBU|"C000000"
15:45:15.0 (68163040)|HEAP_ALLOCATE|[60]|Bytes:7
15:45:15.0 (68172739)|VARIABLE_ASSIGNMENT|[60]|auConstantCmn.ROLE_CODE_SA_HONBU|"S000000"
15:45:15.0 (68178580)|HEAP_ALLOCATE|[60]|Bytes:10
15:45:15.0 (68189447)|VARIABLE_ASSIGNMENT|[60]|auConstantCmn.USER_CLASSIFICATION_CONTRACTOR|"CONTRACTOR"
15:45:15.0 (68193929)|HEAP_ALLOCATE|[60]|Bytes:3
15:45:15.0 (68203844)|VARIABLE_ASSIGNMENT|[60]|auConstantCmn.USER_CLASSIFICATION_CSA|"CSA"
15:45:15.0 (68208452)|HEAP_ALLOCATE|[60]|Bytes:2
15:45:15.0 (68231700)|VARIABLE_ASSIGNMENT|[60]|auConstantCmn.USER_CLASSIFICATION_SA|"SA"
15:45:15.0 (68260202)|METHOD_ENTRY|[4]|01p6F0000084Osz|auConstantCmn.auConstantCmn()
15:45:15.0 (68268193)|STATEMENT_EXECUTE|[4]
15:45:15.0 (68274571)|STATEMENT_EXECUTE|[4]
15:45:15.0 (68797023)|SYSTEM_MODE_ENTER|false
15:45:15.0 (68830658)|HEAP_ALLOCATE|[60]|Bytes:5
15:45:15.0 (68840355)|SYSTEM_MODE_EXIT|false
15:45:15.0 (68851673)|METHOD_EXIT|[4]|auConstantCmn
15:45:15.0 (68990322)|VARIABLE_ASSIGNMENT|[EXTERNAL]|this|{"currentUser":"0x3113f480","isSAUser":false,"iTypeOfScreen":0,"urlReportsSFA":"https://au-portal.li (77 more) ..."}|0x415fa0b7
15:45:15.0 (69079081)|VARIABLE_ASSIGNMENT|[EXTERNAL]|this|{"currentUser":"0x3113f480","isSAUser":false,"iTypeOfScreen":0,"urlReportsSFA":"https://au-portal.li (77 more) ..."}|0x415fa0b7
15:45:15.0 (69273716)|VARIABLE_ASSIGNMENT|[EXTERNAL]|this|{"currentUser":"0x3113f480","isSAUser":false,"iTypeOfScreen":0,"urlReportsSFA":"https://au-portal.li (77 more) ..."}|0x415fa0b7
15:45:15.0 (69304835)|HEAP_ALLOCATE|[60]|Bytes:5
15:45:15.0 (69316794)|VARIABLE_ASSIGNMENT|[60]|this.isSAUser|false|0x415fa0b7
15:45:15.0 (85015997)|SYSTEM_MODE_ENTER|true
15:45:15.0 (85166554)|HEAP_ALLOCATE|[EXTERNAL]|Bytes:260
15:45:15.0 (85186012)|HEAP_ALLOCATE|[EXTERNAL]|Bytes:52
15:45:15.0 (85211568)|METHOD_ENTRY|[1]|01p6F0000084OtZ|auSwitchScreenCtrl.auSwitchScreenCtrl()
15:45:15.0 (85223169)|STATEMENT_EXECUTE|[1]
15:45:15.0 (85231354)|STATEMENT_EXECUTE|[1]
15:45:15.0 (85241049)|SYSTEM_MODE_ENTER|false
15:45:15.0 (85257900)|HEAP_ALLOCATE|[EXTERNAL]|Bytes:5
15:45:15.0 (85269633)|SYSTEM_MODE_EXIT|false
15:45:15.0 (85284471)|METHOD_EXIT|[1]|auSwitchScreenCtrl
15:45:15.0 (85311293)|HEAP_ALLOCATE|[EXTERNAL]|Bytes:32
15:45:15.0 (85326376)|VARIABLE_SCOPE_BEGIN|[13]|this|auSwitchScreenCtrl|true|false
15:45:15.0 (85415303)|VARIABLE_ASSIGNMENT|[13]|this|{}|0x2c2f47c8
15:45:15.0 (85435967)|SYSTEM_MODE_ENTER|false
15:45:15.0 (85445398)|HEAP_ALLOCATE|[15]|Bytes:5
15:45:15.0 (85452232)|STATEMENT_EXECUTE|[1]
15:45:15.0 (85456685)|HEAP_ALLOCATE|[15]|Bytes:5
15:45:15.0 (85461410)|STATEMENT_EXECUTE|[3]
15:45:15.0 (85464178)|STATEMENT_EXECUTE|[4]
15:45:15.0 (85466149)|STATEMENT_EXECUTE|[5]
15:45:15.0 (85468092)|STATEMENT_EXECUTE|[6]
15:45:15.0 (85470273)|STATEMENT_EXECUTE|[7]
15:45:15.0 (85472303)|STATEMENT_EXECUTE|[8]
15:45:15.0 (85474398)|STATEMENT_EXECUTE|[9]
15:45:15.0 (85511086)|STATEMENT_EXECUTE|[13]
15:45:15.0 (85514071)|STATEMENT_EXECUTE|[15]
15:45:15.0 (85661633)|HEAP_ALLOCATE|[15]|Bytes:28
15:45:15.0 (85730886)|HEAP_ALLOCATE|[15]|Bytes:617
15:45:15.0 (85782691)|HEAP_ALLOCATE|[15]|Bytes:10
15:45:15.0 (85818446)|VARIABLE_SCOPE_BEGIN|[15]|userAgent|String|false|false
15:45:15.0 (85848319)|VARIABLE_ASSIGNMENT|[15]|userAgent|"Mozilla/5.0 (Windows (94 more) ..."
15:45:15.0 (85857216)|STATEMENT_EXECUTE|[16]
15:45:15.0 (85861714)|HEAP_ALLOCATE|[16]|Bytes:6
15:45:15.0 (85978527)|VARIABLE_ASSIGNMENT|[EXTERNAL]|this|{}|0x2c2f47c8
15:45:15.0 (85999979)|VARIABLE_ASSIGNMENT|[EXTERNAL]|value|false
15:45:15.0 (86011807)|HEAP_ALLOCATE|[9]|Bytes:5
15:45:15.0 (86027636)|VARIABLE_ASSIGNMENT|[9]|this.isIPhone|false|0x2c2f47c8
15:45:15.0 (86043768)|STATEMENT_EXECUTE|[18]
15:45:15.0 (86048725)|HEAP_ALLOCATE|[18]|Bytes:54
15:45:15.0 (86071065)|HEAP_ALLOCATE|[18]|Bytes:4
15:45:15.0 (86093991)|METHOD_ENTRY|[20]||System.UserInfo.getUserId()
15:45:15.0 (86133734)|METHOD_EXIT|[20]||System.UserInfo.getUserId()
15:45:15.0 (86565600)|SOQL_EXECUTE_BEGIN|[18]|Aggregations:0|SELECT Profile.Name FROM User WHERE User.ID = :tmpVar1
15:45:15.0 (91755115)|SOQL_EXECUTE_END|[18]|Rows:1
15:45:15.0 (91788502)|HEAP_ALLOCATE|[18]|Bytes:8
15:45:15.0 (91817398)|HEAP_ALLOCATE|[18]|Bytes:127
15:45:15.0 (91852209)|HEAP_ALLOCATE|[18]|Bytes:8
15:45:15.0 (91888357)|HEAP_ALLOCATE|[18]|Bytes:16
15:45:15.0 (91899956)|VARIABLE_SCOPE_BEGIN|[18]|currentUser|User|true|false
15:45:15.0 (91946236)|VARIABLE_ASSIGNMENT|[18]|currentUser|{"ProfileId":"00e6F000002RS1oQAG","Id":"0056F000006PtYlQAK","Profile":{"Name":"System Administrator","Id":"00e6F000002RS1oQAG"}}|0x67bcb927
15:45:15.0 (91955687)|STATEMENT_EXECUTE|[22]
15:45:15.0 (92141608)|VARIABLE_ASSIGNMENT|[EXTERNAL]|this|{"isIPhone":false}|0x2c2f47c8
15:45:15.0 (92162753)|VARIABLE_ASSIGNMENT|[EXTERNAL]|value|false
15:45:15.0 (92171763)|HEAP_ALLOCATE|[3]|Bytes:5
15:45:15.0 (92182930)|VARIABLE_ASSIGNMENT|[3]|this.isCommunityUser|false|0x2c2f47c8
15:45:15.0 (92194877)|STATEMENT_EXECUTE|[26]
15:45:15.0 (92289816)|VARIABLE_ASSIGNMENT|[EXTERNAL]|this|{"isCommunityUser":false,"isIPhone":false}|0x2c2f47c8
15:45:15.0 (92308482)|VARIABLE_ASSIGNMENT|[EXTERNAL]|value|true
15:45:15.0 (92319552)|HEAP_ALLOCATE|[4]|Bytes:5
15:45:15.0 (92330496)|VARIABLE_ASSIGNMENT|[4]|this.isSystemAdministrator|true|0x2c2f47c8
15:45:15.0 (92344116)|STATEMENT_EXECUTE|[30]
15:45:15.0 (92391617)|VARIABLE_ASSIGNMENT|[EXTERNAL]|this|{"isCommunityUser":false,"isIPhone":false,"isSystemAdministrator":true}|0x2c2f47c8
15:45:15.0 (92453419)|VARIABLE_ASSIGNMENT|[EXTERNAL]|this|{"isCommunityUser":false,"isIPhone":false,"isSystemAdministrator":true}|0x2c2f47c8
15:45:15.0 (92468653)|VARIABLE_ASSIGNMENT|[EXTERNAL]|value|true
15:45:15.0 (92477817)|HEAP_ALLOCATE|[5]|Bytes:5
15:45:15.0 (92487976)|VARIABLE_ASSIGNMENT|[5]|this.isKDDIUser|true|0x2c2f47c8
15:45:15.0 (92499971)|STATEMENT_EXECUTE|[38]
15:45:15.0 (92619928)|VARIABLE_ASSIGNMENT|[EXTERNAL]|this|{"isCommunityUser":false,"isIPhone":false,"isKDDIUser":true,"isSystemAdministrator":true}|0x2c2f47c8
15:45:15.0 (92638198)|VARIABLE_ASSIGNMENT|[EXTERNAL]|value|false
15:45:15.0 (92649771)|HEAP_ALLOCATE|[6]|Bytes:5
15:45:15.0 (92661718)|VARIABLE_ASSIGNMENT|[6]|this.isSAorEvolvaUser|false|0x2c2f47c8
15:45:15.0 (92678748)|STATEMENT_EXECUTE|[43]
15:45:15.0 (92768984)|VARIABLE_ASSIGNMENT|[EXTERNAL]|this|{"isCommunityUser":false,"isIPhone":false,"isKDDIUser":true,"isSAorEvolvaUser":false,"isSystemAdministrator":true}|0x2c2f47c8
15:45:15.0 (92791489)|VARIABLE_ASSIGNMENT|[EXTERNAL]|value|false
15:45:15.0 (92802979)|HEAP_ALLOCATE|[7]|Bytes:5
15:45:15.0 (92818681)|VARIABLE_ASSIGNMENT|[7]|this.isKDDIKnowledgeOnly|false|0x2c2f47c8
15:45:15.0 (92832137)|STATEMENT_EXECUTE|[45]
15:45:15.0 (92920683)|VARIABLE_ASSIGNMENT|[EXTERNAL]|this|{"isCommunityUser":false,"isIPhone":false,"isKDDIKnowledgeOnly":false,"isKDDIUser":true,"isSAorEvolvaUser":false,"isSystemAdministrator":true}|0x2c2f47c8
15:45:15.0 (92939823)|VARIABLE_ASSIGNMENT|[EXTERNAL]|value|false
15:45:15.0 (92950440)|HEAP_ALLOCATE|[8]|Bytes:5
15:45:15.0 (92960787)|VARIABLE_ASSIGNMENT|[8]|this.isKDDIKnowledgeActivities|false|0x2c2f47c8
15:45:15.0 (92982351)|SYSTEM_MODE_EXIT|false
15:45:15.0 (93229296)|HEAP_ALLOCATE|[EXTERNAL]|Bytes:32
15:45:15.0 (93245439)|VARIABLE_SCOPE_BEGIN|[50]|this|auSwitchScreenCtrl|true|false
15:45:15.0 (93298478)|VARIABLE_ASSIGNMENT|[50]|this|{"isCommunityUser":false,"isIPhone":false,"isKDDIKnowledgeActivities":false,"isKDDIKnowledgeOnly":false,"isKDDIUser":true,"isSAorEvolvaUser":false,"isSystemAdministrator":true}|0x2c2f47c8
15:45:15.0 (93328903)|SYSTEM_MODE_ENTER|false
15:45:15.0 (93339505)|HEAP_ALLOCATE|[52]|Bytes:5
15:45:15.0 (93348227)|STATEMENT_EXECUTE|[50]
15:45:15.0 (93350919)|STATEMENT_EXECUTE|[52]
15:45:15.0 (93357020)|HEAP_ALLOCATE|[52]|Bytes:63
15:45:15.0 (93383930)|HEAP_ALLOCATE|[52]|Bytes:4
15:45:15.0 (93409026)|METHOD_ENTRY|[54]||System.UserInfo.getUserId()
15:45:15.0 (93451731)|METHOD_EXIT|[54]||System.UserInfo.getUserId()
15:45:15.0 (93731771)|SOQL_EXECUTE_BEGIN|[52]|Aggregations:0|SELECT ForcePasswordReset__c FROM User WHERE User.ID = :tmpVar1
15:45:15.0 (96624135)|SOQL_EXECUTE_END|[52]|Rows:1
15:45:15.0 (96668949)|HEAP_ALLOCATE|[52]|Bytes:8
15:45:15.0 (96693231)|HEAP_ALLOCATE|[52]|Bytes:58
15:45:15.0 (96753066)|HEAP_ALLOCATE|[52]|Bytes:8
15:45:15.0 (96803997)|HEAP_ALLOCATE|[52]|Bytes:12
15:45:15.0 (96824958)|VARIABLE_SCOPE_BEGIN|[52]|currentUser|User|true|false
15:45:15.0 (96878206)|VARIABLE_ASSIGNMENT|[52]|currentUser|{"ForcePasswordReset__c":false,"Id":"0056F000006PtYlQAK"}|0x56fe889c
15:45:15.0 (96933730)|STATEMENT_EXECUTE|[56]
15:45:15.0 (97053925)|VARIABLE_ASSIGNMENT|[EXTERNAL]|this|{"isCommunityUser":false,"isIPhone":false,"isKDDIKnowledgeActivities":false,"isKDDIKnowledgeOnly":false,"isKDDIUser":true,"isSAorEvolvaUser":false,"isSystemAdministrator":true}|0x2c2f47c8
15:45:15.0 (97085108)|STATEMENT_EXECUTE|[61]
15:45:15.0 (97088013)|STATEMENT_EXECUTE|[66]
15:45:15.0 (97094957)|SYSTEM_MODE_EXIT|false
15:45:15.0 (97612287)|SYSTEM_MODE_ENTER|true
15:45:15.0 (97648391)|HEAP_ALLOCATE|[EXTERNAL]|Bytes:44
15:45:15.0 (97657921)|VARIABLE_SCOPE_BEGIN|[48]|this|auMainTopCompCtrl|true|false
15:45:15.0 (97701070)|VARIABLE_ASSIGNMENT|[48]|this|{}|0x2fb7f9f0
15:45:15.0 (97719594)|STATEMENT_EXECUTE|[1]
15:45:15.0 (97722097)|STATEMENT_EXECUTE|[29]
15:45:15.0 (97723917)|STATEMENT_EXECUTE|[30]
15:45:15.0 (97725405)|STATEMENT_EXECUTE|[31]
15:45:15.0 (97727015)|STATEMENT_EXECUTE|[34]
15:45:15.0 (97728912)|STATEMENT_EXECUTE|[35]
15:45:15.0 (97730263)|STATEMENT_EXECUTE|[36]
15:45:15.0 (97731717)|STATEMENT_EXECUTE|[38]
15:45:15.0 (97733062)|STATEMENT_EXECUTE|[39]
15:45:15.0 (97734976)|STATEMENT_EXECUTE|[41]
15:45:15.0 (97736828)|STATEMENT_EXECUTE|[46]
15:45:15.0 (97745479)|HEAP_ALLOCATE|[46]|Bytes:5
15:45:15.0 (97757997)|VARIABLE_ASSIGNMENT|[46]|this.isSAUser|false|0x2fb7f9f0
15:45:15.0 (97787542)|STATEMENT_EXECUTE|[48]
15:45:15.0 (97789650)|STATEMENT_EXECUTE|[49]
15:45:15.0 (97820841)|VARIABLE_ASSIGNMENT|[EXTERNAL]|this|{"isSAUser":false}|0x2fb7f9f0
15:45:15.0 (97835220)|VARIABLE_ASSIGNMENT|[EXTERNAL]|value|0
15:45:15.0 (97844460)|HEAP_ALLOCATE|[34]|Bytes:4
15:45:15.0 (97854855)|VARIABLE_ASSIGNMENT|[34]|this.iTypeOfScreen|0|0x2fb7f9f0
15:45:15.0 (97864880)|STATEMENT_EXECUTE|[51]
15:45:15.0 (98057519)|HEAP_ALLOCATE|[51]|Bytes:156
15:45:15.0 (98110670)|VARIABLE_ASSIGNMENT|[EXTERNAL]|this|{"isSAUser":false,"iTypeOfScreen":0}|0x2fb7f9f0
15:45:15.0 (98128033)|VARIABLE_ASSIGNMENT|[EXTERNAL]|value|"https://au-portal.li (77 more) ..."
15:45:15.0 (98151477)|VARIABLE_ASSIGNMENT|[39]|this.urlReportsSFA|"https://au-portal.li (77 more) ..."|0x2fb7f9f0
15:45:15.0 (98161108)|STATEMENT_EXECUTE|[53]
15:45:15.0 (98179896)|HEAP_ALLOCATE|[53]|Bytes:4
15:45:15.0 (98197226)|METHOD_ENTRY|[58]||System.UserInfo.getUserId()
15:45:15.0 (98219728)|METHOD_EXIT|[58]||System.UserInfo.getUserId()
15:45:15.0 (98794708)|SOQL_EXECUTE_BEGIN|[53]|Aggregations:0|SELECT SmallPhotoUrl, Account.Name, Account.RegionalOfficeId__r.RegionalOfficeName__c, Account.BranchId__r.BranchName__c, Name, Department, UserRole.Name, Profile.Name FROM User WHERE User.ID = :tmpVar1
15:45:15.0 (107383293)|SOQL_EXECUTE_END|[53]|Rows:1
15:45:15.0 (107435723)|HEAP_ALLOCATE|[53]|Bytes:8
15:45:15.0 (107495062)|HEAP_ALLOCATE|[53]|Bytes:276
15:45:15.0 (107599848)|HEAP_ALLOCATE|[53]|Bytes:8
15:45:15.0 (107647261)|HEAP_ALLOCATE|[53]|Bytes:32
15:45:15.0 (107775498)|VARIABLE_ASSIGNMENT|[EXTERNAL]|this|{"isSAUser":false,"iTypeOfScreen":0,"urlReportsSFA":"https://au-portal.li (77 more) ..."}|0x2fb7f9f0
15:45:15.0 (107825892)|VARIABLE_ASSIGNMENT|[EXTERNAL]|value|{"SmallPhotoUrl":"/profilephoto/005/T","Name":"auPortal システム開発","UserRoleId":"00E6F000001SEaUUAW","ProfileId":"00e6F000002RS1oQAG","Id":"0056F000006PtYlQAK","UserRole":{"Name":"コンシューマ事業本部","Id":"00E6F000001SEaUUAW"},"Profile":{"Name":"System Administrator","Id":"00e6F000002RS1oQAG"}}|0x5bcc724a
15:45:15.0 (107877680)|VARIABLE_ASSIGNMENT|[38]|this.currentUser|{"SmallPhotoUrl":"/profilephoto/005/T","Name":"auPortal システム開発","UserRoleId":"00E6F000001SEaUUAW","ProfileId":"00e6F000002RS1oQAG","Id":"0056F000006PtYlQAK","UserRole":{"Name":"コンシューマ事業本部","Id":"00E6F000001SEaUUAW"},"Profile":{"Name":"System Administrator","Id":"00e6F000002RS1oQAG"}}|0x2fb7f9f0
15:45:15.0 (107905363)|STATEMENT_EXECUTE|[60]
15:45:15.0 (107956121)|VARIABLE_ASSIGNMENT|[EXTERNAL]|this|{"currentUser":"0x5bcc724a","isSAUser":false,"iTypeOfScreen":0,"urlReportsSFA":"https://au-portal.li (77 more) ..."}|0x2fb7f9f0
15:45:15.0 (108090513)|VARIABLE_ASSIGNMENT|[EXTERNAL]|this|{"currentUser":"0x5bcc724a","isSAUser":false,"iTypeOfScreen":0,"urlReportsSFA":"https://au-portal.li (77 more) ..."}|0x2fb7f9f0
15:45:15.0 (108172306)|VARIABLE_ASSIGNMENT|[EXTERNAL]|this|{"currentUser":"0x5bcc724a","isSAUser":false,"iTypeOfScreen":0,"urlReportsSFA":"https://au-portal.li (77 more) ..."}|0x2fb7f9f0
15:45:15.0 (108254634)|VARIABLE_ASSIGNMENT|[EXTERNAL]|this|{"currentUser":"0x5bcc724a","isSAUser":false,"iTypeOfScreen":0,"urlReportsSFA":"https://au-portal.li (77 more) ..."}|0x2fb7f9f0
15:45:15.0 (108290682)|HEAP_ALLOCATE|[60]|Bytes:5
15:45:15.0 (108301516)|VARIABLE_ASSIGNMENT|[60]|this.isSAUser|false|0x2fb7f9f0
15:45:15.0 (108874816)|SYSTEM_MODE_ENTER|true
15:45:15.0 (108919834)|HEAP_ALLOCATE|[EXTERNAL]|Bytes:44
15:45:15.0 (108991942)|VARIABLE_ASSIGNMENT|[EXTERNAL]|this.iCountComments|null|0x2fb7f9f0
15:45:15.0 (109079053)|SYSTEM_MODE_ENTER|true
15:45:15.0 (109104910)|HEAP_ALLOCATE|[EXTERNAL]|Bytes:44
15:45:15.0 (109119682)|VARIABLE_ASSIGNMENT|[EXTERNAL]|this.iCountLikes|null|0x2fb7f9f0
15:45:15.0 (109395484)|SYSTEM_MODE_ENTER|true
15:45:15.0 (109480030)|HEAP_ALLOCATE|[EXTERNAL]|Bytes:32
15:45:15.0 (109497454)|VARIABLE_SCOPE_BEGIN|[11]|this|auSwitchScreenCtrl|true|false
15:45:15.0 (109558019)|VARIABLE_ASSIGNMENT|[11]|this|{"isCommunityUser":false,"isIPhone":false,"isKDDIKnowledgeActivities":false,"isKDDIKnowledgeOnly":false,"isKDDIUser":true,"isSAorEvolvaUser":false,"isSystemAdministrator":true}|0x2c2f47c8
15:45:15.0 (109583887)|SYSTEM_MODE_ENTER|false
15:45:15.0 (109595635)|HEAP_ALLOCATE|[11]|Bytes:5
15:45:15.0 (109604292)|STATEMENT_EXECUTE|[11]
15:45:15.0 (109607454)|STATEMENT_EXECUTE|[11]
15:45:15.0 (109620697)|SYSTEM_MODE_EXIT|false
15:45:15.0 (109724583)|SYSTEM_MODE_ENTER|true
15:45:15.0 (109753792)|HEAP_ALLOCATE|[EXTERNAL]|Bytes:8
15:45:15.0 (109762219)|HEAP_ALLOCATE|[EXTERNAL]|Bytes:44
15:45:15.0 (109775837)|VARIABLE_ASSIGNMENT|[EXTERNAL]|this.iTypeOfScreen|0|0x2fb7f9f0
15:45:15.0 (110041580)|SYSTEM_MODE_ENTER|true
15:45:15.0 (110098234)|HEAP_ALLOCATE|[EXTERNAL]|Bytes:44
15:45:15.0 (110110629)|VARIABLE_SCOPE_BEGIN|[204]|this|auMainTopCompCtrl|true|false
15:45:15.0 (110174301)|VARIABLE_ASSIGNMENT|[204]|this|{"currentUser":"0x5bcc724a","isSAUser":false,"iTypeOfScreen":0,"urlReportsSFA":"https://au-portal.li (77 more) ..."}|0x2fb7f9f0
15:45:15.0 (110194209)|STATEMENT_EXECUTE|[204]
15:45:15.0 (110282566)|VARIABLE_ASSIGNMENT|[EXTERNAL]|this|{"currentUser":"0x5bcc724a","isSAUser":false,"iTypeOfScreen":0,"urlReportsSFA":"https://au-portal.li (77 more) ..."}|0x2fb7f9f0
15:45:15.0 (110363947)|VARIABLE_ASSIGNMENT|[EXTERNAL]|this|{"currentUser":"0x5bcc724a","isSAUser":false,"iTypeOfScreen":0,"urlReportsSFA":"https://au-portal.li (77 more) ..."}|0x2fb7f9f0
15:45:15.0 (110429627)|VARIABLE_ASSIGNMENT|[EXTERNAL]|this|{"currentUser":"0x5bcc724a","isSAUser":false,"iTypeOfScreen":0,"urlReportsSFA":"https://au-portal.li (77 more) ..."}|0x2fb7f9f0
15:45:15.0 (110499562)|VARIABLE_ASSIGNMENT|[EXTERNAL]|this|{"currentUser":"0x5bcc724a","isSAUser":false,"iTypeOfScreen":0,"urlReportsSFA":"https://au-portal.li (77 more) ..."}|0x2fb7f9f0
15:45:15.0 (110563208)|VARIABLE_ASSIGNMENT|[EXTERNAL]|this|{"currentUser":"0x5bcc724a","isSAUser":false,"iTypeOfScreen":0,"urlReportsSFA":"https://au-portal.li (77 more) ..."}|0x2fb7f9f0
15:45:15.0 (110588016)|STATEMENT_EXECUTE|[213]
15:45:15.0 (110590955)|STATEMENT_EXECUTE|[214]
15:45:15.0 (110705845)|SYSTEM_MODE_ENTER|true
15:45:15.0 (110757099)|HEAP_ALLOCATE|[EXTERNAL]|Bytes:44
15:45:15.0 (110769372)|VARIABLE_SCOPE_BEGIN|[218]|this|auMainTopCompCtrl|true|false
15:45:15.0 (110826006)|VARIABLE_ASSIGNMENT|[218]|this|{"currentUser":"0x5bcc724a","isSAUser":false,"iTypeOfScreen":0,"urlReportsSFA":"https://au-portal.li (77 more) ..."}|0x2fb7f9f0
15:45:15.0 (110845816)|STATEMENT_EXECUTE|[218]
15:45:15.0 (110905008)|VARIABLE_ASSIGNMENT|[EXTERNAL]|this|{"currentUser":"0x5bcc724a","isSAUser":false,"iTypeOfScreen":0,"urlReportsSFA":"https://au-portal.li (77 more) ..."}|0x2fb7f9f0
15:45:15.0 (110977369)|VARIABLE_ASSIGNMENT|[EXTERNAL]|this|{"currentUser":"0x5bcc724a","isSAUser":false,"iTypeOfScreen":0,"urlReportsSFA":"https://au-portal.li (77 more) ..."}|0x2fb7f9f0
15:45:15.0 (111039600)|VARIABLE_ASSIGNMENT|[EXTERNAL]|this|{"currentUser":"0x5bcc724a","isSAUser":false,"iTypeOfScreen":0,"urlReportsSFA":"https://au-portal.li (77 more) ..."}|0x2fb7f9f0
15:45:15.0 (111109709)|VARIABLE_ASSIGNMENT|[EXTERNAL]|this|{"currentUser":"0x5bcc724a","isSAUser":false,"iTypeOfScreen":0,"urlReportsSFA":"https://au-portal.li (77 more) ..."}|0x2fb7f9f0
15:45:15.0 (111170960)|VARIABLE_ASSIGNMENT|[EXTERNAL]|this|{"currentUser":"0x5bcc724a","isSAUser":false,"iTypeOfScreen":0,"urlReportsSFA":"https://au-portal.li (77 more) ..."}|0x2fb7f9f0
15:45:15.0 (111196491)|STATEMENT_EXECUTE|[227]
15:45:15.0 (111199399)|STATEMENT_EXECUTE|[228]
15:45:15.0 (112521295)|SYSTEM_MODE_ENTER|true
15:45:15.0 (114350686)|SYSTEM_MODE_ENTER|true
15:45:15.0 (114426021)|HEAP_ALLOCATE|[EXTERNAL]|Bytes:44
15:45:15.0 (114442254)|VARIABLE_SCOPE_BEGIN|[67]|this|auMainTopCompCtrl|true|false
15:45:15.0 (114516068)|VARIABLE_ASSIGNMENT|[67]|this|{"currentUser":"0x5bcc724a","isSAUser":false,"iTypeOfScreen":0,"urlReportsSFA":"https://au-portal.li (77 more) ..."}|0x2fb7f9f0
15:45:15.0 (114532477)|STATEMENT_EXECUTE|[67]
15:45:15.0 (114535006)|STATEMENT_EXECUTE|[68]
15:45:15.0 (115132377)|VARIABLE_ASSIGNMENT|[EXTERNAL]|this|{"currentUser":"0x5bcc724a","isSAUser":false,"iTypeOfScreen":0,"urlReportsSFA":"https://au-portal.li (77 more) ..."}|0x2fb7f9f0
15:45:15.0 (115196332)|VARIABLE_ASSIGNMENT|[EXTERNAL]|this|{"currentUser":"0x5bcc724a","isSAUser":false,"iTypeOfScreen":0,"urlReportsSFA":"https://au-portal.li (77 more) ..."}|0x2fb7f9f0
15:45:15.0 (115238793)|VARIABLE_ASSIGNMENT|[EXTERNAL]|this|{"currentUser":"0x5bcc724a","isSAUser":false,"iTypeOfScreen":0,"urlReportsSFA":"https://au-portal.li (77 more) ..."}|0x2fb7f9f0
15:45:15.0 (115262369)|HEAP_ALLOCATE|[68]|Bytes:5
15:45:15.0 (115353936)|SYSTEM_MODE_ENTER|true
15:45:15.0 (115404727)|HEAP_ALLOCATE|[EXTERNAL]|Bytes:44
15:45:15.0 (115413841)|VARIABLE_SCOPE_BEGIN|[73]|this|auMainTopCompCtrl|true|false
15:45:15.0 (115452778)|VARIABLE_ASSIGNMENT|[73]|this|{"currentUser":"0x5bcc724a","isSAUser":false,"iTypeOfScreen":0,"urlReportsSFA":"https://au-portal.li (77 more) ..."}|0x2fb7f9f0
15:45:15.0 (115469068)|STATEMENT_EXECUTE|[73]
15:45:15.0 (115471685)|STATEMENT_EXECUTE|[74]
15:45:15.0 (115511446)|VARIABLE_ASSIGNMENT|[EXTERNAL]|this|{"currentUser":"0x5bcc724a","isSAUser":false,"iTypeOfScreen":0,"urlReportsSFA":"https://au-portal.li (77 more) ..."}|0x2fb7f9f0
15:45:15.0 (115555283)|VARIABLE_ASSIGNMENT|[EXTERNAL]|this|{"currentUser":"0x5bcc724a","isSAUser":false,"iTypeOfScreen":0,"urlReportsSFA":"https://au-portal.li (77 more) ..."}|0x2fb7f9f0
15:45:15.0 (115571833)|HEAP_ALLOCATE|[74]|Bytes:5
15:45:15.0 (115640819)|SYSTEM_MODE_ENTER|true
15:45:15.0 (115676357)|HEAP_ALLOCATE|[EXTERNAL]|Bytes:44
15:45:15.0 (115684155)|VARIABLE_SCOPE_BEGIN|[83]|this|auMainTopCompCtrl|true|false
15:45:15.0 (115719306)|VARIABLE_ASSIGNMENT|[83]|this|{"currentUser":"0x5bcc724a","isSAUser":false,"iTypeOfScreen":0,"urlReportsSFA":"https://au-portal.li (77 more) ..."}|0x2fb7f9f0
15:45:15.0 (115728860)|STATEMENT_EXECUTE|[83]
15:45:15.0 (115730933)|STATEMENT_EXECUTE|[84]
15:45:15.0 (115770922)|VARIABLE_ASSIGNMENT|[EXTERNAL]|this|{"currentUser":"0x5bcc724a","isSAUser":false,"iTypeOfScreen":0,"urlReportsSFA":"https://au-portal.li (77 more) ..."}|0x2fb7f9f0
15:45:15.0 (115816939)|VARIABLE_ASSIGNMENT|[EXTERNAL]|this|{"currentUser":"0x5bcc724a","isSAUser":false,"iTypeOfScreen":0,"urlReportsSFA":"https://au-portal.li (77 more) ..."}|0x2fb7f9f0
15:45:15.0 (115833523)|HEAP_ALLOCATE|[84]|Bytes:5
15:45:15.0 (115901473)|SYSTEM_MODE_ENTER|true
15:45:15.0 (115937618)|HEAP_ALLOCATE|[EXTERNAL]|Bytes:44
15:45:15.0 (115945925)|VARIABLE_SCOPE_BEGIN|[100]|this|auMainTopCompCtrl|true|false
15:45:15.0 (115980431)|VARIABLE_ASSIGNMENT|[100]|this|{"currentUser":"0x5bcc724a","isSAUser":false,"iTypeOfScreen":0,"urlReportsSFA":"https://au-portal.li (77 more) ..."}|0x2fb7f9f0
15:45:15.0 (115990475)|STATEMENT_EXECUTE|[100]
15:45:15.0 (115992386)|STATEMENT_EXECUTE|[101]
15:45:15.0 (116027859)|VARIABLE_ASSIGNMENT|[EXTERNAL]|this|{"currentUser":"0x5bcc724a","isSAUser":false,"iTypeOfScreen":0,"urlReportsSFA":"https://au-portal.li (77 more) ..."}|0x2fb7f9f0
15:45:15.0 (116069739)|VARIABLE_ASSIGNMENT|[EXTERNAL]|this|{"currentUser":"0x5bcc724a","isSAUser":false,"iTypeOfScreen":0,"urlReportsSFA":"https://au-portal.li (77 more) ..."}|0x2fb7f9f0
15:45:15.0 (116112356)|VARIABLE_ASSIGNMENT|[EXTERNAL]|this|{"currentUser":"0x5bcc724a","isSAUser":false,"iTypeOfScreen":0,"urlReportsSFA":"https://au-portal.li (77 more) ..."}|0x2fb7f9f0
15:45:15.0 (116126742)|HEAP_ALLOCATE|[101]|Bytes:5
15:45:15.0 (116236114)|SYSTEM_MODE_ENTER|true
15:45:15.0 (116272421)|HEAP_ALLOCATE|[EXTERNAL]|Bytes:32
15:45:15.0 (116281333)|VARIABLE_SCOPE_BEGIN|[69]|this|auSwitchScreenCtrl|true|false
15:45:15.0 (116320033)|VARIABLE_ASSIGNMENT|[69]|this|{"isCommunityUser":false,"isIPhone":false,"isKDDIKnowledgeActivities":false,"isKDDIKnowledgeOnly":false,"isKDDIUser":true,"isSAorEvolvaUser":false,"isSystemAdministrator":true}|0x2c2f47c8
15:45:15.0 (116336043)|SYSTEM_MODE_ENTER|false
15:45:15.0 (116345212)|HEAP_ALLOCATE|[71]|Bytes:5
15:45:15.0 (116350832)|STATEMENT_EXECUTE|[69]
15:45:15.0 (116352783)|STATEMENT_EXECUTE|[71]
15:45:15.0 (116395660)|VARIABLE_ASSIGNMENT|[EXTERNAL]|this|{"isCommunityUser":false,"isIPhone":false,"isKDDIKnowledgeActivities":false,"isKDDIKnowledgeOnly":false,"isKDDIUser":true,"isSAorEvolvaUser":false,"isSystemAdministrator":true}|0x2c2f47c8
15:45:15.0 (116413779)|HEAP_ALLOCATE|[71]|Bytes:5
15:45:15.0 (116421874)|SYSTEM_MODE_EXIT|false
15:45:15.0 (116428449)|HEAP_ALLOCATE|[71]|Bytes:5
15:45:15.0 (116504115)|SYSTEM_MODE_ENTER|true
15:45:15.0 (116536428)|HEAP_ALLOCATE|[EXTERNAL]|Bytes:32
15:45:15.0 (116544560)|VARIABLE_SCOPE_BEGIN|[75]|this|auSwitchScreenCtrl|true|false
15:45:15.0 (116574929)|VARIABLE_ASSIGNMENT|[75]|this|{"isCommunityUser":false,"isIPhone":false,"isKDDIKnowledgeActivities":false,"isKDDIKnowledgeOnly":false,"isKDDIUser":true,"isSAorEvolvaUser":false,"isSystemAdministrator":true}|0x2c2f47c8
15:45:15.0 (116588816)|SYSTEM_MODE_ENTER|false
15:45:15.0 (116595097)|HEAP_ALLOCATE|[77]|Bytes:5
15:45:15.0 (116600257)|STATEMENT_EXECUTE|[75]
15:45:15.0 (116602014)|STATEMENT_EXECUTE|[77]
15:45:15.0 (116635356)|VARIABLE_ASSIGNMENT|[EXTERNAL]|this|{"isCommunityUser":false,"isIPhone":false,"isKDDIKnowledgeActivities":false,"isKDDIKnowledgeOnly":false,"isKDDIUser":true,"isSAorEvolvaUser":false,"isSystemAdministrator":true}|0x2c2f47c8
15:45:15.0 (116678112)|VARIABLE_ASSIGNMENT|[EXTERNAL]|this|{"isCommunityUser":false,"isIPhone":false,"isKDDIKnowledgeActivities":false,"isKDDIKnowledgeOnly":false,"isKDDIUser":true,"isSAorEvolvaUser":false,"isSystemAdministrator":true}|0x2c2f47c8
15:45:15.0 (116694316)|HEAP_ALLOCATE|[77]|Bytes:5
15:45:15.0 (116700816)|SYSTEM_MODE_EXIT|false
15:45:15.0 (116705783)|HEAP_ALLOCATE|[77]|Bytes:5
15:45:15.0 (116783841)|SYSTEM_MODE_ENTER|true
15:45:15.0 (116816290)|HEAP_ALLOCATE|[EXTERNAL]|Bytes:32
15:45:15.0 (116824550)|VARIABLE_SCOPE_BEGIN|[81]|this|auSwitchScreenCtrl|true|false
15:45:15.0 (116854608)|VARIABLE_ASSIGNMENT|[81]|this|{"isCommunityUser":false,"isIPhone":false,"isKDDIKnowledgeActivities":false,"isKDDIKnowledgeOnly":false,"isKDDIUser":true,"isSAorEvolvaUser":false,"isSystemAdministrator":true}|0x2c2f47c8
15:45:15.0 (116868992)|SYSTEM_MODE_ENTER|false
15:45:15.0 (116874751)|HEAP_ALLOCATE|[83]|Bytes:5
15:45:15.0 (116879853)|STATEMENT_EXECUTE|[81]
15:45:15.0 (116881519)|STATEMENT_EXECUTE|[83]
15:45:15.0 (116914123)|VARIABLE_ASSIGNMENT|[EXTERNAL]|this|{"isCommunityUser":false,"isIPhone":false,"isKDDIKnowledgeActivities":false,"isKDDIKnowledgeOnly":false,"isKDDIUser":true,"isSAorEvolvaUser":false,"isSystemAdministrator":true}|0x2c2f47c8
15:45:15.0 (116948365)|VARIABLE_ASSIGNMENT|[EXTERNAL]|this|{"isCommunityUser":false,"isIPhone":false,"isKDDIKnowledgeActivities":false,"isKDDIKnowledgeOnly":false,"isKDDIUser":true,"isSAorEvolvaUser":false,"isSystemAdministrator":true}|0x2c2f47c8
15:45:15.0 (116960837)|HEAP_ALLOCATE|[83]|Bytes:5
15:45:15.0 (116966338)|SYSTEM_MODE_EXIT|false
15:45:15.0 (116971344)|HEAP_ALLOCATE|[83]|Bytes:5
15:45:15.0 (117042790)|SYSTEM_MODE_ENTER|true
15:45:15.0 (117073870)|HEAP_ALLOCATE|[EXTERNAL]|Bytes:32
15:45:15.0 (117081925)|VARIABLE_SCOPE_BEGIN|[99]|this|auSwitchScreenCtrl|true|false
15:45:15.0 (117112235)|VARIABLE_ASSIGNMENT|[99]|this|{"isCommunityUser":false,"isIPhone":false,"isKDDIKnowledgeActivities":false,"isKDDIKnowledgeOnly":false,"isKDDIUser":true,"isSAorEvolvaUser":false,"isSystemAdministrator":true}|0x2c2f47c8
15:45:15.0 (117125745)|SYSTEM_MODE_ENTER|false
15:45:15.0 (117131332)|HEAP_ALLOCATE|[101]|Bytes:5
15:45:15.0 (117135943)|STATEMENT_EXECUTE|[99]
15:45:15.0 (117137614)|STATEMENT_EXECUTE|[101]
15:45:15.0 (117167882)|VARIABLE_ASSIGNMENT|[EXTERNAL]|this|{"isCommunityUser":false,"isIPhone":false,"isKDDIKnowledgeActivities":false,"isKDDIKnowledgeOnly":false,"isKDDIUser":true,"isSAorEvolvaUser":false,"isSystemAdministrator":true}|0x2c2f47c8
15:45:15.0 (117180797)|SYSTEM_MODE_EXIT|false
15:45:15.0 (117247907)|SYSTEM_MODE_ENTER|true
15:45:15.0 (117278028)|HEAP_ALLOCATE|[EXTERNAL]|Bytes:32
15:45:15.0 (117285718)|VARIABLE_SCOPE_BEGIN|[93]|this|auSwitchScreenCtrl|true|false
15:45:15.0 (117313778)|VARIABLE_ASSIGNMENT|[93]|this|{"isCommunityUser":false,"isIPhone":false,"isKDDIKnowledgeActivities":false,"isKDDIKnowledgeOnly":false,"isKDDIUser":true,"isSAorEvolvaUser":false,"isSystemAdministrator":true}|0x2c2f47c8
15:45:15.0 (117326131)|SYSTEM_MODE_ENTER|false
15:45:15.0 (117332285)|HEAP_ALLOCATE|[95]|Bytes:5
15:45:15.0 (117337064)|STATEMENT_EXECUTE|[93]
15:45:15.0 (117339097)|STATEMENT_EXECUTE|[95]
15:45:15.0 (117369219)|VARIABLE_ASSIGNMENT|[EXTERNAL]|this|{"isCommunityUser":false,"isIPhone":false,"isKDDIKnowledgeActivities":false,"isKDDIKnowledgeOnly":false,"isKDDIUser":true,"isSAorEvolvaUser":false,"isSystemAdministrator":true}|0x2c2f47c8
15:45:15.0 (117382169)|SYSTEM_MODE_EXIT|false
15:45:15.0 (117450241)|SYSTEM_MODE_ENTER|true
15:45:15.0 (117480090)|HEAP_ALLOCATE|[EXTERNAL]|Bytes:32
15:45:15.0 (117493242)|VARIABLE_SCOPE_BEGIN|[105]|this|auSwitchScreenCtrl|true|false
15:45:15.0 (117521895)|VARIABLE_ASSIGNMENT|[105]|this|{"isCommunityUser":false,"isIPhone":false,"isKDDIKnowledgeActivities":false,"isKDDIKnowledgeOnly":false,"isKDDIUser":true,"isSAorEvolvaUser":false,"isSystemAdministrator":true}|0x2c2f47c8
15:45:15.0 (117535797)|SYSTEM_MODE_ENTER|false
15:45:15.0 (117541577)|HEAP_ALLOCATE|[107]|Bytes:5
15:45:15.0 (117546318)|STATEMENT_EXECUTE|[105]
15:45:15.0 (117548539)|STATEMENT_EXECUTE|[107]
15:45:15.0 (117580066)|VARIABLE_ASSIGNMENT|[EXTERNAL]|this|{"isCommunityUser":false,"isIPhone":false,"isKDDIKnowledgeActivities":false,"isKDDIKnowledgeOnly":false,"isKDDIUser":true,"isSAorEvolvaUser":false,"isSystemAdministrator":true}|0x2c2f47c8
15:45:15.0 (117594304)|SYSTEM_MODE_EXIT|false
15:45:15.0 (117665219)|SYSTEM_MODE_ENTER|true
15:45:15.0 (117694889)|HEAP_ALLOCATE|[EXTERNAL]|Bytes:32
15:45:15.0 (117703276)|VARIABLE_SCOPE_BEGIN|[87]|this|auSwitchScreenCtrl|true|false
15:45:15.0 (117731689)|VARIABLE_ASSIGNMENT|[87]|this|{"isCommunityUser":false,"isIPhone":false,"isKDDIKnowledgeActivities":false,"isKDDIKnowledgeOnly":false,"isKDDIUser":true,"isSAorEvolvaUser":false,"isSystemAdministrator":true}|0x2c2f47c8
15:45:15.0 (117744048)|SYSTEM_MODE_ENTER|false
15:45:15.0 (117749921)|HEAP_ALLOCATE|[89]|Bytes:5
15:45:15.0 (117754952)|STATEMENT_EXECUTE|[87]
15:45:15.0 (117757232)|STATEMENT_EXECUTE|[89]
15:45:15.0 (117793931)|VARIABLE_ASSIGNMENT|[EXTERNAL]|this|{"isCommunityUser":false,"isIPhone":false,"isKDDIKnowledgeActivities":false,"isKDDIKnowledgeOnly":false,"isKDDIUser":true,"isSAorEvolvaUser":false,"isSystemAdministrator":true}|0x2c2f47c8
15:45:15.0 (117807395)|SYSTEM_MODE_EXIT|false
15:45:15.0 (117879234)|SYSTEM_MODE_ENTER|true
15:45:15.0 (117910492)|HEAP_ALLOCATE|[EXTERNAL]|Bytes:32
15:45:15.0 (117918220)|VARIABLE_SCOPE_BEGIN|[111]|this|auSwitchScreenCtrl|true|false
15:45:15.0 (117947740)|VARIABLE_ASSIGNMENT|[111]|this|{"isCommunityUser":false,"isIPhone":false,"isKDDIKnowledgeActivities":false,"isKDDIKnowledgeOnly":false,"isKDDIUser":true,"isSAorEvolvaUser":false,"isSystemAdministrator":true}|0x2c2f47c8
15:45:15.0 (117961592)|SYSTEM_MODE_ENTER|false
15:45:15.0 (117967794)|HEAP_ALLOCATE|[113]|Bytes:5
15:45:15.0 (117972524)|STATEMENT_EXECUTE|[111]
15:45:15.0 (117974472)|STATEMENT_EXECUTE|[113]
15:45:15.0 (118006078)|VARIABLE_ASSIGNMENT|[EXTERNAL]|this|{"isCommunityUser":false,"isIPhone":false,"isKDDIKnowledgeActivities":false,"isKDDIKnowledgeOnly":false,"isKDDIUser":true,"isSAorEvolvaUser":false,"isSystemAdministrator":true}|0x2c2f47c8
15:45:15.0 (118039852)|VARIABLE_ASSIGNMENT|[EXTERNAL]|this|{"isCommunityUser":false,"isIPhone":false,"isKDDIKnowledgeActivities":false,"isKDDIKnowledgeOnly":false,"isKDDIUser":true,"isSAorEvolvaUser":false,"isSystemAdministrator":true}|0x2c2f47c8
15:45:15.0 (118053956)|HEAP_ALLOCATE|[113]|Bytes:5
15:45:15.0 (118060316)|SYSTEM_MODE_EXIT|false
15:45:15.0 (118065569)|HEAP_ALLOCATE|[113]|Bytes:5
15:45:15.0 (118132988)|SYSTEM_MODE_ENTER|true
15:45:15.0 (118192472)|HEAP_ALLOCATE|[EXTERNAL]|Bytes:32
15:45:15.0 (118202840)|VARIABLE_SCOPE_BEGIN|[117]|this|auSwitchScreenCtrl|true|false
15:45:15.0 (118235236)|VARIABLE_ASSIGNMENT|[117]|this|{"isCommunityUser":false,"isIPhone":false,"isKDDIKnowledgeActivities":false,"isKDDIKnowledgeOnly":false,"isKDDIUser":true,"isSAorEvolvaUser":false,"isSystemAdministrator":true}|0x2c2f47c8
15:45:15.0 (118251337)|SYSTEM_MODE_ENTER|false
15:45:15.0 (118257506)|HEAP_ALLOCATE|[119]|Bytes:5
15:45:15.0 (118262174)|STATEMENT_EXECUTE|[117]
15:45:15.0 (118263936)|STATEMENT_EXECUTE|[119]
15:45:15.0 (118296892)|VARIABLE_ASSIGNMENT|[EXTERNAL]|this|{"isCommunityUser":false,"isIPhone":false,"isKDDIKnowledgeActivities":false,"isKDDIKnowledgeOnly":false,"isKDDIUser":true,"isSAorEvolvaUser":false,"isSystemAdministrator":true}|0x2c2f47c8
15:45:15.0 (118332983)|VARIABLE_ASSIGNMENT|[EXTERNAL]|this|{"isCommunityUser":false,"isIPhone":false,"isKDDIKnowledgeActivities":false,"isKDDIKnowledgeOnly":false,"isKDDIUser":true,"isSAorEvolvaUser":false,"isSystemAdministrator":true}|0x2c2f47c8
15:45:15.0 (118346133)|HEAP_ALLOCATE|[119]|Bytes:5
15:45:15.0 (118352302)|SYSTEM_MODE_EXIT|false
15:45:15.0 (118357840)|HEAP_ALLOCATE|[119]|Bytes:5
15:45:15.0 (118443535)|SYSTEM_MODE_ENTER|true
15:45:15.0 (121270520)|SYSTEM_MODE_ENTER|true
15:45:15.0 (121338880)|HEAP_ALLOCATE|[EXTERNAL]|Bytes:240
15:45:15.0 (121350333)|HEAP_ALLOCATE|[EXTERNAL]|Bytes:14
15:45:15.0 (121367174)|METHOD_ENTRY|[1]|01p6F000006ymET|auSwitchScreenBtmCompCtrl.auSwitchScreenBtmCompCtrl()
15:45:15.0 (121376139)|STATEMENT_EXECUTE|[1]
15:45:15.0 (121381166)|STATEMENT_EXECUTE|[1]
15:45:15.0 (121387993)|METHOD_EXIT|[1]|auSwitchScreenBtmCompCtrl
15:45:15.0 (121412705)|HEAP_ALLOCATE|[EXTERNAL]|Bytes:28
15:45:15.0 (121421630)|VARIABLE_SCOPE_BEGIN|[10]|this|auSwitchScreenBtmCompCtrl|true|false
15:45:15.0 (121476055)|VARIABLE_ASSIGNMENT|[10]|this|{}|0x3f104c09
15:45:15.0 (121486537)|STATEMENT_EXECUTE|[1]
15:45:15.0 (121488261)|STATEMENT_EXECUTE|[3]
15:45:15.0 (121491665)|STATEMENT_EXECUTE|[4]
15:45:15.0 (121493191)|STATEMENT_EXECUTE|[5]
15:45:15.0 (121494718)|STATEMENT_EXECUTE|[6]
15:45:15.0 (121496057)|STATEMENT_EXECUTE|[7]
15:45:15.0 (121497691)|STATEMENT_EXECUTE|[8]
15:45:15.0 (121526278)|STATEMENT_EXECUTE|[10]
15:45:15.0 (121528225)|STATEMENT_EXECUTE|[12]
15:45:15.0 (121826013)|HEAP_ALLOCATE|[12]|Bytes:156
15:45:15.0 (121905926)|VARIABLE_ASSIGNMENT|[EXTERNAL]|this|{}|0x3f104c09
15:45:15.0 (121928393)|VARIABLE_ASSIGNMENT|[EXTERNAL]|value|"https://c.ap4.conten (102 more) ..."
15:45:15.0 (121946697)|VARIABLE_ASSIGNMENT|[4]|this.urlDailyReportManual|"https://c.ap4.conten (102 more) ..."|0x3f104c09
15:45:15.0 (121958866)|STATEMENT_EXECUTE|[13]
15:45:15.0 (122066416)|HEAP_ALLOCATE|[13]|Bytes:156
15:45:15.0 (122125703)|VARIABLE_ASSIGNMENT|[EXTERNAL]|this|{"urlDailyReportManual":"https://c.ap4.conten (102 more) ..."}|0x3f104c09
15:45:15.0 (122140129)|VARIABLE_ASSIGNMENT|[EXTERNAL]|value|"https://ap4.salesfor (84 more) ..."
15:45:15.0 (122169586)|VARIABLE_ASSIGNMENT|[5]|this.urlExternalCxSTPDManual|"https://ap4.salesfor (84 more) ..."|0x3f104c09
15:45:15.0 (122181357)|STATEMENT_EXECUTE|[14]
15:45:15.0 (122281522)|HEAP_ALLOCATE|[14]|Bytes:156
15:45:15.0 (122339616)|VARIABLE_ASSIGNMENT|[EXTERNAL]|this|{"urlDailyReportManual":"https://c.ap4.conten (102 more) ...","urlExternalCxSTPDManual":"https://ap4.salesfor (84 more) ..."}|0x3f104c09
15:45:15.0 (122353934)|VARIABLE_ASSIGNMENT|[EXTERNAL]|value|"https://c.ap4.conten (102 more) ..."
15:45:15.0 (122363927)|VARIABLE_ASSIGNMENT|[6]|this.urlInternalCxSTPDManual|"https://c.ap4.conten (102 more) ..."|0x3f104c09
15:45:15.0 (122374322)|STATEMENT_EXECUTE|[16]
15:45:15.0 (122400951)|HEAP_ALLOCATE|[16]|Bytes:4
15:45:15.0 (122420470)|METHOD_ENTRY|[18]||System.UserInfo.getUserId()
15:45:15.0 (122455596)|METHOD_EXIT|[18]||System.UserInfo.getUserId()
15:45:15.0 (122852485)|SOQL_EXECUTE_BEGIN|[16]|Aggregations:0|SELECT Profile.Name FROM User WHERE User.ID = :tmpVar1
15:45:15.0 (130324416)|SOQL_EXECUTE_END|[16]|Rows:1
15:45:15.0 (130375195)|HEAP_ALLOCATE|[16]|Bytes:8
15:45:15.0 (130403693)|HEAP_ALLOCATE|[16]|Bytes:127
15:45:15.0 (130449073)|HEAP_ALLOCATE|[16]|Bytes:8
15:45:15.0 (130491911)|HEAP_ALLOCATE|[16]|Bytes:16
15:45:15.0 (130508213)|VARIABLE_SCOPE_BEGIN|[16]|currentUser|User|true|false
15:45:15.0 (130563145)|VARIABLE_ASSIGNMENT|[16]|currentUser|{"ProfileId":"00e6F000002RS1oQAG","Id":"0056F000006PtYlQAK","Profile":{"Name":"System Administrator","Id":"00e6F000002RS1oQAG"}}|0x6804fe59
15:45:15.0 (130579642)|STATEMENT_EXECUTE|[20]
15:45:15.0 (130894749)|VARIABLE_ASSIGNMENT|[EXTERNAL]|this|{"urlDailyReportManual":"https://c.ap4.conten (102 more) ...","urlExternalCxSTPDManual":"https://ap4.salesfor (84 more) ...","urlInternalCxSTPDManual":"https://c.ap4.conten (102 more) ..."}|0x3f104c09
15:45:15.0 (130918686)|VARIABLE_ASSIGNMENT|[EXTERNAL]|value|false
15:45:15.0 (130932486)|HEAP_ALLOCATE|[7]|Bytes:5
15:45:15.0 (130951877)|VARIABLE_ASSIGNMENT|[7]|this.isCommunityUser|false|0x3f104c09
15:45:15.0 (130975953)|STATEMENT_EXECUTE|[24]
15:45:15.0 (131061879)|VARIABLE_ASSIGNMENT|[EXTERNAL]|this|{"isCommunityUser":false,"urlDailyReportManual":"https://c.ap4.conten (102 more) ...","urlExternalCxSTPDManual":"https://ap4.salesfor (84 more) ...","urlInternalCxSTPDManual":"https://c.ap4.conten (102 more) ..."}|0x3f104c09
15:45:15.0 (131105985)|VARIABLE_ASSIGNMENT|[EXTERNAL]|value|""
15:45:15.0 (131123429)|VARIABLE_ASSIGNMENT|[3]|this.urlSFDCHome|""|0x3f104c09
15:45:15.0 (131213579)|VARIABLE_ASSIGNMENT|[EXTERNAL]|this|{"isCommunityUser":false,"urlDailyReportManual":"https://c.ap4.conten (102 more) ...","urlExternalCxSTPDManual":"https://ap4.salesfor (84 more) ...","urlInternalCxSTPDManual":"https://c.ap4.conten (102 more) ...","urlSFDCHome":""}|0x3f104c09
15:45:15.0 (131240873)|STATEMENT_EXECUTE|[25]
15:45:15.0 (131243596)|STATEMENT_EXECUTE|[26]
15:45:15.0 (131559966)|HEAP_ALLOCATE|[26]|Bytes:156
15:45:15.0 (131652117)|VARIABLE_ASSIGNMENT|[EXTERNAL]|this|{"isCommunityUser":false,"urlDailyReportManual":"https://c.ap4.conten (102 more) ...","urlExternalCxSTPDManual":"https://ap4.salesfor (84 more) ...","urlInternalCxSTPDManual":"https://c.ap4.conten (102 more) ...","urlSFDCHome":""}|0x3f104c09
15:45:15.0 (131676363)|VARIABLE_ASSIGNMENT|[EXTERNAL]|value|"https://au-portal.li (49 more) ..."
15:45:15.0 (131693296)|VARIABLE_ASSIGNMENT|[3]|this.urlSFDCHome|"https://au-portal.li (49 more) ..."|0x3f104c09
15:45:15.0 (131709020)|STATEMENT_EXECUTE|[27]
15:45:15.0 (131880065)|HEAP_ALLOCATE|[27]|Bytes:156
15:45:15.0 (131980335)|VARIABLE_ASSIGNMENT|[EXTERNAL]|this|{"isCommunityUser":false,"urlDailyReportManual":"https://c.ap4.conten (102 more) ...","urlExternalCxSTPDManual":"https://ap4.salesfor (84 more) ...","urlInternalCxSTPDManual":"https://c.ap4.conten (102 more) ...","urlSFDCHome":"https://au-portal.li (49 more) ..."}|0x3f104c09
15:45:15.0 (132007424)|VARIABLE_ASSIGNMENT|[EXTERNAL]|value|"http://lucas-idp.kdd (77 more) ..."
15:45:15.0 (132027911)|VARIABLE_ASSIGNMENT|[8]|this.urlSingleSignOn|"http://lucas-idp.kdd (77 more) ..."|0x3f104c09
15:45:15.0 (132877730)|SYSTEM_MODE_ENTER|true
15:45:15.0 (133002891)|SYSTEM_MODE_ENTER|true
15:45:15.0 (134344232)|SYSTEM_MODE_ENTER|true
15:45:15.0 (134382717)|HEAP_ALLOCATE|[EXTERNAL]|Bytes:44
15:45:15.0 (134411119)|VARIABLE_ASSIGNMENT|[EXTERNAL]|this.iCountComments|null|0x2fb7f9f0
15:45:15.0 (134472020)|SYSTEM_MODE_ENTER|true
15:45:15.0 (134491875)|HEAP_ALLOCATE|[EXTERNAL]|Bytes:44
15:45:15.0 (134503327)|VARIABLE_ASSIGNMENT|[EXTERNAL]|this.iCountLikes|null|0x2fb7f9f0
15:45:15.0 (134590905)|SYSTEM_MODE_ENTER|true
15:45:15.0 (134613152)|HEAP_ALLOCATE|[EXTERNAL]|Bytes:8
15:45:15.0 (134619508)|HEAP_ALLOCATE|[EXTERNAL]|Bytes:44
15:45:15.0 (134631890)|VARIABLE_ASSIGNMENT|[EXTERNAL]|this.iTypeOfScreen|0|0x2fb7f9f0
15:45:15.0 (134952088)|SYSTEM_MODE_ENTER|true
15:45:15.0 (135029389)|HEAP_ALLOCATE|[EXTERNAL]|Bytes:44
15:45:15.0 (135048524)|VARIABLE_SCOPE_BEGIN|[204]|this|auMainTopCompCtrl|true|false
15:45:15.0 (135131995)|VARIABLE_ASSIGNMENT|[204]|this|{"currentUser":"0x5bcc724a","isSAUser":false,"iTypeOfScreen":0,"urlReportsSFA":"https://au-portal.li (77 more) ..."}|0x2fb7f9f0
15:45:15.0 (135151745)|STATEMENT_EXECUTE|[204]
15:45:15.0 (135224760)|VARIABLE_ASSIGNMENT|[EXTERNAL]|this|{"currentUser":"0x5bcc724a","isSAUser":false,"iTypeOfScreen":0,"urlReportsSFA":"https://au-portal.li (77 more) ..."}|0x2fb7f9f0
15:45:15.0 (135292575)|VARIABLE_ASSIGNMENT|[EXTERNAL]|this|{"currentUser":"0x5bcc724a","isSAUser":false,"iTypeOfScreen":0,"urlReportsSFA":"https://au-portal.li (77 more) ..."}|0x2fb7f9f0
15:45:15.0 (135345223)|VARIABLE_ASSIGNMENT|[EXTERNAL]|this|{"currentUser":"0x5bcc724a","isSAUser":false,"iTypeOfScreen":0,"urlReportsSFA":"https://au-portal.li (77 more) ..."}|0x2fb7f9f0
15:45:15.0 (135399577)|VARIABLE_ASSIGNMENT|[EXTERNAL]|this|{"currentUser":"0x5bcc724a","isSAUser":false,"iTypeOfScreen":0,"urlReportsSFA":"https://au-portal.li (77 more) ..."}|0x2fb7f9f0
15:45:15.0 (135475222)|VARIABLE_ASSIGNMENT|[EXTERNAL]|this|{"currentUser":"0x5bcc724a","isSAUser":false,"iTypeOfScreen":0,"urlReportsSFA":"https://au-portal.li (77 more) ..."}|0x2fb7f9f0
15:45:15.0 (135496871)|STATEMENT_EXECUTE|[213]
15:45:15.0 (135500081)|STATEMENT_EXECUTE|[214]
15:45:15.0 (135593677)|SYSTEM_MODE_ENTER|true
15:45:15.0 (135643794)|HEAP_ALLOCATE|[EXTERNAL]|Bytes:44
15:45:15.0 (135654346)|VARIABLE_SCOPE_BEGIN|[218]|this|auMainTopCompCtrl|true|false
15:45:15.0 (135723011)|VARIABLE_ASSIGNMENT|[218]|this|{"currentUser":"0x5bcc724a","isSAUser":false,"iTypeOfScreen":0,"urlReportsSFA":"https://au-portal.li (77 more) ..."}|0x2fb7f9f0
15:45:15.0 (135740438)|STATEMENT_EXECUTE|[218]
15:45:15.0 (135784270)|VARIABLE_ASSIGNMENT|[EXTERNAL]|this|{"currentUser":"0x5bcc724a","isSAUser":false,"iTypeOfScreen":0,"urlReportsSFA":"https://au-portal.li (77 more) ..."}|0x2fb7f9f0
15:45:15.0 (135846212)|VARIABLE_ASSIGNMENT|[EXTERNAL]|this|{"currentUser":"0x5bcc724a","isSAUser":false,"iTypeOfScreen":0,"urlReportsSFA":"https://au-portal.li (77 more) ..."}|0x2fb7f9f0
15:45:15.0 (135902335)|VARIABLE_ASSIGNMENT|[EXTERNAL]|this|{"currentUser":"0x5bcc724a","isSAUser":false,"iTypeOfScreen":0,"urlReportsSFA":"https://au-portal.li (77 more) ..."}|0x2fb7f9f0
15:45:15.0 (135961715)|VARIABLE_ASSIGNMENT|[EXTERNAL]|this|{"currentUser":"0x5bcc724a","isSAUser":false,"iTypeOfScreen":0,"urlReportsSFA":"https://au-portal.li (77 more) ..."}|0x2fb7f9f0
15:45:15.0 (136016512)|VARIABLE_ASSIGNMENT|[EXTERNAL]|this|{"currentUser":"0x5bcc724a","isSAUser":false,"iTypeOfScreen":0,"urlReportsSFA":"https://au-portal.li (77 more) ..."}|0x2fb7f9f0
15:45:15.0 (136036679)|STATEMENT_EXECUTE|[227]
15:45:15.0 (136039780)|STATEMENT_EXECUTE|[228]
15:45:15.0 (136418190)|SYSTEM_MODE_ENTER|true
15:45:15.0 (143220726)|SYSTEM_MODE_ENTER|true
15:45:15.0 (143308511)|HEAP_ALLOCATE|[EXTERNAL]|Bytes:44
15:45:15.0 (143325192)|VARIABLE_SCOPE_BEGIN|[67]|this|auMainTopCompCtrl|true|false
15:45:15.0 (143401030)|VARIABLE_ASSIGNMENT|[67]|this|{"currentUser":"0x5bcc724a","isSAUser":false,"iTypeOfScreen":0,"urlReportsSFA":"https://au-portal.li (77 more) ..."}|0x2fb7f9f0
15:45:15.0 (143414982)|STATEMENT_EXECUTE|[67]
15:45:15.0 (143417510)|STATEMENT_EXECUTE|[68]
15:45:15.0 (143456431)|VARIABLE_ASSIGNMENT|[EXTERNAL]|this|{"currentUser":"0x5bcc724a","isSAUser":false,"iTypeOfScreen":0,"urlReportsSFA":"https://au-portal.li (77 more) ..."}|0x2fb7f9f0
15:45:15.0 (143502728)|VARIABLE_ASSIGNMENT|[EXTERNAL]|this|{"currentUser":"0x5bcc724a","isSAUser":false,"iTypeOfScreen":0,"urlReportsSFA":"https://au-portal.li (77 more) ..."}|0x2fb7f9f0
15:45:15.0 (143557856)|VARIABLE_ASSIGNMENT|[EXTERNAL]|this|{"currentUser":"0x5bcc724a","isSAUser":false,"iTypeOfScreen":0,"urlReportsSFA":"https://au-portal.li (77 more) ..."}|0x2fb7f9f0
15:45:15.0 (143583966)|HEAP_ALLOCATE|[68]|Bytes:5
15:45:15.0 (143674553)|SYSTEM_MODE_ENTER|true
15:45:15.0 (143715823)|HEAP_ALLOCATE|[EXTERNAL]|Bytes:44
15:45:15.0 (143723423)|VARIABLE_SCOPE_BEGIN|[73]|this|auMainTopCompCtrl|true|false
15:45:15.0 (143761539)|VARIABLE_ASSIGNMENT|[73]|this|{"currentUser":"0x5bcc724a","isSAUser":false,"iTypeOfScreen":0,"urlReportsSFA":"https://au-portal.li (77 more) ..."}|0x2fb7f9f0
15:45:15.0 (143773212)|STATEMENT_EXECUTE|[73]
15:45:15.0 (143775026)|STATEMENT_EXECUTE|[74]
15:45:15.0 (143804310)|VARIABLE_ASSIGNMENT|[EXTERNAL]|this|{"currentUser":"0x5bcc724a","isSAUser":false,"iTypeOfScreen":0,"urlReportsSFA":"https://au-portal.li (77 more) ..."}|0x2fb7f9f0
15:45:15.0 (143847158)|VARIABLE_ASSIGNMENT|[EXTERNAL]|this|{"currentUser":"0x5bcc724a","isSAUser":false,"iTypeOfScreen":0,"urlReportsSFA":"https://au-portal.li (77 more) ..."}|0x2fb7f9f0
15:45:15.0 (143864866)|HEAP_ALLOCATE|[74]|Bytes:5
15:45:15.0 (143926362)|SYSTEM_MODE_ENTER|true
15:45:15.0 (143982617)|HEAP_ALLOCATE|[EXTERNAL]|Bytes:44
15:45:15.0 (143990007)|VARIABLE_SCOPE_BEGIN|[83]|this|auMainTopCompCtrl|true|false
15:45:15.0 (144023227)|VARIABLE_ASSIGNMENT|[83]|this|{"currentUser":"0x5bcc724a","isSAUser":false,"iTypeOfScreen":0,"urlReportsSFA":"https://au-portal.li (77 more) ..."}|0x2fb7f9f0
15:45:15.0 (144034747)|STATEMENT_EXECUTE|[83]
15:45:15.0 (144036665)|STATEMENT_EXECUTE|[84]
15:45:15.0 (144064170)|VARIABLE_ASSIGNMENT|[EXTERNAL]|this|{"currentUser":"0x5bcc724a","isSAUser":false,"iTypeOfScreen":0,"urlReportsSFA":"https://au-portal.li (77 more) ..."}|0x2fb7f9f0
15:45:15.0 (144104259)|VARIABLE_ASSIGNMENT|[EXTERNAL]|this|{"currentUser":"0x5bcc724a","isSAUser":false,"iTypeOfScreen":0,"urlReportsSFA":"https://au-portal.li (77 more) ..."}|0x2fb7f9f0
15:45:15.0 (144129017)|HEAP_ALLOCATE|[84]|Bytes:5
15:45:15.0 (144189141)|SYSTEM_MODE_ENTER|true
15:45:15.0 (144221386)|HEAP_ALLOCATE|[EXTERNAL]|Bytes:44
15:45:15.0 (144228945)|VARIABLE_SCOPE_BEGIN|[100]|this|auMainTopCompCtrl|true|false
15:45:15.0 (144262059)|VARIABLE_ASSIGNMENT|[100]|this|{"currentUser":"0x5bcc724a","isSAUser":false,"iTypeOfScreen":0,"urlReportsSFA":"https://au-portal.li (77 more) ..."}|0x2fb7f9f0
15:45:15.0 (144272823)|STATEMENT_EXECUTE|[100]
15:45:15.0 (144274844)|STATEMENT_EXECUTE|[101]
15:45:15.0 (144330813)|VARIABLE_ASSIGNMENT|[EXTERNAL]|this|{"currentUser":"0x5bcc724a","isSAUser":false,"iTypeOfScreen":0,"urlReportsSFA":"https://au-portal.li (77 more) ..."}|0x2fb7f9f0
15:45:15.0 (144430101)|VARIABLE_ASSIGNMENT|[EXTERNAL]|this|{"currentUser":"0x5bcc724a","isSAUser":false,"iTypeOfScreen":0,"urlReportsSFA":"https://au-portal.li (77 more) ..."}|0x2fb7f9f0
15:45:15.0 (144487522)|VARIABLE_ASSIGNMENT|[EXTERNAL]|this|{"currentUser":"0x5bcc724a","isSAUser":false,"iTypeOfScreen":0,"urlReportsSFA":"https://au-portal.li (77 more) ..."}|0x2fb7f9f0
15:45:15.0 (144507734)|HEAP_ALLOCATE|[101]|Bytes:5
15:45:15.0 (147867784)|SYSTEM_MODE_ENTER|true
15:45:15.0 (148525150)|SYSTEM_MODE_ENTER|true
15:45:15.0 (149671558)|VF_SERIALIZE_VIEWSTATE_BEGIN|0666F000006TarA
15:45:15.0 (153901120)|VF_SERIALIZE_VIEWSTATE_END
15:45:15.161 (161271849)|CUMULATIVE_LIMIT_USAGE
15:45:15.161 (161271849)|LIMIT_USAGE_FOR_NS|(default)|
  Number of SOQL queries: 5 out of 100
  Number of query rows: 5 out of 50000
  Number of SOSL queries: 0 out of 20
  Number of DML statements: 0 out of 150
  Number of DML rows: 0 out of 10000
  Maximum CPU time: 0 out of 10000
  Maximum heap size: 0 out of 6000000
  Number of callouts: 0 out of 100
  Number of Email Invocations: 0 out of 10
  Number of future calls: 0 out of 50
  Number of queueable jobs added to the queue: 0 out of 50
  Number of Mobile Apex push calls: 0 out of 10

15:45:15.161 (161271849)|CUMULATIVE_LIMIT_USAGE_END

15:45:15.0 (161325176)|CODE_UNIT_FINISHED|VF: /apex/auSwitchScreenPage
15:45:15.0 (162249538)|EXECUTION_FINISHED
