42.0 APEX_CODE,FINEST;APEX_PROFILING,INFO;CALLOUT,INFO;DB,INFO;NBA,INFO;SYSTEM,DEBUG;VALIDATION,INFO;VISUALFORCE,INFO;WAVE,INFO;WORKFLOW,INFO
15:45:40.0 (88106)|USER_INFO|[EXTERNAL]|0056F000006PtYl|gwadmin@gw.jp.kddi|日本標準時|GMT+09:00
15:45:40.0 (126148)|EXECUTION_STARTED
15:45:40.0 (132033)|CODE_UNIT_STARTED|[EXTERNAL]|0666F000005wW3R|VF: /apex/saTasks
15:45:40.0 (630026)|VF_DESERIALIZE_VIEWSTATE_BEGIN|0666F000005wW3R
15:45:40.0 (6844595)|HEAP_ALLOCATE|[72]|Bytes:3
15:45:40.0 (6887239)|HEAP_ALLOCATE|[77]|Bytes:152
15:45:40.0 (6900021)|HEAP_ALLOCATE|[342]|Bytes:408
15:45:40.0 (6911085)|HEAP_ALLOCATE|[355]|Bytes:408
15:45:40.0 (6921494)|HEAP_ALLOCATE|[467]|Bytes:48
15:45:40.0 (6946827)|HEAP_ALLOCATE|[139]|Bytes:6
15:45:40.0 (8193047)|HEAP_ALLOCATE|[50]|Bytes:5
15:45:40.0 (8224767)|HEAP_ALLOCATE|[56]|Bytes:5
15:45:40.0 (8235841)|HEAP_ALLOCATE|[64]|Bytes:7
15:45:40.0 (10518330)|VARIABLE_SCOPE_BEGIN|[25]|auMainTopCompCtrl.TYPE_SCREEN_ACCOUNT_LIST|Integer|false|true
15:45:40.0 (10534341)|VARIABLE_SCOPE_BEGIN|[26]|auMainTopCompCtrl.TYPE_SCREEN_ACTIVITY_LIST|Integer|false|true
15:45:40.0 (10542543)|VARIABLE_SCOPE_BEGIN|[7]|auMainTopCompCtrl.TYPE_SCREEN_CX_SCREEN|Integer|false|true
15:45:40.0 (10550609)|VARIABLE_SCOPE_BEGIN|[8]|auMainTopCompCtrl.TYPE_SCREEN_CX_TIMELINE|Integer|false|true
15:45:40.0 (10558430)|VARIABLE_SCOPE_BEGIN|[9]|auMainTopCompCtrl.TYPE_SCREEN_EVENT_SCHEDULE|Integer|false|true
15:45:40.0 (10566937)|VARIABLE_SCOPE_BEGIN|[10]|auMainTopCompCtrl.TYPE_SCREEN_EVENT_SCHEDULE_LIST|Integer|false|true
15:45:40.0 (10573602)|VARIABLE_SCOPE_BEGIN|[27]|auMainTopCompCtrl.TYPE_SCREEN_FILE_LIST|Integer|false|true
15:45:40.0 (10579620)|VARIABLE_SCOPE_BEGIN|[24]|auMainTopCompCtrl.TYPE_SCREEN_HONBU_DIRECT|Integer|false|true
15:45:40.0 (10585924)|VARIABLE_SCOPE_BEGIN|[11]|auMainTopCompCtrl.TYPE_SCREEN_KNOWLEDGE_DASHBOARD|Integer|false|true
15:45:40.0 (10592263)|VARIABLE_SCOPE_BEGIN|[12]|auMainTopCompCtrl.TYPE_SCREEN_KNOWLEDGE_LIST|Integer|false|true
15:45:40.0 (10598773)|VARIABLE_SCOPE_BEGIN|[15]|auMainTopCompCtrl.TYPE_SCREEN_SA_CHATTER|Integer|false|true
15:45:40.0 (10605181)|VARIABLE_SCOPE_BEGIN|[16]|auMainTopCompCtrl.TYPE_SCREEN_SA_DAILYREPORT|Integer|false|true
15:45:40.0 (10612267)|VARIABLE_SCOPE_BEGIN|[22]|auMainTopCompCtrl.TYPE_SCREEN_SA_DAILYREPORTLIST|Integer|false|true
15:45:40.0 (10620295)|VARIABLE_SCOPE_BEGIN|[18]|auMainTopCompCtrl.TYPE_SCREEN_SA_DOCUMENTS|Integer|false|true
15:45:40.0 (10627737)|VARIABLE_SCOPE_BEGIN|[17]|auMainTopCompCtrl.TYPE_SCREEN_SA_ENQUETE|Integer|false|true
15:45:40.0 (10634212)|VARIABLE_SCOPE_BEGIN|[20]|auMainTopCompCtrl.TYPE_SCREEN_SA_LINKS|Integer|false|true
15:45:40.0 (10640621)|VARIABLE_SCOPE_BEGIN|[13]|auMainTopCompCtrl.TYPE_SCREEN_SA_MESSAGES|Integer|false|true
15:45:40.0 (10647960)|VARIABLE_SCOPE_BEGIN|[19]|auMainTopCompCtrl.TYPE_SCREEN_SA_RANKING|Integer|false|true
15:45:40.0 (10654920)|VARIABLE_SCOPE_BEGIN|[14]|auMainTopCompCtrl.TYPE_SCREEN_SA_REPORTS|Integer|false|true
15:45:40.0 (10661895)|VARIABLE_SCOPE_BEGIN|[23]|auMainTopCompCtrl.TYPE_SCREEN_SA_TODO|Integer|false|true
15:45:40.0 (10670533)|VARIABLE_SCOPE_BEGIN|[21]|auMainTopCompCtrl.TYPE_SCREEN_SA_USRSETTINGS|Integer|false|true
15:45:40.0 (10677329)|VARIABLE_SCOPE_BEGIN|[4]|auMainTopCompCtrl.TYPE_SCREEN_STPD_EVENT|Integer|false|true
15:45:40.0 (10684470)|VARIABLE_SCOPE_BEGIN|[6]|auMainTopCompCtrl.TYPE_SCREEN_STPD_SCREEN|Integer|false|true
15:45:40.0 (10691477)|VARIABLE_SCOPE_BEGIN|[5]|auMainTopCompCtrl.TYPE_SCREEN_STPD_TIMELINE|Integer|false|true
15:45:40.0 (10698829)|VARIABLE_SCOPE_BEGIN|[3]|auMainTopCompCtrl.TYPE_SCREEN_SWITCH|Integer|false|true
15:45:40.0 (12139560)|VF_DESERIALIZE_VIEWSTATE_END
15:45:40.0 (14774112)|SYSTEM_MODE_ENTER|true
15:45:40.0 (14809915)|HEAP_ALLOCATE|[EXTERNAL]|Bytes:10
15:45:40.0 (14823012)|HEAP_ALLOCATE|[EXTERNAL]|Bytes:464
15:45:40.0 (14828403)|HEAP_ALLOCATE|[EXTERNAL]|Bytes:78
15:45:40.0 (14841807)|METHOD_ENTRY|[1]|01p6F00000AiTo4|saTasksCtrl.saTasksCtrl()
15:45:40.0 (14848661)|STATEMENT_EXECUTE|[1]
15:45:40.0 (14854276)|STATEMENT_EXECUTE|[1]
15:45:40.0 (14861349)|SYSTEM_MODE_ENTER|false
15:45:40.0 (14875093)|HEAP_ALLOCATE|[EXTERNAL]|Bytes:5
15:45:40.0 (14882277)|STATEMENT_EXECUTE|[188]
15:45:40.0 (14886815)|SYSTEM_MODE_EXIT|false
15:45:40.0 (14897034)|METHOD_EXIT|[1]|saTasksCtrl
15:45:40.0 (14978178)|SYSTEM_MODE_ENTER|true
15:45:40.0 (15117820)|SYSTEM_MODE_ENTER|true
15:45:40.0 (15148886)|HEAP_ALLOCATE|[EXTERNAL]|Bytes:18
15:45:40.0 (15164983)|HEAP_ALLOCATE|[EXTERNAL]|Bytes:72
15:45:40.0 (15222227)|VARIABLE_ASSIGNMENT|[EXTERNAL]|this.idMessage|"a0K6F00000gtrulUAA"|0x57cb668a
15:45:40.0 (15256625)|SYSTEM_MODE_ENTER|true
15:45:40.0 (15272494)|HEAP_ALLOCATE|[EXTERNAL]|Bytes:72
15:45:40.0 (15282016)|VARIABLE_ASSIGNMENT|[EXTERNAL]|this.currentMessageId|""|0x57cb668a
15:45:40.0 (15688037)|HEAP_ALLOCATE|[EXTERNAL]|Bytes:72
15:45:40.0 (15701011)|VARIABLE_SCOPE_BEGIN|[146]|this|saTasksCtrl|true|false
15:45:40.0 (15802416)|VARIABLE_ASSIGNMENT|[146]|this|{"currentMessage":"0x5572c24b","currentMessageId":"","idMessage":"a0K6F00000gtrulUAA","isIPhone":false,"isTabMsgRead":false,"lsMsg":"0x59811159","messageError":"正しいデーターを入れてください。","messageQuestion":"","myUser":"0x5f7c8040"}|0x57cb668a
15:45:40.0 (15821128)|SYSTEM_MODE_ENTER|false
15:45:40.0 (15828295)|HEAP_ALLOCATE|[148]|Bytes:5
15:45:40.0 (15833840)|STATEMENT_EXECUTE|[146]
15:45:40.0 (15835655)|STATEMENT_EXECUTE|[148]
15:45:40.0 (15841637)|HEAP_ALLOCATE|[148]|Bytes:208
15:45:40.0 (15848480)|HEAP_ALLOCATE|[148]|Bytes:43
15:45:40.0 (15858748)|HEAP_ALLOCATE|[148]|Bytes:28
15:45:40.0 (15878994)|CONSTRUCTOR_ENTRY|[148]|01p6F00000AiTo4|<init>()|saTasksCtrl.clsMessage
15:45:40.0 (15906159)|VARIABLE_SCOPE_BEGIN|[197]|this|saTasksCtrl.clsMessage|true|false
15:45:40.0 (15943430)|VARIABLE_ASSIGNMENT|[197]|this|{}|0x8d901a5
15:45:40.0 (15952192)|STATEMENT_EXECUTE|[188]
15:45:40.0 (15953982)|STATEMENT_EXECUTE|[190]
15:45:40.0 (15955755)|STATEMENT_EXECUTE|[191]
15:45:40.0 (15957574)|STATEMENT_EXECUTE|[192]
15:45:40.0 (15958971)|STATEMENT_EXECUTE|[193]
15:45:40.0 (15960638)|STATEMENT_EXECUTE|[194]
15:45:40.0 (15962267)|STATEMENT_EXECUTE|[195]
15:45:40.0 (15968210)|HEAP_ALLOCATE|[198]|Bytes:6
15:45:40.0 (16030669)|STATEMENT_EXECUTE|[197]
15:45:40.0 (16033830)|STATEMENT_EXECUTE|[198]
15:45:40.0 (16059134)|HEAP_ALLOCATE|[198]|Bytes:4
15:45:40.0 (16224968)|VARIABLE_ASSIGNMENT|[EXTERNAL]|this|{}|0x8d901a5
15:45:40.0 (16241043)|VARIABLE_ASSIGNMENT|[EXTERNAL]|value|{}|0x7e30fb27
15:45:40.0 (16253478)|VARIABLE_ASSIGNMENT|[190]|this.msg|{}|0x8d901a5
15:45:40.0 (16265532)|STATEMENT_EXECUTE|[199]
15:45:40.0 (16307398)|VARIABLE_ASSIGNMENT|[EXTERNAL]|this|{"msg":"0x7e30fb27"}|0x8d901a5
15:45:40.0 (16318544)|VARIABLE_ASSIGNMENT|[EXTERNAL]|value|""
15:45:40.0 (16327921)|VARIABLE_ASSIGNMENT|[191]|this.clsNm|""|0x8d901a5
15:45:40.0 (16336943)|STATEMENT_EXECUTE|[200]
15:45:40.0 (16369903)|VARIABLE_ASSIGNMENT|[EXTERNAL]|this|{"clsNm":"","msg":"0x7e30fb27"}|0x8d901a5
15:45:40.0 (16380118)|VARIABLE_ASSIGNMENT|[EXTERNAL]|value|""
15:45:40.0 (16390911)|VARIABLE_ASSIGNMENT|[192]|this.dateLabel|""|0x8d901a5
15:45:40.0 (16406391)|CONSTRUCTOR_EXIT|[148]|01p6F00000AiTo4|<init>()|saTasksCtrl.clsMessage
15:45:40.0 (16464538)|VARIABLE_ASSIGNMENT|[EXTERNAL]|this|{"currentMessage":"0x5572c24b","currentMessageId":"","idMessage":"a0K6F00000gtrulUAA","isIPhone":false,"isTabMsgRead":false,"lsMsg":"0x59811159","messageError":"正しいデーターを入れてください。","messageQuestion":"","myUser":"0x5f7c8040"}|0x57cb668a
15:45:40.0 (16488621)|VARIABLE_ASSIGNMENT|[EXTERNAL]|value|{"clsNm":"","dateLabel":"","msg":"0x7e30fb27"}|0x8d901a5
15:45:40.0 (16497290)|VARIABLE_ASSIGNMENT|[8]|this.currentMessage|0x8d901a5|0x57cb668a
15:45:40.0 (16508170)|HEAP_ALLOCATE|[149]|Bytes:232
15:45:40.0 (16533041)|HEAP_ALLOCATE|[149]|Bytes:4
15:45:40.0 (16547028)|HEAP_ALLOCATE|[149]|Bytes:7
15:45:40.0 (16602945)|VARIABLE_ASSIGNMENT|[EXTERNAL]|this|{"currentMessage":"0x8d901a5","currentMessageId":"","idMessage":"a0K6F00000gtrulUAA","isIPhone":false,"isTabMsgRead":false,"lsMsg":"0x59811159","messageError":"正しいデーターを入れてください。","messageQuestion":"","myUser":"0x5f7c8040"}|0x57cb668a
15:45:40.0 (18849321)|SOQL_EXECUTE_BEGIN|[149]|Aggregations:1|SELECT Id, Title__c, Description__c, PublishedDatetime__c, DeadlineDatetime__c, Type__c, IssuerLabel__c, (SELECT Id, Name, ContentType FROM Attachments ORDER BY LastModifiedDate ASC NULLS FIRST) FROM saMessage__c 
15:45:40.0 (40711530)|SOQL_EXECUTE_END|[149]|Rows:1
15:45:40.0 (40745309)|HEAP_ALLOCATE|[EXTERNAL]|Bytes:8
15:45:40.0 (40972383)|HEAP_ALLOCATE|[149]|Bytes:54
15:45:40.0 (40983402)|HEAP_ALLOCATE|[149]|Bytes:8
15:45:40.0 (40998535)|SYSTEM_METHOD_ENTRY|[7]|QueryLocatorIterator.QueryLocatorIterator()
15:45:40.0 (41008834)|STATEMENT_EXECUTE|[7]
15:45:40.0 (41019300)|SYSTEM_METHOD_EXIT|[7]|QueryLocatorIterator
15:45:40.0 (41027732)|HEAP_ALLOCATE|[149]|Bytes:28
15:45:40.0 (41074160)|HEAP_ALLOCATE|[149]|Bytes:8
15:45:40.0 (41090336)|HEAP_ALLOCATE|[149]|Bytes:8
15:45:40.0 (41093696)|HEAP_ALLOCATE|[149]|Bytes:8
15:45:40.0 (41099371)|VARIABLE_SCOPE_BEGIN|[15]|this|Database.QueryLocatorIterator|true|false
15:45:40.0 (41141370)|VARIABLE_ASSIGNMENT|[15]|this|{}|0x5a7ba15a
15:45:40.0 (41148918)|VARIABLE_SCOPE_BEGIN|[15]|values|List<SObject>|true|false
15:45:40.0 (41203267)|VARIABLE_ASSIGNMENT|[15]|values|[{"Id":"a0K6F00000gtrulUAA","Title__c":"test","PublishedDatetime__c":"2018-06-23T02:02:00.000Z","DeadlineDatetime__c":"2018-06-30T02:02:00.000Z","Type__c":"TASK"}]|0x78dfd06f
15:45:40.0 (41211478)|VARIABLE_SCOPE_BEGIN|[15]|ql|Database.QueryLocator|true|false
15:45:40.0 (41231207)|VARIABLE_ASSIGNMENT|[15]|ql|{"query":"SELECT Id, Title__c, (212 more) ..."}|0x34d1f26e
15:45:40.0 (41236571)|VARIABLE_SCOPE_BEGIN|[15]|totalNumRecords|Integer|false|false
15:45:40.0 (41245619)|VARIABLE_ASSIGNMENT|[15]|totalNumRecords|1
15:45:40.0 (41249877)|VARIABLE_SCOPE_BEGIN|[15]|queryMoreSize|Integer|false|false
15:45:40.0 (41257175)|VARIABLE_ASSIGNMENT|[15]|queryMoreSize|49999
15:45:40.0 (41319048)|HEAP_ALLOCATE|[149]|Bytes:28
15:45:40.0 (41342559)|METHOD_ENTRY|[149]||Database.QueryLocatorIterator.hasNext()
15:45:40.0 (41423970)|METHOD_EXIT|[149]||Database.QueryLocatorIterator.hasNext()
15:45:40.0 (41433045)|METHOD_ENTRY|[149]||Database.QueryLocatorIterator.next()
15:45:40.0 (41495516)|METHOD_EXIT|[149]||Database.QueryLocatorIterator.next()
15:45:40.0 (41504371)|VARIABLE_SCOPE_BEGIN|[149]|msg|saMessage__c|true|false
15:45:40.0 (41531678)|VARIABLE_ASSIGNMENT|[149]|msg|{"Id":"a0K6F00000gtrulUAA","Title__c":"test","PublishedDatetime__c":"2018-06-23T02:02:00.000Z","DeadlineDatetime__c":"2018-06-30T02:02:00.000Z","Type__c":"TASK"}|0x32be1571
15:45:40.0 (41540091)|STATEMENT_EXECUTE|[151]
15:45:40.0 (41542404)|STATEMENT_EXECUTE|[152]
15:45:40.0 (41549428)|HEAP_ALLOCATE|[152]|Bytes:28
15:45:40.0 (41634700)|VARIABLE_ASSIGNMENT|[EXTERNAL]|this|{"currentMessage":"0x8d901a5","currentMessageId":"","idMessage":"a0K6F00000gtrulUAA","isIPhone":false,"isTabMsgRead":false,"lsMsg":"0x59811159","messageError":"正しいデーターを入れてください。","messageQuestion":"","myUser":"0x5f7c8040"}|0x57cb668a
15:45:40.0 (41661003)|CONSTRUCTOR_ENTRY|[152]|01p6F00000AiTo4|<init>(saMessage__c,Boolean)|saTasksCtrl.clsMessage
15:45:40.0 (41676333)|VARIABLE_SCOPE_BEGIN|[238]|this|saTasksCtrl.clsMessage|true|false
15:45:40.0 (41696384)|VARIABLE_ASSIGNMENT|[238]|this|{}|0x7a3f6c1a
15:45:40.0 (41703090)|VARIABLE_SCOPE_BEGIN|[238]|msgMsg|saMessage__c|true|false
15:45:40.0 (41725263)|VARIABLE_ASSIGNMENT|[238]|msgMsg|{"Id":"a0K6F00000gtrulUAA","Title__c":"test","PublishedDatetime__c":"2018-06-23T02:02:00.000Z","DeadlineDatetime__c":"2018-06-30T02:02:00.000Z","Type__c":"TASK"}|0x32be1571
15:45:40.0 (41733086)|VARIABLE_SCOPE_BEGIN|[238]|isMsgRead|Boolean|false|false
15:45:40.0 (41741183)|VARIABLE_ASSIGNMENT|[238]|isMsgRead|false
15:45:40.0 (41746163)|STATEMENT_EXECUTE|[188]
15:45:40.0 (41748115)|STATEMENT_EXECUTE|[190]
15:45:40.0 (41749998)|STATEMENT_EXECUTE|[191]
15:45:40.0 (41751571)|STATEMENT_EXECUTE|[192]
15:45:40.0 (41752931)|STATEMENT_EXECUTE|[193]
15:45:40.0 (41754461)|STATEMENT_EXECUTE|[194]
15:45:40.0 (41755932)|STATEMENT_EXECUTE|[195]
15:45:40.0 (41767683)|STATEMENT_EXECUTE|[238]
15:45:40.0 (41769435)|STATEMENT_EXECUTE|[240]
15:45:40.0 (41796644)|VARIABLE_ASSIGNMENT|[EXTERNAL]|this|{}|0x7a3f6c1a
15:45:40.0 (41819175)|VARIABLE_ASSIGNMENT|[EXTERNAL]|value|{"Id":"a0K6F00000gtrulUAA","Title__c":"test","PublishedDatetime__c":"2018-06-23T02:02:00.000Z","DeadlineDatetime__c":"2018-06-30T02:02:00.000Z","Type__c":"TASK"}|0x32be1571
15:45:40.0 (41841901)|VARIABLE_ASSIGNMENT|[190]|this.msg|{"Id":"a0K6F00000gtrulUAA","Title__c":"test","PublishedDatetime__c":"2018-06-23T02:02:00.000Z","DeadlineDatetime__c":"2018-06-30T02:02:00.000Z","Type__c":"TASK"}|0x7a3f6c1a
15:45:40.0 (41878993)|VARIABLE_ASSIGNMENT|[EXTERNAL]|this|{"msg":"0x32be1571"}|0x7a3f6c1a
15:45:40.0 (41890471)|STATEMENT_EXECUTE|[241]
15:45:40.0 (41895188)|STATEMENT_EXECUTE|[245]
15:45:40.0 (41915277)|VARIABLE_ASSIGNMENT|[EXTERNAL]|this|{"msg":"0x32be1571"}|0x7a3f6c1a
15:45:40.0 (41956155)|STATEMENT_EXECUTE|[247]
15:45:40.0 (41958215)|STATEMENT_EXECUTE|[249]
15:45:40.0 (41982145)|VARIABLE_ASSIGNMENT|[EXTERNAL]|this|{"msg":"0x32be1571"}|0x7a3f6c1a
15:45:40.0 (42028197)|HEAP_ALLOCATE|[249]|Bytes:4
15:45:40.0 (42046838)|VARIABLE_SCOPE_BEGIN|[249]|dDateMsg|Date|false|false
15:45:40.0 (42064954)|VARIABLE_ASSIGNMENT|[249]|dDateMsg|"2018-06-30T00:00:00.000Z"
15:45:40.0 (42070206)|STATEMENT_EXECUTE|[251]
15:45:40.0 (42106754)|HEAP_ALLOCATE|[251]|Bytes:4
15:45:40.0 (42127464)|VARIABLE_SCOPE_BEGIN|[251]|iNbDays|Integer|false|false
15:45:40.0 (42135137)|HEAP_ALLOCATE|[251]|Bytes:4
15:45:40.0 (42142262)|VARIABLE_ASSIGNMENT|[251]|iNbDays|-37
15:45:40.0 (42152129)|STATEMENT_EXECUTE|[258]
15:45:40.0 (42153784)|STATEMENT_EXECUTE|[259]
15:45:40.0 (42191679)|HEAP_ALLOCATE|[259]|Bytes:2
15:45:40.0 (42203639)|HEAP_ALLOCATE|[259]|Bytes:2
15:45:40.0 (42213902)|HEAP_ALLOCATE|[259]|Bytes:4
15:45:40.0 (42239362)|VARIABLE_ASSIGNMENT|[EXTERNAL]|this|{"msg":"0x32be1571"}|0x7a3f6c1a
15:45:40.0 (42248531)|VARIABLE_ASSIGNMENT|[EXTERNAL]|value|"37日前"
15:45:40.0 (42257545)|VARIABLE_ASSIGNMENT|[192]|this.dateLabel|"37日前"|0x7a3f6c1a
15:45:40.0 (42268614)|STATEMENT_EXECUTE|[264]
15:45:40.0 (42270319)|STATEMENT_EXECUTE|[265]
15:45:40.0 (42273203)|HEAP_ALLOCATE|[265]|Bytes:3
15:45:40.0 (42300512)|VARIABLE_ASSIGNMENT|[EXTERNAL]|this|{"dateLabel":"37日前","msg":"0x32be1571"}|0x7a3f6c1a
15:45:40.0 (42310206)|VARIABLE_ASSIGNMENT|[EXTERNAL]|value|"red"
15:45:40.0 (42318163)|VARIABLE_ASSIGNMENT|[191]|this.clsNm|"red"|0x7a3f6c1a
15:45:40.0 (42326897)|STATEMENT_EXECUTE|[277]
15:45:40.0 (42349352)|HEAP_ALLOCATE|[277]|Bytes:4
15:45:40.0 (42485995)|VARIABLE_ASSIGNMENT|[EXTERNAL]|this|{"clsNm":"red","dateLabel":"37日前","msg":"0x32be1571"}|0x7a3f6c1a
15:45:40.0 (42501308)|VARIABLE_ASSIGNMENT|[EXTERNAL]|value|{}|0x44e2ab31
15:45:40.0 (42512600)|VARIABLE_ASSIGNMENT|[193]|this.msgDetail|{}|0x7a3f6c1a
15:45:40.0 (42521353)|STATEMENT_EXECUTE|[278]
15:45:40.0 (42546823)|VARIABLE_ASSIGNMENT|[EXTERNAL]|this|{"clsNm":"red","dateLabel":"37日前","msg":"0x32be1571","msgDetail":"0x44e2ab31"}|0x7a3f6c1a
15:45:40.0 (42596377)|VARIABLE_ASSIGNMENT|[EXTERNAL]|this|{"clsNm":"red","dateLabel":"37日前","msg":"0x32be1571","msgDetail":"0x44e2ab31"}|0x7a3f6c1a
15:45:40.0 (42647108)|VARIABLE_ASSIGNMENT|[EXTERNAL]|this|{"clsNm":"red","dateLabel":"37日前","msg":"0x32be1571","msgDetail":"0x44e2ab31"}|0x7a3f6c1a
15:45:40.0 (42814478)|VARIABLE_SCOPE_BEGIN|[7]|saConstantCmn.PUSH_NOTIFICATION_STATUS_NONE|String|false|true
15:45:40.0 (42824699)|VARIABLE_SCOPE_BEGIN|[9]|saConstantCmn.PUSH_NOTIFICATION_STATUS_RESENDING|String|false|true
15:45:40.0 (42831877)|VARIABLE_SCOPE_BEGIN|[8]|saConstantCmn.PUSH_NOTIFICATION_STATUS_SENDING|String|false|true
15:45:40.0 (42838911)|VARIABLE_SCOPE_BEGIN|[10]|saConstantCmn.PUSH_NOTIFICATION_STATUS_SENT|String|false|true
15:45:40.0 (42845880)|VARIABLE_SCOPE_BEGIN|[24]|saConstantCmn.SA_INQUIRY_TYPE_AU_HEARING|String|false|true
15:45:40.0 (42852253)|VARIABLE_SCOPE_BEGIN|[22]|saConstantCmn.SA_INQUIRY_TYPE_DAILYREPORT|String|false|true
15:45:40.0 (42858354)|VARIABLE_SCOPE_BEGIN|[23]|saConstantCmn.SA_INQUIRY_TYPE_HEARING|String|false|true
15:45:40.0 (42864884)|VARIABLE_SCOPE_BEGIN|[15]|saConstantCmn.SA_MESSAGEDETAIL_TYPE_DONE|String|false|true
15:45:40.0 (42871029)|VARIABLE_SCOPE_BEGIN|[14]|saConstantCmn.SA_MESSAGEDETAIL_TYPE_READ|String|false|true
15:45:40.0 (42877119)|VARIABLE_SCOPE_BEGIN|[13]|saConstantCmn.SA_MESSAGEDETAIL_TYPE_SHARED|String|false|true
15:45:40.0 (42884148)|VARIABLE_SCOPE_BEGIN|[18]|saConstantCmn.SA_MESSAGE_TYPE_MESSAGE|String|false|true
15:45:40.0 (42890432)|VARIABLE_SCOPE_BEGIN|[19]|saConstantCmn.SA_MESSAGE_TYPE_TASK|String|false|true
15:45:40.0 (42897383)|VARIABLE_SCOPE_BEGIN|[41]|saConstantCmn.SA_REPORT_DETAIL_TYPE_LIKE|String|false|true
15:45:40.0 (42903589)|VARIABLE_SCOPE_BEGIN|[42]|saConstantCmn.SA_REPORT_DETAIL_TYPE_VERY_LIKE|String|false|true
15:45:40.0 (42909978)|VARIABLE_SCOPE_BEGIN|[34]|saConstantCmn.SA_REPORT_REPLY_STATUS_REPLYSAVED|String|false|true
15:45:40.0 (42916568)|VARIABLE_SCOPE_BEGIN|[35]|saConstantCmn.SA_REPORT_REPLY_STATUS_REPLYSENT|String|false|true
15:45:40.0 (42923293)|VARIABLE_SCOPE_BEGIN|[33]|saConstantCmn.SA_REPORT_REPLY_STATUS_WAITINGREPLY|String|false|true
15:45:40.0 (42929897)|VARIABLE_SCOPE_BEGIN|[39]|saConstantCmn.SA_REPORT_SOURCE_NEW|String|false|true
15:45:40.0 (42936951)|VARIABLE_SCOPE_BEGIN|[38]|saConstantCmn.SA_REPORT_SOURCE_WEEKLY|String|false|true
15:45:40.0 (42943926)|VARIABLE_SCOPE_BEGIN|[27]|saConstantCmn.SA_REPORT_STATE_DRAFT|String|false|true
15:45:40.0 (42950607)|VARIABLE_SCOPE_BEGIN|[30]|saConstantCmn.SA_REPORT_STATE_PUBLISHED|String|false|true
15:45:40.0 (42957559)|VARIABLE_SCOPE_BEGIN|[29]|saConstantCmn.SA_REPORT_STATE_REJECTED|String|false|true
15:45:40.0 (42964622)|VARIABLE_SCOPE_BEGIN|[28]|saConstantCmn.SA_REPORT_STATE_WAITING_APPROVAL|String|false|true
15:45:40.0 (42971610)|VARIABLE_SCOPE_BEGIN|[45]|saConstantCmn.SOURCE|String|false|true
15:45:40.0 (42978438)|VARIABLE_SCOPE_BEGIN|[46]|saConstantCmn.SOURCE_PREVIEW|String|false|true
15:45:40.0 (42988376)|HEAP_ALLOCATE|[278]|Bytes:4
15:45:40.0 (43040663)|VARIABLE_ASSIGNMENT|[278]|saConstantCmn.PUSH_NOTIFICATION_STATUS_NONE|"NONE"
15:45:40.0 (43047980)|HEAP_ALLOCATE|[278]|Bytes:9
15:45:40.0 (43055656)|VARIABLE_ASSIGNMENT|[278]|saConstantCmn.PUSH_NOTIFICATION_STATUS_RESENDING|"RESENDING"
15:45:40.0 (43060263)|HEAP_ALLOCATE|[278]|Bytes:7
15:45:40.0 (43066643)|VARIABLE_ASSIGNMENT|[278]|saConstantCmn.PUSH_NOTIFICATION_STATUS_SENDING|"SENDING"
15:45:40.0 (43070751)|HEAP_ALLOCATE|[278]|Bytes:4
15:45:40.0 (43078269)|VARIABLE_ASSIGNMENT|[278]|saConstantCmn.PUSH_NOTIFICATION_STATUS_SENT|"SENT"
15:45:40.0 (43084770)|HEAP_ALLOCATE|[278]|Bytes:10
15:45:40.0 (43091872)|VARIABLE_ASSIGNMENT|[278]|saConstantCmn.SA_INQUIRY_TYPE_AU_HEARING|"AU_HEARING"
15:45:40.0 (43096266)|HEAP_ALLOCATE|[278]|Bytes:12
15:45:40.0 (43102427)|VARIABLE_ASSIGNMENT|[278]|saConstantCmn.SA_INQUIRY_TYPE_DAILYREPORT|"DAILY_REPORT"
15:45:40.0 (43106738)|HEAP_ALLOCATE|[278]|Bytes:6
15:45:40.0 (43112290)|VARIABLE_ASSIGNMENT|[278]|saConstantCmn.SA_INQUIRY_TYPE_HEARING|"SURVEY"
15:45:40.0 (43116473)|HEAP_ALLOCATE|[278]|Bytes:4
15:45:40.0 (43122704)|VARIABLE_ASSIGNMENT|[278]|saConstantCmn.SA_MESSAGEDETAIL_TYPE_DONE|"DONE"
15:45:40.0 (43126749)|HEAP_ALLOCATE|[278]|Bytes:4
15:45:40.0 (43133661)|VARIABLE_ASSIGNMENT|[278]|saConstantCmn.SA_MESSAGEDETAIL_TYPE_READ|"READ"
15:45:40.0 (43137246)|HEAP_ALLOCATE|[278]|Bytes:6
15:45:40.0 (43147041)|VARIABLE_ASSIGNMENT|[278]|saConstantCmn.SA_MESSAGEDETAIL_TYPE_SHARED|"SHARED"
15:45:40.0 (43152180)|HEAP_ALLOCATE|[278]|Bytes:7
15:45:40.0 (43158091)|VARIABLE_ASSIGNMENT|[278]|saConstantCmn.SA_MESSAGE_TYPE_MESSAGE|"MESSAGE"
15:45:40.0 (43162189)|HEAP_ALLOCATE|[278]|Bytes:4
15:45:40.0 (43168338)|VARIABLE_ASSIGNMENT|[278]|saConstantCmn.SA_MESSAGE_TYPE_TASK|"TASK"
15:45:40.0 (43172220)|HEAP_ALLOCATE|[278]|Bytes:4
15:45:40.0 (43178315)|VARIABLE_ASSIGNMENT|[278]|saConstantCmn.SA_REPORT_DETAIL_TYPE_LIKE|"LIKE"
15:45:40.0 (43181791)|HEAP_ALLOCATE|[278]|Bytes:9
15:45:40.0 (43188042)|VARIABLE_ASSIGNMENT|[278]|saConstantCmn.SA_REPORT_DETAIL_TYPE_VERY_LIKE|"VERY_LIKE"
15:45:40.0 (43192457)|HEAP_ALLOCATE|[278]|Bytes:11
15:45:40.0 (43202193)|VARIABLE_ASSIGNMENT|[278]|saConstantCmn.SA_REPORT_REPLY_STATUS_REPLYSAVED|"REPLY_SAVED"
15:45:40.0 (43206832)|HEAP_ALLOCATE|[278]|Bytes:10
15:45:40.0 (43213000)|VARIABLE_ASSIGNMENT|[278]|saConstantCmn.SA_REPORT_REPLY_STATUS_REPLYSENT|"REPLY_SENT"
15:45:40.0 (43217219)|HEAP_ALLOCATE|[278]|Bytes:13
15:45:40.0 (43223840)|VARIABLE_ASSIGNMENT|[278]|saConstantCmn.SA_REPORT_REPLY_STATUS_WAITINGREPLY|"WAITING_REPLY"
15:45:40.0 (43227864)|HEAP_ALLOCATE|[278]|Bytes:3
15:45:40.0 (43234461)|VARIABLE_ASSIGNMENT|[278]|saConstantCmn.SA_REPORT_SOURCE_NEW|"New"
15:45:40.0 (43239183)|HEAP_ALLOCATE|[278]|Bytes:6
15:45:40.0 (43245469)|VARIABLE_ASSIGNMENT|[278]|saConstantCmn.SA_REPORT_SOURCE_WEEKLY|"Weekly"
15:45:40.0 (43249266)|HEAP_ALLOCATE|[278]|Bytes:5
15:45:40.0 (43255820)|VARIABLE_ASSIGNMENT|[278]|saConstantCmn.SA_REPORT_STATE_DRAFT|"Draft"
15:45:40.0 (43259846)|HEAP_ALLOCATE|[278]|Bytes:7
15:45:40.0 (43266684)|VARIABLE_ASSIGNMENT|[278]|saConstantCmn.SA_REPORT_STATE_PUBLISHED|"Publish"
15:45:40.0 (43270981)|HEAP_ALLOCATE|[278]|Bytes:6
15:45:40.0 (43277923)|VARIABLE_ASSIGNMENT|[278]|saConstantCmn.SA_REPORT_STATE_REJECTED|"Remand"
15:45:40.0 (43281473)|HEAP_ALLOCATE|[278]|Bytes:7
15:45:40.0 (43288006)|VARIABLE_ASSIGNMENT|[278]|saConstantCmn.SA_REPORT_STATE_WAITING_APPROVAL|"Pending"
15:45:40.0 (43292024)|HEAP_ALLOCATE|[278]|Bytes:3
15:45:40.0 (43298624)|VARIABLE_ASSIGNMENT|[278]|saConstantCmn.SOURCE|"src"
15:45:40.0 (43302941)|HEAP_ALLOCATE|[278]|Bytes:7
15:45:40.0 (43309882)|VARIABLE_ASSIGNMENT|[278]|saConstantCmn.SOURCE_PREVIEW|"preview"
15:45:40.0 (43324332)|METHOD_ENTRY|[4]|01p6F000006sUQj|saConstantCmn.saConstantCmn()
15:45:40.0 (43329636)|STATEMENT_EXECUTE|[4]
15:45:40.0 (43333151)|STATEMENT_EXECUTE|[4]
15:45:40.0 (43342873)|HEAP_ALLOCATE|[278]|Bytes:5
15:45:40.0 (43352408)|METHOD_EXIT|[4]|saConstantCmn
15:45:40.0 (43412518)|VARIABLE_ASSIGNMENT|[EXTERNAL]|this|{"clsNm":"red","dateLabel":"37日前","msg":"0x32be1571","msgDetail":"0x44e2ab31"}|0x7a3f6c1a
15:45:40.0 (43566925)|VARIABLE_ASSIGNMENT|[278]|this.Type__c|"DONE"|0x44e2ab31
15:45:40.0 (43574575)|STATEMENT_EXECUTE|[279]
15:45:40.0 (43614264)|VARIABLE_ASSIGNMENT|[EXTERNAL]|this|{"clsNm":"red","dateLabel":"37日前","msg":"0x32be1571","msgDetail":"0x44e2ab31"}|0x7a3f6c1a
15:45:40.0 (43665286)|VARIABLE_ASSIGNMENT|[EXTERNAL]|this|{"clsNm":"red","dateLabel":"37日前","msg":"0x32be1571","msgDetail":"0x44e2ab31"}|0x7a3f6c1a
15:45:40.0 (43720053)|VARIABLE_ASSIGNMENT|[279]|this.saMessage__c|"a0K6F00000gtrulUAA"|0x44e2ab31
15:45:40.0 (43727160)|STATEMENT_EXECUTE|[280]
15:45:40.0 (43764268)|HEAP_ALLOCATE|[280]|Bytes:89
15:45:40.0 (43774401)|SYSTEM_METHOD_ENTRY|[1]|UserInfo.UserInfo()
15:45:40.0 (43778239)|STATEMENT_EXECUTE|[1]
15:45:40.0 (43783645)|SYSTEM_METHOD_EXIT|[1]|UserInfo
15:45:40.0 (43793545)|METHOD_ENTRY|[280]||System.UserInfo.getUserId()
15:45:40.0 (43828735)|METHOD_EXIT|[280]||System.UserInfo.getUserId()
15:45:40.0 (43842373)|HEAP_ALLOCATE|[280]|Bytes:4
15:45:40.0 (43872116)|VARIABLE_ASSIGNMENT|[EXTERNAL]|this|{"clsNm":"red","dateLabel":"37日前","msg":"0x32be1571","msgDetail":"0x44e2ab31"}|0x7a3f6c1a
15:45:40.0 (43925241)|VARIABLE_ASSIGNMENT|[280]|this.User__c|"0056F000006PtYlQAK"|0x44e2ab31
15:45:40.0 (43940447)|CONSTRUCTOR_EXIT|[152]|01p6F00000AiTo4|<init>(saMessage__c,Boolean)|saTasksCtrl.clsMessage
15:45:40.0 (43993870)|VARIABLE_ASSIGNMENT|[EXTERNAL]|this|{"currentMessage":"0x8d901a5","currentMessageId":"","idMessage":"a0K6F00000gtrulUAA","isIPhone":false,"isTabMsgRead":false,"lsMsg":"0x59811159","messageError":"正しいデーターを入れてください。","messageQuestion":"","myUser":"0x5f7c8040"}|0x57cb668a
15:45:40.0 (44023346)|VARIABLE_ASSIGNMENT|[EXTERNAL]|value|{"clsNm":"red","dateLabel":"37日前","msg":"0x32be1571","msgDetail":"0x44e2ab31"}|0x7a3f6c1a
15:45:40.0 (44035098)|VARIABLE_ASSIGNMENT|[8]|this.currentMessage|0x7a3f6c1a|0x57cb668a
15:45:40.0 (44046694)|METHOD_ENTRY|[149]||Database.QueryLocatorIterator.hasNext()
15:45:40.0 (44060966)|METHOD_EXIT|[149]||Database.QueryLocatorIterator.hasNext()
15:45:40.0 (44069448)|VARIABLE_ASSIGNMENT|[149]|msg|null|
15:45:40.0 (44089828)|SYSTEM_MODE_EXIT|false
15:45:40.0 (54278316)|SYSTEM_MODE_ENTER|true
15:45:40.0 (54448178)|SYSTEM_MODE_ENTER|true
15:45:40.0 (54489748)|HEAP_ALLOCATE|[EXTERNAL]|Bytes:284
15:45:40.0 (54513441)|HEAP_ALLOCATE|[EXTERNAL]|Bytes:160
15:45:40.0 (54532732)|METHOD_ENTRY|[1]|01p6F0000084OtI|auMainTopCompCtrl.auMainTopCompCtrl()
15:45:40.0 (54540267)|STATEMENT_EXECUTE|[1]
15:45:40.0 (54547638)|STATEMENT_EXECUTE|[1]
15:45:40.0 (54549145)|STATEMENT_EXECUTE|[3]
15:45:40.0 (54557690)|HEAP_ALLOCATE|[3]|Bytes:4
15:45:40.0 (54578951)|VARIABLE_ASSIGNMENT|[3]|auMainTopCompCtrl.TYPE_SCREEN_SWITCH|0
15:45:40.0 (54584083)|STATEMENT_EXECUTE|[4]
15:45:40.0 (54587627)|HEAP_ALLOCATE|[4]|Bytes:4
15:45:40.0 (54595546)|VARIABLE_ASSIGNMENT|[4]|auMainTopCompCtrl.TYPE_SCREEN_STPD_EVENT|11
15:45:40.0 (54599743)|STATEMENT_EXECUTE|[5]
15:45:40.0 (54602019)|HEAP_ALLOCATE|[5]|Bytes:4
15:45:40.0 (54609300)|VARIABLE_ASSIGNMENT|[5]|auMainTopCompCtrl.TYPE_SCREEN_STPD_TIMELINE|12
15:45:40.0 (54613274)|STATEMENT_EXECUTE|[6]
15:45:40.0 (54615659)|HEAP_ALLOCATE|[6]|Bytes:4
15:45:40.0 (54623078)|VARIABLE_ASSIGNMENT|[6]|auMainTopCompCtrl.TYPE_SCREEN_STPD_SCREEN|13
15:45:40.0 (54627091)|STATEMENT_EXECUTE|[7]
15:45:40.0 (54629503)|HEAP_ALLOCATE|[7]|Bytes:4
15:45:40.0 (54634720)|VARIABLE_ASSIGNMENT|[7]|auMainTopCompCtrl.TYPE_SCREEN_CX_SCREEN|21
15:45:40.0 (54638480)|STATEMENT_EXECUTE|[8]
15:45:40.0 (54640545)|HEAP_ALLOCATE|[8]|Bytes:4
15:45:40.0 (54646007)|VARIABLE_ASSIGNMENT|[8]|auMainTopCompCtrl.TYPE_SCREEN_CX_TIMELINE|22
15:45:40.0 (54649512)|STATEMENT_EXECUTE|[9]
15:45:40.0 (54651549)|HEAP_ALLOCATE|[9]|Bytes:4
15:45:40.0 (54656871)|VARIABLE_ASSIGNMENT|[9]|auMainTopCompCtrl.TYPE_SCREEN_EVENT_SCHEDULE|31
15:45:40.0 (54660670)|STATEMENT_EXECUTE|[10]
15:45:40.0 (54663124)|HEAP_ALLOCATE|[10]|Bytes:4
15:45:40.0 (54668406)|VARIABLE_ASSIGNMENT|[10]|auMainTopCompCtrl.TYPE_SCREEN_EVENT_SCHEDULE_LIST|32
15:45:40.0 (54672016)|STATEMENT_EXECUTE|[11]
15:45:40.0 (54674210)|HEAP_ALLOCATE|[11]|Bytes:4
15:45:40.0 (54680055)|VARIABLE_ASSIGNMENT|[11]|auMainTopCompCtrl.TYPE_SCREEN_KNOWLEDGE_DASHBOARD|41
15:45:40.0 (54683741)|STATEMENT_EXECUTE|[12]
15:45:40.0 (54685677)|HEAP_ALLOCATE|[12]|Bytes:4
15:45:40.0 (54691673)|VARIABLE_ASSIGNMENT|[12]|auMainTopCompCtrl.TYPE_SCREEN_KNOWLEDGE_LIST|42
15:45:40.0 (54695622)|STATEMENT_EXECUTE|[13]
15:45:40.0 (54697728)|HEAP_ALLOCATE|[13]|Bytes:4
15:45:40.0 (54703929)|VARIABLE_ASSIGNMENT|[13]|auMainTopCompCtrl.TYPE_SCREEN_SA_MESSAGES|51
15:45:40.0 (54707919)|STATEMENT_EXECUTE|[14]
15:45:40.0 (54709857)|HEAP_ALLOCATE|[14]|Bytes:4
15:45:40.0 (54715704)|VARIABLE_ASSIGNMENT|[14]|auMainTopCompCtrl.TYPE_SCREEN_SA_REPORTS|52
15:45:40.0 (54719555)|STATEMENT_EXECUTE|[15]
15:45:40.0 (54721525)|HEAP_ALLOCATE|[15]|Bytes:4
15:45:40.0 (54727303)|VARIABLE_ASSIGNMENT|[15]|auMainTopCompCtrl.TYPE_SCREEN_SA_CHATTER|53
15:45:40.0 (54730763)|STATEMENT_EXECUTE|[16]
15:45:40.0 (54732843)|HEAP_ALLOCATE|[16]|Bytes:4
15:45:40.0 (54738190)|VARIABLE_ASSIGNMENT|[16]|auMainTopCompCtrl.TYPE_SCREEN_SA_DAILYREPORT|54
15:45:40.0 (54742165)|STATEMENT_EXECUTE|[17]
15:45:40.0 (54744291)|HEAP_ALLOCATE|[17]|Bytes:4
15:45:40.0 (54749901)|VARIABLE_ASSIGNMENT|[17]|auMainTopCompCtrl.TYPE_SCREEN_SA_ENQUETE|55
15:45:40.0 (54753490)|STATEMENT_EXECUTE|[18]
15:45:40.0 (54755538)|HEAP_ALLOCATE|[18]|Bytes:4
15:45:40.0 (54761584)|VARIABLE_ASSIGNMENT|[18]|auMainTopCompCtrl.TYPE_SCREEN_SA_DOCUMENTS|56
15:45:40.0 (54765146)|STATEMENT_EXECUTE|[19]
15:45:40.0 (54767185)|HEAP_ALLOCATE|[19]|Bytes:4
15:45:40.0 (54772694)|VARIABLE_ASSIGNMENT|[19]|auMainTopCompCtrl.TYPE_SCREEN_SA_RANKING|57
15:45:40.0 (54776291)|STATEMENT_EXECUTE|[20]
15:45:40.0 (54778203)|HEAP_ALLOCATE|[20]|Bytes:4
15:45:40.0 (54783618)|VARIABLE_ASSIGNMENT|[20]|auMainTopCompCtrl.TYPE_SCREEN_SA_LINKS|58
15:45:40.0 (54787142)|STATEMENT_EXECUTE|[21]
15:45:40.0 (54789098)|HEAP_ALLOCATE|[21]|Bytes:4
15:45:40.0 (54794902)|VARIABLE_ASSIGNMENT|[21]|auMainTopCompCtrl.TYPE_SCREEN_SA_USRSETTINGS|59
15:45:40.0 (54798365)|STATEMENT_EXECUTE|[22]
15:45:40.0 (54800775)|HEAP_ALLOCATE|[22]|Bytes:4
15:45:40.0 (54806696)|VARIABLE_ASSIGNMENT|[22]|auMainTopCompCtrl.TYPE_SCREEN_SA_DAILYREPORTLIST|60
15:45:40.0 (54811196)|STATEMENT_EXECUTE|[23]
15:45:40.0 (54813146)|HEAP_ALLOCATE|[23]|Bytes:4
15:45:40.0 (54819130)|VARIABLE_ASSIGNMENT|[23]|auMainTopCompCtrl.TYPE_SCREEN_SA_TODO|61
15:45:40.0 (54823430)|STATEMENT_EXECUTE|[24]
15:45:40.0 (54825410)|HEAP_ALLOCATE|[24]|Bytes:4
15:45:40.0 (54831004)|VARIABLE_ASSIGNMENT|[24]|auMainTopCompCtrl.TYPE_SCREEN_HONBU_DIRECT|71
15:45:40.0 (54834662)|STATEMENT_EXECUTE|[25]
15:45:40.0 (54836758)|HEAP_ALLOCATE|[25]|Bytes:4
15:45:40.0 (54841850)|VARIABLE_ASSIGNMENT|[25]|auMainTopCompCtrl.TYPE_SCREEN_ACCOUNT_LIST|81
15:45:40.0 (54845516)|STATEMENT_EXECUTE|[26]
15:45:40.0 (54847453)|HEAP_ALLOCATE|[26]|Bytes:4
15:45:40.0 (54852733)|VARIABLE_ASSIGNMENT|[26]|auMainTopCompCtrl.TYPE_SCREEN_ACTIVITY_LIST|82
15:45:40.0 (54856709)|STATEMENT_EXECUTE|[27]
15:45:40.0 (54858580)|HEAP_ALLOCATE|[27]|Bytes:4
15:45:40.0 (54864032)|VARIABLE_ASSIGNMENT|[27]|auMainTopCompCtrl.TYPE_SCREEN_FILE_LIST|83
15:45:40.0 (54874026)|METHOD_EXIT|[1]|auMainTopCompCtrl
15:45:40.0 (54879764)|HEAP_ALLOCATE|[EXTERNAL]|Bytes:44
15:45:40.0 (54893530)|VARIABLE_ASSIGNMENT|[EXTERNAL]|this.iCountComments|null|0x38362f7
15:45:40.0 (54944030)|SYSTEM_MODE_ENTER|true
15:45:40.0 (54957941)|HEAP_ALLOCATE|[EXTERNAL]|Bytes:44
15:45:40.0 (54966715)|VARIABLE_ASSIGNMENT|[EXTERNAL]|this.iCountLikes|null|0x38362f7
15:45:40.0 (55044251)|SYSTEM_MODE_ENTER|true
15:45:40.0 (55106639)|HEAP_ALLOCATE|[EXTERNAL]|Bytes:72
15:45:40.0 (55118297)|VARIABLE_SCOPE_BEGIN|[16]|this|saTasksCtrl|true|false
15:45:40.0 (55194608)|VARIABLE_ASSIGNMENT|[16]|this|{"currentMessage":"0x7a3f6c1a","currentMessageId":"","idMessage":"a0K6F00000gtrulUAA","isIPhone":false,"isTabMsgRead":false,"lsMsg":"0x59811159","messageError":"正しいデーターを入れてください。","messageQuestion":"","myUser":"0x5f7c8040"}|0x57cb668a
15:45:40.0 (55214787)|SYSTEM_MODE_ENTER|false
15:45:40.0 (55228760)|HEAP_ALLOCATE|[16]|Bytes:5
15:45:40.0 (55233550)|STATEMENT_EXECUTE|[16]
15:45:40.0 (55235268)|STATEMENT_EXECUTE|[16]
15:45:40.0 (55244793)|SYSTEM_MODE_EXIT|false
15:45:40.0 (55302100)|SYSTEM_MODE_ENTER|true
15:45:40.0 (55318869)|HEAP_ALLOCATE|[EXTERNAL]|Bytes:8
15:45:40.0 (55323095)|HEAP_ALLOCATE|[EXTERNAL]|Bytes:44
15:45:40.0 (55331713)|VARIABLE_ASSIGNMENT|[EXTERNAL]|this.iTypeOfScreen|61|0x38362f7
15:45:40.0 (55463651)|SYSTEM_MODE_ENTER|true
15:45:40.0 (55502716)|HEAP_ALLOCATE|[EXTERNAL]|Bytes:44
15:45:40.0 (55510581)|VARIABLE_SCOPE_BEGIN|[88]|this|auMainTopCompCtrl|true|false
15:45:40.0 (55590812)|VARIABLE_ASSIGNMENT|[88]|this|{"currentUser":"0x22bfb1d","isSAUser":false,"iTypeOfScreen":61,"urlReportsSFA":"https://au-portal.li (77 more) ..."}|0x38362f7
15:45:40.0 (55602697)|STATEMENT_EXECUTE|[88]
15:45:40.0 (55604443)|STATEMENT_EXECUTE|[89]
15:45:40.0 (55664890)|VARIABLE_ASSIGNMENT|[EXTERNAL]|this|{"currentUser":"0x22bfb1d","isSAUser":false,"iTypeOfScreen":61,"urlReportsSFA":"https://au-portal.li (77 more) ..."}|0x38362f7
15:45:40.0 (55717989)|VARIABLE_ASSIGNMENT|[EXTERNAL]|this|{"currentUser":"0x22bfb1d","isSAUser":false,"iTypeOfScreen":61,"urlReportsSFA":"https://au-portal.li (77 more) ..."}|0x38362f7
15:45:40.0 (55757041)|VARIABLE_ASSIGNMENT|[EXTERNAL]|this|{"currentUser":"0x22bfb1d","isSAUser":false,"iTypeOfScreen":61,"urlReportsSFA":"https://au-portal.li (77 more) ..."}|0x38362f7
15:45:40.0 (55797147)|VARIABLE_ASSIGNMENT|[EXTERNAL]|this|{"currentUser":"0x22bfb1d","isSAUser":false,"iTypeOfScreen":61,"urlReportsSFA":"https://au-portal.li (77 more) ..."}|0x38362f7
15:45:40.0 (55834582)|VARIABLE_ASSIGNMENT|[EXTERNAL]|this|{"currentUser":"0x22bfb1d","isSAUser":false,"iTypeOfScreen":61,"urlReportsSFA":"https://au-portal.li (77 more) ..."}|0x38362f7
15:45:40.0 (55873852)|VARIABLE_ASSIGNMENT|[EXTERNAL]|this|{"currentUser":"0x22bfb1d","isSAUser":false,"iTypeOfScreen":61,"urlReportsSFA":"https://au-portal.li (77 more) ..."}|0x38362f7
15:45:40.0 (55910524)|VARIABLE_ASSIGNMENT|[EXTERNAL]|this|{"currentUser":"0x22bfb1d","isSAUser":false,"iTypeOfScreen":61,"urlReportsSFA":"https://au-portal.li (77 more) ..."}|0x38362f7
15:45:40.0 (55947205)|VARIABLE_ASSIGNMENT|[EXTERNAL]|this|{"currentUser":"0x22bfb1d","isSAUser":false,"iTypeOfScreen":61,"urlReportsSFA":"https://au-portal.li (77 more) ..."}|0x38362f7
15:45:40.0 (55984124)|VARIABLE_ASSIGNMENT|[EXTERNAL]|this|{"currentUser":"0x22bfb1d","isSAUser":false,"iTypeOfScreen":61,"urlReportsSFA":"https://au-portal.li (77 more) ..."}|0x38362f7
15:45:40.0 (56027468)|VARIABLE_ASSIGNMENT|[EXTERNAL]|this|{"currentUser":"0x22bfb1d","isSAUser":false,"iTypeOfScreen":61,"urlReportsSFA":"https://au-portal.li (77 more) ..."}|0x38362f7
15:45:40.0 (56046079)|HEAP_ALLOCATE|[89]|Bytes:5
15:45:40.0 (56121175)|SYSTEM_MODE_ENTER|true
15:45:40.0 (56157870)|HEAP_ALLOCATE|[EXTERNAL]|Bytes:44
15:45:40.0 (56165491)|VARIABLE_SCOPE_BEGIN|[106]|this|auMainTopCompCtrl|true|false
15:45:40.0 (56196627)|VARIABLE_ASSIGNMENT|[106]|this|{"currentUser":"0x22bfb1d","isSAUser":false,"iTypeOfScreen":61,"urlReportsSFA":"https://au-portal.li (77 more) ..."}|0x38362f7
15:45:40.0 (56206401)|STATEMENT_EXECUTE|[106]
15:45:40.0 (56208410)|STATEMENT_EXECUTE|[107]
15:45:40.0 (56241356)|VARIABLE_ASSIGNMENT|[EXTERNAL]|this|{"currentUser":"0x22bfb1d","isSAUser":false,"iTypeOfScreen":61,"urlReportsSFA":"https://au-portal.li (77 more) ..."}|0x38362f7
15:45:40.0 (56256422)|HEAP_ALLOCATE|[107]|Bytes:5
15:45:40.0 (56320368)|SYSTEM_MODE_ENTER|true
15:45:40.0 (56351791)|HEAP_ALLOCATE|[EXTERNAL]|Bytes:44
15:45:40.0 (56358483)|VARIABLE_SCOPE_BEGIN|[110]|this|auMainTopCompCtrl|true|false
15:45:40.0 (56388680)|VARIABLE_ASSIGNMENT|[110]|this|{"currentUser":"0x22bfb1d","isSAUser":false,"iTypeOfScreen":61,"urlReportsSFA":"https://au-portal.li (77 more) ..."}|0x38362f7
15:45:40.0 (56397754)|STATEMENT_EXECUTE|[110]
15:45:40.0 (56399619)|STATEMENT_EXECUTE|[111]
15:45:40.0 (56433172)|VARIABLE_ASSIGNMENT|[EXTERNAL]|this|{"currentUser":"0x22bfb1d","isSAUser":false,"iTypeOfScreen":61,"urlReportsSFA":"https://au-portal.li (77 more) ..."}|0x38362f7
15:45:40.0 (56448580)|HEAP_ALLOCATE|[111]|Bytes:5
15:45:40.0 (56519343)|SYSTEM_MODE_ENTER|true
15:45:40.0 (56550254)|HEAP_ALLOCATE|[EXTERNAL]|Bytes:44
15:45:40.0 (56556920)|VARIABLE_SCOPE_BEGIN|[114]|this|auMainTopCompCtrl|true|false
15:45:40.0 (56587513)|VARIABLE_ASSIGNMENT|[114]|this|{"currentUser":"0x22bfb1d","isSAUser":false,"iTypeOfScreen":61,"urlReportsSFA":"https://au-portal.li (77 more) ..."}|0x38362f7
15:45:40.0 (56596372)|STATEMENT_EXECUTE|[114]
15:45:40.0 (56598230)|STATEMENT_EXECUTE|[115]
15:45:40.0 (56630946)|VARIABLE_ASSIGNMENT|[EXTERNAL]|this|{"currentUser":"0x22bfb1d","isSAUser":false,"iTypeOfScreen":61,"urlReportsSFA":"https://au-portal.li (77 more) ..."}|0x38362f7
15:45:40.0 (56646246)|HEAP_ALLOCATE|[115]|Bytes:5
15:45:40.0 (56724962)|SYSTEM_MODE_ENTER|true
15:45:40.0 (60559157)|SYSTEM_MODE_ENTER|true
15:45:40.0 (60613912)|HEAP_ALLOCATE|[EXTERNAL]|Bytes:72
15:45:40.0 (60688565)|VARIABLE_ASSIGNMENT|[EXTERNAL]|this|{"currentMessage":"0x7a3f6c1a","currentMessageId":"","idMessage":"a0K6F00000gtrulUAA","isIPhone":false,"isTabMsgRead":false,"lsMsg":"0x59811159","messageError":"正しいデーターを入れてください。","messageQuestion":"","myUser":"0x5f7c8040"}|0x57cb668a
15:45:40.0 (60706958)|SYSTEM_MODE_ENTER|false
15:45:40.0 (60714595)|HEAP_ALLOCATE|[181]|Bytes:5
15:45:40.0 (60720079)|STATEMENT_EXECUTE|[180]
15:45:40.0 (60722656)|STATEMENT_EXECUTE|[181]
15:45:40.0 (60739459)|METHOD_ENTRY|[181]||System.UserInfo.getTimeZone()
15:45:40.0 (60971331)|METHOD_EXIT|[181]||System.UserInfo.getTimeZone()
15:45:40.0 (60979983)|VARIABLE_SCOPE_BEGIN|[181]|tz|System.TimeZone|true|false
15:45:40.0 (61040459)|VARIABLE_ASSIGNMENT|[181]|tz|{"delegate":"0x6eda321"}|0x40f9c186
15:45:40.0 (61048487)|STATEMENT_EXECUTE|[183]
15:45:40.0 (61095550)|HEAP_ALLOCATE|[183]|Bytes:56
15:45:40.0 (61118197)|METHOD_ENTRY|[183]||System.TimeZone.getOffset(Datetime)
15:45:40.0 (61143221)|METHOD_EXIT|[183]||System.TimeZone.getOffset(Datetime)
15:45:40.0 (61162447)|HEAP_ALLOCATE|[183]|Bytes:28
15:45:40.0 (61170599)|HEAP_ALLOCATE|[183]|Bytes:28
15:45:40.0 (61175429)|HEAP_ALLOCATE|[183]|Bytes:4
15:45:40.0 (61183988)|HEAP_ALLOCATE|[183]|Bytes:28
15:45:40.0 (61214637)|HEAP_ALLOCATE|[183]|Bytes:28
15:45:40.0 (61274071)|HEAP_ALLOCATE|[183]|Bytes:28
15:45:40.0 (61278918)|HEAP_ALLOCATE|[183]|Bytes:28
15:45:40.0 (61293443)|HEAP_ALLOCATE|[183]|Bytes:12
15:45:40.0 (61300339)|SYSTEM_MODE_EXIT|false
15:45:40.0 (64208167)|VF_SERIALIZE_VIEWSTATE_BEGIN|0666F000005wW3R
15:45:40.0 (67670088)|VF_SERIALIZE_VIEWSTATE_END
15:45:40.73 (73877093)|CUMULATIVE_LIMIT_USAGE
15:45:40.73 (73877093)|LIMIT_USAGE_FOR_NS|(default)|
  Number of SOQL queries: 1 out of 100
  Number of query rows: 1 out of 50000
  Number of SOSL queries: 0 out of 20
  Number of DML statements: 0 out of 150
  Number of DML rows: 0 out of 10000
  Maximum CPU time: 0 out of 10000
  Maximum heap size: 0 out of 6000000
  Number of callouts: 0 out of 100
  Number of Email Invocations: 0 out of 10
  Number of future calls: 0 out of 50
  Number of queueable jobs added to the queue: 0 out of 50
  Number of Mobile Apex push calls: 0 out of 10

15:45:40.73 (73877093)|CUMULATIVE_LIMIT_USAGE_END

15:45:40.0 (73911245)|CODE_UNIT_FINISHED|VF: /apex/saTasks
15:45:40.0 (74742328)|EXECUTION_FINISHED
