42.0 APEX_CODE,FINEST;APEX_PROFILING,INFO;CALLOUT,INFO;DB,INFO;NBA,INFO;SYSTEM,DEBUG;VALIDATION,INFO;VISUALFORCE,INFO;WAVE,INFO;WORKFLOW,INFO
15:45:39.0 (111475)|USER_INFO|[EXTERNAL]|0056F000006PtYl|gwadmin@gw.jp.kddi|日本標準時|GMT+09:00
15:45:39.0 (162366)|EXECUTION_STARTED
15:45:39.0 (169109)|CODE_UNIT_STARTED|[EXTERNAL]|0666F000005wW3R|VF: /apex/saTasks
15:45:39.0 (378124)|VF_DESERIALIZE_VIEWSTATE_BEGIN|0666F000005wW3R
15:45:39.0 (7777839)|HEAP_ALLOCATE|[72]|Bytes:3
15:45:39.0 (7816455)|HEAP_ALLOCATE|[77]|Bytes:152
15:45:39.0 (7829586)|HEAP_ALLOCATE|[342]|Bytes:408
15:45:39.0 (7840522)|HEAP_ALLOCATE|[355]|Bytes:408
15:45:39.0 (7850761)|HEAP_ALLOCATE|[467]|Bytes:48
15:45:39.0 (7876008)|HEAP_ALLOCATE|[139]|Bytes:6
15:45:39.0 (9090167)|HEAP_ALLOCATE|[50]|Bytes:5
15:45:39.0 (9117068)|HEAP_ALLOCATE|[56]|Bytes:5
15:45:39.0 (9128009)|HEAP_ALLOCATE|[64]|Bytes:7
15:45:39.0 (11283258)|VARIABLE_SCOPE_BEGIN|[25]|auMainTopCompCtrl.TYPE_SCREEN_ACCOUNT_LIST|Integer|false|true
15:45:39.0 (11297918)|VARIABLE_SCOPE_BEGIN|[26]|auMainTopCompCtrl.TYPE_SCREEN_ACTIVITY_LIST|Integer|false|true
15:45:39.0 (11305079)|VARIABLE_SCOPE_BEGIN|[7]|auMainTopCompCtrl.TYPE_SCREEN_CX_SCREEN|Integer|false|true
15:45:39.0 (11312795)|VARIABLE_SCOPE_BEGIN|[8]|auMainTopCompCtrl.TYPE_SCREEN_CX_TIMELINE|Integer|false|true
15:45:39.0 (11320184)|VARIABLE_SCOPE_BEGIN|[9]|auMainTopCompCtrl.TYPE_SCREEN_EVENT_SCHEDULE|Integer|false|true
15:45:39.0 (11326801)|VARIABLE_SCOPE_BEGIN|[10]|auMainTopCompCtrl.TYPE_SCREEN_EVENT_SCHEDULE_LIST|Integer|false|true
15:45:39.0 (11333645)|VARIABLE_SCOPE_BEGIN|[27]|auMainTopCompCtrl.TYPE_SCREEN_FILE_LIST|Integer|false|true
15:45:39.0 (11340034)|VARIABLE_SCOPE_BEGIN|[24]|auMainTopCompCtrl.TYPE_SCREEN_HONBU_DIRECT|Integer|false|true
15:45:39.0 (11346847)|VARIABLE_SCOPE_BEGIN|[11]|auMainTopCompCtrl.TYPE_SCREEN_KNOWLEDGE_DASHBOARD|Integer|false|true
15:45:39.0 (11353353)|VARIABLE_SCOPE_BEGIN|[12]|auMainTopCompCtrl.TYPE_SCREEN_KNOWLEDGE_LIST|Integer|false|true
15:45:39.0 (11359548)|VARIABLE_SCOPE_BEGIN|[15]|auMainTopCompCtrl.TYPE_SCREEN_SA_CHATTER|Integer|false|true
15:45:39.0 (11365911)|VARIABLE_SCOPE_BEGIN|[16]|auMainTopCompCtrl.TYPE_SCREEN_SA_DAILYREPORT|Integer|false|true
15:45:39.0 (11372598)|VARIABLE_SCOPE_BEGIN|[22]|auMainTopCompCtrl.TYPE_SCREEN_SA_DAILYREPORTLIST|Integer|false|true
15:45:39.0 (11379403)|VARIABLE_SCOPE_BEGIN|[18]|auMainTopCompCtrl.TYPE_SCREEN_SA_DOCUMENTS|Integer|false|true
15:45:39.0 (11386399)|VARIABLE_SCOPE_BEGIN|[17]|auMainTopCompCtrl.TYPE_SCREEN_SA_ENQUETE|Integer|false|true
15:45:39.0 (11393527)|VARIABLE_SCOPE_BEGIN|[20]|auMainTopCompCtrl.TYPE_SCREEN_SA_LINKS|Integer|false|true
15:45:39.0 (11400047)|VARIABLE_SCOPE_BEGIN|[13]|auMainTopCompCtrl.TYPE_SCREEN_SA_MESSAGES|Integer|false|true
15:45:39.0 (11406913)|VARIABLE_SCOPE_BEGIN|[19]|auMainTopCompCtrl.TYPE_SCREEN_SA_RANKING|Integer|false|true
15:45:39.0 (11413724)|VARIABLE_SCOPE_BEGIN|[14]|auMainTopCompCtrl.TYPE_SCREEN_SA_REPORTS|Integer|false|true
15:45:39.0 (11420527)|VARIABLE_SCOPE_BEGIN|[23]|auMainTopCompCtrl.TYPE_SCREEN_SA_TODO|Integer|false|true
15:45:39.0 (11427494)|VARIABLE_SCOPE_BEGIN|[21]|auMainTopCompCtrl.TYPE_SCREEN_SA_USRSETTINGS|Integer|false|true
15:45:39.0 (11434267)|VARIABLE_SCOPE_BEGIN|[4]|auMainTopCompCtrl.TYPE_SCREEN_STPD_EVENT|Integer|false|true
15:45:39.0 (11441172)|VARIABLE_SCOPE_BEGIN|[6]|auMainTopCompCtrl.TYPE_SCREEN_STPD_SCREEN|Integer|false|true
15:45:39.0 (11448503)|VARIABLE_SCOPE_BEGIN|[5]|auMainTopCompCtrl.TYPE_SCREEN_STPD_TIMELINE|Integer|false|true
15:45:39.0 (11455746)|VARIABLE_SCOPE_BEGIN|[3]|auMainTopCompCtrl.TYPE_SCREEN_SWITCH|Integer|false|true
15:45:39.0 (12793433)|VF_DESERIALIZE_VIEWSTATE_END
15:45:39.0 (15376895)|SYSTEM_MODE_ENTER|true
15:45:39.0 (15410861)|HEAP_ALLOCATE|[EXTERNAL]|Bytes:10
15:45:39.0 (15422073)|HEAP_ALLOCATE|[EXTERNAL]|Bytes:464
15:45:39.0 (15427366)|HEAP_ALLOCATE|[EXTERNAL]|Bytes:78
15:45:39.0 (15438725)|METHOD_ENTRY|[1]|01p6F00000AiTo4|saTasksCtrl.saTasksCtrl()
15:45:39.0 (15445146)|STATEMENT_EXECUTE|[1]
15:45:39.0 (15450704)|STATEMENT_EXECUTE|[1]
15:45:39.0 (15459032)|SYSTEM_MODE_ENTER|false
15:45:39.0 (15468982)|HEAP_ALLOCATE|[EXTERNAL]|Bytes:5
15:45:39.0 (15474534)|STATEMENT_EXECUTE|[188]
15:45:39.0 (15478352)|SYSTEM_MODE_EXIT|false
15:45:39.0 (15486569)|METHOD_EXIT|[1]|saTasksCtrl
15:45:39.0 (15555172)|SYSTEM_MODE_ENTER|true
15:45:39.0 (15615412)|SYSTEM_MODE_ENTER|true
15:45:39.0 (15645829)|HEAP_ALLOCATE|[EXTERNAL]|Bytes:72
15:45:39.0 (15669701)|VARIABLE_ASSIGNMENT|[EXTERNAL]|this.idMessage|""|0xb84a5f
15:45:39.0 (15699814)|SYSTEM_MODE_ENTER|true
15:45:39.0 (15713428)|HEAP_ALLOCATE|[EXTERNAL]|Bytes:72
15:45:39.0 (15722453)|VARIABLE_ASSIGNMENT|[EXTERNAL]|this.currentMessageId|""|0xb84a5f
15:45:39.0 (16123814)|HEAP_ALLOCATE|[EXTERNAL]|Bytes:72
15:45:39.0 (16136424)|VARIABLE_SCOPE_BEGIN|[120]|this|saTasksCtrl|true|false
15:45:39.0 (16232252)|VARIABLE_ASSIGNMENT|[120]|this|{"currentMessage":"0x51177d81","currentMessageId":"","idMessage":"","isIPhone":false,"isTabMsgRead":true,"lsMsg":"0x133f3f4e","messageError":"正しいデーターを入れてください。","messageQuestion":"","myUser":"0x59f20d38"}|0xb84a5f
15:45:39.0 (16252450)|SYSTEM_MODE_ENTER|false
15:45:39.0 (16260047)|HEAP_ALLOCATE|[122]|Bytes:5
15:45:39.0 (16265781)|STATEMENT_EXECUTE|[120]
15:45:39.0 (16267677)|STATEMENT_EXECUTE|[122]
15:45:39.0 (16344190)|VARIABLE_ASSIGNMENT|[EXTERNAL]|this|{"currentMessage":"0x51177d81","currentMessageId":"","idMessage":"","isIPhone":false,"isTabMsgRead":true,"lsMsg":"0x133f3f4e","messageError":"正しいデーターを入れてください。","messageQuestion":"","myUser":"0x59f20d38"}|0xb84a5f
15:45:39.0 (16359973)|VARIABLE_ASSIGNMENT|[EXTERNAL]|value|false
15:45:39.0 (16367595)|HEAP_ALLOCATE|[34]|Bytes:5
15:45:39.0 (16376262)|VARIABLE_ASSIGNMENT|[34]|this.isTabMsgRead|false|0xb84a5f
15:45:39.0 (16388611)|STATEMENT_EXECUTE|[124]
15:45:39.0 (16392233)|HEAP_ALLOCATE|[124]|Bytes:464
15:45:39.0 (16412467)|HEAP_ALLOCATE|[124]|Bytes:4
15:45:39.0 (16424210)|HEAP_ALLOCATE|[124]|Bytes:7
15:45:39.0 (17057982)|VARIABLE_SCOPE_BEGIN|[7]|saConstantCmn.PUSH_NOTIFICATION_STATUS_NONE|String|false|true
15:45:39.0 (17070925)|VARIABLE_SCOPE_BEGIN|[9]|saConstantCmn.PUSH_NOTIFICATION_STATUS_RESENDING|String|false|true
15:45:39.0 (17078369)|VARIABLE_SCOPE_BEGIN|[8]|saConstantCmn.PUSH_NOTIFICATION_STATUS_SENDING|String|false|true
15:45:39.0 (17085055)|VARIABLE_SCOPE_BEGIN|[10]|saConstantCmn.PUSH_NOTIFICATION_STATUS_SENT|String|false|true
15:45:39.0 (17091557)|VARIABLE_SCOPE_BEGIN|[24]|saConstantCmn.SA_INQUIRY_TYPE_AU_HEARING|String|false|true
15:45:39.0 (17097479)|VARIABLE_SCOPE_BEGIN|[22]|saConstantCmn.SA_INQUIRY_TYPE_DAILYREPORT|String|false|true
15:45:39.0 (17103972)|VARIABLE_SCOPE_BEGIN|[23]|saConstantCmn.SA_INQUIRY_TYPE_HEARING|String|false|true
15:45:39.0 (17110940)|VARIABLE_SCOPE_BEGIN|[15]|saConstantCmn.SA_MESSAGEDETAIL_TYPE_DONE|String|false|true
15:45:39.0 (17117591)|VARIABLE_SCOPE_BEGIN|[14]|saConstantCmn.SA_MESSAGEDETAIL_TYPE_READ|String|false|true
15:45:39.0 (17124926)|VARIABLE_SCOPE_BEGIN|[13]|saConstantCmn.SA_MESSAGEDETAIL_TYPE_SHARED|String|false|true
15:45:39.0 (17132395)|VARIABLE_SCOPE_BEGIN|[18]|saConstantCmn.SA_MESSAGE_TYPE_MESSAGE|String|false|true
15:45:39.0 (17138417)|VARIABLE_SCOPE_BEGIN|[19]|saConstantCmn.SA_MESSAGE_TYPE_TASK|String|false|true
15:45:39.0 (17144619)|VARIABLE_SCOPE_BEGIN|[41]|saConstantCmn.SA_REPORT_DETAIL_TYPE_LIKE|String|false|true
15:45:39.0 (17151408)|VARIABLE_SCOPE_BEGIN|[42]|saConstantCmn.SA_REPORT_DETAIL_TYPE_VERY_LIKE|String|false|true
15:45:39.0 (17158006)|VARIABLE_SCOPE_BEGIN|[34]|saConstantCmn.SA_REPORT_REPLY_STATUS_REPLYSAVED|String|false|true
15:45:39.0 (17164817)|VARIABLE_SCOPE_BEGIN|[35]|saConstantCmn.SA_REPORT_REPLY_STATUS_REPLYSENT|String|false|true
15:45:39.0 (17172221)|VARIABLE_SCOPE_BEGIN|[33]|saConstantCmn.SA_REPORT_REPLY_STATUS_WAITINGREPLY|String|false|true
15:45:39.0 (17179219)|VARIABLE_SCOPE_BEGIN|[39]|saConstantCmn.SA_REPORT_SOURCE_NEW|String|false|true
15:45:39.0 (17185830)|VARIABLE_SCOPE_BEGIN|[38]|saConstantCmn.SA_REPORT_SOURCE_WEEKLY|String|false|true
15:45:39.0 (17192367)|VARIABLE_SCOPE_BEGIN|[27]|saConstantCmn.SA_REPORT_STATE_DRAFT|String|false|true
15:45:39.0 (17199111)|VARIABLE_SCOPE_BEGIN|[30]|saConstantCmn.SA_REPORT_STATE_PUBLISHED|String|false|true
15:45:39.0 (17205951)|VARIABLE_SCOPE_BEGIN|[29]|saConstantCmn.SA_REPORT_STATE_REJECTED|String|false|true
15:45:39.0 (17212871)|VARIABLE_SCOPE_BEGIN|[28]|saConstantCmn.SA_REPORT_STATE_WAITING_APPROVAL|String|false|true
15:45:39.0 (17220481)|VARIABLE_SCOPE_BEGIN|[45]|saConstantCmn.SOURCE|String|false|true
15:45:39.0 (17228054)|VARIABLE_SCOPE_BEGIN|[46]|saConstantCmn.SOURCE_PREVIEW|String|false|true
15:45:39.0 (17239781)|HEAP_ALLOCATE|[128]|Bytes:4
15:45:39.0 (17253642)|VARIABLE_ASSIGNMENT|[128]|saConstantCmn.PUSH_NOTIFICATION_STATUS_NONE|"NONE"
15:45:39.0 (17259385)|HEAP_ALLOCATE|[128]|Bytes:9
15:45:39.0 (17266166)|VARIABLE_ASSIGNMENT|[128]|saConstantCmn.PUSH_NOTIFICATION_STATUS_RESENDING|"RESENDING"
15:45:39.0 (17271219)|HEAP_ALLOCATE|[128]|Bytes:7
15:45:39.0 (17276844)|VARIABLE_ASSIGNMENT|[128]|saConstantCmn.PUSH_NOTIFICATION_STATUS_SENDING|"SENDING"
15:45:39.0 (17280963)|HEAP_ALLOCATE|[128]|Bytes:4
15:45:39.0 (17286648)|VARIABLE_ASSIGNMENT|[128]|saConstantCmn.PUSH_NOTIFICATION_STATUS_SENT|"SENT"
15:45:39.0 (17291131)|HEAP_ALLOCATE|[128]|Bytes:10
15:45:39.0 (17296842)|VARIABLE_ASSIGNMENT|[128]|saConstantCmn.SA_INQUIRY_TYPE_AU_HEARING|"AU_HEARING"
15:45:39.0 (17300728)|HEAP_ALLOCATE|[128]|Bytes:12
15:45:39.0 (17306560)|VARIABLE_ASSIGNMENT|[128]|saConstantCmn.SA_INQUIRY_TYPE_DAILYREPORT|"DAILY_REPORT"
15:45:39.0 (17310374)|HEAP_ALLOCATE|[128]|Bytes:6
15:45:39.0 (17315875)|VARIABLE_ASSIGNMENT|[128]|saConstantCmn.SA_INQUIRY_TYPE_HEARING|"SURVEY"
15:45:39.0 (17320521)|HEAP_ALLOCATE|[128]|Bytes:4
15:45:39.0 (17326463)|VARIABLE_ASSIGNMENT|[128]|saConstantCmn.SA_MESSAGEDETAIL_TYPE_DONE|"DONE"
15:45:39.0 (17330143)|HEAP_ALLOCATE|[128]|Bytes:4
15:45:39.0 (17335965)|VARIABLE_ASSIGNMENT|[128]|saConstantCmn.SA_MESSAGEDETAIL_TYPE_READ|"READ"
15:45:39.0 (17340053)|HEAP_ALLOCATE|[128]|Bytes:6
15:45:39.0 (17345721)|VARIABLE_ASSIGNMENT|[128]|saConstantCmn.SA_MESSAGEDETAIL_TYPE_SHARED|"SHARED"
15:45:39.0 (17350159)|HEAP_ALLOCATE|[128]|Bytes:7
15:45:39.0 (17355778)|VARIABLE_ASSIGNMENT|[128]|saConstantCmn.SA_MESSAGE_TYPE_MESSAGE|"MESSAGE"
15:45:39.0 (17360037)|HEAP_ALLOCATE|[128]|Bytes:4
15:45:39.0 (17365375)|VARIABLE_ASSIGNMENT|[128]|saConstantCmn.SA_MESSAGE_TYPE_TASK|"TASK"
15:45:39.0 (17368907)|HEAP_ALLOCATE|[128]|Bytes:4
15:45:39.0 (17374871)|VARIABLE_ASSIGNMENT|[128]|saConstantCmn.SA_REPORT_DETAIL_TYPE_LIKE|"LIKE"
15:45:39.0 (17378381)|HEAP_ALLOCATE|[128]|Bytes:9
15:45:39.0 (17384411)|VARIABLE_ASSIGNMENT|[128]|saConstantCmn.SA_REPORT_DETAIL_TYPE_VERY_LIKE|"VERY_LIKE"
15:45:39.0 (17389931)|HEAP_ALLOCATE|[128]|Bytes:11
15:45:39.0 (17396520)|VARIABLE_ASSIGNMENT|[128]|saConstantCmn.SA_REPORT_REPLY_STATUS_REPLYSAVED|"REPLY_SAVED"
15:45:39.0 (17400452)|HEAP_ALLOCATE|[128]|Bytes:10
15:45:39.0 (17406533)|VARIABLE_ASSIGNMENT|[128]|saConstantCmn.SA_REPORT_REPLY_STATUS_REPLYSENT|"REPLY_SENT"
15:45:39.0 (17410346)|HEAP_ALLOCATE|[128]|Bytes:13
15:45:39.0 (17417198)|VARIABLE_ASSIGNMENT|[128]|saConstantCmn.SA_REPORT_REPLY_STATUS_WAITINGREPLY|"WAITING_REPLY"
15:45:39.0 (17421510)|HEAP_ALLOCATE|[128]|Bytes:3
15:45:39.0 (17427933)|VARIABLE_ASSIGNMENT|[128]|saConstantCmn.SA_REPORT_SOURCE_NEW|"New"
15:45:39.0 (17431817)|HEAP_ALLOCATE|[128]|Bytes:6
15:45:39.0 (17438289)|VARIABLE_ASSIGNMENT|[128]|saConstantCmn.SA_REPORT_SOURCE_WEEKLY|"Weekly"
15:45:39.0 (17442378)|HEAP_ALLOCATE|[128]|Bytes:5
15:45:39.0 (17450566)|VARIABLE_ASSIGNMENT|[128]|saConstantCmn.SA_REPORT_STATE_DRAFT|"Draft"
15:45:39.0 (17454566)|HEAP_ALLOCATE|[128]|Bytes:7
15:45:39.0 (17460971)|VARIABLE_ASSIGNMENT|[128]|saConstantCmn.SA_REPORT_STATE_PUBLISHED|"Publish"
15:45:39.0 (17465492)|HEAP_ALLOCATE|[128]|Bytes:6
15:45:39.0 (17471776)|VARIABLE_ASSIGNMENT|[128]|saConstantCmn.SA_REPORT_STATE_REJECTED|"Remand"
15:45:39.0 (17475772)|HEAP_ALLOCATE|[128]|Bytes:7
15:45:39.0 (17482400)|VARIABLE_ASSIGNMENT|[128]|saConstantCmn.SA_REPORT_STATE_WAITING_APPROVAL|"Pending"
15:45:39.0 (17486445)|HEAP_ALLOCATE|[128]|Bytes:3
15:45:39.0 (17492968)|VARIABLE_ASSIGNMENT|[128]|saConstantCmn.SOURCE|"src"
15:45:39.0 (17496644)|HEAP_ALLOCATE|[128]|Bytes:7
15:45:39.0 (17503086)|VARIABLE_ASSIGNMENT|[128]|saConstantCmn.SOURCE_PREVIEW|"preview"
15:45:39.0 (17541812)|METHOD_ENTRY|[4]|01p6F000006sUQj|saConstantCmn.saConstantCmn()
15:45:39.0 (17548136)|STATEMENT_EXECUTE|[4]
15:45:39.0 (17551834)|STATEMENT_EXECUTE|[4]
15:45:39.0 (17558508)|HEAP_ALLOCATE|[128]|Bytes:5
15:45:39.0 (17567644)|METHOD_EXIT|[4]|saConstantCmn
15:45:39.0 (17582805)|HEAP_ALLOCATE|[124]|Bytes:7
15:45:39.0 (17590885)|HEAP_ALLOCATE|[124]|Bytes:7
15:45:39.0 (17632752)|HEAP_ALLOCATE|[129]|Bytes:89
15:45:39.0 (17641324)|SYSTEM_METHOD_ENTRY|[1]|UserInfo.UserInfo()
15:45:39.0 (17645295)|STATEMENT_EXECUTE|[1]
15:45:39.0 (17650024)|SYSTEM_METHOD_EXIT|[1]|UserInfo
15:45:39.0 (17661977)|METHOD_ENTRY|[129]||System.UserInfo.getUserId()
15:45:39.0 (17710378)|METHOD_EXIT|[129]||System.UserInfo.getUserId()
15:45:39.0 (17720463)|HEAP_ALLOCATE|[124]|Bytes:7
15:45:39.0 (17729361)|HEAP_ALLOCATE|[124]|Bytes:7
15:45:39.0 (17735502)|METHOD_ENTRY|[133]||System.UserInfo.getUserId()
15:45:39.0 (17749709)|METHOD_EXIT|[133]||System.UserInfo.getUserId()
15:45:39.0 (17756186)|HEAP_ALLOCATE|[124]|Bytes:7
15:45:39.0 (18634674)|SOQL_EXECUTE_BEGIN|[124]|Aggregations:0|SELECT Id, Title__c, PublishedDatetime__c, DeadlineDatetime__c, Type__c FROM saMessage__c WHERE (Id NOT IN (SELECT saMessage__c FROM saMessageDetail__c WHERE (Type__c IN (:tmpVar1, :tmpVar2) AND User__c = :tmpVar3)) AND Id IN (SELECT saMessage__c FROM saMessageDetail__c WHERE (Type__c = :tmpVar4 AND User__c = :tmpVar5)) AND IsPublished__c = TRUE AND Type__c = :tmpVar6) ORDER BY DeadlineDatetime__c DESC NULLS LAST, PublishedDatetime__c ASC NULLS FIRST LIMIT 200
15:45:39.0 (34851053)|SOQL_EXECUTE_END|[124]|Rows:1
15:45:39.0 (34889896)|HEAP_ALLOCATE|[124]|Bytes:8
15:45:39.0 (34916698)|HEAP_ALLOCATE|[124]|Bytes:115
15:45:39.0 (34997254)|HEAP_ALLOCATE|[124]|Bytes:8
15:45:39.0 (35020545)|VARIABLE_SCOPE_BEGIN|[124]|lsMessages|List<saMessage__c>|true|false
15:45:39.0 (35096302)|VARIABLE_ASSIGNMENT|[124]|lsMessages|[{"Id":"a0K6F00000gtrulUAA","Title__c":"test","PublishedDatetime__c":"2018-06-23T02:02:00.000Z","DeadlineDatetime__c":"2018-06-30T02:02:00.000Z","Type__c":"TASK"}]|0x42341bc0
15:45:39.0 (35106729)|STATEMENT_EXECUTE|[138]
15:45:39.0 (35121417)|HEAP_ALLOCATE|[138]|Bytes:4
15:45:39.0 (35306615)|VARIABLE_ASSIGNMENT|[EXTERNAL]|this|{"currentMessage":"0x51177d81","currentMessageId":"","idMessage":"","isIPhone":false,"isTabMsgRead":false,"lsMsg":"0x133f3f4e","messageError":"正しいデーターを入れてください。","messageQuestion":"","myUser":"0x59f20d38"}|0xb84a5f
15:45:39.0 (35339598)|HEAP_ALLOCATE|[EXTERNAL]|Bytes:4
15:45:39.0 (35350630)|VARIABLE_ASSIGNMENT|[EXTERNAL]|value|[]|0x402de672
15:45:39.0 (35368968)|VARIABLE_ASSIGNMENT|[7]|this.lsMsg|[]|0xb84a5f
15:45:39.0 (35584844)|HEAP_ALLOCATE|[139]|Bytes:5
15:45:39.0 (35610225)|HEAP_ALLOCATE|[139]|Bytes:24
15:45:39.0 (35620835)|VARIABLE_SCOPE_BEGIN|[139]|msg|saMessage__c|true|false
15:45:39.0 (35654464)|VARIABLE_ASSIGNMENT|[139]|msg|{"Id":"a0K6F00000gtrulUAA","Title__c":"test","PublishedDatetime__c":"2018-06-23T02:02:00.000Z","DeadlineDatetime__c":"2018-06-30T02:02:00.000Z","Type__c":"TASK"}|0x6860d857
15:45:39.0 (35662796)|STATEMENT_EXECUTE|[139]
15:45:39.0 (35664665)|STATEMENT_EXECUTE|[140]
15:45:39.0 (35731829)|VARIABLE_ASSIGNMENT|[EXTERNAL]|this|{"currentMessage":"0x51177d81","currentMessageId":"","idMessage":"","isIPhone":false,"isTabMsgRead":false,"lsMsg":"0x402de672","messageError":"正しいデーターを入れてください。","messageQuestion":"","myUser":"0x59f20d38"}|0xb84a5f
15:45:39.0 (35754836)|HEAP_ALLOCATE|[140]|Bytes:208
15:45:39.0 (35766003)|HEAP_ALLOCATE|[140]|Bytes:43
15:45:39.0 (35780922)|HEAP_ALLOCATE|[140]|Bytes:28
15:45:39.0 (35805660)|CONSTRUCTOR_ENTRY|[140]|01p6F00000AiTo4|<init>(saMessage__c,Boolean)|saTasksCtrl.clsMessage
15:45:39.0 (35821171)|VARIABLE_SCOPE_BEGIN|[238]|this|saTasksCtrl.clsMessage|true|false
15:45:39.0 (35851120)|VARIABLE_ASSIGNMENT|[238]|this|{}|0x62f9b833
15:45:39.0 (35857600)|VARIABLE_SCOPE_BEGIN|[238]|msgMsg|saMessage__c|true|false
15:45:39.0 (35882492)|VARIABLE_ASSIGNMENT|[238]|msgMsg|{"Id":"a0K6F00000gtrulUAA","Title__c":"test","PublishedDatetime__c":"2018-06-23T02:02:00.000Z","DeadlineDatetime__c":"2018-06-30T02:02:00.000Z","Type__c":"TASK"}|0x6860d857
15:45:39.0 (35892440)|VARIABLE_SCOPE_BEGIN|[238]|isMsgRead|Boolean|false|false
15:45:39.0 (35900522)|VARIABLE_ASSIGNMENT|[238]|isMsgRead|false
15:45:39.0 (35906835)|STATEMENT_EXECUTE|[188]
15:45:39.0 (35908621)|STATEMENT_EXECUTE|[190]
15:45:39.0 (35910075)|STATEMENT_EXECUTE|[191]
15:45:39.0 (35911498)|STATEMENT_EXECUTE|[192]
15:45:39.0 (35912897)|STATEMENT_EXECUTE|[193]
15:45:39.0 (35914533)|STATEMENT_EXECUTE|[194]
15:45:39.0 (35916020)|STATEMENT_EXECUTE|[195]
15:45:39.0 (35925459)|HEAP_ALLOCATE|[240]|Bytes:6
15:45:39.0 (35956785)|STATEMENT_EXECUTE|[238]
15:45:39.0 (35958631)|STATEMENT_EXECUTE|[240]
15:45:39.0 (36042931)|VARIABLE_ASSIGNMENT|[EXTERNAL]|this|{}|0x62f9b833
15:45:39.0 (36068976)|VARIABLE_ASSIGNMENT|[EXTERNAL]|value|{"Id":"a0K6F00000gtrulUAA","Title__c":"test","PublishedDatetime__c":"2018-06-23T02:02:00.000Z","DeadlineDatetime__c":"2018-06-30T02:02:00.000Z","Type__c":"TASK"}|0x6860d857
15:45:39.0 (36095751)|VARIABLE_ASSIGNMENT|[190]|this.msg|{"Id":"a0K6F00000gtrulUAA","Title__c":"test","PublishedDatetime__c":"2018-06-23T02:02:00.000Z","DeadlineDatetime__c":"2018-06-30T02:02:00.000Z","Type__c":"TASK"}|0x62f9b833
15:45:39.0 (36138635)|VARIABLE_ASSIGNMENT|[EXTERNAL]|this|{"msg":"0x6860d857"}|0x62f9b833
15:45:39.0 (36152294)|STATEMENT_EXECUTE|[241]
15:45:39.0 (36156532)|STATEMENT_EXECUTE|[245]
15:45:39.0 (36177262)|VARIABLE_ASSIGNMENT|[EXTERNAL]|this|{"msg":"0x6860d857"}|0x62f9b833
15:45:39.0 (36222088)|STATEMENT_EXECUTE|[247]
15:45:39.0 (36224317)|STATEMENT_EXECUTE|[249]
15:45:39.0 (36249953)|VARIABLE_ASSIGNMENT|[EXTERNAL]|this|{"msg":"0x6860d857"}|0x62f9b833
15:45:39.0 (36291274)|HEAP_ALLOCATE|[249]|Bytes:4
15:45:39.0 (36310301)|VARIABLE_SCOPE_BEGIN|[249]|dDateMsg|Date|false|false
15:45:39.0 (36329583)|VARIABLE_ASSIGNMENT|[249]|dDateMsg|"2018-06-30T00:00:00.000Z"
15:45:39.0 (36334995)|STATEMENT_EXECUTE|[251]
15:45:39.0 (36374467)|HEAP_ALLOCATE|[251]|Bytes:4
15:45:39.0 (36395801)|VARIABLE_SCOPE_BEGIN|[251]|iNbDays|Integer|false|false
15:45:39.0 (36404013)|HEAP_ALLOCATE|[251]|Bytes:4
15:45:39.0 (36411476)|VARIABLE_ASSIGNMENT|[251]|iNbDays|-37
15:45:39.0 (36425914)|STATEMENT_EXECUTE|[258]
15:45:39.0 (36427613)|STATEMENT_EXECUTE|[259]
15:45:39.0 (36466883)|HEAP_ALLOCATE|[259]|Bytes:2
15:45:39.0 (36482146)|HEAP_ALLOCATE|[259]|Bytes:2
15:45:39.0 (36493571)|HEAP_ALLOCATE|[259]|Bytes:4
15:45:39.0 (36522818)|VARIABLE_ASSIGNMENT|[EXTERNAL]|this|{"msg":"0x6860d857"}|0x62f9b833
15:45:39.0 (36536491)|VARIABLE_ASSIGNMENT|[EXTERNAL]|value|"37日前"
15:45:39.0 (36546501)|VARIABLE_ASSIGNMENT|[192]|this.dateLabel|"37日前"|0x62f9b833
15:45:39.0 (36556551)|STATEMENT_EXECUTE|[264]
15:45:39.0 (36558469)|STATEMENT_EXECUTE|[265]
15:45:39.0 (36561403)|HEAP_ALLOCATE|[265]|Bytes:3
15:45:39.0 (36602165)|VARIABLE_ASSIGNMENT|[EXTERNAL]|this|{"dateLabel":"37日前","msg":"0x6860d857"}|0x62f9b833
15:45:39.0 (36612141)|VARIABLE_ASSIGNMENT|[EXTERNAL]|value|"red"
15:45:39.0 (36621118)|VARIABLE_ASSIGNMENT|[191]|this.clsNm|"red"|0x62f9b833
15:45:39.0 (36629687)|STATEMENT_EXECUTE|[277]
15:45:39.0 (36654786)|HEAP_ALLOCATE|[277]|Bytes:4
15:45:39.0 (36790624)|VARIABLE_ASSIGNMENT|[EXTERNAL]|this|{"clsNm":"red","dateLabel":"37日前","msg":"0x6860d857"}|0x62f9b833
15:45:39.0 (36808607)|VARIABLE_ASSIGNMENT|[EXTERNAL]|value|{}|0x52d7b423
15:45:39.0 (36820308)|VARIABLE_ASSIGNMENT|[193]|this.msgDetail|{}|0x62f9b833
15:45:39.0 (36829451)|STATEMENT_EXECUTE|[278]
15:45:39.0 (36854751)|VARIABLE_ASSIGNMENT|[EXTERNAL]|this|{"clsNm":"red","dateLabel":"37日前","msg":"0x6860d857","msgDetail":"0x52d7b423"}|0x62f9b833
15:45:39.0 (36906425)|VARIABLE_ASSIGNMENT|[EXTERNAL]|this|{"clsNm":"red","dateLabel":"37日前","msg":"0x6860d857","msgDetail":"0x52d7b423"}|0x62f9b833
15:45:39.0 (36962310)|VARIABLE_ASSIGNMENT|[EXTERNAL]|this|{"clsNm":"red","dateLabel":"37日前","msg":"0x6860d857","msgDetail":"0x52d7b423"}|0x62f9b833
15:45:39.0 (37015689)|VARIABLE_ASSIGNMENT|[EXTERNAL]|this|{"clsNm":"red","dateLabel":"37日前","msg":"0x6860d857","msgDetail":"0x52d7b423"}|0x62f9b833
15:45:39.0 (37107362)|VARIABLE_ASSIGNMENT|[278]|this.Type__c|"DONE"|0x52d7b423
15:45:39.0 (37114817)|STATEMENT_EXECUTE|[279]
15:45:39.0 (37148544)|VARIABLE_ASSIGNMENT|[EXTERNAL]|this|{"clsNm":"red","dateLabel":"37日前","msg":"0x6860d857","msgDetail":"0x52d7b423"}|0x62f9b833
15:45:39.0 (37201293)|VARIABLE_ASSIGNMENT|[EXTERNAL]|this|{"clsNm":"red","dateLabel":"37日前","msg":"0x6860d857","msgDetail":"0x52d7b423"}|0x62f9b833
15:45:39.0 (37250318)|VARIABLE_ASSIGNMENT|[279]|this.saMessage__c|"a0K6F00000gtrulUAA"|0x52d7b423
15:45:39.0 (37260098)|STATEMENT_EXECUTE|[280]
15:45:39.0 (37270430)|METHOD_ENTRY|[280]||System.UserInfo.getUserId()
15:45:39.0 (37297706)|METHOD_EXIT|[280]||System.UserInfo.getUserId()
15:45:39.0 (37313557)|HEAP_ALLOCATE|[280]|Bytes:4
15:45:39.0 (37342369)|VARIABLE_ASSIGNMENT|[EXTERNAL]|this|{"clsNm":"red","dateLabel":"37日前","msg":"0x6860d857","msgDetail":"0x52d7b423"}|0x62f9b833
15:45:39.0 (37388704)|VARIABLE_ASSIGNMENT|[280]|this.User__c|"0056F000006PtYlQAK"|0x52d7b423
15:45:39.0 (37403843)|CONSTRUCTOR_EXIT|[140]|01p6F00000AiTo4|<init>(saMessage__c,Boolean)|saTasksCtrl.clsMessage
15:45:39.0 (37423756)|HEAP_ALLOCATE|[EXTERNAL]|Bytes:4
15:45:39.0 (37440978)|HEAP_ALLOCATE|[139]|Bytes:5
15:45:39.0 (37454068)|VARIABLE_ASSIGNMENT|[139]|msg|null|
15:45:39.0 (37463271)|SYSTEM_MODE_EXIT|false
15:45:39.0 (48105817)|SYSTEM_MODE_ENTER|true
15:45:39.0 (48261543)|SYSTEM_MODE_ENTER|true
15:45:39.0 (48291833)|HEAP_ALLOCATE|[EXTERNAL]|Bytes:284
15:45:39.0 (48310501)|HEAP_ALLOCATE|[EXTERNAL]|Bytes:160
15:45:39.0 (48327469)|METHOD_ENTRY|[1]|01p6F0000084OtI|auMainTopCompCtrl.auMainTopCompCtrl()
15:45:39.0 (48332576)|STATEMENT_EXECUTE|[1]
15:45:39.0 (48337173)|STATEMENT_EXECUTE|[1]
15:45:39.0 (48338833)|STATEMENT_EXECUTE|[3]
15:45:39.0 (48344096)|HEAP_ALLOCATE|[3]|Bytes:4
15:45:39.0 (48359992)|VARIABLE_ASSIGNMENT|[3]|auMainTopCompCtrl.TYPE_SCREEN_SWITCH|0
15:45:39.0 (48366923)|STATEMENT_EXECUTE|[4]
15:45:39.0 (48369861)|HEAP_ALLOCATE|[4]|Bytes:4
15:45:39.0 (48378516)|VARIABLE_ASSIGNMENT|[4]|auMainTopCompCtrl.TYPE_SCREEN_STPD_EVENT|11
15:45:39.0 (48383359)|STATEMENT_EXECUTE|[5]
15:45:39.0 (48385504)|HEAP_ALLOCATE|[5]|Bytes:4
15:45:39.0 (48392125)|VARIABLE_ASSIGNMENT|[5]|auMainTopCompCtrl.TYPE_SCREEN_STPD_TIMELINE|12
15:45:39.0 (48395680)|STATEMENT_EXECUTE|[6]
15:45:39.0 (48398161)|HEAP_ALLOCATE|[6]|Bytes:4
15:45:39.0 (48404136)|VARIABLE_ASSIGNMENT|[6]|auMainTopCompCtrl.TYPE_SCREEN_STPD_SCREEN|13
15:45:39.0 (48408048)|STATEMENT_EXECUTE|[7]
15:45:39.0 (48410178)|HEAP_ALLOCATE|[7]|Bytes:4
15:45:39.0 (48417742)|VARIABLE_ASSIGNMENT|[7]|auMainTopCompCtrl.TYPE_SCREEN_CX_SCREEN|21
15:45:39.0 (48423754)|STATEMENT_EXECUTE|[8]
15:45:39.0 (48425923)|HEAP_ALLOCATE|[8]|Bytes:4
15:45:39.0 (48432049)|VARIABLE_ASSIGNMENT|[8]|auMainTopCompCtrl.TYPE_SCREEN_CX_TIMELINE|22
15:45:39.0 (48435732)|STATEMENT_EXECUTE|[9]
15:45:39.0 (48437838)|HEAP_ALLOCATE|[9]|Bytes:4
15:45:39.0 (48443357)|VARIABLE_ASSIGNMENT|[9]|auMainTopCompCtrl.TYPE_SCREEN_EVENT_SCHEDULE|31
15:45:39.0 (48447552)|STATEMENT_EXECUTE|[10]
15:45:39.0 (48449841)|HEAP_ALLOCATE|[10]|Bytes:4
15:45:39.0 (48455154)|VARIABLE_ASSIGNMENT|[10]|auMainTopCompCtrl.TYPE_SCREEN_EVENT_SCHEDULE_LIST|32
15:45:39.0 (48458797)|STATEMENT_EXECUTE|[11]
15:45:39.0 (48461135)|HEAP_ALLOCATE|[11]|Bytes:4
15:45:39.0 (48466489)|VARIABLE_ASSIGNMENT|[11]|auMainTopCompCtrl.TYPE_SCREEN_KNOWLEDGE_DASHBOARD|41
15:45:39.0 (48471850)|STATEMENT_EXECUTE|[12]
15:45:39.0 (48474922)|HEAP_ALLOCATE|[12]|Bytes:4
15:45:39.0 (48481931)|VARIABLE_ASSIGNMENT|[12]|auMainTopCompCtrl.TYPE_SCREEN_KNOWLEDGE_LIST|42
15:45:39.0 (48485412)|STATEMENT_EXECUTE|[13]
15:45:39.0 (48487378)|HEAP_ALLOCATE|[13]|Bytes:4
15:45:39.0 (48493430)|VARIABLE_ASSIGNMENT|[13]|auMainTopCompCtrl.TYPE_SCREEN_SA_MESSAGES|51
15:45:39.0 (48496877)|STATEMENT_EXECUTE|[14]
15:45:39.0 (48499161)|HEAP_ALLOCATE|[14]|Bytes:4
15:45:39.0 (48504939)|VARIABLE_ASSIGNMENT|[14]|auMainTopCompCtrl.TYPE_SCREEN_SA_REPORTS|52
15:45:39.0 (48509008)|STATEMENT_EXECUTE|[15]
15:45:39.0 (48511203)|HEAP_ALLOCATE|[15]|Bytes:4
15:45:39.0 (48516479)|VARIABLE_ASSIGNMENT|[15]|auMainTopCompCtrl.TYPE_SCREEN_SA_CHATTER|53
15:45:39.0 (48520194)|STATEMENT_EXECUTE|[16]
15:45:39.0 (48522884)|HEAP_ALLOCATE|[16]|Bytes:4
15:45:39.0 (48532192)|VARIABLE_ASSIGNMENT|[16]|auMainTopCompCtrl.TYPE_SCREEN_SA_DAILYREPORT|54
15:45:39.0 (48536043)|STATEMENT_EXECUTE|[17]
15:45:39.0 (48538223)|HEAP_ALLOCATE|[17]|Bytes:4
15:45:39.0 (48544124)|VARIABLE_ASSIGNMENT|[17]|auMainTopCompCtrl.TYPE_SCREEN_SA_ENQUETE|55
15:45:39.0 (48547943)|STATEMENT_EXECUTE|[18]
15:45:39.0 (48549994)|HEAP_ALLOCATE|[18]|Bytes:4
15:45:39.0 (48555439)|VARIABLE_ASSIGNMENT|[18]|auMainTopCompCtrl.TYPE_SCREEN_SA_DOCUMENTS|56
15:45:39.0 (48559074)|STATEMENT_EXECUTE|[19]
15:45:39.0 (48560899)|HEAP_ALLOCATE|[19]|Bytes:4
15:45:39.0 (48566346)|VARIABLE_ASSIGNMENT|[19]|auMainTopCompCtrl.TYPE_SCREEN_SA_RANKING|57
15:45:39.0 (48569548)|STATEMENT_EXECUTE|[20]
15:45:39.0 (48571766)|HEAP_ALLOCATE|[20]|Bytes:4
15:45:39.0 (48577763)|VARIABLE_ASSIGNMENT|[20]|auMainTopCompCtrl.TYPE_SCREEN_SA_LINKS|58
15:45:39.0 (48583564)|STATEMENT_EXECUTE|[21]
15:45:39.0 (48586367)|HEAP_ALLOCATE|[21]|Bytes:4
15:45:39.0 (48593165)|VARIABLE_ASSIGNMENT|[21]|auMainTopCompCtrl.TYPE_SCREEN_SA_USRSETTINGS|59
15:45:39.0 (48596903)|STATEMENT_EXECUTE|[22]
15:45:39.0 (48598816)|HEAP_ALLOCATE|[22]|Bytes:4
15:45:39.0 (48605191)|VARIABLE_ASSIGNMENT|[22]|auMainTopCompCtrl.TYPE_SCREEN_SA_DAILYREPORTLIST|60
15:45:39.0 (48609042)|STATEMENT_EXECUTE|[23]
15:45:39.0 (48610971)|HEAP_ALLOCATE|[23]|Bytes:4
15:45:39.0 (48616909)|VARIABLE_ASSIGNMENT|[23]|auMainTopCompCtrl.TYPE_SCREEN_SA_TODO|61
15:45:39.0 (48620667)|STATEMENT_EXECUTE|[24]
15:45:39.0 (48622723)|HEAP_ALLOCATE|[24]|Bytes:4
15:45:39.0 (48628107)|VARIABLE_ASSIGNMENT|[24]|auMainTopCompCtrl.TYPE_SCREEN_HONBU_DIRECT|71
15:45:39.0 (48631808)|STATEMENT_EXECUTE|[25]
15:45:39.0 (48634524)|HEAP_ALLOCATE|[25]|Bytes:4
15:45:39.0 (48642900)|VARIABLE_ASSIGNMENT|[25]|auMainTopCompCtrl.TYPE_SCREEN_ACCOUNT_LIST|81
15:45:39.0 (48646683)|STATEMENT_EXECUTE|[26]
15:45:39.0 (48648979)|HEAP_ALLOCATE|[26]|Bytes:4
15:45:39.0 (48654078)|VARIABLE_ASSIGNMENT|[26]|auMainTopCompCtrl.TYPE_SCREEN_ACTIVITY_LIST|82
15:45:39.0 (48657841)|STATEMENT_EXECUTE|[27]
15:45:39.0 (48659732)|HEAP_ALLOCATE|[27]|Bytes:4
15:45:39.0 (48665253)|VARIABLE_ASSIGNMENT|[27]|auMainTopCompCtrl.TYPE_SCREEN_FILE_LIST|83
15:45:39.0 (48672918)|METHOD_EXIT|[1]|auMainTopCompCtrl
15:45:39.0 (48678748)|HEAP_ALLOCATE|[EXTERNAL]|Bytes:44
15:45:39.0 (48685653)|VARIABLE_ASSIGNMENT|[EXTERNAL]|this.iCountComments|null|0x67179460
15:45:39.0 (48741580)|SYSTEM_MODE_ENTER|true
15:45:39.0 (48760363)|HEAP_ALLOCATE|[EXTERNAL]|Bytes:44
15:45:39.0 (48768558)|VARIABLE_ASSIGNMENT|[EXTERNAL]|this.iCountLikes|null|0x67179460
15:45:39.0 (48841362)|SYSTEM_MODE_ENTER|true
15:45:39.0 (48892331)|HEAP_ALLOCATE|[EXTERNAL]|Bytes:72
15:45:39.0 (48901200)|VARIABLE_SCOPE_BEGIN|[16]|this|saTasksCtrl|true|false
15:45:39.0 (48956018)|VARIABLE_ASSIGNMENT|[16]|this|{"currentMessage":"0x51177d81","currentMessageId":"","idMessage":"","isIPhone":false,"isTabMsgRead":false,"lsMsg":"0x402de672","messageError":"正しいデーターを入れてください。","messageQuestion":"","myUser":"0x59f20d38"}|0xb84a5f
15:45:39.0 (48974905)|SYSTEM_MODE_ENTER|false
15:45:39.0 (48983752)|HEAP_ALLOCATE|[16]|Bytes:5
15:45:39.0 (48988625)|STATEMENT_EXECUTE|[16]
15:45:39.0 (48990194)|STATEMENT_EXECUTE|[16]
15:45:39.0 (48996876)|SYSTEM_MODE_EXIT|false
15:45:39.0 (49059741)|SYSTEM_MODE_ENTER|true
15:45:39.0 (49077029)|HEAP_ALLOCATE|[EXTERNAL]|Bytes:8
15:45:39.0 (49081770)|HEAP_ALLOCATE|[EXTERNAL]|Bytes:44
15:45:39.0 (49092701)|VARIABLE_ASSIGNMENT|[EXTERNAL]|this.iTypeOfScreen|61|0x67179460
15:45:39.0 (49220922)|SYSTEM_MODE_ENTER|true
15:45:39.0 (49278480)|HEAP_ALLOCATE|[EXTERNAL]|Bytes:44
15:45:39.0 (49286186)|VARIABLE_SCOPE_BEGIN|[88]|this|auMainTopCompCtrl|true|false
15:45:39.0 (49329241)|VARIABLE_ASSIGNMENT|[88]|this|{"currentUser":"0x7644b5e5","isSAUser":false,"iTypeOfScreen":61,"urlReportsSFA":"https://au-portal.li (77 more) ..."}|0x67179460
15:45:39.0 (49340854)|STATEMENT_EXECUTE|[88]
15:45:39.0 (49342894)|STATEMENT_EXECUTE|[89]
15:45:39.0 (49393034)|VARIABLE_ASSIGNMENT|[EXTERNAL]|this|{"currentUser":"0x7644b5e5","isSAUser":false,"iTypeOfScreen":61,"urlReportsSFA":"https://au-portal.li (77 more) ..."}|0x67179460
15:45:39.0 (49444243)|VARIABLE_ASSIGNMENT|[EXTERNAL]|this|{"currentUser":"0x7644b5e5","isSAUser":false,"iTypeOfScreen":61,"urlReportsSFA":"https://au-portal.li (77 more) ..."}|0x67179460
15:45:39.0 (49485577)|VARIABLE_ASSIGNMENT|[EXTERNAL]|this|{"currentUser":"0x7644b5e5","isSAUser":false,"iTypeOfScreen":61,"urlReportsSFA":"https://au-portal.li (77 more) ..."}|0x67179460
15:45:39.0 (49522682)|VARIABLE_ASSIGNMENT|[EXTERNAL]|this|{"currentUser":"0x7644b5e5","isSAUser":false,"iTypeOfScreen":61,"urlReportsSFA":"https://au-portal.li (77 more) ..."}|0x67179460
15:45:39.0 (49562026)|VARIABLE_ASSIGNMENT|[EXTERNAL]|this|{"currentUser":"0x7644b5e5","isSAUser":false,"iTypeOfScreen":61,"urlReportsSFA":"https://au-portal.li (77 more) ..."}|0x67179460
15:45:39.0 (49607277)|VARIABLE_ASSIGNMENT|[EXTERNAL]|this|{"currentUser":"0x7644b5e5","isSAUser":false,"iTypeOfScreen":61,"urlReportsSFA":"https://au-portal.li (77 more) ..."}|0x67179460
15:45:39.0 (49646007)|VARIABLE_ASSIGNMENT|[EXTERNAL]|this|{"currentUser":"0x7644b5e5","isSAUser":false,"iTypeOfScreen":61,"urlReportsSFA":"https://au-portal.li (77 more) ..."}|0x67179460
15:45:39.0 (49685280)|VARIABLE_ASSIGNMENT|[EXTERNAL]|this|{"currentUser":"0x7644b5e5","isSAUser":false,"iTypeOfScreen":61,"urlReportsSFA":"https://au-portal.li (77 more) ..."}|0x67179460
15:45:39.0 (49724394)|VARIABLE_ASSIGNMENT|[EXTERNAL]|this|{"currentUser":"0x7644b5e5","isSAUser":false,"iTypeOfScreen":61,"urlReportsSFA":"https://au-portal.li (77 more) ..."}|0x67179460
15:45:39.0 (49761907)|VARIABLE_ASSIGNMENT|[EXTERNAL]|this|{"currentUser":"0x7644b5e5","isSAUser":false,"iTypeOfScreen":61,"urlReportsSFA":"https://au-portal.li (77 more) ..."}|0x67179460
15:45:39.0 (49777117)|HEAP_ALLOCATE|[89]|Bytes:5
15:45:39.0 (49852064)|SYSTEM_MODE_ENTER|true
15:45:39.0 (49891133)|HEAP_ALLOCATE|[EXTERNAL]|Bytes:44
15:45:39.0 (49898328)|VARIABLE_SCOPE_BEGIN|[106]|this|auMainTopCompCtrl|true|false
15:45:39.0 (49932277)|VARIABLE_ASSIGNMENT|[106]|this|{"currentUser":"0x7644b5e5","isSAUser":false,"iTypeOfScreen":61,"urlReportsSFA":"https://au-portal.li (77 more) ..."}|0x67179460
15:45:39.0 (49943659)|STATEMENT_EXECUTE|[106]
15:45:39.0 (49945720)|STATEMENT_EXECUTE|[107]
15:45:39.0 (49978571)|VARIABLE_ASSIGNMENT|[EXTERNAL]|this|{"currentUser":"0x7644b5e5","isSAUser":false,"iTypeOfScreen":61,"urlReportsSFA":"https://au-portal.li (77 more) ..."}|0x67179460
15:45:39.0 (49996286)|HEAP_ALLOCATE|[107]|Bytes:5
15:45:39.0 (50067779)|SYSTEM_MODE_ENTER|true
15:45:39.0 (50120813)|HEAP_ALLOCATE|[EXTERNAL]|Bytes:44
15:45:39.0 (50128312)|VARIABLE_SCOPE_BEGIN|[110]|this|auMainTopCompCtrl|true|false
15:45:39.0 (50161383)|VARIABLE_ASSIGNMENT|[110]|this|{"currentUser":"0x7644b5e5","isSAUser":false,"iTypeOfScreen":61,"urlReportsSFA":"https://au-portal.li (77 more) ..."}|0x67179460
15:45:39.0 (50171386)|STATEMENT_EXECUTE|[110]
15:45:39.0 (50173256)|STATEMENT_EXECUTE|[111]
15:45:39.0 (50206112)|VARIABLE_ASSIGNMENT|[EXTERNAL]|this|{"currentUser":"0x7644b5e5","isSAUser":false,"iTypeOfScreen":61,"urlReportsSFA":"https://au-portal.li (77 more) ..."}|0x67179460
15:45:39.0 (50224502)|HEAP_ALLOCATE|[111]|Bytes:5
15:45:39.0 (50301554)|SYSTEM_MODE_ENTER|true
15:45:39.0 (50335606)|HEAP_ALLOCATE|[EXTERNAL]|Bytes:44
15:45:39.0 (50342093)|VARIABLE_SCOPE_BEGIN|[114]|this|auMainTopCompCtrl|true|false
15:45:39.0 (50372007)|VARIABLE_ASSIGNMENT|[114]|this|{"currentUser":"0x7644b5e5","isSAUser":false,"iTypeOfScreen":61,"urlReportsSFA":"https://au-portal.li (77 more) ..."}|0x67179460
15:45:39.0 (50382742)|STATEMENT_EXECUTE|[114]
15:45:39.0 (50385162)|STATEMENT_EXECUTE|[115]
15:45:39.0 (50417389)|VARIABLE_ASSIGNMENT|[EXTERNAL]|this|{"currentUser":"0x7644b5e5","isSAUser":false,"iTypeOfScreen":61,"urlReportsSFA":"https://au-portal.li (77 more) ..."}|0x67179460
15:45:39.0 (50431950)|HEAP_ALLOCATE|[115]|Bytes:5
15:45:39.0 (50513682)|SYSTEM_MODE_ENTER|true
15:45:39.0 (54200196)|SYSTEM_MODE_ENTER|true
15:45:39.0 (54246078)|HEAP_ALLOCATE|[EXTERNAL]|Bytes:72
15:45:39.0 (54302312)|VARIABLE_ASSIGNMENT|[EXTERNAL]|this|{"currentMessage":"0x51177d81","currentMessageId":"","idMessage":"","isIPhone":false,"isTabMsgRead":false,"lsMsg":"0x402de672","messageError":"正しいデーターを入れてください。","messageQuestion":"","myUser":"0x59f20d38"}|0xb84a5f
15:45:39.0 (54318849)|SYSTEM_MODE_ENTER|false
15:45:39.0 (54328105)|HEAP_ALLOCATE|[181]|Bytes:5
15:45:39.0 (54334022)|STATEMENT_EXECUTE|[180]
15:45:39.0 (54335963)|STATEMENT_EXECUTE|[181]
15:45:39.0 (54351401)|METHOD_ENTRY|[181]||System.UserInfo.getTimeZone()
15:45:39.0 (54588344)|METHOD_EXIT|[181]||System.UserInfo.getTimeZone()
15:45:39.0 (54596124)|VARIABLE_SCOPE_BEGIN|[181]|tz|System.TimeZone|true|false
15:45:39.0 (54624448)|VARIABLE_ASSIGNMENT|[181]|tz|{"delegate":"0x71602e52"}|0x75a8edb4
15:45:39.0 (54631104)|STATEMENT_EXECUTE|[183]
15:45:39.0 (54674408)|HEAP_ALLOCATE|[183]|Bytes:56
15:45:39.0 (54695152)|METHOD_ENTRY|[183]||System.TimeZone.getOffset(Datetime)
15:45:39.0 (54723870)|METHOD_EXIT|[183]||System.TimeZone.getOffset(Datetime)
15:45:39.0 (54749862)|HEAP_ALLOCATE|[183]|Bytes:28
15:45:39.0 (54758156)|HEAP_ALLOCATE|[183]|Bytes:28
15:45:39.0 (54763810)|HEAP_ALLOCATE|[183]|Bytes:4
15:45:39.0 (54774948)|HEAP_ALLOCATE|[183]|Bytes:28
15:45:39.0 (54811434)|HEAP_ALLOCATE|[183]|Bytes:28
15:45:39.0 (54878300)|HEAP_ALLOCATE|[183]|Bytes:28
15:45:39.0 (54885386)|HEAP_ALLOCATE|[183]|Bytes:28
15:45:39.0 (54901596)|HEAP_ALLOCATE|[183]|Bytes:12
15:45:39.0 (54908451)|SYSTEM_MODE_EXIT|false
15:45:39.0 (56384779)|VF_SERIALIZE_VIEWSTATE_BEGIN|0666F000005wW3R
15:45:39.0 (59909832)|VF_SERIALIZE_VIEWSTATE_END
15:45:39.65 (65336558)|CUMULATIVE_LIMIT_USAGE
15:45:39.65 (65336558)|LIMIT_USAGE_FOR_NS|(default)|
  Number of SOQL queries: 1 out of 100
  Number of query rows: 1 out of 50000
  Number of SOSL queries: 0 out of 20
  Number of DML statements: 0 out of 150
  Number of DML rows: 0 out of 10000
  Maximum CPU time: 0 out of 10000
  Maximum heap size: 0 out of 6000000
  Number of callouts: 0 out of 100
  Number of Email Invocations: 0 out of 10
  Number of future calls: 0 out of 50
  Number of queueable jobs added to the queue: 0 out of 50
  Number of Mobile Apex push calls: 0 out of 10

15:45:39.65 (65336558)|CUMULATIVE_LIMIT_USAGE_END

15:45:39.0 (65371617)|CODE_UNIT_FINISHED|VF: /apex/saTasks
15:45:39.0 (66254774)|EXECUTION_FINISHED
