42.0 APEX_CODE,FINEST;APEX_PROFILING,INFO;CALLOUT,INFO;DB,INFO;SYSTEM,DEBUG;VALIDATION,INFO;VISUALFORCE,INFO;WAVE,INFO;WORKFLOW,INFO
11:43:10.0 (60829)|USER_INFO|[EXTERNAL]|0056F000006PtYl|gwadmin@gw.jp.kddi|日本標準時|GMT+09:00
11:43:10.0 (111683)|EXECUTION_STARTED
11:43:10.0 (116238)|CODE_UNIT_STARTED|[EXTERNAL]|VisualForce View State
11:43:10.0 (183317569)|HEAP_ALLOCATE|[72]|Bytes:3
11:43:10.0 (183374017)|HEAP_ALLOCATE|[77]|Bytes:152
11:43:10.0 (183387429)|HEAP_ALLOCATE|[342]|Bytes:408
11:43:10.0 (183399907)|HEAP_ALLOCATE|[355]|Bytes:408
11:43:10.0 (183412111)|HEAP_ALLOCATE|[467]|Bytes:48
11:43:10.0 (183436195)|HEAP_ALLOCATE|[139]|Bytes:6
11:43:10.0 (183458617)|HEAP_ALLOCATE|[50]|Bytes:5
11:43:10.0 (183476135)|HEAP_ALLOCATE|[56]|Bytes:5
11:43:10.0 (183484308)|HEAP_ALLOCATE|[64]|Bytes:7
11:43:10.0 (185121647)|CODE_UNIT_FINISHED|VisualForce View State
11:43:10.0 (186592986)|EXECUTION_FINISHED
11:43:10.187 (187779495)|USER_INFO|[EXTERNAL]|0056F000006PtYl|gwadmin@gw.jp.kddi|日本標準時|GMT+09:00
11:43:10.187 (187832574)|SYSTEM_MODE_ENTER|true
11:43:10.187 (188032879)|HEAP_ALLOCATE|[EXTERNAL]|Bytes:38
11:43:10.187 (188083567)|HEAP_ALLOCATE|[EXTERNAL]|Bytes:7
11:43:10.187 (188109317)|SYSTEM_METHOD_ENTRY|[1]|PageMessagesComponentController.PageMessagesComponentController()
11:43:10.187 (188116396)|STATEMENT_EXECUTE|[1]
11:43:10.192 (192351588)|CUMULATIVE_LIMIT_USAGE
11:43:10.192 (192351588)|LIMIT_USAGE_FOR_NS|(default)|
  Number of SOQL queries: 0 out of 100
  Number of query rows: 0 out of 50000
  Number of SOSL queries: 0 out of 20
  Number of DML statements: 0 out of 150
  Number of DML rows: 0 out of 10000
  Maximum CPU time: 0 out of 10000
  Maximum heap size: 0 out of 6000000
  Number of callouts: 0 out of 100
  Number of Email Invocations: 0 out of 10
  Number of future calls: 0 out of 50
  Number of queueable jobs added to the queue: 0 out of 50
  Number of Mobile Apex push calls: 0 out of 10

11:43:10.192 (192351588)|CUMULATIVE_LIMIT_USAGE_END

