41.0 APEX_CODE,FINEST;APEX_PROFILING,INFO;CALLOUT,INFO;DB,INFO;SYSTEM,DEBUG;VALIDATION,INFO;VISUALFORCE,INFO;WAVE,INFO;WORKFLOW,INFO
16:21:33.0 (177510)|USER_INFO|[EXTERNAL]|0056F000006PtYl|gwadmin@gw.jp.kddi|日本標準時|GMT+09:00
16:21:33.0 (212389)|EXECUTION_STARTED
16:21:33.0 (217497)|CODE_UNIT_STARTED|[EXTERNAL]|0666F000006A0wl|VF: /apex/auPortal
16:21:33.0 (3833599)|SYSTEM_MODE_ENTER|true
16:21:33.0 (4233683)|HEAP_ALLOCATE|[72]|Bytes:3
16:21:33.0 (4298669)|HEAP_ALLOCATE|[77]|Bytes:152
16:21:33.0 (4314186)|HEAP_ALLOCATE|[342]|Bytes:408
16:21:33.0 (4327759)|HEAP_ALLOCATE|[355]|Bytes:408
16:21:33.0 (4338166)|HEAP_ALLOCATE|[467]|Bytes:48
16:21:33.0 (4365346)|HEAP_ALLOCATE|[139]|Bytes:6
16:21:33.0 (4380560)|HEAP_ALLOCATE|[EXTERNAL]|Bytes:3
16:21:33.0 (4424344)|METHOD_ENTRY|[1]|01p6F000006ymEN|auPortalCtrl.auPortalCtrl()
16:21:33.0 (4431513)|STATEMENT_EXECUTE|[1]
16:21:33.0 (4436975)|STATEMENT_EXECUTE|[1]
16:21:33.0 (4467256)|HEAP_ALLOCATE|[50]|Bytes:5
16:21:33.0 (4490119)|HEAP_ALLOCATE|[56]|Bytes:5
16:21:33.0 (4497269)|HEAP_ALLOCATE|[64]|Bytes:7
16:21:33.0 (4516859)|SYSTEM_MODE_ENTER|false
16:21:33.0 (4530794)|HEAP_ALLOCATE|[EXTERNAL]|Bytes:5
16:21:33.0 (4538046)|SYSTEM_MODE_EXIT|false
16:21:33.0 (4557319)|METHOD_EXIT|[1]|auPortalCtrl
16:21:33.0 (4570518)|HEAP_ALLOCATE|[EXTERNAL]|Bytes:4
16:21:33.0 (4578980)|VARIABLE_SCOPE_BEGIN|[3]|this|auPortalCtrl|true|false
16:21:33.0 (4633286)|VARIABLE_ASSIGNMENT|[3]|this|{}|0x2bb89c74
16:21:33.0 (4648765)|SYSTEM_MODE_ENTER|false
16:21:33.0 (4655258)|HEAP_ALLOCATE|[EXTERNAL]|Bytes:5
16:21:33.0 (4659812)|STATEMENT_EXECUTE|[1]
16:21:33.0 (4664131)|HEAP_ALLOCATE|[EXTERNAL]|Bytes:5
16:21:33.0 (4672208)|HEAP_ALLOCATE|[EXTERNAL]|Bytes:6
16:21:33.0 (4700906)|STATEMENT_EXECUTE|[3]
16:21:33.0 (4704339)|SYSTEM_MODE_EXIT|false
16:21:33.0 (4822570)|HEAP_ALLOCATE|[EXTERNAL]|Bytes:4
16:21:33.0 (4831148)|VARIABLE_SCOPE_BEGIN|[7]|this|auPortalCtrl|true|false
16:21:33.0 (4845514)|VARIABLE_ASSIGNMENT|[7]|this|{}|0x2bb89c74
16:21:33.0 (4860378)|SYSTEM_MODE_ENTER|false
16:21:33.0 (4866079)|HEAP_ALLOCATE|[9]|Bytes:5
16:21:33.0 (4870209)|STATEMENT_EXECUTE|[7]
16:21:33.0 (4871757)|STATEMENT_EXECUTE|[9]
16:21:33.0 (6149937)|HEAP_ALLOCATE|[9]|Bytes:128
16:21:33.0 (6221580)|HEAP_ALLOCATE|[9]|Bytes:5
16:21:33.0 (6243023)|HEAP_ALLOCATE|[9]|Bytes:32
16:21:33.0 (6276150)|SYSTEM_MODE_EXIT|false
16:21:33.8 (8080783)|CUMULATIVE_LIMIT_USAGE
16:21:33.8 (8080783)|LIMIT_USAGE_FOR_NS|(default)|
  Number of SOQL queries: 0 out of 100
  Number of query rows: 0 out of 50000
  Number of SOSL queries: 0 out of 20
  Number of DML statements: 0 out of 150
  Number of DML rows: 0 out of 10000
  Maximum CPU time: 0 out of 10000
  Maximum heap size: 0 out of 6000000
  Number of callouts: 0 out of 100
  Number of Email Invocations: 0 out of 10
  Number of future calls: 0 out of 50
  Number of queueable jobs added to the queue: 0 out of 50
  Number of Mobile Apex push calls: 0 out of 10

16:21:33.8 (8080783)|CUMULATIVE_LIMIT_USAGE_END

16:21:33.0 (8115417)|CODE_UNIT_FINISHED|VF: /apex/auPortal
16:21:33.0 (9067928)|EXECUTION_FINISHED
