42.0 APEX_CODE,FINEST;APEX_PROFILING,INFO;CALLOUT,INFO;DB,INFO;NBA,INFO;SYSTEM,DEBUG;VALIDATION,INFO;VISUALFORCE,INFO;WAVE,INFO;WORKFLOW,INFO
15:47:06.0 (115875)|USER_INFO|[EXTERNAL]|0056F000006PtYl|gwadmin@gw.jp.kddi|日本標準時|GMT+09:00
15:47:06.0 (155279)|EXECUTION_STARTED
15:47:06.0 (160470)|CODE_UNIT_STARTED|[EXTERNAL]|0666F000005wW3R|VF: /apex/saTasks
15:47:06.0 (675923)|VF_DESERIALIZE_VIEWSTATE_BEGIN|0666F000005wW3R
15:47:06.0 (6963692)|HEAP_ALLOCATE|[72]|Bytes:3
15:47:06.0 (7008607)|HEAP_ALLOCATE|[77]|Bytes:152
15:47:06.0 (7025970)|HEAP_ALLOCATE|[342]|Bytes:408
15:47:06.0 (7038375)|HEAP_ALLOCATE|[355]|Bytes:408
15:47:06.0 (7048866)|HEAP_ALLOCATE|[467]|Bytes:48
15:47:06.0 (7072857)|HEAP_ALLOCATE|[139]|Bytes:6
15:47:06.0 (8695563)|HEAP_ALLOCATE|[50]|Bytes:5
15:47:06.0 (8733565)|HEAP_ALLOCATE|[56]|Bytes:5
15:47:06.0 (8744287)|HEAP_ALLOCATE|[64]|Bytes:7
15:47:06.0 (10593865)|VARIABLE_SCOPE_BEGIN|[25]|auMainTopCompCtrl.TYPE_SCREEN_ACCOUNT_LIST|Integer|false|true
15:47:06.0 (10611368)|VARIABLE_SCOPE_BEGIN|[26]|auMainTopCompCtrl.TYPE_SCREEN_ACTIVITY_LIST|Integer|false|true
15:47:06.0 (10619784)|VARIABLE_SCOPE_BEGIN|[7]|auMainTopCompCtrl.TYPE_SCREEN_CX_SCREEN|Integer|false|true
15:47:06.0 (10628121)|VARIABLE_SCOPE_BEGIN|[8]|auMainTopCompCtrl.TYPE_SCREEN_CX_TIMELINE|Integer|false|true
15:47:06.0 (10636861)|VARIABLE_SCOPE_BEGIN|[9]|auMainTopCompCtrl.TYPE_SCREEN_EVENT_SCHEDULE|Integer|false|true
15:47:06.0 (10645083)|VARIABLE_SCOPE_BEGIN|[10]|auMainTopCompCtrl.TYPE_SCREEN_EVENT_SCHEDULE_LIST|Integer|false|true
15:47:06.0 (10651663)|VARIABLE_SCOPE_BEGIN|[27]|auMainTopCompCtrl.TYPE_SCREEN_FILE_LIST|Integer|false|true
15:47:06.0 (10658594)|VARIABLE_SCOPE_BEGIN|[24]|auMainTopCompCtrl.TYPE_SCREEN_HONBU_DIRECT|Integer|false|true
15:47:06.0 (10665345)|VARIABLE_SCOPE_BEGIN|[11]|auMainTopCompCtrl.TYPE_SCREEN_KNOWLEDGE_DASHBOARD|Integer|false|true
15:47:06.0 (10672176)|VARIABLE_SCOPE_BEGIN|[12]|auMainTopCompCtrl.TYPE_SCREEN_KNOWLEDGE_LIST|Integer|false|true
15:47:06.0 (10679085)|VARIABLE_SCOPE_BEGIN|[15]|auMainTopCompCtrl.TYPE_SCREEN_SA_CHATTER|Integer|false|true
15:47:06.0 (10685625)|VARIABLE_SCOPE_BEGIN|[16]|auMainTopCompCtrl.TYPE_SCREEN_SA_DAILYREPORT|Integer|false|true
15:47:06.0 (10692151)|VARIABLE_SCOPE_BEGIN|[22]|auMainTopCompCtrl.TYPE_SCREEN_SA_DAILYREPORTLIST|Integer|false|true
15:47:06.0 (10698557)|VARIABLE_SCOPE_BEGIN|[18]|auMainTopCompCtrl.TYPE_SCREEN_SA_DOCUMENTS|Integer|false|true
15:47:06.0 (10705517)|VARIABLE_SCOPE_BEGIN|[17]|auMainTopCompCtrl.TYPE_SCREEN_SA_ENQUETE|Integer|false|true
15:47:06.0 (10712396)|VARIABLE_SCOPE_BEGIN|[20]|auMainTopCompCtrl.TYPE_SCREEN_SA_LINKS|Integer|false|true
15:47:06.0 (10719811)|VARIABLE_SCOPE_BEGIN|[13]|auMainTopCompCtrl.TYPE_SCREEN_SA_MESSAGES|Integer|false|true
15:47:06.0 (10727003)|VARIABLE_SCOPE_BEGIN|[19]|auMainTopCompCtrl.TYPE_SCREEN_SA_RANKING|Integer|false|true
15:47:06.0 (10733507)|VARIABLE_SCOPE_BEGIN|[14]|auMainTopCompCtrl.TYPE_SCREEN_SA_REPORTS|Integer|false|true
15:47:06.0 (10740277)|VARIABLE_SCOPE_BEGIN|[23]|auMainTopCompCtrl.TYPE_SCREEN_SA_TODO|Integer|false|true
15:47:06.0 (10747508)|VARIABLE_SCOPE_BEGIN|[21]|auMainTopCompCtrl.TYPE_SCREEN_SA_USRSETTINGS|Integer|false|true
15:47:06.0 (10754318)|VARIABLE_SCOPE_BEGIN|[4]|auMainTopCompCtrl.TYPE_SCREEN_STPD_EVENT|Integer|false|true
15:47:06.0 (10761181)|VARIABLE_SCOPE_BEGIN|[6]|auMainTopCompCtrl.TYPE_SCREEN_STPD_SCREEN|Integer|false|true
15:47:06.0 (10768413)|VARIABLE_SCOPE_BEGIN|[5]|auMainTopCompCtrl.TYPE_SCREEN_STPD_TIMELINE|Integer|false|true
15:47:06.0 (10776330)|VARIABLE_SCOPE_BEGIN|[3]|auMainTopCompCtrl.TYPE_SCREEN_SWITCH|Integer|false|true
15:47:06.0 (12151027)|VF_DESERIALIZE_VIEWSTATE_END
15:47:06.0 (14580670)|SYSTEM_MODE_ENTER|true
15:47:06.0 (14610910)|HEAP_ALLOCATE|[EXTERNAL]|Bytes:10
15:47:06.0 (14629514)|HEAP_ALLOCATE|[EXTERNAL]|Bytes:464
15:47:06.0 (14635168)|HEAP_ALLOCATE|[EXTERNAL]|Bytes:78
15:47:06.0 (14649120)|METHOD_ENTRY|[1]|01p6F00000AiTo4|saTasksCtrl.saTasksCtrl()
15:47:06.0 (14657853)|STATEMENT_EXECUTE|[1]
15:47:06.0 (14662686)|STATEMENT_EXECUTE|[1]
15:47:06.0 (14669475)|SYSTEM_MODE_ENTER|false
15:47:06.0 (14678724)|HEAP_ALLOCATE|[EXTERNAL]|Bytes:5
15:47:06.0 (14685163)|STATEMENT_EXECUTE|[188]
15:47:06.0 (14689564)|SYSTEM_MODE_EXIT|false
15:47:06.0 (14697343)|METHOD_EXIT|[1]|saTasksCtrl
15:47:06.0 (14762596)|SYSTEM_MODE_ENTER|true
15:47:06.0 (14819289)|SYSTEM_MODE_ENTER|true
15:47:06.0 (14838087)|HEAP_ALLOCATE|[EXTERNAL]|Bytes:18
15:47:06.0 (14853520)|HEAP_ALLOCATE|[EXTERNAL]|Bytes:72
15:47:06.0 (14880979)|VARIABLE_ASSIGNMENT|[EXTERNAL]|this.idMessage|"a0K6F00000gtrulUAA"|0x3aa18876
15:47:06.0 (14911144)|SYSTEM_MODE_ENTER|true
15:47:06.0 (14926213)|HEAP_ALLOCATE|[EXTERNAL]|Bytes:72
15:47:06.0 (14935133)|VARIABLE_ASSIGNMENT|[EXTERNAL]|this.currentMessageId|""|0x3aa18876
15:47:06.0 (15348153)|HEAP_ALLOCATE|[EXTERNAL]|Bytes:72
15:47:06.0 (15360576)|VARIABLE_SCOPE_BEGIN|[98]|this|saTasksCtrl|true|false
15:47:06.0 (15456887)|VARIABLE_ASSIGNMENT|[98]|this|{"currentMessage":"0xde0d2ba","currentMessageId":"","idMessage":"a0K6F00000gtrulUAA","isIPhone":false,"isTabMsgRead":false,"lsMsg":"0x3b341948","messageError":"正しいデーターを入れてください。","messageQuestion":"","myUser":"0x515ede13"}|0x3aa18876
15:47:06.0 (15476127)|SYSTEM_MODE_ENTER|false
15:47:06.0 (15483647)|HEAP_ALLOCATE|[100]|Bytes:5
15:47:06.0 (15489641)|STATEMENT_EXECUTE|[98]
15:47:06.0 (15491604)|STATEMENT_EXECUTE|[100]
15:47:06.0 (15568930)|VARIABLE_ASSIGNMENT|[EXTERNAL]|this|{"currentMessage":"0xde0d2ba","currentMessageId":"","idMessage":"a0K6F00000gtrulUAA","isIPhone":false,"isTabMsgRead":false,"lsMsg":"0x3b341948","messageError":"正しいデーターを入れてください。","messageQuestion":"","myUser":"0x515ede13"}|0x3aa18876
15:47:06.0 (15588926)|VARIABLE_ASSIGNMENT|[EXTERNAL]|value|true
15:47:06.0 (15597818)|HEAP_ALLOCATE|[34]|Bytes:5
15:47:06.0 (15606541)|VARIABLE_ASSIGNMENT|[34]|this.isTabMsgRead|true|0x3aa18876
15:47:06.0 (15619566)|STATEMENT_EXECUTE|[102]
15:47:06.0 (15623171)|HEAP_ALLOCATE|[102]|Bytes:292
15:47:06.0 (15643298)|HEAP_ALLOCATE|[102]|Bytes:4
15:47:06.0 (15658093)|HEAP_ALLOCATE|[102]|Bytes:7
15:47:06.0 (15811237)|VARIABLE_SCOPE_BEGIN|[7]|saConstantCmn.PUSH_NOTIFICATION_STATUS_NONE|String|false|true
15:47:06.0 (15822840)|VARIABLE_SCOPE_BEGIN|[9]|saConstantCmn.PUSH_NOTIFICATION_STATUS_RESENDING|String|false|true
15:47:06.0 (15834536)|VARIABLE_SCOPE_BEGIN|[8]|saConstantCmn.PUSH_NOTIFICATION_STATUS_SENDING|String|false|true
15:47:06.0 (15843432)|VARIABLE_SCOPE_BEGIN|[10]|saConstantCmn.PUSH_NOTIFICATION_STATUS_SENT|String|false|true
15:47:06.0 (15852026)|VARIABLE_SCOPE_BEGIN|[24]|saConstantCmn.SA_INQUIRY_TYPE_AU_HEARING|String|false|true
15:47:06.0 (15860458)|VARIABLE_SCOPE_BEGIN|[22]|saConstantCmn.SA_INQUIRY_TYPE_DAILYREPORT|String|false|true
15:47:06.0 (15868382)|VARIABLE_SCOPE_BEGIN|[23]|saConstantCmn.SA_INQUIRY_TYPE_HEARING|String|false|true
15:47:06.0 (15876684)|VARIABLE_SCOPE_BEGIN|[15]|saConstantCmn.SA_MESSAGEDETAIL_TYPE_DONE|String|false|true
15:47:06.0 (15883224)|VARIABLE_SCOPE_BEGIN|[14]|saConstantCmn.SA_MESSAGEDETAIL_TYPE_READ|String|false|true
15:47:06.0 (15889778)|VARIABLE_SCOPE_BEGIN|[13]|saConstantCmn.SA_MESSAGEDETAIL_TYPE_SHARED|String|false|true
15:47:06.0 (15896337)|VARIABLE_SCOPE_BEGIN|[18]|saConstantCmn.SA_MESSAGE_TYPE_MESSAGE|String|false|true
15:47:06.0 (15902546)|VARIABLE_SCOPE_BEGIN|[19]|saConstantCmn.SA_MESSAGE_TYPE_TASK|String|false|true
15:47:06.0 (15909143)|VARIABLE_SCOPE_BEGIN|[41]|saConstantCmn.SA_REPORT_DETAIL_TYPE_LIKE|String|false|true
15:47:06.0 (15915998)|VARIABLE_SCOPE_BEGIN|[42]|saConstantCmn.SA_REPORT_DETAIL_TYPE_VERY_LIKE|String|false|true
15:47:06.0 (15924518)|VARIABLE_SCOPE_BEGIN|[34]|saConstantCmn.SA_REPORT_REPLY_STATUS_REPLYSAVED|String|false|true
15:47:06.0 (15931766)|VARIABLE_SCOPE_BEGIN|[35]|saConstantCmn.SA_REPORT_REPLY_STATUS_REPLYSENT|String|false|true
15:47:06.0 (15938582)|VARIABLE_SCOPE_BEGIN|[33]|saConstantCmn.SA_REPORT_REPLY_STATUS_WAITINGREPLY|String|false|true
15:47:06.0 (15946764)|VARIABLE_SCOPE_BEGIN|[39]|saConstantCmn.SA_REPORT_SOURCE_NEW|String|false|true
15:47:06.0 (15958612)|VARIABLE_SCOPE_BEGIN|[38]|saConstantCmn.SA_REPORT_SOURCE_WEEKLY|String|false|true
15:47:06.0 (15968241)|VARIABLE_SCOPE_BEGIN|[27]|saConstantCmn.SA_REPORT_STATE_DRAFT|String|false|true
15:47:06.0 (15976663)|VARIABLE_SCOPE_BEGIN|[30]|saConstantCmn.SA_REPORT_STATE_PUBLISHED|String|false|true
15:47:06.0 (15986199)|VARIABLE_SCOPE_BEGIN|[29]|saConstantCmn.SA_REPORT_STATE_REJECTED|String|false|true
15:47:06.0 (15993713)|VARIABLE_SCOPE_BEGIN|[28]|saConstantCmn.SA_REPORT_STATE_WAITING_APPROVAL|String|false|true
15:47:06.0 (16002342)|VARIABLE_SCOPE_BEGIN|[45]|saConstantCmn.SOURCE|String|false|true
15:47:06.0 (16014686)|VARIABLE_SCOPE_BEGIN|[46]|saConstantCmn.SOURCE_PREVIEW|String|false|true
15:47:06.0 (16030094)|HEAP_ALLOCATE|[106]|Bytes:4
15:47:06.0 (16044316)|VARIABLE_ASSIGNMENT|[106]|saConstantCmn.PUSH_NOTIFICATION_STATUS_NONE|"NONE"
15:47:06.0 (16049512)|HEAP_ALLOCATE|[106]|Bytes:9
15:47:06.0 (16056278)|VARIABLE_ASSIGNMENT|[106]|saConstantCmn.PUSH_NOTIFICATION_STATUS_RESENDING|"RESENDING"
15:47:06.0 (16060820)|HEAP_ALLOCATE|[106]|Bytes:7
15:47:06.0 (16067096)|VARIABLE_ASSIGNMENT|[106]|saConstantCmn.PUSH_NOTIFICATION_STATUS_SENDING|"SENDING"
15:47:06.0 (16071539)|HEAP_ALLOCATE|[106]|Bytes:4
15:47:06.0 (16077292)|VARIABLE_ASSIGNMENT|[106]|saConstantCmn.PUSH_NOTIFICATION_STATUS_SENT|"SENT"
15:47:06.0 (16081611)|HEAP_ALLOCATE|[106]|Bytes:10
15:47:06.0 (16090855)|VARIABLE_ASSIGNMENT|[106]|saConstantCmn.SA_INQUIRY_TYPE_AU_HEARING|"AU_HEARING"
15:47:06.0 (16095448)|HEAP_ALLOCATE|[106]|Bytes:12
15:47:06.0 (16101603)|VARIABLE_ASSIGNMENT|[106]|saConstantCmn.SA_INQUIRY_TYPE_DAILYREPORT|"DAILY_REPORT"
15:47:06.0 (16107259)|HEAP_ALLOCATE|[106]|Bytes:6
15:47:06.0 (16113017)|VARIABLE_ASSIGNMENT|[106]|saConstantCmn.SA_INQUIRY_TYPE_HEARING|"SURVEY"
15:47:06.0 (16117447)|HEAP_ALLOCATE|[106]|Bytes:4
15:47:06.0 (16124471)|VARIABLE_ASSIGNMENT|[106]|saConstantCmn.SA_MESSAGEDETAIL_TYPE_DONE|"DONE"
15:47:06.0 (16130272)|HEAP_ALLOCATE|[106]|Bytes:4
15:47:06.0 (16136333)|VARIABLE_ASSIGNMENT|[106]|saConstantCmn.SA_MESSAGEDETAIL_TYPE_READ|"READ"
15:47:06.0 (16140364)|HEAP_ALLOCATE|[106]|Bytes:6
15:47:06.0 (16146562)|VARIABLE_ASSIGNMENT|[106]|saConstantCmn.SA_MESSAGEDETAIL_TYPE_SHARED|"SHARED"
15:47:06.0 (16152747)|HEAP_ALLOCATE|[106]|Bytes:7
15:47:06.0 (16158920)|VARIABLE_ASSIGNMENT|[106]|saConstantCmn.SA_MESSAGE_TYPE_MESSAGE|"MESSAGE"
15:47:06.0 (16163104)|HEAP_ALLOCATE|[106]|Bytes:4
15:47:06.0 (16168720)|VARIABLE_ASSIGNMENT|[106]|saConstantCmn.SA_MESSAGE_TYPE_TASK|"TASK"
15:47:06.0 (16172620)|HEAP_ALLOCATE|[106]|Bytes:4
15:47:06.0 (16179698)|VARIABLE_ASSIGNMENT|[106]|saConstantCmn.SA_REPORT_DETAIL_TYPE_LIKE|"LIKE"
15:47:06.0 (16184488)|HEAP_ALLOCATE|[106]|Bytes:9
15:47:06.0 (16191332)|VARIABLE_ASSIGNMENT|[106]|saConstantCmn.SA_REPORT_DETAIL_TYPE_VERY_LIKE|"VERY_LIKE"
15:47:06.0 (16196287)|HEAP_ALLOCATE|[106]|Bytes:11
15:47:06.0 (16203135)|VARIABLE_ASSIGNMENT|[106]|saConstantCmn.SA_REPORT_REPLY_STATUS_REPLYSAVED|"REPLY_SAVED"
15:47:06.0 (16207412)|HEAP_ALLOCATE|[106]|Bytes:10
15:47:06.0 (16214067)|VARIABLE_ASSIGNMENT|[106]|saConstantCmn.SA_REPORT_REPLY_STATUS_REPLYSENT|"REPLY_SENT"
15:47:06.0 (16218889)|HEAP_ALLOCATE|[106]|Bytes:13
15:47:06.0 (16225539)|VARIABLE_ASSIGNMENT|[106]|saConstantCmn.SA_REPORT_REPLY_STATUS_WAITINGREPLY|"WAITING_REPLY"
15:47:06.0 (16230416)|HEAP_ALLOCATE|[106]|Bytes:3
15:47:06.0 (16236923)|VARIABLE_ASSIGNMENT|[106]|saConstantCmn.SA_REPORT_SOURCE_NEW|"New"
15:47:06.0 (16241932)|HEAP_ALLOCATE|[106]|Bytes:6
15:47:06.0 (16248376)|VARIABLE_ASSIGNMENT|[106]|saConstantCmn.SA_REPORT_SOURCE_WEEKLY|"Weekly"
15:47:06.0 (16252621)|HEAP_ALLOCATE|[106]|Bytes:5
15:47:06.0 (16261840)|VARIABLE_ASSIGNMENT|[106]|saConstantCmn.SA_REPORT_STATE_DRAFT|"Draft"
15:47:06.0 (16266897)|HEAP_ALLOCATE|[106]|Bytes:7
15:47:06.0 (16276674)|VARIABLE_ASSIGNMENT|[106]|saConstantCmn.SA_REPORT_STATE_PUBLISHED|"Publish"
15:47:06.0 (16280846)|HEAP_ALLOCATE|[106]|Bytes:6
15:47:06.0 (16287766)|VARIABLE_ASSIGNMENT|[106]|saConstantCmn.SA_REPORT_STATE_REJECTED|"Remand"
15:47:06.0 (16292472)|HEAP_ALLOCATE|[106]|Bytes:7
15:47:06.0 (16300709)|VARIABLE_ASSIGNMENT|[106]|saConstantCmn.SA_REPORT_STATE_WAITING_APPROVAL|"Pending"
15:47:06.0 (16305207)|HEAP_ALLOCATE|[106]|Bytes:3
15:47:06.0 (16311808)|VARIABLE_ASSIGNMENT|[106]|saConstantCmn.SOURCE|"src"
15:47:06.0 (16316739)|HEAP_ALLOCATE|[106]|Bytes:7
15:47:06.0 (16322929)|VARIABLE_ASSIGNMENT|[106]|saConstantCmn.SOURCE_PREVIEW|"preview"
15:47:06.0 (16363784)|METHOD_ENTRY|[4]|01p6F000006sUQj|saConstantCmn.saConstantCmn()
15:47:06.0 (16370015)|STATEMENT_EXECUTE|[4]
15:47:06.0 (16373528)|STATEMENT_EXECUTE|[4]
15:47:06.0 (16380192)|HEAP_ALLOCATE|[106]|Bytes:5
15:47:06.0 (16389048)|METHOD_EXIT|[4]|saConstantCmn
15:47:06.0 (16404815)|HEAP_ALLOCATE|[102]|Bytes:7
15:47:06.0 (16413122)|HEAP_ALLOCATE|[102]|Bytes:7
15:47:06.0 (16452603)|HEAP_ALLOCATE|[107]|Bytes:89
15:47:06.0 (16462339)|SYSTEM_METHOD_ENTRY|[1]|UserInfo.UserInfo()
15:47:06.0 (16467277)|STATEMENT_EXECUTE|[1]
15:47:06.0 (16472536)|SYSTEM_METHOD_EXIT|[1]|UserInfo
15:47:06.0 (16487842)|METHOD_ENTRY|[107]||System.UserInfo.getUserId()
15:47:06.0 (16537410)|METHOD_EXIT|[107]||System.UserInfo.getUserId()
15:47:06.0 (16549142)|HEAP_ALLOCATE|[102]|Bytes:7
15:47:06.0 (18203496)|SOQL_EXECUTE_BEGIN|[102]|Aggregations:0|SELECT Id, Title__c, PublishedDatetime__c, DeadlineDatetime__c, Type__c FROM saMessage__c WHERE (Id IN (SELECT saMessage__c FROM saMessageDetail__c WHERE (Type__c IN (:tmpVar1, :tmpVar2) AND User__c = :tmpVar3)) AND Type__c = :tmpVar4) ORDER BY PublishedDatetime__c DESC NULLS FIRST LIMIT 200
15:47:06.0 (26573205)|SOQL_EXECUTE_END|[102]|Rows:0
15:47:06.0 (26608727)|HEAP_ALLOCATE|[102]|Bytes:4
15:47:06.0 (26623558)|HEAP_ALLOCATE|[102]|Bytes:0
15:47:06.0 (26674750)|HEAP_ALLOCATE|[102]|Bytes:4
15:47:06.0 (26695873)|VARIABLE_SCOPE_BEGIN|[102]|lsMessages|List<saMessage__c>|true|false
15:47:06.0 (26724166)|VARIABLE_ASSIGNMENT|[102]|lsMessages|[]|0x52a38f87
15:47:06.0 (26732668)|STATEMENT_EXECUTE|[112]
15:47:06.0 (26744695)|HEAP_ALLOCATE|[112]|Bytes:4
15:47:06.0 (26918664)|VARIABLE_ASSIGNMENT|[EXTERNAL]|this|{"currentMessage":"0xde0d2ba","currentMessageId":"","idMessage":"a0K6F00000gtrulUAA","isIPhone":false,"isTabMsgRead":true,"lsMsg":"0x3b341948","messageError":"正しいデーターを入れてください。","messageQuestion":"","myUser":"0x515ede13"}|0x3aa18876
15:47:06.0 (26945298)|HEAP_ALLOCATE|[EXTERNAL]|Bytes:4
15:47:06.0 (26956125)|VARIABLE_ASSIGNMENT|[EXTERNAL]|value|[]|0x5c95fc95
15:47:06.0 (26972092)|VARIABLE_ASSIGNMENT|[7]|this.lsMsg|[]|0x3aa18876
15:47:06.0 (27177369)|HEAP_ALLOCATE|[113]|Bytes:5
15:47:06.0 (27198431)|VARIABLE_ASSIGNMENT|[113]|msg|null|
15:47:06.0 (27205225)|STATEMENT_EXECUTE|[113]
15:47:06.0 (27211854)|SYSTEM_MODE_EXIT|false
15:47:06.0 (37484812)|SYSTEM_MODE_ENTER|true
15:47:06.0 (37628322)|SYSTEM_MODE_ENTER|true
15:47:06.0 (37659660)|HEAP_ALLOCATE|[EXTERNAL]|Bytes:284
15:47:06.0 (37682573)|HEAP_ALLOCATE|[EXTERNAL]|Bytes:160
15:47:06.0 (37699780)|METHOD_ENTRY|[1]|01p6F0000084OtI|auMainTopCompCtrl.auMainTopCompCtrl()
15:47:06.0 (37709772)|STATEMENT_EXECUTE|[1]
15:47:06.0 (37715280)|STATEMENT_EXECUTE|[1]
15:47:06.0 (37716771)|STATEMENT_EXECUTE|[3]
15:47:06.0 (37722946)|HEAP_ALLOCATE|[3]|Bytes:4
15:47:06.0 (37751523)|VARIABLE_ASSIGNMENT|[3]|auMainTopCompCtrl.TYPE_SCREEN_SWITCH|0
15:47:06.0 (37756792)|STATEMENT_EXECUTE|[4]
15:47:06.0 (37760145)|HEAP_ALLOCATE|[4]|Bytes:4
15:47:06.0 (37769025)|VARIABLE_ASSIGNMENT|[4]|auMainTopCompCtrl.TYPE_SCREEN_STPD_EVENT|11
15:47:06.0 (37773428)|STATEMENT_EXECUTE|[5]
15:47:06.0 (37776007)|HEAP_ALLOCATE|[5]|Bytes:4
15:47:06.0 (37783681)|VARIABLE_ASSIGNMENT|[5]|auMainTopCompCtrl.TYPE_SCREEN_STPD_TIMELINE|12
15:47:06.0 (37787867)|STATEMENT_EXECUTE|[6]
15:47:06.0 (37789801)|HEAP_ALLOCATE|[6]|Bytes:4
15:47:06.0 (37796617)|VARIABLE_ASSIGNMENT|[6]|auMainTopCompCtrl.TYPE_SCREEN_STPD_SCREEN|13
15:47:06.0 (37800684)|STATEMENT_EXECUTE|[7]
15:47:06.0 (37803129)|HEAP_ALLOCATE|[7]|Bytes:4
15:47:06.0 (37808587)|VARIABLE_ASSIGNMENT|[7]|auMainTopCompCtrl.TYPE_SCREEN_CX_SCREEN|21
15:47:06.0 (37812260)|STATEMENT_EXECUTE|[8]
15:47:06.0 (37814075)|HEAP_ALLOCATE|[8]|Bytes:4
15:47:06.0 (37819385)|VARIABLE_ASSIGNMENT|[8]|auMainTopCompCtrl.TYPE_SCREEN_CX_TIMELINE|22
15:47:06.0 (37824154)|STATEMENT_EXECUTE|[9]
15:47:06.0 (37826216)|HEAP_ALLOCATE|[9]|Bytes:4
15:47:06.0 (37831596)|VARIABLE_ASSIGNMENT|[9]|auMainTopCompCtrl.TYPE_SCREEN_EVENT_SCHEDULE|31
15:47:06.0 (37835241)|STATEMENT_EXECUTE|[10]
15:47:06.0 (37837310)|HEAP_ALLOCATE|[10]|Bytes:4
15:47:06.0 (37843246)|VARIABLE_ASSIGNMENT|[10]|auMainTopCompCtrl.TYPE_SCREEN_EVENT_SCHEDULE_LIST|32
15:47:06.0 (37847645)|STATEMENT_EXECUTE|[11]
15:47:06.0 (37849711)|HEAP_ALLOCATE|[11]|Bytes:4
15:47:06.0 (37858534)|VARIABLE_ASSIGNMENT|[11]|auMainTopCompCtrl.TYPE_SCREEN_KNOWLEDGE_DASHBOARD|41
15:47:06.0 (37863636)|STATEMENT_EXECUTE|[12]
15:47:06.0 (37865552)|HEAP_ALLOCATE|[12]|Bytes:4
15:47:06.0 (37872835)|VARIABLE_ASSIGNMENT|[12]|auMainTopCompCtrl.TYPE_SCREEN_KNOWLEDGE_LIST|42
15:47:06.0 (37876930)|STATEMENT_EXECUTE|[13]
15:47:06.0 (37878842)|HEAP_ALLOCATE|[13]|Bytes:4
15:47:06.0 (37885290)|VARIABLE_ASSIGNMENT|[13]|auMainTopCompCtrl.TYPE_SCREEN_SA_MESSAGES|51
15:47:06.0 (37889316)|STATEMENT_EXECUTE|[14]
15:47:06.0 (37891076)|HEAP_ALLOCATE|[14]|Bytes:4
15:47:06.0 (37896815)|VARIABLE_ASSIGNMENT|[14]|auMainTopCompCtrl.TYPE_SCREEN_SA_REPORTS|52
15:47:06.0 (37901434)|STATEMENT_EXECUTE|[15]
15:47:06.0 (37903714)|HEAP_ALLOCATE|[15]|Bytes:4
15:47:06.0 (37909587)|VARIABLE_ASSIGNMENT|[15]|auMainTopCompCtrl.TYPE_SCREEN_SA_CHATTER|53
15:47:06.0 (37914078)|STATEMENT_EXECUTE|[16]
15:47:06.0 (37916199)|HEAP_ALLOCATE|[16]|Bytes:4
15:47:06.0 (37922034)|VARIABLE_ASSIGNMENT|[16]|auMainTopCompCtrl.TYPE_SCREEN_SA_DAILYREPORT|54
15:47:06.0 (37926187)|STATEMENT_EXECUTE|[17]
15:47:06.0 (37928094)|HEAP_ALLOCATE|[17]|Bytes:4
15:47:06.0 (37933996)|VARIABLE_ASSIGNMENT|[17]|auMainTopCompCtrl.TYPE_SCREEN_SA_ENQUETE|55
15:47:06.0 (37937796)|STATEMENT_EXECUTE|[18]
15:47:06.0 (37939760)|HEAP_ALLOCATE|[18]|Bytes:4
15:47:06.0 (37946685)|VARIABLE_ASSIGNMENT|[18]|auMainTopCompCtrl.TYPE_SCREEN_SA_DOCUMENTS|56
15:47:06.0 (37952237)|STATEMENT_EXECUTE|[19]
15:47:06.0 (37954254)|HEAP_ALLOCATE|[19]|Bytes:4
15:47:06.0 (37960922)|VARIABLE_ASSIGNMENT|[19]|auMainTopCompCtrl.TYPE_SCREEN_SA_RANKING|57
15:47:06.0 (37965538)|STATEMENT_EXECUTE|[20]
15:47:06.0 (37967435)|HEAP_ALLOCATE|[20]|Bytes:4
15:47:06.0 (37973629)|VARIABLE_ASSIGNMENT|[20]|auMainTopCompCtrl.TYPE_SCREEN_SA_LINKS|58
15:47:06.0 (37978348)|STATEMENT_EXECUTE|[21]
15:47:06.0 (37980305)|HEAP_ALLOCATE|[21]|Bytes:4
15:47:06.0 (37986013)|VARIABLE_ASSIGNMENT|[21]|auMainTopCompCtrl.TYPE_SCREEN_SA_USRSETTINGS|59
15:47:06.0 (37990717)|STATEMENT_EXECUTE|[22]
15:47:06.0 (37992667)|HEAP_ALLOCATE|[22]|Bytes:4
15:47:06.0 (37998235)|VARIABLE_ASSIGNMENT|[22]|auMainTopCompCtrl.TYPE_SCREEN_SA_DAILYREPORTLIST|60
15:47:06.0 (38002456)|STATEMENT_EXECUTE|[23]
15:47:06.0 (38004883)|HEAP_ALLOCATE|[23]|Bytes:4
15:47:06.0 (38011216)|VARIABLE_ASSIGNMENT|[23]|auMainTopCompCtrl.TYPE_SCREEN_SA_TODO|61
15:47:06.0 (38015600)|STATEMENT_EXECUTE|[24]
15:47:06.0 (38021852)|HEAP_ALLOCATE|[24]|Bytes:4
15:47:06.0 (38031409)|VARIABLE_ASSIGNMENT|[24]|auMainTopCompCtrl.TYPE_SCREEN_HONBU_DIRECT|71
15:47:06.0 (38036136)|STATEMENT_EXECUTE|[25]
15:47:06.0 (38038173)|HEAP_ALLOCATE|[25]|Bytes:4
15:47:06.0 (38043600)|VARIABLE_ASSIGNMENT|[25]|auMainTopCompCtrl.TYPE_SCREEN_ACCOUNT_LIST|81
15:47:06.0 (38047747)|STATEMENT_EXECUTE|[26]
15:47:06.0 (38055955)|HEAP_ALLOCATE|[26]|Bytes:4
15:47:06.0 (38063051)|VARIABLE_ASSIGNMENT|[26]|auMainTopCompCtrl.TYPE_SCREEN_ACTIVITY_LIST|82
15:47:06.0 (38066907)|STATEMENT_EXECUTE|[27]
15:47:06.0 (38069023)|HEAP_ALLOCATE|[27]|Bytes:4
15:47:06.0 (38075562)|VARIABLE_ASSIGNMENT|[27]|auMainTopCompCtrl.TYPE_SCREEN_FILE_LIST|83
15:47:06.0 (38084085)|METHOD_EXIT|[1]|auMainTopCompCtrl
15:47:06.0 (38090166)|HEAP_ALLOCATE|[EXTERNAL]|Bytes:44
15:47:06.0 (38099932)|VARIABLE_ASSIGNMENT|[EXTERNAL]|this.iCountComments|null|0x51d9db6f
15:47:06.0 (38154207)|SYSTEM_MODE_ENTER|true
15:47:06.0 (38173932)|HEAP_ALLOCATE|[EXTERNAL]|Bytes:44
15:47:06.0 (38182781)|VARIABLE_ASSIGNMENT|[EXTERNAL]|this.iCountLikes|null|0x51d9db6f
15:47:06.0 (38252448)|SYSTEM_MODE_ENTER|true
15:47:06.0 (38313887)|HEAP_ALLOCATE|[EXTERNAL]|Bytes:72
15:47:06.0 (38325080)|VARIABLE_SCOPE_BEGIN|[16]|this|saTasksCtrl|true|false
15:47:06.0 (38402348)|VARIABLE_ASSIGNMENT|[16]|this|{"currentMessage":"0xde0d2ba","currentMessageId":"","idMessage":"a0K6F00000gtrulUAA","isIPhone":false,"isTabMsgRead":true,"lsMsg":"0x5c95fc95","messageError":"正しいデーターを入れてください。","messageQuestion":"","myUser":"0x515ede13"}|0x3aa18876
15:47:06.0 (38420450)|SYSTEM_MODE_ENTER|false
15:47:06.0 (38429432)|HEAP_ALLOCATE|[16]|Bytes:5
15:47:06.0 (38435260)|STATEMENT_EXECUTE|[16]
15:47:06.0 (38436893)|STATEMENT_EXECUTE|[16]
15:47:06.0 (38444202)|SYSTEM_MODE_EXIT|false
15:47:06.0 (38499500)|SYSTEM_MODE_ENTER|true
15:47:06.0 (38516821)|HEAP_ALLOCATE|[EXTERNAL]|Bytes:8
15:47:06.0 (38521817)|HEAP_ALLOCATE|[EXTERNAL]|Bytes:44
15:47:06.0 (38529967)|VARIABLE_ASSIGNMENT|[EXTERNAL]|this.iTypeOfScreen|61|0x51d9db6f
15:47:06.0 (38650281)|SYSTEM_MODE_ENTER|true
15:47:06.0 (38689551)|HEAP_ALLOCATE|[EXTERNAL]|Bytes:44
15:47:06.0 (38697623)|VARIABLE_SCOPE_BEGIN|[88]|this|auMainTopCompCtrl|true|false
15:47:06.0 (38775249)|VARIABLE_ASSIGNMENT|[88]|this|{"currentUser":"0x35070fcc","isSAUser":false,"iTypeOfScreen":61,"urlReportsSFA":"https://au-portal.li (77 more) ..."}|0x51d9db6f
15:47:06.0 (38787212)|STATEMENT_EXECUTE|[88]
15:47:06.0 (38789091)|STATEMENT_EXECUTE|[89]
15:47:06.0 (38847603)|VARIABLE_ASSIGNMENT|[EXTERNAL]|this|{"currentUser":"0x35070fcc","isSAUser":false,"iTypeOfScreen":61,"urlReportsSFA":"https://au-portal.li (77 more) ..."}|0x51d9db6f
15:47:06.0 (38898517)|VARIABLE_ASSIGNMENT|[EXTERNAL]|this|{"currentUser":"0x35070fcc","isSAUser":false,"iTypeOfScreen":61,"urlReportsSFA":"https://au-portal.li (77 more) ..."}|0x51d9db6f
15:47:06.0 (38938503)|VARIABLE_ASSIGNMENT|[EXTERNAL]|this|{"currentUser":"0x35070fcc","isSAUser":false,"iTypeOfScreen":61,"urlReportsSFA":"https://au-portal.li (77 more) ..."}|0x51d9db6f
15:47:06.0 (38982574)|VARIABLE_ASSIGNMENT|[EXTERNAL]|this|{"currentUser":"0x35070fcc","isSAUser":false,"iTypeOfScreen":61,"urlReportsSFA":"https://au-portal.li (77 more) ..."}|0x51d9db6f
15:47:06.0 (39025382)|VARIABLE_ASSIGNMENT|[EXTERNAL]|this|{"currentUser":"0x35070fcc","isSAUser":false,"iTypeOfScreen":61,"urlReportsSFA":"https://au-portal.li (77 more) ..."}|0x51d9db6f
15:47:06.0 (39067453)|VARIABLE_ASSIGNMENT|[EXTERNAL]|this|{"currentUser":"0x35070fcc","isSAUser":false,"iTypeOfScreen":61,"urlReportsSFA":"https://au-portal.li (77 more) ..."}|0x51d9db6f
15:47:06.0 (39105167)|VARIABLE_ASSIGNMENT|[EXTERNAL]|this|{"currentUser":"0x35070fcc","isSAUser":false,"iTypeOfScreen":61,"urlReportsSFA":"https://au-portal.li (77 more) ..."}|0x51d9db6f
15:47:06.0 (39143489)|VARIABLE_ASSIGNMENT|[EXTERNAL]|this|{"currentUser":"0x35070fcc","isSAUser":false,"iTypeOfScreen":61,"urlReportsSFA":"https://au-portal.li (77 more) ..."}|0x51d9db6f
15:47:06.0 (39181963)|VARIABLE_ASSIGNMENT|[EXTERNAL]|this|{"currentUser":"0x35070fcc","isSAUser":false,"iTypeOfScreen":61,"urlReportsSFA":"https://au-portal.li (77 more) ..."}|0x51d9db6f
15:47:06.0 (39217932)|VARIABLE_ASSIGNMENT|[EXTERNAL]|this|{"currentUser":"0x35070fcc","isSAUser":false,"iTypeOfScreen":61,"urlReportsSFA":"https://au-portal.li (77 more) ..."}|0x51d9db6f
15:47:06.0 (39232883)|HEAP_ALLOCATE|[89]|Bytes:5
15:47:06.0 (39304705)|SYSTEM_MODE_ENTER|true
15:47:06.0 (39341133)|HEAP_ALLOCATE|[EXTERNAL]|Bytes:44
15:47:06.0 (39348371)|VARIABLE_SCOPE_BEGIN|[106]|this|auMainTopCompCtrl|true|false
15:47:06.0 (39380841)|VARIABLE_ASSIGNMENT|[106]|this|{"currentUser":"0x35070fcc","isSAUser":false,"iTypeOfScreen":61,"urlReportsSFA":"https://au-portal.li (77 more) ..."}|0x51d9db6f
15:47:06.0 (39391740)|STATEMENT_EXECUTE|[106]
15:47:06.0 (39393709)|STATEMENT_EXECUTE|[107]
15:47:06.0 (39428774)|VARIABLE_ASSIGNMENT|[EXTERNAL]|this|{"currentUser":"0x35070fcc","isSAUser":false,"iTypeOfScreen":61,"urlReportsSFA":"https://au-portal.li (77 more) ..."}|0x51d9db6f
15:47:06.0 (39443879)|HEAP_ALLOCATE|[107]|Bytes:5
15:47:06.0 (39507579)|SYSTEM_MODE_ENTER|true
15:47:06.0 (39540714)|HEAP_ALLOCATE|[EXTERNAL]|Bytes:44
15:47:06.0 (39547699)|VARIABLE_SCOPE_BEGIN|[110]|this|auMainTopCompCtrl|true|false
15:47:06.0 (39579799)|VARIABLE_ASSIGNMENT|[110]|this|{"currentUser":"0x35070fcc","isSAUser":false,"iTypeOfScreen":61,"urlReportsSFA":"https://au-portal.li (77 more) ..."}|0x51d9db6f
15:47:06.0 (39590148)|STATEMENT_EXECUTE|[110]
15:47:06.0 (39592077)|STATEMENT_EXECUTE|[111]
15:47:06.0 (39626702)|VARIABLE_ASSIGNMENT|[EXTERNAL]|this|{"currentUser":"0x35070fcc","isSAUser":false,"iTypeOfScreen":61,"urlReportsSFA":"https://au-portal.li (77 more) ..."}|0x51d9db6f
15:47:06.0 (39642316)|HEAP_ALLOCATE|[111]|Bytes:5
15:47:06.0 (39714176)|SYSTEM_MODE_ENTER|true
15:47:06.0 (39752528)|HEAP_ALLOCATE|[EXTERNAL]|Bytes:44
15:47:06.0 (39759372)|VARIABLE_SCOPE_BEGIN|[114]|this|auMainTopCompCtrl|true|false
15:47:06.0 (39791307)|VARIABLE_ASSIGNMENT|[114]|this|{"currentUser":"0x35070fcc","isSAUser":false,"iTypeOfScreen":61,"urlReportsSFA":"https://au-portal.li (77 more) ..."}|0x51d9db6f
15:47:06.0 (39801308)|STATEMENT_EXECUTE|[114]
15:47:06.0 (39803127)|STATEMENT_EXECUTE|[115]
15:47:06.0 (39837778)|VARIABLE_ASSIGNMENT|[EXTERNAL]|this|{"currentUser":"0x35070fcc","isSAUser":false,"iTypeOfScreen":61,"urlReportsSFA":"https://au-portal.li (77 more) ..."}|0x51d9db6f
15:47:06.0 (39853490)|HEAP_ALLOCATE|[115]|Bytes:5
15:47:06.0 (39934353)|SYSTEM_MODE_ENTER|true
15:47:06.0 (40192362)|HEAP_ALLOCATE|[EXTERNAL]|Bytes:208
15:47:06.0 (40204739)|HEAP_ALLOCATE|[EXTERNAL]|Bytes:43
15:47:06.0 (44438962)|VF_SERIALIZE_VIEWSTATE_BEGIN|0666F000005wW3R
15:47:06.0 (48515526)|VF_SERIALIZE_VIEWSTATE_END
15:47:06.51 (51491070)|CUMULATIVE_LIMIT_USAGE
15:47:06.51 (51491070)|LIMIT_USAGE_FOR_NS|(default)|
  Number of SOQL queries: 1 out of 100
  Number of query rows: 0 out of 50000
  Number of SOSL queries: 0 out of 20
  Number of DML statements: 0 out of 150
  Number of DML rows: 0 out of 10000
  Maximum CPU time: 0 out of 10000
  Maximum heap size: 0 out of 6000000
  Number of callouts: 0 out of 100
  Number of Email Invocations: 0 out of 10
  Number of future calls: 0 out of 50
  Number of queueable jobs added to the queue: 0 out of 50
  Number of Mobile Apex push calls: 0 out of 10

15:47:06.51 (51491070)|CUMULATIVE_LIMIT_USAGE_END

15:47:06.0 (51526397)|CODE_UNIT_FINISHED|VF: /apex/saTasks
15:47:06.0 (52352055)|EXECUTION_FINISHED
