41.0 APEX_CODE,FINEST;APEX_PROFILING,INFO;CALLOUT,INFO;DB,INFO;SYSTEM,DEBUG;VALIDATION,INFO;VISUALFORCE,INFO;WAVE,INFO;WORKFLOW,INFO
11:49:05.0 (66920)|USER_INFO|[EXTERNAL]|0056F000006PtYl|gwadmin@gw.jp.kddi|日本標準時|GMT+09:00
11:49:05.0 (105343)|EXECUTION_STARTED
11:49:05.0 (110571)|CODE_UNIT_STARTED|[EXTERNAL]|0666F000006A0wk|VF: /apex/auDailyReport
11:49:05.0 (4006328)|SYSTEM_MODE_ENTER|true
11:49:05.0 (4429880)|HEAP_ALLOCATE|[72]|Bytes:3
11:49:05.0 (4473806)|HEAP_ALLOCATE|[77]|Bytes:152
11:49:05.0 (4488603)|HEAP_ALLOCATE|[342]|Bytes:408
11:49:05.0 (4501798)|HEAP_ALLOCATE|[355]|Bytes:408
11:49:05.0 (4514130)|HEAP_ALLOCATE|[467]|Bytes:48
11:49:05.0 (4542384)|HEAP_ALLOCATE|[139]|Bytes:6
11:49:05.0 (4558043)|HEAP_ALLOCATE|[EXTERNAL]|Bytes:3
11:49:05.0 (4569493)|METHOD_ENTRY|[1]|01p6F000006ymEM|auDailyReportCtrl.auDailyReportCtrl()
11:49:05.0 (4576020)|STATEMENT_EXECUTE|[1]
11:49:05.0 (4581796)|STATEMENT_EXECUTE|[1]
11:49:05.0 (4609858)|HEAP_ALLOCATE|[50]|Bytes:5
11:49:05.0 (4632371)|HEAP_ALLOCATE|[56]|Bytes:5
11:49:05.0 (4639714)|HEAP_ALLOCATE|[64]|Bytes:7
11:49:05.0 (4665341)|SYSTEM_MODE_ENTER|false
11:49:05.0 (4680258)|HEAP_ALLOCATE|[EXTERNAL]|Bytes:5
11:49:05.0 (4689120)|SYSTEM_MODE_EXIT|false
11:49:05.0 (4699047)|METHOD_EXIT|[1]|auDailyReportCtrl
11:49:05.0 (4719664)|HEAP_ALLOCATE|[EXTERNAL]|Bytes:4
11:49:05.0 (4729377)|VARIABLE_SCOPE_BEGIN|[3]|this|auDailyReportCtrl|true|false
11:49:05.0 (4774857)|VARIABLE_ASSIGNMENT|[3]|this|{}|0x39af03b1
11:49:05.0 (4799659)|SYSTEM_MODE_ENTER|false
11:49:05.0 (4806485)|HEAP_ALLOCATE|[EXTERNAL]|Bytes:5
11:49:05.0 (4811478)|STATEMENT_EXECUTE|[1]
11:49:05.0 (4817257)|HEAP_ALLOCATE|[EXTERNAL]|Bytes:5
11:49:05.0 (4827310)|HEAP_ALLOCATE|[EXTERNAL]|Bytes:6
11:49:05.0 (4864838)|STATEMENT_EXECUTE|[3]
11:49:05.0 (4868697)|SYSTEM_MODE_EXIT|false
11:49:05.0 (4996710)|HEAP_ALLOCATE|[EXTERNAL]|Bytes:4
11:49:05.0 (5009708)|VARIABLE_SCOPE_BEGIN|[7]|this|auDailyReportCtrl|true|false
11:49:05.0 (5026403)|VARIABLE_ASSIGNMENT|[7]|this|{}|0x39af03b1
11:49:05.0 (5043612)|SYSTEM_MODE_ENTER|false
11:49:05.0 (5050278)|HEAP_ALLOCATE|[9]|Bytes:5
11:49:05.0 (5054724)|STATEMENT_EXECUTE|[7]
11:49:05.0 (5056596)|STATEMENT_EXECUTE|[9]
11:49:05.0 (5961202)|HEAP_ALLOCATE|[9]|Bytes:136
11:49:05.0 (6085139)|SYSTEM_MODE_EXIT|false
11:49:05.7 (7997804)|CUMULATIVE_LIMIT_USAGE
11:49:05.7 (7997804)|LIMIT_USAGE_FOR_NS|(default)|
  Number of SOQL queries: 0 out of 100
  Number of query rows: 0 out of 50000
  Number of SOSL queries: 0 out of 20
  Number of DML statements: 0 out of 150
  Number of DML rows: 0 out of 10000
  Maximum CPU time: 0 out of 10000
  Maximum heap size: 0 out of 6000000
  Number of callouts: 0 out of 100
  Number of Email Invocations: 0 out of 10
  Number of future calls: 0 out of 50
  Number of queueable jobs added to the queue: 0 out of 50
  Number of Mobile Apex push calls: 0 out of 10

11:49:05.7 (7997804)|CUMULATIVE_LIMIT_USAGE_END

11:49:05.0 (8040875)|CODE_UNIT_FINISHED|VF: /apex/auDailyReport
11:49:05.0 (9095813)|EXECUTION_FINISHED
