41.0 APEX_CODE,FINEST;APEX_PROFILING,INFO;CALLOUT,INFO;DB,INFO;NBA,INFO;SYSTEM,DEBUG;VALIDATION,INFO;VISUALFORCE,INFO;WAVE,INFO;WORKFLOW,INFO
17:14:11.0 (85291)|USER_INFO|[EXTERNAL]|0056F000006PtYl|gwadmin@gw.jp.kddi|日本標準時|GMT+09:00
17:14:11.0 (125929)|EXECUTION_STARTED
17:14:11.0 (130452)|CODE_UNIT_STARTED|[EXTERNAL]|0666F000006A0wl|VF: /apex/auPortal
17:14:11.0 (2356360)|SYSTEM_MODE_ENTER|true
17:14:11.0 (2807889)|HEAP_ALLOCATE|[72]|Bytes:3
17:14:11.0 (2856481)|HEAP_ALLOCATE|[77]|Bytes:152
17:14:11.0 (2876583)|HEAP_ALLOCATE|[342]|Bytes:408
17:14:11.0 (2895983)|HEAP_ALLOCATE|[355]|Bytes:408
17:14:11.0 (2913829)|HEAP_ALLOCATE|[467]|Bytes:48
17:14:11.0 (2951224)|HEAP_ALLOCATE|[139]|Bytes:6
17:14:11.0 (2975152)|HEAP_ALLOCATE|[EXTERNAL]|Bytes:3
17:14:11.0 (2991616)|METHOD_ENTRY|[1]|01p6F000006ymEN|auPortalCtrl.auPortalCtrl()
17:14:11.0 (3002725)|STATEMENT_EXECUTE|[1]
17:14:11.0 (3009505)|STATEMENT_EXECUTE|[1]
17:14:11.0 (3057468)|HEAP_ALLOCATE|[50]|Bytes:5
17:14:11.0 (3086942)|HEAP_ALLOCATE|[56]|Bytes:5
17:14:11.0 (3099328)|HEAP_ALLOCATE|[64]|Bytes:7
17:14:11.0 (3119839)|SYSTEM_MODE_ENTER|false
17:14:11.0 (3140001)|HEAP_ALLOCATE|[EXTERNAL]|Bytes:5
17:14:11.0 (3151652)|SYSTEM_MODE_EXIT|false
17:14:11.0 (3164250)|METHOD_EXIT|[1]|auPortalCtrl
17:14:11.0 (3172559)|HEAP_ALLOCATE|[EXTERNAL]|Bytes:4
17:14:11.0 (3182233)|VARIABLE_SCOPE_BEGIN|[3]|this|auPortalCtrl|true|false
17:14:11.0 (3229036)|VARIABLE_ASSIGNMENT|[3]|this|{}|0x4a9e529a
17:14:11.0 (3248223)|SYSTEM_MODE_ENTER|false
17:14:11.0 (3256432)|HEAP_ALLOCATE|[EXTERNAL]|Bytes:5
17:14:11.0 (3263508)|STATEMENT_EXECUTE|[1]
17:14:11.0 (3268285)|HEAP_ALLOCATE|[EXTERNAL]|Bytes:5
17:14:11.0 (3282002)|HEAP_ALLOCATE|[EXTERNAL]|Bytes:6
17:14:11.0 (3380098)|STATEMENT_EXECUTE|[3]
17:14:11.0 (3384637)|SYSTEM_MODE_EXIT|false
17:14:11.0 (3512947)|HEAP_ALLOCATE|[EXTERNAL]|Bytes:4
17:14:11.0 (3524124)|VARIABLE_SCOPE_BEGIN|[7]|this|auPortalCtrl|true|false
17:14:11.0 (3547991)|VARIABLE_ASSIGNMENT|[7]|this|{}|0x4a9e529a
17:14:11.0 (3569585)|SYSTEM_MODE_ENTER|false
17:14:11.0 (3579573)|HEAP_ALLOCATE|[9]|Bytes:5
17:14:11.0 (3587911)|STATEMENT_EXECUTE|[7]
17:14:11.0 (3590507)|STATEMENT_EXECUTE|[9]
17:14:11.0 (4550805)|HEAP_ALLOCATE|[9]|Bytes:156
17:14:11.0 (4611271)|HEAP_ALLOCATE|[9]|Bytes:5
17:14:11.0 (4633201)|HEAP_ALLOCATE|[9]|Bytes:32
17:14:11.0 (4668670)|SYSTEM_MODE_EXIT|false
17:14:11.6 (6395333)|CUMULATIVE_LIMIT_USAGE
17:14:11.6 (6395333)|LIMIT_USAGE_FOR_NS|(default)|
  Number of SOQL queries: 0 out of 100
  Number of query rows: 0 out of 50000
  Number of SOSL queries: 0 out of 20
  Number of DML statements: 0 out of 150
  Number of DML rows: 0 out of 10000
  Maximum CPU time: 0 out of 10000
  Maximum heap size: 0 out of 6000000
  Number of callouts: 0 out of 100
  Number of Email Invocations: 0 out of 10
  Number of future calls: 0 out of 50
  Number of queueable jobs added to the queue: 0 out of 50
  Number of Mobile Apex push calls: 0 out of 10

17:14:11.6 (6395333)|CUMULATIVE_LIMIT_USAGE_END

17:14:11.0 (6428931)|CODE_UNIT_FINISHED|VF: /apex/auPortal
17:14:11.0 (7262290)|EXECUTION_FINISHED
