42.0 APEX_CODE,FINEST;APEX_PROFILING,INFO;CALLOUT,INFO;DB,INFO;SYSTEM,DEBUG;VALIDATION,INFO;VISUALFORCE,INFO;WAVE,INFO;WORKFLOW,INFO
Execute Anonymous: kdUpdateInThisWeekFlagScheduler batchSch = new kdUpdateInThisWeekFlagScheduler();
Execute Anonymous: String sch='0 0 1 * * ?';
Execute Anonymous: System.schedule('Update InThisWeek Flag Batch', sch , batchSch);
18:39:05.1 (1127886)|USER_INFO|[EXTERNAL]|0056F000006PtYl|gwadmin@gw.jp.kddi|日本標準時|GMT+09:00
18:39:05.1 (1149848)|EXECUTION_STARTED
18:39:05.1 (1154491)|CODE_UNIT_STARTED|[EXTERNAL]|execute_anonymous_apex
18:39:05.1 (12855543)|VARIABLE_SCOPE_BEGIN|[1]|batchSch|kdUpdateInThisWeekFlagScheduler|true|false
18:39:05.1 (12888426)|VARIABLE_SCOPE_BEGIN|[2]|sch|String|false|false
18:39:05.1 (13015944)|HEAP_ALLOCATE|[72]|Bytes:3
18:39:05.1 (13060145)|HEAP_ALLOCATE|[77]|Bytes:152
18:39:05.1 (13075395)|HEAP_ALLOCATE|[342]|Bytes:408
18:39:05.1 (13088912)|HEAP_ALLOCATE|[355]|Bytes:408
18:39:05.1 (13101344)|HEAP_ALLOCATE|[467]|Bytes:48
18:39:05.1 (13131461)|HEAP_ALLOCATE|[139]|Bytes:6
18:39:05.1 (13154052)|HEAP_ALLOCATE|[EXTERNAL]|Bytes:5
18:39:05.1 (13190710)|STATEMENT_EXECUTE|[1]
18:39:05.1 (13194002)|STATEMENT_EXECUTE|[1]
18:39:05.1 (13198621)|HEAP_ALLOCATE|[1]|Bytes:1
18:39:05.1 (13229912)|METHOD_ENTRY|[1]|01p6F000006gGBN|kdUpdateInThisWeekFlagScheduler.kdUpdateInThisWeekFlagScheduler()
18:39:05.1 (13239906)|STATEMENT_EXECUTE|[1]
18:39:05.1 (13249741)|STATEMENT_EXECUTE|[1]
18:39:05.1 (13255126)|METHOD_EXIT|[1]|kdUpdateInThisWeekFlagScheduler
18:39:05.1 (13273919)|HEAP_ALLOCATE|[1]|Bytes:4
18:39:05.1 (13310737)|HEAP_ALLOCATE|[50]|Bytes:5
18:39:05.1 (13332648)|HEAP_ALLOCATE|[56]|Bytes:5
18:39:05.1 (13340729)|HEAP_ALLOCATE|[64]|Bytes:7
18:39:05.1 (13365729)|SYSTEM_MODE_ENTER|false
18:39:05.1 (13389101)|HEAP_ALLOCATE|[1]|Bytes:5
18:39:05.1 (13405666)|CONSTRUCTOR_ENTRY|[1]|01p6F000006gGBN|<init>()
18:39:05.1 (13432729)|VARIABLE_SCOPE_BEGIN|[1]|this|kdUpdateInThisWeekFlagScheduler|true|false
18:39:05.1 (13496531)|VARIABLE_ASSIGNMENT|[1]|this|{}|0x88a7778
18:39:05.1 (13509721)|HEAP_ALLOCATE|[EXTERNAL]|Bytes:6
18:39:05.1 (13562198)|STATEMENT_EXECUTE|[1]
18:39:05.1 (13571705)|CONSTRUCTOR_EXIT|[1]|01p6F000006gGBN|<init>()
18:39:05.1 (13583565)|SYSTEM_MODE_EXIT|false
18:39:05.1 (13603962)|VARIABLE_ASSIGNMENT|[1]|batchSch|{}|0x88a7778
18:39:05.1 (13610351)|STATEMENT_EXECUTE|[2]
18:39:05.1 (13613912)|HEAP_ALLOCATE|[2]|Bytes:11
18:39:05.1 (13625774)|VARIABLE_ASSIGNMENT|[2]|sch|"0 0 1 * * ?"
18:39:05.1 (13630093)|STATEMENT_EXECUTE|[3]
18:39:05.1 (13632319)|HEAP_ALLOCATE|[3]|Bytes:28
18:39:05.63 (63400999)|CUMULATIVE_LIMIT_USAGE
18:39:05.63 (63400999)|LIMIT_USAGE_FOR_NS|(default)|
  Number of SOQL queries: 0 out of 100
  Number of query rows: 0 out of 50000
  Number of SOSL queries: 0 out of 20
  Number of DML statements: 0 out of 150
  Number of DML rows: 0 out of 10000
  Maximum CPU time: 0 out of 10000
  Maximum heap size: 0 out of 6000000
  Number of callouts: 0 out of 100
  Number of Email Invocations: 0 out of 10
  Number of future calls: 0 out of 50
  Number of queueable jobs added to the queue: 0 out of 50
  Number of Mobile Apex push calls: 0 out of 10

18:39:05.63 (63400999)|CUMULATIVE_LIMIT_USAGE_END

18:39:05.1 (63451535)|CODE_UNIT_FINISHED|execute_anonymous_apex
18:39:05.1 (64765445)|EXECUTION_FINISHED
